[2024-06-12T20:18:55.979+0000] {taskinstance.py:1083} INFO - Dependencies all met for <TaskInstance: mlops_A2_dag.push_to_remote scheduled__2024-06-11T19:42:45.845729+00:00 [queued]>
[2024-06-12T20:18:56.299+0000] {taskinstance.py:1083} INFO - Dependencies all met for <TaskInstance: mlops_A2_dag.push_to_remote scheduled__2024-06-11T19:42:45.845729+00:00 [queued]>
[2024-06-12T20:18:56.315+0000] {taskinstance.py:1279} INFO - 
--------------------------------------------------------------------------------
[2024-06-12T20:18:56.331+0000] {taskinstance.py:1280} INFO - Starting attempt 1 of 2
[2024-06-12T20:18:56.351+0000] {taskinstance.py:1281} INFO - 
--------------------------------------------------------------------------------
[2024-06-12T20:18:57.208+0000] {taskinstance.py:1300} INFO - Executing <Task(PythonOperator): push_to_remote> on 2024-06-11 19:42:45.845729+00:00
[2024-06-12T20:18:57.294+0000] {standard_task_runner.py:55} INFO - Started process 1406 to run task
[2024-06-12T20:18:57.320+0000] {standard_task_runner.py:82} INFO - Running: ['***', 'tasks', 'run', 'mlops_A2_dag', 'push_to_remote', 'scheduled__2024-06-11T19:42:45.845729+00:00', '--job-id', '22', '--raw', '--subdir', 'DAGS_FOLDER/main.py', '--cfg-path', '/tmp/tmpjd265bf9']
[2024-06-12T20:18:57.408+0000] {standard_task_runner.py:83} INFO - Job 22: Subtask push_to_remote
[2024-06-12T20:18:58.749+0000] {task_command.py:388} INFO - Running <TaskInstance: mlops_A2_dag.push_to_remote scheduled__2024-06-11T19:42:45.845729+00:00 [running]> on host ed9328a79655
[2024-06-12T20:19:00.857+0000] {taskinstance.py:1509} INFO - Exporting the following env vars:
AIRFLOW_CTX_DAG_OWNER=***
AIRFLOW_CTX_DAG_ID=mlops_A2_dag
AIRFLOW_CTX_TASK_ID=push_to_remote
AIRFLOW_CTX_EXECUTION_DATE=2024-06-11T19:42:45.845729+00:00
AIRFLOW_CTX_TRY_NUMBER=1
AIRFLOW_CTX_DAG_RUN_ID=scheduled__2024-06-11T19:42:45.845729+00:00
[2024-06-12T20:19:00.915+0000] {python.py:177} INFO - Done. Returned value was: None
[2024-06-12T20:19:01.154+0000] {taskinstance.py:1323} INFO - Marking task as SUCCESS. dag_id=mlops_A2_dag, task_id=push_to_remote, execution_date=20240611T194245, start_date=20240612T201856, end_date=20240612T201901
[2024-06-12T20:19:01.348+0000] {local_task_job.py:208} INFO - Task exited with return code 0
[2024-06-12T20:19:01.598+0000] {taskinstance.py:2578} INFO - 0 downstream tasks scheduled from follow-on schedule check
