[2024-06-12T19:42:35.999+0000] {processor.py:153} INFO - Started process (PID=130) to work on /opt/airflow/dags/main.py
[2024-06-12T19:42:36.045+0000] {processor.py:743} INFO - Processing file /opt/airflow/dags/main.py for tasks to queue
[2024-06-12T19:42:36.060+0000] {logging_mixin.py:137} INFO - [2024-06-12T19:42:36.059+0000] {dagbag.py:538} INFO - Filling up the DagBag from /opt/airflow/dags/main.py
[2024-06-12T19:42:41.700+0000] {processor.py:753} INFO - DAG(s) dict_keys(['mlops_A2_dag']) retrieved from /opt/airflow/dags/main.py
[2024-06-12T19:42:44.906+0000] {logging_mixin.py:137} INFO - [2024-06-12T19:42:44.902+0000] {dag.py:2690} INFO - Sync 1 DAGs
[2024-06-12T19:42:45.846+0000] {logging_mixin.py:137} INFO - [2024-06-12T19:42:45.846+0000] {dag.py:3441} INFO - Setting next_dagrun for mlops_A2_dag to 2024-06-11T19:42:45.845729+00:00, run_after=2024-06-12T19:42:45.845729+00:00
[2024-06-12T19:42:46.778+0000] {processor.py:175} INFO - Processing /opt/airflow/dags/main.py took 10.941 seconds
[2024-06-12T19:44:33.388+0000] {processor.py:153} INFO - Started process (PID=230) to work on /opt/airflow/dags/main.py
[2024-06-12T19:44:33.482+0000] {processor.py:743} INFO - Processing file /opt/airflow/dags/main.py for tasks to queue
[2024-06-12T19:44:33.526+0000] {logging_mixin.py:137} INFO - [2024-06-12T19:44:33.526+0000] {dagbag.py:538} INFO - Filling up the DagBag from /opt/airflow/dags/main.py
[2024-06-12T19:44:40.039+0000] {processor.py:753} INFO - DAG(s) dict_keys(['mlops_A2_dag']) retrieved from /opt/airflow/dags/main.py
[2024-06-12T19:44:41.933+0000] {logging_mixin.py:137} INFO - [2024-06-12T19:44:41.931+0000] {dag.py:2690} INFO - Sync 1 DAGs
[2024-06-12T19:44:42.768+0000] {logging_mixin.py:137} INFO - [2024-06-12T19:44:42.765+0000] {dag.py:3441} INFO - Setting next_dagrun for mlops_A2_dag to 2024-06-12T19:42:45.845729+00:00, run_after=2024-06-13T19:42:45.845729+00:00
[2024-06-12T19:44:43.180+0000] {processor.py:175} INFO - Processing /opt/airflow/dags/main.py took 10.072 seconds
[2024-06-12T19:46:36.450+0000] {processor.py:153} INFO - Started process (PID=318) to work on /opt/airflow/dags/main.py
[2024-06-12T19:46:36.463+0000] {processor.py:743} INFO - Processing file /opt/airflow/dags/main.py for tasks to queue
[2024-06-12T19:46:36.496+0000] {logging_mixin.py:137} INFO - [2024-06-12T19:46:36.495+0000] {dagbag.py:538} INFO - Filling up the DagBag from /opt/airflow/dags/main.py
[2024-06-12T19:46:45.074+0000] {processor.py:753} INFO - DAG(s) dict_keys(['mlops_A2_dag']) retrieved from /opt/airflow/dags/main.py
[2024-06-12T19:46:48.921+0000] {logging_mixin.py:137} INFO - [2024-06-12T19:46:48.917+0000] {dag.py:2690} INFO - Sync 1 DAGs
[2024-06-12T19:46:50.727+0000] {logging_mixin.py:137} INFO - [2024-06-12T19:46:50.727+0000] {dag.py:3441} INFO - Setting next_dagrun for mlops_A2_dag to 2024-06-12T19:42:45.845729+00:00, run_after=2024-06-13T19:42:45.845729+00:00
[2024-06-12T19:46:51.424+0000] {processor.py:175} INFO - Processing /opt/airflow/dags/main.py took 15.106 seconds
[2024-06-12T19:48:01.395+0000] {processor.py:153} INFO - Started process (PID=408) to work on /opt/airflow/dags/main.py
[2024-06-12T19:48:01.420+0000] {processor.py:743} INFO - Processing file /opt/airflow/dags/main.py for tasks to queue
[2024-06-12T19:48:01.462+0000] {logging_mixin.py:137} INFO - [2024-06-12T19:48:01.434+0000] {dagbag.py:538} INFO - Filling up the DagBag from /opt/airflow/dags/main.py
[2024-06-12T19:48:04.012+0000] {processor.py:753} INFO - DAG(s) dict_keys(['mlops_A2_dag']) retrieved from /opt/airflow/dags/main.py
[2024-06-12T19:48:04.329+0000] {logging_mixin.py:137} INFO - [2024-06-12T19:48:04.327+0000] {dag.py:2690} INFO - Sync 1 DAGs
[2024-06-12T19:48:05.252+0000] {logging_mixin.py:137} INFO - [2024-06-12T19:48:05.252+0000] {dag.py:3441} INFO - Setting next_dagrun for mlops_A2_dag to 2024-06-12T19:42:45.845729+00:00, run_after=2024-06-13T19:42:45.845729+00:00
[2024-06-12T19:48:05.480+0000] {processor.py:175} INFO - Processing /opt/airflow/dags/main.py took 4.195 seconds
[2024-06-12T19:48:36.354+0000] {processor.py:153} INFO - Started process (PID=480) to work on /opt/airflow/dags/main.py
[2024-06-12T19:48:36.372+0000] {processor.py:743} INFO - Processing file /opt/airflow/dags/main.py for tasks to queue
[2024-06-12T19:48:36.388+0000] {logging_mixin.py:137} INFO - [2024-06-12T19:48:36.387+0000] {dagbag.py:538} INFO - Filling up the DagBag from /opt/airflow/dags/main.py
[2024-06-12T19:48:37.590+0000] {processor.py:753} INFO - DAG(s) dict_keys(['mlops_A2_dag']) retrieved from /opt/airflow/dags/main.py
[2024-06-12T19:48:37.810+0000] {logging_mixin.py:137} INFO - [2024-06-12T19:48:37.803+0000] {dag.py:2690} INFO - Sync 1 DAGs
[2024-06-12T19:48:37.956+0000] {logging_mixin.py:137} INFO - [2024-06-12T19:48:37.954+0000] {dag.py:3441} INFO - Setting next_dagrun for mlops_A2_dag to 2024-06-12T19:42:45.845729+00:00, run_after=2024-06-13T19:42:45.845729+00:00
[2024-06-12T19:48:38.039+0000] {processor.py:175} INFO - Processing /opt/airflow/dags/main.py took 1.724 seconds
[2024-06-12T19:49:14.870+0000] {processor.py:153} INFO - Started process (PID=542) to work on /opt/airflow/dags/main.py
[2024-06-12T19:49:14.887+0000] {processor.py:743} INFO - Processing file /opt/airflow/dags/main.py for tasks to queue
[2024-06-12T19:49:14.916+0000] {logging_mixin.py:137} INFO - [2024-06-12T19:49:14.903+0000] {dagbag.py:538} INFO - Filling up the DagBag from /opt/airflow/dags/main.py
[2024-06-12T19:49:17.074+0000] {processor.py:753} INFO - DAG(s) dict_keys(['mlops_A2_dag']) retrieved from /opt/airflow/dags/main.py
[2024-06-12T19:49:17.345+0000] {logging_mixin.py:137} INFO - [2024-06-12T19:49:17.330+0000] {dag.py:2690} INFO - Sync 1 DAGs
[2024-06-12T19:49:18.000+0000] {logging_mixin.py:137} INFO - [2024-06-12T19:49:17.999+0000] {dag.py:3441} INFO - Setting next_dagrun for mlops_A2_dag to 2024-06-12T19:42:45.845729+00:00, run_after=2024-06-13T19:42:45.845729+00:00
[2024-06-12T19:49:18.206+0000] {processor.py:175} INFO - Processing /opt/airflow/dags/main.py took 3.385 seconds
[2024-06-12T19:49:48.572+0000] {processor.py:153} INFO - Started process (PID=598) to work on /opt/airflow/dags/main.py
[2024-06-12T19:49:48.578+0000] {processor.py:743} INFO - Processing file /opt/airflow/dags/main.py for tasks to queue
[2024-06-12T19:49:48.580+0000] {logging_mixin.py:137} INFO - [2024-06-12T19:49:48.580+0000] {dagbag.py:538} INFO - Filling up the DagBag from /opt/airflow/dags/main.py
[2024-06-12T19:49:49.618+0000] {processor.py:753} INFO - DAG(s) dict_keys(['mlops_A2_dag']) retrieved from /opt/airflow/dags/main.py
[2024-06-12T19:49:49.733+0000] {logging_mixin.py:137} INFO - [2024-06-12T19:49:49.731+0000] {dag.py:2690} INFO - Sync 1 DAGs
[2024-06-12T19:49:49.866+0000] {logging_mixin.py:137} INFO - [2024-06-12T19:49:49.865+0000] {dag.py:3441} INFO - Setting next_dagrun for mlops_A2_dag to 2024-06-12T19:42:45.845729+00:00, run_after=2024-06-13T19:42:45.845729+00:00
[2024-06-12T19:49:50.019+0000] {processor.py:175} INFO - Processing /opt/airflow/dags/main.py took 1.476 seconds
[2024-06-12T19:50:31.731+0000] {processor.py:153} INFO - Started process (PID=659) to work on /opt/airflow/dags/main.py
[2024-06-12T19:50:31.765+0000] {processor.py:743} INFO - Processing file /opt/airflow/dags/main.py for tasks to queue
[2024-06-12T19:50:31.792+0000] {logging_mixin.py:137} INFO - [2024-06-12T19:50:31.792+0000] {dagbag.py:538} INFO - Filling up the DagBag from /opt/airflow/dags/main.py
[2024-06-12T19:50:37.776+0000] {processor.py:753} INFO - DAG(s) dict_keys(['mlops_A2_dag']) retrieved from /opt/airflow/dags/main.py
[2024-06-12T19:50:38.620+0000] {logging_mixin.py:137} INFO - [2024-06-12T19:50:38.603+0000] {dag.py:2690} INFO - Sync 1 DAGs
[2024-06-12T19:50:39.410+0000] {logging_mixin.py:137} INFO - [2024-06-12T19:50:39.410+0000] {dag.py:3441} INFO - Setting next_dagrun for mlops_A2_dag to 2024-06-12T19:42:45.845729+00:00, run_after=2024-06-13T19:42:45.845729+00:00
[2024-06-12T19:50:39.895+0000] {processor.py:175} INFO - Processing /opt/airflow/dags/main.py took 8.196 seconds
[2024-06-12T19:51:45.901+0000] {processor.py:153} INFO - Started process (PID=746) to work on /opt/airflow/dags/main.py
[2024-06-12T19:51:45.926+0000] {processor.py:743} INFO - Processing file /opt/airflow/dags/main.py for tasks to queue
[2024-06-12T19:51:45.930+0000] {logging_mixin.py:137} INFO - [2024-06-12T19:51:45.929+0000] {dagbag.py:538} INFO - Filling up the DagBag from /opt/airflow/dags/main.py
[2024-06-12T19:51:49.914+0000] {processor.py:753} INFO - DAG(s) dict_keys(['mlops_A2_dag']) retrieved from /opt/airflow/dags/main.py
[2024-06-12T19:51:50.362+0000] {logging_mixin.py:137} INFO - [2024-06-12T19:51:50.360+0000] {dag.py:2690} INFO - Sync 1 DAGs
[2024-06-12T19:51:50.903+0000] {logging_mixin.py:137} INFO - [2024-06-12T19:51:50.903+0000] {dag.py:3441} INFO - Setting next_dagrun for mlops_A2_dag to 2024-06-12T19:42:45.845729+00:00, run_after=2024-06-13T19:42:45.845729+00:00
[2024-06-12T19:51:51.634+0000] {processor.py:175} INFO - Processing /opt/airflow/dags/main.py took 5.804 seconds
[2024-06-12T19:52:31.215+0000] {processor.py:153} INFO - Started process (PID=806) to work on /opt/airflow/dags/main.py
[2024-06-12T19:52:31.327+0000] {processor.py:743} INFO - Processing file /opt/airflow/dags/main.py for tasks to queue
[2024-06-12T19:52:31.358+0000] {logging_mixin.py:137} INFO - [2024-06-12T19:52:31.332+0000] {dagbag.py:538} INFO - Filling up the DagBag from /opt/airflow/dags/main.py
[2024-06-12T19:52:34.921+0000] {processor.py:753} INFO - DAG(s) dict_keys(['mlops_A2_dag']) retrieved from /opt/airflow/dags/main.py
[2024-06-12T19:52:35.263+0000] {logging_mixin.py:137} INFO - [2024-06-12T19:52:35.259+0000] {dag.py:2690} INFO - Sync 1 DAGs
[2024-06-12T19:52:35.863+0000] {logging_mixin.py:137} INFO - [2024-06-12T19:52:35.862+0000] {dag.py:3441} INFO - Setting next_dagrun for mlops_A2_dag to 2024-06-12T19:42:45.845729+00:00, run_after=2024-06-13T19:42:45.845729+00:00
[2024-06-12T19:52:36.322+0000] {processor.py:175} INFO - Processing /opt/airflow/dags/main.py took 5.174 seconds
[2024-06-12T19:53:11.688+0000] {processor.py:153} INFO - Started process (PID=866) to work on /opt/airflow/dags/main.py
[2024-06-12T19:53:11.715+0000] {processor.py:743} INFO - Processing file /opt/airflow/dags/main.py for tasks to queue
[2024-06-12T19:53:11.717+0000] {logging_mixin.py:137} INFO - [2024-06-12T19:53:11.716+0000] {dagbag.py:538} INFO - Filling up the DagBag from /opt/airflow/dags/main.py
[2024-06-12T19:53:14.274+0000] {processor.py:753} INFO - DAG(s) dict_keys(['mlops_A2_dag']) retrieved from /opt/airflow/dags/main.py
[2024-06-12T19:53:14.509+0000] {logging_mixin.py:137} INFO - [2024-06-12T19:53:14.508+0000] {dag.py:2690} INFO - Sync 1 DAGs
[2024-06-12T19:53:14.812+0000] {logging_mixin.py:137} INFO - [2024-06-12T19:53:14.811+0000] {dag.py:3441} INFO - Setting next_dagrun for mlops_A2_dag to 2024-06-12T19:42:45.845729+00:00, run_after=2024-06-13T19:42:45.845729+00:00
[2024-06-12T19:53:15.198+0000] {processor.py:175} INFO - Processing /opt/airflow/dags/main.py took 3.526 seconds
[2024-06-12T19:53:51.083+0000] {processor.py:153} INFO - Started process (PID=930) to work on /opt/airflow/dags/main.py
[2024-06-12T19:53:51.100+0000] {processor.py:743} INFO - Processing file /opt/airflow/dags/main.py for tasks to queue
[2024-06-12T19:53:51.102+0000] {logging_mixin.py:137} INFO - [2024-06-12T19:53:51.102+0000] {dagbag.py:538} INFO - Filling up the DagBag from /opt/airflow/dags/main.py
[2024-06-12T19:53:51.914+0000] {processor.py:753} INFO - DAG(s) dict_keys(['mlops_A2_dag']) retrieved from /opt/airflow/dags/main.py
[2024-06-12T19:53:52.048+0000] {logging_mixin.py:137} INFO - [2024-06-12T19:53:52.047+0000] {dag.py:2690} INFO - Sync 1 DAGs
[2024-06-12T19:53:52.203+0000] {logging_mixin.py:137} INFO - [2024-06-12T19:53:52.202+0000] {dag.py:3441} INFO - Setting next_dagrun for mlops_A2_dag to 2024-06-12T19:42:45.845729+00:00, run_after=2024-06-13T19:42:45.845729+00:00
[2024-06-12T19:53:52.503+0000] {processor.py:175} INFO - Processing /opt/airflow/dags/main.py took 1.476 seconds
[2024-06-12T19:54:33.865+0000] {processor.py:153} INFO - Started process (PID=994) to work on /opt/airflow/dags/main.py
[2024-06-12T19:54:33.926+0000] {processor.py:743} INFO - Processing file /opt/airflow/dags/main.py for tasks to queue
[2024-06-12T19:54:34.071+0000] {logging_mixin.py:137} INFO - [2024-06-12T19:54:34.070+0000] {dagbag.py:538} INFO - Filling up the DagBag from /opt/airflow/dags/main.py
[2024-06-12T19:54:40.673+0000] {processor.py:753} INFO - DAG(s) dict_keys(['mlops_A2_dag']) retrieved from /opt/airflow/dags/main.py
[2024-06-12T19:54:41.505+0000] {logging_mixin.py:137} INFO - [2024-06-12T19:54:41.477+0000] {dag.py:2690} INFO - Sync 1 DAGs
[2024-06-12T19:54:42.495+0000] {logging_mixin.py:137} INFO - [2024-06-12T19:54:42.437+0000] {dag.py:3441} INFO - Setting next_dagrun for mlops_A2_dag to 2024-06-12T19:42:45.845729+00:00, run_after=2024-06-13T19:42:45.845729+00:00
[2024-06-12T19:54:43.346+0000] {processor.py:175} INFO - Processing /opt/airflow/dags/main.py took 9.498 seconds
[2024-06-12T19:55:30.442+0000] {processor.py:153} INFO - Started process (PID=1061) to work on /opt/airflow/dags/main.py
[2024-06-12T19:55:30.520+0000] {processor.py:743} INFO - Processing file /opt/airflow/dags/main.py for tasks to queue
[2024-06-12T19:55:30.684+0000] {logging_mixin.py:137} INFO - [2024-06-12T19:55:30.683+0000] {dagbag.py:538} INFO - Filling up the DagBag from /opt/airflow/dags/main.py
[2024-06-12T19:55:33.358+0000] {processor.py:753} INFO - DAG(s) dict_keys(['mlops_A2_dag']) retrieved from /opt/airflow/dags/main.py
[2024-06-12T19:55:33.830+0000] {logging_mixin.py:137} INFO - [2024-06-12T19:55:33.828+0000] {dag.py:2690} INFO - Sync 1 DAGs
[2024-06-12T19:55:34.459+0000] {logging_mixin.py:137} INFO - [2024-06-12T19:55:34.459+0000] {dag.py:3441} INFO - Setting next_dagrun for mlops_A2_dag to 2024-06-12T19:42:45.845729+00:00, run_after=2024-06-13T19:42:45.845729+00:00
[2024-06-12T19:55:34.785+0000] {processor.py:175} INFO - Processing /opt/airflow/dags/main.py took 4.502 seconds
[2024-06-12T19:56:07.070+0000] {processor.py:153} INFO - Started process (PID=1117) to work on /opt/airflow/dags/main.py
[2024-06-12T19:56:07.072+0000] {processor.py:743} INFO - Processing file /opt/airflow/dags/main.py for tasks to queue
[2024-06-12T19:56:07.083+0000] {logging_mixin.py:137} INFO - [2024-06-12T19:56:07.081+0000] {dagbag.py:538} INFO - Filling up the DagBag from /opt/airflow/dags/main.py
[2024-06-12T19:56:08.352+0000] {processor.py:753} INFO - DAG(s) dict_keys(['mlops_A2_dag']) retrieved from /opt/airflow/dags/main.py
[2024-06-12T19:56:08.782+0000] {logging_mixin.py:137} INFO - [2024-06-12T19:56:08.781+0000] {dag.py:2690} INFO - Sync 1 DAGs
[2024-06-12T19:56:09.041+0000] {logging_mixin.py:137} INFO - [2024-06-12T19:56:09.041+0000] {dag.py:3441} INFO - Setting next_dagrun for mlops_A2_dag to 2024-06-12T19:42:45.845729+00:00, run_after=2024-06-13T19:42:45.845729+00:00
[2024-06-12T19:56:09.561+0000] {processor.py:175} INFO - Processing /opt/airflow/dags/main.py took 2.516 seconds
[2024-06-12T19:56:41.571+0000] {processor.py:153} INFO - Started process (PID=1174) to work on /opt/airflow/dags/main.py
[2024-06-12T19:56:41.643+0000] {processor.py:743} INFO - Processing file /opt/airflow/dags/main.py for tasks to queue
[2024-06-12T19:56:41.692+0000] {logging_mixin.py:137} INFO - [2024-06-12T19:56:41.691+0000] {dagbag.py:538} INFO - Filling up the DagBag from /opt/airflow/dags/main.py
[2024-06-12T19:56:45.706+0000] {processor.py:753} INFO - DAG(s) dict_keys(['mlops_A2_dag']) retrieved from /opt/airflow/dags/main.py
[2024-06-12T19:56:46.033+0000] {logging_mixin.py:137} INFO - [2024-06-12T19:56:46.032+0000] {dag.py:2690} INFO - Sync 1 DAGs
[2024-06-12T19:56:46.822+0000] {logging_mixin.py:137} INFO - [2024-06-12T19:56:46.822+0000] {dag.py:3441} INFO - Setting next_dagrun for mlops_A2_dag to 2024-06-12T19:42:45.845729+00:00, run_after=2024-06-13T19:42:45.845729+00:00
[2024-06-12T19:56:47.398+0000] {processor.py:175} INFO - Processing /opt/airflow/dags/main.py took 5.845 seconds
[2024-06-12T19:57:28.706+0000] {processor.py:153} INFO - Started process (PID=1223) to work on /opt/airflow/dags/main.py
[2024-06-12T19:57:28.717+0000] {processor.py:743} INFO - Processing file /opt/airflow/dags/main.py for tasks to queue
[2024-06-12T19:57:28.734+0000] {logging_mixin.py:137} INFO - [2024-06-12T19:57:28.733+0000] {dagbag.py:538} INFO - Filling up the DagBag from /opt/airflow/dags/main.py
[2024-06-12T19:57:32.546+0000] {processor.py:753} INFO - DAG(s) dict_keys(['mlops_A2_dag']) retrieved from /opt/airflow/dags/main.py
[2024-06-12T19:57:33.298+0000] {logging_mixin.py:137} INFO - [2024-06-12T19:57:33.297+0000] {dag.py:2690} INFO - Sync 1 DAGs
[2024-06-12T19:57:33.999+0000] {logging_mixin.py:137} INFO - [2024-06-12T19:57:33.998+0000] {dag.py:3441} INFO - Setting next_dagrun for mlops_A2_dag to 2024-06-12T19:42:45.845729+00:00, run_after=2024-06-13T19:42:45.845729+00:00
[2024-06-12T19:57:34.874+0000] {processor.py:175} INFO - Processing /opt/airflow/dags/main.py took 6.197 seconds
[2024-06-12T19:58:26.166+0000] {processor.py:153} INFO - Started process (PID=1271) to work on /opt/airflow/dags/main.py
[2024-06-12T19:58:26.212+0000] {processor.py:743} INFO - Processing file /opt/airflow/dags/main.py for tasks to queue
[2024-06-12T19:58:26.277+0000] {logging_mixin.py:137} INFO - [2024-06-12T19:58:26.276+0000] {dagbag.py:538} INFO - Filling up the DagBag from /opt/airflow/dags/main.py
[2024-06-12T19:58:33.835+0000] {processor.py:753} INFO - DAG(s) dict_keys(['mlops_A2_dag']) retrieved from /opt/airflow/dags/main.py
[2024-06-12T19:58:34.694+0000] {logging_mixin.py:137} INFO - [2024-06-12T19:58:34.693+0000] {dag.py:2690} INFO - Sync 1 DAGs
[2024-06-12T19:58:35.852+0000] {logging_mixin.py:137} INFO - [2024-06-12T19:58:35.851+0000] {dag.py:3441} INFO - Setting next_dagrun for mlops_A2_dag to 2024-06-12T19:42:45.845729+00:00, run_after=2024-06-13T19:42:45.845729+00:00
[2024-06-12T19:58:37.553+0000] {processor.py:175} INFO - Processing /opt/airflow/dags/main.py took 11.351 seconds
[2024-06-12T20:00:25.045+0000] {processor.py:153} INFO - Started process (PID=1366) to work on /opt/airflow/dags/main.py
[2024-06-12T20:00:25.127+0000] {processor.py:743} INFO - Processing file /opt/airflow/dags/main.py for tasks to queue
[2024-06-12T20:00:25.252+0000] {logging_mixin.py:137} INFO - [2024-06-12T20:00:25.252+0000] {dagbag.py:538} INFO - Filling up the DagBag from /opt/airflow/dags/main.py
[2024-06-12T20:00:37.203+0000] {processor.py:753} INFO - DAG(s) dict_keys(['mlops_A2_dag']) retrieved from /opt/airflow/dags/main.py
[2024-06-12T20:00:38.468+0000] {logging_mixin.py:137} INFO - [2024-06-12T20:00:38.467+0000] {dag.py:2690} INFO - Sync 1 DAGs
[2024-06-12T20:00:39.920+0000] {logging_mixin.py:137} INFO - [2024-06-12T20:00:39.907+0000] {dag.py:3441} INFO - Setting next_dagrun for mlops_A2_dag to 2024-06-12T19:42:45.845729+00:00, run_after=2024-06-13T19:42:45.845729+00:00
[2024-06-12T20:00:47.259+0000] {processor.py:175} INFO - Processing /opt/airflow/dags/main.py took 22.457 seconds
[2024-06-12T20:02:55.588+0000] {processor.py:153} INFO - Started process (PID=1479) to work on /opt/airflow/dags/main.py
[2024-06-12T20:02:55.634+0000] {processor.py:743} INFO - Processing file /opt/airflow/dags/main.py for tasks to queue
[2024-06-12T20:02:55.683+0000] {logging_mixin.py:137} INFO - [2024-06-12T20:02:55.682+0000] {dagbag.py:538} INFO - Filling up the DagBag from /opt/airflow/dags/main.py
[2024-06-12T20:03:08.664+0000] {processor.py:753} INFO - DAG(s) dict_keys(['mlops_A2_dag']) retrieved from /opt/airflow/dags/main.py
[2024-06-12T20:03:10.624+0000] {logging_mixin.py:137} INFO - [2024-06-12T20:03:10.622+0000] {dag.py:2690} INFO - Sync 1 DAGs
[2024-06-12T20:03:12.779+0000] {logging_mixin.py:137} INFO - [2024-06-12T20:03:12.779+0000] {dag.py:3441} INFO - Setting next_dagrun for mlops_A2_dag to 2024-06-12T19:42:45.845729+00:00, run_after=2024-06-13T19:42:45.845729+00:00
[2024-06-12T20:03:14.854+0000] {processor.py:175} INFO - Processing /opt/airflow/dags/main.py took 19.424 seconds
[2024-06-12T20:05:48.530+0000] {processor.py:153} INFO - Started process (PID=1603) to work on /opt/airflow/dags/main.py
[2024-06-12T20:05:48.795+0000] {processor.py:743} INFO - Processing file /opt/airflow/dags/main.py for tasks to queue
[2024-06-12T20:05:48.866+0000] {logging_mixin.py:137} INFO - [2024-06-12T20:05:48.864+0000] {dagbag.py:538} INFO - Filling up the DagBag from /opt/airflow/dags/main.py
[2024-06-12T20:06:01.865+0000] {processor.py:753} INFO - DAG(s) dict_keys(['mlops_A2_dag']) retrieved from /opt/airflow/dags/main.py
[2024-06-12T20:06:03.442+0000] {logging_mixin.py:137} INFO - [2024-06-12T20:06:03.441+0000] {dag.py:2690} INFO - Sync 1 DAGs
[2024-06-12T20:06:06.357+0000] {logging_mixin.py:137} INFO - [2024-06-12T20:06:06.357+0000] {dag.py:3441} INFO - Setting next_dagrun for mlops_A2_dag to 2024-06-12T19:42:45.845729+00:00, run_after=2024-06-13T19:42:45.845729+00:00
[2024-06-12T20:06:07.693+0000] {processor.py:175} INFO - Processing /opt/airflow/dags/main.py took 19.428 seconds
[2024-06-12T20:08:59.430+0000] {processor.py:153} INFO - Started process (PID=1738) to work on /opt/airflow/dags/main.py
[2024-06-12T20:08:59.577+0000] {processor.py:743} INFO - Processing file /opt/airflow/dags/main.py for tasks to queue
[2024-06-12T20:08:59.624+0000] {logging_mixin.py:137} INFO - [2024-06-12T20:08:59.624+0000] {dagbag.py:538} INFO - Filling up the DagBag from /opt/airflow/dags/main.py
[2024-06-12T20:09:16.483+0000] {processor.py:753} INFO - DAG(s) dict_keys(['mlops_A2_dag']) retrieved from /opt/airflow/dags/main.py
[2024-06-12T20:09:18.407+0000] {logging_mixin.py:137} INFO - [2024-06-12T20:09:18.406+0000] {dag.py:2690} INFO - Sync 1 DAGs
[2024-06-12T20:09:21.185+0000] {logging_mixin.py:137} INFO - [2024-06-12T20:09:21.167+0000] {dag.py:3441} INFO - Setting next_dagrun for mlops_A2_dag to 2024-06-12T19:42:45.845729+00:00, run_after=2024-06-13T19:42:45.845729+00:00
[2024-06-12T20:09:22.335+0000] {processor.py:175} INFO - Processing /opt/airflow/dags/main.py took 23.122 seconds
[2024-06-12T20:12:08.159+0000] {processor.py:153} INFO - Started process (PID=1887) to work on /opt/airflow/dags/main.py
[2024-06-12T20:12:08.236+0000] {processor.py:743} INFO - Processing file /opt/airflow/dags/main.py for tasks to queue
[2024-06-12T20:12:08.271+0000] {logging_mixin.py:137} INFO - [2024-06-12T20:12:08.271+0000] {dagbag.py:538} INFO - Filling up the DagBag from /opt/airflow/dags/main.py
[2024-06-12T20:12:22.396+0000] {processor.py:753} INFO - DAG(s) dict_keys(['mlops_A2_dag']) retrieved from /opt/airflow/dags/main.py
[2024-06-12T20:12:24.490+0000] {logging_mixin.py:137} INFO - [2024-06-12T20:12:24.488+0000] {dag.py:2690} INFO - Sync 1 DAGs
[2024-06-12T20:12:26.525+0000] {logging_mixin.py:137} INFO - [2024-06-12T20:12:26.417+0000] {dag.py:3441} INFO - Setting next_dagrun for mlops_A2_dag to 2024-06-12T19:42:45.845729+00:00, run_after=2024-06-13T19:42:45.845729+00:00
[2024-06-12T20:12:27.863+0000] {processor.py:175} INFO - Processing /opt/airflow/dags/main.py took 19.841 seconds
[2024-06-12T20:13:53.528+0000] {processor.py:153} INFO - Started process (PID=1987) to work on /opt/airflow/dags/main.py
[2024-06-12T20:13:53.569+0000] {processor.py:743} INFO - Processing file /opt/airflow/dags/main.py for tasks to queue
[2024-06-12T20:13:53.585+0000] {logging_mixin.py:137} INFO - [2024-06-12T20:13:53.579+0000] {dagbag.py:538} INFO - Filling up the DagBag from /opt/airflow/dags/main.py
[2024-06-12T20:13:56.381+0000] {processor.py:753} INFO - DAG(s) dict_keys(['mlops_A2_dag']) retrieved from /opt/airflow/dags/main.py
[2024-06-12T20:13:56.861+0000] {logging_mixin.py:137} INFO - [2024-06-12T20:13:56.859+0000] {dag.py:2690} INFO - Sync 1 DAGs
[2024-06-12T20:13:57.420+0000] {logging_mixin.py:137} INFO - [2024-06-12T20:13:57.419+0000] {dag.py:3441} INFO - Setting next_dagrun for mlops_A2_dag to 2024-06-12T19:42:45.845729+00:00, run_after=2024-06-13T19:42:45.845729+00:00
[2024-06-12T20:13:57.976+0000] {processor.py:175} INFO - Processing /opt/airflow/dags/main.py took 4.504 seconds
[2024-06-12T20:14:43.503+0000] {processor.py:153} INFO - Started process (PID=2037) to work on /opt/airflow/dags/main.py
[2024-06-12T20:14:43.516+0000] {processor.py:743} INFO - Processing file /opt/airflow/dags/main.py for tasks to queue
[2024-06-12T20:14:43.522+0000] {logging_mixin.py:137} INFO - [2024-06-12T20:14:43.522+0000] {dagbag.py:538} INFO - Filling up the DagBag from /opt/airflow/dags/main.py
[2024-06-12T20:14:48.140+0000] {processor.py:753} INFO - DAG(s) dict_keys(['mlops_A2_dag']) retrieved from /opt/airflow/dags/main.py
[2024-06-12T20:14:48.600+0000] {logging_mixin.py:137} INFO - [2024-06-12T20:14:48.599+0000] {dag.py:2690} INFO - Sync 1 DAGs
[2024-06-12T20:14:48.930+0000] {logging_mixin.py:137} INFO - [2024-06-12T20:14:48.929+0000] {dag.py:3441} INFO - Setting next_dagrun for mlops_A2_dag to 2024-06-12T19:42:45.845729+00:00, run_after=2024-06-13T19:42:45.845729+00:00
[2024-06-12T20:14:50.133+0000] {processor.py:175} INFO - Processing /opt/airflow/dags/main.py took 6.711 seconds
[2024-06-12T20:15:29.012+0000] {processor.py:153} INFO - Started process (PID=2088) to work on /opt/airflow/dags/main.py
[2024-06-12T20:15:29.020+0000] {processor.py:743} INFO - Processing file /opt/airflow/dags/main.py for tasks to queue
[2024-06-12T20:15:29.070+0000] {logging_mixin.py:137} INFO - [2024-06-12T20:15:29.070+0000] {dagbag.py:538} INFO - Filling up the DagBag from /opt/airflow/dags/main.py
[2024-06-12T20:15:32.051+0000] {processor.py:753} INFO - DAG(s) dict_keys(['mlops_A2_dag']) retrieved from /opt/airflow/dags/main.py
[2024-06-12T20:15:32.645+0000] {logging_mixin.py:137} INFO - [2024-06-12T20:15:32.644+0000] {dag.py:2690} INFO - Sync 1 DAGs
[2024-06-12T20:15:32.963+0000] {logging_mixin.py:137} INFO - [2024-06-12T20:15:32.963+0000] {dag.py:3441} INFO - Setting next_dagrun for mlops_A2_dag to 2024-06-12T19:42:45.845729+00:00, run_after=2024-06-13T19:42:45.845729+00:00
[2024-06-12T20:15:33.522+0000] {processor.py:175} INFO - Processing /opt/airflow/dags/main.py took 4.541 seconds
[2024-06-12T20:16:06.107+0000] {processor.py:153} INFO - Started process (PID=2134) to work on /opt/airflow/dags/main.py
[2024-06-12T20:16:06.145+0000] {processor.py:743} INFO - Processing file /opt/airflow/dags/main.py for tasks to queue
[2024-06-12T20:16:06.162+0000] {logging_mixin.py:137} INFO - [2024-06-12T20:16:06.162+0000] {dagbag.py:538} INFO - Filling up the DagBag from /opt/airflow/dags/main.py
[2024-06-12T20:16:09.465+0000] {processor.py:753} INFO - DAG(s) dict_keys(['mlops_A2_dag']) retrieved from /opt/airflow/dags/main.py
[2024-06-12T20:16:09.769+0000] {logging_mixin.py:137} INFO - [2024-06-12T20:16:09.768+0000] {dag.py:2690} INFO - Sync 1 DAGs
[2024-06-12T20:16:09.963+0000] {logging_mixin.py:137} INFO - [2024-06-12T20:16:09.962+0000] {dag.py:3441} INFO - Setting next_dagrun for mlops_A2_dag to 2024-06-12T19:42:45.845729+00:00, run_after=2024-06-13T19:42:45.845729+00:00
[2024-06-12T20:16:10.329+0000] {processor.py:175} INFO - Processing /opt/airflow/dags/main.py took 4.309 seconds
[2024-06-12T20:16:50.690+0000] {processor.py:153} INFO - Started process (PID=2191) to work on /opt/airflow/dags/main.py
[2024-06-12T20:16:50.703+0000] {processor.py:743} INFO - Processing file /opt/airflow/dags/main.py for tasks to queue
[2024-06-12T20:16:50.728+0000] {logging_mixin.py:137} INFO - [2024-06-12T20:16:50.727+0000] {dagbag.py:538} INFO - Filling up the DagBag from /opt/airflow/dags/main.py
[2024-06-12T20:16:53.455+0000] {processor.py:753} INFO - DAG(s) dict_keys(['mlops_A2_dag']) retrieved from /opt/airflow/dags/main.py
[2024-06-12T20:16:54.174+0000] {logging_mixin.py:137} INFO - [2024-06-12T20:16:54.173+0000] {dag.py:2690} INFO - Sync 1 DAGs
[2024-06-12T20:16:54.762+0000] {logging_mixin.py:137} INFO - [2024-06-12T20:16:54.761+0000] {dag.py:3441} INFO - Setting next_dagrun for mlops_A2_dag to 2024-06-12T19:42:45.845729+00:00, run_after=2024-06-13T19:42:45.845729+00:00
[2024-06-12T20:16:55.151+0000] {processor.py:175} INFO - Processing /opt/airflow/dags/main.py took 4.494 seconds
[2024-06-12T20:18:09.975+0000] {processor.py:153} INFO - Started process (PID=2271) to work on /opt/airflow/dags/main.py
[2024-06-12T20:18:09.989+0000] {processor.py:743} INFO - Processing file /opt/airflow/dags/main.py for tasks to queue
[2024-06-12T20:18:10.006+0000] {logging_mixin.py:137} INFO - [2024-06-12T20:18:10.005+0000] {dagbag.py:538} INFO - Filling up the DagBag from /opt/airflow/dags/main.py
[2024-06-12T20:18:18.901+0000] {processor.py:753} INFO - DAG(s) dict_keys(['mlops_A2_dag']) retrieved from /opt/airflow/dags/main.py
[2024-06-12T20:18:20.079+0000] {logging_mixin.py:137} INFO - [2024-06-12T20:18:20.078+0000] {dag.py:2690} INFO - Sync 1 DAGs
[2024-06-12T20:18:23.098+0000] {logging_mixin.py:137} INFO - [2024-06-12T20:18:23.042+0000] {dag.py:3441} INFO - Setting next_dagrun for mlops_A2_dag to 2024-06-12T19:42:45.845729+00:00, run_after=2024-06-13T19:42:45.845729+00:00
[2024-06-12T20:18:24.076+0000] {processor.py:175} INFO - Processing /opt/airflow/dags/main.py took 14.188 seconds
[2024-06-12T20:19:12.575+0000] {processor.py:153} INFO - Started process (PID=2331) to work on /opt/airflow/dags/main.py
[2024-06-12T20:19:12.588+0000] {processor.py:743} INFO - Processing file /opt/airflow/dags/main.py for tasks to queue
[2024-06-12T20:19:12.685+0000] {logging_mixin.py:137} INFO - [2024-06-12T20:19:12.684+0000] {dagbag.py:538} INFO - Filling up the DagBag from /opt/airflow/dags/main.py
[2024-06-12T20:19:17.128+0000] {processor.py:753} INFO - DAG(s) dict_keys(['mlops_A2_dag']) retrieved from /opt/airflow/dags/main.py
[2024-06-12T20:19:17.511+0000] {logging_mixin.py:137} INFO - [2024-06-12T20:19:17.510+0000] {dag.py:2690} INFO - Sync 1 DAGs
[2024-06-12T20:19:18.087+0000] {logging_mixin.py:137} INFO - [2024-06-12T20:19:18.086+0000] {dag.py:3441} INFO - Setting next_dagrun for mlops_A2_dag to 2024-06-12T19:42:45.845729+00:00, run_after=2024-06-13T19:42:45.845729+00:00
[2024-06-12T20:19:18.842+0000] {processor.py:175} INFO - Processing /opt/airflow/dags/main.py took 6.469 seconds
[2024-06-12T20:20:04.923+0000] {processor.py:153} INFO - Started process (PID=2387) to work on /opt/airflow/dags/main.py
[2024-06-12T20:20:04.974+0000] {processor.py:743} INFO - Processing file /opt/airflow/dags/main.py for tasks to queue
[2024-06-12T20:20:05.019+0000] {logging_mixin.py:137} INFO - [2024-06-12T20:20:05.019+0000] {dagbag.py:538} INFO - Filling up the DagBag from /opt/airflow/dags/main.py
[2024-06-12T20:20:10.033+0000] {processor.py:753} INFO - DAG(s) dict_keys(['mlops_A2_dag']) retrieved from /opt/airflow/dags/main.py
[2024-06-12T20:20:10.608+0000] {logging_mixin.py:137} INFO - [2024-06-12T20:20:10.607+0000] {dag.py:2690} INFO - Sync 1 DAGs
[2024-06-12T20:20:11.352+0000] {logging_mixin.py:137} INFO - [2024-06-12T20:20:11.352+0000] {dag.py:3441} INFO - Setting next_dagrun for mlops_A2_dag to 2024-06-12T19:42:45.845729+00:00, run_after=2024-06-13T19:42:45.845729+00:00
[2024-06-12T20:20:11.893+0000] {processor.py:175} INFO - Processing /opt/airflow/dags/main.py took 7.035 seconds
[2024-06-12T20:21:12.494+0000] {processor.py:153} INFO - Started process (PID=2449) to work on /opt/airflow/dags/main.py
[2024-06-12T20:21:12.503+0000] {processor.py:743} INFO - Processing file /opt/airflow/dags/main.py for tasks to queue
[2024-06-12T20:21:12.542+0000] {logging_mixin.py:137} INFO - [2024-06-12T20:21:12.542+0000] {dagbag.py:538} INFO - Filling up the DagBag from /opt/airflow/dags/main.py
[2024-06-12T20:21:15.782+0000] {processor.py:753} INFO - DAG(s) dict_keys(['mlops_A2_dag']) retrieved from /opt/airflow/dags/main.py
[2024-06-12T20:21:16.273+0000] {logging_mixin.py:137} INFO - [2024-06-12T20:21:16.272+0000] {dag.py:2690} INFO - Sync 1 DAGs
[2024-06-12T20:21:17.332+0000] {logging_mixin.py:137} INFO - [2024-06-12T20:21:17.332+0000] {dag.py:3441} INFO - Setting next_dagrun for mlops_A2_dag to 2024-06-12T19:42:45.845729+00:00, run_after=2024-06-13T19:42:45.845729+00:00
[2024-06-12T20:21:17.847+0000] {processor.py:175} INFO - Processing /opt/airflow/dags/main.py took 5.524 seconds
[2024-06-12T20:22:12.544+0000] {processor.py:153} INFO - Started process (PID=2515) to work on /opt/airflow/dags/main.py
[2024-06-12T20:22:12.565+0000] {processor.py:743} INFO - Processing file /opt/airflow/dags/main.py for tasks to queue
[2024-06-12T20:22:12.584+0000] {logging_mixin.py:137} INFO - [2024-06-12T20:22:12.583+0000] {dagbag.py:538} INFO - Filling up the DagBag from /opt/airflow/dags/main.py
[2024-06-12T20:22:18.989+0000] {processor.py:753} INFO - DAG(s) dict_keys(['mlops_A2_dag']) retrieved from /opt/airflow/dags/main.py
[2024-06-12T20:22:19.985+0000] {logging_mixin.py:137} INFO - [2024-06-12T20:22:19.984+0000] {dag.py:2690} INFO - Sync 1 DAGs
[2024-06-12T20:22:21.207+0000] {logging_mixin.py:137} INFO - [2024-06-12T20:22:21.206+0000] {dag.py:3441} INFO - Setting next_dagrun for mlops_A2_dag to 2024-06-12T19:42:45.845729+00:00, run_after=2024-06-13T19:42:45.845729+00:00
[2024-06-12T20:22:22.251+0000] {processor.py:175} INFO - Processing /opt/airflow/dags/main.py took 9.788 seconds
[2024-06-12T20:23:14.683+0000] {processor.py:153} INFO - Started process (PID=2576) to work on /opt/airflow/dags/main.py
[2024-06-12T20:23:14.777+0000] {processor.py:743} INFO - Processing file /opt/airflow/dags/main.py for tasks to queue
[2024-06-12T20:23:14.810+0000] {logging_mixin.py:137} INFO - [2024-06-12T20:23:14.809+0000] {dagbag.py:538} INFO - Filling up the DagBag from /opt/airflow/dags/main.py
[2024-06-12T20:23:19.504+0000] {processor.py:753} INFO - DAG(s) dict_keys(['mlops_A2_dag']) retrieved from /opt/airflow/dags/main.py
[2024-06-12T20:23:20.050+0000] {logging_mixin.py:137} INFO - [2024-06-12T20:23:20.049+0000] {dag.py:2690} INFO - Sync 1 DAGs
[2024-06-12T20:23:20.611+0000] {logging_mixin.py:137} INFO - [2024-06-12T20:23:20.610+0000] {dag.py:3441} INFO - Setting next_dagrun for mlops_A2_dag to 2024-06-12T19:42:45.845729+00:00, run_after=2024-06-13T19:42:45.845729+00:00
[2024-06-12T20:23:21.297+0000] {processor.py:175} INFO - Processing /opt/airflow/dags/main.py took 6.665 seconds
[2024-06-12T20:24:28.935+0000] {processor.py:153} INFO - Started process (PID=2640) to work on /opt/airflow/dags/main.py
[2024-06-12T20:24:28.947+0000] {processor.py:743} INFO - Processing file /opt/airflow/dags/main.py for tasks to queue
[2024-06-12T20:24:28.964+0000] {logging_mixin.py:137} INFO - [2024-06-12T20:24:28.963+0000] {dagbag.py:538} INFO - Filling up the DagBag from /opt/airflow/dags/main.py
[2024-06-12T20:24:37.246+0000] {processor.py:753} INFO - DAG(s) dict_keys(['mlops_A2_dag']) retrieved from /opt/airflow/dags/main.py
[2024-06-12T20:24:37.721+0000] {logging_mixin.py:137} INFO - [2024-06-12T20:24:37.693+0000] {dag.py:2690} INFO - Sync 1 DAGs
[2024-06-12T20:24:39.266+0000] {logging_mixin.py:137} INFO - [2024-06-12T20:24:39.265+0000] {dag.py:3441} INFO - Setting next_dagrun for mlops_A2_dag to 2024-06-12T19:42:45.845729+00:00, run_after=2024-06-13T19:42:45.845729+00:00
[2024-06-12T20:24:40.724+0000] {processor.py:175} INFO - Processing /opt/airflow/dags/main.py took 11.928 seconds
[2024-06-12T20:25:24.236+0000] {processor.py:153} INFO - Started process (PID=2701) to work on /opt/airflow/dags/main.py
[2024-06-12T20:25:24.251+0000] {processor.py:743} INFO - Processing file /opt/airflow/dags/main.py for tasks to queue
[2024-06-12T20:25:24.268+0000] {logging_mixin.py:137} INFO - [2024-06-12T20:25:24.268+0000] {dagbag.py:538} INFO - Filling up the DagBag from /opt/airflow/dags/main.py
[2024-06-12T20:25:29.727+0000] {processor.py:753} INFO - DAG(s) dict_keys(['mlops_A2_dag']) retrieved from /opt/airflow/dags/main.py
[2024-06-12T20:25:30.401+0000] {logging_mixin.py:137} INFO - [2024-06-12T20:25:30.398+0000] {dag.py:2690} INFO - Sync 1 DAGs
[2024-06-12T20:25:31.183+0000] {logging_mixin.py:137} INFO - [2024-06-12T20:25:31.177+0000] {dag.py:3441} INFO - Setting next_dagrun for mlops_A2_dag to 2024-06-12T19:42:45.845729+00:00, run_after=2024-06-13T19:42:45.845729+00:00
[2024-06-12T20:25:31.721+0000] {processor.py:175} INFO - Processing /opt/airflow/dags/main.py took 7.621 seconds
[2024-06-12T20:26:12.368+0000] {processor.py:153} INFO - Started process (PID=2746) to work on /opt/airflow/dags/main.py
[2024-06-12T20:26:12.396+0000] {processor.py:743} INFO - Processing file /opt/airflow/dags/main.py for tasks to queue
[2024-06-12T20:26:12.444+0000] {logging_mixin.py:137} INFO - [2024-06-12T20:26:12.444+0000] {dagbag.py:538} INFO - Filling up the DagBag from /opt/airflow/dags/main.py
[2024-06-12T20:26:17.316+0000] {processor.py:753} INFO - DAG(s) dict_keys(['mlops_A2_dag']) retrieved from /opt/airflow/dags/main.py
[2024-06-12T20:26:18.072+0000] {logging_mixin.py:137} INFO - [2024-06-12T20:26:18.006+0000] {dag.py:2690} INFO - Sync 1 DAGs
[2024-06-12T20:26:19.361+0000] {logging_mixin.py:137} INFO - [2024-06-12T20:26:19.361+0000] {dag.py:3441} INFO - Setting next_dagrun for mlops_A2_dag to 2024-06-12T19:42:45.845729+00:00, run_after=2024-06-13T19:42:45.845729+00:00
[2024-06-12T20:26:19.987+0000] {processor.py:175} INFO - Processing /opt/airflow/dags/main.py took 7.818 seconds
[2024-06-12T20:27:18.404+0000] {processor.py:153} INFO - Started process (PID=2810) to work on /opt/airflow/dags/main.py
[2024-06-12T20:27:18.427+0000] {processor.py:743} INFO - Processing file /opt/airflow/dags/main.py for tasks to queue
[2024-06-12T20:27:18.446+0000] {logging_mixin.py:137} INFO - [2024-06-12T20:27:18.445+0000] {dagbag.py:538} INFO - Filling up the DagBag from /opt/airflow/dags/main.py
[2024-06-12T20:27:22.513+0000] {processor.py:753} INFO - DAG(s) dict_keys(['mlops_A2_dag']) retrieved from /opt/airflow/dags/main.py
[2024-06-12T20:27:23.551+0000] {logging_mixin.py:137} INFO - [2024-06-12T20:27:23.516+0000] {dag.py:2690} INFO - Sync 1 DAGs
[2024-06-12T20:27:24.525+0000] {logging_mixin.py:137} INFO - [2024-06-12T20:27:24.524+0000] {dag.py:3441} INFO - Setting next_dagrun for mlops_A2_dag to 2024-06-12T19:42:45.845729+00:00, run_after=2024-06-13T19:42:45.845729+00:00
[2024-06-12T20:27:25.282+0000] {processor.py:175} INFO - Processing /opt/airflow/dags/main.py took 6.924 seconds
[2024-06-12T20:28:07.868+0000] {processor.py:153} INFO - Started process (PID=2862) to work on /opt/airflow/dags/main.py
[2024-06-12T20:28:07.873+0000] {processor.py:743} INFO - Processing file /opt/airflow/dags/main.py for tasks to queue
[2024-06-12T20:28:07.889+0000] {logging_mixin.py:137} INFO - [2024-06-12T20:28:07.889+0000] {dagbag.py:538} INFO - Filling up the DagBag from /opt/airflow/dags/main.py
[2024-06-12T20:28:12.027+0000] {processor.py:753} INFO - DAG(s) dict_keys(['mlops_A2_dag']) retrieved from /opt/airflow/dags/main.py
[2024-06-12T20:28:12.612+0000] {logging_mixin.py:137} INFO - [2024-06-12T20:28:12.611+0000] {dag.py:2690} INFO - Sync 1 DAGs
[2024-06-12T20:28:13.112+0000] {logging_mixin.py:137} INFO - [2024-06-12T20:28:13.111+0000] {dag.py:3441} INFO - Setting next_dagrun for mlops_A2_dag to 2024-06-12T19:42:45.845729+00:00, run_after=2024-06-13T19:42:45.845729+00:00
[2024-06-12T20:28:13.558+0000] {processor.py:175} INFO - Processing /opt/airflow/dags/main.py took 5.706 seconds
[2024-06-12T20:28:50.627+0000] {processor.py:153} INFO - Started process (PID=2909) to work on /opt/airflow/dags/main.py
[2024-06-12T20:28:50.672+0000] {processor.py:743} INFO - Processing file /opt/airflow/dags/main.py for tasks to queue
[2024-06-12T20:28:50.690+0000] {logging_mixin.py:137} INFO - [2024-06-12T20:28:50.690+0000] {dagbag.py:538} INFO - Filling up the DagBag from /opt/airflow/dags/main.py
[2024-06-12T20:28:54.147+0000] {processor.py:753} INFO - DAG(s) dict_keys(['mlops_A2_dag']) retrieved from /opt/airflow/dags/main.py
[2024-06-12T20:28:54.725+0000] {logging_mixin.py:137} INFO - [2024-06-12T20:28:54.724+0000] {dag.py:2690} INFO - Sync 1 DAGs
[2024-06-12T20:28:55.221+0000] {logging_mixin.py:137} INFO - [2024-06-12T20:28:55.221+0000] {dag.py:3441} INFO - Setting next_dagrun for mlops_A2_dag to 2024-06-12T19:42:45.845729+00:00, run_after=2024-06-13T19:42:45.845729+00:00
[2024-06-12T20:28:56.136+0000] {processor.py:175} INFO - Processing /opt/airflow/dags/main.py took 5.684 seconds
[2024-06-12T20:29:30.650+0000] {processor.py:153} INFO - Started process (PID=2953) to work on /opt/airflow/dags/main.py
[2024-06-12T20:29:30.670+0000] {processor.py:743} INFO - Processing file /opt/airflow/dags/main.py for tasks to queue
[2024-06-12T20:29:30.682+0000] {logging_mixin.py:137} INFO - [2024-06-12T20:29:30.679+0000] {dagbag.py:538} INFO - Filling up the DagBag from /opt/airflow/dags/main.py
[2024-06-12T20:29:35.009+0000] {processor.py:753} INFO - DAG(s) dict_keys(['mlops_A2_dag']) retrieved from /opt/airflow/dags/main.py
[2024-06-12T20:29:35.192+0000] {logging_mixin.py:137} INFO - [2024-06-12T20:29:35.191+0000] {dag.py:2690} INFO - Sync 1 DAGs
[2024-06-12T20:29:35.684+0000] {logging_mixin.py:137} INFO - [2024-06-12T20:29:35.683+0000] {dag.py:3441} INFO - Setting next_dagrun for mlops_A2_dag to 2024-06-12T19:42:45.845729+00:00, run_after=2024-06-13T19:42:45.845729+00:00
[2024-06-12T20:29:36.066+0000] {processor.py:175} INFO - Processing /opt/airflow/dags/main.py took 5.467 seconds
[2024-06-12T20:30:28.974+0000] {processor.py:153} INFO - Started process (PID=3020) to work on /opt/airflow/dags/main.py
[2024-06-12T20:30:29.042+0000] {processor.py:743} INFO - Processing file /opt/airflow/dags/main.py for tasks to queue
[2024-06-12T20:30:29.091+0000] {logging_mixin.py:137} INFO - [2024-06-12T20:30:29.090+0000] {dagbag.py:538} INFO - Filling up the DagBag from /opt/airflow/dags/main.py
[2024-06-12T20:30:33.811+0000] {processor.py:753} INFO - DAG(s) dict_keys(['mlops_A2_dag']) retrieved from /opt/airflow/dags/main.py
[2024-06-12T20:30:34.455+0000] {logging_mixin.py:137} INFO - [2024-06-12T20:30:34.454+0000] {dag.py:2690} INFO - Sync 1 DAGs
[2024-06-12T20:30:34.973+0000] {logging_mixin.py:137} INFO - [2024-06-12T20:30:34.971+0000] {dag.py:3441} INFO - Setting next_dagrun for mlops_A2_dag to 2024-06-12T19:42:45.845729+00:00, run_after=2024-06-13T19:42:45.845729+00:00
[2024-06-12T20:30:35.454+0000] {processor.py:175} INFO - Processing /opt/airflow/dags/main.py took 6.676 seconds
[2024-06-12T20:31:37.260+0000] {processor.py:153} INFO - Started process (PID=3106) to work on /opt/airflow/dags/main.py
[2024-06-12T20:31:37.398+0000] {processor.py:743} INFO - Processing file /opt/airflow/dags/main.py for tasks to queue
[2024-06-12T20:31:37.415+0000] {logging_mixin.py:137} INFO - [2024-06-12T20:31:37.414+0000] {dagbag.py:538} INFO - Filling up the DagBag from /opt/airflow/dags/main.py
[2024-06-12T20:31:43.058+0000] {processor.py:753} INFO - DAG(s) dict_keys(['mlops_A2_dag']) retrieved from /opt/airflow/dags/main.py
[2024-06-12T20:31:43.629+0000] {logging_mixin.py:137} INFO - [2024-06-12T20:31:43.628+0000] {dag.py:2690} INFO - Sync 1 DAGs
[2024-06-12T20:31:44.549+0000] {logging_mixin.py:137} INFO - [2024-06-12T20:31:44.549+0000] {dag.py:3441} INFO - Setting next_dagrun for mlops_A2_dag to 2024-06-12T19:42:45.845729+00:00, run_after=2024-06-13T19:42:45.845729+00:00
[2024-06-12T20:31:45.057+0000] {processor.py:175} INFO - Processing /opt/airflow/dags/main.py took 7.926 seconds
[2024-06-12T20:32:22.634+0000] {processor.py:153} INFO - Started process (PID=3151) to work on /opt/airflow/dags/main.py
[2024-06-12T20:32:22.652+0000] {processor.py:743} INFO - Processing file /opt/airflow/dags/main.py for tasks to queue
[2024-06-12T20:32:22.682+0000] {logging_mixin.py:137} INFO - [2024-06-12T20:32:22.669+0000] {dagbag.py:538} INFO - Filling up the DagBag from /opt/airflow/dags/main.py
[2024-06-12T20:32:26.843+0000] {processor.py:753} INFO - DAG(s) dict_keys(['mlops_A2_dag']) retrieved from /opt/airflow/dags/main.py
[2024-06-12T20:32:27.492+0000] {logging_mixin.py:137} INFO - [2024-06-12T20:32:27.491+0000] {dag.py:2690} INFO - Sync 1 DAGs
[2024-06-12T20:32:28.009+0000] {logging_mixin.py:137} INFO - [2024-06-12T20:32:28.009+0000] {dag.py:3441} INFO - Setting next_dagrun for mlops_A2_dag to 2024-06-12T19:42:45.845729+00:00, run_after=2024-06-13T19:42:45.845729+00:00
[2024-06-12T20:32:28.631+0000] {processor.py:175} INFO - Processing /opt/airflow/dags/main.py took 6.114 seconds
[2024-06-12T20:33:13.729+0000] {processor.py:153} INFO - Started process (PID=3199) to work on /opt/airflow/dags/main.py
[2024-06-12T20:33:13.744+0000] {processor.py:743} INFO - Processing file /opt/airflow/dags/main.py for tasks to queue
[2024-06-12T20:33:13.777+0000] {logging_mixin.py:137} INFO - [2024-06-12T20:33:13.776+0000] {dagbag.py:538} INFO - Filling up the DagBag from /opt/airflow/dags/main.py
[2024-06-12T20:33:18.853+0000] {processor.py:753} INFO - DAG(s) dict_keys(['mlops_A2_dag']) retrieved from /opt/airflow/dags/main.py
[2024-06-12T20:33:19.592+0000] {logging_mixin.py:137} INFO - [2024-06-12T20:33:19.591+0000] {dag.py:2690} INFO - Sync 1 DAGs
[2024-06-12T20:33:20.380+0000] {logging_mixin.py:137} INFO - [2024-06-12T20:33:20.380+0000] {dag.py:3441} INFO - Setting next_dagrun for mlops_A2_dag to 2024-06-12T19:42:45.845729+00:00, run_after=2024-06-13T19:42:45.845729+00:00
[2024-06-12T20:33:21.467+0000] {processor.py:175} INFO - Processing /opt/airflow/dags/main.py took 7.802 seconds
[2024-06-12T20:34:11.262+0000] {processor.py:153} INFO - Started process (PID=3253) to work on /opt/airflow/dags/main.py
[2024-06-12T20:34:11.275+0000] {processor.py:743} INFO - Processing file /opt/airflow/dags/main.py for tasks to queue
[2024-06-12T20:34:11.278+0000] {logging_mixin.py:137} INFO - [2024-06-12T20:34:11.277+0000] {dagbag.py:538} INFO - Filling up the DagBag from /opt/airflow/dags/main.py
[2024-06-12T20:34:15.240+0000] {processor.py:753} INFO - DAG(s) dict_keys(['mlops_A2_dag']) retrieved from /opt/airflow/dags/main.py
[2024-06-12T20:34:15.760+0000] {logging_mixin.py:137} INFO - [2024-06-12T20:34:15.758+0000] {dag.py:2690} INFO - Sync 1 DAGs
[2024-06-12T20:34:16.736+0000] {logging_mixin.py:137} INFO - [2024-06-12T20:34:16.736+0000] {dag.py:3441} INFO - Setting next_dagrun for mlops_A2_dag to 2024-06-12T19:42:45.845729+00:00, run_after=2024-06-13T19:42:45.845729+00:00
[2024-06-12T20:34:17.481+0000] {processor.py:175} INFO - Processing /opt/airflow/dags/main.py took 6.387 seconds
[2024-06-12T20:35:12.053+0000] {processor.py:153} INFO - Started process (PID=3312) to work on /opt/airflow/dags/main.py
[2024-06-12T20:35:12.151+0000] {processor.py:743} INFO - Processing file /opt/airflow/dags/main.py for tasks to queue
[2024-06-12T20:35:12.333+0000] {logging_mixin.py:137} INFO - [2024-06-12T20:35:12.333+0000] {dagbag.py:538} INFO - Filling up the DagBag from /opt/airflow/dags/main.py
[2024-06-12T20:35:20.791+0000] {processor.py:753} INFO - DAG(s) dict_keys(['mlops_A2_dag']) retrieved from /opt/airflow/dags/main.py
[2024-06-12T20:35:21.757+0000] {logging_mixin.py:137} INFO - [2024-06-12T20:35:21.755+0000] {dag.py:2690} INFO - Sync 1 DAGs
[2024-06-12T20:35:23.247+0000] {logging_mixin.py:137} INFO - [2024-06-12T20:35:23.246+0000] {dag.py:3441} INFO - Setting next_dagrun for mlops_A2_dag to 2024-06-12T19:42:45.845729+00:00, run_after=2024-06-13T19:42:45.845729+00:00
[2024-06-12T20:35:24.753+0000] {processor.py:175} INFO - Processing /opt/airflow/dags/main.py took 12.986 seconds
[2024-06-12T20:36:36.497+0000] {processor.py:153} INFO - Started process (PID=3387) to work on /opt/airflow/dags/main.py
[2024-06-12T20:36:36.503+0000] {processor.py:743} INFO - Processing file /opt/airflow/dags/main.py for tasks to queue
[2024-06-12T20:36:36.561+0000] {logging_mixin.py:137} INFO - [2024-06-12T20:36:36.560+0000] {dagbag.py:538} INFO - Filling up the DagBag from /opt/airflow/dags/main.py
[2024-06-12T20:36:41.510+0000] {processor.py:753} INFO - DAG(s) dict_keys(['mlops_A2_dag']) retrieved from /opt/airflow/dags/main.py
[2024-06-12T20:36:41.894+0000] {logging_mixin.py:137} INFO - [2024-06-12T20:36:41.881+0000] {dag.py:2690} INFO - Sync 1 DAGs
[2024-06-12T20:36:42.470+0000] {logging_mixin.py:137} INFO - [2024-06-12T20:36:42.470+0000] {dag.py:3441} INFO - Setting next_dagrun for mlops_A2_dag to 2024-06-12T19:42:45.845729+00:00, run_after=2024-06-13T19:42:45.845729+00:00
[2024-06-12T20:36:43.593+0000] {processor.py:175} INFO - Processing /opt/airflow/dags/main.py took 7.141 seconds
[2024-06-12T20:37:59.941+0000] {processor.py:153} INFO - Started process (PID=3463) to work on /opt/airflow/dags/main.py
[2024-06-12T20:37:59.964+0000] {processor.py:743} INFO - Processing file /opt/airflow/dags/main.py for tasks to queue
[2024-06-12T20:37:59.981+0000] {logging_mixin.py:137} INFO - [2024-06-12T20:37:59.981+0000] {dagbag.py:538} INFO - Filling up the DagBag from /opt/airflow/dags/main.py
[2024-06-12T20:38:04.253+0000] {processor.py:753} INFO - DAG(s) dict_keys(['mlops_A2_dag']) retrieved from /opt/airflow/dags/main.py
[2024-06-12T20:38:05.311+0000] {logging_mixin.py:137} INFO - [2024-06-12T20:38:05.310+0000] {dag.py:2690} INFO - Sync 1 DAGs
[2024-06-12T20:38:07.113+0000] {logging_mixin.py:137} INFO - [2024-06-12T20:38:07.112+0000] {dag.py:3441} INFO - Setting next_dagrun for mlops_A2_dag to 2024-06-12T19:42:45.845729+00:00, run_after=2024-06-13T19:42:45.845729+00:00
[2024-06-12T20:38:08.273+0000] {processor.py:175} INFO - Processing /opt/airflow/dags/main.py took 8.407 seconds
[2024-06-12T20:38:51.002+0000] {processor.py:153} INFO - Started process (PID=3516) to work on /opt/airflow/dags/main.py
[2024-06-12T20:38:51.017+0000] {processor.py:743} INFO - Processing file /opt/airflow/dags/main.py for tasks to queue
[2024-06-12T20:38:51.034+0000] {logging_mixin.py:137} INFO - [2024-06-12T20:38:51.033+0000] {dagbag.py:538} INFO - Filling up the DagBag from /opt/airflow/dags/main.py
[2024-06-12T20:38:52.801+0000] {processor.py:753} INFO - DAG(s) dict_keys(['mlops_A2_dag']) retrieved from /opt/airflow/dags/main.py
[2024-06-12T20:38:53.348+0000] {logging_mixin.py:137} INFO - [2024-06-12T20:38:53.347+0000] {dag.py:2690} INFO - Sync 1 DAGs
[2024-06-12T20:38:53.797+0000] {logging_mixin.py:137} INFO - [2024-06-12T20:38:53.797+0000] {dag.py:3441} INFO - Setting next_dagrun for mlops_A2_dag to 2024-06-12T19:42:45.845729+00:00, run_after=2024-06-13T19:42:45.845729+00:00
[2024-06-12T20:38:54.258+0000] {processor.py:175} INFO - Processing /opt/airflow/dags/main.py took 3.322 seconds
[2024-06-12T20:39:43.118+0000] {processor.py:153} INFO - Started process (PID=3583) to work on /opt/airflow/dags/main.py
[2024-06-12T20:39:43.134+0000] {processor.py:743} INFO - Processing file /opt/airflow/dags/main.py for tasks to queue
[2024-06-12T20:39:43.156+0000] {logging_mixin.py:137} INFO - [2024-06-12T20:39:43.156+0000] {dagbag.py:538} INFO - Filling up the DagBag from /opt/airflow/dags/main.py
[2024-06-12T20:39:45.922+0000] {processor.py:753} INFO - DAG(s) dict_keys(['mlops_A2_dag']) retrieved from /opt/airflow/dags/main.py
[2024-06-12T20:39:46.752+0000] {logging_mixin.py:137} INFO - [2024-06-12T20:39:46.751+0000] {dag.py:2690} INFO - Sync 1 DAGs
[2024-06-12T20:39:47.425+0000] {logging_mixin.py:137} INFO - [2024-06-12T20:39:47.425+0000] {dag.py:3441} INFO - Setting next_dagrun for mlops_A2_dag to 2024-06-12T19:42:45.845729+00:00, run_after=2024-06-13T19:42:45.845729+00:00
[2024-06-12T20:39:47.731+0000] {processor.py:175} INFO - Processing /opt/airflow/dags/main.py took 4.643 seconds
[2024-06-12T20:40:48.518+0000] {processor.py:153} INFO - Started process (PID=3654) to work on /opt/airflow/dags/main.py
[2024-06-12T20:40:48.524+0000] {processor.py:743} INFO - Processing file /opt/airflow/dags/main.py for tasks to queue
[2024-06-12T20:40:48.537+0000] {logging_mixin.py:137} INFO - [2024-06-12T20:40:48.536+0000] {dagbag.py:538} INFO - Filling up the DagBag from /opt/airflow/dags/main.py
[2024-06-12T20:40:51.240+0000] {processor.py:753} INFO - DAG(s) dict_keys(['mlops_A2_dag']) retrieved from /opt/airflow/dags/main.py
[2024-06-12T20:40:51.664+0000] {logging_mixin.py:137} INFO - [2024-06-12T20:40:51.662+0000] {dag.py:2690} INFO - Sync 1 DAGs
[2024-06-12T20:40:52.304+0000] {logging_mixin.py:137} INFO - [2024-06-12T20:40:52.304+0000] {dag.py:3441} INFO - Setting next_dagrun for mlops_A2_dag to 2024-06-12T19:42:45.845729+00:00, run_after=2024-06-13T19:42:45.845729+00:00
[2024-06-12T20:40:52.854+0000] {processor.py:175} INFO - Processing /opt/airflow/dags/main.py took 4.398 seconds
[2024-06-12T20:41:24.219+0000] {processor.py:153} INFO - Started process (PID=3700) to work on /opt/airflow/dags/main.py
[2024-06-12T20:41:24.250+0000] {processor.py:743} INFO - Processing file /opt/airflow/dags/main.py for tasks to queue
[2024-06-12T20:41:24.261+0000] {logging_mixin.py:137} INFO - [2024-06-12T20:41:24.260+0000] {dagbag.py:538} INFO - Filling up the DagBag from /opt/airflow/dags/main.py
[2024-06-12T20:41:26.182+0000] {processor.py:753} INFO - DAG(s) dict_keys(['mlops_A2_dag']) retrieved from /opt/airflow/dags/main.py
[2024-06-12T20:41:26.346+0000] {logging_mixin.py:137} INFO - [2024-06-12T20:41:26.345+0000] {dag.py:2690} INFO - Sync 1 DAGs
[2024-06-12T20:41:26.733+0000] {logging_mixin.py:137} INFO - [2024-06-12T20:41:26.733+0000] {dag.py:3441} INFO - Setting next_dagrun for mlops_A2_dag to 2024-06-12T19:42:45.845729+00:00, run_after=2024-06-13T19:42:45.845729+00:00
[2024-06-12T20:41:27.273+0000] {processor.py:175} INFO - Processing /opt/airflow/dags/main.py took 3.082 seconds
[2024-06-12T20:42:16.374+0000] {processor.py:153} INFO - Started process (PID=3757) to work on /opt/airflow/dags/main.py
[2024-06-12T20:42:16.383+0000] {processor.py:743} INFO - Processing file /opt/airflow/dags/main.py for tasks to queue
[2024-06-12T20:42:16.390+0000] {logging_mixin.py:137} INFO - [2024-06-12T20:42:16.389+0000] {dagbag.py:538} INFO - Filling up the DagBag from /opt/airflow/dags/main.py
[2024-06-12T20:42:19.014+0000] {processor.py:753} INFO - DAG(s) dict_keys(['mlops_A2_dag']) retrieved from /opt/airflow/dags/main.py
[2024-06-12T20:42:19.508+0000] {logging_mixin.py:137} INFO - [2024-06-12T20:42:19.506+0000] {dag.py:2690} INFO - Sync 1 DAGs
[2024-06-12T20:42:20.021+0000] {logging_mixin.py:137} INFO - [2024-06-12T20:42:20.020+0000] {dag.py:3441} INFO - Setting next_dagrun for mlops_A2_dag to 2024-06-12T19:42:45.845729+00:00, run_after=2024-06-13T19:42:45.845729+00:00
[2024-06-12T20:42:21.198+0000] {processor.py:175} INFO - Processing /opt/airflow/dags/main.py took 4.846 seconds
[2024-06-12T20:43:27.943+0000] {processor.py:153} INFO - Started process (PID=3841) to work on /opt/airflow/dags/main.py
[2024-06-12T20:43:28.057+0000] {processor.py:743} INFO - Processing file /opt/airflow/dags/main.py for tasks to queue
[2024-06-12T20:43:28.106+0000] {logging_mixin.py:137} INFO - [2024-06-12T20:43:28.106+0000] {dagbag.py:538} INFO - Filling up the DagBag from /opt/airflow/dags/main.py
[2024-06-12T20:43:31.528+0000] {processor.py:753} INFO - DAG(s) dict_keys(['mlops_A2_dag']) retrieved from /opt/airflow/dags/main.py
[2024-06-12T20:43:32.411+0000] {logging_mixin.py:137} INFO - [2024-06-12T20:43:32.370+0000] {dag.py:2690} INFO - Sync 1 DAGs
[2024-06-12T20:43:33.208+0000] {logging_mixin.py:137} INFO - [2024-06-12T20:43:33.208+0000] {dag.py:3441} INFO - Setting next_dagrun for mlops_A2_dag to 2024-06-12T19:42:45.845729+00:00, run_after=2024-06-13T19:42:45.845729+00:00
[2024-06-12T20:43:33.658+0000] {processor.py:175} INFO - Processing /opt/airflow/dags/main.py took 5.793 seconds
[2024-06-12T20:44:06.840+0000] {processor.py:153} INFO - Started process (PID=3882) to work on /opt/airflow/dags/main.py
[2024-06-12T20:44:06.883+0000] {processor.py:743} INFO - Processing file /opt/airflow/dags/main.py for tasks to queue
[2024-06-12T20:44:06.900+0000] {logging_mixin.py:137} INFO - [2024-06-12T20:44:06.899+0000] {dagbag.py:538} INFO - Filling up the DagBag from /opt/airflow/dags/main.py
[2024-06-12T20:44:12.017+0000] {processor.py:753} INFO - DAG(s) dict_keys(['mlops_A2_dag']) retrieved from /opt/airflow/dags/main.py
[2024-06-12T20:44:12.685+0000] {logging_mixin.py:137} INFO - [2024-06-12T20:44:12.684+0000] {dag.py:2690} INFO - Sync 1 DAGs
[2024-06-12T20:44:13.074+0000] {logging_mixin.py:137} INFO - [2024-06-12T20:44:13.074+0000] {dag.py:3441} INFO - Setting next_dagrun for mlops_A2_dag to 2024-06-12T19:42:45.845729+00:00, run_after=2024-06-13T19:42:45.845729+00:00
[2024-06-12T20:44:13.675+0000] {processor.py:175} INFO - Processing /opt/airflow/dags/main.py took 6.990 seconds
[2024-06-12T20:45:09.966+0000] {processor.py:153} INFO - Started process (PID=3961) to work on /opt/airflow/dags/main.py
[2024-06-12T20:45:09.994+0000] {processor.py:743} INFO - Processing file /opt/airflow/dags/main.py for tasks to queue
[2024-06-12T20:45:10.011+0000] {logging_mixin.py:137} INFO - [2024-06-12T20:45:10.010+0000] {dagbag.py:538} INFO - Filling up the DagBag from /opt/airflow/dags/main.py
[2024-06-12T20:45:13.549+0000] {processor.py:753} INFO - DAG(s) dict_keys(['mlops_A2_dag']) retrieved from /opt/airflow/dags/main.py
[2024-06-12T20:45:14.006+0000] {logging_mixin.py:137} INFO - [2024-06-12T20:45:13.968+0000] {dag.py:2690} INFO - Sync 1 DAGs
[2024-06-12T20:45:14.596+0000] {logging_mixin.py:137} INFO - [2024-06-12T20:45:14.578+0000] {dag.py:3441} INFO - Setting next_dagrun for mlops_A2_dag to 2024-06-12T19:42:45.845729+00:00, run_after=2024-06-13T19:42:45.845729+00:00
[2024-06-12T20:45:14.886+0000] {processor.py:175} INFO - Processing /opt/airflow/dags/main.py took 4.958 seconds
[2024-06-12T20:46:02.962+0000] {processor.py:153} INFO - Started process (PID=4024) to work on /opt/airflow/dags/main.py
[2024-06-12T20:46:02.964+0000] {processor.py:743} INFO - Processing file /opt/airflow/dags/main.py for tasks to queue
[2024-06-12T20:46:02.966+0000] {logging_mixin.py:137} INFO - [2024-06-12T20:46:02.966+0000] {dagbag.py:538} INFO - Filling up the DagBag from /opt/airflow/dags/main.py
[2024-06-12T20:46:06.691+0000] {processor.py:753} INFO - DAG(s) dict_keys(['mlops_A2_dag']) retrieved from /opt/airflow/dags/main.py
[2024-06-12T20:46:07.173+0000] {logging_mixin.py:137} INFO - [2024-06-12T20:46:07.172+0000] {dag.py:2690} INFO - Sync 1 DAGs
[2024-06-12T20:46:07.956+0000] {logging_mixin.py:137} INFO - [2024-06-12T20:46:07.956+0000] {dag.py:3441} INFO - Setting next_dagrun for mlops_A2_dag to 2024-06-12T19:42:45.845729+00:00, run_after=2024-06-13T19:42:45.845729+00:00
[2024-06-12T20:46:08.634+0000] {processor.py:175} INFO - Processing /opt/airflow/dags/main.py took 5.711 seconds
[2024-06-12T20:47:05.897+0000] {processor.py:153} INFO - Started process (PID=4098) to work on /opt/airflow/dags/main.py
[2024-06-12T20:47:05.913+0000] {processor.py:743} INFO - Processing file /opt/airflow/dags/main.py for tasks to queue
[2024-06-12T20:47:05.946+0000] {logging_mixin.py:137} INFO - [2024-06-12T20:47:05.945+0000] {dagbag.py:538} INFO - Filling up the DagBag from /opt/airflow/dags/main.py
[2024-06-12T20:47:11.782+0000] {processor.py:753} INFO - DAG(s) dict_keys(['mlops_A2_dag']) retrieved from /opt/airflow/dags/main.py
[2024-06-12T20:47:12.513+0000] {logging_mixin.py:137} INFO - [2024-06-12T20:47:12.512+0000] {dag.py:2690} INFO - Sync 1 DAGs
[2024-06-12T20:47:13.144+0000] {logging_mixin.py:137} INFO - [2024-06-12T20:47:13.143+0000] {dag.py:3441} INFO - Setting next_dagrun for mlops_A2_dag to 2024-06-12T19:42:45.845729+00:00, run_after=2024-06-13T19:42:45.845729+00:00
[2024-06-12T20:47:13.912+0000] {processor.py:175} INFO - Processing /opt/airflow/dags/main.py took 8.096 seconds
[2024-06-12T20:47:46.329+0000] {processor.py:153} INFO - Started process (PID=4141) to work on /opt/airflow/dags/main.py
[2024-06-12T20:47:46.342+0000] {processor.py:743} INFO - Processing file /opt/airflow/dags/main.py for tasks to queue
[2024-06-12T20:47:46.360+0000] {logging_mixin.py:137} INFO - [2024-06-12T20:47:46.359+0000] {dagbag.py:538} INFO - Filling up the DagBag from /opt/airflow/dags/main.py
[2024-06-12T20:47:52.723+0000] {processor.py:753} INFO - DAG(s) dict_keys(['mlops_A2_dag']) retrieved from /opt/airflow/dags/main.py
[2024-06-12T20:47:53.898+0000] {logging_mixin.py:137} INFO - [2024-06-12T20:47:53.897+0000] {dag.py:2690} INFO - Sync 1 DAGs
[2024-06-12T20:47:54.759+0000] {logging_mixin.py:137} INFO - [2024-06-12T20:47:54.759+0000] {dag.py:3441} INFO - Setting next_dagrun for mlops_A2_dag to 2024-06-12T19:42:45.845729+00:00, run_after=2024-06-13T19:42:45.845729+00:00
[2024-06-12T20:47:55.355+0000] {processor.py:175} INFO - Processing /opt/airflow/dags/main.py took 9.077 seconds
