[2024-05-12T17:58:11.433+0000] {taskinstance.py:1083} INFO - Dependencies all met for <TaskInstance: mlops_A2_dag.setup_dvc scheduled__2024-05-11T17:27:34.109181+00:00 [queued]>
[2024-05-12T17:58:11.481+0000] {taskinstance.py:1083} INFO - Dependencies all met for <TaskInstance: mlops_A2_dag.setup_dvc scheduled__2024-05-11T17:27:34.109181+00:00 [queued]>
[2024-05-12T17:58:11.482+0000] {taskinstance.py:1279} INFO - 
--------------------------------------------------------------------------------
[2024-05-12T17:58:11.484+0000] {taskinstance.py:1280} INFO - Starting attempt 1 of 2
[2024-05-12T17:58:11.493+0000] {taskinstance.py:1281} INFO - 
--------------------------------------------------------------------------------
[2024-05-12T17:58:11.607+0000] {taskinstance.py:1300} INFO - Executing <Task(PythonOperator): setup_dvc> on 2024-05-11 17:27:34.109181+00:00
[2024-05-12T17:58:11.630+0000] {standard_task_runner.py:55} INFO - Started process 1022 to run task
[2024-05-12T17:58:11.645+0000] {standard_task_runner.py:82} INFO - Running: ['***', 'tasks', 'run', 'mlops_A2_dag', 'setup_dvc', 'scheduled__2024-05-11T17:27:34.109181+00:00', '--job-id', '11', '--raw', '--subdir', 'DAGS_FOLDER/main.py', '--cfg-path', '/tmp/tmpipcba09l']
[2024-05-12T17:58:11.657+0000] {standard_task_runner.py:83} INFO - Job 11: Subtask setup_dvc
[2024-05-12T17:58:12.013+0000] {task_command.py:388} INFO - Running <TaskInstance: mlops_A2_dag.setup_dvc scheduled__2024-05-11T17:27:34.109181+00:00 [running]> on host a018cce825ad
[2024-05-12T17:58:12.364+0000] {taskinstance.py:1509} INFO - Exporting the following env vars:
AIRFLOW_CTX_DAG_OWNER=***
AIRFLOW_CTX_DAG_ID=mlops_A2_dag
AIRFLOW_CTX_TASK_ID=setup_dvc
AIRFLOW_CTX_EXECUTION_DATE=2024-05-11T17:27:34.109181+00:00
AIRFLOW_CTX_TRY_NUMBER=1
AIRFLOW_CTX_DAG_RUN_ID=scheduled__2024-05-11T17:27:34.109181+00:00
[2024-05-12T17:58:12.391+0000] {python.py:177} INFO - Done. Returned value was: None
[2024-05-12T17:58:12.440+0000] {taskinstance.py:1323} INFO - Marking task as SUCCESS. dag_id=mlops_A2_dag, task_id=setup_dvc, execution_date=20240511T172734, start_date=20240512T175811, end_date=20240512T175812
[2024-05-12T17:58:12.646+0000] {local_task_job.py:208} INFO - Task exited with return code 0
[2024-05-12T17:58:13.254+0000] {taskinstance.py:2578} INFO - 1 downstream tasks scheduled from follow-on schedule check
