[2024-05-11T12:35:10.864+0000] {processor.py:153} INFO - Started process (PID=80) to work on /home/airflow/.local/lib/python3.7/site-packages/airflow/example_dags/example_sensors.py
[2024-05-11T12:35:10.888+0000] {processor.py:743} INFO - Processing file /home/airflow/.local/lib/python3.7/site-packages/airflow/example_dags/example_sensors.py for tasks to queue
[2024-05-11T12:35:10.893+0000] {logging_mixin.py:137} INFO - [2024-05-11T12:35:10.893+0000] {dagbag.py:538} INFO - Filling up the DagBag from /home/airflow/.local/lib/python3.7/site-packages/airflow/example_dags/example_sensors.py
[2024-05-11T12:35:11.134+0000] {processor.py:753} INFO - DAG(s) dict_keys(['example_sensors']) retrieved from /home/airflow/.local/lib/python3.7/site-packages/airflow/example_dags/example_sensors.py
[2024-05-11T12:35:12.011+0000] {logging_mixin.py:137} INFO - [2024-05-11T12:35:12.010+0000] {manager.py:504} INFO - Created Permission View: can read on DAG:example_sensors
[2024-05-11T12:35:12.045+0000] {logging_mixin.py:137} INFO - [2024-05-11T12:35:12.045+0000] {manager.py:504} INFO - Created Permission View: can delete on DAG:example_sensors
[2024-05-11T12:35:12.068+0000] {logging_mixin.py:137} INFO - [2024-05-11T12:35:12.068+0000] {manager.py:504} INFO - Created Permission View: can edit on DAG:example_sensors
[2024-05-11T12:35:12.075+0000] {logging_mixin.py:137} INFO - [2024-05-11T12:35:12.074+0000] {dag.py:2690} INFO - Sync 1 DAGs
[2024-05-11T12:35:12.149+0000] {logging_mixin.py:137} INFO - [2024-05-11T12:35:12.148+0000] {dag.py:2711} INFO - Creating ORM DAG for example_sensors
[2024-05-11T12:35:12.189+0000] {logging_mixin.py:137} INFO - [2024-05-11T12:35:12.189+0000] {dag.py:3441} INFO - Setting next_dagrun for example_sensors to None, run_after=None
[2024-05-11T12:35:12.261+0000] {processor.py:175} INFO - Processing /home/airflow/.local/lib/python3.7/site-packages/airflow/example_dags/example_sensors.py took 1.415 seconds
[2024-05-11T12:35:45.573+0000] {processor.py:153} INFO - Started process (PID=152) to work on /home/airflow/.local/lib/python3.7/site-packages/airflow/example_dags/example_sensors.py
[2024-05-11T12:35:45.575+0000] {processor.py:743} INFO - Processing file /home/airflow/.local/lib/python3.7/site-packages/airflow/example_dags/example_sensors.py for tasks to queue
[2024-05-11T12:35:45.587+0000] {logging_mixin.py:137} INFO - [2024-05-11T12:35:45.587+0000] {dagbag.py:538} INFO - Filling up the DagBag from /home/airflow/.local/lib/python3.7/site-packages/airflow/example_dags/example_sensors.py
[2024-05-11T12:35:45.780+0000] {processor.py:753} INFO - DAG(s) dict_keys(['example_sensors']) retrieved from /home/airflow/.local/lib/python3.7/site-packages/airflow/example_dags/example_sensors.py
[2024-05-11T12:35:46.091+0000] {logging_mixin.py:137} INFO - [2024-05-11T12:35:46.091+0000] {dag.py:2690} INFO - Sync 1 DAGs
[2024-05-11T12:35:46.685+0000] {logging_mixin.py:137} INFO - [2024-05-11T12:35:46.685+0000] {dag.py:3441} INFO - Setting next_dagrun for example_sensors to None, run_after=None
[2024-05-11T12:35:46.975+0000] {processor.py:175} INFO - Processing /home/airflow/.local/lib/python3.7/site-packages/airflow/example_dags/example_sensors.py took 1.427 seconds
[2024-05-11T12:36:17.531+0000] {processor.py:153} INFO - Started process (PID=212) to work on /home/airflow/.local/lib/python3.7/site-packages/airflow/example_dags/example_sensors.py
[2024-05-11T12:36:17.536+0000] {processor.py:743} INFO - Processing file /home/airflow/.local/lib/python3.7/site-packages/airflow/example_dags/example_sensors.py for tasks to queue
[2024-05-11T12:36:17.539+0000] {logging_mixin.py:137} INFO - [2024-05-11T12:36:17.538+0000] {dagbag.py:538} INFO - Filling up the DagBag from /home/airflow/.local/lib/python3.7/site-packages/airflow/example_dags/example_sensors.py
[2024-05-11T12:36:17.658+0000] {processor.py:753} INFO - DAG(s) dict_keys(['example_sensors']) retrieved from /home/airflow/.local/lib/python3.7/site-packages/airflow/example_dags/example_sensors.py
[2024-05-11T12:36:17.849+0000] {logging_mixin.py:137} INFO - [2024-05-11T12:36:17.848+0000] {dag.py:2690} INFO - Sync 1 DAGs
[2024-05-11T12:36:18.086+0000] {logging_mixin.py:137} INFO - [2024-05-11T12:36:18.085+0000] {dag.py:3441} INFO - Setting next_dagrun for example_sensors to None, run_after=None
[2024-05-11T12:36:18.292+0000] {processor.py:175} INFO - Processing /home/airflow/.local/lib/python3.7/site-packages/airflow/example_dags/example_sensors.py took 0.778 seconds
