[2024-05-11T12:35:24.898+0000] {processor.py:153} INFO - Started process (PID=110) to work on /home/airflow/.local/lib/python3.7/site-packages/airflow/example_dags/example_branch_datetime_operator.py
[2024-05-11T12:35:24.913+0000] {processor.py:743} INFO - Processing file /home/airflow/.local/lib/python3.7/site-packages/airflow/example_dags/example_branch_datetime_operator.py for tasks to queue
[2024-05-11T12:35:24.918+0000] {logging_mixin.py:137} INFO - [2024-05-11T12:35:24.917+0000] {dagbag.py:538} INFO - Filling up the DagBag from /home/airflow/.local/lib/python3.7/site-packages/airflow/example_dags/example_branch_datetime_operator.py
[2024-05-11T12:35:25.249+0000] {processor.py:753} INFO - DAG(s) dict_keys(['example_branch_datetime_operator_3', 'example_branch_datetime_operator_2', 'example_branch_datetime_operator']) retrieved from /home/airflow/.local/lib/python3.7/site-packages/airflow/example_dags/example_branch_datetime_operator.py
[2024-05-11T12:35:26.607+0000] {logging_mixin.py:137} INFO - [2024-05-11T12:35:26.606+0000] {manager.py:504} INFO - Created Permission View: can read on DAG:example_branch_datetime_operator_3
[2024-05-11T12:35:26.643+0000] {logging_mixin.py:137} INFO - [2024-05-11T12:35:26.642+0000] {manager.py:504} INFO - Created Permission View: can delete on DAG:example_branch_datetime_operator_3
[2024-05-11T12:35:26.666+0000] {logging_mixin.py:137} INFO - [2024-05-11T12:35:26.666+0000] {manager.py:504} INFO - Created Permission View: can edit on DAG:example_branch_datetime_operator_3
[2024-05-11T12:35:26.758+0000] {logging_mixin.py:137} INFO - [2024-05-11T12:35:26.757+0000] {manager.py:504} INFO - Created Permission View: can read on DAG:example_branch_datetime_operator_2
[2024-05-11T12:35:26.801+0000] {logging_mixin.py:137} INFO - [2024-05-11T12:35:26.801+0000] {manager.py:504} INFO - Created Permission View: can delete on DAG:example_branch_datetime_operator_2
[2024-05-11T12:35:26.873+0000] {logging_mixin.py:137} INFO - [2024-05-11T12:35:26.873+0000] {manager.py:504} INFO - Created Permission View: can edit on DAG:example_branch_datetime_operator_2
[2024-05-11T12:35:27.017+0000] {logging_mixin.py:137} INFO - [2024-05-11T12:35:27.016+0000] {manager.py:504} INFO - Created Permission View: can read on DAG:example_branch_datetime_operator
[2024-05-11T12:35:27.157+0000] {logging_mixin.py:137} INFO - [2024-05-11T12:35:27.156+0000] {manager.py:504} INFO - Created Permission View: can delete on DAG:example_branch_datetime_operator
[2024-05-11T12:35:27.234+0000] {logging_mixin.py:137} INFO - [2024-05-11T12:35:27.234+0000] {manager.py:504} INFO - Created Permission View: can edit on DAG:example_branch_datetime_operator
[2024-05-11T12:35:27.241+0000] {logging_mixin.py:137} INFO - [2024-05-11T12:35:27.240+0000] {dag.py:2690} INFO - Sync 3 DAGs
[2024-05-11T12:35:27.311+0000] {logging_mixin.py:137} INFO - [2024-05-11T12:35:27.311+0000] {dag.py:2711} INFO - Creating ORM DAG for example_branch_datetime_operator_2
[2024-05-11T12:35:27.317+0000] {logging_mixin.py:137} INFO - [2024-05-11T12:35:27.317+0000] {dag.py:2711} INFO - Creating ORM DAG for example_branch_datetime_operator
[2024-05-11T12:35:27.319+0000] {logging_mixin.py:137} INFO - [2024-05-11T12:35:27.319+0000] {dag.py:2711} INFO - Creating ORM DAG for example_branch_datetime_operator_3
[2024-05-11T12:35:27.430+0000] {logging_mixin.py:137} INFO - [2024-05-11T12:35:27.430+0000] {dag.py:3441} INFO - Setting next_dagrun for example_branch_datetime_operator to 2024-05-10T00:00:00+00:00, run_after=2024-05-11T00:00:00+00:00
[2024-05-11T12:35:27.444+0000] {logging_mixin.py:137} INFO - [2024-05-11T12:35:27.444+0000] {dag.py:3441} INFO - Setting next_dagrun for example_branch_datetime_operator_2 to 2024-05-10T00:00:00+00:00, run_after=2024-05-11T00:00:00+00:00
[2024-05-11T12:35:27.458+0000] {logging_mixin.py:137} INFO - [2024-05-11T12:35:27.457+0000] {dag.py:3441} INFO - Setting next_dagrun for example_branch_datetime_operator_3 to 2024-05-10T00:00:00+00:00, run_after=2024-05-11T00:00:00+00:00
[2024-05-11T12:35:27.551+0000] {processor.py:175} INFO - Processing /home/airflow/.local/lib/python3.7/site-packages/airflow/example_dags/example_branch_datetime_operator.py took 2.674 seconds
[2024-05-11T12:35:57.706+0000] {processor.py:153} INFO - Started process (PID=175) to work on /home/airflow/.local/lib/python3.7/site-packages/airflow/example_dags/example_branch_datetime_operator.py
[2024-05-11T12:35:57.718+0000] {processor.py:743} INFO - Processing file /home/airflow/.local/lib/python3.7/site-packages/airflow/example_dags/example_branch_datetime_operator.py for tasks to queue
[2024-05-11T12:35:57.723+0000] {logging_mixin.py:137} INFO - [2024-05-11T12:35:57.723+0000] {dagbag.py:538} INFO - Filling up the DagBag from /home/airflow/.local/lib/python3.7/site-packages/airflow/example_dags/example_branch_datetime_operator.py
[2024-05-11T12:35:57.810+0000] {processor.py:753} INFO - DAG(s) dict_keys(['example_branch_datetime_operator_2', 'example_branch_datetime_operator', 'example_branch_datetime_operator_3']) retrieved from /home/airflow/.local/lib/python3.7/site-packages/airflow/example_dags/example_branch_datetime_operator.py
[2024-05-11T12:35:57.935+0000] {logging_mixin.py:137} INFO - [2024-05-11T12:35:57.934+0000] {dag.py:2690} INFO - Sync 3 DAGs
[2024-05-11T12:35:58.016+0000] {logging_mixin.py:137} INFO - [2024-05-11T12:35:58.016+0000] {dag.py:3441} INFO - Setting next_dagrun for example_branch_datetime_operator to 2024-05-10T00:00:00+00:00, run_after=2024-05-11T00:00:00+00:00
[2024-05-11T12:35:58.030+0000] {logging_mixin.py:137} INFO - [2024-05-11T12:35:58.030+0000] {dag.py:3441} INFO - Setting next_dagrun for example_branch_datetime_operator_2 to 2024-05-10T00:00:00+00:00, run_after=2024-05-11T00:00:00+00:00
[2024-05-11T12:35:58.042+0000] {logging_mixin.py:137} INFO - [2024-05-11T12:35:58.041+0000] {dag.py:3441} INFO - Setting next_dagrun for example_branch_datetime_operator_3 to 2024-05-10T00:00:00+00:00, run_after=2024-05-11T00:00:00+00:00
[2024-05-11T12:35:58.158+0000] {processor.py:175} INFO - Processing /home/airflow/.local/lib/python3.7/site-packages/airflow/example_dags/example_branch_datetime_operator.py took 0.463 seconds
