[2024-05-11T12:35:07.073+0000] {processor.py:153} INFO - Started process (PID=77) to work on /home/airflow/.local/lib/python3.7/site-packages/airflow/example_dags/example_datasets.py
[2024-05-11T12:35:07.105+0000] {processor.py:743} INFO - Processing file /home/airflow/.local/lib/python3.7/site-packages/airflow/example_dags/example_datasets.py for tasks to queue
[2024-05-11T12:35:07.114+0000] {logging_mixin.py:137} INFO - [2024-05-11T12:35:07.113+0000] {dagbag.py:538} INFO - Filling up the DagBag from /home/airflow/.local/lib/python3.7/site-packages/airflow/example_dags/example_datasets.py
[2024-05-11T12:35:07.374+0000] {processor.py:753} INFO - DAG(s) dict_keys(['dataset_consumes_unknown_never_scheduled', 'dataset_consumes_1', 'dataset_consumes_1_and_2', 'dataset_consumes_1_never_scheduled', 'dataset_produces_1', 'dataset_produces_2']) retrieved from /home/airflow/.local/lib/python3.7/site-packages/airflow/example_dags/example_datasets.py
[2024-05-11T12:35:08.141+0000] {logging_mixin.py:137} INFO - [2024-05-11T12:35:08.140+0000] {manager.py:504} INFO - Created Permission View: can read on DAG:dataset_consumes_unknown_never_scheduled
[2024-05-11T12:35:08.221+0000] {logging_mixin.py:137} INFO - [2024-05-11T12:35:08.220+0000] {manager.py:504} INFO - Created Permission View: can delete on DAG:dataset_consumes_unknown_never_scheduled
[2024-05-11T12:35:08.288+0000] {logging_mixin.py:137} INFO - [2024-05-11T12:35:08.287+0000] {manager.py:504} INFO - Created Permission View: can edit on DAG:dataset_consumes_unknown_never_scheduled
[2024-05-11T12:35:08.404+0000] {logging_mixin.py:137} INFO - [2024-05-11T12:35:08.404+0000] {manager.py:504} INFO - Created Permission View: can read on DAG:dataset_consumes_1
[2024-05-11T12:35:08.485+0000] {logging_mixin.py:137} INFO - [2024-05-11T12:35:08.484+0000] {manager.py:504} INFO - Created Permission View: can delete on DAG:dataset_consumes_1
[2024-05-11T12:35:08.537+0000] {logging_mixin.py:137} INFO - [2024-05-11T12:35:08.536+0000] {manager.py:504} INFO - Created Permission View: can edit on DAG:dataset_consumes_1
[2024-05-11T12:35:08.621+0000] {logging_mixin.py:137} INFO - [2024-05-11T12:35:08.621+0000] {manager.py:504} INFO - Created Permission View: can read on DAG:dataset_consumes_1_and_2
[2024-05-11T12:35:08.644+0000] {logging_mixin.py:137} INFO - [2024-05-11T12:35:08.644+0000] {manager.py:504} INFO - Created Permission View: can delete on DAG:dataset_consumes_1_and_2
[2024-05-11T12:35:08.671+0000] {logging_mixin.py:137} INFO - [2024-05-11T12:35:08.671+0000] {manager.py:504} INFO - Created Permission View: can edit on DAG:dataset_consumes_1_and_2
[2024-05-11T12:35:08.729+0000] {logging_mixin.py:137} INFO - [2024-05-11T12:35:08.728+0000] {manager.py:504} INFO - Created Permission View: can read on DAG:dataset_consumes_1_never_scheduled
[2024-05-11T12:35:08.776+0000] {logging_mixin.py:137} INFO - [2024-05-11T12:35:08.776+0000] {manager.py:504} INFO - Created Permission View: can delete on DAG:dataset_consumes_1_never_scheduled
[2024-05-11T12:35:08.887+0000] {logging_mixin.py:137} INFO - [2024-05-11T12:35:08.887+0000] {manager.py:504} INFO - Created Permission View: can edit on DAG:dataset_consumes_1_never_scheduled
[2024-05-11T12:35:09.048+0000] {logging_mixin.py:137} INFO - [2024-05-11T12:35:09.047+0000] {manager.py:504} INFO - Created Permission View: can read on DAG:dataset_produces_1
[2024-05-11T12:35:09.116+0000] {logging_mixin.py:137} INFO - [2024-05-11T12:35:09.116+0000] {manager.py:504} INFO - Created Permission View: can delete on DAG:dataset_produces_1
[2024-05-11T12:35:09.176+0000] {logging_mixin.py:137} INFO - [2024-05-11T12:35:09.175+0000] {manager.py:504} INFO - Created Permission View: can edit on DAG:dataset_produces_1
[2024-05-11T12:35:09.290+0000] {logging_mixin.py:137} INFO - [2024-05-11T12:35:09.289+0000] {manager.py:504} INFO - Created Permission View: can read on DAG:dataset_produces_2
[2024-05-11T12:35:09.337+0000] {logging_mixin.py:137} INFO - [2024-05-11T12:35:09.337+0000] {manager.py:504} INFO - Created Permission View: can delete on DAG:dataset_produces_2
[2024-05-11T12:35:09.399+0000] {logging_mixin.py:137} INFO - [2024-05-11T12:35:09.398+0000] {manager.py:504} INFO - Created Permission View: can edit on DAG:dataset_produces_2
[2024-05-11T12:35:09.403+0000] {logging_mixin.py:137} INFO - [2024-05-11T12:35:09.402+0000] {dag.py:2690} INFO - Sync 6 DAGs
[2024-05-11T12:35:09.572+0000] {logging_mixin.py:137} INFO - [2024-05-11T12:35:09.571+0000] {dag.py:2711} INFO - Creating ORM DAG for dataset_consumes_1_never_scheduled
[2024-05-11T12:35:09.593+0000] {logging_mixin.py:137} INFO - [2024-05-11T12:35:09.592+0000] {dag.py:2711} INFO - Creating ORM DAG for dataset_consumes_1_and_2
[2024-05-11T12:35:09.611+0000] {logging_mixin.py:137} INFO - [2024-05-11T12:35:09.610+0000] {dag.py:2711} INFO - Creating ORM DAG for dataset_consumes_1
[2024-05-11T12:35:09.614+0000] {logging_mixin.py:137} INFO - [2024-05-11T12:35:09.614+0000] {dag.py:2711} INFO - Creating ORM DAG for dataset_produces_2
[2024-05-11T12:35:09.616+0000] {logging_mixin.py:137} INFO - [2024-05-11T12:35:09.616+0000] {dag.py:2711} INFO - Creating ORM DAG for dataset_produces_1
[2024-05-11T12:35:09.638+0000] {logging_mixin.py:137} INFO - [2024-05-11T12:35:09.638+0000] {dag.py:2711} INFO - Creating ORM DAG for dataset_consumes_unknown_never_scheduled
[2024-05-11T12:35:09.718+0000] {logging_mixin.py:137} INFO - [2024-05-11T12:35:09.717+0000] {dag.py:3441} INFO - Setting next_dagrun for dataset_consumes_1 to None, run_after=None
[2024-05-11T12:35:09.727+0000] {logging_mixin.py:137} INFO - [2024-05-11T12:35:09.727+0000] {dag.py:3441} INFO - Setting next_dagrun for dataset_consumes_1_and_2 to None, run_after=None
[2024-05-11T12:35:09.821+0000] {logging_mixin.py:137} INFO - [2024-05-11T12:35:09.820+0000] {dag.py:3441} INFO - Setting next_dagrun for dataset_consumes_1_never_scheduled to None, run_after=None
[2024-05-11T12:35:09.831+0000] {logging_mixin.py:137} INFO - [2024-05-11T12:35:09.830+0000] {dag.py:3441} INFO - Setting next_dagrun for dataset_consumes_unknown_never_scheduled to None, run_after=None
[2024-05-11T12:35:09.951+0000] {logging_mixin.py:137} INFO - [2024-05-11T12:35:09.951+0000] {dag.py:3441} INFO - Setting next_dagrun for dataset_produces_1 to 2024-05-10T00:00:00+00:00, run_after=2024-05-11T00:00:00+00:00
[2024-05-11T12:35:09.978+0000] {logging_mixin.py:137} INFO - [2024-05-11T12:35:09.977+0000] {dag.py:3441} INFO - Setting next_dagrun for dataset_produces_2 to None, run_after=None
[2024-05-11T12:35:10.316+0000] {processor.py:175} INFO - Processing /home/airflow/.local/lib/python3.7/site-packages/airflow/example_dags/example_datasets.py took 3.302 seconds
[2024-05-11T12:35:43.392+0000] {processor.py:153} INFO - Started process (PID=150) to work on /home/airflow/.local/lib/python3.7/site-packages/airflow/example_dags/example_datasets.py
[2024-05-11T12:35:43.418+0000] {processor.py:743} INFO - Processing file /home/airflow/.local/lib/python3.7/site-packages/airflow/example_dags/example_datasets.py for tasks to queue
[2024-05-11T12:35:43.458+0000] {logging_mixin.py:137} INFO - [2024-05-11T12:35:43.457+0000] {dagbag.py:538} INFO - Filling up the DagBag from /home/airflow/.local/lib/python3.7/site-packages/airflow/example_dags/example_datasets.py
[2024-05-11T12:35:43.828+0000] {processor.py:753} INFO - DAG(s) dict_keys(['dataset_consumes_unknown_never_scheduled', 'dataset_produces_2', 'dataset_consumes_1_and_2', 'dataset_consumes_1_never_scheduled', 'dataset_consumes_1', 'dataset_produces_1']) retrieved from /home/airflow/.local/lib/python3.7/site-packages/airflow/example_dags/example_datasets.py
[2024-05-11T12:35:44.226+0000] {logging_mixin.py:137} INFO - [2024-05-11T12:35:44.226+0000] {dag.py:2690} INFO - Sync 6 DAGs
[2024-05-11T12:35:44.587+0000] {logging_mixin.py:137} INFO - [2024-05-11T12:35:44.586+0000] {dag.py:3441} INFO - Setting next_dagrun for dataset_consumes_1 to None, run_after=None
[2024-05-11T12:35:44.650+0000] {logging_mixin.py:137} INFO - [2024-05-11T12:35:44.649+0000] {dag.py:3441} INFO - Setting next_dagrun for dataset_consumes_1_and_2 to None, run_after=None
[2024-05-11T12:35:44.665+0000] {logging_mixin.py:137} INFO - [2024-05-11T12:35:44.665+0000] {dag.py:3441} INFO - Setting next_dagrun for dataset_consumes_1_never_scheduled to None, run_after=None
[2024-05-11T12:35:44.672+0000] {logging_mixin.py:137} INFO - [2024-05-11T12:35:44.672+0000] {dag.py:3441} INFO - Setting next_dagrun for dataset_consumes_unknown_never_scheduled to None, run_after=None
[2024-05-11T12:35:44.696+0000] {logging_mixin.py:137} INFO - [2024-05-11T12:35:44.688+0000] {dag.py:3441} INFO - Setting next_dagrun for dataset_produces_1 to 2024-05-10T00:00:00+00:00, run_after=2024-05-11T00:00:00+00:00
[2024-05-11T12:35:44.703+0000] {logging_mixin.py:137} INFO - [2024-05-11T12:35:44.703+0000] {dag.py:3441} INFO - Setting next_dagrun for dataset_produces_2 to None, run_after=None
[2024-05-11T12:35:45.099+0000] {processor.py:175} INFO - Processing /home/airflow/.local/lib/python3.7/site-packages/airflow/example_dags/example_datasets.py took 1.727 seconds
[2024-05-11T12:36:15.807+0000] {processor.py:153} INFO - Started process (PID=204) to work on /home/airflow/.local/lib/python3.7/site-packages/airflow/example_dags/example_datasets.py
[2024-05-11T12:36:15.826+0000] {processor.py:743} INFO - Processing file /home/airflow/.local/lib/python3.7/site-packages/airflow/example_dags/example_datasets.py for tasks to queue
[2024-05-11T12:36:15.832+0000] {logging_mixin.py:137} INFO - [2024-05-11T12:36:15.830+0000] {dagbag.py:538} INFO - Filling up the DagBag from /home/airflow/.local/lib/python3.7/site-packages/airflow/example_dags/example_datasets.py
[2024-05-11T12:36:15.961+0000] {processor.py:753} INFO - DAG(s) dict_keys(['dataset_consumes_1', 'dataset_consumes_1_and_2', 'dataset_produces_2', 'dataset_consumes_unknown_never_scheduled', 'dataset_consumes_1_never_scheduled', 'dataset_produces_1']) retrieved from /home/airflow/.local/lib/python3.7/site-packages/airflow/example_dags/example_datasets.py
[2024-05-11T12:36:16.214+0000] {logging_mixin.py:137} INFO - [2024-05-11T12:36:16.214+0000] {dag.py:2690} INFO - Sync 6 DAGs
[2024-05-11T12:36:16.400+0000] {logging_mixin.py:137} INFO - [2024-05-11T12:36:16.399+0000] {dag.py:3441} INFO - Setting next_dagrun for dataset_consumes_1 to None, run_after=None
[2024-05-11T12:36:16.428+0000] {logging_mixin.py:137} INFO - [2024-05-11T12:36:16.428+0000] {dag.py:3441} INFO - Setting next_dagrun for dataset_consumes_1_and_2 to None, run_after=None
[2024-05-11T12:36:16.432+0000] {logging_mixin.py:137} INFO - [2024-05-11T12:36:16.432+0000] {dag.py:3441} INFO - Setting next_dagrun for dataset_consumes_1_never_scheduled to None, run_after=None
[2024-05-11T12:36:16.438+0000] {logging_mixin.py:137} INFO - [2024-05-11T12:36:16.438+0000] {dag.py:3441} INFO - Setting next_dagrun for dataset_consumes_unknown_never_scheduled to None, run_after=None
[2024-05-11T12:36:16.448+0000] {logging_mixin.py:137} INFO - [2024-05-11T12:36:16.448+0000] {dag.py:3441} INFO - Setting next_dagrun for dataset_produces_1 to 2024-05-10T00:00:00+00:00, run_after=2024-05-11T00:00:00+00:00
[2024-05-11T12:36:16.455+0000] {logging_mixin.py:137} INFO - [2024-05-11T12:36:16.455+0000] {dag.py:3441} INFO - Setting next_dagrun for dataset_produces_2 to None, run_after=None
[2024-05-11T12:36:16.636+0000] {processor.py:175} INFO - Processing /home/airflow/.local/lib/python3.7/site-packages/airflow/example_dags/example_datasets.py took 0.837 seconds
