[2024-05-11T12:35:31.117+0000] {processor.py:153} INFO - Started process (PID=118) to work on /home/airflow/.local/lib/python3.7/site-packages/airflow/example_dags/example_subdag_operator.py
[2024-05-11T12:35:31.124+0000] {processor.py:743} INFO - Processing file /home/airflow/.local/lib/python3.7/site-packages/airflow/example_dags/example_subdag_operator.py for tasks to queue
[2024-05-11T12:35:31.128+0000] {logging_mixin.py:137} INFO - [2024-05-11T12:35:31.127+0000] {dagbag.py:538} INFO - Filling up the DagBag from /home/airflow/.local/lib/python3.7/site-packages/airflow/example_dags/example_subdag_operator.py
[2024-05-11T12:35:31.364+0000] {processor.py:753} INFO - DAG(s) dict_keys(['example_subdag_operator.section-1', 'example_subdag_operator.section-2', 'example_subdag_operator']) retrieved from /home/airflow/.local/lib/python3.7/site-packages/airflow/example_dags/example_subdag_operator.py
[2024-05-11T12:35:32.024+0000] {logging_mixin.py:137} INFO - [2024-05-11T12:35:32.023+0000] {manager.py:504} INFO - Created Permission View: can read on DAG:example_subdag_operator
[2024-05-11T12:35:32.087+0000] {logging_mixin.py:137} INFO - [2024-05-11T12:35:32.087+0000] {manager.py:504} INFO - Created Permission View: can delete on DAG:example_subdag_operator
[2024-05-11T12:35:32.146+0000] {logging_mixin.py:137} INFO - [2024-05-11T12:35:32.145+0000] {manager.py:504} INFO - Created Permission View: can edit on DAG:example_subdag_operator
[2024-05-11T12:35:32.149+0000] {logging_mixin.py:137} INFO - [2024-05-11T12:35:32.148+0000] {dag.py:2690} INFO - Sync 3 DAGs
[2024-05-11T12:35:32.219+0000] {logging_mixin.py:137} INFO - [2024-05-11T12:35:32.219+0000] {dag.py:2711} INFO - Creating ORM DAG for example_subdag_operator.section-1
[2024-05-11T12:35:32.230+0000] {logging_mixin.py:137} INFO - [2024-05-11T12:35:32.229+0000] {dag.py:2711} INFO - Creating ORM DAG for example_subdag_operator
[2024-05-11T12:35:32.233+0000] {logging_mixin.py:137} INFO - [2024-05-11T12:35:32.232+0000] {dag.py:2711} INFO - Creating ORM DAG for example_subdag_operator.section-2
[2024-05-11T12:35:32.297+0000] {logging_mixin.py:137} INFO - [2024-05-11T12:35:32.297+0000] {dag.py:3441} INFO - Setting next_dagrun for example_subdag_operator to 2022-01-01T00:00:00+00:00, run_after=2022-01-01T00:00:00+00:00
[2024-05-11T12:35:32.300+0000] {logging_mixin.py:137} INFO - [2024-05-11T12:35:32.300+0000] {dag.py:3441} INFO - Setting next_dagrun for example_subdag_operator.section-1 to None, run_after=None
[2024-05-11T12:35:32.302+0000] {logging_mixin.py:137} INFO - [2024-05-11T12:35:32.302+0000] {dag.py:3441} INFO - Setting next_dagrun for example_subdag_operator.section-2 to None, run_after=None
[2024-05-11T12:35:32.347+0000] {logging_mixin.py:137} INFO - [2024-05-11T12:35:32.347+0000] {dag.py:2690} INFO - Sync 2 DAGs
[2024-05-11T12:35:32.378+0000] {logging_mixin.py:137} INFO - [2024-05-11T12:35:32.378+0000] {dag.py:3441} INFO - Setting next_dagrun for example_subdag_operator.section-1 to None, run_after=None
[2024-05-11T12:35:32.396+0000] {logging_mixin.py:137} INFO - [2024-05-11T12:35:32.395+0000] {dag.py:3441} INFO - Setting next_dagrun for example_subdag_operator.section-2 to None, run_after=None
[2024-05-11T12:35:32.459+0000] {processor.py:175} INFO - Processing /home/airflow/.local/lib/python3.7/site-packages/airflow/example_dags/example_subdag_operator.py took 1.360 seconds
[2024-05-11T12:36:04.020+0000] {processor.py:153} INFO - Started process (PID=189) to work on /home/airflow/.local/lib/python3.7/site-packages/airflow/example_dags/example_subdag_operator.py
[2024-05-11T12:36:04.046+0000] {processor.py:743} INFO - Processing file /home/airflow/.local/lib/python3.7/site-packages/airflow/example_dags/example_subdag_operator.py for tasks to queue
[2024-05-11T12:36:04.066+0000] {logging_mixin.py:137} INFO - [2024-05-11T12:36:04.066+0000] {dagbag.py:538} INFO - Filling up the DagBag from /home/airflow/.local/lib/python3.7/site-packages/airflow/example_dags/example_subdag_operator.py
[2024-05-11T12:36:04.341+0000] {processor.py:753} INFO - DAG(s) dict_keys(['example_subdag_operator.section-1', 'example_subdag_operator.section-2', 'example_subdag_operator']) retrieved from /home/airflow/.local/lib/python3.7/site-packages/airflow/example_dags/example_subdag_operator.py
[2024-05-11T12:36:04.436+0000] {logging_mixin.py:137} INFO - [2024-05-11T12:36:04.435+0000] {dag.py:2690} INFO - Sync 3 DAGs
[2024-05-11T12:36:04.654+0000] {logging_mixin.py:137} INFO - [2024-05-11T12:36:04.654+0000] {dag.py:3441} INFO - Setting next_dagrun for example_subdag_operator to 2022-01-01T00:00:00+00:00, run_after=2022-01-01T00:00:00+00:00
[2024-05-11T12:36:04.672+0000] {logging_mixin.py:137} INFO - [2024-05-11T12:36:04.672+0000] {dag.py:3441} INFO - Setting next_dagrun for example_subdag_operator.section-1 to None, run_after=None
[2024-05-11T12:36:04.684+0000] {logging_mixin.py:137} INFO - [2024-05-11T12:36:04.684+0000] {dag.py:3441} INFO - Setting next_dagrun for example_subdag_operator.section-2 to None, run_after=None
[2024-05-11T12:36:04.731+0000] {logging_mixin.py:137} INFO - [2024-05-11T12:36:04.730+0000] {dag.py:2690} INFO - Sync 2 DAGs
[2024-05-11T12:36:04.759+0000] {logging_mixin.py:137} INFO - [2024-05-11T12:36:04.759+0000] {dag.py:3441} INFO - Setting next_dagrun for example_subdag_operator.section-1 to None, run_after=None
[2024-05-11T12:36:04.761+0000] {logging_mixin.py:137} INFO - [2024-05-11T12:36:04.760+0000] {dag.py:3441} INFO - Setting next_dagrun for example_subdag_operator.section-2 to None, run_after=None
[2024-05-11T12:36:04.825+0000] {processor.py:175} INFO - Processing /home/airflow/.local/lib/python3.7/site-packages/airflow/example_dags/example_subdag_operator.py took 0.870 seconds
