[2024-05-11T12:35:32.669+0000] {processor.py:153} INFO - Started process (PID=120) to work on /home/airflow/.local/lib/python3.7/site-packages/airflow/example_dags/example_xcomargs.py
[2024-05-11T12:35:32.672+0000] {processor.py:743} INFO - Processing file /home/airflow/.local/lib/python3.7/site-packages/airflow/example_dags/example_xcomargs.py for tasks to queue
[2024-05-11T12:35:32.675+0000] {logging_mixin.py:137} INFO - [2024-05-11T12:35:32.675+0000] {dagbag.py:538} INFO - Filling up the DagBag from /home/airflow/.local/lib/python3.7/site-packages/airflow/example_dags/example_xcomargs.py
[2024-05-11T12:35:32.828+0000] {processor.py:753} INFO - DAG(s) dict_keys(['example_xcom_args', 'example_xcom_args_with_operators']) retrieved from /home/airflow/.local/lib/python3.7/site-packages/airflow/example_dags/example_xcomargs.py
[2024-05-11T12:35:33.597+0000] {logging_mixin.py:137} INFO - [2024-05-11T12:35:33.596+0000] {manager.py:504} INFO - Created Permission View: can read on DAG:example_xcom_args
[2024-05-11T12:35:33.673+0000] {logging_mixin.py:137} INFO - [2024-05-11T12:35:33.673+0000] {manager.py:504} INFO - Created Permission View: can delete on DAG:example_xcom_args
[2024-05-11T12:35:33.736+0000] {logging_mixin.py:137} INFO - [2024-05-11T12:35:33.735+0000] {manager.py:504} INFO - Created Permission View: can edit on DAG:example_xcom_args
[2024-05-11T12:35:33.800+0000] {logging_mixin.py:137} INFO - [2024-05-11T12:35:33.799+0000] {manager.py:504} INFO - Created Permission View: can read on DAG:example_xcom_args_with_operators
[2024-05-11T12:35:33.852+0000] {logging_mixin.py:137} INFO - [2024-05-11T12:35:33.851+0000] {manager.py:504} INFO - Created Permission View: can delete on DAG:example_xcom_args_with_operators
[2024-05-11T12:35:33.887+0000] {logging_mixin.py:137} INFO - [2024-05-11T12:35:33.887+0000] {manager.py:504} INFO - Created Permission View: can edit on DAG:example_xcom_args_with_operators
[2024-05-11T12:35:33.896+0000] {logging_mixin.py:137} INFO - [2024-05-11T12:35:33.891+0000] {dag.py:2690} INFO - Sync 2 DAGs
[2024-05-11T12:35:34.039+0000] {logging_mixin.py:137} INFO - [2024-05-11T12:35:34.039+0000] {dag.py:2711} INFO - Creating ORM DAG for example_xcom_args_with_operators
[2024-05-11T12:35:34.052+0000] {logging_mixin.py:137} INFO - [2024-05-11T12:35:34.052+0000] {dag.py:2711} INFO - Creating ORM DAG for example_xcom_args
[2024-05-11T12:35:34.118+0000] {logging_mixin.py:137} INFO - [2024-05-11T12:35:34.118+0000] {dag.py:3441} INFO - Setting next_dagrun for example_xcom_args to None, run_after=None
[2024-05-11T12:35:34.126+0000] {logging_mixin.py:137} INFO - [2024-05-11T12:35:34.126+0000] {dag.py:3441} INFO - Setting next_dagrun for example_xcom_args_with_operators to None, run_after=None
[2024-05-11T12:35:34.288+0000] {processor.py:175} INFO - Processing /home/airflow/.local/lib/python3.7/site-packages/airflow/example_dags/example_xcomargs.py took 1.636 seconds
[2024-05-11T12:36:05.042+0000] {processor.py:153} INFO - Started process (PID=192) to work on /home/airflow/.local/lib/python3.7/site-packages/airflow/example_dags/example_xcomargs.py
[2024-05-11T12:36:05.046+0000] {processor.py:743} INFO - Processing file /home/airflow/.local/lib/python3.7/site-packages/airflow/example_dags/example_xcomargs.py for tasks to queue
[2024-05-11T12:36:05.048+0000] {logging_mixin.py:137} INFO - [2024-05-11T12:36:05.048+0000] {dagbag.py:538} INFO - Filling up the DagBag from /home/airflow/.local/lib/python3.7/site-packages/airflow/example_dags/example_xcomargs.py
[2024-05-11T12:36:05.130+0000] {processor.py:753} INFO - DAG(s) dict_keys(['example_xcom_args', 'example_xcom_args_with_operators']) retrieved from /home/airflow/.local/lib/python3.7/site-packages/airflow/example_dags/example_xcomargs.py
[2024-05-11T12:36:05.277+0000] {logging_mixin.py:137} INFO - [2024-05-11T12:36:05.276+0000] {dag.py:2690} INFO - Sync 2 DAGs
[2024-05-11T12:36:05.399+0000] {logging_mixin.py:137} INFO - [2024-05-11T12:36:05.398+0000] {dag.py:3441} INFO - Setting next_dagrun for example_xcom_args to None, run_after=None
[2024-05-11T12:36:05.422+0000] {logging_mixin.py:137} INFO - [2024-05-11T12:36:05.422+0000] {dag.py:3441} INFO - Setting next_dagrun for example_xcom_args_with_operators to None, run_after=None
[2024-05-11T12:36:05.503+0000] {processor.py:175} INFO - Processing /home/airflow/.local/lib/python3.7/site-packages/airflow/example_dags/example_xcomargs.py took 0.474 seconds
