[2024-05-11T12:35:00.460+0000] {processor.py:153} INFO - Started process (PID=73) to work on /home/airflow/.local/lib/python3.7/site-packages/airflow/example_dags/example_branch_labels.py
[2024-05-11T12:35:00.479+0000] {processor.py:743} INFO - Processing file /home/airflow/.local/lib/python3.7/site-packages/airflow/example_dags/example_branch_labels.py for tasks to queue
[2024-05-11T12:35:00.496+0000] {logging_mixin.py:137} INFO - [2024-05-11T12:35:00.495+0000] {dagbag.py:538} INFO - Filling up the DagBag from /home/airflow/.local/lib/python3.7/site-packages/airflow/example_dags/example_branch_labels.py
[2024-05-11T12:35:00.584+0000] {processor.py:753} INFO - DAG(s) dict_keys(['example_branch_labels']) retrieved from /home/airflow/.local/lib/python3.7/site-packages/airflow/example_dags/example_branch_labels.py
[2024-05-11T12:35:02.088+0000] {logging_mixin.py:137} INFO - [2024-05-11T12:35:02.087+0000] {manager.py:504} INFO - Created Permission View: can read on DAG:example_branch_labels
[2024-05-11T12:35:02.407+0000] {logging_mixin.py:137} INFO - [2024-05-11T12:35:02.406+0000] {manager.py:504} INFO - Created Permission View: can delete on DAG:example_branch_labels
[2024-05-11T12:35:02.556+0000] {logging_mixin.py:137} INFO - [2024-05-11T12:35:02.555+0000] {manager.py:504} INFO - Created Permission View: can edit on DAG:example_branch_labels
[2024-05-11T12:35:02.613+0000] {logging_mixin.py:137} INFO - [2024-05-11T12:35:02.613+0000] {dag.py:2690} INFO - Sync 1 DAGs
[2024-05-11T12:35:02.811+0000] {logging_mixin.py:137} INFO - [2024-05-11T12:35:02.811+0000] {dag.py:2711} INFO - Creating ORM DAG for example_branch_labels
[2024-05-11T12:35:03.057+0000] {logging_mixin.py:137} INFO - [2024-05-11T12:35:03.056+0000] {dag.py:3441} INFO - Setting next_dagrun for example_branch_labels to 2024-05-10T00:00:00+00:00, run_after=2024-05-11T00:00:00+00:00
[2024-05-11T12:35:03.455+0000] {processor.py:175} INFO - Processing /home/airflow/.local/lib/python3.7/site-packages/airflow/example_dags/example_branch_labels.py took 3.022 seconds
[2024-05-11T12:35:37.697+0000] {processor.py:153} INFO - Started process (PID=138) to work on /home/airflow/.local/lib/python3.7/site-packages/airflow/example_dags/example_branch_labels.py
[2024-05-11T12:35:37.713+0000] {processor.py:743} INFO - Processing file /home/airflow/.local/lib/python3.7/site-packages/airflow/example_dags/example_branch_labels.py for tasks to queue
[2024-05-11T12:35:37.717+0000] {logging_mixin.py:137} INFO - [2024-05-11T12:35:37.716+0000] {dagbag.py:538} INFO - Filling up the DagBag from /home/airflow/.local/lib/python3.7/site-packages/airflow/example_dags/example_branch_labels.py
[2024-05-11T12:35:39.300+0000] {processor.py:753} INFO - DAG(s) dict_keys(['example_branch_labels']) retrieved from /home/airflow/.local/lib/python3.7/site-packages/airflow/example_dags/example_branch_labels.py
[2024-05-11T12:35:39.735+0000] {logging_mixin.py:137} INFO - [2024-05-11T12:35:39.735+0000] {dag.py:2690} INFO - Sync 1 DAGs
[2024-05-11T12:35:40.460+0000] {logging_mixin.py:137} INFO - [2024-05-11T12:35:40.459+0000] {dag.py:3441} INFO - Setting next_dagrun for example_branch_labels to 2024-05-10T00:00:00+00:00, run_after=2024-05-11T00:00:00+00:00
[2024-05-11T12:35:40.617+0000] {processor.py:175} INFO - Processing /home/airflow/.local/lib/python3.7/site-packages/airflow/example_dags/example_branch_labels.py took 2.946 seconds
[2024-05-11T12:36:11.102+0000] {processor.py:153} INFO - Started process (PID=199) to work on /home/airflow/.local/lib/python3.7/site-packages/airflow/example_dags/example_branch_labels.py
[2024-05-11T12:36:11.116+0000] {processor.py:743} INFO - Processing file /home/airflow/.local/lib/python3.7/site-packages/airflow/example_dags/example_branch_labels.py for tasks to queue
[2024-05-11T12:36:11.122+0000] {logging_mixin.py:137} INFO - [2024-05-11T12:36:11.121+0000] {dagbag.py:538} INFO - Filling up the DagBag from /home/airflow/.local/lib/python3.7/site-packages/airflow/example_dags/example_branch_labels.py
[2024-05-11T12:36:11.217+0000] {processor.py:753} INFO - DAG(s) dict_keys(['example_branch_labels']) retrieved from /home/airflow/.local/lib/python3.7/site-packages/airflow/example_dags/example_branch_labels.py
[2024-05-11T12:36:11.405+0000] {logging_mixin.py:137} INFO - [2024-05-11T12:36:11.405+0000] {dag.py:2690} INFO - Sync 1 DAGs
[2024-05-11T12:36:11.648+0000] {logging_mixin.py:137} INFO - [2024-05-11T12:36:11.647+0000] {dag.py:3441} INFO - Setting next_dagrun for example_branch_labels to 2024-05-10T00:00:00+00:00, run_after=2024-05-11T00:00:00+00:00
[2024-05-11T12:36:11.747+0000] {processor.py:175} INFO - Processing /home/airflow/.local/lib/python3.7/site-packages/airflow/example_dags/example_branch_labels.py took 0.663 seconds
