[2024-05-11T12:35:16.118+0000] {processor.py:153} INFO - Started process (PID=97) to work on /home/airflow/.local/lib/python3.7/site-packages/airflow/example_dags/example_python_operator.py
[2024-05-11T12:35:16.122+0000] {processor.py:743} INFO - Processing file /home/airflow/.local/lib/python3.7/site-packages/airflow/example_dags/example_python_operator.py for tasks to queue
[2024-05-11T12:35:16.124+0000] {logging_mixin.py:137} INFO - [2024-05-11T12:35:16.124+0000] {dagbag.py:538} INFO - Filling up the DagBag from /home/airflow/.local/lib/python3.7/site-packages/airflow/example_dags/example_python_operator.py
[2024-05-11T12:35:16.289+0000] {logging_mixin.py:137} INFO - [2024-05-11T12:35:16.289+0000] {taskmixin.py:205} WARNING - Dependency <Task(_PythonDecoratedOperator): print_the_context>, log_sql_query already registered for DAG: example_python_operator
[2024-05-11T12:35:16.296+0000] {logging_mixin.py:137} INFO - [2024-05-11T12:35:16.296+0000] {taskmixin.py:205} WARNING - Dependency <Task(_PythonDecoratedOperator): log_sql_query>, print_the_context already registered for DAG: example_python_operator
[2024-05-11T12:35:16.302+0000] {logging_mixin.py:137} INFO - [2024-05-11T12:35:16.301+0000] {taskmixin.py:205} WARNING - Dependency <Task(_PythonDecoratedOperator): print_the_context>, log_sql_query already registered for DAG: example_python_operator
[2024-05-11T12:35:16.305+0000] {logging_mixin.py:137} INFO - [2024-05-11T12:35:16.305+0000] {taskmixin.py:205} WARNING - Dependency <Task(_PythonDecoratedOperator): log_sql_query>, print_the_context already registered for DAG: example_python_operator
[2024-05-11T12:35:16.313+0000] {logging_mixin.py:137} INFO - [2024-05-11T12:35:16.308+0000] {taskmixin.py:205} WARNING - Dependency <Task(_PythonDecoratedOperator): print_the_context>, log_sql_query already registered for DAG: example_python_operator
[2024-05-11T12:35:16.319+0000] {logging_mixin.py:137} INFO - [2024-05-11T12:35:16.316+0000] {taskmixin.py:205} WARNING - Dependency <Task(_PythonDecoratedOperator): log_sql_query>, print_the_context already registered for DAG: example_python_operator
[2024-05-11T12:35:16.323+0000] {logging_mixin.py:137} INFO - [2024-05-11T12:35:16.322+0000] {taskmixin.py:205} WARNING - Dependency <Task(_PythonDecoratedOperator): print_the_context>, log_sql_query already registered for DAG: example_python_operator
[2024-05-11T12:35:16.324+0000] {logging_mixin.py:137} INFO - [2024-05-11T12:35:16.323+0000] {taskmixin.py:205} WARNING - Dependency <Task(_PythonDecoratedOperator): log_sql_query>, print_the_context already registered for DAG: example_python_operator
[2024-05-11T12:35:16.366+0000] {processor.py:753} INFO - DAG(s) dict_keys(['example_python_operator']) retrieved from /home/airflow/.local/lib/python3.7/site-packages/airflow/example_dags/example_python_operator.py
[2024-05-11T12:35:18.675+0000] {logging_mixin.py:137} INFO - [2024-05-11T12:35:18.671+0000] {manager.py:504} INFO - Created Permission View: can read on DAG:example_python_operator
[2024-05-11T12:35:18.749+0000] {logging_mixin.py:137} INFO - [2024-05-11T12:35:18.748+0000] {manager.py:504} INFO - Created Permission View: can delete on DAG:example_python_operator
[2024-05-11T12:35:18.803+0000] {logging_mixin.py:137} INFO - [2024-05-11T12:35:18.802+0000] {manager.py:504} INFO - Created Permission View: can edit on DAG:example_python_operator
[2024-05-11T12:35:18.804+0000] {logging_mixin.py:137} INFO - [2024-05-11T12:35:18.804+0000] {dag.py:2690} INFO - Sync 1 DAGs
[2024-05-11T12:35:18.893+0000] {logging_mixin.py:137} INFO - [2024-05-11T12:35:18.891+0000] {dag.py:2711} INFO - Creating ORM DAG for example_python_operator
[2024-05-11T12:35:18.987+0000] {logging_mixin.py:137} INFO - [2024-05-11T12:35:18.986+0000] {dag.py:3441} INFO - Setting next_dagrun for example_python_operator to None, run_after=None
[2024-05-11T12:35:19.183+0000] {processor.py:175} INFO - Processing /home/airflow/.local/lib/python3.7/site-packages/airflow/example_dags/example_python_operator.py took 3.086 seconds
[2024-05-11T12:35:51.228+0000] {processor.py:153} INFO - Started process (PID=160) to work on /home/airflow/.local/lib/python3.7/site-packages/airflow/example_dags/example_python_operator.py
[2024-05-11T12:35:51.233+0000] {processor.py:743} INFO - Processing file /home/airflow/.local/lib/python3.7/site-packages/airflow/example_dags/example_python_operator.py for tasks to queue
[2024-05-11T12:35:51.236+0000] {logging_mixin.py:137} INFO - [2024-05-11T12:35:51.235+0000] {dagbag.py:538} INFO - Filling up the DagBag from /home/airflow/.local/lib/python3.7/site-packages/airflow/example_dags/example_python_operator.py
[2024-05-11T12:35:51.350+0000] {logging_mixin.py:137} INFO - [2024-05-11T12:35:51.350+0000] {taskmixin.py:205} WARNING - Dependency <Task(_PythonDecoratedOperator): print_the_context>, log_sql_query already registered for DAG: example_python_operator
[2024-05-11T12:35:51.352+0000] {logging_mixin.py:137} INFO - [2024-05-11T12:35:51.352+0000] {taskmixin.py:205} WARNING - Dependency <Task(_PythonDecoratedOperator): log_sql_query>, print_the_context already registered for DAG: example_python_operator
[2024-05-11T12:35:51.356+0000] {logging_mixin.py:137} INFO - [2024-05-11T12:35:51.355+0000] {taskmixin.py:205} WARNING - Dependency <Task(_PythonDecoratedOperator): print_the_context>, log_sql_query already registered for DAG: example_python_operator
[2024-05-11T12:35:51.357+0000] {logging_mixin.py:137} INFO - [2024-05-11T12:35:51.357+0000] {taskmixin.py:205} WARNING - Dependency <Task(_PythonDecoratedOperator): log_sql_query>, print_the_context already registered for DAG: example_python_operator
[2024-05-11T12:35:51.362+0000] {logging_mixin.py:137} INFO - [2024-05-11T12:35:51.362+0000] {taskmixin.py:205} WARNING - Dependency <Task(_PythonDecoratedOperator): print_the_context>, log_sql_query already registered for DAG: example_python_operator
[2024-05-11T12:35:51.365+0000] {logging_mixin.py:137} INFO - [2024-05-11T12:35:51.364+0000] {taskmixin.py:205} WARNING - Dependency <Task(_PythonDecoratedOperator): log_sql_query>, print_the_context already registered for DAG: example_python_operator
[2024-05-11T12:35:51.368+0000] {logging_mixin.py:137} INFO - [2024-05-11T12:35:51.367+0000] {taskmixin.py:205} WARNING - Dependency <Task(_PythonDecoratedOperator): print_the_context>, log_sql_query already registered for DAG: example_python_operator
[2024-05-11T12:35:51.369+0000] {logging_mixin.py:137} INFO - [2024-05-11T12:35:51.369+0000] {taskmixin.py:205} WARNING - Dependency <Task(_PythonDecoratedOperator): log_sql_query>, print_the_context already registered for DAG: example_python_operator
[2024-05-11T12:35:51.404+0000] {processor.py:753} INFO - DAG(s) dict_keys(['example_python_operator']) retrieved from /home/airflow/.local/lib/python3.7/site-packages/airflow/example_dags/example_python_operator.py
[2024-05-11T12:35:51.617+0000] {logging_mixin.py:137} INFO - [2024-05-11T12:35:51.610+0000] {dag.py:2690} INFO - Sync 1 DAGs
[2024-05-11T12:35:51.961+0000] {logging_mixin.py:137} INFO - [2024-05-11T12:35:51.961+0000] {dag.py:3441} INFO - Setting next_dagrun for example_python_operator to None, run_after=None
[2024-05-11T12:35:52.108+0000] {processor.py:175} INFO - Processing /home/airflow/.local/lib/python3.7/site-packages/airflow/example_dags/example_python_operator.py took 0.889 seconds
