[2024-05-11T12:34:51.708+0000] {processor.py:153} INFO - Started process (PID=53) to work on /home/airflow/.local/lib/python3.7/site-packages/airflow/example_dags/example_short_circuit_operator.py
[2024-05-11T12:34:51.712+0000] {processor.py:743} INFO - Processing file /home/airflow/.local/lib/python3.7/site-packages/airflow/example_dags/example_short_circuit_operator.py for tasks to queue
[2024-05-11T12:34:51.716+0000] {logging_mixin.py:137} INFO - [2024-05-11T12:34:51.716+0000] {dagbag.py:538} INFO - Filling up the DagBag from /home/airflow/.local/lib/python3.7/site-packages/airflow/example_dags/example_short_circuit_operator.py
[2024-05-11T12:34:51.817+0000] {processor.py:753} INFO - DAG(s) dict_keys(['example_short_circuit_operator']) retrieved from /home/airflow/.local/lib/python3.7/site-packages/airflow/example_dags/example_short_circuit_operator.py
[2024-05-11T12:34:52.478+0000] {logging_mixin.py:137} INFO - [2024-05-11T12:34:52.477+0000] {manager.py:504} INFO - Created Permission View: can read on DAG:example_short_circuit_operator
[2024-05-11T12:34:52.522+0000] {logging_mixin.py:137} INFO - [2024-05-11T12:34:52.521+0000] {manager.py:504} INFO - Created Permission View: can delete on DAG:example_short_circuit_operator
[2024-05-11T12:34:52.565+0000] {logging_mixin.py:137} INFO - [2024-05-11T12:34:52.564+0000] {manager.py:504} INFO - Created Permission View: can edit on DAG:example_short_circuit_operator
[2024-05-11T12:34:52.567+0000] {logging_mixin.py:137} INFO - [2024-05-11T12:34:52.567+0000] {dag.py:2690} INFO - Sync 1 DAGs
[2024-05-11T12:34:52.740+0000] {logging_mixin.py:137} INFO - [2024-05-11T12:34:52.739+0000] {dag.py:2711} INFO - Creating ORM DAG for example_short_circuit_operator
[2024-05-11T12:34:52.867+0000] {logging_mixin.py:137} INFO - [2024-05-11T12:34:52.867+0000] {dag.py:3441} INFO - Setting next_dagrun for example_short_circuit_operator to 2024-05-10T12:34:52.865782+00:00, run_after=2024-05-11T12:34:52.865782+00:00
[2024-05-11T12:34:53.177+0000] {processor.py:175} INFO - Processing /home/airflow/.local/lib/python3.7/site-packages/airflow/example_dags/example_short_circuit_operator.py took 1.484 seconds
[2024-05-11T12:35:34.588+0000] {processor.py:153} INFO - Started process (PID=132) to work on /home/airflow/.local/lib/python3.7/site-packages/airflow/example_dags/example_short_circuit_operator.py
[2024-05-11T12:35:34.612+0000] {processor.py:743} INFO - Processing file /home/airflow/.local/lib/python3.7/site-packages/airflow/example_dags/example_short_circuit_operator.py for tasks to queue
[2024-05-11T12:35:34.616+0000] {logging_mixin.py:137} INFO - [2024-05-11T12:35:34.615+0000] {dagbag.py:538} INFO - Filling up the DagBag from /home/airflow/.local/lib/python3.7/site-packages/airflow/example_dags/example_short_circuit_operator.py
[2024-05-11T12:35:34.809+0000] {processor.py:753} INFO - DAG(s) dict_keys(['example_short_circuit_operator']) retrieved from /home/airflow/.local/lib/python3.7/site-packages/airflow/example_dags/example_short_circuit_operator.py
[2024-05-11T12:35:35.064+0000] {logging_mixin.py:137} INFO - [2024-05-11T12:35:35.063+0000] {dag.py:2690} INFO - Sync 1 DAGs
[2024-05-11T12:35:35.232+0000] {logging_mixin.py:137} INFO - [2024-05-11T12:35:35.232+0000] {dag.py:3441} INFO - Setting next_dagrun for example_short_circuit_operator to 2024-05-10T12:35:35.231912+00:00, run_after=2024-05-11T12:35:35.231912+00:00
[2024-05-11T12:35:35.353+0000] {processor.py:175} INFO - Processing /home/airflow/.local/lib/python3.7/site-packages/airflow/example_dags/example_short_circuit_operator.py took 0.793 seconds
[2024-05-11T12:36:05.731+0000] {processor.py:153} INFO - Started process (PID=195) to work on /home/airflow/.local/lib/python3.7/site-packages/airflow/example_dags/example_short_circuit_operator.py
[2024-05-11T12:36:05.736+0000] {processor.py:743} INFO - Processing file /home/airflow/.local/lib/python3.7/site-packages/airflow/example_dags/example_short_circuit_operator.py for tasks to queue
[2024-05-11T12:36:05.738+0000] {logging_mixin.py:137} INFO - [2024-05-11T12:36:05.738+0000] {dagbag.py:538} INFO - Filling up the DagBag from /home/airflow/.local/lib/python3.7/site-packages/airflow/example_dags/example_short_circuit_operator.py
[2024-05-11T12:36:05.803+0000] {processor.py:753} INFO - DAG(s) dict_keys(['example_short_circuit_operator']) retrieved from /home/airflow/.local/lib/python3.7/site-packages/airflow/example_dags/example_short_circuit_operator.py
[2024-05-11T12:36:05.921+0000] {logging_mixin.py:137} INFO - [2024-05-11T12:36:05.920+0000] {dag.py:2690} INFO - Sync 1 DAGs
[2024-05-11T12:36:06.017+0000] {logging_mixin.py:137} INFO - [2024-05-11T12:36:06.013+0000] {dag.py:3441} INFO - Setting next_dagrun for example_short_circuit_operator to 2024-05-10T12:36:06.013197+00:00, run_after=2024-05-11T12:36:06.013197+00:00
[2024-05-11T12:36:06.133+0000] {processor.py:175} INFO - Processing /home/airflow/.local/lib/python3.7/site-packages/airflow/example_dags/example_short_circuit_operator.py took 0.414 seconds
