[2024-05-11T12:35:05.864+0000] {processor.py:153} INFO - Started process (PID=76) to work on /home/airflow/.local/lib/python3.7/site-packages/airflow/example_dags/example_task_group.py
[2024-05-11T12:35:05.881+0000] {processor.py:743} INFO - Processing file /home/airflow/.local/lib/python3.7/site-packages/airflow/example_dags/example_task_group.py for tasks to queue
[2024-05-11T12:35:05.884+0000] {logging_mixin.py:137} INFO - [2024-05-11T12:35:05.884+0000] {dagbag.py:538} INFO - Filling up the DagBag from /home/airflow/.local/lib/python3.7/site-packages/airflow/example_dags/example_task_group.py
[2024-05-11T12:35:06.026+0000] {processor.py:753} INFO - DAG(s) dict_keys(['example_task_group']) retrieved from /home/airflow/.local/lib/python3.7/site-packages/airflow/example_dags/example_task_group.py
[2024-05-11T12:35:07.147+0000] {logging_mixin.py:137} INFO - [2024-05-11T12:35:07.147+0000] {manager.py:504} INFO - Created Permission View: can read on DAG:example_task_group
[2024-05-11T12:35:07.352+0000] {logging_mixin.py:137} INFO - [2024-05-11T12:35:07.350+0000] {manager.py:504} INFO - Created Permission View: can delete on DAG:example_task_group
[2024-05-11T12:35:07.419+0000] {logging_mixin.py:137} INFO - [2024-05-11T12:35:07.418+0000] {manager.py:504} INFO - Created Permission View: can edit on DAG:example_task_group
[2024-05-11T12:35:07.420+0000] {logging_mixin.py:137} INFO - [2024-05-11T12:35:07.420+0000] {dag.py:2690} INFO - Sync 1 DAGs
[2024-05-11T12:35:07.613+0000] {logging_mixin.py:137} INFO - [2024-05-11T12:35:07.613+0000] {dag.py:2711} INFO - Creating ORM DAG for example_task_group
[2024-05-11T12:35:07.700+0000] {logging_mixin.py:137} INFO - [2024-05-11T12:35:07.699+0000] {dag.py:3441} INFO - Setting next_dagrun for example_task_group to 2024-05-10T12:35:07.695812+00:00, run_after=2024-05-11T12:35:07.695812+00:00
[2024-05-11T12:35:07.829+0000] {processor.py:175} INFO - Processing /home/airflow/.local/lib/python3.7/site-packages/airflow/example_dags/example_task_group.py took 2.000 seconds
[2024-05-11T12:35:41.884+0000] {processor.py:153} INFO - Started process (PID=141) to work on /home/airflow/.local/lib/python3.7/site-packages/airflow/example_dags/example_task_group.py
[2024-05-11T12:35:41.887+0000] {processor.py:743} INFO - Processing file /home/airflow/.local/lib/python3.7/site-packages/airflow/example_dags/example_task_group.py for tasks to queue
[2024-05-11T12:35:41.906+0000] {logging_mixin.py:137} INFO - [2024-05-11T12:35:41.905+0000] {dagbag.py:538} INFO - Filling up the DagBag from /home/airflow/.local/lib/python3.7/site-packages/airflow/example_dags/example_task_group.py
[2024-05-11T12:35:42.092+0000] {processor.py:753} INFO - DAG(s) dict_keys(['example_task_group']) retrieved from /home/airflow/.local/lib/python3.7/site-packages/airflow/example_dags/example_task_group.py
[2024-05-11T12:35:42.660+0000] {logging_mixin.py:137} INFO - [2024-05-11T12:35:42.660+0000] {dag.py:2690} INFO - Sync 1 DAGs
[2024-05-11T12:35:42.799+0000] {logging_mixin.py:137} INFO - [2024-05-11T12:35:42.799+0000] {dag.py:3441} INFO - Setting next_dagrun for example_task_group to 2024-05-10T12:35:42.798334+00:00, run_after=2024-05-11T12:35:42.798334+00:00
[2024-05-11T12:35:42.900+0000] {processor.py:175} INFO - Processing /home/airflow/.local/lib/python3.7/site-packages/airflow/example_dags/example_task_group.py took 1.023 seconds
[2024-05-11T12:36:13.491+0000] {processor.py:153} INFO - Started process (PID=202) to work on /home/airflow/.local/lib/python3.7/site-packages/airflow/example_dags/example_task_group.py
[2024-05-11T12:36:13.497+0000] {processor.py:743} INFO - Processing file /home/airflow/.local/lib/python3.7/site-packages/airflow/example_dags/example_task_group.py for tasks to queue
[2024-05-11T12:36:13.507+0000] {logging_mixin.py:137} INFO - [2024-05-11T12:36:13.507+0000] {dagbag.py:538} INFO - Filling up the DagBag from /home/airflow/.local/lib/python3.7/site-packages/airflow/example_dags/example_task_group.py
[2024-05-11T12:36:13.629+0000] {processor.py:753} INFO - DAG(s) dict_keys(['example_task_group']) retrieved from /home/airflow/.local/lib/python3.7/site-packages/airflow/example_dags/example_task_group.py
[2024-05-11T12:36:13.829+0000] {logging_mixin.py:137} INFO - [2024-05-11T12:36:13.829+0000] {dag.py:2690} INFO - Sync 1 DAGs
[2024-05-11T12:36:14.016+0000] {logging_mixin.py:137} INFO - [2024-05-11T12:36:14.016+0000] {dag.py:3441} INFO - Setting next_dagrun for example_task_group to 2024-05-10T12:36:14.015565+00:00, run_after=2024-05-11T12:36:14.015565+00:00
[2024-05-11T12:36:14.165+0000] {processor.py:175} INFO - Processing /home/airflow/.local/lib/python3.7/site-packages/airflow/example_dags/example_task_group.py took 0.700 seconds
