[2024-05-11T12:35:31.518+0000] {processor.py:153} INFO - Started process (PID=119) to work on /home/airflow/.local/lib/python3.7/site-packages/airflow/example_dags/example_external_task_marker_dag.py
[2024-05-11T12:35:31.528+0000] {processor.py:743} INFO - Processing file /home/airflow/.local/lib/python3.7/site-packages/airflow/example_dags/example_external_task_marker_dag.py for tasks to queue
[2024-05-11T12:35:31.531+0000] {logging_mixin.py:137} INFO - [2024-05-11T12:35:31.531+0000] {dagbag.py:538} INFO - Filling up the DagBag from /home/airflow/.local/lib/python3.7/site-packages/airflow/example_dags/example_external_task_marker_dag.py
[2024-05-11T12:35:31.631+0000] {processor.py:753} INFO - DAG(s) dict_keys(['example_external_task_marker_child', 'example_external_task_marker_parent']) retrieved from /home/airflow/.local/lib/python3.7/site-packages/airflow/example_dags/example_external_task_marker_dag.py
[2024-05-11T12:35:32.225+0000] {logging_mixin.py:137} INFO - [2024-05-11T12:35:32.224+0000] {manager.py:504} INFO - Created Permission View: can read on DAG:example_external_task_marker_child
[2024-05-11T12:35:32.288+0000] {logging_mixin.py:137} INFO - [2024-05-11T12:35:32.287+0000] {manager.py:504} INFO - Created Permission View: can delete on DAG:example_external_task_marker_child
[2024-05-11T12:35:32.322+0000] {logging_mixin.py:137} INFO - [2024-05-11T12:35:32.322+0000] {manager.py:504} INFO - Created Permission View: can edit on DAG:example_external_task_marker_child
[2024-05-11T12:35:32.396+0000] {logging_mixin.py:137} INFO - [2024-05-11T12:35:32.395+0000] {manager.py:504} INFO - Created Permission View: can read on DAG:example_external_task_marker_parent
[2024-05-11T12:35:32.436+0000] {logging_mixin.py:137} INFO - [2024-05-11T12:35:32.436+0000] {manager.py:504} INFO - Created Permission View: can delete on DAG:example_external_task_marker_parent
[2024-05-11T12:35:32.479+0000] {logging_mixin.py:137} INFO - [2024-05-11T12:35:32.479+0000] {manager.py:504} INFO - Created Permission View: can edit on DAG:example_external_task_marker_parent
[2024-05-11T12:35:32.482+0000] {logging_mixin.py:137} INFO - [2024-05-11T12:35:32.481+0000] {dag.py:2690} INFO - Sync 2 DAGs
[2024-05-11T12:35:32.568+0000] {logging_mixin.py:137} INFO - [2024-05-11T12:35:32.567+0000] {dag.py:2711} INFO - Creating ORM DAG for example_external_task_marker_parent
[2024-05-11T12:35:32.582+0000] {logging_mixin.py:137} INFO - [2024-05-11T12:35:32.581+0000] {dag.py:2711} INFO - Creating ORM DAG for example_external_task_marker_child
[2024-05-11T12:35:32.664+0000] {logging_mixin.py:137} INFO - [2024-05-11T12:35:32.663+0000] {dag.py:3441} INFO - Setting next_dagrun for example_external_task_marker_child to None, run_after=None
[2024-05-11T12:35:32.675+0000] {logging_mixin.py:137} INFO - [2024-05-11T12:35:32.674+0000] {dag.py:3441} INFO - Setting next_dagrun for example_external_task_marker_parent to None, run_after=None
[2024-05-11T12:35:32.787+0000] {processor.py:175} INFO - Processing /home/airflow/.local/lib/python3.7/site-packages/airflow/example_dags/example_external_task_marker_dag.py took 1.289 seconds
[2024-05-11T12:36:04.358+0000] {processor.py:153} INFO - Started process (PID=190) to work on /home/airflow/.local/lib/python3.7/site-packages/airflow/example_dags/example_external_task_marker_dag.py
[2024-05-11T12:36:04.364+0000] {processor.py:743} INFO - Processing file /home/airflow/.local/lib/python3.7/site-packages/airflow/example_dags/example_external_task_marker_dag.py for tasks to queue
[2024-05-11T12:36:04.370+0000] {logging_mixin.py:137} INFO - [2024-05-11T12:36:04.369+0000] {dagbag.py:538} INFO - Filling up the DagBag from /home/airflow/.local/lib/python3.7/site-packages/airflow/example_dags/example_external_task_marker_dag.py
[2024-05-11T12:36:04.446+0000] {processor.py:753} INFO - DAG(s) dict_keys(['example_external_task_marker_child', 'example_external_task_marker_parent']) retrieved from /home/airflow/.local/lib/python3.7/site-packages/airflow/example_dags/example_external_task_marker_dag.py
[2024-05-11T12:36:04.671+0000] {logging_mixin.py:137} INFO - [2024-05-11T12:36:04.671+0000] {dag.py:2690} INFO - Sync 2 DAGs
[2024-05-11T12:36:04.845+0000] {logging_mixin.py:137} INFO - [2024-05-11T12:36:04.844+0000] {dag.py:3441} INFO - Setting next_dagrun for example_external_task_marker_child to None, run_after=None
[2024-05-11T12:36:04.865+0000] {logging_mixin.py:137} INFO - [2024-05-11T12:36:04.864+0000] {dag.py:3441} INFO - Setting next_dagrun for example_external_task_marker_parent to None, run_after=None
[2024-05-11T12:36:04.964+0000] {processor.py:175} INFO - Processing /home/airflow/.local/lib/python3.7/site-packages/airflow/example_dags/example_external_task_marker_dag.py took 0.615 seconds
