[2024-05-11T12:35:03.767+0000] {processor.py:153} INFO - Started process (PID=74) to work on /home/airflow/.local/lib/python3.7/site-packages/airflow/example_dags/example_branch_operator_decorator.py
[2024-05-11T12:35:03.791+0000] {processor.py:743} INFO - Processing file /home/airflow/.local/lib/python3.7/site-packages/airflow/example_dags/example_branch_operator_decorator.py for tasks to queue
[2024-05-11T12:35:03.806+0000] {logging_mixin.py:137} INFO - [2024-05-11T12:35:03.805+0000] {dagbag.py:538} INFO - Filling up the DagBag from /home/airflow/.local/lib/python3.7/site-packages/airflow/example_dags/example_branch_operator_decorator.py
[2024-05-11T12:35:04.028+0000] {processor.py:753} INFO - DAG(s) dict_keys(['example_branch_python_operator_decorator']) retrieved from /home/airflow/.local/lib/python3.7/site-packages/airflow/example_dags/example_branch_operator_decorator.py
[2024-05-11T12:35:04.969+0000] {logging_mixin.py:137} INFO - [2024-05-11T12:35:04.968+0000] {manager.py:504} INFO - Created Permission View: can read on DAG:example_branch_python_operator_decorator
[2024-05-11T12:35:05.066+0000] {logging_mixin.py:137} INFO - [2024-05-11T12:35:05.065+0000] {manager.py:504} INFO - Created Permission View: can delete on DAG:example_branch_python_operator_decorator
[2024-05-11T12:35:05.132+0000] {logging_mixin.py:137} INFO - [2024-05-11T12:35:05.132+0000] {manager.py:504} INFO - Created Permission View: can edit on DAG:example_branch_python_operator_decorator
[2024-05-11T12:35:05.156+0000] {logging_mixin.py:137} INFO - [2024-05-11T12:35:05.146+0000] {dag.py:2690} INFO - Sync 1 DAGs
[2024-05-11T12:35:05.264+0000] {logging_mixin.py:137} INFO - [2024-05-11T12:35:05.263+0000] {dag.py:2711} INFO - Creating ORM DAG for example_branch_python_operator_decorator
[2024-05-11T12:35:05.352+0000] {logging_mixin.py:137} INFO - [2024-05-11T12:35:05.352+0000] {dag.py:3441} INFO - Setting next_dagrun for example_branch_python_operator_decorator to 2024-05-10T00:00:00+00:00, run_after=2024-05-11T00:00:00+00:00
[2024-05-11T12:35:05.457+0000] {processor.py:175} INFO - Processing /home/airflow/.local/lib/python3.7/site-packages/airflow/example_dags/example_branch_operator_decorator.py took 1.700 seconds
[2024-05-11T12:35:39.607+0000] {processor.py:153} INFO - Started process (PID=139) to work on /home/airflow/.local/lib/python3.7/site-packages/airflow/example_dags/example_branch_operator_decorator.py
[2024-05-11T12:35:39.672+0000] {processor.py:743} INFO - Processing file /home/airflow/.local/lib/python3.7/site-packages/airflow/example_dags/example_branch_operator_decorator.py for tasks to queue
[2024-05-11T12:35:39.681+0000] {logging_mixin.py:137} INFO - [2024-05-11T12:35:39.681+0000] {dagbag.py:538} INFO - Filling up the DagBag from /home/airflow/.local/lib/python3.7/site-packages/airflow/example_dags/example_branch_operator_decorator.py
[2024-05-11T12:35:40.135+0000] {processor.py:753} INFO - DAG(s) dict_keys(['example_branch_python_operator_decorator']) retrieved from /home/airflow/.local/lib/python3.7/site-packages/airflow/example_dags/example_branch_operator_decorator.py
[2024-05-11T12:35:40.839+0000] {logging_mixin.py:137} INFO - [2024-05-11T12:35:40.839+0000] {dag.py:2690} INFO - Sync 1 DAGs
[2024-05-11T12:35:41.360+0000] {logging_mixin.py:137} INFO - [2024-05-11T12:35:41.358+0000] {dag.py:3441} INFO - Setting next_dagrun for example_branch_python_operator_decorator to 2024-05-10T00:00:00+00:00, run_after=2024-05-11T00:00:00+00:00
[2024-05-11T12:35:41.573+0000] {processor.py:175} INFO - Processing /home/airflow/.local/lib/python3.7/site-packages/airflow/example_dags/example_branch_operator_decorator.py took 2.051 seconds
[2024-05-11T12:36:11.910+0000] {processor.py:153} INFO - Started process (PID=200) to work on /home/airflow/.local/lib/python3.7/site-packages/airflow/example_dags/example_branch_operator_decorator.py
[2024-05-11T12:36:11.914+0000] {processor.py:743} INFO - Processing file /home/airflow/.local/lib/python3.7/site-packages/airflow/example_dags/example_branch_operator_decorator.py for tasks to queue
[2024-05-11T12:36:11.918+0000] {logging_mixin.py:137} INFO - [2024-05-11T12:36:11.917+0000] {dagbag.py:538} INFO - Filling up the DagBag from /home/airflow/.local/lib/python3.7/site-packages/airflow/example_dags/example_branch_operator_decorator.py
[2024-05-11T12:36:12.148+0000] {processor.py:753} INFO - DAG(s) dict_keys(['example_branch_python_operator_decorator']) retrieved from /home/airflow/.local/lib/python3.7/site-packages/airflow/example_dags/example_branch_operator_decorator.py
[2024-05-11T12:36:12.350+0000] {logging_mixin.py:137} INFO - [2024-05-11T12:36:12.350+0000] {dag.py:2690} INFO - Sync 1 DAGs
[2024-05-11T12:36:12.521+0000] {logging_mixin.py:137} INFO - [2024-05-11T12:36:12.519+0000] {dag.py:3441} INFO - Setting next_dagrun for example_branch_python_operator_decorator to 2024-05-10T00:00:00+00:00, run_after=2024-05-11T00:00:00+00:00
[2024-05-11T12:36:12.637+0000] {processor.py:175} INFO - Processing /home/airflow/.local/lib/python3.7/site-packages/airflow/example_dags/example_branch_operator_decorator.py took 0.750 seconds
