[2024-05-11T12:35:09.457+0000] {processor.py:153} INFO - Started process (PID=79) to work on /home/airflow/.local/lib/python3.7/site-packages/airflow/example_dags/example_skip_dag.py
[2024-05-11T12:35:09.460+0000] {processor.py:743} INFO - Processing file /home/airflow/.local/lib/python3.7/site-packages/airflow/example_dags/example_skip_dag.py for tasks to queue
[2024-05-11T12:35:09.465+0000] {logging_mixin.py:137} INFO - [2024-05-11T12:35:09.463+0000] {dagbag.py:538} INFO - Filling up the DagBag from /home/airflow/.local/lib/python3.7/site-packages/airflow/example_dags/example_skip_dag.py
[2024-05-11T12:35:09.587+0000] {processor.py:753} INFO - DAG(s) dict_keys(['example_skip_dag']) retrieved from /home/airflow/.local/lib/python3.7/site-packages/airflow/example_dags/example_skip_dag.py
[2024-05-11T12:35:10.751+0000] {logging_mixin.py:137} INFO - [2024-05-11T12:35:10.751+0000] {manager.py:504} INFO - Created Permission View: can read on DAG:example_skip_dag
[2024-05-11T12:35:10.837+0000] {logging_mixin.py:137} INFO - [2024-05-11T12:35:10.836+0000] {manager.py:504} INFO - Created Permission View: can delete on DAG:example_skip_dag
[2024-05-11T12:35:10.873+0000] {logging_mixin.py:137} INFO - [2024-05-11T12:35:10.872+0000] {manager.py:504} INFO - Created Permission View: can edit on DAG:example_skip_dag
[2024-05-11T12:35:10.875+0000] {logging_mixin.py:137} INFO - [2024-05-11T12:35:10.875+0000] {dag.py:2690} INFO - Sync 1 DAGs
[2024-05-11T12:35:10.992+0000] {logging_mixin.py:137} INFO - [2024-05-11T12:35:10.992+0000] {dag.py:2711} INFO - Creating ORM DAG for example_skip_dag
[2024-05-11T12:35:11.055+0000] {logging_mixin.py:137} INFO - [2024-05-11T12:35:11.055+0000] {dag.py:3441} INFO - Setting next_dagrun for example_skip_dag to 2024-05-10T12:35:11.054337+00:00, run_after=2024-05-11T12:35:11.054337+00:00
[2024-05-11T12:35:11.182+0000] {processor.py:175} INFO - Processing /home/airflow/.local/lib/python3.7/site-packages/airflow/example_dags/example_skip_dag.py took 1.782 seconds
[2024-05-11T12:35:44.063+0000] {processor.py:153} INFO - Started process (PID=151) to work on /home/airflow/.local/lib/python3.7/site-packages/airflow/example_dags/example_skip_dag.py
[2024-05-11T12:35:44.072+0000] {processor.py:743} INFO - Processing file /home/airflow/.local/lib/python3.7/site-packages/airflow/example_dags/example_skip_dag.py for tasks to queue
[2024-05-11T12:35:44.080+0000] {logging_mixin.py:137} INFO - [2024-05-11T12:35:44.079+0000] {dagbag.py:538} INFO - Filling up the DagBag from /home/airflow/.local/lib/python3.7/site-packages/airflow/example_dags/example_skip_dag.py
[2024-05-11T12:35:44.183+0000] {processor.py:753} INFO - DAG(s) dict_keys(['example_skip_dag']) retrieved from /home/airflow/.local/lib/python3.7/site-packages/airflow/example_dags/example_skip_dag.py
[2024-05-11T12:35:44.528+0000] {logging_mixin.py:137} INFO - [2024-05-11T12:35:44.528+0000] {dag.py:2690} INFO - Sync 1 DAGs
[2024-05-11T12:35:44.759+0000] {logging_mixin.py:137} INFO - [2024-05-11T12:35:44.755+0000] {dag.py:3441} INFO - Setting next_dagrun for example_skip_dag to 2024-05-10T12:35:44.749925+00:00, run_after=2024-05-11T12:35:44.749925+00:00
[2024-05-11T12:35:45.036+0000] {processor.py:175} INFO - Processing /home/airflow/.local/lib/python3.7/site-packages/airflow/example_dags/example_skip_dag.py took 0.972 seconds
[2024-05-11T12:36:15.816+0000] {processor.py:153} INFO - Started process (PID=205) to work on /home/airflow/.local/lib/python3.7/site-packages/airflow/example_dags/example_skip_dag.py
[2024-05-11T12:36:15.838+0000] {processor.py:743} INFO - Processing file /home/airflow/.local/lib/python3.7/site-packages/airflow/example_dags/example_skip_dag.py for tasks to queue
[2024-05-11T12:36:15.842+0000] {logging_mixin.py:137} INFO - [2024-05-11T12:36:15.841+0000] {dagbag.py:538} INFO - Filling up the DagBag from /home/airflow/.local/lib/python3.7/site-packages/airflow/example_dags/example_skip_dag.py
[2024-05-11T12:36:15.900+0000] {processor.py:753} INFO - DAG(s) dict_keys(['example_skip_dag']) retrieved from /home/airflow/.local/lib/python3.7/site-packages/airflow/example_dags/example_skip_dag.py
[2024-05-11T12:36:16.014+0000] {logging_mixin.py:137} INFO - [2024-05-11T12:36:16.014+0000] {dag.py:2690} INFO - Sync 1 DAGs
[2024-05-11T12:36:16.171+0000] {logging_mixin.py:137} INFO - [2024-05-11T12:36:16.171+0000] {dag.py:3441} INFO - Setting next_dagrun for example_skip_dag to 2024-05-10T12:36:16.170894+00:00, run_after=2024-05-11T12:36:16.170894+00:00
[2024-05-11T12:36:16.312+0000] {processor.py:175} INFO - Processing /home/airflow/.local/lib/python3.7/site-packages/airflow/example_dags/example_skip_dag.py took 0.514 seconds
