[2024-05-11T12:35:07.974+0000] {processor.py:153} INFO - Started process (PID=78) to work on /home/airflow/.local/lib/python3.7/site-packages/airflow/example_dags/example_complex.py
[2024-05-11T12:35:07.980+0000] {processor.py:743} INFO - Processing file /home/airflow/.local/lib/python3.7/site-packages/airflow/example_dags/example_complex.py for tasks to queue
[2024-05-11T12:35:07.983+0000] {logging_mixin.py:137} INFO - [2024-05-11T12:35:07.982+0000] {dagbag.py:538} INFO - Filling up the DagBag from /home/airflow/.local/lib/python3.7/site-packages/airflow/example_dags/example_complex.py
[2024-05-11T12:35:08.053+0000] {logging_mixin.py:137} INFO - [2024-05-11T12:35:08.052+0000] {taskmixin.py:205} WARNING - Dependency <Task(BashOperator): create_entry_group>, delete_entry_group already registered for DAG: example_complex
[2024-05-11T12:35:08.058+0000] {logging_mixin.py:137} INFO - [2024-05-11T12:35:08.058+0000] {taskmixin.py:205} WARNING - Dependency <Task(BashOperator): delete_entry_group>, create_entry_group already registered for DAG: example_complex
[2024-05-11T12:35:08.061+0000] {logging_mixin.py:137} INFO - [2024-05-11T12:35:08.061+0000] {taskmixin.py:205} WARNING - Dependency <Task(BashOperator): create_entry_gcs>, delete_entry already registered for DAG: example_complex
[2024-05-11T12:35:08.066+0000] {logging_mixin.py:137} INFO - [2024-05-11T12:35:08.066+0000] {taskmixin.py:205} WARNING - Dependency <Task(BashOperator): delete_entry>, create_entry_gcs already registered for DAG: example_complex
[2024-05-11T12:35:08.069+0000] {logging_mixin.py:137} INFO - [2024-05-11T12:35:08.069+0000] {taskmixin.py:205} WARNING - Dependency <Task(BashOperator): create_tag>, delete_tag already registered for DAG: example_complex
[2024-05-11T12:35:08.070+0000] {logging_mixin.py:137} INFO - [2024-05-11T12:35:08.070+0000] {taskmixin.py:205} WARNING - Dependency <Task(BashOperator): delete_tag>, create_tag already registered for DAG: example_complex
[2024-05-11T12:35:08.096+0000] {processor.py:753} INFO - DAG(s) dict_keys(['example_complex']) retrieved from /home/airflow/.local/lib/python3.7/site-packages/airflow/example_dags/example_complex.py
[2024-05-11T12:35:08.676+0000] {logging_mixin.py:137} INFO - [2024-05-11T12:35:08.676+0000] {manager.py:504} INFO - Created Permission View: can read on DAG:example_complex
[2024-05-11T12:35:08.746+0000] {logging_mixin.py:137} INFO - [2024-05-11T12:35:08.745+0000] {manager.py:504} INFO - Created Permission View: can delete on DAG:example_complex
[2024-05-11T12:35:08.804+0000] {logging_mixin.py:137} INFO - [2024-05-11T12:35:08.803+0000] {manager.py:504} INFO - Created Permission View: can edit on DAG:example_complex
[2024-05-11T12:35:08.805+0000] {logging_mixin.py:137} INFO - [2024-05-11T12:35:08.805+0000] {dag.py:2690} INFO - Sync 1 DAGs
[2024-05-11T12:35:08.968+0000] {logging_mixin.py:137} INFO - [2024-05-11T12:35:08.968+0000] {dag.py:2711} INFO - Creating ORM DAG for example_complex
[2024-05-11T12:35:09.016+0000] {logging_mixin.py:137} INFO - [2024-05-11T12:35:09.016+0000] {dag.py:3441} INFO - Setting next_dagrun for example_complex to None, run_after=None
[2024-05-11T12:35:09.170+0000] {processor.py:175} INFO - Processing /home/airflow/.local/lib/python3.7/site-packages/airflow/example_dags/example_complex.py took 1.205 seconds
[2024-05-11T12:35:42.835+0000] {processor.py:153} INFO - Started process (PID=149) to work on /home/airflow/.local/lib/python3.7/site-packages/airflow/example_dags/example_complex.py
[2024-05-11T12:35:42.855+0000] {processor.py:743} INFO - Processing file /home/airflow/.local/lib/python3.7/site-packages/airflow/example_dags/example_complex.py for tasks to queue
[2024-05-11T12:35:42.858+0000] {logging_mixin.py:137} INFO - [2024-05-11T12:35:42.857+0000] {dagbag.py:538} INFO - Filling up the DagBag from /home/airflow/.local/lib/python3.7/site-packages/airflow/example_dags/example_complex.py
[2024-05-11T12:35:42.912+0000] {logging_mixin.py:137} INFO - [2024-05-11T12:35:42.907+0000] {taskmixin.py:205} WARNING - Dependency <Task(BashOperator): create_entry_group>, delete_entry_group already registered for DAG: example_complex
[2024-05-11T12:35:42.913+0000] {logging_mixin.py:137} INFO - [2024-05-11T12:35:42.913+0000] {taskmixin.py:205} WARNING - Dependency <Task(BashOperator): delete_entry_group>, create_entry_group already registered for DAG: example_complex
[2024-05-11T12:35:42.915+0000] {logging_mixin.py:137} INFO - [2024-05-11T12:35:42.914+0000] {taskmixin.py:205} WARNING - Dependency <Task(BashOperator): create_entry_gcs>, delete_entry already registered for DAG: example_complex
[2024-05-11T12:35:42.916+0000] {logging_mixin.py:137} INFO - [2024-05-11T12:35:42.916+0000] {taskmixin.py:205} WARNING - Dependency <Task(BashOperator): delete_entry>, create_entry_gcs already registered for DAG: example_complex
[2024-05-11T12:35:42.918+0000] {logging_mixin.py:137} INFO - [2024-05-11T12:35:42.918+0000] {taskmixin.py:205} WARNING - Dependency <Task(BashOperator): create_tag>, delete_tag already registered for DAG: example_complex
[2024-05-11T12:35:42.919+0000] {logging_mixin.py:137} INFO - [2024-05-11T12:35:42.919+0000] {taskmixin.py:205} WARNING - Dependency <Task(BashOperator): delete_tag>, create_tag already registered for DAG: example_complex
[2024-05-11T12:35:42.971+0000] {processor.py:753} INFO - DAG(s) dict_keys(['example_complex']) retrieved from /home/airflow/.local/lib/python3.7/site-packages/airflow/example_dags/example_complex.py
[2024-05-11T12:35:43.248+0000] {logging_mixin.py:137} INFO - [2024-05-11T12:35:43.247+0000] {dag.py:2690} INFO - Sync 1 DAGs
[2024-05-11T12:35:43.584+0000] {logging_mixin.py:137} INFO - [2024-05-11T12:35:43.583+0000] {dag.py:3441} INFO - Setting next_dagrun for example_complex to None, run_after=None
[2024-05-11T12:35:43.772+0000] {processor.py:175} INFO - Processing /home/airflow/.local/lib/python3.7/site-packages/airflow/example_dags/example_complex.py took 0.947 seconds
[2024-05-11T12:36:14.409+0000] {processor.py:153} INFO - Started process (PID=203) to work on /home/airflow/.local/lib/python3.7/site-packages/airflow/example_dags/example_complex.py
[2024-05-11T12:36:14.415+0000] {processor.py:743} INFO - Processing file /home/airflow/.local/lib/python3.7/site-packages/airflow/example_dags/example_complex.py for tasks to queue
[2024-05-11T12:36:14.417+0000] {logging_mixin.py:137} INFO - [2024-05-11T12:36:14.416+0000] {dagbag.py:538} INFO - Filling up the DagBag from /home/airflow/.local/lib/python3.7/site-packages/airflow/example_dags/example_complex.py
[2024-05-11T12:36:14.519+0000] {logging_mixin.py:137} INFO - [2024-05-11T12:36:14.513+0000] {taskmixin.py:205} WARNING - Dependency <Task(BashOperator): create_entry_group>, delete_entry_group already registered for DAG: example_complex
[2024-05-11T12:36:14.530+0000] {logging_mixin.py:137} INFO - [2024-05-11T12:36:14.530+0000] {taskmixin.py:205} WARNING - Dependency <Task(BashOperator): delete_entry_group>, create_entry_group already registered for DAG: example_complex
[2024-05-11T12:36:14.534+0000] {logging_mixin.py:137} INFO - [2024-05-11T12:36:14.534+0000] {taskmixin.py:205} WARNING - Dependency <Task(BashOperator): create_entry_gcs>, delete_entry already registered for DAG: example_complex
[2024-05-11T12:36:14.543+0000] {logging_mixin.py:137} INFO - [2024-05-11T12:36:14.542+0000] {taskmixin.py:205} WARNING - Dependency <Task(BashOperator): delete_entry>, create_entry_gcs already registered for DAG: example_complex
[2024-05-11T12:36:14.545+0000] {logging_mixin.py:137} INFO - [2024-05-11T12:36:14.545+0000] {taskmixin.py:205} WARNING - Dependency <Task(BashOperator): create_tag>, delete_tag already registered for DAG: example_complex
[2024-05-11T12:36:14.546+0000] {logging_mixin.py:137} INFO - [2024-05-11T12:36:14.546+0000] {taskmixin.py:205} WARNING - Dependency <Task(BashOperator): delete_tag>, create_tag already registered for DAG: example_complex
[2024-05-11T12:36:14.590+0000] {processor.py:753} INFO - DAG(s) dict_keys(['example_complex']) retrieved from /home/airflow/.local/lib/python3.7/site-packages/airflow/example_dags/example_complex.py
[2024-05-11T12:36:14.733+0000] {logging_mixin.py:137} INFO - [2024-05-11T12:36:14.732+0000] {dag.py:2690} INFO - Sync 1 DAGs
[2024-05-11T12:36:14.862+0000] {logging_mixin.py:137} INFO - [2024-05-11T12:36:14.861+0000] {dag.py:3441} INFO - Setting next_dagrun for example_complex to None, run_after=None
[2024-05-11T12:36:14.963+0000] {processor.py:175} INFO - Processing /home/airflow/.local/lib/python3.7/site-packages/airflow/example_dags/example_complex.py took 0.589 seconds
