[2024-05-11T12:35:00.388+0000] {processor.py:153} INFO - Started process (PID=72) to work on /home/airflow/.local/lib/python3.7/site-packages/airflow/example_dags/tutorial_taskflow_api_virtualenv.py
[2024-05-11T12:35:00.411+0000] {processor.py:743} INFO - Processing file /home/airflow/.local/lib/python3.7/site-packages/airflow/example_dags/tutorial_taskflow_api_virtualenv.py for tasks to queue
[2024-05-11T12:35:00.427+0000] {logging_mixin.py:137} INFO - [2024-05-11T12:35:00.427+0000] {dagbag.py:538} INFO - Filling up the DagBag from /home/airflow/.local/lib/python3.7/site-packages/airflow/example_dags/tutorial_taskflow_api_virtualenv.py
[2024-05-11T12:35:00.679+0000] {processor.py:753} INFO - DAG(s) dict_keys(['tutorial_taskflow_api_virtualenv']) retrieved from /home/airflow/.local/lib/python3.7/site-packages/airflow/example_dags/tutorial_taskflow_api_virtualenv.py
[2024-05-11T12:35:02.748+0000] {logging_mixin.py:137} INFO - [2024-05-11T12:35:02.748+0000] {manager.py:504} INFO - Created Permission View: can read on DAG:tutorial_taskflow_api_virtualenv
[2024-05-11T12:35:03.038+0000] {logging_mixin.py:137} INFO - [2024-05-11T12:35:03.038+0000] {manager.py:504} INFO - Created Permission View: can delete on DAG:tutorial_taskflow_api_virtualenv
[2024-05-11T12:35:03.133+0000] {logging_mixin.py:137} INFO - [2024-05-11T12:35:03.132+0000] {manager.py:504} INFO - Created Permission View: can edit on DAG:tutorial_taskflow_api_virtualenv
[2024-05-11T12:35:03.162+0000] {logging_mixin.py:137} INFO - [2024-05-11T12:35:03.162+0000] {dag.py:2690} INFO - Sync 1 DAGs
[2024-05-11T12:35:03.571+0000] {logging_mixin.py:137} INFO - [2024-05-11T12:35:03.571+0000] {dag.py:2711} INFO - Creating ORM DAG for tutorial_taskflow_api_virtualenv
[2024-05-11T12:35:03.729+0000] {logging_mixin.py:137} INFO - [2024-05-11T12:35:03.729+0000] {dag.py:3441} INFO - Setting next_dagrun for tutorial_taskflow_api_virtualenv to None, run_after=None
[2024-05-11T12:35:03.974+0000] {processor.py:175} INFO - Processing /home/airflow/.local/lib/python3.7/site-packages/airflow/example_dags/tutorial_taskflow_api_virtualenv.py took 3.595 seconds
[2024-05-11T12:35:36.954+0000] {processor.py:153} INFO - Started process (PID=137) to work on /home/airflow/.local/lib/python3.7/site-packages/airflow/example_dags/tutorial_taskflow_api_virtualenv.py
[2024-05-11T12:35:36.958+0000] {processor.py:743} INFO - Processing file /home/airflow/.local/lib/python3.7/site-packages/airflow/example_dags/tutorial_taskflow_api_virtualenv.py for tasks to queue
[2024-05-11T12:35:36.961+0000] {logging_mixin.py:137} INFO - [2024-05-11T12:35:36.960+0000] {dagbag.py:538} INFO - Filling up the DagBag from /home/airflow/.local/lib/python3.7/site-packages/airflow/example_dags/tutorial_taskflow_api_virtualenv.py
[2024-05-11T12:35:37.106+0000] {processor.py:753} INFO - DAG(s) dict_keys(['tutorial_taskflow_api_virtualenv']) retrieved from /home/airflow/.local/lib/python3.7/site-packages/airflow/example_dags/tutorial_taskflow_api_virtualenv.py
[2024-05-11T12:35:37.294+0000] {logging_mixin.py:137} INFO - [2024-05-11T12:35:37.294+0000] {dag.py:2690} INFO - Sync 1 DAGs
[2024-05-11T12:35:37.609+0000] {logging_mixin.py:137} INFO - [2024-05-11T12:35:37.608+0000] {dag.py:3441} INFO - Setting next_dagrun for tutorial_taskflow_api_virtualenv to None, run_after=None
[2024-05-11T12:35:37.883+0000] {processor.py:175} INFO - Processing /home/airflow/.local/lib/python3.7/site-packages/airflow/example_dags/tutorial_taskflow_api_virtualenv.py took 0.946 seconds
[2024-05-11T12:36:08.589+0000] {processor.py:153} INFO - Started process (PID=198) to work on /home/airflow/.local/lib/python3.7/site-packages/airflow/example_dags/tutorial_taskflow_api_virtualenv.py
[2024-05-11T12:36:08.594+0000] {processor.py:743} INFO - Processing file /home/airflow/.local/lib/python3.7/site-packages/airflow/example_dags/tutorial_taskflow_api_virtualenv.py for tasks to queue
[2024-05-11T12:36:08.605+0000] {logging_mixin.py:137} INFO - [2024-05-11T12:36:08.605+0000] {dagbag.py:538} INFO - Filling up the DagBag from /home/airflow/.local/lib/python3.7/site-packages/airflow/example_dags/tutorial_taskflow_api_virtualenv.py
[2024-05-11T12:36:08.878+0000] {processor.py:753} INFO - DAG(s) dict_keys(['tutorial_taskflow_api_virtualenv']) retrieved from /home/airflow/.local/lib/python3.7/site-packages/airflow/example_dags/tutorial_taskflow_api_virtualenv.py
[2024-05-11T12:36:09.017+0000] {logging_mixin.py:137} INFO - [2024-05-11T12:36:09.017+0000] {dag.py:2690} INFO - Sync 1 DAGs
[2024-05-11T12:36:09.177+0000] {logging_mixin.py:137} INFO - [2024-05-11T12:36:09.177+0000] {dag.py:3441} INFO - Setting next_dagrun for tutorial_taskflow_api_virtualenv to None, run_after=None
[2024-05-11T12:36:09.286+0000] {processor.py:175} INFO - Processing /home/airflow/.local/lib/python3.7/site-packages/airflow/example_dags/tutorial_taskflow_api_virtualenv.py took 0.728 seconds
