[2024-05-12T17:58:22.817+0000] {taskinstance.py:1083} INFO - Dependencies all met for <TaskInstance: mlops_A2_dag.push_to_remote scheduled__2024-05-11T17:27:34.109181+00:00 [queued]>
[2024-05-12T17:58:22.869+0000] {taskinstance.py:1083} INFO - Dependencies all met for <TaskInstance: mlops_A2_dag.push_to_remote scheduled__2024-05-11T17:27:34.109181+00:00 [queued]>
[2024-05-12T17:58:22.874+0000] {taskinstance.py:1279} INFO - 
--------------------------------------------------------------------------------
[2024-05-12T17:58:22.877+0000] {taskinstance.py:1280} INFO - Starting attempt 1 of 2
[2024-05-12T17:58:22.879+0000] {taskinstance.py:1281} INFO - 
--------------------------------------------------------------------------------
[2024-05-12T17:58:22.971+0000] {taskinstance.py:1300} INFO - Executing <Task(PythonOperator): push_to_remote> on 2024-05-11 17:27:34.109181+00:00
[2024-05-12T17:58:23.026+0000] {standard_task_runner.py:55} INFO - Started process 1042 to run task
[2024-05-12T17:58:23.040+0000] {standard_task_runner.py:82} INFO - Running: ['***', 'tasks', 'run', 'mlops_A2_dag', 'push_to_remote', 'scheduled__2024-05-11T17:27:34.109181+00:00', '--job-id', '13', '--raw', '--subdir', 'DAGS_FOLDER/main.py', '--cfg-path', '/tmp/tmpyrtmdtbm']
[2024-05-12T17:58:23.067+0000] {standard_task_runner.py:83} INFO - Job 13: Subtask push_to_remote
[2024-05-12T17:58:23.614+0000] {task_command.py:388} INFO - Running <TaskInstance: mlops_A2_dag.push_to_remote scheduled__2024-05-11T17:27:34.109181+00:00 [running]> on host a018cce825ad
[2024-05-12T17:58:23.962+0000] {taskinstance.py:1509} INFO - Exporting the following env vars:
AIRFLOW_CTX_DAG_OWNER=***
AIRFLOW_CTX_DAG_ID=mlops_A2_dag
AIRFLOW_CTX_TASK_ID=push_to_remote
AIRFLOW_CTX_EXECUTION_DATE=2024-05-11T17:27:34.109181+00:00
AIRFLOW_CTX_TRY_NUMBER=1
AIRFLOW_CTX_DAG_RUN_ID=scheduled__2024-05-11T17:27:34.109181+00:00
[2024-05-12T17:58:23.989+0000] {python.py:177} INFO - Done. Returned value was: None
[2024-05-12T17:58:24.022+0000] {taskinstance.py:1323} INFO - Marking task as SUCCESS. dag_id=mlops_A2_dag, task_id=push_to_remote, execution_date=20240511T172734, start_date=20240512T175822, end_date=20240512T175824
[2024-05-12T17:58:24.097+0000] {local_task_job.py:208} INFO - Task exited with return code 0
[2024-05-12T17:58:24.190+0000] {taskinstance.py:2578} INFO - 1 downstream tasks scheduled from follow-on schedule check
