[2024-05-12T17:58:17.479+0000] {taskinstance.py:1083} INFO - Dependencies all met for <TaskInstance: mlops_A2_dag.add_data_to_dvc scheduled__2024-05-11T17:27:34.109181+00:00 [queued]>
[2024-05-12T17:58:17.517+0000] {taskinstance.py:1083} INFO - Dependencies all met for <TaskInstance: mlops_A2_dag.add_data_to_dvc scheduled__2024-05-11T17:27:34.109181+00:00 [queued]>
[2024-05-12T17:58:17.518+0000] {taskinstance.py:1279} INFO - 
--------------------------------------------------------------------------------
[2024-05-12T17:58:17.519+0000] {taskinstance.py:1280} INFO - Starting attempt 1 of 2
[2024-05-12T17:58:17.520+0000] {taskinstance.py:1281} INFO - 
--------------------------------------------------------------------------------
[2024-05-12T17:58:17.580+0000] {taskinstance.py:1300} INFO - Executing <Task(PythonOperator): add_data_to_dvc> on 2024-05-11 17:27:34.109181+00:00
[2024-05-12T17:58:17.595+0000] {standard_task_runner.py:55} INFO - Started process 1027 to run task
[2024-05-12T17:58:17.603+0000] {standard_task_runner.py:82} INFO - Running: ['***', 'tasks', 'run', 'mlops_A2_dag', 'add_data_to_dvc', 'scheduled__2024-05-11T17:27:34.109181+00:00', '--job-id', '12', '--raw', '--subdir', 'DAGS_FOLDER/main.py', '--cfg-path', '/tmp/tmp8b0lo2n7']
[2024-05-12T17:58:17.604+0000] {standard_task_runner.py:83} INFO - Job 12: Subtask add_data_to_dvc
[2024-05-12T17:58:17.882+0000] {task_command.py:388} INFO - Running <TaskInstance: mlops_A2_dag.add_data_to_dvc scheduled__2024-05-11T17:27:34.109181+00:00 [running]> on host a018cce825ad
[2024-05-12T17:58:18.156+0000] {taskinstance.py:1509} INFO - Exporting the following env vars:
AIRFLOW_CTX_DAG_OWNER=***
AIRFLOW_CTX_DAG_ID=mlops_A2_dag
AIRFLOW_CTX_TASK_ID=add_data_to_dvc
AIRFLOW_CTX_EXECUTION_DATE=2024-05-11T17:27:34.109181+00:00
AIRFLOW_CTX_TRY_NUMBER=1
AIRFLOW_CTX_DAG_RUN_ID=scheduled__2024-05-11T17:27:34.109181+00:00
[2024-05-12T17:58:18.257+0000] {python.py:177} INFO - Done. Returned value was: None
[2024-05-12T17:58:18.376+0000] {taskinstance.py:1323} INFO - Marking task as SUCCESS. dag_id=mlops_A2_dag, task_id=add_data_to_dvc, execution_date=20240511T172734, start_date=20240512T175817, end_date=20240512T175818
[2024-05-12T17:58:18.539+0000] {local_task_job.py:208} INFO - Task exited with return code 0
[2024-05-12T17:58:18.677+0000] {taskinstance.py:2578} INFO - 1 downstream tasks scheduled from follow-on schedule check
