[2024-05-12T17:30:42.593+0000] {taskinstance.py:1083} INFO - Dependencies all met for <TaskInstance: mlops_A2_dag.extract_data scheduled__2024-05-11T17:27:34.109181+00:00 [queued]>
[2024-05-12T17:30:42.823+0000] {taskinstance.py:1083} INFO - Dependencies all met for <TaskInstance: mlops_A2_dag.extract_data scheduled__2024-05-11T17:27:34.109181+00:00 [queued]>
[2024-05-12T17:30:42.841+0000] {taskinstance.py:1279} INFO - 
--------------------------------------------------------------------------------
[2024-05-12T17:30:42.888+0000] {taskinstance.py:1280} INFO - Starting attempt 1 of 2
[2024-05-12T17:30:42.904+0000] {taskinstance.py:1281} INFO - 
--------------------------------------------------------------------------------
[2024-05-12T17:30:43.116+0000] {taskinstance.py:1300} INFO - Executing <Task(PythonOperator): extract_data> on 2024-05-11 17:27:34.109181+00:00
[2024-05-12T17:30:43.189+0000] {standard_task_runner.py:55} INFO - Started process 104 to run task
[2024-05-12T17:30:43.238+0000] {standard_task_runner.py:82} INFO - Running: ['***', 'tasks', 'run', 'mlops_A2_dag', 'extract_data', 'scheduled__2024-05-11T17:27:34.109181+00:00', '--job-id', '9', '--raw', '--subdir', 'DAGS_FOLDER/main.py', '--cfg-path', '/tmp/tmp0vfdx7vl']
[2024-05-12T17:30:43.264+0000] {standard_task_runner.py:83} INFO - Job 9: Subtask extract_data
[2024-05-12T17:30:44.220+0000] {task_command.py:388} INFO - Running <TaskInstance: mlops_A2_dag.extract_data scheduled__2024-05-11T17:27:34.109181+00:00 [running]> on host a018cce825ad
[2024-05-12T17:30:44.972+0000] {taskinstance.py:1509} INFO - Exporting the following env vars:
AIRFLOW_CTX_DAG_OWNER=***
AIRFLOW_CTX_DAG_ID=mlops_A2_dag
AIRFLOW_CTX_TASK_ID=extract_data
AIRFLOW_CTX_EXECUTION_DATE=2024-05-11T17:27:34.109181+00:00
AIRFLOW_CTX_TRY_NUMBER=1
AIRFLOW_CTX_DAG_RUN_ID=scheduled__2024-05-11T17:27:34.109181+00:00
[2024-05-12T17:31:48.923+0000] {logging_mixin.py:137} INFO - Error occurred while fetching or parsing data for link: https://www.dawn.com///www.dawn.com. Error: 404 Client Error: Not Found for url: https://www.dawn.com///www.dawn.com
[2024-05-12T17:32:29.688+0000] {logging_mixin.py:137} INFO - Error occurred while fetching or parsing data for link: https://www.dawn.com///www.dawn.com. Error: 404 Client Error: Not Found for url: https://www.dawn.com///www.dawn.com
[2024-05-12T17:46:54.427+0000] {logging_mixin.py:137} INFO - Error occurred while fetching or parsing data for link: https://twitter.com/dawn_com. Error: ('Connection aborted.', OSError(0, 'Error'))
[2024-05-12T17:47:00.575+0000] {logging_mixin.py:137} INFO - Error occurred while fetching or parsing data for link: https://appgallery.huawei.com/#/app/C104007373. Error: 'NoneType' object has no attribute 'strip'
[2024-05-12T17:48:09.166+0000] {logging_mixin.py:137} INFO - Error occurred while fetching or parsing data for link: https://www.dawn.com//. Error: 404 Client Error: Not Found for url: https://www.dawn.com//
