[2024-06-12T19:42:47.834+0000] {processor.py:153} INFO - Started process (PID=139) to work on /home/airflow/.local/lib/python3.7/site-packages/airflow/example_dags/example_branch_operator.py
[2024-06-12T19:42:47.900+0000] {processor.py:743} INFO - Processing file /home/airflow/.local/lib/python3.7/site-packages/airflow/example_dags/example_branch_operator.py for tasks to queue
[2024-06-12T19:42:47.921+0000] {logging_mixin.py:137} INFO - [2024-06-12T19:42:47.920+0000] {dagbag.py:538} INFO - Filling up the DagBag from /home/airflow/.local/lib/python3.7/site-packages/airflow/example_dags/example_branch_operator.py
[2024-06-12T19:42:49.052+0000] {processor.py:753} INFO - DAG(s) dict_keys(['example_branch_operator']) retrieved from /home/airflow/.local/lib/python3.7/site-packages/airflow/example_dags/example_branch_operator.py
[2024-06-12T19:42:51.624+0000] {logging_mixin.py:137} INFO - [2024-06-12T19:42:51.546+0000] {dag.py:2690} INFO - Sync 1 DAGs
[2024-06-12T19:42:54.374+0000] {logging_mixin.py:137} INFO - [2024-06-12T19:42:54.374+0000] {dag.py:3441} INFO - Setting next_dagrun for example_branch_operator to 2024-06-11T00:00:00+00:00, run_after=2024-06-12T00:00:00+00:00
[2024-06-12T19:42:55.903+0000] {processor.py:175} INFO - Processing /home/airflow/.local/lib/python3.7/site-packages/airflow/example_dags/example_branch_operator.py took 8.312 seconds
[2024-06-12T19:44:45.094+0000] {processor.py:153} INFO - Started process (PID=244) to work on /home/airflow/.local/lib/python3.7/site-packages/airflow/example_dags/example_branch_operator.py
[2024-06-12T19:44:45.177+0000] {processor.py:743} INFO - Processing file /home/airflow/.local/lib/python3.7/site-packages/airflow/example_dags/example_branch_operator.py for tasks to queue
[2024-06-12T19:44:45.339+0000] {logging_mixin.py:137} INFO - [2024-06-12T19:44:45.339+0000] {dagbag.py:538} INFO - Filling up the DagBag from /home/airflow/.local/lib/python3.7/site-packages/airflow/example_dags/example_branch_operator.py
[2024-06-12T19:44:46.232+0000] {processor.py:753} INFO - DAG(s) dict_keys(['example_branch_operator']) retrieved from /home/airflow/.local/lib/python3.7/site-packages/airflow/example_dags/example_branch_operator.py
[2024-06-12T19:44:47.748+0000] {logging_mixin.py:137} INFO - [2024-06-12T19:44:47.748+0000] {dag.py:2690} INFO - Sync 1 DAGs
[2024-06-12T19:44:49.075+0000] {logging_mixin.py:137} INFO - [2024-06-12T19:44:49.075+0000] {dag.py:3441} INFO - Setting next_dagrun for example_branch_operator to 2024-06-11T00:00:00+00:00, run_after=2024-06-12T00:00:00+00:00
[2024-06-12T19:44:50.175+0000] {processor.py:175} INFO - Processing /home/airflow/.local/lib/python3.7/site-packages/airflow/example_dags/example_branch_operator.py took 5.152 seconds
[2024-06-12T19:46:52.471+0000] {processor.py:153} INFO - Started process (PID=337) to work on /home/airflow/.local/lib/python3.7/site-packages/airflow/example_dags/example_branch_operator.py
[2024-06-12T19:46:52.511+0000] {processor.py:743} INFO - Processing file /home/airflow/.local/lib/python3.7/site-packages/airflow/example_dags/example_branch_operator.py for tasks to queue
[2024-06-12T19:46:52.515+0000] {logging_mixin.py:137} INFO - [2024-06-12T19:46:52.514+0000] {dagbag.py:538} INFO - Filling up the DagBag from /home/airflow/.local/lib/python3.7/site-packages/airflow/example_dags/example_branch_operator.py
[2024-06-12T19:46:53.503+0000] {processor.py:753} INFO - DAG(s) dict_keys(['example_branch_operator']) retrieved from /home/airflow/.local/lib/python3.7/site-packages/airflow/example_dags/example_branch_operator.py
[2024-06-12T19:46:54.607+0000] {logging_mixin.py:137} INFO - [2024-06-12T19:46:54.606+0000] {dag.py:2690} INFO - Sync 1 DAGs
[2024-06-12T19:46:57.373+0000] {logging_mixin.py:137} INFO - [2024-06-12T19:46:57.143+0000] {dag.py:3441} INFO - Setting next_dagrun for example_branch_operator to 2024-06-11T00:00:00+00:00, run_after=2024-06-12T00:00:00+00:00
[2024-06-12T19:46:57.944+0000] {processor.py:175} INFO - Processing /home/airflow/.local/lib/python3.7/site-packages/airflow/example_dags/example_branch_operator.py took 5.656 seconds
[2024-06-12T19:48:06.224+0000] {processor.py:153} INFO - Started process (PID=415) to work on /home/airflow/.local/lib/python3.7/site-packages/airflow/example_dags/example_branch_operator.py
[2024-06-12T19:48:06.259+0000] {processor.py:743} INFO - Processing file /home/airflow/.local/lib/python3.7/site-packages/airflow/example_dags/example_branch_operator.py for tasks to queue
[2024-06-12T19:48:06.317+0000] {logging_mixin.py:137} INFO - [2024-06-12T19:48:06.316+0000] {dagbag.py:538} INFO - Filling up the DagBag from /home/airflow/.local/lib/python3.7/site-packages/airflow/example_dags/example_branch_operator.py
[2024-06-12T19:48:06.732+0000] {processor.py:753} INFO - DAG(s) dict_keys(['example_branch_operator']) retrieved from /home/airflow/.local/lib/python3.7/site-packages/airflow/example_dags/example_branch_operator.py
[2024-06-12T19:48:07.593+0000] {logging_mixin.py:137} INFO - [2024-06-12T19:48:07.544+0000] {dag.py:2690} INFO - Sync 1 DAGs
[2024-06-12T19:48:08.219+0000] {logging_mixin.py:137} INFO - [2024-06-12T19:48:08.218+0000] {dag.py:3441} INFO - Setting next_dagrun for example_branch_operator to 2024-06-11T00:00:00+00:00, run_after=2024-06-12T00:00:00+00:00
[2024-06-12T19:48:08.496+0000] {processor.py:175} INFO - Processing /home/airflow/.local/lib/python3.7/site-packages/airflow/example_dags/example_branch_operator.py took 2.311 seconds
[2024-06-12T19:48:39.050+0000] {processor.py:153} INFO - Started process (PID=483) to work on /home/airflow/.local/lib/python3.7/site-packages/airflow/example_dags/example_branch_operator.py
[2024-06-12T19:48:39.055+0000] {processor.py:743} INFO - Processing file /home/airflow/.local/lib/python3.7/site-packages/airflow/example_dags/example_branch_operator.py for tasks to queue
[2024-06-12T19:48:39.060+0000] {logging_mixin.py:137} INFO - [2024-06-12T19:48:39.059+0000] {dagbag.py:538} INFO - Filling up the DagBag from /home/airflow/.local/lib/python3.7/site-packages/airflow/example_dags/example_branch_operator.py
[2024-06-12T19:48:39.136+0000] {processor.py:753} INFO - DAG(s) dict_keys(['example_branch_operator']) retrieved from /home/airflow/.local/lib/python3.7/site-packages/airflow/example_dags/example_branch_operator.py
[2024-06-12T19:48:39.235+0000] {logging_mixin.py:137} INFO - [2024-06-12T19:48:39.234+0000] {dag.py:2690} INFO - Sync 1 DAGs
[2024-06-12T19:48:39.381+0000] {logging_mixin.py:137} INFO - [2024-06-12T19:48:39.380+0000] {dag.py:3441} INFO - Setting next_dagrun for example_branch_operator to 2024-06-11T00:00:00+00:00, run_after=2024-06-12T00:00:00+00:00
[2024-06-12T19:48:39.457+0000] {processor.py:175} INFO - Processing /home/airflow/.local/lib/python3.7/site-packages/airflow/example_dags/example_branch_operator.py took 0.421 seconds
[2024-06-12T19:49:16.815+0000] {processor.py:153} INFO - Started process (PID=544) to work on /home/airflow/.local/lib/python3.7/site-packages/airflow/example_dags/example_branch_operator.py
[2024-06-12T19:49:16.829+0000] {processor.py:743} INFO - Processing file /home/airflow/.local/lib/python3.7/site-packages/airflow/example_dags/example_branch_operator.py for tasks to queue
[2024-06-12T19:49:16.842+0000] {logging_mixin.py:137} INFO - [2024-06-12T19:49:16.841+0000] {dagbag.py:538} INFO - Filling up the DagBag from /home/airflow/.local/lib/python3.7/site-packages/airflow/example_dags/example_branch_operator.py
[2024-06-12T19:49:17.022+0000] {processor.py:753} INFO - DAG(s) dict_keys(['example_branch_operator']) retrieved from /home/airflow/.local/lib/python3.7/site-packages/airflow/example_dags/example_branch_operator.py
[2024-06-12T19:49:17.327+0000] {logging_mixin.py:137} INFO - [2024-06-12T19:49:17.326+0000] {dag.py:2690} INFO - Sync 1 DAGs
[2024-06-12T19:49:17.892+0000] {logging_mixin.py:137} INFO - [2024-06-12T19:49:17.892+0000] {dag.py:3441} INFO - Setting next_dagrun for example_branch_operator to 2024-06-11T00:00:00+00:00, run_after=2024-06-12T00:00:00+00:00
[2024-06-12T19:49:18.029+0000] {processor.py:175} INFO - Processing /home/airflow/.local/lib/python3.7/site-packages/airflow/example_dags/example_branch_operator.py took 1.247 seconds
[2024-06-12T19:49:48.609+0000] {processor.py:153} INFO - Started process (PID=599) to work on /home/airflow/.local/lib/python3.7/site-packages/airflow/example_dags/example_branch_operator.py
[2024-06-12T19:49:48.614+0000] {processor.py:743} INFO - Processing file /home/airflow/.local/lib/python3.7/site-packages/airflow/example_dags/example_branch_operator.py for tasks to queue
[2024-06-12T19:49:48.621+0000] {logging_mixin.py:137} INFO - [2024-06-12T19:49:48.620+0000] {dagbag.py:538} INFO - Filling up the DagBag from /home/airflow/.local/lib/python3.7/site-packages/airflow/example_dags/example_branch_operator.py
[2024-06-12T19:49:48.716+0000] {processor.py:753} INFO - DAG(s) dict_keys(['example_branch_operator']) retrieved from /home/airflow/.local/lib/python3.7/site-packages/airflow/example_dags/example_branch_operator.py
[2024-06-12T19:49:48.969+0000] {logging_mixin.py:137} INFO - [2024-06-12T19:49:48.968+0000] {dag.py:2690} INFO - Sync 1 DAGs
[2024-06-12T19:49:49.451+0000] {logging_mixin.py:137} INFO - [2024-06-12T19:49:49.451+0000] {dag.py:3441} INFO - Setting next_dagrun for example_branch_operator to 2024-06-11T00:00:00+00:00, run_after=2024-06-12T00:00:00+00:00
[2024-06-12T19:49:49.584+0000] {processor.py:175} INFO - Processing /home/airflow/.local/lib/python3.7/site-packages/airflow/example_dags/example_branch_operator.py took 1.000 seconds
[2024-06-12T19:50:40.102+0000] {processor.py:153} INFO - Started process (PID=670) to work on /home/airflow/.local/lib/python3.7/site-packages/airflow/example_dags/example_branch_operator.py
[2024-06-12T19:50:40.133+0000] {processor.py:743} INFO - Processing file /home/airflow/.local/lib/python3.7/site-packages/airflow/example_dags/example_branch_operator.py for tasks to queue
[2024-06-12T19:50:40.165+0000] {logging_mixin.py:137} INFO - [2024-06-12T19:50:40.165+0000] {dagbag.py:538} INFO - Filling up the DagBag from /home/airflow/.local/lib/python3.7/site-packages/airflow/example_dags/example_branch_operator.py
[2024-06-12T19:50:40.359+0000] {processor.py:753} INFO - DAG(s) dict_keys(['example_branch_operator']) retrieved from /home/airflow/.local/lib/python3.7/site-packages/airflow/example_dags/example_branch_operator.py
[2024-06-12T19:50:40.633+0000] {logging_mixin.py:137} INFO - [2024-06-12T19:50:40.632+0000] {dag.py:2690} INFO - Sync 1 DAGs
[2024-06-12T19:50:41.597+0000] {logging_mixin.py:137} INFO - [2024-06-12T19:50:41.596+0000] {dag.py:3441} INFO - Setting next_dagrun for example_branch_operator to 2024-06-11T00:00:00+00:00, run_after=2024-06-12T00:00:00+00:00
[2024-06-12T19:50:42.829+0000] {processor.py:175} INFO - Processing /home/airflow/.local/lib/python3.7/site-packages/airflow/example_dags/example_branch_operator.py took 2.806 seconds
[2024-06-12T19:51:53.255+0000] {processor.py:153} INFO - Started process (PID=750) to work on /home/airflow/.local/lib/python3.7/site-packages/airflow/example_dags/example_branch_operator.py
[2024-06-12T19:51:53.265+0000] {processor.py:743} INFO - Processing file /home/airflow/.local/lib/python3.7/site-packages/airflow/example_dags/example_branch_operator.py for tasks to queue
[2024-06-12T19:51:53.287+0000] {logging_mixin.py:137} INFO - [2024-06-12T19:51:53.287+0000] {dagbag.py:538} INFO - Filling up the DagBag from /home/airflow/.local/lib/python3.7/site-packages/airflow/example_dags/example_branch_operator.py
[2024-06-12T19:51:53.625+0000] {processor.py:753} INFO - DAG(s) dict_keys(['example_branch_operator']) retrieved from /home/airflow/.local/lib/python3.7/site-packages/airflow/example_dags/example_branch_operator.py
[2024-06-12T19:51:53.787+0000] {logging_mixin.py:137} INFO - [2024-06-12T19:51:53.787+0000] {dag.py:2690} INFO - Sync 1 DAGs
[2024-06-12T19:51:54.140+0000] {logging_mixin.py:137} INFO - [2024-06-12T19:51:54.139+0000] {dag.py:3441} INFO - Setting next_dagrun for example_branch_operator to 2024-06-11T00:00:00+00:00, run_after=2024-06-12T00:00:00+00:00
[2024-06-12T19:51:54.394+0000] {processor.py:175} INFO - Processing /home/airflow/.local/lib/python3.7/site-packages/airflow/example_dags/example_branch_operator.py took 1.196 seconds
[2024-06-12T19:52:38.263+0000] {processor.py:153} INFO - Started process (PID=810) to work on /home/airflow/.local/lib/python3.7/site-packages/airflow/example_dags/example_branch_operator.py
[2024-06-12T19:52:38.270+0000] {processor.py:743} INFO - Processing file /home/airflow/.local/lib/python3.7/site-packages/airflow/example_dags/example_branch_operator.py for tasks to queue
[2024-06-12T19:52:38.272+0000] {logging_mixin.py:137} INFO - [2024-06-12T19:52:38.272+0000] {dagbag.py:538} INFO - Filling up the DagBag from /home/airflow/.local/lib/python3.7/site-packages/airflow/example_dags/example_branch_operator.py
[2024-06-12T19:52:38.495+0000] {processor.py:753} INFO - DAG(s) dict_keys(['example_branch_operator']) retrieved from /home/airflow/.local/lib/python3.7/site-packages/airflow/example_dags/example_branch_operator.py
[2024-06-12T19:52:39.054+0000] {logging_mixin.py:137} INFO - [2024-06-12T19:52:39.053+0000] {dag.py:2690} INFO - Sync 1 DAGs
[2024-06-12T19:52:39.742+0000] {logging_mixin.py:137} INFO - [2024-06-12T19:52:39.741+0000] {dag.py:3441} INFO - Setting next_dagrun for example_branch_operator to 2024-06-11T00:00:00+00:00, run_after=2024-06-12T00:00:00+00:00
[2024-06-12T19:52:40.139+0000] {processor.py:175} INFO - Processing /home/airflow/.local/lib/python3.7/site-packages/airflow/example_dags/example_branch_operator.py took 1.925 seconds
[2024-06-12T19:53:22.176+0000] {processor.py:153} INFO - Started process (PID=880) to work on /home/airflow/.local/lib/python3.7/site-packages/airflow/example_dags/example_branch_operator.py
[2024-06-12T19:53:22.207+0000] {processor.py:743} INFO - Processing file /home/airflow/.local/lib/python3.7/site-packages/airflow/example_dags/example_branch_operator.py for tasks to queue
[2024-06-12T19:53:22.224+0000] {logging_mixin.py:137} INFO - [2024-06-12T19:53:22.224+0000] {dagbag.py:538} INFO - Filling up the DagBag from /home/airflow/.local/lib/python3.7/site-packages/airflow/example_dags/example_branch_operator.py
[2024-06-12T19:53:22.930+0000] {processor.py:753} INFO - DAG(s) dict_keys(['example_branch_operator']) retrieved from /home/airflow/.local/lib/python3.7/site-packages/airflow/example_dags/example_branch_operator.py
[2024-06-12T19:53:23.305+0000] {logging_mixin.py:137} INFO - [2024-06-12T19:53:23.304+0000] {dag.py:2690} INFO - Sync 1 DAGs
[2024-06-12T19:53:23.769+0000] {logging_mixin.py:137} INFO - [2024-06-12T19:53:23.769+0000] {dag.py:3441} INFO - Setting next_dagrun for example_branch_operator to 2024-06-11T00:00:00+00:00, run_after=2024-06-12T00:00:00+00:00
[2024-06-12T19:53:24.347+0000] {processor.py:175} INFO - Processing /home/airflow/.local/lib/python3.7/site-packages/airflow/example_dags/example_branch_operator.py took 2.293 seconds
[2024-06-12T19:53:54.555+0000] {processor.py:153} INFO - Started process (PID=937) to work on /home/airflow/.local/lib/python3.7/site-packages/airflow/example_dags/example_branch_operator.py
[2024-06-12T19:53:54.569+0000] {processor.py:743} INFO - Processing file /home/airflow/.local/lib/python3.7/site-packages/airflow/example_dags/example_branch_operator.py for tasks to queue
[2024-06-12T19:53:54.573+0000] {logging_mixin.py:137} INFO - [2024-06-12T19:53:54.572+0000] {dagbag.py:538} INFO - Filling up the DagBag from /home/airflow/.local/lib/python3.7/site-packages/airflow/example_dags/example_branch_operator.py
[2024-06-12T19:53:54.667+0000] {processor.py:753} INFO - DAG(s) dict_keys(['example_branch_operator']) retrieved from /home/airflow/.local/lib/python3.7/site-packages/airflow/example_dags/example_branch_operator.py
[2024-06-12T19:53:54.783+0000] {logging_mixin.py:137} INFO - [2024-06-12T19:53:54.783+0000] {dag.py:2690} INFO - Sync 1 DAGs
[2024-06-12T19:53:55.051+0000] {logging_mixin.py:137} INFO - [2024-06-12T19:53:55.051+0000] {dag.py:3441} INFO - Setting next_dagrun for example_branch_operator to 2024-06-11T00:00:00+00:00, run_after=2024-06-12T00:00:00+00:00
[2024-06-12T19:53:55.240+0000] {processor.py:175} INFO - Processing /home/airflow/.local/lib/python3.7/site-packages/airflow/example_dags/example_branch_operator.py took 0.699 seconds
[2024-06-12T19:54:47.999+0000] {processor.py:153} INFO - Started process (PID=1008) to work on /home/airflow/.local/lib/python3.7/site-packages/airflow/example_dags/example_branch_operator.py
[2024-06-12T19:54:48.187+0000] {processor.py:743} INFO - Processing file /home/airflow/.local/lib/python3.7/site-packages/airflow/example_dags/example_branch_operator.py for tasks to queue
[2024-06-12T19:54:48.257+0000] {logging_mixin.py:137} INFO - [2024-06-12T19:54:48.256+0000] {dagbag.py:538} INFO - Filling up the DagBag from /home/airflow/.local/lib/python3.7/site-packages/airflow/example_dags/example_branch_operator.py
[2024-06-12T19:54:48.739+0000] {processor.py:753} INFO - DAG(s) dict_keys(['example_branch_operator']) retrieved from /home/airflow/.local/lib/python3.7/site-packages/airflow/example_dags/example_branch_operator.py
[2024-06-12T19:54:49.380+0000] {logging_mixin.py:137} INFO - [2024-06-12T19:54:49.380+0000] {dag.py:2690} INFO - Sync 1 DAGs
[2024-06-12T19:54:49.944+0000] {logging_mixin.py:137} INFO - [2024-06-12T19:54:49.944+0000] {dag.py:3441} INFO - Setting next_dagrun for example_branch_operator to 2024-06-11T00:00:00+00:00, run_after=2024-06-12T00:00:00+00:00
[2024-06-12T19:54:50.361+0000] {processor.py:175} INFO - Processing /home/airflow/.local/lib/python3.7/site-packages/airflow/example_dags/example_branch_operator.py took 2.445 seconds
[2024-06-12T19:55:36.113+0000] {processor.py:153} INFO - Started process (PID=1067) to work on /home/airflow/.local/lib/python3.7/site-packages/airflow/example_dags/example_branch_operator.py
[2024-06-12T19:55:36.160+0000] {processor.py:743} INFO - Processing file /home/airflow/.local/lib/python3.7/site-packages/airflow/example_dags/example_branch_operator.py for tasks to queue
[2024-06-12T19:55:36.209+0000] {logging_mixin.py:137} INFO - [2024-06-12T19:55:36.208+0000] {dagbag.py:538} INFO - Filling up the DagBag from /home/airflow/.local/lib/python3.7/site-packages/airflow/example_dags/example_branch_operator.py
[2024-06-12T19:55:36.473+0000] {processor.py:753} INFO - DAG(s) dict_keys(['example_branch_operator']) retrieved from /home/airflow/.local/lib/python3.7/site-packages/airflow/example_dags/example_branch_operator.py
[2024-06-12T19:55:36.743+0000] {logging_mixin.py:137} INFO - [2024-06-12T19:55:36.741+0000] {dag.py:2690} INFO - Sync 1 DAGs
[2024-06-12T19:55:37.083+0000] {logging_mixin.py:137} INFO - [2024-06-12T19:55:37.083+0000] {dag.py:3441} INFO - Setting next_dagrun for example_branch_operator to 2024-06-11T00:00:00+00:00, run_after=2024-06-12T00:00:00+00:00
[2024-06-12T19:55:37.263+0000] {processor.py:175} INFO - Processing /home/airflow/.local/lib/python3.7/site-packages/airflow/example_dags/example_branch_operator.py took 1.199 seconds
[2024-06-12T19:56:17.075+0000] {processor.py:153} INFO - Started process (PID=1131) to work on /home/airflow/.local/lib/python3.7/site-packages/airflow/example_dags/example_branch_operator.py
[2024-06-12T19:56:17.077+0000] {processor.py:743} INFO - Processing file /home/airflow/.local/lib/python3.7/site-packages/airflow/example_dags/example_branch_operator.py for tasks to queue
[2024-06-12T19:56:17.092+0000] {logging_mixin.py:137} INFO - [2024-06-12T19:56:17.091+0000] {dagbag.py:538} INFO - Filling up the DagBag from /home/airflow/.local/lib/python3.7/site-packages/airflow/example_dags/example_branch_operator.py
[2024-06-12T19:56:17.281+0000] {processor.py:753} INFO - DAG(s) dict_keys(['example_branch_operator']) retrieved from /home/airflow/.local/lib/python3.7/site-packages/airflow/example_dags/example_branch_operator.py
[2024-06-12T19:56:17.439+0000] {logging_mixin.py:137} INFO - [2024-06-12T19:56:17.438+0000] {dag.py:2690} INFO - Sync 1 DAGs
[2024-06-12T19:56:17.577+0000] {logging_mixin.py:137} INFO - [2024-06-12T19:56:17.577+0000] {dag.py:3441} INFO - Setting next_dagrun for example_branch_operator to 2024-06-11T00:00:00+00:00, run_after=2024-06-12T00:00:00+00:00
[2024-06-12T19:56:17.762+0000] {processor.py:175} INFO - Processing /home/airflow/.local/lib/python3.7/site-packages/airflow/example_dags/example_branch_operator.py took 0.706 seconds
[2024-06-12T19:57:01.297+0000] {processor.py:153} INFO - Started process (PID=1193) to work on /home/airflow/.local/lib/python3.7/site-packages/airflow/example_dags/example_branch_operator.py
[2024-06-12T19:57:01.329+0000] {processor.py:743} INFO - Processing file /home/airflow/.local/lib/python3.7/site-packages/airflow/example_dags/example_branch_operator.py for tasks to queue
[2024-06-12T19:57:01.377+0000] {logging_mixin.py:137} INFO - [2024-06-12T19:57:01.377+0000] {dagbag.py:538} INFO - Filling up the DagBag from /home/airflow/.local/lib/python3.7/site-packages/airflow/example_dags/example_branch_operator.py
[2024-06-12T19:57:01.717+0000] {processor.py:753} INFO - DAG(s) dict_keys(['example_branch_operator']) retrieved from /home/airflow/.local/lib/python3.7/site-packages/airflow/example_dags/example_branch_operator.py
[2024-06-12T19:57:02.298+0000] {logging_mixin.py:137} INFO - [2024-06-12T19:57:02.297+0000] {dag.py:2690} INFO - Sync 1 DAGs
[2024-06-12T19:57:03.409+0000] {logging_mixin.py:137} INFO - [2024-06-12T19:57:03.398+0000] {dag.py:3441} INFO - Setting next_dagrun for example_branch_operator to 2024-06-11T00:00:00+00:00, run_after=2024-06-12T00:00:00+00:00
[2024-06-12T19:57:03.819+0000] {processor.py:175} INFO - Processing /home/airflow/.local/lib/python3.7/site-packages/airflow/example_dags/example_branch_operator.py took 2.569 seconds
[2024-06-12T19:58:45.276+0000] {processor.py:153} INFO - Started process (PID=1287) to work on /home/airflow/.local/lib/python3.7/site-packages/airflow/example_dags/example_branch_operator.py
[2024-06-12T19:58:45.483+0000] {processor.py:743} INFO - Processing file /home/airflow/.local/lib/python3.7/site-packages/airflow/example_dags/example_branch_operator.py for tasks to queue
[2024-06-12T19:58:45.566+0000] {logging_mixin.py:137} INFO - [2024-06-12T19:58:45.565+0000] {dagbag.py:538} INFO - Filling up the DagBag from /home/airflow/.local/lib/python3.7/site-packages/airflow/example_dags/example_branch_operator.py
[2024-06-12T19:58:46.279+0000] {processor.py:753} INFO - DAG(s) dict_keys(['example_branch_operator']) retrieved from /home/airflow/.local/lib/python3.7/site-packages/airflow/example_dags/example_branch_operator.py
[2024-06-12T19:58:47.709+0000] {logging_mixin.py:137} INFO - [2024-06-12T19:58:47.598+0000] {dag.py:2690} INFO - Sync 1 DAGs
[2024-06-12T19:58:49.025+0000] {logging_mixin.py:137} INFO - [2024-06-12T19:58:49.024+0000] {dag.py:3441} INFO - Setting next_dagrun for example_branch_operator to 2024-06-11T00:00:00+00:00, run_after=2024-06-12T00:00:00+00:00
[2024-06-12T19:58:49.653+0000] {processor.py:175} INFO - Processing /home/airflow/.local/lib/python3.7/site-packages/airflow/example_dags/example_branch_operator.py took 4.460 seconds
[2024-06-12T20:00:50.037+0000] {processor.py:153} INFO - Started process (PID=1383) to work on /home/airflow/.local/lib/python3.7/site-packages/airflow/example_dags/example_branch_operator.py
[2024-06-12T20:00:50.118+0000] {processor.py:743} INFO - Processing file /home/airflow/.local/lib/python3.7/site-packages/airflow/example_dags/example_branch_operator.py for tasks to queue
[2024-06-12T20:00:50.262+0000] {logging_mixin.py:137} INFO - [2024-06-12T20:00:50.262+0000] {dagbag.py:538} INFO - Filling up the DagBag from /home/airflow/.local/lib/python3.7/site-packages/airflow/example_dags/example_branch_operator.py
[2024-06-12T20:00:51.155+0000] {processor.py:753} INFO - DAG(s) dict_keys(['example_branch_operator']) retrieved from /home/airflow/.local/lib/python3.7/site-packages/airflow/example_dags/example_branch_operator.py
[2024-06-12T20:00:53.130+0000] {logging_mixin.py:137} INFO - [2024-06-12T20:00:53.129+0000] {dag.py:2690} INFO - Sync 1 DAGs
[2024-06-12T20:00:54.937+0000] {logging_mixin.py:137} INFO - [2024-06-12T20:00:54.936+0000] {dag.py:3441} INFO - Setting next_dagrun for example_branch_operator to 2024-06-11T00:00:00+00:00, run_after=2024-06-12T00:00:00+00:00
[2024-06-12T20:00:55.962+0000] {processor.py:175} INFO - Processing /home/airflow/.local/lib/python3.7/site-packages/airflow/example_dags/example_branch_operator.py took 6.112 seconds
[2024-06-12T20:03:21.247+0000] {processor.py:153} INFO - Started process (PID=1494) to work on /home/airflow/.local/lib/python3.7/site-packages/airflow/example_dags/example_branch_operator.py
[2024-06-12T20:03:21.341+0000] {processor.py:743} INFO - Processing file /home/airflow/.local/lib/python3.7/site-packages/airflow/example_dags/example_branch_operator.py for tasks to queue
[2024-06-12T20:03:21.358+0000] {logging_mixin.py:137} INFO - [2024-06-12T20:03:21.358+0000] {dagbag.py:538} INFO - Filling up the DagBag from /home/airflow/.local/lib/python3.7/site-packages/airflow/example_dags/example_branch_operator.py
[2024-06-12T20:03:22.671+0000] {processor.py:753} INFO - DAG(s) dict_keys(['example_branch_operator']) retrieved from /home/airflow/.local/lib/python3.7/site-packages/airflow/example_dags/example_branch_operator.py
[2024-06-12T20:03:25.142+0000] {logging_mixin.py:137} INFO - [2024-06-12T20:03:25.142+0000] {dag.py:2690} INFO - Sync 1 DAGs
[2024-06-12T20:03:27.500+0000] {logging_mixin.py:137} INFO - [2024-06-12T20:03:27.499+0000] {dag.py:3441} INFO - Setting next_dagrun for example_branch_operator to 2024-06-11T00:00:00+00:00, run_after=2024-06-12T00:00:00+00:00
[2024-06-12T20:03:29.307+0000] {processor.py:175} INFO - Processing /home/airflow/.local/lib/python3.7/site-packages/airflow/example_dags/example_branch_operator.py took 8.346 seconds
[2024-06-12T20:06:10.190+0000] {processor.py:153} INFO - Started process (PID=1619) to work on /home/airflow/.local/lib/python3.7/site-packages/airflow/example_dags/example_branch_operator.py
[2024-06-12T20:06:10.287+0000] {processor.py:743} INFO - Processing file /home/airflow/.local/lib/python3.7/site-packages/airflow/example_dags/example_branch_operator.py for tasks to queue
[2024-06-12T20:06:10.319+0000] {logging_mixin.py:137} INFO - [2024-06-12T20:06:10.318+0000] {dagbag.py:538} INFO - Filling up the DagBag from /home/airflow/.local/lib/python3.7/site-packages/airflow/example_dags/example_branch_operator.py
[2024-06-12T20:06:11.683+0000] {processor.py:753} INFO - DAG(s) dict_keys(['example_branch_operator']) retrieved from /home/airflow/.local/lib/python3.7/site-packages/airflow/example_dags/example_branch_operator.py
[2024-06-12T20:06:13.361+0000] {logging_mixin.py:137} INFO - [2024-06-12T20:06:13.361+0000] {dag.py:2690} INFO - Sync 1 DAGs
[2024-06-12T20:06:15.328+0000] {logging_mixin.py:137} INFO - [2024-06-12T20:06:15.327+0000] {dag.py:3441} INFO - Setting next_dagrun for example_branch_operator to 2024-06-11T00:00:00+00:00, run_after=2024-06-12T00:00:00+00:00
[2024-06-12T20:06:18.010+0000] {processor.py:175} INFO - Processing /home/airflow/.local/lib/python3.7/site-packages/airflow/example_dags/example_branch_operator.py took 7.946 seconds
[2024-06-12T20:09:25.532+0000] {processor.py:153} INFO - Started process (PID=1763) to work on /home/airflow/.local/lib/python3.7/site-packages/airflow/example_dags/example_branch_operator.py
[2024-06-12T20:09:25.558+0000] {processor.py:743} INFO - Processing file /home/airflow/.local/lib/python3.7/site-packages/airflow/example_dags/example_branch_operator.py for tasks to queue
[2024-06-12T20:09:25.619+0000] {logging_mixin.py:137} INFO - [2024-06-12T20:09:25.619+0000] {dagbag.py:538} INFO - Filling up the DagBag from /home/airflow/.local/lib/python3.7/site-packages/airflow/example_dags/example_branch_operator.py
[2024-06-12T20:09:26.641+0000] {processor.py:753} INFO - DAG(s) dict_keys(['example_branch_operator']) retrieved from /home/airflow/.local/lib/python3.7/site-packages/airflow/example_dags/example_branch_operator.py
[2024-06-12T20:09:27.431+0000] {logging_mixin.py:137} INFO - [2024-06-12T20:09:27.430+0000] {dag.py:2690} INFO - Sync 1 DAGs
[2024-06-12T20:09:29.703+0000] {logging_mixin.py:137} INFO - [2024-06-12T20:09:29.657+0000] {dag.py:3441} INFO - Setting next_dagrun for example_branch_operator to 2024-06-11T00:00:00+00:00, run_after=2024-06-12T00:00:00+00:00
[2024-06-12T20:09:31.834+0000] {processor.py:175} INFO - Processing /home/airflow/.local/lib/python3.7/site-packages/airflow/example_dags/example_branch_operator.py took 6.440 seconds
[2024-06-12T20:12:32.606+0000] {processor.py:153} INFO - Started process (PID=1905) to work on /home/airflow/.local/lib/python3.7/site-packages/airflow/example_dags/example_branch_operator.py
[2024-06-12T20:12:32.671+0000] {processor.py:743} INFO - Processing file /home/airflow/.local/lib/python3.7/site-packages/airflow/example_dags/example_branch_operator.py for tasks to queue
[2024-06-12T20:12:32.871+0000] {logging_mixin.py:137} INFO - [2024-06-12T20:12:32.871+0000] {dagbag.py:538} INFO - Filling up the DagBag from /home/airflow/.local/lib/python3.7/site-packages/airflow/example_dags/example_branch_operator.py
[2024-06-12T20:12:34.186+0000] {processor.py:753} INFO - DAG(s) dict_keys(['example_branch_operator']) retrieved from /home/airflow/.local/lib/python3.7/site-packages/airflow/example_dags/example_branch_operator.py
[2024-06-12T20:12:36.288+0000] {logging_mixin.py:137} INFO - [2024-06-12T20:12:36.287+0000] {dag.py:2690} INFO - Sync 1 DAGs
[2024-06-12T20:12:38.627+0000] {logging_mixin.py:137} INFO - [2024-06-12T20:12:38.581+0000] {dag.py:3441} INFO - Setting next_dagrun for example_branch_operator to 2024-06-11T00:00:00+00:00, run_after=2024-06-12T00:00:00+00:00
[2024-06-12T20:12:40.000+0000] {processor.py:175} INFO - Processing /home/airflow/.local/lib/python3.7/site-packages/airflow/example_dags/example_branch_operator.py took 7.513 seconds
[2024-06-12T20:14:02.274+0000] {processor.py:153} INFO - Started process (PID=1996) to work on /home/airflow/.local/lib/python3.7/site-packages/airflow/example_dags/example_branch_operator.py
[2024-06-12T20:14:02.283+0000] {processor.py:743} INFO - Processing file /home/airflow/.local/lib/python3.7/site-packages/airflow/example_dags/example_branch_operator.py for tasks to queue
[2024-06-12T20:14:02.291+0000] {logging_mixin.py:137} INFO - [2024-06-12T20:14:02.290+0000] {dagbag.py:538} INFO - Filling up the DagBag from /home/airflow/.local/lib/python3.7/site-packages/airflow/example_dags/example_branch_operator.py
[2024-06-12T20:14:02.991+0000] {processor.py:753} INFO - DAG(s) dict_keys(['example_branch_operator']) retrieved from /home/airflow/.local/lib/python3.7/site-packages/airflow/example_dags/example_branch_operator.py
[2024-06-12T20:14:03.514+0000] {logging_mixin.py:137} INFO - [2024-06-12T20:14:03.513+0000] {dag.py:2690} INFO - Sync 1 DAGs
[2024-06-12T20:14:04.428+0000] {logging_mixin.py:137} INFO - [2024-06-12T20:14:04.421+0000] {dag.py:3441} INFO - Setting next_dagrun for example_branch_operator to 2024-06-11T00:00:00+00:00, run_after=2024-06-12T00:00:00+00:00
[2024-06-12T20:14:05.047+0000] {processor.py:175} INFO - Processing /home/airflow/.local/lib/python3.7/site-packages/airflow/example_dags/example_branch_operator.py took 2.805 seconds
[2024-06-12T20:14:52.218+0000] {processor.py:153} INFO - Started process (PID=2046) to work on /home/airflow/.local/lib/python3.7/site-packages/airflow/example_dags/example_branch_operator.py
[2024-06-12T20:14:52.317+0000] {processor.py:743} INFO - Processing file /home/airflow/.local/lib/python3.7/site-packages/airflow/example_dags/example_branch_operator.py for tasks to queue
[2024-06-12T20:14:52.337+0000] {logging_mixin.py:137} INFO - [2024-06-12T20:14:52.334+0000] {dagbag.py:538} INFO - Filling up the DagBag from /home/airflow/.local/lib/python3.7/site-packages/airflow/example_dags/example_branch_operator.py
[2024-06-12T20:14:53.510+0000] {processor.py:753} INFO - DAG(s) dict_keys(['example_branch_operator']) retrieved from /home/airflow/.local/lib/python3.7/site-packages/airflow/example_dags/example_branch_operator.py
[2024-06-12T20:14:53.952+0000] {logging_mixin.py:137} INFO - [2024-06-12T20:14:53.949+0000] {dag.py:2690} INFO - Sync 1 DAGs
[2024-06-12T20:14:54.733+0000] {logging_mixin.py:137} INFO - [2024-06-12T20:14:54.732+0000] {dag.py:3441} INFO - Setting next_dagrun for example_branch_operator to 2024-06-11T00:00:00+00:00, run_after=2024-06-12T00:00:00+00:00
[2024-06-12T20:14:55.310+0000] {processor.py:175} INFO - Processing /home/airflow/.local/lib/python3.7/site-packages/airflow/example_dags/example_branch_operator.py took 3.236 seconds
[2024-06-12T20:15:39.244+0000] {processor.py:153} INFO - Started process (PID=2102) to work on /home/airflow/.local/lib/python3.7/site-packages/airflow/example_dags/example_branch_operator.py
[2024-06-12T20:15:39.283+0000] {processor.py:743} INFO - Processing file /home/airflow/.local/lib/python3.7/site-packages/airflow/example_dags/example_branch_operator.py for tasks to queue
[2024-06-12T20:15:39.391+0000] {logging_mixin.py:137} INFO - [2024-06-12T20:15:39.391+0000] {dagbag.py:538} INFO - Filling up the DagBag from /home/airflow/.local/lib/python3.7/site-packages/airflow/example_dags/example_branch_operator.py
[2024-06-12T20:15:39.841+0000] {processor.py:753} INFO - DAG(s) dict_keys(['example_branch_operator']) retrieved from /home/airflow/.local/lib/python3.7/site-packages/airflow/example_dags/example_branch_operator.py
[2024-06-12T20:15:40.297+0000] {logging_mixin.py:137} INFO - [2024-06-12T20:15:40.297+0000] {dag.py:2690} INFO - Sync 1 DAGs
[2024-06-12T20:15:40.979+0000] {logging_mixin.py:137} INFO - [2024-06-12T20:15:40.976+0000] {dag.py:3441} INFO - Setting next_dagrun for example_branch_operator to 2024-06-11T00:00:00+00:00, run_after=2024-06-12T00:00:00+00:00
[2024-06-12T20:15:41.654+0000] {processor.py:175} INFO - Processing /home/airflow/.local/lib/python3.7/site-packages/airflow/example_dags/example_branch_operator.py took 2.468 seconds
[2024-06-12T20:16:33.820+0000] {processor.py:153} INFO - Started process (PID=2168) to work on /home/airflow/.local/lib/python3.7/site-packages/airflow/example_dags/example_branch_operator.py
[2024-06-12T20:16:33.836+0000] {processor.py:743} INFO - Processing file /home/airflow/.local/lib/python3.7/site-packages/airflow/example_dags/example_branch_operator.py for tasks to queue
[2024-06-12T20:16:33.853+0000] {logging_mixin.py:137} INFO - [2024-06-12T20:16:33.853+0000] {dagbag.py:538} INFO - Filling up the DagBag from /home/airflow/.local/lib/python3.7/site-packages/airflow/example_dags/example_branch_operator.py
[2024-06-12T20:16:34.278+0000] {processor.py:753} INFO - DAG(s) dict_keys(['example_branch_operator']) retrieved from /home/airflow/.local/lib/python3.7/site-packages/airflow/example_dags/example_branch_operator.py
[2024-06-12T20:16:34.691+0000] {logging_mixin.py:137} INFO - [2024-06-12T20:16:34.690+0000] {dag.py:2690} INFO - Sync 1 DAGs
[2024-06-12T20:16:35.497+0000] {logging_mixin.py:137} INFO - [2024-06-12T20:16:35.497+0000] {dag.py:3441} INFO - Setting next_dagrun for example_branch_operator to 2024-06-11T00:00:00+00:00, run_after=2024-06-12T00:00:00+00:00
[2024-06-12T20:16:35.993+0000] {processor.py:175} INFO - Processing /home/airflow/.local/lib/python3.7/site-packages/airflow/example_dags/example_branch_operator.py took 2.195 seconds
[2024-06-12T20:17:27.519+0000] {processor.py:153} INFO - Started process (PID=2231) to work on /home/airflow/.local/lib/python3.7/site-packages/airflow/example_dags/example_branch_operator.py
[2024-06-12T20:17:27.617+0000] {processor.py:743} INFO - Processing file /home/airflow/.local/lib/python3.7/site-packages/airflow/example_dags/example_branch_operator.py for tasks to queue
[2024-06-12T20:17:27.667+0000] {logging_mixin.py:137} INFO - [2024-06-12T20:17:27.666+0000] {dagbag.py:538} INFO - Filling up the DagBag from /home/airflow/.local/lib/python3.7/site-packages/airflow/example_dags/example_branch_operator.py
[2024-06-12T20:17:28.459+0000] {processor.py:753} INFO - DAG(s) dict_keys(['example_branch_operator']) retrieved from /home/airflow/.local/lib/python3.7/site-packages/airflow/example_dags/example_branch_operator.py
[2024-06-12T20:17:29.716+0000] {logging_mixin.py:137} INFO - [2024-06-12T20:17:29.715+0000] {dag.py:2690} INFO - Sync 1 DAGs
[2024-06-12T20:17:30.605+0000] {logging_mixin.py:137} INFO - [2024-06-12T20:17:30.605+0000] {dag.py:3441} INFO - Setting next_dagrun for example_branch_operator to 2024-06-11T00:00:00+00:00, run_after=2024-06-12T00:00:00+00:00
[2024-06-12T20:17:31.054+0000] {processor.py:175} INFO - Processing /home/airflow/.local/lib/python3.7/site-packages/airflow/example_dags/example_branch_operator.py took 3.602 seconds
[2024-06-12T20:18:28.051+0000] {processor.py:153} INFO - Started process (PID=2287) to work on /home/airflow/.local/lib/python3.7/site-packages/airflow/example_dags/example_branch_operator.py
[2024-06-12T20:18:28.182+0000] {processor.py:743} INFO - Processing file /home/airflow/.local/lib/python3.7/site-packages/airflow/example_dags/example_branch_operator.py for tasks to queue
[2024-06-12T20:18:28.200+0000] {logging_mixin.py:137} INFO - [2024-06-12T20:18:28.199+0000] {dagbag.py:538} INFO - Filling up the DagBag from /home/airflow/.local/lib/python3.7/site-packages/airflow/example_dags/example_branch_operator.py
[2024-06-12T20:18:29.255+0000] {processor.py:753} INFO - DAG(s) dict_keys(['example_branch_operator']) retrieved from /home/airflow/.local/lib/python3.7/site-packages/airflow/example_dags/example_branch_operator.py
[2024-06-12T20:18:31.027+0000] {logging_mixin.py:137} INFO - [2024-06-12T20:18:31.026+0000] {dag.py:2690} INFO - Sync 1 DAGs
[2024-06-12T20:18:31.412+0000] {logging_mixin.py:137} INFO - [2024-06-12T20:18:31.411+0000] {dag.py:3441} INFO - Setting next_dagrun for example_branch_operator to 2024-06-11T00:00:00+00:00, run_after=2024-06-12T00:00:00+00:00
[2024-06-12T20:18:32.100+0000] {processor.py:175} INFO - Processing /home/airflow/.local/lib/python3.7/site-packages/airflow/example_dags/example_branch_operator.py took 4.192 seconds
[2024-06-12T20:19:19.649+0000] {processor.py:153} INFO - Started process (PID=2335) to work on /home/airflow/.local/lib/python3.7/site-packages/airflow/example_dags/example_branch_operator.py
[2024-06-12T20:19:19.661+0000] {processor.py:743} INFO - Processing file /home/airflow/.local/lib/python3.7/site-packages/airflow/example_dags/example_branch_operator.py for tasks to queue
[2024-06-12T20:19:19.670+0000] {logging_mixin.py:137} INFO - [2024-06-12T20:19:19.669+0000] {dagbag.py:538} INFO - Filling up the DagBag from /home/airflow/.local/lib/python3.7/site-packages/airflow/example_dags/example_branch_operator.py
[2024-06-12T20:19:20.338+0000] {processor.py:753} INFO - DAG(s) dict_keys(['example_branch_operator']) retrieved from /home/airflow/.local/lib/python3.7/site-packages/airflow/example_dags/example_branch_operator.py
[2024-06-12T20:19:21.308+0000] {logging_mixin.py:137} INFO - [2024-06-12T20:19:21.307+0000] {dag.py:2690} INFO - Sync 1 DAGs
[2024-06-12T20:19:21.925+0000] {logging_mixin.py:137} INFO - [2024-06-12T20:19:21.924+0000] {dag.py:3441} INFO - Setting next_dagrun for example_branch_operator to 2024-06-11T00:00:00+00:00, run_after=2024-06-12T00:00:00+00:00
[2024-06-12T20:19:22.428+0000] {processor.py:175} INFO - Processing /home/airflow/.local/lib/python3.7/site-packages/airflow/example_dags/example_branch_operator.py took 2.840 seconds
[2024-06-12T20:20:14.228+0000] {processor.py:153} INFO - Started process (PID=2396) to work on /home/airflow/.local/lib/python3.7/site-packages/airflow/example_dags/example_branch_operator.py
[2024-06-12T20:20:14.238+0000] {processor.py:743} INFO - Processing file /home/airflow/.local/lib/python3.7/site-packages/airflow/example_dags/example_branch_operator.py for tasks to queue
[2024-06-12T20:20:14.244+0000] {logging_mixin.py:137} INFO - [2024-06-12T20:20:14.240+0000] {dagbag.py:538} INFO - Filling up the DagBag from /home/airflow/.local/lib/python3.7/site-packages/airflow/example_dags/example_branch_operator.py
[2024-06-12T20:20:14.633+0000] {processor.py:753} INFO - DAG(s) dict_keys(['example_branch_operator']) retrieved from /home/airflow/.local/lib/python3.7/site-packages/airflow/example_dags/example_branch_operator.py
[2024-06-12T20:20:15.326+0000] {logging_mixin.py:137} INFO - [2024-06-12T20:20:15.326+0000] {dag.py:2690} INFO - Sync 1 DAGs
[2024-06-12T20:20:15.812+0000] {logging_mixin.py:137} INFO - [2024-06-12T20:20:15.812+0000] {dag.py:3441} INFO - Setting next_dagrun for example_branch_operator to 2024-06-11T00:00:00+00:00, run_after=2024-06-12T00:00:00+00:00
[2024-06-12T20:20:16.166+0000] {processor.py:175} INFO - Processing /home/airflow/.local/lib/python3.7/site-packages/airflow/example_dags/example_branch_operator.py took 2.225 seconds
[2024-06-12T20:21:20.619+0000] {processor.py:153} INFO - Started process (PID=2458) to work on /home/airflow/.local/lib/python3.7/site-packages/airflow/example_dags/example_branch_operator.py
[2024-06-12T20:21:20.638+0000] {processor.py:743} INFO - Processing file /home/airflow/.local/lib/python3.7/site-packages/airflow/example_dags/example_branch_operator.py for tasks to queue
[2024-06-12T20:21:20.687+0000] {logging_mixin.py:137} INFO - [2024-06-12T20:21:20.686+0000] {dagbag.py:538} INFO - Filling up the DagBag from /home/airflow/.local/lib/python3.7/site-packages/airflow/example_dags/example_branch_operator.py
[2024-06-12T20:21:21.241+0000] {processor.py:753} INFO - DAG(s) dict_keys(['example_branch_operator']) retrieved from /home/airflow/.local/lib/python3.7/site-packages/airflow/example_dags/example_branch_operator.py
[2024-06-12T20:21:22.027+0000] {logging_mixin.py:137} INFO - [2024-06-12T20:21:22.027+0000] {dag.py:2690} INFO - Sync 1 DAGs
[2024-06-12T20:21:22.416+0000] {logging_mixin.py:137} INFO - [2024-06-12T20:21:22.415+0000] {dag.py:3441} INFO - Setting next_dagrun for example_branch_operator to 2024-06-11T00:00:00+00:00, run_after=2024-06-12T00:00:00+00:00
[2024-06-12T20:21:22.668+0000] {processor.py:175} INFO - Processing /home/airflow/.local/lib/python3.7/site-packages/airflow/example_dags/example_branch_operator.py took 2.161 seconds
[2024-06-12T20:22:23.270+0000] {processor.py:153} INFO - Started process (PID=2521) to work on /home/airflow/.local/lib/python3.7/site-packages/airflow/example_dags/example_branch_operator.py
[2024-06-12T20:22:23.305+0000] {processor.py:743} INFO - Processing file /home/airflow/.local/lib/python3.7/site-packages/airflow/example_dags/example_branch_operator.py for tasks to queue
[2024-06-12T20:22:23.338+0000] {logging_mixin.py:137} INFO - [2024-06-12T20:22:23.338+0000] {dagbag.py:538} INFO - Filling up the DagBag from /home/airflow/.local/lib/python3.7/site-packages/airflow/example_dags/example_branch_operator.py
[2024-06-12T20:22:24.395+0000] {processor.py:753} INFO - DAG(s) dict_keys(['example_branch_operator']) retrieved from /home/airflow/.local/lib/python3.7/site-packages/airflow/example_dags/example_branch_operator.py
[2024-06-12T20:22:25.740+0000] {logging_mixin.py:137} INFO - [2024-06-12T20:22:25.740+0000] {dag.py:2690} INFO - Sync 1 DAGs
[2024-06-12T20:22:27.164+0000] {logging_mixin.py:137} INFO - [2024-06-12T20:22:27.153+0000] {dag.py:3441} INFO - Setting next_dagrun for example_branch_operator to 2024-06-11T00:00:00+00:00, run_after=2024-06-12T00:00:00+00:00
[2024-06-12T20:22:27.711+0000] {processor.py:175} INFO - Processing /home/airflow/.local/lib/python3.7/site-packages/airflow/example_dags/example_branch_operator.py took 4.591 seconds
[2024-06-12T20:23:27.159+0000] {processor.py:153} INFO - Started process (PID=2582) to work on /home/airflow/.local/lib/python3.7/site-packages/airflow/example_dags/example_branch_operator.py
[2024-06-12T20:23:27.334+0000] {processor.py:743} INFO - Processing file /home/airflow/.local/lib/python3.7/site-packages/airflow/example_dags/example_branch_operator.py for tasks to queue
[2024-06-12T20:23:27.526+0000] {logging_mixin.py:137} INFO - [2024-06-12T20:23:27.526+0000] {dagbag.py:538} INFO - Filling up the DagBag from /home/airflow/.local/lib/python3.7/site-packages/airflow/example_dags/example_branch_operator.py
[2024-06-12T20:23:28.447+0000] {processor.py:753} INFO - DAG(s) dict_keys(['example_branch_operator']) retrieved from /home/airflow/.local/lib/python3.7/site-packages/airflow/example_dags/example_branch_operator.py
[2024-06-12T20:23:29.501+0000] {logging_mixin.py:137} INFO - [2024-06-12T20:23:29.501+0000] {dag.py:2690} INFO - Sync 1 DAGs
[2024-06-12T20:23:31.058+0000] {logging_mixin.py:137} INFO - [2024-06-12T20:23:31.045+0000] {dag.py:3441} INFO - Setting next_dagrun for example_branch_operator to 2024-06-11T00:00:00+00:00, run_after=2024-06-12T00:00:00+00:00
[2024-06-12T20:23:32.127+0000] {processor.py:175} INFO - Processing /home/airflow/.local/lib/python3.7/site-packages/airflow/example_dags/example_branch_operator.py took 5.008 seconds
[2024-06-12T20:24:42.787+0000] {processor.py:153} INFO - Started process (PID=2654) to work on /home/airflow/.local/lib/python3.7/site-packages/airflow/example_dags/example_branch_operator.py
[2024-06-12T20:24:42.820+0000] {processor.py:743} INFO - Processing file /home/airflow/.local/lib/python3.7/site-packages/airflow/example_dags/example_branch_operator.py for tasks to queue
[2024-06-12T20:24:42.883+0000] {logging_mixin.py:137} INFO - [2024-06-12T20:24:42.883+0000] {dagbag.py:538} INFO - Filling up the DagBag from /home/airflow/.local/lib/python3.7/site-packages/airflow/example_dags/example_branch_operator.py
[2024-06-12T20:24:43.620+0000] {processor.py:753} INFO - DAG(s) dict_keys(['example_branch_operator']) retrieved from /home/airflow/.local/lib/python3.7/site-packages/airflow/example_dags/example_branch_operator.py
[2024-06-12T20:24:44.221+0000] {logging_mixin.py:137} INFO - [2024-06-12T20:24:44.221+0000] {dag.py:2690} INFO - Sync 1 DAGs
[2024-06-12T20:24:45.172+0000] {logging_mixin.py:137} INFO - [2024-06-12T20:24:45.171+0000] {dag.py:3441} INFO - Setting next_dagrun for example_branch_operator to 2024-06-11T00:00:00+00:00, run_after=2024-06-12T00:00:00+00:00
[2024-06-12T20:24:45.829+0000] {processor.py:175} INFO - Processing /home/airflow/.local/lib/python3.7/site-packages/airflow/example_dags/example_branch_operator.py took 3.259 seconds
[2024-06-12T20:25:33.396+0000] {processor.py:153} INFO - Started process (PID=2708) to work on /home/airflow/.local/lib/python3.7/site-packages/airflow/example_dags/example_branch_operator.py
[2024-06-12T20:25:33.458+0000] {processor.py:743} INFO - Processing file /home/airflow/.local/lib/python3.7/site-packages/airflow/example_dags/example_branch_operator.py for tasks to queue
[2024-06-12T20:25:33.474+0000] {logging_mixin.py:137} INFO - [2024-06-12T20:25:33.474+0000] {dagbag.py:538} INFO - Filling up the DagBag from /home/airflow/.local/lib/python3.7/site-packages/airflow/example_dags/example_branch_operator.py
[2024-06-12T20:25:33.803+0000] {processor.py:753} INFO - DAG(s) dict_keys(['example_branch_operator']) retrieved from /home/airflow/.local/lib/python3.7/site-packages/airflow/example_dags/example_branch_operator.py
[2024-06-12T20:25:34.574+0000] {logging_mixin.py:137} INFO - [2024-06-12T20:25:34.573+0000] {dag.py:2690} INFO - Sync 1 DAGs
[2024-06-12T20:25:35.166+0000] {logging_mixin.py:137} INFO - [2024-06-12T20:25:35.166+0000] {dag.py:3441} INFO - Setting next_dagrun for example_branch_operator to 2024-06-11T00:00:00+00:00, run_after=2024-06-12T00:00:00+00:00
[2024-06-12T20:25:36.009+0000] {processor.py:175} INFO - Processing /home/airflow/.local/lib/python3.7/site-packages/airflow/example_dags/example_branch_operator.py took 2.821 seconds
[2024-06-12T20:26:25.532+0000] {processor.py:153} INFO - Started process (PID=2759) to work on /home/airflow/.local/lib/python3.7/site-packages/airflow/example_dags/example_branch_operator.py
[2024-06-12T20:26:25.563+0000] {processor.py:743} INFO - Processing file /home/airflow/.local/lib/python3.7/site-packages/airflow/example_dags/example_branch_operator.py for tasks to queue
[2024-06-12T20:26:25.595+0000] {logging_mixin.py:137} INFO - [2024-06-12T20:26:25.595+0000] {dagbag.py:538} INFO - Filling up the DagBag from /home/airflow/.local/lib/python3.7/site-packages/airflow/example_dags/example_branch_operator.py
[2024-06-12T20:26:25.803+0000] {processor.py:753} INFO - DAG(s) dict_keys(['example_branch_operator']) retrieved from /home/airflow/.local/lib/python3.7/site-packages/airflow/example_dags/example_branch_operator.py
[2024-06-12T20:26:26.486+0000] {logging_mixin.py:137} INFO - [2024-06-12T20:26:26.485+0000] {dag.py:2690} INFO - Sync 1 DAGs
[2024-06-12T20:26:27.641+0000] {logging_mixin.py:137} INFO - [2024-06-12T20:26:27.641+0000] {dag.py:3441} INFO - Setting next_dagrun for example_branch_operator to 2024-06-11T00:00:00+00:00, run_after=2024-06-12T00:00:00+00:00
[2024-06-12T20:26:28.633+0000] {processor.py:175} INFO - Processing /home/airflow/.local/lib/python3.7/site-packages/airflow/example_dags/example_branch_operator.py took 3.198 seconds
[2024-06-12T20:27:28.377+0000] {processor.py:153} INFO - Started process (PID=2821) to work on /home/airflow/.local/lib/python3.7/site-packages/airflow/example_dags/example_branch_operator.py
[2024-06-12T20:27:28.398+0000] {processor.py:743} INFO - Processing file /home/airflow/.local/lib/python3.7/site-packages/airflow/example_dags/example_branch_operator.py for tasks to queue
[2024-06-12T20:27:28.415+0000] {logging_mixin.py:137} INFO - [2024-06-12T20:27:28.415+0000] {dagbag.py:538} INFO - Filling up the DagBag from /home/airflow/.local/lib/python3.7/site-packages/airflow/example_dags/example_branch_operator.py
[2024-06-12T20:27:28.848+0000] {processor.py:753} INFO - DAG(s) dict_keys(['example_branch_operator']) retrieved from /home/airflow/.local/lib/python3.7/site-packages/airflow/example_dags/example_branch_operator.py
[2024-06-12T20:27:29.333+0000] {logging_mixin.py:137} INFO - [2024-06-12T20:27:29.333+0000] {dag.py:2690} INFO - Sync 1 DAGs
[2024-06-12T20:27:29.913+0000] {logging_mixin.py:137} INFO - [2024-06-12T20:27:29.913+0000] {dag.py:3441} INFO - Setting next_dagrun for example_branch_operator to 2024-06-11T00:00:00+00:00, run_after=2024-06-12T00:00:00+00:00
[2024-06-12T20:27:30.183+0000] {processor.py:175} INFO - Processing /home/airflow/.local/lib/python3.7/site-packages/airflow/example_dags/example_branch_operator.py took 1.894 seconds
[2024-06-12T20:28:14.747+0000] {processor.py:153} INFO - Started process (PID=2871) to work on /home/airflow/.local/lib/python3.7/site-packages/airflow/example_dags/example_branch_operator.py
[2024-06-12T20:28:14.811+0000] {processor.py:743} INFO - Processing file /home/airflow/.local/lib/python3.7/site-packages/airflow/example_dags/example_branch_operator.py for tasks to queue
[2024-06-12T20:28:14.859+0000] {logging_mixin.py:137} INFO - [2024-06-12T20:28:14.859+0000] {dagbag.py:538} INFO - Filling up the DagBag from /home/airflow/.local/lib/python3.7/site-packages/airflow/example_dags/example_branch_operator.py
[2024-06-12T20:28:15.237+0000] {processor.py:753} INFO - DAG(s) dict_keys(['example_branch_operator']) retrieved from /home/airflow/.local/lib/python3.7/site-packages/airflow/example_dags/example_branch_operator.py
[2024-06-12T20:28:15.465+0000] {logging_mixin.py:137} INFO - [2024-06-12T20:28:15.465+0000] {dag.py:2690} INFO - Sync 1 DAGs
[2024-06-12T20:28:15.848+0000] {logging_mixin.py:137} INFO - [2024-06-12T20:28:15.820+0000] {dag.py:3441} INFO - Setting next_dagrun for example_branch_operator to 2024-06-11T00:00:00+00:00, run_after=2024-06-12T00:00:00+00:00
[2024-06-12T20:28:16.395+0000] {processor.py:175} INFO - Processing /home/airflow/.local/lib/python3.7/site-packages/airflow/example_dags/example_branch_operator.py took 1.680 seconds
[2024-06-12T20:28:58.584+0000] {processor.py:153} INFO - Started process (PID=2918) to work on /home/airflow/.local/lib/python3.7/site-packages/airflow/example_dags/example_branch_operator.py
[2024-06-12T20:28:58.621+0000] {processor.py:743} INFO - Processing file /home/airflow/.local/lib/python3.7/site-packages/airflow/example_dags/example_branch_operator.py for tasks to queue
[2024-06-12T20:28:58.637+0000] {logging_mixin.py:137} INFO - [2024-06-12T20:28:58.636+0000] {dagbag.py:538} INFO - Filling up the DagBag from /home/airflow/.local/lib/python3.7/site-packages/airflow/example_dags/example_branch_operator.py
[2024-06-12T20:28:59.153+0000] {processor.py:753} INFO - DAG(s) dict_keys(['example_branch_operator']) retrieved from /home/airflow/.local/lib/python3.7/site-packages/airflow/example_dags/example_branch_operator.py
[2024-06-12T20:29:00.103+0000] {logging_mixin.py:137} INFO - [2024-06-12T20:29:00.090+0000] {dag.py:2690} INFO - Sync 1 DAGs
[2024-06-12T20:29:00.807+0000] {logging_mixin.py:137} INFO - [2024-06-12T20:29:00.806+0000] {dag.py:3441} INFO - Setting next_dagrun for example_branch_operator to 2024-06-11T00:00:00+00:00, run_after=2024-06-12T00:00:00+00:00
[2024-06-12T20:29:01.274+0000] {processor.py:175} INFO - Processing /home/airflow/.local/lib/python3.7/site-packages/airflow/example_dags/example_branch_operator.py took 2.793 seconds
[2024-06-12T20:30:01.562+0000] {processor.py:153} INFO - Started process (PID=2992) to work on /home/airflow/.local/lib/python3.7/site-packages/airflow/example_dags/example_branch_operator.py
[2024-06-12T20:30:01.574+0000] {processor.py:743} INFO - Processing file /home/airflow/.local/lib/python3.7/site-packages/airflow/example_dags/example_branch_operator.py for tasks to queue
[2024-06-12T20:30:01.591+0000] {logging_mixin.py:137} INFO - [2024-06-12T20:30:01.590+0000] {dagbag.py:538} INFO - Filling up the DagBag from /home/airflow/.local/lib/python3.7/site-packages/airflow/example_dags/example_branch_operator.py
[2024-06-12T20:30:02.023+0000] {processor.py:753} INFO - DAG(s) dict_keys(['example_branch_operator']) retrieved from /home/airflow/.local/lib/python3.7/site-packages/airflow/example_dags/example_branch_operator.py
[2024-06-12T20:30:02.218+0000] {logging_mixin.py:137} INFO - [2024-06-12T20:30:02.215+0000] {dag.py:2690} INFO - Sync 1 DAGs
[2024-06-12T20:30:02.559+0000] {logging_mixin.py:137} INFO - [2024-06-12T20:30:02.559+0000] {dag.py:3441} INFO - Setting next_dagrun for example_branch_operator to 2024-06-11T00:00:00+00:00, run_after=2024-06-12T00:00:00+00:00
[2024-06-12T20:30:02.857+0000] {processor.py:175} INFO - Processing /home/airflow/.local/lib/python3.7/site-packages/airflow/example_dags/example_branch_operator.py took 1.330 seconds
[2024-06-12T20:31:02.457+0000] {processor.py:153} INFO - Started process (PID=3063) to work on /home/airflow/.local/lib/python3.7/site-packages/airflow/example_dags/example_branch_operator.py
[2024-06-12T20:31:02.522+0000] {processor.py:743} INFO - Processing file /home/airflow/.local/lib/python3.7/site-packages/airflow/example_dags/example_branch_operator.py for tasks to queue
[2024-06-12T20:31:02.599+0000] {logging_mixin.py:137} INFO - [2024-06-12T20:31:02.599+0000] {dagbag.py:538} INFO - Filling up the DagBag from /home/airflow/.local/lib/python3.7/site-packages/airflow/example_dags/example_branch_operator.py
[2024-06-12T20:31:02.976+0000] {processor.py:753} INFO - DAG(s) dict_keys(['example_branch_operator']) retrieved from /home/airflow/.local/lib/python3.7/site-packages/airflow/example_dags/example_branch_operator.py
[2024-06-12T20:31:03.262+0000] {logging_mixin.py:137} INFO - [2024-06-12T20:31:03.250+0000] {dag.py:2690} INFO - Sync 1 DAGs
[2024-06-12T20:31:03.784+0000] {logging_mixin.py:137} INFO - [2024-06-12T20:31:03.783+0000] {dag.py:3441} INFO - Setting next_dagrun for example_branch_operator to 2024-06-11T00:00:00+00:00, run_after=2024-06-12T00:00:00+00:00
[2024-06-12T20:31:04.224+0000] {processor.py:175} INFO - Processing /home/airflow/.local/lib/python3.7/site-packages/airflow/example_dags/example_branch_operator.py took 1.864 seconds
[2024-06-12T20:31:47.065+0000] {processor.py:153} INFO - Started process (PID=3112) to work on /home/airflow/.local/lib/python3.7/site-packages/airflow/example_dags/example_branch_operator.py
[2024-06-12T20:31:47.082+0000] {processor.py:743} INFO - Processing file /home/airflow/.local/lib/python3.7/site-packages/airflow/example_dags/example_branch_operator.py for tasks to queue
[2024-06-12T20:31:47.177+0000] {logging_mixin.py:137} INFO - [2024-06-12T20:31:47.176+0000] {dagbag.py:538} INFO - Filling up the DagBag from /home/airflow/.local/lib/python3.7/site-packages/airflow/example_dags/example_branch_operator.py
[2024-06-12T20:31:48.043+0000] {processor.py:753} INFO - DAG(s) dict_keys(['example_branch_operator']) retrieved from /home/airflow/.local/lib/python3.7/site-packages/airflow/example_dags/example_branch_operator.py
[2024-06-12T20:31:48.892+0000] {logging_mixin.py:137} INFO - [2024-06-12T20:31:48.852+0000] {dag.py:2690} INFO - Sync 1 DAGs
[2024-06-12T20:31:49.587+0000] {logging_mixin.py:137} INFO - [2024-06-12T20:31:49.587+0000] {dag.py:3441} INFO - Setting next_dagrun for example_branch_operator to 2024-06-11T00:00:00+00:00, run_after=2024-06-12T00:00:00+00:00
[2024-06-12T20:31:50.187+0000] {processor.py:175} INFO - Processing /home/airflow/.local/lib/python3.7/site-packages/airflow/example_dags/example_branch_operator.py took 3.183 seconds
[2024-06-12T20:32:32.720+0000] {processor.py:153} INFO - Started process (PID=3155) to work on /home/airflow/.local/lib/python3.7/site-packages/airflow/example_dags/example_branch_operator.py
[2024-06-12T20:32:32.739+0000] {processor.py:743} INFO - Processing file /home/airflow/.local/lib/python3.7/site-packages/airflow/example_dags/example_branch_operator.py for tasks to queue
[2024-06-12T20:32:32.756+0000] {logging_mixin.py:137} INFO - [2024-06-12T20:32:32.743+0000] {dagbag.py:538} INFO - Filling up the DagBag from /home/airflow/.local/lib/python3.7/site-packages/airflow/example_dags/example_branch_operator.py
[2024-06-12T20:32:33.453+0000] {processor.py:753} INFO - DAG(s) dict_keys(['example_branch_operator']) retrieved from /home/airflow/.local/lib/python3.7/site-packages/airflow/example_dags/example_branch_operator.py
[2024-06-12T20:32:34.495+0000] {logging_mixin.py:137} INFO - [2024-06-12T20:32:34.493+0000] {dag.py:2690} INFO - Sync 1 DAGs
[2024-06-12T20:32:35.179+0000] {logging_mixin.py:137} INFO - [2024-06-12T20:32:35.178+0000] {dag.py:3441} INFO - Setting next_dagrun for example_branch_operator to 2024-06-11T00:00:00+00:00, run_after=2024-06-12T00:00:00+00:00
[2024-06-12T20:32:35.752+0000] {processor.py:175} INFO - Processing /home/airflow/.local/lib/python3.7/site-packages/airflow/example_dags/example_branch_operator.py took 3.123 seconds
[2024-06-12T20:33:24.298+0000] {processor.py:153} INFO - Started process (PID=3212) to work on /home/airflow/.local/lib/python3.7/site-packages/airflow/example_dags/example_branch_operator.py
[2024-06-12T20:33:24.426+0000] {processor.py:743} INFO - Processing file /home/airflow/.local/lib/python3.7/site-packages/airflow/example_dags/example_branch_operator.py for tasks to queue
[2024-06-12T20:33:24.476+0000] {logging_mixin.py:137} INFO - [2024-06-12T20:33:24.475+0000] {dagbag.py:538} INFO - Filling up the DagBag from /home/airflow/.local/lib/python3.7/site-packages/airflow/example_dags/example_branch_operator.py
[2024-06-12T20:33:25.200+0000] {processor.py:753} INFO - DAG(s) dict_keys(['example_branch_operator']) retrieved from /home/airflow/.local/lib/python3.7/site-packages/airflow/example_dags/example_branch_operator.py
[2024-06-12T20:33:26.305+0000] {logging_mixin.py:137} INFO - [2024-06-12T20:33:26.304+0000] {dag.py:2690} INFO - Sync 1 DAGs
[2024-06-12T20:33:27.846+0000] {logging_mixin.py:137} INFO - [2024-06-12T20:33:27.846+0000] {dag.py:3441} INFO - Setting next_dagrun for example_branch_operator to 2024-06-11T00:00:00+00:00, run_after=2024-06-12T00:00:00+00:00
[2024-06-12T20:33:28.656+0000] {processor.py:175} INFO - Processing /home/airflow/.local/lib/python3.7/site-packages/airflow/example_dags/example_branch_operator.py took 4.577 seconds
[2024-06-12T20:34:22.847+0000] {processor.py:153} INFO - Started process (PID=3266) to work on /home/airflow/.local/lib/python3.7/site-packages/airflow/example_dags/example_branch_operator.py
[2024-06-12T20:34:22.910+0000] {processor.py:743} INFO - Processing file /home/airflow/.local/lib/python3.7/site-packages/airflow/example_dags/example_branch_operator.py for tasks to queue
[2024-06-12T20:34:22.960+0000] {logging_mixin.py:137} INFO - [2024-06-12T20:34:22.960+0000] {dagbag.py:538} INFO - Filling up the DagBag from /home/airflow/.local/lib/python3.7/site-packages/airflow/example_dags/example_branch_operator.py
[2024-06-12T20:34:23.627+0000] {processor.py:753} INFO - DAG(s) dict_keys(['example_branch_operator']) retrieved from /home/airflow/.local/lib/python3.7/site-packages/airflow/example_dags/example_branch_operator.py
[2024-06-12T20:34:24.836+0000] {logging_mixin.py:137} INFO - [2024-06-12T20:34:24.836+0000] {dag.py:2690} INFO - Sync 1 DAGs
[2024-06-12T20:34:25.888+0000] {logging_mixin.py:137} INFO - [2024-06-12T20:34:25.861+0000] {dag.py:3441} INFO - Setting next_dagrun for example_branch_operator to 2024-06-11T00:00:00+00:00, run_after=2024-06-12T00:00:00+00:00
[2024-06-12T20:34:26.899+0000] {processor.py:175} INFO - Processing /home/airflow/.local/lib/python3.7/site-packages/airflow/example_dags/example_branch_operator.py took 4.138 seconds
[2024-06-12T20:35:29.045+0000] {processor.py:153} INFO - Started process (PID=3326) to work on /home/airflow/.local/lib/python3.7/site-packages/airflow/example_dags/example_branch_operator.py
[2024-06-12T20:35:29.155+0000] {processor.py:743} INFO - Processing file /home/airflow/.local/lib/python3.7/site-packages/airflow/example_dags/example_branch_operator.py for tasks to queue
[2024-06-12T20:35:29.236+0000] {logging_mixin.py:137} INFO - [2024-06-12T20:35:29.235+0000] {dagbag.py:538} INFO - Filling up the DagBag from /home/airflow/.local/lib/python3.7/site-packages/airflow/example_dags/example_branch_operator.py
[2024-06-12T20:35:30.656+0000] {processor.py:753} INFO - DAG(s) dict_keys(['example_branch_operator']) retrieved from /home/airflow/.local/lib/python3.7/site-packages/airflow/example_dags/example_branch_operator.py
[2024-06-12T20:35:32.046+0000] {logging_mixin.py:137} INFO - [2024-06-12T20:35:32.046+0000] {dag.py:2690} INFO - Sync 1 DAGs
[2024-06-12T20:35:33.666+0000] {logging_mixin.py:137} INFO - [2024-06-12T20:35:33.665+0000] {dag.py:3441} INFO - Setting next_dagrun for example_branch_operator to 2024-06-11T00:00:00+00:00, run_after=2024-06-12T00:00:00+00:00
[2024-06-12T20:35:34.500+0000] {processor.py:175} INFO - Processing /home/airflow/.local/lib/python3.7/site-packages/airflow/example_dags/example_branch_operator.py took 5.535 seconds
[2024-06-12T20:36:50.481+0000] {processor.py:153} INFO - Started process (PID=3401) to work on /home/airflow/.local/lib/python3.7/site-packages/airflow/example_dags/example_branch_operator.py
[2024-06-12T20:36:50.493+0000] {processor.py:743} INFO - Processing file /home/airflow/.local/lib/python3.7/site-packages/airflow/example_dags/example_branch_operator.py for tasks to queue
[2024-06-12T20:36:50.526+0000] {logging_mixin.py:137} INFO - [2024-06-12T20:36:50.526+0000] {dagbag.py:538} INFO - Filling up the DagBag from /home/airflow/.local/lib/python3.7/site-packages/airflow/example_dags/example_branch_operator.py
[2024-06-12T20:36:50.848+0000] {processor.py:753} INFO - DAG(s) dict_keys(['example_branch_operator']) retrieved from /home/airflow/.local/lib/python3.7/site-packages/airflow/example_dags/example_branch_operator.py
[2024-06-12T20:36:51.406+0000] {logging_mixin.py:137} INFO - [2024-06-12T20:36:51.406+0000] {dag.py:2690} INFO - Sync 1 DAGs
[2024-06-12T20:36:52.301+0000] {logging_mixin.py:137} INFO - [2024-06-12T20:36:52.301+0000] {dag.py:3441} INFO - Setting next_dagrun for example_branch_operator to 2024-06-11T00:00:00+00:00, run_after=2024-06-12T00:00:00+00:00
[2024-06-12T20:36:53.215+0000] {processor.py:175} INFO - Processing /home/airflow/.local/lib/python3.7/site-packages/airflow/example_dags/example_branch_operator.py took 2.751 seconds
[2024-06-12T20:38:09.632+0000] {processor.py:153} INFO - Started process (PID=3474) to work on /home/airflow/.local/lib/python3.7/site-packages/airflow/example_dags/example_branch_operator.py
[2024-06-12T20:38:09.661+0000] {processor.py:743} INFO - Processing file /home/airflow/.local/lib/python3.7/site-packages/airflow/example_dags/example_branch_operator.py for tasks to queue
[2024-06-12T20:38:09.760+0000] {logging_mixin.py:137} INFO - [2024-06-12T20:38:09.759+0000] {dagbag.py:538} INFO - Filling up the DagBag from /home/airflow/.local/lib/python3.7/site-packages/airflow/example_dags/example_branch_operator.py
[2024-06-12T20:38:10.368+0000] {processor.py:753} INFO - DAG(s) dict_keys(['example_branch_operator']) retrieved from /home/airflow/.local/lib/python3.7/site-packages/airflow/example_dags/example_branch_operator.py
[2024-06-12T20:38:11.415+0000] {logging_mixin.py:137} INFO - [2024-06-12T20:38:11.348+0000] {dag.py:2690} INFO - Sync 1 DAGs
[2024-06-12T20:38:12.807+0000] {logging_mixin.py:137} INFO - [2024-06-12T20:38:12.807+0000] {dag.py:3441} INFO - Setting next_dagrun for example_branch_operator to 2024-06-11T00:00:00+00:00, run_after=2024-06-12T00:00:00+00:00
[2024-06-12T20:38:13.261+0000] {processor.py:175} INFO - Processing /home/airflow/.local/lib/python3.7/site-packages/airflow/example_dags/example_branch_operator.py took 3.755 seconds
[2024-06-12T20:38:56.917+0000] {processor.py:153} INFO - Started process (PID=3525) to work on /home/airflow/.local/lib/python3.7/site-packages/airflow/example_dags/example_branch_operator.py
[2024-06-12T20:38:56.919+0000] {processor.py:743} INFO - Processing file /home/airflow/.local/lib/python3.7/site-packages/airflow/example_dags/example_branch_operator.py for tasks to queue
[2024-06-12T20:38:56.935+0000] {logging_mixin.py:137} INFO - [2024-06-12T20:38:56.935+0000] {dagbag.py:538} INFO - Filling up the DagBag from /home/airflow/.local/lib/python3.7/site-packages/airflow/example_dags/example_branch_operator.py
[2024-06-12T20:38:57.258+0000] {processor.py:753} INFO - DAG(s) dict_keys(['example_branch_operator']) retrieved from /home/airflow/.local/lib/python3.7/site-packages/airflow/example_dags/example_branch_operator.py
[2024-06-12T20:38:58.114+0000] {logging_mixin.py:137} INFO - [2024-06-12T20:38:58.114+0000] {dag.py:2690} INFO - Sync 1 DAGs
[2024-06-12T20:38:58.899+0000] {logging_mixin.py:137} INFO - [2024-06-12T20:38:58.899+0000] {dag.py:3441} INFO - Setting next_dagrun for example_branch_operator to 2024-06-11T00:00:00+00:00, run_after=2024-06-12T00:00:00+00:00
[2024-06-12T20:38:59.200+0000] {processor.py:175} INFO - Processing /home/airflow/.local/lib/python3.7/site-packages/airflow/example_dags/example_branch_operator.py took 2.377 seconds
[2024-06-12T20:39:50.139+0000] {processor.py:153} INFO - Started process (PID=3587) to work on /home/airflow/.local/lib/python3.7/site-packages/airflow/example_dags/example_branch_operator.py
[2024-06-12T20:39:50.185+0000] {processor.py:743} INFO - Processing file /home/airflow/.local/lib/python3.7/site-packages/airflow/example_dags/example_branch_operator.py for tasks to queue
[2024-06-12T20:39:50.221+0000] {logging_mixin.py:137} INFO - [2024-06-12T20:39:50.221+0000] {dagbag.py:538} INFO - Filling up the DagBag from /home/airflow/.local/lib/python3.7/site-packages/airflow/example_dags/example_branch_operator.py
[2024-06-12T20:39:50.644+0000] {processor.py:753} INFO - DAG(s) dict_keys(['example_branch_operator']) retrieved from /home/airflow/.local/lib/python3.7/site-packages/airflow/example_dags/example_branch_operator.py
[2024-06-12T20:39:51.688+0000] {logging_mixin.py:137} INFO - [2024-06-12T20:39:51.688+0000] {dag.py:2690} INFO - Sync 1 DAGs
[2024-06-12T20:39:53.214+0000] {logging_mixin.py:137} INFO - [2024-06-12T20:39:53.212+0000] {dag.py:3441} INFO - Setting next_dagrun for example_branch_operator to 2024-06-11T00:00:00+00:00, run_after=2024-06-12T00:00:00+00:00
[2024-06-12T20:39:53.791+0000] {processor.py:175} INFO - Processing /home/airflow/.local/lib/python3.7/site-packages/airflow/example_dags/example_branch_operator.py took 3.659 seconds
[2024-06-12T20:40:54.794+0000] {processor.py:153} INFO - Started process (PID=3665) to work on /home/airflow/.local/lib/python3.7/site-packages/airflow/example_dags/example_branch_operator.py
[2024-06-12T20:40:54.799+0000] {processor.py:743} INFO - Processing file /home/airflow/.local/lib/python3.7/site-packages/airflow/example_dags/example_branch_operator.py for tasks to queue
[2024-06-12T20:40:54.803+0000] {logging_mixin.py:137} INFO - [2024-06-12T20:40:54.802+0000] {dagbag.py:538} INFO - Filling up the DagBag from /home/airflow/.local/lib/python3.7/site-packages/airflow/example_dags/example_branch_operator.py
[2024-06-12T20:40:55.178+0000] {processor.py:753} INFO - DAG(s) dict_keys(['example_branch_operator']) retrieved from /home/airflow/.local/lib/python3.7/site-packages/airflow/example_dags/example_branch_operator.py
[2024-06-12T20:40:55.841+0000] {logging_mixin.py:137} INFO - [2024-06-12T20:40:55.841+0000] {dag.py:2690} INFO - Sync 1 DAGs
[2024-06-12T20:40:56.748+0000] {logging_mixin.py:137} INFO - [2024-06-12T20:40:56.747+0000] {dag.py:3441} INFO - Setting next_dagrun for example_branch_operator to 2024-06-11T00:00:00+00:00, run_after=2024-06-12T00:00:00+00:00
[2024-06-12T20:40:57.437+0000] {processor.py:175} INFO - Processing /home/airflow/.local/lib/python3.7/site-packages/airflow/example_dags/example_branch_operator.py took 2.655 seconds
[2024-06-12T20:41:55.505+0000] {processor.py:153} INFO - Started process (PID=3734) to work on /home/airflow/.local/lib/python3.7/site-packages/airflow/example_dags/example_branch_operator.py
[2024-06-12T20:41:55.535+0000] {processor.py:743} INFO - Processing file /home/airflow/.local/lib/python3.7/site-packages/airflow/example_dags/example_branch_operator.py for tasks to queue
[2024-06-12T20:41:55.583+0000] {logging_mixin.py:137} INFO - [2024-06-12T20:41:55.555+0000] {dagbag.py:538} INFO - Filling up the DagBag from /home/airflow/.local/lib/python3.7/site-packages/airflow/example_dags/example_branch_operator.py
[2024-06-12T20:41:55.905+0000] {processor.py:753} INFO - DAG(s) dict_keys(['example_branch_operator']) retrieved from /home/airflow/.local/lib/python3.7/site-packages/airflow/example_dags/example_branch_operator.py
[2024-06-12T20:41:56.394+0000] {logging_mixin.py:137} INFO - [2024-06-12T20:41:56.393+0000] {dag.py:2690} INFO - Sync 1 DAGs
[2024-06-12T20:41:56.630+0000] {logging_mixin.py:137} INFO - [2024-06-12T20:41:56.630+0000] {dag.py:3441} INFO - Setting next_dagrun for example_branch_operator to 2024-06-11T00:00:00+00:00, run_after=2024-06-12T00:00:00+00:00
[2024-06-12T20:41:57.105+0000] {processor.py:175} INFO - Processing /home/airflow/.local/lib/python3.7/site-packages/airflow/example_dags/example_branch_operator.py took 1.689 seconds
[2024-06-12T20:42:52.551+0000] {processor.py:153} INFO - Started process (PID=3797) to work on /home/airflow/.local/lib/python3.7/site-packages/airflow/example_dags/example_branch_operator.py
[2024-06-12T20:42:52.565+0000] {processor.py:743} INFO - Processing file /home/airflow/.local/lib/python3.7/site-packages/airflow/example_dags/example_branch_operator.py for tasks to queue
[2024-06-12T20:42:52.581+0000] {logging_mixin.py:137} INFO - [2024-06-12T20:42:52.581+0000] {dagbag.py:538} INFO - Filling up the DagBag from /home/airflow/.local/lib/python3.7/site-packages/airflow/example_dags/example_branch_operator.py
[2024-06-12T20:42:52.919+0000] {processor.py:753} INFO - DAG(s) dict_keys(['example_branch_operator']) retrieved from /home/airflow/.local/lib/python3.7/site-packages/airflow/example_dags/example_branch_operator.py
[2024-06-12T20:42:53.480+0000] {logging_mixin.py:137} INFO - [2024-06-12T20:42:53.480+0000] {dag.py:2690} INFO - Sync 1 DAGs
[2024-06-12T20:42:53.979+0000] {logging_mixin.py:137} INFO - [2024-06-12T20:42:53.978+0000] {dag.py:3441} INFO - Setting next_dagrun for example_branch_operator to 2024-06-11T00:00:00+00:00, run_after=2024-06-12T00:00:00+00:00
[2024-06-12T20:42:54.282+0000] {processor.py:175} INFO - Processing /home/airflow/.local/lib/python3.7/site-packages/airflow/example_dags/example_branch_operator.py took 1.759 seconds
[2024-06-12T20:43:37.640+0000] {processor.py:153} INFO - Started process (PID=3847) to work on /home/airflow/.local/lib/python3.7/site-packages/airflow/example_dags/example_branch_operator.py
[2024-06-12T20:43:37.686+0000] {processor.py:743} INFO - Processing file /home/airflow/.local/lib/python3.7/site-packages/airflow/example_dags/example_branch_operator.py for tasks to queue
[2024-06-12T20:43:37.768+0000] {logging_mixin.py:137} INFO - [2024-06-12T20:43:37.768+0000] {dagbag.py:538} INFO - Filling up the DagBag from /home/airflow/.local/lib/python3.7/site-packages/airflow/example_dags/example_branch_operator.py
[2024-06-12T20:43:38.187+0000] {processor.py:753} INFO - DAG(s) dict_keys(['example_branch_operator']) retrieved from /home/airflow/.local/lib/python3.7/site-packages/airflow/example_dags/example_branch_operator.py
[2024-06-12T20:43:38.739+0000] {logging_mixin.py:137} INFO - [2024-06-12T20:43:38.739+0000] {dag.py:2690} INFO - Sync 1 DAGs
[2024-06-12T20:43:39.852+0000] {logging_mixin.py:137} INFO - [2024-06-12T20:43:39.852+0000] {dag.py:3441} INFO - Setting next_dagrun for example_branch_operator to 2024-06-11T00:00:00+00:00, run_after=2024-06-12T00:00:00+00:00
[2024-06-12T20:43:40.410+0000] {processor.py:175} INFO - Processing /home/airflow/.local/lib/python3.7/site-packages/airflow/example_dags/example_branch_operator.py took 2.865 seconds
[2024-06-12T20:44:45.171+0000] {processor.py:153} INFO - Started process (PID=3930) to work on /home/airflow/.local/lib/python3.7/site-packages/airflow/example_dags/example_branch_operator.py
[2024-06-12T20:44:45.176+0000] {processor.py:743} INFO - Processing file /home/airflow/.local/lib/python3.7/site-packages/airflow/example_dags/example_branch_operator.py for tasks to queue
[2024-06-12T20:44:45.185+0000] {logging_mixin.py:137} INFO - [2024-06-12T20:44:45.185+0000] {dagbag.py:538} INFO - Filling up the DagBag from /home/airflow/.local/lib/python3.7/site-packages/airflow/example_dags/example_branch_operator.py
[2024-06-12T20:44:45.503+0000] {processor.py:753} INFO - DAG(s) dict_keys(['example_branch_operator']) retrieved from /home/airflow/.local/lib/python3.7/site-packages/airflow/example_dags/example_branch_operator.py
[2024-06-12T20:44:46.026+0000] {logging_mixin.py:137} INFO - [2024-06-12T20:44:46.026+0000] {dag.py:2690} INFO - Sync 1 DAGs
[2024-06-12T20:44:47.075+0000] {logging_mixin.py:137} INFO - [2024-06-12T20:44:47.075+0000] {dag.py:3441} INFO - Setting next_dagrun for example_branch_operator to 2024-06-11T00:00:00+00:00, run_after=2024-06-12T00:00:00+00:00
[2024-06-12T20:44:47.455+0000] {processor.py:175} INFO - Processing /home/airflow/.local/lib/python3.7/site-packages/airflow/example_dags/example_branch_operator.py took 2.304 seconds
[2024-06-12T20:45:37.855+0000] {processor.py:153} INFO - Started process (PID=3996) to work on /home/airflow/.local/lib/python3.7/site-packages/airflow/example_dags/example_branch_operator.py
[2024-06-12T20:45:37.860+0000] {processor.py:743} INFO - Processing file /home/airflow/.local/lib/python3.7/site-packages/airflow/example_dags/example_branch_operator.py for tasks to queue
[2024-06-12T20:45:37.871+0000] {logging_mixin.py:137} INFO - [2024-06-12T20:45:37.871+0000] {dagbag.py:538} INFO - Filling up the DagBag from /home/airflow/.local/lib/python3.7/site-packages/airflow/example_dags/example_branch_operator.py
[2024-06-12T20:45:37.993+0000] {processor.py:753} INFO - DAG(s) dict_keys(['example_branch_operator']) retrieved from /home/airflow/.local/lib/python3.7/site-packages/airflow/example_dags/example_branch_operator.py
[2024-06-12T20:45:38.267+0000] {logging_mixin.py:137} INFO - [2024-06-12T20:45:38.266+0000] {dag.py:2690} INFO - Sync 1 DAGs
[2024-06-12T20:45:38.661+0000] {logging_mixin.py:137} INFO - [2024-06-12T20:45:38.660+0000] {dag.py:3441} INFO - Setting next_dagrun for example_branch_operator to 2024-06-11T00:00:00+00:00, run_after=2024-06-12T00:00:00+00:00
[2024-06-12T20:45:39.133+0000] {processor.py:175} INFO - Processing /home/airflow/.local/lib/python3.7/site-packages/airflow/example_dags/example_branch_operator.py took 1.316 seconds
[2024-06-12T20:46:38.051+0000] {processor.py:153} INFO - Started process (PID=4067) to work on /home/airflow/.local/lib/python3.7/site-packages/airflow/example_dags/example_branch_operator.py
[2024-06-12T20:46:38.060+0000] {processor.py:743} INFO - Processing file /home/airflow/.local/lib/python3.7/site-packages/airflow/example_dags/example_branch_operator.py for tasks to queue
[2024-06-12T20:46:38.076+0000] {logging_mixin.py:137} INFO - [2024-06-12T20:46:38.075+0000] {dagbag.py:538} INFO - Filling up the DagBag from /home/airflow/.local/lib/python3.7/site-packages/airflow/example_dags/example_branch_operator.py
[2024-06-12T20:46:38.351+0000] {processor.py:753} INFO - DAG(s) dict_keys(['example_branch_operator']) retrieved from /home/airflow/.local/lib/python3.7/site-packages/airflow/example_dags/example_branch_operator.py
[2024-06-12T20:46:38.787+0000] {logging_mixin.py:137} INFO - [2024-06-12T20:46:38.787+0000] {dag.py:2690} INFO - Sync 1 DAGs
[2024-06-12T20:46:39.170+0000] {logging_mixin.py:137} INFO - [2024-06-12T20:46:39.170+0000] {dag.py:3441} INFO - Setting next_dagrun for example_branch_operator to 2024-06-11T00:00:00+00:00, run_after=2024-06-12T00:00:00+00:00
[2024-06-12T20:46:39.498+0000] {processor.py:175} INFO - Processing /home/airflow/.local/lib/python3.7/site-packages/airflow/example_dags/example_branch_operator.py took 1.532 seconds
[2024-06-12T20:47:58.203+0000] {processor.py:153} INFO - Started process (PID=4153) to work on /home/airflow/.local/lib/python3.7/site-packages/airflow/example_dags/example_branch_operator.py
[2024-06-12T20:47:58.204+0000] {processor.py:743} INFO - Processing file /home/airflow/.local/lib/python3.7/site-packages/airflow/example_dags/example_branch_operator.py for tasks to queue
[2024-06-12T20:47:58.205+0000] {logging_mixin.py:137} INFO - [2024-06-12T20:47:58.205+0000] {dagbag.py:538} INFO - Filling up the DagBag from /home/airflow/.local/lib/python3.7/site-packages/airflow/example_dags/example_branch_operator.py
[2024-06-12T20:47:58.746+0000] {processor.py:753} INFO - DAG(s) dict_keys(['example_branch_operator']) retrieved from /home/airflow/.local/lib/python3.7/site-packages/airflow/example_dags/example_branch_operator.py
[2024-06-12T20:48:00.042+0000] {logging_mixin.py:137} INFO - [2024-06-12T20:48:00.041+0000] {dag.py:2690} INFO - Sync 1 DAGs
[2024-06-12T20:48:00.896+0000] {logging_mixin.py:137} INFO - [2024-06-12T20:48:00.895+0000] {dag.py:3441} INFO - Setting next_dagrun for example_branch_operator to 2024-06-11T00:00:00+00:00, run_after=2024-06-12T00:00:00+00:00
[2024-06-12T20:48:01.763+0000] {processor.py:175} INFO - Processing /home/airflow/.local/lib/python3.7/site-packages/airflow/example_dags/example_branch_operator.py took 3.593 seconds
