[2024-06-12T19:44:21.519+0000] {processor.py:153} INFO - Started process (PID=221) to work on /home/airflow/.local/lib/python3.7/site-packages/airflow/example_dags/example_external_task_marker_dag.py
[2024-06-12T19:44:21.554+0000] {processor.py:743} INFO - Processing file /home/airflow/.local/lib/python3.7/site-packages/airflow/example_dags/example_external_task_marker_dag.py for tasks to queue
[2024-06-12T19:44:21.571+0000] {logging_mixin.py:137} INFO - [2024-06-12T19:44:21.571+0000] {dagbag.py:538} INFO - Filling up the DagBag from /home/airflow/.local/lib/python3.7/site-packages/airflow/example_dags/example_external_task_marker_dag.py
[2024-06-12T19:44:21.935+0000] {processor.py:753} INFO - DAG(s) dict_keys(['example_external_task_marker_child', 'example_external_task_marker_parent']) retrieved from /home/airflow/.local/lib/python3.7/site-packages/airflow/example_dags/example_external_task_marker_dag.py
[2024-06-12T19:44:22.794+0000] {logging_mixin.py:137} INFO - [2024-06-12T19:44:22.794+0000] {dag.py:2690} INFO - Sync 2 DAGs
[2024-06-12T19:44:23.697+0000] {logging_mixin.py:137} INFO - [2024-06-12T19:44:23.696+0000] {dag.py:3441} INFO - Setting next_dagrun for example_external_task_marker_child to None, run_after=None
[2024-06-12T19:44:23.889+0000] {logging_mixin.py:137} INFO - [2024-06-12T19:44:23.889+0000] {dag.py:3441} INFO - Setting next_dagrun for example_external_task_marker_parent to None, run_after=None
[2024-06-12T19:44:24.192+0000] {processor.py:175} INFO - Processing /home/airflow/.local/lib/python3.7/site-packages/airflow/example_dags/example_external_task_marker_dag.py took 2.692 seconds
[2024-06-12T19:47:57.489+0000] {processor.py:153} INFO - Started process (PID=402) to work on /home/airflow/.local/lib/python3.7/site-packages/airflow/example_dags/example_external_task_marker_dag.py
[2024-06-12T19:47:57.496+0000] {processor.py:743} INFO - Processing file /home/airflow/.local/lib/python3.7/site-packages/airflow/example_dags/example_external_task_marker_dag.py for tasks to queue
[2024-06-12T19:47:57.500+0000] {logging_mixin.py:137} INFO - [2024-06-12T19:47:57.499+0000] {dagbag.py:538} INFO - Filling up the DagBag from /home/airflow/.local/lib/python3.7/site-packages/airflow/example_dags/example_external_task_marker_dag.py
[2024-06-12T19:47:57.778+0000] {processor.py:753} INFO - DAG(s) dict_keys(['example_external_task_marker_child', 'example_external_task_marker_parent']) retrieved from /home/airflow/.local/lib/python3.7/site-packages/airflow/example_dags/example_external_task_marker_dag.py
[2024-06-12T19:47:58.348+0000] {logging_mixin.py:137} INFO - [2024-06-12T19:47:58.347+0000] {dag.py:2690} INFO - Sync 2 DAGs
[2024-06-12T19:47:59.328+0000] {logging_mixin.py:137} INFO - [2024-06-12T19:47:59.328+0000] {dag.py:3441} INFO - Setting next_dagrun for example_external_task_marker_child to None, run_after=None
[2024-06-12T19:47:59.420+0000] {logging_mixin.py:137} INFO - [2024-06-12T19:47:59.420+0000] {dag.py:3441} INFO - Setting next_dagrun for example_external_task_marker_parent to None, run_after=None
[2024-06-12T19:47:59.848+0000] {processor.py:175} INFO - Processing /home/airflow/.local/lib/python3.7/site-packages/airflow/example_dags/example_external_task_marker_dag.py took 2.393 seconds
[2024-06-12T19:48:30.182+0000] {processor.py:153} INFO - Started process (PID=470) to work on /home/airflow/.local/lib/python3.7/site-packages/airflow/example_dags/example_external_task_marker_dag.py
[2024-06-12T19:48:30.186+0000] {processor.py:743} INFO - Processing file /home/airflow/.local/lib/python3.7/site-packages/airflow/example_dags/example_external_task_marker_dag.py for tasks to queue
[2024-06-12T19:48:30.197+0000] {logging_mixin.py:137} INFO - [2024-06-12T19:48:30.197+0000] {dagbag.py:538} INFO - Filling up the DagBag from /home/airflow/.local/lib/python3.7/site-packages/airflow/example_dags/example_external_task_marker_dag.py
[2024-06-12T19:48:30.293+0000] {processor.py:753} INFO - DAG(s) dict_keys(['example_external_task_marker_child', 'example_external_task_marker_parent']) retrieved from /home/airflow/.local/lib/python3.7/site-packages/airflow/example_dags/example_external_task_marker_dag.py
[2024-06-12T19:48:30.466+0000] {logging_mixin.py:137} INFO - [2024-06-12T19:48:30.466+0000] {dag.py:2690} INFO - Sync 2 DAGs
[2024-06-12T19:48:30.637+0000] {logging_mixin.py:137} INFO - [2024-06-12T19:48:30.636+0000] {dag.py:3441} INFO - Setting next_dagrun for example_external_task_marker_child to None, run_after=None
[2024-06-12T19:48:30.667+0000] {logging_mixin.py:137} INFO - [2024-06-12T19:48:30.666+0000] {dag.py:3441} INFO - Setting next_dagrun for example_external_task_marker_parent to None, run_after=None
[2024-06-12T19:48:30.802+0000] {processor.py:175} INFO - Processing /home/airflow/.local/lib/python3.7/site-packages/airflow/example_dags/example_external_task_marker_dag.py took 0.633 seconds
[2024-06-12T19:49:11.492+0000] {processor.py:153} INFO - Started process (PID=536) to work on /home/airflow/.local/lib/python3.7/site-packages/airflow/example_dags/example_external_task_marker_dag.py
[2024-06-12T19:49:11.507+0000] {processor.py:743} INFO - Processing file /home/airflow/.local/lib/python3.7/site-packages/airflow/example_dags/example_external_task_marker_dag.py for tasks to queue
[2024-06-12T19:49:11.524+0000] {logging_mixin.py:137} INFO - [2024-06-12T19:49:11.523+0000] {dagbag.py:538} INFO - Filling up the DagBag from /home/airflow/.local/lib/python3.7/site-packages/airflow/example_dags/example_external_task_marker_dag.py
[2024-06-12T19:49:11.630+0000] {processor.py:753} INFO - DAG(s) dict_keys(['example_external_task_marker_child', 'example_external_task_marker_parent']) retrieved from /home/airflow/.local/lib/python3.7/site-packages/airflow/example_dags/example_external_task_marker_dag.py
[2024-06-12T19:49:11.862+0000] {logging_mixin.py:137} INFO - [2024-06-12T19:49:11.861+0000] {dag.py:2690} INFO - Sync 2 DAGs
[2024-06-12T19:49:12.267+0000] {logging_mixin.py:137} INFO - [2024-06-12T19:49:12.266+0000] {dag.py:3441} INFO - Setting next_dagrun for example_external_task_marker_child to None, run_after=None
[2024-06-12T19:49:12.332+0000] {logging_mixin.py:137} INFO - [2024-06-12T19:49:12.332+0000] {dag.py:3441} INFO - Setting next_dagrun for example_external_task_marker_parent to None, run_after=None
[2024-06-12T19:49:12.636+0000] {processor.py:175} INFO - Processing /home/airflow/.local/lib/python3.7/site-packages/airflow/example_dags/example_external_task_marker_dag.py took 1.149 seconds
[2024-06-12T19:49:43.140+0000] {processor.py:153} INFO - Started process (PID=590) to work on /home/airflow/.local/lib/python3.7/site-packages/airflow/example_dags/example_external_task_marker_dag.py
[2024-06-12T19:49:43.172+0000] {processor.py:743} INFO - Processing file /home/airflow/.local/lib/python3.7/site-packages/airflow/example_dags/example_external_task_marker_dag.py for tasks to queue
[2024-06-12T19:49:43.186+0000] {logging_mixin.py:137} INFO - [2024-06-12T19:49:43.185+0000] {dagbag.py:538} INFO - Filling up the DagBag from /home/airflow/.local/lib/python3.7/site-packages/airflow/example_dags/example_external_task_marker_dag.py
[2024-06-12T19:49:43.545+0000] {processor.py:753} INFO - DAG(s) dict_keys(['example_external_task_marker_parent', 'example_external_task_marker_child']) retrieved from /home/airflow/.local/lib/python3.7/site-packages/airflow/example_dags/example_external_task_marker_dag.py
[2024-06-12T19:49:43.885+0000] {logging_mixin.py:137} INFO - [2024-06-12T19:49:43.884+0000] {dag.py:2690} INFO - Sync 2 DAGs
[2024-06-12T19:49:44.057+0000] {logging_mixin.py:137} INFO - [2024-06-12T19:49:44.056+0000] {dag.py:3441} INFO - Setting next_dagrun for example_external_task_marker_child to None, run_after=None
[2024-06-12T19:49:44.081+0000] {logging_mixin.py:137} INFO - [2024-06-12T19:49:44.080+0000] {dag.py:3441} INFO - Setting next_dagrun for example_external_task_marker_parent to None, run_after=None
[2024-06-12T19:49:44.240+0000] {processor.py:175} INFO - Processing /home/airflow/.local/lib/python3.7/site-packages/airflow/example_dags/example_external_task_marker_dag.py took 1.140 seconds
[2024-06-12T19:50:24.467+0000] {processor.py:153} INFO - Started process (PID=655) to work on /home/airflow/.local/lib/python3.7/site-packages/airflow/example_dags/example_external_task_marker_dag.py
[2024-06-12T19:50:24.869+0000] {processor.py:743} INFO - Processing file /home/airflow/.local/lib/python3.7/site-packages/airflow/example_dags/example_external_task_marker_dag.py for tasks to queue
[2024-06-12T19:50:25.036+0000] {logging_mixin.py:137} INFO - [2024-06-12T19:50:25.036+0000] {dagbag.py:538} INFO - Filling up the DagBag from /home/airflow/.local/lib/python3.7/site-packages/airflow/example_dags/example_external_task_marker_dag.py
[2024-06-12T19:50:25.276+0000] {processor.py:753} INFO - DAG(s) dict_keys(['example_external_task_marker_child', 'example_external_task_marker_parent']) retrieved from /home/airflow/.local/lib/python3.7/site-packages/airflow/example_dags/example_external_task_marker_dag.py
[2024-06-12T19:50:25.680+0000] {logging_mixin.py:137} INFO - [2024-06-12T19:50:25.680+0000] {dag.py:2690} INFO - Sync 2 DAGs
[2024-06-12T19:50:26.066+0000] {logging_mixin.py:137} INFO - [2024-06-12T19:50:26.066+0000] {dag.py:3441} INFO - Setting next_dagrun for example_external_task_marker_child to None, run_after=None
[2024-06-12T19:50:26.180+0000] {logging_mixin.py:137} INFO - [2024-06-12T19:50:26.180+0000] {dag.py:3441} INFO - Setting next_dagrun for example_external_task_marker_parent to None, run_after=None
[2024-06-12T19:50:26.734+0000] {processor.py:175} INFO - Processing /home/airflow/.local/lib/python3.7/site-packages/airflow/example_dags/example_external_task_marker_dag.py took 2.409 seconds
[2024-06-12T19:51:38.328+0000] {processor.py:153} INFO - Started process (PID=737) to work on /home/airflow/.local/lib/python3.7/site-packages/airflow/example_dags/example_external_task_marker_dag.py
[2024-06-12T19:51:38.439+0000] {processor.py:743} INFO - Processing file /home/airflow/.local/lib/python3.7/site-packages/airflow/example_dags/example_external_task_marker_dag.py for tasks to queue
[2024-06-12T19:51:38.536+0000] {logging_mixin.py:137} INFO - [2024-06-12T19:51:38.535+0000] {dagbag.py:538} INFO - Filling up the DagBag from /home/airflow/.local/lib/python3.7/site-packages/airflow/example_dags/example_external_task_marker_dag.py
[2024-06-12T19:51:39.398+0000] {processor.py:753} INFO - DAG(s) dict_keys(['example_external_task_marker_child', 'example_external_task_marker_parent']) retrieved from /home/airflow/.local/lib/python3.7/site-packages/airflow/example_dags/example_external_task_marker_dag.py
[2024-06-12T19:51:40.397+0000] {logging_mixin.py:137} INFO - [2024-06-12T19:51:40.396+0000] {dag.py:2690} INFO - Sync 2 DAGs
[2024-06-12T19:51:41.414+0000] {logging_mixin.py:137} INFO - [2024-06-12T19:51:41.413+0000] {dag.py:3441} INFO - Setting next_dagrun for example_external_task_marker_child to None, run_after=None
[2024-06-12T19:51:41.591+0000] {logging_mixin.py:137} INFO - [2024-06-12T19:51:41.591+0000] {dag.py:3441} INFO - Setting next_dagrun for example_external_task_marker_parent to None, run_after=None
[2024-06-12T19:51:42.076+0000] {processor.py:175} INFO - Processing /home/airflow/.local/lib/python3.7/site-packages/airflow/example_dags/example_external_task_marker_dag.py took 3.810 seconds
[2024-06-12T19:52:43.351+0000] {processor.py:153} INFO - Started process (PID=822) to work on /home/airflow/.local/lib/python3.7/site-packages/airflow/example_dags/example_external_task_marker_dag.py
[2024-06-12T19:52:43.356+0000] {processor.py:743} INFO - Processing file /home/airflow/.local/lib/python3.7/site-packages/airflow/example_dags/example_external_task_marker_dag.py for tasks to queue
[2024-06-12T19:52:43.367+0000] {logging_mixin.py:137} INFO - [2024-06-12T19:52:43.366+0000] {dagbag.py:538} INFO - Filling up the DagBag from /home/airflow/.local/lib/python3.7/site-packages/airflow/example_dags/example_external_task_marker_dag.py
[2024-06-12T19:52:43.467+0000] {processor.py:753} INFO - DAG(s) dict_keys(['example_external_task_marker_parent', 'example_external_task_marker_child']) retrieved from /home/airflow/.local/lib/python3.7/site-packages/airflow/example_dags/example_external_task_marker_dag.py
[2024-06-12T19:52:43.925+0000] {logging_mixin.py:137} INFO - [2024-06-12T19:52:43.925+0000] {dag.py:2690} INFO - Sync 2 DAGs
[2024-06-12T19:52:44.780+0000] {logging_mixin.py:137} INFO - [2024-06-12T19:52:44.779+0000] {dag.py:3441} INFO - Setting next_dagrun for example_external_task_marker_child to None, run_after=None
[2024-06-12T19:52:44.834+0000] {logging_mixin.py:137} INFO - [2024-06-12T19:52:44.833+0000] {dag.py:3441} INFO - Setting next_dagrun for example_external_task_marker_parent to None, run_after=None
[2024-06-12T19:52:45.208+0000] {processor.py:175} INFO - Processing /home/airflow/.local/lib/python3.7/site-packages/airflow/example_dags/example_external_task_marker_dag.py took 1.919 seconds
[2024-06-12T19:53:31.197+0000] {processor.py:153} INFO - Started process (PID=892) to work on /home/airflow/.local/lib/python3.7/site-packages/airflow/example_dags/example_external_task_marker_dag.py
[2024-06-12T19:53:31.227+0000] {processor.py:743} INFO - Processing file /home/airflow/.local/lib/python3.7/site-packages/airflow/example_dags/example_external_task_marker_dag.py for tasks to queue
[2024-06-12T19:53:31.246+0000] {logging_mixin.py:137} INFO - [2024-06-12T19:53:31.246+0000] {dagbag.py:538} INFO - Filling up the DagBag from /home/airflow/.local/lib/python3.7/site-packages/airflow/example_dags/example_external_task_marker_dag.py
[2024-06-12T19:53:31.428+0000] {processor.py:753} INFO - DAG(s) dict_keys(['example_external_task_marker_parent', 'example_external_task_marker_child']) retrieved from /home/airflow/.local/lib/python3.7/site-packages/airflow/example_dags/example_external_task_marker_dag.py
[2024-06-12T19:53:31.916+0000] {logging_mixin.py:137} INFO - [2024-06-12T19:53:31.915+0000] {dag.py:2690} INFO - Sync 2 DAGs
[2024-06-12T19:53:32.254+0000] {logging_mixin.py:137} INFO - [2024-06-12T19:53:32.254+0000] {dag.py:3441} INFO - Setting next_dagrun for example_external_task_marker_child to None, run_after=None
[2024-06-12T19:53:32.289+0000] {logging_mixin.py:137} INFO - [2024-06-12T19:53:32.289+0000] {dag.py:3441} INFO - Setting next_dagrun for example_external_task_marker_parent to None, run_after=None
[2024-06-12T19:53:32.852+0000] {processor.py:175} INFO - Processing /home/airflow/.local/lib/python3.7/site-packages/airflow/example_dags/example_external_task_marker_dag.py took 1.693 seconds
[2024-06-12T19:54:03.619+0000] {processor.py:153} INFO - Started process (PID=954) to work on /home/airflow/.local/lib/python3.7/site-packages/airflow/example_dags/example_external_task_marker_dag.py
[2024-06-12T19:54:03.626+0000] {processor.py:743} INFO - Processing file /home/airflow/.local/lib/python3.7/site-packages/airflow/example_dags/example_external_task_marker_dag.py for tasks to queue
[2024-06-12T19:54:03.675+0000] {logging_mixin.py:137} INFO - [2024-06-12T19:54:03.675+0000] {dagbag.py:538} INFO - Filling up the DagBag from /home/airflow/.local/lib/python3.7/site-packages/airflow/example_dags/example_external_task_marker_dag.py
[2024-06-12T19:54:03.811+0000] {processor.py:753} INFO - DAG(s) dict_keys(['example_external_task_marker_child', 'example_external_task_marker_parent']) retrieved from /home/airflow/.local/lib/python3.7/site-packages/airflow/example_dags/example_external_task_marker_dag.py
[2024-06-12T19:54:04.006+0000] {logging_mixin.py:137} INFO - [2024-06-12T19:54:04.005+0000] {dag.py:2690} INFO - Sync 2 DAGs
[2024-06-12T19:54:04.467+0000] {logging_mixin.py:137} INFO - [2024-06-12T19:54:04.466+0000] {dag.py:3441} INFO - Setting next_dagrun for example_external_task_marker_child to None, run_after=None
[2024-06-12T19:54:04.596+0000] {logging_mixin.py:137} INFO - [2024-06-12T19:54:04.579+0000] {dag.py:3441} INFO - Setting next_dagrun for example_external_task_marker_parent to None, run_after=None
[2024-06-12T19:54:05.130+0000] {processor.py:175} INFO - Processing /home/airflow/.local/lib/python3.7/site-packages/airflow/example_dags/example_external_task_marker_dag.py took 1.537 seconds
[2024-06-12T19:55:25.343+0000] {processor.py:153} INFO - Started process (PID=1054) to work on /home/airflow/.local/lib/python3.7/site-packages/airflow/example_dags/example_external_task_marker_dag.py
[2024-06-12T19:55:25.389+0000] {processor.py:743} INFO - Processing file /home/airflow/.local/lib/python3.7/site-packages/airflow/example_dags/example_external_task_marker_dag.py for tasks to queue
[2024-06-12T19:55:25.422+0000] {logging_mixin.py:137} INFO - [2024-06-12T19:55:25.422+0000] {dagbag.py:538} INFO - Filling up the DagBag from /home/airflow/.local/lib/python3.7/site-packages/airflow/example_dags/example_external_task_marker_dag.py
[2024-06-12T19:55:25.970+0000] {processor.py:753} INFO - DAG(s) dict_keys(['example_external_task_marker_child', 'example_external_task_marker_parent']) retrieved from /home/airflow/.local/lib/python3.7/site-packages/airflow/example_dags/example_external_task_marker_dag.py
[2024-06-12T19:55:26.627+0000] {logging_mixin.py:137} INFO - [2024-06-12T19:55:26.626+0000] {dag.py:2690} INFO - Sync 2 DAGs
[2024-06-12T19:55:27.468+0000] {logging_mixin.py:137} INFO - [2024-06-12T19:55:27.467+0000] {dag.py:3441} INFO - Setting next_dagrun for example_external_task_marker_child to None, run_after=None
[2024-06-12T19:55:27.523+0000] {logging_mixin.py:137} INFO - [2024-06-12T19:55:27.523+0000] {dag.py:3441} INFO - Setting next_dagrun for example_external_task_marker_parent to None, run_after=None
[2024-06-12T19:55:28.024+0000] {processor.py:175} INFO - Processing /home/airflow/.local/lib/python3.7/site-packages/airflow/example_dags/example_external_task_marker_dag.py took 2.729 seconds
[2024-06-12T19:56:14.315+0000] {processor.py:153} INFO - Started process (PID=1127) to work on /home/airflow/.local/lib/python3.7/site-packages/airflow/example_dags/example_external_task_marker_dag.py
[2024-06-12T19:56:14.330+0000] {processor.py:743} INFO - Processing file /home/airflow/.local/lib/python3.7/site-packages/airflow/example_dags/example_external_task_marker_dag.py for tasks to queue
[2024-06-12T19:56:14.346+0000] {logging_mixin.py:137} INFO - [2024-06-12T19:56:14.345+0000] {dagbag.py:538} INFO - Filling up the DagBag from /home/airflow/.local/lib/python3.7/site-packages/airflow/example_dags/example_external_task_marker_dag.py
[2024-06-12T19:56:14.477+0000] {processor.py:753} INFO - DAG(s) dict_keys(['example_external_task_marker_child', 'example_external_task_marker_parent']) retrieved from /home/airflow/.local/lib/python3.7/site-packages/airflow/example_dags/example_external_task_marker_dag.py
[2024-06-12T19:56:14.767+0000] {logging_mixin.py:137} INFO - [2024-06-12T19:56:14.767+0000] {dag.py:2690} INFO - Sync 2 DAGs
[2024-06-12T19:56:14.913+0000] {logging_mixin.py:137} INFO - [2024-06-12T19:56:14.913+0000] {dag.py:3441} INFO - Setting next_dagrun for example_external_task_marker_child to None, run_after=None
[2024-06-12T19:56:14.951+0000] {logging_mixin.py:137} INFO - [2024-06-12T19:56:14.942+0000] {dag.py:3441} INFO - Setting next_dagrun for example_external_task_marker_parent to None, run_after=None
[2024-06-12T19:56:15.233+0000] {processor.py:175} INFO - Processing /home/airflow/.local/lib/python3.7/site-packages/airflow/example_dags/example_external_task_marker_dag.py took 0.954 seconds
[2024-06-12T19:56:58.247+0000] {processor.py:153} INFO - Started process (PID=1191) to work on /home/airflow/.local/lib/python3.7/site-packages/airflow/example_dags/example_external_task_marker_dag.py
[2024-06-12T19:56:58.260+0000] {processor.py:743} INFO - Processing file /home/airflow/.local/lib/python3.7/site-packages/airflow/example_dags/example_external_task_marker_dag.py for tasks to queue
[2024-06-12T19:56:58.263+0000] {logging_mixin.py:137} INFO - [2024-06-12T19:56:58.263+0000] {dagbag.py:538} INFO - Filling up the DagBag from /home/airflow/.local/lib/python3.7/site-packages/airflow/example_dags/example_external_task_marker_dag.py
[2024-06-12T19:56:58.601+0000] {processor.py:753} INFO - DAG(s) dict_keys(['example_external_task_marker_child', 'example_external_task_marker_parent']) retrieved from /home/airflow/.local/lib/python3.7/site-packages/airflow/example_dags/example_external_task_marker_dag.py
[2024-06-12T19:56:59.100+0000] {logging_mixin.py:137} INFO - [2024-06-12T19:56:59.100+0000] {dag.py:2690} INFO - Sync 2 DAGs
[2024-06-12T19:56:59.629+0000] {logging_mixin.py:137} INFO - [2024-06-12T19:56:59.629+0000] {dag.py:3441} INFO - Setting next_dagrun for example_external_task_marker_child to None, run_after=None
[2024-06-12T19:56:59.742+0000] {logging_mixin.py:137} INFO - [2024-06-12T19:56:59.742+0000] {dag.py:3441} INFO - Setting next_dagrun for example_external_task_marker_parent to None, run_after=None
[2024-06-12T19:56:59.903+0000] {processor.py:175} INFO - Processing /home/airflow/.local/lib/python3.7/site-packages/airflow/example_dags/example_external_task_marker_dag.py took 1.722 seconds
[2024-06-12T20:00:09.495+0000] {processor.py:153} INFO - Started process (PID=1349) to work on /home/airflow/.local/lib/python3.7/site-packages/airflow/example_dags/example_external_task_marker_dag.py
[2024-06-12T20:00:09.540+0000] {processor.py:743} INFO - Processing file /home/airflow/.local/lib/python3.7/site-packages/airflow/example_dags/example_external_task_marker_dag.py for tasks to queue
[2024-06-12T20:00:09.605+0000] {logging_mixin.py:137} INFO - [2024-06-12T20:00:09.605+0000] {dagbag.py:538} INFO - Filling up the DagBag from /home/airflow/.local/lib/python3.7/site-packages/airflow/example_dags/example_external_task_marker_dag.py
[2024-06-12T20:00:10.278+0000] {processor.py:753} INFO - DAG(s) dict_keys(['example_external_task_marker_child', 'example_external_task_marker_parent']) retrieved from /home/airflow/.local/lib/python3.7/site-packages/airflow/example_dags/example_external_task_marker_dag.py
[2024-06-12T20:00:12.285+0000] {logging_mixin.py:137} INFO - [2024-06-12T20:00:12.285+0000] {dag.py:2690} INFO - Sync 2 DAGs
[2024-06-12T20:00:14.036+0000] {logging_mixin.py:137} INFO - [2024-06-12T20:00:14.035+0000] {dag.py:3441} INFO - Setting next_dagrun for example_external_task_marker_child to None, run_after=None
[2024-06-12T20:00:14.256+0000] {logging_mixin.py:137} INFO - [2024-06-12T20:00:14.255+0000] {dag.py:3441} INFO - Setting next_dagrun for example_external_task_marker_parent to None, run_after=None
[2024-06-12T20:00:15.714+0000] {processor.py:175} INFO - Processing /home/airflow/.local/lib/python3.7/site-packages/airflow/example_dags/example_external_task_marker_dag.py took 6.348 seconds
[2024-06-12T20:05:26.134+0000] {processor.py:153} INFO - Started process (PID=1587) to work on /home/airflow/.local/lib/python3.7/site-packages/airflow/example_dags/example_external_task_marker_dag.py
[2024-06-12T20:05:26.271+0000] {processor.py:743} INFO - Processing file /home/airflow/.local/lib/python3.7/site-packages/airflow/example_dags/example_external_task_marker_dag.py for tasks to queue
[2024-06-12T20:05:26.352+0000] {logging_mixin.py:137} INFO - [2024-06-12T20:05:26.352+0000] {dagbag.py:538} INFO - Filling up the DagBag from /home/airflow/.local/lib/python3.7/site-packages/airflow/example_dags/example_external_task_marker_dag.py
[2024-06-12T20:05:27.454+0000] {processor.py:753} INFO - DAG(s) dict_keys(['example_external_task_marker_child', 'example_external_task_marker_parent']) retrieved from /home/airflow/.local/lib/python3.7/site-packages/airflow/example_dags/example_external_task_marker_dag.py
[2024-06-12T20:05:28.889+0000] {logging_mixin.py:137} INFO - [2024-06-12T20:05:28.888+0000] {dag.py:2690} INFO - Sync 2 DAGs
[2024-06-12T20:05:31.100+0000] {logging_mixin.py:137} INFO - [2024-06-12T20:05:30.787+0000] {dag.py:3441} INFO - Setting next_dagrun for example_external_task_marker_child to None, run_after=None
[2024-06-12T20:05:31.472+0000] {logging_mixin.py:137} INFO - [2024-06-12T20:05:31.471+0000] {dag.py:3441} INFO - Setting next_dagrun for example_external_task_marker_parent to None, run_after=None
[2024-06-12T20:05:31.780+0000] {processor.py:175} INFO - Processing /home/airflow/.local/lib/python3.7/site-packages/airflow/example_dags/example_external_task_marker_dag.py took 5.765 seconds
[2024-06-12T20:11:48.662+0000] {processor.py:153} INFO - Started process (PID=1874) to work on /home/airflow/.local/lib/python3.7/site-packages/airflow/example_dags/example_external_task_marker_dag.py
[2024-06-12T20:11:48.739+0000] {processor.py:743} INFO - Processing file /home/airflow/.local/lib/python3.7/site-packages/airflow/example_dags/example_external_task_marker_dag.py for tasks to queue
[2024-06-12T20:11:48.771+0000] {logging_mixin.py:137} INFO - [2024-06-12T20:11:48.770+0000] {dagbag.py:538} INFO - Filling up the DagBag from /home/airflow/.local/lib/python3.7/site-packages/airflow/example_dags/example_external_task_marker_dag.py
[2024-06-12T20:11:50.510+0000] {processor.py:753} INFO - DAG(s) dict_keys(['example_external_task_marker_parent', 'example_external_task_marker_child']) retrieved from /home/airflow/.local/lib/python3.7/site-packages/airflow/example_dags/example_external_task_marker_dag.py
[2024-06-12T20:11:53.504+0000] {logging_mixin.py:137} INFO - [2024-06-12T20:11:53.504+0000] {dag.py:2690} INFO - Sync 2 DAGs
[2024-06-12T20:11:55.831+0000] {logging_mixin.py:137} INFO - [2024-06-12T20:11:55.830+0000] {dag.py:3441} INFO - Setting next_dagrun for example_external_task_marker_child to None, run_after=None
[2024-06-12T20:11:56.299+0000] {logging_mixin.py:137} INFO - [2024-06-12T20:11:56.299+0000] {dag.py:3441} INFO - Setting next_dagrun for example_external_task_marker_parent to None, run_after=None
[2024-06-12T20:11:57.981+0000] {processor.py:175} INFO - Processing /home/airflow/.local/lib/python3.7/site-packages/airflow/example_dags/example_external_task_marker_dag.py took 9.463 seconds
[2024-06-12T20:14:35.764+0000] {processor.py:153} INFO - Started process (PID=2033) to work on /home/airflow/.local/lib/python3.7/site-packages/airflow/example_dags/example_external_task_marker_dag.py
[2024-06-12T20:14:35.780+0000] {processor.py:743} INFO - Processing file /home/airflow/.local/lib/python3.7/site-packages/airflow/example_dags/example_external_task_marker_dag.py for tasks to queue
[2024-06-12T20:14:35.797+0000] {logging_mixin.py:137} INFO - [2024-06-12T20:14:35.796+0000] {dagbag.py:538} INFO - Filling up the DagBag from /home/airflow/.local/lib/python3.7/site-packages/airflow/example_dags/example_external_task_marker_dag.py
[2024-06-12T20:14:36.243+0000] {processor.py:753} INFO - DAG(s) dict_keys(['example_external_task_marker_child', 'example_external_task_marker_parent']) retrieved from /home/airflow/.local/lib/python3.7/site-packages/airflow/example_dags/example_external_task_marker_dag.py
[2024-06-12T20:14:37.380+0000] {logging_mixin.py:137} INFO - [2024-06-12T20:14:37.380+0000] {dag.py:2690} INFO - Sync 2 DAGs
[2024-06-12T20:14:38.328+0000] {logging_mixin.py:137} INFO - [2024-06-12T20:14:38.327+0000] {dag.py:3441} INFO - Setting next_dagrun for example_external_task_marker_child to None, run_after=None
[2024-06-12T20:14:38.626+0000] {logging_mixin.py:137} INFO - [2024-06-12T20:14:38.626+0000] {dag.py:3441} INFO - Setting next_dagrun for example_external_task_marker_parent to None, run_after=None
[2024-06-12T20:14:39.350+0000] {processor.py:175} INFO - Processing /home/airflow/.local/lib/python3.7/site-packages/airflow/example_dags/example_external_task_marker_dag.py took 3.793 seconds
[2024-06-12T20:16:01.704+0000] {processor.py:153} INFO - Started process (PID=2128) to work on /home/airflow/.local/lib/python3.7/site-packages/airflow/example_dags/example_external_task_marker_dag.py
[2024-06-12T20:16:01.739+0000] {processor.py:743} INFO - Processing file /home/airflow/.local/lib/python3.7/site-packages/airflow/example_dags/example_external_task_marker_dag.py for tasks to queue
[2024-06-12T20:16:01.751+0000] {logging_mixin.py:137} INFO - [2024-06-12T20:16:01.750+0000] {dagbag.py:538} INFO - Filling up the DagBag from /home/airflow/.local/lib/python3.7/site-packages/airflow/example_dags/example_external_task_marker_dag.py
[2024-06-12T20:16:02.165+0000] {processor.py:753} INFO - DAG(s) dict_keys(['example_external_task_marker_parent', 'example_external_task_marker_child']) retrieved from /home/airflow/.local/lib/python3.7/site-packages/airflow/example_dags/example_external_task_marker_dag.py
[2024-06-12T20:16:02.492+0000] {logging_mixin.py:137} INFO - [2024-06-12T20:16:02.491+0000] {dag.py:2690} INFO - Sync 2 DAGs
[2024-06-12T20:16:02.917+0000] {logging_mixin.py:137} INFO - [2024-06-12T20:16:02.916+0000] {dag.py:3441} INFO - Setting next_dagrun for example_external_task_marker_child to None, run_after=None
[2024-06-12T20:16:03.035+0000] {logging_mixin.py:137} INFO - [2024-06-12T20:16:03.007+0000] {dag.py:3441} INFO - Setting next_dagrun for example_external_task_marker_parent to None, run_after=None
[2024-06-12T20:16:03.368+0000] {processor.py:175} INFO - Processing /home/airflow/.local/lib/python3.7/site-packages/airflow/example_dags/example_external_task_marker_dag.py took 1.811 seconds
[2024-06-12T20:17:16.158+0000] {processor.py:153} INFO - Started process (PID=2216) to work on /home/airflow/.local/lib/python3.7/site-packages/airflow/example_dags/example_external_task_marker_dag.py
[2024-06-12T20:17:16.176+0000] {processor.py:743} INFO - Processing file /home/airflow/.local/lib/python3.7/site-packages/airflow/example_dags/example_external_task_marker_dag.py for tasks to queue
[2024-06-12T20:17:16.193+0000] {logging_mixin.py:137} INFO - [2024-06-12T20:17:16.192+0000] {dagbag.py:538} INFO - Filling up the DagBag from /home/airflow/.local/lib/python3.7/site-packages/airflow/example_dags/example_external_task_marker_dag.py
[2024-06-12T20:17:16.575+0000] {processor.py:753} INFO - DAG(s) dict_keys(['example_external_task_marker_child', 'example_external_task_marker_parent']) retrieved from /home/airflow/.local/lib/python3.7/site-packages/airflow/example_dags/example_external_task_marker_dag.py
[2024-06-12T20:17:17.067+0000] {logging_mixin.py:137} INFO - [2024-06-12T20:17:17.066+0000] {dag.py:2690} INFO - Sync 2 DAGs
[2024-06-12T20:17:17.763+0000] {logging_mixin.py:137} INFO - [2024-06-12T20:17:17.762+0000] {dag.py:3441} INFO - Setting next_dagrun for example_external_task_marker_child to None, run_after=None
[2024-06-12T20:17:17.915+0000] {logging_mixin.py:137} INFO - [2024-06-12T20:17:17.914+0000] {dag.py:3441} INFO - Setting next_dagrun for example_external_task_marker_parent to None, run_after=None
[2024-06-12T20:17:18.781+0000] {processor.py:175} INFO - Processing /home/airflow/.local/lib/python3.7/site-packages/airflow/example_dags/example_external_task_marker_dag.py took 2.691 seconds
[2024-06-12T20:19:05.434+0000] {processor.py:153} INFO - Started process (PID=2322) to work on /home/airflow/.local/lib/python3.7/site-packages/airflow/example_dags/example_external_task_marker_dag.py
[2024-06-12T20:19:05.500+0000] {processor.py:743} INFO - Processing file /home/airflow/.local/lib/python3.7/site-packages/airflow/example_dags/example_external_task_marker_dag.py for tasks to queue
[2024-06-12T20:19:05.567+0000] {logging_mixin.py:137} INFO - [2024-06-12T20:19:05.566+0000] {dagbag.py:538} INFO - Filling up the DagBag from /home/airflow/.local/lib/python3.7/site-packages/airflow/example_dags/example_external_task_marker_dag.py
[2024-06-12T20:19:06.738+0000] {processor.py:753} INFO - DAG(s) dict_keys(['example_external_task_marker_child', 'example_external_task_marker_parent']) retrieved from /home/airflow/.local/lib/python3.7/site-packages/airflow/example_dags/example_external_task_marker_dag.py
[2024-06-12T20:19:07.318+0000] {logging_mixin.py:137} INFO - [2024-06-12T20:19:07.298+0000] {dag.py:2690} INFO - Sync 2 DAGs
[2024-06-12T20:19:08.547+0000] {logging_mixin.py:137} INFO - [2024-06-12T20:19:08.546+0000] {dag.py:3441} INFO - Setting next_dagrun for example_external_task_marker_child to None, run_after=None
[2024-06-12T20:19:08.624+0000] {logging_mixin.py:137} INFO - [2024-06-12T20:19:08.623+0000] {dag.py:3441} INFO - Setting next_dagrun for example_external_task_marker_parent to None, run_after=None
[2024-06-12T20:19:09.411+0000] {processor.py:175} INFO - Processing /home/airflow/.local/lib/python3.7/site-packages/airflow/example_dags/example_external_task_marker_dag.py took 4.135 seconds
[2024-06-12T20:21:04.303+0000] {processor.py:153} INFO - Started process (PID=2439) to work on /home/airflow/.local/lib/python3.7/site-packages/airflow/example_dags/example_external_task_marker_dag.py
[2024-06-12T20:21:04.350+0000] {processor.py:743} INFO - Processing file /home/airflow/.local/lib/python3.7/site-packages/airflow/example_dags/example_external_task_marker_dag.py for tasks to queue
[2024-06-12T20:21:04.367+0000] {logging_mixin.py:137} INFO - [2024-06-12T20:21:04.366+0000] {dagbag.py:538} INFO - Filling up the DagBag from /home/airflow/.local/lib/python3.7/site-packages/airflow/example_dags/example_external_task_marker_dag.py
[2024-06-12T20:21:04.922+0000] {processor.py:753} INFO - DAG(s) dict_keys(['example_external_task_marker_parent', 'example_external_task_marker_child']) retrieved from /home/airflow/.local/lib/python3.7/site-packages/airflow/example_dags/example_external_task_marker_dag.py
[2024-06-12T20:21:05.296+0000] {logging_mixin.py:137} INFO - [2024-06-12T20:21:05.295+0000] {dag.py:2690} INFO - Sync 2 DAGs
[2024-06-12T20:21:06.562+0000] {logging_mixin.py:137} INFO - [2024-06-12T20:21:06.561+0000] {dag.py:3441} INFO - Setting next_dagrun for example_external_task_marker_child to None, run_after=None
[2024-06-12T20:21:06.642+0000] {logging_mixin.py:137} INFO - [2024-06-12T20:21:06.642+0000] {dag.py:3441} INFO - Setting next_dagrun for example_external_task_marker_parent to None, run_after=None
[2024-06-12T20:21:07.303+0000] {processor.py:175} INFO - Processing /home/airflow/.local/lib/python3.7/site-packages/airflow/example_dags/example_external_task_marker_dag.py took 3.057 seconds
[2024-06-12T20:23:07.190+0000] {processor.py:153} INFO - Started process (PID=2563) to work on /home/airflow/.local/lib/python3.7/site-packages/airflow/example_dags/example_external_task_marker_dag.py
[2024-06-12T20:23:07.333+0000] {processor.py:743} INFO - Processing file /home/airflow/.local/lib/python3.7/site-packages/airflow/example_dags/example_external_task_marker_dag.py for tasks to queue
[2024-06-12T20:23:07.432+0000] {logging_mixin.py:137} INFO - [2024-06-12T20:23:07.432+0000] {dagbag.py:538} INFO - Filling up the DagBag from /home/airflow/.local/lib/python3.7/site-packages/airflow/example_dags/example_external_task_marker_dag.py
[2024-06-12T20:23:08.169+0000] {processor.py:753} INFO - DAG(s) dict_keys(['example_external_task_marker_parent', 'example_external_task_marker_child']) retrieved from /home/airflow/.local/lib/python3.7/site-packages/airflow/example_dags/example_external_task_marker_dag.py
[2024-06-12T20:23:08.944+0000] {logging_mixin.py:137} INFO - [2024-06-12T20:23:08.944+0000] {dag.py:2690} INFO - Sync 2 DAGs
[2024-06-12T20:23:10.351+0000] {logging_mixin.py:137} INFO - [2024-06-12T20:23:10.351+0000] {dag.py:3441} INFO - Setting next_dagrun for example_external_task_marker_child to None, run_after=None
[2024-06-12T20:23:10.651+0000] {logging_mixin.py:137} INFO - [2024-06-12T20:23:10.651+0000] {dag.py:3441} INFO - Setting next_dagrun for example_external_task_marker_parent to None, run_after=None
[2024-06-12T20:23:11.352+0000] {processor.py:175} INFO - Processing /home/airflow/.local/lib/python3.7/site-packages/airflow/example_dags/example_external_task_marker_dag.py took 4.286 seconds
[2024-06-12T20:25:18.859+0000] {processor.py:153} INFO - Started process (PID=2695) to work on /home/airflow/.local/lib/python3.7/site-packages/airflow/example_dags/example_external_task_marker_dag.py
[2024-06-12T20:25:18.955+0000] {processor.py:743} INFO - Processing file /home/airflow/.local/lib/python3.7/site-packages/airflow/example_dags/example_external_task_marker_dag.py for tasks to queue
[2024-06-12T20:25:19.021+0000] {logging_mixin.py:137} INFO - [2024-06-12T20:25:19.018+0000] {dagbag.py:538} INFO - Filling up the DagBag from /home/airflow/.local/lib/python3.7/site-packages/airflow/example_dags/example_external_task_marker_dag.py
[2024-06-12T20:25:19.393+0000] {processor.py:753} INFO - DAG(s) dict_keys(['example_external_task_marker_parent', 'example_external_task_marker_child']) retrieved from /home/airflow/.local/lib/python3.7/site-packages/airflow/example_dags/example_external_task_marker_dag.py
[2024-06-12T20:25:20.163+0000] {logging_mixin.py:137} INFO - [2024-06-12T20:25:20.130+0000] {dag.py:2690} INFO - Sync 2 DAGs
[2024-06-12T20:25:20.683+0000] {logging_mixin.py:137} INFO - [2024-06-12T20:25:20.640+0000] {dag.py:3441} INFO - Setting next_dagrun for example_external_task_marker_child to None, run_after=None
[2024-06-12T20:25:20.775+0000] {logging_mixin.py:137} INFO - [2024-06-12T20:25:20.773+0000] {dag.py:3441} INFO - Setting next_dagrun for example_external_task_marker_parent to None, run_after=None
[2024-06-12T20:25:21.149+0000] {processor.py:175} INFO - Processing /home/airflow/.local/lib/python3.7/site-packages/airflow/example_dags/example_external_task_marker_dag.py took 2.320 seconds
[2024-06-12T20:27:12.872+0000] {processor.py:153} INFO - Started process (PID=2803) to work on /home/airflow/.local/lib/python3.7/site-packages/airflow/example_dags/example_external_task_marker_dag.py
[2024-06-12T20:27:12.878+0000] {processor.py:743} INFO - Processing file /home/airflow/.local/lib/python3.7/site-packages/airflow/example_dags/example_external_task_marker_dag.py for tasks to queue
[2024-06-12T20:27:12.895+0000] {logging_mixin.py:137} INFO - [2024-06-12T20:27:12.886+0000] {dagbag.py:538} INFO - Filling up the DagBag from /home/airflow/.local/lib/python3.7/site-packages/airflow/example_dags/example_external_task_marker_dag.py
[2024-06-12T20:27:13.383+0000] {processor.py:753} INFO - DAG(s) dict_keys(['example_external_task_marker_parent', 'example_external_task_marker_child']) retrieved from /home/airflow/.local/lib/python3.7/site-packages/airflow/example_dags/example_external_task_marker_dag.py
[2024-06-12T20:27:13.687+0000] {logging_mixin.py:137} INFO - [2024-06-12T20:27:13.687+0000] {dag.py:2690} INFO - Sync 2 DAGs
[2024-06-12T20:27:14.371+0000] {logging_mixin.py:137} INFO - [2024-06-12T20:27:14.360+0000] {dag.py:3441} INFO - Setting next_dagrun for example_external_task_marker_child to None, run_after=None
[2024-06-12T20:27:14.488+0000] {logging_mixin.py:137} INFO - [2024-06-12T20:27:14.488+0000] {dag.py:3441} INFO - Setting next_dagrun for example_external_task_marker_parent to None, run_after=None
[2024-06-12T20:27:14.837+0000] {processor.py:175} INFO - Processing /home/airflow/.local/lib/python3.7/site-packages/airflow/example_dags/example_external_task_marker_dag.py took 2.009 seconds
[2024-06-12T20:28:42.267+0000] {processor.py:153} INFO - Started process (PID=2898) to work on /home/airflow/.local/lib/python3.7/site-packages/airflow/example_dags/example_external_task_marker_dag.py
[2024-06-12T20:28:42.332+0000] {processor.py:743} INFO - Processing file /home/airflow/.local/lib/python3.7/site-packages/airflow/example_dags/example_external_task_marker_dag.py for tasks to queue
[2024-06-12T20:28:42.366+0000] {logging_mixin.py:137} INFO - [2024-06-12T20:28:42.365+0000] {dagbag.py:538} INFO - Filling up the DagBag from /home/airflow/.local/lib/python3.7/site-packages/airflow/example_dags/example_external_task_marker_dag.py
[2024-06-12T20:28:42.963+0000] {processor.py:753} INFO - DAG(s) dict_keys(['example_external_task_marker_child', 'example_external_task_marker_parent']) retrieved from /home/airflow/.local/lib/python3.7/site-packages/airflow/example_dags/example_external_task_marker_dag.py
[2024-06-12T20:28:43.598+0000] {logging_mixin.py:137} INFO - [2024-06-12T20:28:43.597+0000] {dag.py:2690} INFO - Sync 2 DAGs
[2024-06-12T20:28:44.284+0000] {logging_mixin.py:137} INFO - [2024-06-12T20:28:44.273+0000] {dag.py:3441} INFO - Setting next_dagrun for example_external_task_marker_child to None, run_after=None
[2024-06-12T20:28:44.528+0000] {logging_mixin.py:137} INFO - [2024-06-12T20:28:44.527+0000] {dag.py:3441} INFO - Setting next_dagrun for example_external_task_marker_parent to None, run_after=None
[2024-06-12T20:28:45.246+0000] {processor.py:175} INFO - Processing /home/airflow/.local/lib/python3.7/site-packages/airflow/example_dags/example_external_task_marker_dag.py took 3.300 seconds
[2024-06-12T20:29:55.080+0000] {processor.py:153} INFO - Started process (PID=2988) to work on /home/airflow/.local/lib/python3.7/site-packages/airflow/example_dags/example_external_task_marker_dag.py
[2024-06-12T20:29:55.094+0000] {processor.py:743} INFO - Processing file /home/airflow/.local/lib/python3.7/site-packages/airflow/example_dags/example_external_task_marker_dag.py for tasks to queue
[2024-06-12T20:29:55.110+0000] {logging_mixin.py:137} INFO - [2024-06-12T20:29:55.110+0000] {dagbag.py:538} INFO - Filling up the DagBag from /home/airflow/.local/lib/python3.7/site-packages/airflow/example_dags/example_external_task_marker_dag.py
[2024-06-12T20:29:55.410+0000] {processor.py:753} INFO - DAG(s) dict_keys(['example_external_task_marker_parent', 'example_external_task_marker_child']) retrieved from /home/airflow/.local/lib/python3.7/site-packages/airflow/example_dags/example_external_task_marker_dag.py
[2024-06-12T20:29:55.881+0000] {logging_mixin.py:137} INFO - [2024-06-12T20:29:55.881+0000] {dag.py:2690} INFO - Sync 2 DAGs
[2024-06-12T20:29:57.045+0000] {logging_mixin.py:137} INFO - [2024-06-12T20:29:57.045+0000] {dag.py:3441} INFO - Setting next_dagrun for example_external_task_marker_child to None, run_after=None
[2024-06-12T20:29:57.310+0000] {logging_mixin.py:137} INFO - [2024-06-12T20:29:57.309+0000] {dag.py:3441} INFO - Setting next_dagrun for example_external_task_marker_parent to None, run_after=None
[2024-06-12T20:29:57.951+0000] {processor.py:175} INFO - Processing /home/airflow/.local/lib/python3.7/site-packages/airflow/example_dags/example_external_task_marker_dag.py took 2.878 seconds
[2024-06-12T20:31:30.202+0000] {processor.py:153} INFO - Started process (PID=3092) to work on /home/airflow/.local/lib/python3.7/site-packages/airflow/example_dags/example_external_task_marker_dag.py
[2024-06-12T20:31:30.231+0000] {processor.py:743} INFO - Processing file /home/airflow/.local/lib/python3.7/site-packages/airflow/example_dags/example_external_task_marker_dag.py for tasks to queue
[2024-06-12T20:31:30.264+0000] {logging_mixin.py:137} INFO - [2024-06-12T20:31:30.264+0000] {dagbag.py:538} INFO - Filling up the DagBag from /home/airflow/.local/lib/python3.7/site-packages/airflow/example_dags/example_external_task_marker_dag.py
[2024-06-12T20:31:30.552+0000] {processor.py:753} INFO - DAG(s) dict_keys(['example_external_task_marker_parent', 'example_external_task_marker_child']) retrieved from /home/airflow/.local/lib/python3.7/site-packages/airflow/example_dags/example_external_task_marker_dag.py
[2024-06-12T20:31:31.736+0000] {logging_mixin.py:137} INFO - [2024-06-12T20:31:31.735+0000] {dag.py:2690} INFO - Sync 2 DAGs
[2024-06-12T20:31:32.606+0000] {logging_mixin.py:137} INFO - [2024-06-12T20:31:32.605+0000] {dag.py:3441} INFO - Setting next_dagrun for example_external_task_marker_child to None, run_after=None
[2024-06-12T20:31:32.715+0000] {logging_mixin.py:137} INFO - [2024-06-12T20:31:32.715+0000] {dag.py:3441} INFO - Setting next_dagrun for example_external_task_marker_parent to None, run_after=None
[2024-06-12T20:31:33.115+0000] {processor.py:175} INFO - Processing /home/airflow/.local/lib/python3.7/site-packages/airflow/example_dags/example_external_task_marker_dag.py took 2.978 seconds
[2024-06-12T20:33:03.314+0000] {processor.py:153} INFO - Started process (PID=3195) to work on /home/airflow/.local/lib/python3.7/site-packages/airflow/example_dags/example_external_task_marker_dag.py
[2024-06-12T20:33:03.347+0000] {processor.py:743} INFO - Processing file /home/airflow/.local/lib/python3.7/site-packages/airflow/example_dags/example_external_task_marker_dag.py for tasks to queue
[2024-06-12T20:33:03.412+0000] {logging_mixin.py:137} INFO - [2024-06-12T20:33:03.411+0000] {dagbag.py:538} INFO - Filling up the DagBag from /home/airflow/.local/lib/python3.7/site-packages/airflow/example_dags/example_external_task_marker_dag.py
[2024-06-12T20:33:04.215+0000] {processor.py:753} INFO - DAG(s) dict_keys(['example_external_task_marker_parent', 'example_external_task_marker_child']) retrieved from /home/airflow/.local/lib/python3.7/site-packages/airflow/example_dags/example_external_task_marker_dag.py
[2024-06-12T20:33:05.203+0000] {logging_mixin.py:137} INFO - [2024-06-12T20:33:05.203+0000] {dag.py:2690} INFO - Sync 2 DAGs
[2024-06-12T20:33:05.710+0000] {logging_mixin.py:137} INFO - [2024-06-12T20:33:05.698+0000] {dag.py:3441} INFO - Setting next_dagrun for example_external_task_marker_child to None, run_after=None
[2024-06-12T20:33:06.082+0000] {logging_mixin.py:137} INFO - [2024-06-12T20:33:06.081+0000] {dag.py:3441} INFO - Setting next_dagrun for example_external_task_marker_parent to None, run_after=None
[2024-06-12T20:33:06.785+0000] {processor.py:175} INFO - Processing /home/airflow/.local/lib/python3.7/site-packages/airflow/example_dags/example_external_task_marker_dag.py took 3.549 seconds
[2024-06-12T20:35:04.554+0000] {processor.py:153} INFO - Started process (PID=3306) to work on /home/airflow/.local/lib/python3.7/site-packages/airflow/example_dags/example_external_task_marker_dag.py
[2024-06-12T20:35:04.568+0000] {processor.py:743} INFO - Processing file /home/airflow/.local/lib/python3.7/site-packages/airflow/example_dags/example_external_task_marker_dag.py for tasks to queue
[2024-06-12T20:35:04.585+0000] {logging_mixin.py:137} INFO - [2024-06-12T20:35:04.585+0000] {dagbag.py:538} INFO - Filling up the DagBag from /home/airflow/.local/lib/python3.7/site-packages/airflow/example_dags/example_external_task_marker_dag.py
[2024-06-12T20:35:05.100+0000] {processor.py:753} INFO - DAG(s) dict_keys(['example_external_task_marker_parent', 'example_external_task_marker_child']) retrieved from /home/airflow/.local/lib/python3.7/site-packages/airflow/example_dags/example_external_task_marker_dag.py
[2024-06-12T20:35:05.459+0000] {logging_mixin.py:137} INFO - [2024-06-12T20:35:05.458+0000] {dag.py:2690} INFO - Sync 2 DAGs
[2024-06-12T20:35:06.436+0000] {logging_mixin.py:137} INFO - [2024-06-12T20:35:06.436+0000] {dag.py:3441} INFO - Setting next_dagrun for example_external_task_marker_child to None, run_after=None
[2024-06-12T20:35:06.553+0000] {logging_mixin.py:137} INFO - [2024-06-12T20:35:06.553+0000] {dag.py:3441} INFO - Setting next_dagrun for example_external_task_marker_parent to None, run_after=None
[2024-06-12T20:35:07.489+0000] {processor.py:175} INFO - Processing /home/airflow/.local/lib/python3.7/site-packages/airflow/example_dags/example_external_task_marker_dag.py took 3.041 seconds
[2024-06-12T20:37:53.648+0000] {processor.py:153} INFO - Started process (PID=3457) to work on /home/airflow/.local/lib/python3.7/site-packages/airflow/example_dags/example_external_task_marker_dag.py
[2024-06-12T20:37:53.758+0000] {processor.py:743} INFO - Processing file /home/airflow/.local/lib/python3.7/site-packages/airflow/example_dags/example_external_task_marker_dag.py for tasks to queue
[2024-06-12T20:37:53.839+0000] {logging_mixin.py:137} INFO - [2024-06-12T20:37:53.838+0000] {dagbag.py:538} INFO - Filling up the DagBag from /home/airflow/.local/lib/python3.7/site-packages/airflow/example_dags/example_external_task_marker_dag.py
[2024-06-12T20:37:54.487+0000] {processor.py:753} INFO - DAG(s) dict_keys(['example_external_task_marker_parent', 'example_external_task_marker_child']) retrieved from /home/airflow/.local/lib/python3.7/site-packages/airflow/example_dags/example_external_task_marker_dag.py
[2024-06-12T20:37:56.197+0000] {logging_mixin.py:137} INFO - [2024-06-12T20:37:56.196+0000] {dag.py:2690} INFO - Sync 2 DAGs
[2024-06-12T20:37:57.042+0000] {logging_mixin.py:137} INFO - [2024-06-12T20:37:57.042+0000] {dag.py:3441} INFO - Setting next_dagrun for example_external_task_marker_child to None, run_after=None
[2024-06-12T20:37:57.257+0000] {logging_mixin.py:137} INFO - [2024-06-12T20:37:57.256+0000] {dag.py:3441} INFO - Setting next_dagrun for example_external_task_marker_parent to None, run_after=None
[2024-06-12T20:37:57.763+0000] {processor.py:175} INFO - Processing /home/airflow/.local/lib/python3.7/site-packages/airflow/example_dags/example_external_task_marker_dag.py took 4.179 seconds
[2024-06-12T20:39:12.203+0000] {processor.py:153} INFO - Started process (PID=3549) to work on /home/airflow/.local/lib/python3.7/site-packages/airflow/example_dags/example_external_task_marker_dag.py
[2024-06-12T20:39:12.235+0000] {processor.py:743} INFO - Processing file /home/airflow/.local/lib/python3.7/site-packages/airflow/example_dags/example_external_task_marker_dag.py for tasks to queue
[2024-06-12T20:39:12.252+0000] {logging_mixin.py:137} INFO - [2024-06-12T20:39:12.252+0000] {dagbag.py:538} INFO - Filling up the DagBag from /home/airflow/.local/lib/python3.7/site-packages/airflow/example_dags/example_external_task_marker_dag.py
[2024-06-12T20:39:12.676+0000] {processor.py:753} INFO - DAG(s) dict_keys(['example_external_task_marker_child', 'example_external_task_marker_parent']) retrieved from /home/airflow/.local/lib/python3.7/site-packages/airflow/example_dags/example_external_task_marker_dag.py
[2024-06-12T20:39:13.609+0000] {logging_mixin.py:137} INFO - [2024-06-12T20:39:13.609+0000] {dag.py:2690} INFO - Sync 2 DAGs
[2024-06-12T20:39:14.274+0000] {logging_mixin.py:137} INFO - [2024-06-12T20:39:14.271+0000] {dag.py:3441} INFO - Setting next_dagrun for example_external_task_marker_child to None, run_after=None
[2024-06-12T20:39:14.385+0000] {logging_mixin.py:137} INFO - [2024-06-12T20:39:14.385+0000] {dag.py:3441} INFO - Setting next_dagrun for example_external_task_marker_parent to None, run_after=None
[2024-06-12T20:39:14.729+0000] {processor.py:175} INFO - Processing /home/airflow/.local/lib/python3.7/site-packages/airflow/example_dags/example_external_task_marker_dag.py took 2.556 seconds
[2024-06-12T20:40:43.512+0000] {processor.py:153} INFO - Started process (PID=3650) to work on /home/airflow/.local/lib/python3.7/site-packages/airflow/example_dags/example_external_task_marker_dag.py
[2024-06-12T20:40:43.588+0000] {processor.py:743} INFO - Processing file /home/airflow/.local/lib/python3.7/site-packages/airflow/example_dags/example_external_task_marker_dag.py for tasks to queue
[2024-06-12T20:40:43.669+0000] {logging_mixin.py:137} INFO - [2024-06-12T20:40:43.669+0000] {dagbag.py:538} INFO - Filling up the DagBag from /home/airflow/.local/lib/python3.7/site-packages/airflow/example_dags/example_external_task_marker_dag.py
[2024-06-12T20:40:43.962+0000] {processor.py:753} INFO - DAG(s) dict_keys(['example_external_task_marker_parent', 'example_external_task_marker_child']) retrieved from /home/airflow/.local/lib/python3.7/site-packages/airflow/example_dags/example_external_task_marker_dag.py
[2024-06-12T20:40:44.953+0000] {logging_mixin.py:137} INFO - [2024-06-12T20:40:44.953+0000] {dag.py:2690} INFO - Sync 2 DAGs
[2024-06-12T20:40:45.776+0000] {logging_mixin.py:137} INFO - [2024-06-12T20:40:45.775+0000] {dag.py:3441} INFO - Setting next_dagrun for example_external_task_marker_child to None, run_after=None
[2024-06-12T20:40:45.887+0000] {logging_mixin.py:137} INFO - [2024-06-12T20:40:45.887+0000] {dag.py:3441} INFO - Setting next_dagrun for example_external_task_marker_parent to None, run_after=None
[2024-06-12T20:40:46.338+0000] {processor.py:175} INFO - Processing /home/airflow/.local/lib/python3.7/site-packages/airflow/example_dags/example_external_task_marker_dag.py took 2.934 seconds
[2024-06-12T20:41:48.828+0000] {processor.py:153} INFO - Started process (PID=3725) to work on /home/airflow/.local/lib/python3.7/site-packages/airflow/example_dags/example_external_task_marker_dag.py
[2024-06-12T20:41:48.893+0000] {processor.py:743} INFO - Processing file /home/airflow/.local/lib/python3.7/site-packages/airflow/example_dags/example_external_task_marker_dag.py for tasks to queue
[2024-06-12T20:41:48.909+0000] {logging_mixin.py:137} INFO - [2024-06-12T20:41:48.908+0000] {dagbag.py:538} INFO - Filling up the DagBag from /home/airflow/.local/lib/python3.7/site-packages/airflow/example_dags/example_external_task_marker_dag.py
[2024-06-12T20:41:49.203+0000] {processor.py:753} INFO - DAG(s) dict_keys(['example_external_task_marker_parent', 'example_external_task_marker_child']) retrieved from /home/airflow/.local/lib/python3.7/site-packages/airflow/example_dags/example_external_task_marker_dag.py
[2024-06-12T20:41:49.555+0000] {logging_mixin.py:137} INFO - [2024-06-12T20:41:49.555+0000] {dag.py:2690} INFO - Sync 2 DAGs
[2024-06-12T20:41:50.005+0000] {logging_mixin.py:137} INFO - [2024-06-12T20:41:50.005+0000] {dag.py:3441} INFO - Setting next_dagrun for example_external_task_marker_child to None, run_after=None
[2024-06-12T20:41:50.040+0000] {logging_mixin.py:137} INFO - [2024-06-12T20:41:50.039+0000] {dag.py:3441} INFO - Setting next_dagrun for example_external_task_marker_parent to None, run_after=None
[2024-06-12T20:41:50.520+0000] {processor.py:175} INFO - Processing /home/airflow/.local/lib/python3.7/site-packages/airflow/example_dags/example_external_task_marker_dag.py took 1.762 seconds
[2024-06-12T20:43:20.142+0000] {processor.py:153} INFO - Started process (PID=3827) to work on /home/airflow/.local/lib/python3.7/site-packages/airflow/example_dags/example_external_task_marker_dag.py
[2024-06-12T20:43:20.221+0000] {processor.py:743} INFO - Processing file /home/airflow/.local/lib/python3.7/site-packages/airflow/example_dags/example_external_task_marker_dag.py for tasks to queue
[2024-06-12T20:43:20.281+0000] {logging_mixin.py:137} INFO - [2024-06-12T20:43:20.280+0000] {dagbag.py:538} INFO - Filling up the DagBag from /home/airflow/.local/lib/python3.7/site-packages/airflow/example_dags/example_external_task_marker_dag.py
[2024-06-12T20:43:20.566+0000] {processor.py:753} INFO - DAG(s) dict_keys(['example_external_task_marker_child', 'example_external_task_marker_parent']) retrieved from /home/airflow/.local/lib/python3.7/site-packages/airflow/example_dags/example_external_task_marker_dag.py
[2024-06-12T20:43:21.322+0000] {logging_mixin.py:137} INFO - [2024-06-12T20:43:21.322+0000] {dag.py:2690} INFO - Sync 2 DAGs
[2024-06-12T20:43:22.340+0000] {logging_mixin.py:137} INFO - [2024-06-12T20:43:22.339+0000] {dag.py:3441} INFO - Setting next_dagrun for example_external_task_marker_child to None, run_after=None
[2024-06-12T20:43:22.580+0000] {logging_mixin.py:137} INFO - [2024-06-12T20:43:22.580+0000] {dag.py:3441} INFO - Setting next_dagrun for example_external_task_marker_parent to None, run_after=None
[2024-06-12T20:43:23.487+0000] {processor.py:175} INFO - Processing /home/airflow/.local/lib/python3.7/site-packages/airflow/example_dags/example_external_task_marker_dag.py took 3.462 seconds
[2024-06-12T20:44:38.274+0000] {processor.py:153} INFO - Started process (PID=3917) to work on /home/airflow/.local/lib/python3.7/site-packages/airflow/example_dags/example_external_task_marker_dag.py
[2024-06-12T20:44:38.287+0000] {processor.py:743} INFO - Processing file /home/airflow/.local/lib/python3.7/site-packages/airflow/example_dags/example_external_task_marker_dag.py for tasks to queue
[2024-06-12T20:44:38.310+0000] {logging_mixin.py:137} INFO - [2024-06-12T20:44:38.309+0000] {dagbag.py:538} INFO - Filling up the DagBag from /home/airflow/.local/lib/python3.7/site-packages/airflow/example_dags/example_external_task_marker_dag.py
[2024-06-12T20:44:38.600+0000] {processor.py:753} INFO - DAG(s) dict_keys(['example_external_task_marker_child', 'example_external_task_marker_parent']) retrieved from /home/airflow/.local/lib/python3.7/site-packages/airflow/example_dags/example_external_task_marker_dag.py
[2024-06-12T20:44:39.186+0000] {logging_mixin.py:137} INFO - [2024-06-12T20:44:39.186+0000] {dag.py:2690} INFO - Sync 2 DAGs
[2024-06-12T20:44:39.582+0000] {logging_mixin.py:137} INFO - [2024-06-12T20:44:39.582+0000] {dag.py:3441} INFO - Setting next_dagrun for example_external_task_marker_child to None, run_after=None
[2024-06-12T20:44:39.651+0000] {logging_mixin.py:137} INFO - [2024-06-12T20:44:39.650+0000] {dag.py:3441} INFO - Setting next_dagrun for example_external_task_marker_parent to None, run_after=None
[2024-06-12T20:44:40.027+0000] {processor.py:175} INFO - Processing /home/airflow/.local/lib/python3.7/site-packages/airflow/example_dags/example_external_task_marker_dag.py took 1.809 seconds
[2024-06-12T20:45:58.958+0000] {processor.py:153} INFO - Started process (PID=4020) to work on /home/airflow/.local/lib/python3.7/site-packages/airflow/example_dags/example_external_task_marker_dag.py
[2024-06-12T20:45:58.986+0000] {processor.py:743} INFO - Processing file /home/airflow/.local/lib/python3.7/site-packages/airflow/example_dags/example_external_task_marker_dag.py for tasks to queue
[2024-06-12T20:45:59.000+0000] {logging_mixin.py:137} INFO - [2024-06-12T20:45:59.000+0000] {dagbag.py:538} INFO - Filling up the DagBag from /home/airflow/.local/lib/python3.7/site-packages/airflow/example_dags/example_external_task_marker_dag.py
[2024-06-12T20:45:59.240+0000] {processor.py:753} INFO - DAG(s) dict_keys(['example_external_task_marker_parent', 'example_external_task_marker_child']) retrieved from /home/airflow/.local/lib/python3.7/site-packages/airflow/example_dags/example_external_task_marker_dag.py
[2024-06-12T20:45:59.645+0000] {logging_mixin.py:137} INFO - [2024-06-12T20:45:59.644+0000] {dag.py:2690} INFO - Sync 2 DAGs
[2024-06-12T20:46:00.387+0000] {logging_mixin.py:137} INFO - [2024-06-12T20:46:00.387+0000] {dag.py:3441} INFO - Setting next_dagrun for example_external_task_marker_child to None, run_after=None
[2024-06-12T20:46:00.452+0000] {logging_mixin.py:137} INFO - [2024-06-12T20:46:00.452+0000] {dag.py:3441} INFO - Setting next_dagrun for example_external_task_marker_parent to None, run_after=None
[2024-06-12T20:46:00.812+0000] {processor.py:175} INFO - Processing /home/airflow/.local/lib/python3.7/site-packages/airflow/example_dags/example_external_task_marker_dag.py took 2.075 seconds
[2024-06-12T20:47:04.263+0000] {processor.py:153} INFO - Started process (PID=4096) to work on /home/airflow/.local/lib/python3.7/site-packages/airflow/example_dags/example_external_task_marker_dag.py
[2024-06-12T20:47:04.280+0000] {processor.py:743} INFO - Processing file /home/airflow/.local/lib/python3.7/site-packages/airflow/example_dags/example_external_task_marker_dag.py for tasks to queue
[2024-06-12T20:47:04.325+0000] {logging_mixin.py:137} INFO - [2024-06-12T20:47:04.324+0000] {dagbag.py:538} INFO - Filling up the DagBag from /home/airflow/.local/lib/python3.7/site-packages/airflow/example_dags/example_external_task_marker_dag.py
[2024-06-12T20:47:04.550+0000] {processor.py:753} INFO - DAG(s) dict_keys(['example_external_task_marker_parent', 'example_external_task_marker_child']) retrieved from /home/airflow/.local/lib/python3.7/site-packages/airflow/example_dags/example_external_task_marker_dag.py
[2024-06-12T20:47:04.996+0000] {logging_mixin.py:137} INFO - [2024-06-12T20:47:04.995+0000] {dag.py:2690} INFO - Sync 2 DAGs
[2024-06-12T20:47:05.499+0000] {logging_mixin.py:137} INFO - [2024-06-12T20:47:05.499+0000] {dag.py:3441} INFO - Setting next_dagrun for example_external_task_marker_child to None, run_after=None
[2024-06-12T20:47:05.608+0000] {logging_mixin.py:137} INFO - [2024-06-12T20:47:05.581+0000] {dag.py:3441} INFO - Setting next_dagrun for example_external_task_marker_parent to None, run_after=None
[2024-06-12T20:47:06.376+0000] {processor.py:175} INFO - Processing /home/airflow/.local/lib/python3.7/site-packages/airflow/example_dags/example_external_task_marker_dag.py took 2.124 seconds
