[2024-06-12T19:43:46.606+0000] {processor.py:153} INFO - Started process (PID=187) to work on /home/airflow/.local/lib/python3.7/site-packages/airflow/example_dags/example_xcomargs.py
[2024-06-12T19:43:46.642+0000] {processor.py:743} INFO - Processing file /home/airflow/.local/lib/python3.7/site-packages/airflow/example_dags/example_xcomargs.py for tasks to queue
[2024-06-12T19:43:46.688+0000] {logging_mixin.py:137} INFO - [2024-06-12T19:43:46.688+0000] {dagbag.py:538} INFO - Filling up the DagBag from /home/airflow/.local/lib/python3.7/site-packages/airflow/example_dags/example_xcomargs.py
[2024-06-12T19:43:47.726+0000] {processor.py:753} INFO - DAG(s) dict_keys(['example_xcom_args_with_operators', 'example_xcom_args']) retrieved from /home/airflow/.local/lib/python3.7/site-packages/airflow/example_dags/example_xcomargs.py
[2024-06-12T19:43:48.416+0000] {logging_mixin.py:137} INFO - [2024-06-12T19:43:48.415+0000] {dag.py:2690} INFO - Sync 2 DAGs
[2024-06-12T19:43:49.323+0000] {logging_mixin.py:137} INFO - [2024-06-12T19:43:49.323+0000] {dag.py:3441} INFO - Setting next_dagrun for example_xcom_args to None, run_after=None
[2024-06-12T19:43:49.550+0000] {logging_mixin.py:137} INFO - [2024-06-12T19:43:49.549+0000] {dag.py:3441} INFO - Setting next_dagrun for example_xcom_args_with_operators to None, run_after=None
[2024-06-12T19:43:50.049+0000] {processor.py:175} INFO - Processing /home/airflow/.local/lib/python3.7/site-packages/airflow/example_dags/example_xcomargs.py took 3.576 seconds
[2024-06-12T19:46:07.513+0000] {processor.py:153} INFO - Started process (PID=305) to work on /home/airflow/.local/lib/python3.7/site-packages/airflow/example_dags/example_xcomargs.py
[2024-06-12T19:46:07.749+0000] {processor.py:743} INFO - Processing file /home/airflow/.local/lib/python3.7/site-packages/airflow/example_dags/example_xcomargs.py for tasks to queue
[2024-06-12T19:46:08.042+0000] {logging_mixin.py:137} INFO - [2024-06-12T19:46:08.042+0000] {dagbag.py:538} INFO - Filling up the DagBag from /home/airflow/.local/lib/python3.7/site-packages/airflow/example_dags/example_xcomargs.py
[2024-06-12T19:46:10.489+0000] {processor.py:753} INFO - DAG(s) dict_keys(['example_xcom_args', 'example_xcom_args_with_operators']) retrieved from /home/airflow/.local/lib/python3.7/site-packages/airflow/example_dags/example_xcomargs.py
[2024-06-12T19:46:11.464+0000] {logging_mixin.py:137} INFO - [2024-06-12T19:46:11.463+0000] {dag.py:2690} INFO - Sync 2 DAGs
[2024-06-12T19:46:15.157+0000] {logging_mixin.py:137} INFO - [2024-06-12T19:46:15.156+0000] {dag.py:3441} INFO - Setting next_dagrun for example_xcom_args to None, run_after=None
[2024-06-12T19:46:15.978+0000] {logging_mixin.py:137} INFO - [2024-06-12T19:46:15.978+0000] {dag.py:3441} INFO - Setting next_dagrun for example_xcom_args_with_operators to None, run_after=None
[2024-06-12T19:46:17.398+0000] {processor.py:175} INFO - Processing /home/airflow/.local/lib/python3.7/site-packages/airflow/example_dags/example_xcomargs.py took 10.046 seconds
[2024-06-12T19:48:20.011+0000] {processor.py:153} INFO - Started process (PID=442) to work on /home/airflow/.local/lib/python3.7/site-packages/airflow/example_dags/example_xcomargs.py
[2024-06-12T19:48:20.018+0000] {processor.py:743} INFO - Processing file /home/airflow/.local/lib/python3.7/site-packages/airflow/example_dags/example_xcomargs.py for tasks to queue
[2024-06-12T19:48:20.027+0000] {logging_mixin.py:137} INFO - [2024-06-12T19:48:20.026+0000] {dagbag.py:538} INFO - Filling up the DagBag from /home/airflow/.local/lib/python3.7/site-packages/airflow/example_dags/example_xcomargs.py
[2024-06-12T19:48:20.360+0000] {processor.py:753} INFO - DAG(s) dict_keys(['example_xcom_args', 'example_xcom_args_with_operators']) retrieved from /home/airflow/.local/lib/python3.7/site-packages/airflow/example_dags/example_xcomargs.py
[2024-06-12T19:48:21.016+0000] {logging_mixin.py:137} INFO - [2024-06-12T19:48:21.016+0000] {dag.py:2690} INFO - Sync 2 DAGs
[2024-06-12T19:48:21.646+0000] {logging_mixin.py:137} INFO - [2024-06-12T19:48:21.645+0000] {dag.py:3441} INFO - Setting next_dagrun for example_xcom_args to None, run_after=None
[2024-06-12T19:48:21.710+0000] {logging_mixin.py:137} INFO - [2024-06-12T19:48:21.689+0000] {dag.py:3441} INFO - Setting next_dagrun for example_xcom_args_with_operators to None, run_after=None
[2024-06-12T19:48:21.979+0000] {processor.py:175} INFO - Processing /home/airflow/.local/lib/python3.7/site-packages/airflow/example_dags/example_xcomargs.py took 1.995 seconds
[2024-06-12T19:48:52.327+0000] {processor.py:153} INFO - Started process (PID=506) to work on /home/airflow/.local/lib/python3.7/site-packages/airflow/example_dags/example_xcomargs.py
[2024-06-12T19:48:52.344+0000] {processor.py:743} INFO - Processing file /home/airflow/.local/lib/python3.7/site-packages/airflow/example_dags/example_xcomargs.py for tasks to queue
[2024-06-12T19:48:52.361+0000] {logging_mixin.py:137} INFO - [2024-06-12T19:48:52.361+0000] {dagbag.py:538} INFO - Filling up the DagBag from /home/airflow/.local/lib/python3.7/site-packages/airflow/example_dags/example_xcomargs.py
[2024-06-12T19:48:52.475+0000] {processor.py:753} INFO - DAG(s) dict_keys(['example_xcom_args', 'example_xcom_args_with_operators']) retrieved from /home/airflow/.local/lib/python3.7/site-packages/airflow/example_dags/example_xcomargs.py
[2024-06-12T19:48:52.686+0000] {logging_mixin.py:137} INFO - [2024-06-12T19:48:52.686+0000] {dag.py:2690} INFO - Sync 2 DAGs
[2024-06-12T19:48:52.925+0000] {logging_mixin.py:137} INFO - [2024-06-12T19:48:52.925+0000] {dag.py:3441} INFO - Setting next_dagrun for example_xcom_args to None, run_after=None
[2024-06-12T19:48:53.059+0000] {logging_mixin.py:137} INFO - [2024-06-12T19:48:53.058+0000] {dag.py:3441} INFO - Setting next_dagrun for example_xcom_args_with_operators to None, run_after=None
[2024-06-12T19:48:53.221+0000] {processor.py:175} INFO - Processing /home/airflow/.local/lib/python3.7/site-packages/airflow/example_dags/example_xcomargs.py took 0.910 seconds
[2024-06-12T19:49:27.913+0000] {processor.py:153} INFO - Started process (PID=561) to work on /home/airflow/.local/lib/python3.7/site-packages/airflow/example_dags/example_xcomargs.py
[2024-06-12T19:49:27.926+0000] {processor.py:743} INFO - Processing file /home/airflow/.local/lib/python3.7/site-packages/airflow/example_dags/example_xcomargs.py for tasks to queue
[2024-06-12T19:49:27.930+0000] {logging_mixin.py:137} INFO - [2024-06-12T19:49:27.930+0000] {dagbag.py:538} INFO - Filling up the DagBag from /home/airflow/.local/lib/python3.7/site-packages/airflow/example_dags/example_xcomargs.py
[2024-06-12T19:49:28.193+0000] {processor.py:753} INFO - DAG(s) dict_keys(['example_xcom_args', 'example_xcom_args_with_operators']) retrieved from /home/airflow/.local/lib/python3.7/site-packages/airflow/example_dags/example_xcomargs.py
[2024-06-12T19:49:28.467+0000] {logging_mixin.py:137} INFO - [2024-06-12T19:49:28.466+0000] {dag.py:2690} INFO - Sync 2 DAGs
[2024-06-12T19:49:28.664+0000] {logging_mixin.py:137} INFO - [2024-06-12T19:49:28.664+0000] {dag.py:3441} INFO - Setting next_dagrun for example_xcom_args to None, run_after=None
[2024-06-12T19:49:28.699+0000] {logging_mixin.py:137} INFO - [2024-06-12T19:49:28.699+0000] {dag.py:3441} INFO - Setting next_dagrun for example_xcom_args_with_operators to None, run_after=None
[2024-06-12T19:49:28.935+0000] {processor.py:175} INFO - Processing /home/airflow/.local/lib/python3.7/site-packages/airflow/example_dags/example_xcomargs.py took 1.042 seconds
[2024-06-12T19:50:00.596+0000] {processor.py:153} INFO - Started process (PID=622) to work on /home/airflow/.local/lib/python3.7/site-packages/airflow/example_dags/example_xcomargs.py
[2024-06-12T19:50:00.666+0000] {processor.py:743} INFO - Processing file /home/airflow/.local/lib/python3.7/site-packages/airflow/example_dags/example_xcomargs.py for tasks to queue
[2024-06-12T19:50:00.676+0000] {logging_mixin.py:137} INFO - [2024-06-12T19:50:00.675+0000] {dagbag.py:538} INFO - Filling up the DagBag from /home/airflow/.local/lib/python3.7/site-packages/airflow/example_dags/example_xcomargs.py
[2024-06-12T19:50:00.877+0000] {processor.py:753} INFO - DAG(s) dict_keys(['example_xcom_args_with_operators', 'example_xcom_args']) retrieved from /home/airflow/.local/lib/python3.7/site-packages/airflow/example_dags/example_xcomargs.py
[2024-06-12T19:50:01.181+0000] {logging_mixin.py:137} INFO - [2024-06-12T19:50:01.180+0000] {dag.py:2690} INFO - Sync 2 DAGs
[2024-06-12T19:50:01.664+0000] {logging_mixin.py:137} INFO - [2024-06-12T19:50:01.663+0000] {dag.py:3441} INFO - Setting next_dagrun for example_xcom_args to None, run_after=None
[2024-06-12T19:50:01.761+0000] {logging_mixin.py:137} INFO - [2024-06-12T19:50:01.761+0000] {dag.py:3441} INFO - Setting next_dagrun for example_xcom_args_with_operators to None, run_after=None
[2024-06-12T19:50:02.020+0000] {processor.py:175} INFO - Processing /home/airflow/.local/lib/python3.7/site-packages/airflow/example_dags/example_xcomargs.py took 1.481 seconds
[2024-06-12T19:51:13.273+0000] {processor.py:153} INFO - Started process (PID=703) to work on /home/airflow/.local/lib/python3.7/site-packages/airflow/example_dags/example_xcomargs.py
[2024-06-12T19:51:13.291+0000] {processor.py:743} INFO - Processing file /home/airflow/.local/lib/python3.7/site-packages/airflow/example_dags/example_xcomargs.py for tasks to queue
[2024-06-12T19:51:13.309+0000] {logging_mixin.py:137} INFO - [2024-06-12T19:51:13.308+0000] {dagbag.py:538} INFO - Filling up the DagBag from /home/airflow/.local/lib/python3.7/site-packages/airflow/example_dags/example_xcomargs.py
[2024-06-12T19:51:13.512+0000] {processor.py:753} INFO - DAG(s) dict_keys(['example_xcom_args_with_operators', 'example_xcom_args']) retrieved from /home/airflow/.local/lib/python3.7/site-packages/airflow/example_dags/example_xcomargs.py
[2024-06-12T19:51:13.926+0000] {logging_mixin.py:137} INFO - [2024-06-12T19:51:13.925+0000] {dag.py:2690} INFO - Sync 2 DAGs
[2024-06-12T19:51:14.590+0000] {logging_mixin.py:137} INFO - [2024-06-12T19:51:14.590+0000] {dag.py:3441} INFO - Setting next_dagrun for example_xcom_args to None, run_after=None
[2024-06-12T19:51:14.744+0000] {logging_mixin.py:137} INFO - [2024-06-12T19:51:14.738+0000] {dag.py:3441} INFO - Setting next_dagrun for example_xcom_args_with_operators to None, run_after=None
[2024-06-12T19:51:15.117+0000] {processor.py:175} INFO - Processing /home/airflow/.local/lib/python3.7/site-packages/airflow/example_dags/example_xcomargs.py took 1.863 seconds
[2024-06-12T19:52:10.959+0000] {processor.py:153} INFO - Started process (PID=779) to work on /home/airflow/.local/lib/python3.7/site-packages/airflow/example_dags/example_xcomargs.py
[2024-06-12T19:52:10.972+0000] {processor.py:743} INFO - Processing file /home/airflow/.local/lib/python3.7/site-packages/airflow/example_dags/example_xcomargs.py for tasks to queue
[2024-06-12T19:52:10.992+0000] {logging_mixin.py:137} INFO - [2024-06-12T19:52:10.992+0000] {dagbag.py:538} INFO - Filling up the DagBag from /home/airflow/.local/lib/python3.7/site-packages/airflow/example_dags/example_xcomargs.py
[2024-06-12T19:52:11.313+0000] {processor.py:753} INFO - DAG(s) dict_keys(['example_xcom_args', 'example_xcom_args_with_operators']) retrieved from /home/airflow/.local/lib/python3.7/site-packages/airflow/example_dags/example_xcomargs.py
[2024-06-12T19:52:11.555+0000] {logging_mixin.py:137} INFO - [2024-06-12T19:52:11.554+0000] {dag.py:2690} INFO - Sync 2 DAGs
[2024-06-12T19:52:12.029+0000] {logging_mixin.py:137} INFO - [2024-06-12T19:52:12.002+0000] {dag.py:3441} INFO - Setting next_dagrun for example_xcom_args to None, run_after=None
[2024-06-12T19:52:12.167+0000] {logging_mixin.py:137} INFO - [2024-06-12T19:52:12.146+0000] {dag.py:3441} INFO - Setting next_dagrun for example_xcom_args_with_operators to None, run_after=None
[2024-06-12T19:52:12.355+0000] {processor.py:175} INFO - Processing /home/airflow/.local/lib/python3.7/site-packages/airflow/example_dags/example_xcomargs.py took 1.463 seconds
[2024-06-12T19:52:57.878+0000] {processor.py:153} INFO - Started process (PID=844) to work on /home/airflow/.local/lib/python3.7/site-packages/airflow/example_dags/example_xcomargs.py
[2024-06-12T19:52:57.911+0000] {processor.py:743} INFO - Processing file /home/airflow/.local/lib/python3.7/site-packages/airflow/example_dags/example_xcomargs.py for tasks to queue
[2024-06-12T19:52:57.914+0000] {logging_mixin.py:137} INFO - [2024-06-12T19:52:57.914+0000] {dagbag.py:538} INFO - Filling up the DagBag from /home/airflow/.local/lib/python3.7/site-packages/airflow/example_dags/example_xcomargs.py
[2024-06-12T19:52:58.337+0000] {processor.py:753} INFO - DAG(s) dict_keys(['example_xcom_args', 'example_xcom_args_with_operators']) retrieved from /home/airflow/.local/lib/python3.7/site-packages/airflow/example_dags/example_xcomargs.py
[2024-06-12T19:52:58.703+0000] {logging_mixin.py:137} INFO - [2024-06-12T19:52:58.703+0000] {dag.py:2690} INFO - Sync 2 DAGs
[2024-06-12T19:52:59.053+0000] {logging_mixin.py:137} INFO - [2024-06-12T19:52:59.052+0000] {dag.py:3441} INFO - Setting next_dagrun for example_xcom_args to None, run_after=None
[2024-06-12T19:52:59.095+0000] {logging_mixin.py:137} INFO - [2024-06-12T19:52:59.094+0000] {dag.py:3441} INFO - Setting next_dagrun for example_xcom_args_with_operators to None, run_after=None
[2024-06-12T19:52:59.317+0000] {processor.py:175} INFO - Processing /home/airflow/.local/lib/python3.7/site-packages/airflow/example_dags/example_xcomargs.py took 1.558 seconds
[2024-06-12T19:53:40.175+0000] {processor.py:153} INFO - Started process (PID=907) to work on /home/airflow/.local/lib/python3.7/site-packages/airflow/example_dags/example_xcomargs.py
[2024-06-12T19:53:40.231+0000] {processor.py:743} INFO - Processing file /home/airflow/.local/lib/python3.7/site-packages/airflow/example_dags/example_xcomargs.py for tasks to queue
[2024-06-12T19:53:40.248+0000] {logging_mixin.py:137} INFO - [2024-06-12T19:53:40.247+0000] {dagbag.py:538} INFO - Filling up the DagBag from /home/airflow/.local/lib/python3.7/site-packages/airflow/example_dags/example_xcomargs.py
[2024-06-12T19:53:40.511+0000] {processor.py:753} INFO - DAG(s) dict_keys(['example_xcom_args_with_operators', 'example_xcom_args']) retrieved from /home/airflow/.local/lib/python3.7/site-packages/airflow/example_dags/example_xcomargs.py
[2024-06-12T19:53:40.660+0000] {logging_mixin.py:137} INFO - [2024-06-12T19:53:40.659+0000] {dag.py:2690} INFO - Sync 2 DAGs
[2024-06-12T19:53:41.039+0000] {logging_mixin.py:137} INFO - [2024-06-12T19:53:41.038+0000] {dag.py:3441} INFO - Setting next_dagrun for example_xcom_args to None, run_after=None
[2024-06-12T19:53:41.072+0000] {logging_mixin.py:137} INFO - [2024-06-12T19:53:41.071+0000] {dag.py:3441} INFO - Setting next_dagrun for example_xcom_args_with_operators to None, run_after=None
[2024-06-12T19:53:41.281+0000] {processor.py:175} INFO - Processing /home/airflow/.local/lib/python3.7/site-packages/airflow/example_dags/example_xcomargs.py took 1.126 seconds
[2024-06-12T19:54:16.576+0000] {processor.py:153} INFO - Started process (PID=968) to work on /home/airflow/.local/lib/python3.7/site-packages/airflow/example_dags/example_xcomargs.py
[2024-06-12T19:54:16.592+0000] {processor.py:743} INFO - Processing file /home/airflow/.local/lib/python3.7/site-packages/airflow/example_dags/example_xcomargs.py for tasks to queue
[2024-06-12T19:54:16.630+0000] {logging_mixin.py:137} INFO - [2024-06-12T19:54:16.630+0000] {dagbag.py:538} INFO - Filling up the DagBag from /home/airflow/.local/lib/python3.7/site-packages/airflow/example_dags/example_xcomargs.py
[2024-06-12T19:54:17.033+0000] {processor.py:753} INFO - DAG(s) dict_keys(['example_xcom_args_with_operators', 'example_xcom_args']) retrieved from /home/airflow/.local/lib/python3.7/site-packages/airflow/example_dags/example_xcomargs.py
[2024-06-12T19:54:17.371+0000] {logging_mixin.py:137} INFO - [2024-06-12T19:54:17.370+0000] {dag.py:2690} INFO - Sync 2 DAGs
[2024-06-12T19:54:17.667+0000] {logging_mixin.py:137} INFO - [2024-06-12T19:54:17.667+0000] {dag.py:3441} INFO - Setting next_dagrun for example_xcom_args to None, run_after=None
[2024-06-12T19:54:17.743+0000] {logging_mixin.py:137} INFO - [2024-06-12T19:54:17.742+0000] {dag.py:3441} INFO - Setting next_dagrun for example_xcom_args_with_operators to None, run_after=None
[2024-06-12T19:54:18.020+0000] {processor.py:175} INFO - Processing /home/airflow/.local/lib/python3.7/site-packages/airflow/example_dags/example_xcomargs.py took 1.506 seconds
[2024-06-12T19:55:11.056+0000] {processor.py:153} INFO - Started process (PID=1038) to work on /home/airflow/.local/lib/python3.7/site-packages/airflow/example_dags/example_xcomargs.py
[2024-06-12T19:55:11.088+0000] {processor.py:743} INFO - Processing file /home/airflow/.local/lib/python3.7/site-packages/airflow/example_dags/example_xcomargs.py for tasks to queue
[2024-06-12T19:55:11.139+0000] {logging_mixin.py:137} INFO - [2024-06-12T19:55:11.138+0000] {dagbag.py:538} INFO - Filling up the DagBag from /home/airflow/.local/lib/python3.7/site-packages/airflow/example_dags/example_xcomargs.py
[2024-06-12T19:55:11.866+0000] {processor.py:753} INFO - DAG(s) dict_keys(['example_xcom_args_with_operators', 'example_xcom_args']) retrieved from /home/airflow/.local/lib/python3.7/site-packages/airflow/example_dags/example_xcomargs.py
[2024-06-12T19:55:12.261+0000] {logging_mixin.py:137} INFO - [2024-06-12T19:55:12.259+0000] {dag.py:2690} INFO - Sync 2 DAGs
[2024-06-12T19:55:12.683+0000] {logging_mixin.py:137} INFO - [2024-06-12T19:55:12.683+0000] {dag.py:3441} INFO - Setting next_dagrun for example_xcom_args to None, run_after=None
[2024-06-12T19:55:12.761+0000] {logging_mixin.py:137} INFO - [2024-06-12T19:55:12.741+0000] {dag.py:3441} INFO - Setting next_dagrun for example_xcom_args_with_operators to None, run_after=None
[2024-06-12T19:55:13.129+0000] {processor.py:175} INFO - Processing /home/airflow/.local/lib/python3.7/site-packages/airflow/example_dags/example_xcomargs.py took 2.093 seconds
[2024-06-12T19:56:01.514+0000] {processor.py:153} INFO - Started process (PID=1101) to work on /home/airflow/.local/lib/python3.7/site-packages/airflow/example_dags/example_xcomargs.py
[2024-06-12T19:56:01.516+0000] {processor.py:743} INFO - Processing file /home/airflow/.local/lib/python3.7/site-packages/airflow/example_dags/example_xcomargs.py for tasks to queue
[2024-06-12T19:56:01.518+0000] {logging_mixin.py:137} INFO - [2024-06-12T19:56:01.518+0000] {dagbag.py:538} INFO - Filling up the DagBag from /home/airflow/.local/lib/python3.7/site-packages/airflow/example_dags/example_xcomargs.py
[2024-06-12T19:56:01.701+0000] {processor.py:753} INFO - DAG(s) dict_keys(['example_xcom_args', 'example_xcom_args_with_operators']) retrieved from /home/airflow/.local/lib/python3.7/site-packages/airflow/example_dags/example_xcomargs.py
[2024-06-12T19:56:02.173+0000] {logging_mixin.py:137} INFO - [2024-06-12T19:56:02.173+0000] {dag.py:2690} INFO - Sync 2 DAGs
[2024-06-12T19:56:02.939+0000] {logging_mixin.py:137} INFO - [2024-06-12T19:56:02.937+0000] {dag.py:3441} INFO - Setting next_dagrun for example_xcom_args to None, run_after=None
[2024-06-12T19:56:03.003+0000] {logging_mixin.py:137} INFO - [2024-06-12T19:56:03.002+0000] {dag.py:3441} INFO - Setting next_dagrun for example_xcom_args_with_operators to None, run_after=None
[2024-06-12T19:56:03.384+0000] {processor.py:175} INFO - Processing /home/airflow/.local/lib/python3.7/site-packages/airflow/example_dags/example_xcomargs.py took 1.889 seconds
[2024-06-12T19:56:33.830+0000] {processor.py:153} INFO - Started process (PID=1169) to work on /home/airflow/.local/lib/python3.7/site-packages/airflow/example_dags/example_xcomargs.py
[2024-06-12T19:56:33.844+0000] {processor.py:743} INFO - Processing file /home/airflow/.local/lib/python3.7/site-packages/airflow/example_dags/example_xcomargs.py for tasks to queue
[2024-06-12T19:56:33.878+0000] {logging_mixin.py:137} INFO - [2024-06-12T19:56:33.876+0000] {dagbag.py:538} INFO - Filling up the DagBag from /home/airflow/.local/lib/python3.7/site-packages/airflow/example_dags/example_xcomargs.py
[2024-06-12T19:56:34.111+0000] {processor.py:753} INFO - DAG(s) dict_keys(['example_xcom_args_with_operators', 'example_xcom_args']) retrieved from /home/airflow/.local/lib/python3.7/site-packages/airflow/example_dags/example_xcomargs.py
[2024-06-12T19:56:34.240+0000] {logging_mixin.py:137} INFO - [2024-06-12T19:56:34.240+0000] {dag.py:2690} INFO - Sync 2 DAGs
[2024-06-12T19:56:34.451+0000] {logging_mixin.py:137} INFO - [2024-06-12T19:56:34.451+0000] {dag.py:3441} INFO - Setting next_dagrun for example_xcom_args to None, run_after=None
[2024-06-12T19:56:34.504+0000] {logging_mixin.py:137} INFO - [2024-06-12T19:56:34.504+0000] {dag.py:3441} INFO - Setting next_dagrun for example_xcom_args_with_operators to None, run_after=None
[2024-06-12T19:56:34.915+0000] {processor.py:175} INFO - Processing /home/airflow/.local/lib/python3.7/site-packages/airflow/example_dags/example_xcomargs.py took 1.184 seconds
[2024-06-12T19:57:58.962+0000] {processor.py:153} INFO - Started process (PID=1250) to work on /home/airflow/.local/lib/python3.7/site-packages/airflow/example_dags/example_xcomargs.py
[2024-06-12T19:57:59.070+0000] {processor.py:743} INFO - Processing file /home/airflow/.local/lib/python3.7/site-packages/airflow/example_dags/example_xcomargs.py for tasks to queue
[2024-06-12T19:57:59.152+0000] {logging_mixin.py:137} INFO - [2024-06-12T19:57:59.151+0000] {dagbag.py:538} INFO - Filling up the DagBag from /home/airflow/.local/lib/python3.7/site-packages/airflow/example_dags/example_xcomargs.py
[2024-06-12T19:58:00.342+0000] {processor.py:753} INFO - DAG(s) dict_keys(['example_xcom_args', 'example_xcom_args_with_operators']) retrieved from /home/airflow/.local/lib/python3.7/site-packages/airflow/example_dags/example_xcomargs.py
[2024-06-12T19:58:00.986+0000] {logging_mixin.py:137} INFO - [2024-06-12T19:58:00.986+0000] {dag.py:2690} INFO - Sync 2 DAGs
[2024-06-12T19:58:01.949+0000] {logging_mixin.py:137} INFO - [2024-06-12T19:58:01.949+0000] {dag.py:3441} INFO - Setting next_dagrun for example_xcom_args to None, run_after=None
[2024-06-12T19:58:02.263+0000] {logging_mixin.py:137} INFO - [2024-06-12T19:58:02.263+0000] {dag.py:3441} INFO - Setting next_dagrun for example_xcom_args_with_operators to None, run_after=None
[2024-06-12T19:58:02.912+0000] {processor.py:175} INFO - Processing /home/airflow/.local/lib/python3.7/site-packages/airflow/example_dags/example_xcomargs.py took 4.073 seconds
[2024-06-12T20:02:10.877+0000] {processor.py:153} INFO - Started process (PID=1446) to work on /home/airflow/.local/lib/python3.7/site-packages/airflow/example_dags/example_xcomargs.py
[2024-06-12T20:02:10.892+0000] {processor.py:743} INFO - Processing file /home/airflow/.local/lib/python3.7/site-packages/airflow/example_dags/example_xcomargs.py for tasks to queue
[2024-06-12T20:02:10.909+0000] {logging_mixin.py:137} INFO - [2024-06-12T20:02:10.909+0000] {dagbag.py:538} INFO - Filling up the DagBag from /home/airflow/.local/lib/python3.7/site-packages/airflow/example_dags/example_xcomargs.py
[2024-06-12T20:02:12.821+0000] {processor.py:753} INFO - DAG(s) dict_keys(['example_xcom_args', 'example_xcom_args_with_operators']) retrieved from /home/airflow/.local/lib/python3.7/site-packages/airflow/example_dags/example_xcomargs.py
[2024-06-12T20:02:14.432+0000] {logging_mixin.py:137} INFO - [2024-06-12T20:02:14.431+0000] {dag.py:2690} INFO - Sync 2 DAGs
[2024-06-12T20:02:16.453+0000] {logging_mixin.py:137} INFO - [2024-06-12T20:02:16.452+0000] {dag.py:3441} INFO - Setting next_dagrun for example_xcom_args to None, run_after=None
[2024-06-12T20:02:16.559+0000] {logging_mixin.py:137} INFO - [2024-06-12T20:02:16.558+0000] {dag.py:3441} INFO - Setting next_dagrun for example_xcom_args_with_operators to None, run_after=None
[2024-06-12T20:02:17.890+0000] {processor.py:175} INFO - Processing /home/airflow/.local/lib/python3.7/site-packages/airflow/example_dags/example_xcomargs.py took 7.079 seconds
[2024-06-12T20:07:48.335+0000] {processor.py:153} INFO - Started process (PID=1695) to work on /home/airflow/.local/lib/python3.7/site-packages/airflow/example_dags/example_xcomargs.py
[2024-06-12T20:07:48.431+0000] {processor.py:743} INFO - Processing file /home/airflow/.local/lib/python3.7/site-packages/airflow/example_dags/example_xcomargs.py for tasks to queue
[2024-06-12T20:07:48.608+0000] {logging_mixin.py:137} INFO - [2024-06-12T20:07:48.607+0000] {dagbag.py:538} INFO - Filling up the DagBag from /home/airflow/.local/lib/python3.7/site-packages/airflow/example_dags/example_xcomargs.py
[2024-06-12T20:07:52.481+0000] {processor.py:753} INFO - DAG(s) dict_keys(['example_xcom_args_with_operators', 'example_xcom_args']) retrieved from /home/airflow/.local/lib/python3.7/site-packages/airflow/example_dags/example_xcomargs.py
[2024-06-12T20:07:54.160+0000] {logging_mixin.py:137} INFO - [2024-06-12T20:07:54.159+0000] {dag.py:2690} INFO - Sync 2 DAGs
[2024-06-12T20:07:56.290+0000] {logging_mixin.py:137} INFO - [2024-06-12T20:07:56.134+0000] {dag.py:3441} INFO - Setting next_dagrun for example_xcom_args to None, run_after=None
[2024-06-12T20:07:56.692+0000] {logging_mixin.py:137} INFO - [2024-06-12T20:07:56.692+0000] {dag.py:3441} INFO - Setting next_dagrun for example_xcom_args_with_operators to None, run_after=None
[2024-06-12T20:07:57.802+0000] {processor.py:175} INFO - Processing /home/airflow/.local/lib/python3.7/site-packages/airflow/example_dags/example_xcomargs.py took 10.551 seconds
[2024-06-12T20:11:01.095+0000] {processor.py:153} INFO - Started process (PID=1832) to work on /home/airflow/.local/lib/python3.7/site-packages/airflow/example_dags/example_xcomargs.py
[2024-06-12T20:11:01.184+0000] {processor.py:743} INFO - Processing file /home/airflow/.local/lib/python3.7/site-packages/airflow/example_dags/example_xcomargs.py for tasks to queue
[2024-06-12T20:11:01.242+0000] {logging_mixin.py:137} INFO - [2024-06-12T20:11:01.241+0000] {dagbag.py:538} INFO - Filling up the DagBag from /home/airflow/.local/lib/python3.7/site-packages/airflow/example_dags/example_xcomargs.py
[2024-06-12T20:11:03.078+0000] {processor.py:753} INFO - DAG(s) dict_keys(['example_xcom_args', 'example_xcom_args_with_operators']) retrieved from /home/airflow/.local/lib/python3.7/site-packages/airflow/example_dags/example_xcomargs.py
[2024-06-12T20:11:05.483+0000] {logging_mixin.py:137} INFO - [2024-06-12T20:11:05.483+0000] {dag.py:2690} INFO - Sync 2 DAGs
[2024-06-12T20:11:08.820+0000] {logging_mixin.py:137} INFO - [2024-06-12T20:11:08.819+0000] {dag.py:3441} INFO - Setting next_dagrun for example_xcom_args to None, run_after=None
[2024-06-12T20:11:09.015+0000] {logging_mixin.py:137} INFO - [2024-06-12T20:11:09.015+0000] {dag.py:3441} INFO - Setting next_dagrun for example_xcom_args_with_operators to None, run_after=None
[2024-06-12T20:11:12.549+0000] {processor.py:175} INFO - Processing /home/airflow/.local/lib/python3.7/site-packages/airflow/example_dags/example_xcomargs.py took 11.540 seconds
[2024-06-12T20:13:33.796+0000] {processor.py:153} INFO - Started process (PID=1963) to work on /home/airflow/.local/lib/python3.7/site-packages/airflow/example_dags/example_xcomargs.py
[2024-06-12T20:13:33.816+0000] {processor.py:743} INFO - Processing file /home/airflow/.local/lib/python3.7/site-packages/airflow/example_dags/example_xcomargs.py for tasks to queue
[2024-06-12T20:13:33.890+0000] {logging_mixin.py:137} INFO - [2024-06-12T20:13:33.889+0000] {dagbag.py:538} INFO - Filling up the DagBag from /home/airflow/.local/lib/python3.7/site-packages/airflow/example_dags/example_xcomargs.py
[2024-06-12T20:13:35.009+0000] {processor.py:753} INFO - DAG(s) dict_keys(['example_xcom_args', 'example_xcom_args_with_operators']) retrieved from /home/airflow/.local/lib/python3.7/site-packages/airflow/example_dags/example_xcomargs.py
[2024-06-12T20:13:35.910+0000] {logging_mixin.py:137} INFO - [2024-06-12T20:13:35.909+0000] {dag.py:2690} INFO - Sync 2 DAGs
[2024-06-12T20:13:37.378+0000] {logging_mixin.py:137} INFO - [2024-06-12T20:13:37.378+0000] {dag.py:3441} INFO - Setting next_dagrun for example_xcom_args to None, run_after=None
[2024-06-12T20:13:37.437+0000] {logging_mixin.py:137} INFO - [2024-06-12T20:13:37.437+0000] {dag.py:3441} INFO - Setting next_dagrun for example_xcom_args_with_operators to None, run_after=None
[2024-06-12T20:13:38.114+0000] {processor.py:175} INFO - Processing /home/airflow/.local/lib/python3.7/site-packages/airflow/example_dags/example_xcomargs.py took 4.693 seconds
[2024-06-12T20:15:08.646+0000] {processor.py:153} INFO - Started process (PID=2064) to work on /home/airflow/.local/lib/python3.7/site-packages/airflow/example_dags/example_xcomargs.py
[2024-06-12T20:15:08.661+0000] {processor.py:743} INFO - Processing file /home/airflow/.local/lib/python3.7/site-packages/airflow/example_dags/example_xcomargs.py for tasks to queue
[2024-06-12T20:15:08.678+0000] {logging_mixin.py:137} INFO - [2024-06-12T20:15:08.677+0000] {dagbag.py:538} INFO - Filling up the DagBag from /home/airflow/.local/lib/python3.7/site-packages/airflow/example_dags/example_xcomargs.py
[2024-06-12T20:15:09.361+0000] {processor.py:753} INFO - DAG(s) dict_keys(['example_xcom_args_with_operators', 'example_xcom_args']) retrieved from /home/airflow/.local/lib/python3.7/site-packages/airflow/example_dags/example_xcomargs.py
[2024-06-12T20:15:10.405+0000] {logging_mixin.py:137} INFO - [2024-06-12T20:15:10.373+0000] {dag.py:2690} INFO - Sync 2 DAGs
[2024-06-12T20:15:11.179+0000] {logging_mixin.py:137} INFO - [2024-06-12T20:15:11.179+0000] {dag.py:3441} INFO - Setting next_dagrun for example_xcom_args to None, run_after=None
[2024-06-12T20:15:11.369+0000] {logging_mixin.py:137} INFO - [2024-06-12T20:15:11.368+0000] {dag.py:3441} INFO - Setting next_dagrun for example_xcom_args_with_operators to None, run_after=None
[2024-06-12T20:15:11.940+0000] {processor.py:175} INFO - Processing /home/airflow/.local/lib/python3.7/site-packages/airflow/example_dags/example_xcomargs.py took 3.398 seconds
[2024-06-12T20:16:15.892+0000] {processor.py:153} INFO - Started process (PID=2142) to work on /home/airflow/.local/lib/python3.7/site-packages/airflow/example_dags/example_xcomargs.py
[2024-06-12T20:16:15.903+0000] {processor.py:743} INFO - Processing file /home/airflow/.local/lib/python3.7/site-packages/airflow/example_dags/example_xcomargs.py for tasks to queue
[2024-06-12T20:16:15.905+0000] {logging_mixin.py:137} INFO - [2024-06-12T20:16:15.905+0000] {dagbag.py:538} INFO - Filling up the DagBag from /home/airflow/.local/lib/python3.7/site-packages/airflow/example_dags/example_xcomargs.py
[2024-06-12T20:16:16.059+0000] {processor.py:753} INFO - DAG(s) dict_keys(['example_xcom_args', 'example_xcom_args_with_operators']) retrieved from /home/airflow/.local/lib/python3.7/site-packages/airflow/example_dags/example_xcomargs.py
[2024-06-12T20:16:16.204+0000] {logging_mixin.py:137} INFO - [2024-06-12T20:16:16.204+0000] {dag.py:2690} INFO - Sync 2 DAGs
[2024-06-12T20:16:16.483+0000] {logging_mixin.py:137} INFO - [2024-06-12T20:16:16.483+0000] {dag.py:3441} INFO - Setting next_dagrun for example_xcom_args to None, run_after=None
[2024-06-12T20:16:16.553+0000] {logging_mixin.py:137} INFO - [2024-06-12T20:16:16.538+0000] {dag.py:3441} INFO - Setting next_dagrun for example_xcom_args_with_operators to None, run_after=None
[2024-06-12T20:16:16.667+0000] {processor.py:175} INFO - Processing /home/airflow/.local/lib/python3.7/site-packages/airflow/example_dags/example_xcomargs.py took 0.792 seconds
[2024-06-12T20:17:05.388+0000] {processor.py:153} INFO - Started process (PID=2208) to work on /home/airflow/.local/lib/python3.7/site-packages/airflow/example_dags/example_xcomargs.py
[2024-06-12T20:17:05.409+0000] {processor.py:743} INFO - Processing file /home/airflow/.local/lib/python3.7/site-packages/airflow/example_dags/example_xcomargs.py for tasks to queue
[2024-06-12T20:17:05.432+0000] {logging_mixin.py:137} INFO - [2024-06-12T20:17:05.432+0000] {dagbag.py:538} INFO - Filling up the DagBag from /home/airflow/.local/lib/python3.7/site-packages/airflow/example_dags/example_xcomargs.py
[2024-06-12T20:17:05.906+0000] {processor.py:753} INFO - DAG(s) dict_keys(['example_xcom_args', 'example_xcom_args_with_operators']) retrieved from /home/airflow/.local/lib/python3.7/site-packages/airflow/example_dags/example_xcomargs.py
[2024-06-12T20:17:06.732+0000] {logging_mixin.py:137} INFO - [2024-06-12T20:17:06.731+0000] {dag.py:2690} INFO - Sync 2 DAGs
[2024-06-12T20:17:07.692+0000] {logging_mixin.py:137} INFO - [2024-06-12T20:17:07.691+0000] {dag.py:3441} INFO - Setting next_dagrun for example_xcom_args to None, run_after=None
[2024-06-12T20:17:07.761+0000] {logging_mixin.py:137} INFO - [2024-06-12T20:17:07.760+0000] {dag.py:3441} INFO - Setting next_dagrun for example_xcom_args_with_operators to None, run_after=None
[2024-06-12T20:17:08.469+0000] {processor.py:175} INFO - Processing /home/airflow/.local/lib/python3.7/site-packages/airflow/example_dags/example_xcomargs.py took 3.191 seconds
[2024-06-12T20:18:52.943+0000] {processor.py:153} INFO - Started process (PID=2306) to work on /home/airflow/.local/lib/python3.7/site-packages/airflow/example_dags/example_xcomargs.py
[2024-06-12T20:18:52.957+0000] {processor.py:743} INFO - Processing file /home/airflow/.local/lib/python3.7/site-packages/airflow/example_dags/example_xcomargs.py for tasks to queue
[2024-06-12T20:18:52.995+0000] {logging_mixin.py:137} INFO - [2024-06-12T20:18:52.968+0000] {dagbag.py:538} INFO - Filling up the DagBag from /home/airflow/.local/lib/python3.7/site-packages/airflow/example_dags/example_xcomargs.py
[2024-06-12T20:18:53.869+0000] {processor.py:753} INFO - DAG(s) dict_keys(['example_xcom_args_with_operators', 'example_xcom_args']) retrieved from /home/airflow/.local/lib/python3.7/site-packages/airflow/example_dags/example_xcomargs.py
[2024-06-12T20:18:54.971+0000] {logging_mixin.py:137} INFO - [2024-06-12T20:18:54.970+0000] {dag.py:2690} INFO - Sync 2 DAGs
[2024-06-12T20:18:56.515+0000] {logging_mixin.py:137} INFO - [2024-06-12T20:18:56.515+0000] {dag.py:3441} INFO - Setting next_dagrun for example_xcom_args to None, run_after=None
[2024-06-12T20:18:56.667+0000] {logging_mixin.py:137} INFO - [2024-06-12T20:18:56.666+0000] {dag.py:3441} INFO - Setting next_dagrun for example_xcom_args_with_operators to None, run_after=None
[2024-06-12T20:18:57.454+0000] {processor.py:175} INFO - Processing /home/airflow/.local/lib/python3.7/site-packages/airflow/example_dags/example_xcomargs.py took 4.605 seconds
[2024-06-12T20:20:46.828+0000] {processor.py:153} INFO - Started process (PID=2424) to work on /home/airflow/.local/lib/python3.7/site-packages/airflow/example_dags/example_xcomargs.py
[2024-06-12T20:20:46.848+0000] {processor.py:743} INFO - Processing file /home/airflow/.local/lib/python3.7/site-packages/airflow/example_dags/example_xcomargs.py for tasks to queue
[2024-06-12T20:20:46.952+0000] {logging_mixin.py:137} INFO - [2024-06-12T20:20:46.909+0000] {dagbag.py:538} INFO - Filling up the DagBag from /home/airflow/.local/lib/python3.7/site-packages/airflow/example_dags/example_xcomargs.py
[2024-06-12T20:20:48.397+0000] {processor.py:753} INFO - DAG(s) dict_keys(['example_xcom_args_with_operators', 'example_xcom_args']) retrieved from /home/airflow/.local/lib/python3.7/site-packages/airflow/example_dags/example_xcomargs.py
[2024-06-12T20:20:49.759+0000] {logging_mixin.py:137} INFO - [2024-06-12T20:20:49.759+0000] {dag.py:2690} INFO - Sync 2 DAGs
[2024-06-12T20:20:51.727+0000] {logging_mixin.py:137} INFO - [2024-06-12T20:20:51.726+0000] {dag.py:3441} INFO - Setting next_dagrun for example_xcom_args to None, run_after=None
[2024-06-12T20:20:52.003+0000] {logging_mixin.py:137} INFO - [2024-06-12T20:20:52.003+0000] {dag.py:3441} INFO - Setting next_dagrun for example_xcom_args_with_operators to None, run_after=None
[2024-06-12T20:20:53.040+0000] {processor.py:175} INFO - Processing /home/airflow/.local/lib/python3.7/site-packages/airflow/example_dags/example_xcomargs.py took 6.234 seconds
[2024-06-12T20:22:49.878+0000] {processor.py:153} INFO - Started process (PID=2548) to work on /home/airflow/.local/lib/python3.7/site-packages/airflow/example_dags/example_xcomargs.py
[2024-06-12T20:22:49.941+0000] {processor.py:743} INFO - Processing file /home/airflow/.local/lib/python3.7/site-packages/airflow/example_dags/example_xcomargs.py for tasks to queue
[2024-06-12T20:22:49.971+0000] {logging_mixin.py:137} INFO - [2024-06-12T20:22:49.970+0000] {dagbag.py:538} INFO - Filling up the DagBag from /home/airflow/.local/lib/python3.7/site-packages/airflow/example_dags/example_xcomargs.py
[2024-06-12T20:22:50.537+0000] {processor.py:753} INFO - DAG(s) dict_keys(['example_xcom_args_with_operators', 'example_xcom_args']) retrieved from /home/airflow/.local/lib/python3.7/site-packages/airflow/example_dags/example_xcomargs.py
[2024-06-12T20:22:51.633+0000] {logging_mixin.py:137} INFO - [2024-06-12T20:22:51.632+0000] {dag.py:2690} INFO - Sync 2 DAGs
[2024-06-12T20:22:52.741+0000] {logging_mixin.py:137} INFO - [2024-06-12T20:22:52.740+0000] {dag.py:3441} INFO - Setting next_dagrun for example_xcom_args to None, run_after=None
[2024-06-12T20:22:53.176+0000] {logging_mixin.py:137} INFO - [2024-06-12T20:22:53.176+0000] {dag.py:3441} INFO - Setting next_dagrun for example_xcom_args_with_operators to None, run_after=None
[2024-06-12T20:22:54.067+0000] {processor.py:175} INFO - Processing /home/airflow/.local/lib/python3.7/site-packages/airflow/example_dags/example_xcomargs.py took 4.413 seconds
[2024-06-12T20:25:08.011+0000] {processor.py:153} INFO - Started process (PID=2680) to work on /home/airflow/.local/lib/python3.7/site-packages/airflow/example_dags/example_xcomargs.py
[2024-06-12T20:25:08.024+0000] {processor.py:743} INFO - Processing file /home/airflow/.local/lib/python3.7/site-packages/airflow/example_dags/example_xcomargs.py for tasks to queue
[2024-06-12T20:25:08.057+0000] {logging_mixin.py:137} INFO - [2024-06-12T20:25:08.056+0000] {dagbag.py:538} INFO - Filling up the DagBag from /home/airflow/.local/lib/python3.7/site-packages/airflow/example_dags/example_xcomargs.py
[2024-06-12T20:25:08.933+0000] {processor.py:753} INFO - DAG(s) dict_keys(['example_xcom_args', 'example_xcom_args_with_operators']) retrieved from /home/airflow/.local/lib/python3.7/site-packages/airflow/example_dags/example_xcomargs.py
[2024-06-12T20:25:09.677+0000] {logging_mixin.py:137} INFO - [2024-06-12T20:25:09.676+0000] {dag.py:2690} INFO - Sync 2 DAGs
[2024-06-12T20:25:10.380+0000] {logging_mixin.py:137} INFO - [2024-06-12T20:25:10.380+0000] {dag.py:3441} INFO - Setting next_dagrun for example_xcom_args to None, run_after=None
[2024-06-12T20:25:10.538+0000] {logging_mixin.py:137} INFO - [2024-06-12T20:25:10.537+0000] {dag.py:3441} INFO - Setting next_dagrun for example_xcom_args_with_operators to None, run_after=None
[2024-06-12T20:25:11.159+0000] {processor.py:175} INFO - Processing /home/airflow/.local/lib/python3.7/site-packages/airflow/example_dags/example_xcomargs.py took 3.176 seconds
[2024-06-12T20:26:59.607+0000] {processor.py:153} INFO - Started process (PID=2788) to work on /home/airflow/.local/lib/python3.7/site-packages/airflow/example_dags/example_xcomargs.py
[2024-06-12T20:26:59.731+0000] {processor.py:743} INFO - Processing file /home/airflow/.local/lib/python3.7/site-packages/airflow/example_dags/example_xcomargs.py for tasks to queue
[2024-06-12T20:26:59.830+0000] {logging_mixin.py:137} INFO - [2024-06-12T20:26:59.829+0000] {dagbag.py:538} INFO - Filling up the DagBag from /home/airflow/.local/lib/python3.7/site-packages/airflow/example_dags/example_xcomargs.py
[2024-06-12T20:27:01.265+0000] {processor.py:753} INFO - DAG(s) dict_keys(['example_xcom_args', 'example_xcom_args_with_operators']) retrieved from /home/airflow/.local/lib/python3.7/site-packages/airflow/example_dags/example_xcomargs.py
[2024-06-12T20:27:03.375+0000] {logging_mixin.py:137} INFO - [2024-06-12T20:27:03.375+0000] {dag.py:2690} INFO - Sync 2 DAGs
[2024-06-12T20:27:04.807+0000] {logging_mixin.py:137} INFO - [2024-06-12T20:27:04.802+0000] {dag.py:3441} INFO - Setting next_dagrun for example_xcom_args to None, run_after=None
[2024-06-12T20:27:04.907+0000] {logging_mixin.py:137} INFO - [2024-06-12T20:27:04.906+0000] {dag.py:3441} INFO - Setting next_dagrun for example_xcom_args_with_operators to None, run_after=None
[2024-06-12T20:27:05.425+0000] {processor.py:175} INFO - Processing /home/airflow/.local/lib/python3.7/site-packages/airflow/example_dags/example_xcomargs.py took 5.877 seconds
[2024-06-12T20:28:29.441+0000] {processor.py:153} INFO - Started process (PID=2887) to work on /home/airflow/.local/lib/python3.7/site-packages/airflow/example_dags/example_xcomargs.py
[2024-06-12T20:28:29.453+0000] {processor.py:743} INFO - Processing file /home/airflow/.local/lib/python3.7/site-packages/airflow/example_dags/example_xcomargs.py for tasks to queue
[2024-06-12T20:28:29.471+0000] {logging_mixin.py:137} INFO - [2024-06-12T20:28:29.471+0000] {dagbag.py:538} INFO - Filling up the DagBag from /home/airflow/.local/lib/python3.7/site-packages/airflow/example_dags/example_xcomargs.py
[2024-06-12T20:28:30.501+0000] {processor.py:753} INFO - DAG(s) dict_keys(['example_xcom_args_with_operators', 'example_xcom_args']) retrieved from /home/airflow/.local/lib/python3.7/site-packages/airflow/example_dags/example_xcomargs.py
[2024-06-12T20:28:31.405+0000] {logging_mixin.py:137} INFO - [2024-06-12T20:28:31.405+0000] {dag.py:2690} INFO - Sync 2 DAGs
[2024-06-12T20:28:32.148+0000] {logging_mixin.py:137} INFO - [2024-06-12T20:28:32.148+0000] {dag.py:3441} INFO - Setting next_dagrun for example_xcom_args to None, run_after=None
[2024-06-12T20:28:32.288+0000] {logging_mixin.py:137} INFO - [2024-06-12T20:28:32.287+0000] {dag.py:3441} INFO - Setting next_dagrun for example_xcom_args_with_operators to None, run_after=None
[2024-06-12T20:28:32.990+0000] {processor.py:175} INFO - Processing /home/airflow/.local/lib/python3.7/site-packages/airflow/example_dags/example_xcomargs.py took 3.648 seconds
[2024-06-12T20:29:45.382+0000] {processor.py:153} INFO - Started process (PID=2970) to work on /home/airflow/.local/lib/python3.7/site-packages/airflow/example_dags/example_xcomargs.py
[2024-06-12T20:29:45.385+0000] {processor.py:743} INFO - Processing file /home/airflow/.local/lib/python3.7/site-packages/airflow/example_dags/example_xcomargs.py for tasks to queue
[2024-06-12T20:29:45.399+0000] {logging_mixin.py:137} INFO - [2024-06-12T20:29:45.399+0000] {dagbag.py:538} INFO - Filling up the DagBag from /home/airflow/.local/lib/python3.7/site-packages/airflow/example_dags/example_xcomargs.py
[2024-06-12T20:29:46.161+0000] {processor.py:753} INFO - DAG(s) dict_keys(['example_xcom_args', 'example_xcom_args_with_operators']) retrieved from /home/airflow/.local/lib/python3.7/site-packages/airflow/example_dags/example_xcomargs.py
[2024-06-12T20:29:46.779+0000] {logging_mixin.py:137} INFO - [2024-06-12T20:29:46.779+0000] {dag.py:2690} INFO - Sync 2 DAGs
[2024-06-12T20:29:47.422+0000] {logging_mixin.py:137} INFO - [2024-06-12T20:29:47.421+0000] {dag.py:3441} INFO - Setting next_dagrun for example_xcom_args to None, run_after=None
[2024-06-12T20:29:47.472+0000] {logging_mixin.py:137} INFO - [2024-06-12T20:29:47.471+0000] {dag.py:3441} INFO - Setting next_dagrun for example_xcom_args_with_operators to None, run_after=None
[2024-06-12T20:29:48.383+0000] {processor.py:175} INFO - Processing /home/airflow/.local/lib/python3.7/site-packages/airflow/example_dags/example_xcomargs.py took 3.046 seconds
[2024-06-12T20:30:50.465+0000] {processor.py:153} INFO - Started process (PID=3044) to work on /home/airflow/.local/lib/python3.7/site-packages/airflow/example_dags/example_xcomargs.py
[2024-06-12T20:30:50.496+0000] {processor.py:743} INFO - Processing file /home/airflow/.local/lib/python3.7/site-packages/airflow/example_dags/example_xcomargs.py for tasks to queue
[2024-06-12T20:30:50.529+0000] {logging_mixin.py:137} INFO - [2024-06-12T20:30:50.529+0000] {dagbag.py:538} INFO - Filling up the DagBag from /home/airflow/.local/lib/python3.7/site-packages/airflow/example_dags/example_xcomargs.py
[2024-06-12T20:30:51.159+0000] {processor.py:753} INFO - DAG(s) dict_keys(['example_xcom_args', 'example_xcom_args_with_operators']) retrieved from /home/airflow/.local/lib/python3.7/site-packages/airflow/example_dags/example_xcomargs.py
[2024-06-12T20:30:52.145+0000] {logging_mixin.py:137} INFO - [2024-06-12T20:30:52.144+0000] {dag.py:2690} INFO - Sync 2 DAGs
[2024-06-12T20:30:53.104+0000] {logging_mixin.py:137} INFO - [2024-06-12T20:30:53.103+0000] {dag.py:3441} INFO - Setting next_dagrun for example_xcom_args to None, run_after=None
[2024-06-12T20:30:53.238+0000] {logging_mixin.py:137} INFO - [2024-06-12T20:30:53.237+0000] {dag.py:3441} INFO - Setting next_dagrun for example_xcom_args_with_operators to None, run_after=None
[2024-06-12T20:30:54.117+0000] {processor.py:175} INFO - Processing /home/airflow/.local/lib/python3.7/site-packages/airflow/example_dags/example_xcomargs.py took 3.896 seconds
[2024-06-12T20:32:07.728+0000] {processor.py:153} INFO - Started process (PID=3133) to work on /home/airflow/.local/lib/python3.7/site-packages/airflow/example_dags/example_xcomargs.py
[2024-06-12T20:32:07.739+0000] {processor.py:743} INFO - Processing file /home/airflow/.local/lib/python3.7/site-packages/airflow/example_dags/example_xcomargs.py for tasks to queue
[2024-06-12T20:32:07.757+0000] {logging_mixin.py:137} INFO - [2024-06-12T20:32:07.756+0000] {dagbag.py:538} INFO - Filling up the DagBag from /home/airflow/.local/lib/python3.7/site-packages/airflow/example_dags/example_xcomargs.py
[2024-06-12T20:32:08.239+0000] {processor.py:753} INFO - DAG(s) dict_keys(['example_xcom_args', 'example_xcom_args_with_operators']) retrieved from /home/airflow/.local/lib/python3.7/site-packages/airflow/example_dags/example_xcomargs.py
[2024-06-12T20:32:09.367+0000] {logging_mixin.py:137} INFO - [2024-06-12T20:32:09.367+0000] {dag.py:2690} INFO - Sync 2 DAGs
[2024-06-12T20:32:10.204+0000] {logging_mixin.py:137} INFO - [2024-06-12T20:32:10.203+0000] {dag.py:3441} INFO - Setting next_dagrun for example_xcom_args to None, run_after=None
[2024-06-12T20:32:10.405+0000] {logging_mixin.py:137} INFO - [2024-06-12T20:32:10.405+0000] {dag.py:3441} INFO - Setting next_dagrun for example_xcom_args_with_operators to None, run_after=None
[2024-06-12T20:32:11.013+0000] {processor.py:175} INFO - Processing /home/airflow/.local/lib/python3.7/site-packages/airflow/example_dags/example_xcomargs.py took 3.419 seconds
[2024-06-12T20:33:53.065+0000] {processor.py:153} INFO - Started process (PID=3238) to work on /home/airflow/.local/lib/python3.7/site-packages/airflow/example_dags/example_xcomargs.py
[2024-06-12T20:33:53.112+0000] {processor.py:743} INFO - Processing file /home/airflow/.local/lib/python3.7/site-packages/airflow/example_dags/example_xcomargs.py for tasks to queue
[2024-06-12T20:33:53.128+0000] {logging_mixin.py:137} INFO - [2024-06-12T20:33:53.128+0000] {dagbag.py:538} INFO - Filling up the DagBag from /home/airflow/.local/lib/python3.7/site-packages/airflow/example_dags/example_xcomargs.py
[2024-06-12T20:33:53.947+0000] {processor.py:753} INFO - DAG(s) dict_keys(['example_xcom_args_with_operators', 'example_xcom_args']) retrieved from /home/airflow/.local/lib/python3.7/site-packages/airflow/example_dags/example_xcomargs.py
[2024-06-12T20:33:55.402+0000] {logging_mixin.py:137} INFO - [2024-06-12T20:33:55.401+0000] {dag.py:2690} INFO - Sync 2 DAGs
[2024-06-12T20:33:56.706+0000] {logging_mixin.py:137} INFO - [2024-06-12T20:33:56.706+0000] {dag.py:3441} INFO - Setting next_dagrun for example_xcom_args to None, run_after=None
[2024-06-12T20:33:56.797+0000] {logging_mixin.py:137} INFO - [2024-06-12T20:33:56.797+0000] {dag.py:3441} INFO - Setting next_dagrun for example_xcom_args_with_operators to None, run_after=None
[2024-06-12T20:33:57.647+0000] {processor.py:175} INFO - Processing /home/airflow/.local/lib/python3.7/site-packages/airflow/example_dags/example_xcomargs.py took 4.648 seconds
[2024-06-12T20:36:19.524+0000] {processor.py:153} INFO - Started process (PID=3368) to work on /home/airflow/.local/lib/python3.7/site-packages/airflow/example_dags/example_xcomargs.py
[2024-06-12T20:36:19.587+0000] {processor.py:743} INFO - Processing file /home/airflow/.local/lib/python3.7/site-packages/airflow/example_dags/example_xcomargs.py for tasks to queue
[2024-06-12T20:36:19.625+0000] {logging_mixin.py:137} INFO - [2024-06-12T20:36:19.625+0000] {dagbag.py:538} INFO - Filling up the DagBag from /home/airflow/.local/lib/python3.7/site-packages/airflow/example_dags/example_xcomargs.py
[2024-06-12T20:36:20.496+0000] {processor.py:753} INFO - DAG(s) dict_keys(['example_xcom_args_with_operators', 'example_xcom_args']) retrieved from /home/airflow/.local/lib/python3.7/site-packages/airflow/example_dags/example_xcomargs.py
[2024-06-12T20:36:21.629+0000] {logging_mixin.py:137} INFO - [2024-06-12T20:36:21.629+0000] {dag.py:2690} INFO - Sync 2 DAGs
[2024-06-12T20:36:23.202+0000] {logging_mixin.py:137} INFO - [2024-06-12T20:36:23.202+0000] {dag.py:3441} INFO - Setting next_dagrun for example_xcom_args to None, run_after=None
[2024-06-12T20:36:23.321+0000] {logging_mixin.py:137} INFO - [2024-06-12T20:36:23.320+0000] {dag.py:3441} INFO - Setting next_dagrun for example_xcom_args_with_operators to None, run_after=None
[2024-06-12T20:36:24.421+0000] {processor.py:175} INFO - Processing /home/airflow/.local/lib/python3.7/site-packages/airflow/example_dags/example_xcomargs.py took 5.035 seconds
[2024-06-12T20:38:40.644+0000] {processor.py:153} INFO - Started process (PID=3503) to work on /home/airflow/.local/lib/python3.7/site-packages/airflow/example_dags/example_xcomargs.py
[2024-06-12T20:38:40.655+0000] {processor.py:743} INFO - Processing file /home/airflow/.local/lib/python3.7/site-packages/airflow/example_dags/example_xcomargs.py for tasks to queue
[2024-06-12T20:38:40.678+0000] {logging_mixin.py:137} INFO - [2024-06-12T20:38:40.677+0000] {dagbag.py:538} INFO - Filling up the DagBag from /home/airflow/.local/lib/python3.7/site-packages/airflow/example_dags/example_xcomargs.py
[2024-06-12T20:38:41.335+0000] {processor.py:753} INFO - DAG(s) dict_keys(['example_xcom_args_with_operators', 'example_xcom_args']) retrieved from /home/airflow/.local/lib/python3.7/site-packages/airflow/example_dags/example_xcomargs.py
[2024-06-12T20:38:42.001+0000] {logging_mixin.py:137} INFO - [2024-06-12T20:38:42.000+0000] {dag.py:2690} INFO - Sync 2 DAGs
[2024-06-12T20:38:42.704+0000] {logging_mixin.py:137} INFO - [2024-06-12T20:38:42.703+0000] {dag.py:3441} INFO - Setting next_dagrun for example_xcom_args to None, run_after=None
[2024-06-12T20:38:42.767+0000] {logging_mixin.py:137} INFO - [2024-06-12T20:38:42.766+0000] {dag.py:3441} INFO - Setting next_dagrun for example_xcom_args_with_operators to None, run_after=None
[2024-06-12T20:38:43.253+0000] {processor.py:175} INFO - Processing /home/airflow/.local/lib/python3.7/site-packages/airflow/example_dags/example_xcomargs.py took 2.626 seconds
[2024-06-12T20:39:36.327+0000] {processor.py:153} INFO - Started process (PID=3578) to work on /home/airflow/.local/lib/python3.7/site-packages/airflow/example_dags/example_xcomargs.py
[2024-06-12T20:39:36.407+0000] {processor.py:743} INFO - Processing file /home/airflow/.local/lib/python3.7/site-packages/airflow/example_dags/example_xcomargs.py for tasks to queue
[2024-06-12T20:39:36.441+0000] {logging_mixin.py:137} INFO - [2024-06-12T20:39:36.440+0000] {dagbag.py:538} INFO - Filling up the DagBag from /home/airflow/.local/lib/python3.7/site-packages/airflow/example_dags/example_xcomargs.py
[2024-06-12T20:39:37.083+0000] {processor.py:753} INFO - DAG(s) dict_keys(['example_xcom_args_with_operators', 'example_xcom_args']) retrieved from /home/airflow/.local/lib/python3.7/site-packages/airflow/example_dags/example_xcomargs.py
[2024-06-12T20:39:37.595+0000] {logging_mixin.py:137} INFO - [2024-06-12T20:39:37.594+0000] {dag.py:2690} INFO - Sync 2 DAGs
[2024-06-12T20:39:38.205+0000] {logging_mixin.py:137} INFO - [2024-06-12T20:39:38.205+0000] {dag.py:3441} INFO - Setting next_dagrun for example_xcom_args to None, run_after=None
[2024-06-12T20:39:38.367+0000] {logging_mixin.py:137} INFO - [2024-06-12T20:39:38.367+0000] {dag.py:3441} INFO - Setting next_dagrun for example_xcom_args_with_operators to None, run_after=None
[2024-06-12T20:39:38.960+0000] {processor.py:175} INFO - Processing /home/airflow/.local/lib/python3.7/site-packages/airflow/example_dags/example_xcomargs.py took 2.693 seconds
[2024-06-12T20:40:38.650+0000] {processor.py:153} INFO - Started process (PID=3647) to work on /home/airflow/.local/lib/python3.7/site-packages/airflow/example_dags/example_xcomargs.py
[2024-06-12T20:40:38.710+0000] {processor.py:743} INFO - Processing file /home/airflow/.local/lib/python3.7/site-packages/airflow/example_dags/example_xcomargs.py for tasks to queue
[2024-06-12T20:40:38.727+0000] {logging_mixin.py:137} INFO - [2024-06-12T20:40:38.726+0000] {dagbag.py:538} INFO - Filling up the DagBag from /home/airflow/.local/lib/python3.7/site-packages/airflow/example_dags/example_xcomargs.py
[2024-06-12T20:40:39.426+0000] {processor.py:753} INFO - DAG(s) dict_keys(['example_xcom_args_with_operators', 'example_xcom_args']) retrieved from /home/airflow/.local/lib/python3.7/site-packages/airflow/example_dags/example_xcomargs.py
[2024-06-12T20:40:40.171+0000] {logging_mixin.py:137} INFO - [2024-06-12T20:40:40.171+0000] {dag.py:2690} INFO - Sync 2 DAGs
[2024-06-12T20:40:40.876+0000] {logging_mixin.py:137} INFO - [2024-06-12T20:40:40.865+0000] {dag.py:3441} INFO - Setting next_dagrun for example_xcom_args to None, run_after=None
[2024-06-12T20:40:40.994+0000] {logging_mixin.py:137} INFO - [2024-06-12T20:40:40.994+0000] {dag.py:3441} INFO - Setting next_dagrun for example_xcom_args_with_operators to None, run_after=None
[2024-06-12T20:40:41.589+0000] {processor.py:175} INFO - Processing /home/airflow/.local/lib/python3.7/site-packages/airflow/example_dags/example_xcomargs.py took 2.987 seconds
[2024-06-12T20:41:44.920+0000] {processor.py:153} INFO - Started process (PID=3722) to work on /home/airflow/.local/lib/python3.7/site-packages/airflow/example_dags/example_xcomargs.py
[2024-06-12T20:41:44.957+0000] {processor.py:743} INFO - Processing file /home/airflow/.local/lib/python3.7/site-packages/airflow/example_dags/example_xcomargs.py for tasks to queue
[2024-06-12T20:41:44.973+0000] {logging_mixin.py:137} INFO - [2024-06-12T20:41:44.973+0000] {dagbag.py:538} INFO - Filling up the DagBag from /home/airflow/.local/lib/python3.7/site-packages/airflow/example_dags/example_xcomargs.py
[2024-06-12T20:41:45.402+0000] {processor.py:753} INFO - DAG(s) dict_keys(['example_xcom_args_with_operators', 'example_xcom_args']) retrieved from /home/airflow/.local/lib/python3.7/site-packages/airflow/example_dags/example_xcomargs.py
[2024-06-12T20:41:46.024+0000] {logging_mixin.py:137} INFO - [2024-06-12T20:41:46.024+0000] {dag.py:2690} INFO - Sync 2 DAGs
[2024-06-12T20:41:46.621+0000] {logging_mixin.py:137} INFO - [2024-06-12T20:41:46.621+0000] {dag.py:3441} INFO - Setting next_dagrun for example_xcom_args to None, run_after=None
[2024-06-12T20:41:46.718+0000] {logging_mixin.py:137} INFO - [2024-06-12T20:41:46.718+0000] {dag.py:3441} INFO - Setting next_dagrun for example_xcom_args_with_operators to None, run_after=None
[2024-06-12T20:41:47.114+0000] {processor.py:175} INFO - Processing /home/airflow/.local/lib/python3.7/site-packages/airflow/example_dags/example_xcomargs.py took 2.219 seconds
[2024-06-12T20:43:04.693+0000] {processor.py:153} INFO - Started process (PID=3815) to work on /home/airflow/.local/lib/python3.7/site-packages/airflow/example_dags/example_xcomargs.py
[2024-06-12T20:43:04.707+0000] {processor.py:743} INFO - Processing file /home/airflow/.local/lib/python3.7/site-packages/airflow/example_dags/example_xcomargs.py for tasks to queue
[2024-06-12T20:43:04.739+0000] {logging_mixin.py:137} INFO - [2024-06-12T20:43:04.739+0000] {dagbag.py:538} INFO - Filling up the DagBag from /home/airflow/.local/lib/python3.7/site-packages/airflow/example_dags/example_xcomargs.py
[2024-06-12T20:43:05.171+0000] {processor.py:753} INFO - DAG(s) dict_keys(['example_xcom_args_with_operators', 'example_xcom_args']) retrieved from /home/airflow/.local/lib/python3.7/site-packages/airflow/example_dags/example_xcomargs.py
[2024-06-12T20:43:05.651+0000] {logging_mixin.py:137} INFO - [2024-06-12T20:43:05.651+0000] {dag.py:2690} INFO - Sync 2 DAGs
[2024-06-12T20:43:06.542+0000] {logging_mixin.py:137} INFO - [2024-06-12T20:43:06.542+0000] {dag.py:3441} INFO - Setting next_dagrun for example_xcom_args to None, run_after=None
[2024-06-12T20:43:06.599+0000] {logging_mixin.py:137} INFO - [2024-06-12T20:43:06.599+0000] {dag.py:3441} INFO - Setting next_dagrun for example_xcom_args_with_operators to None, run_after=None
[2024-06-12T20:43:06.843+0000] {processor.py:175} INFO - Processing /home/airflow/.local/lib/python3.7/site-packages/airflow/example_dags/example_xcomargs.py took 2.221 seconds
[2024-06-12T20:44:24.444+0000] {processor.py:153} INFO - Started process (PID=3902) to work on /home/airflow/.local/lib/python3.7/site-packages/airflow/example_dags/example_xcomargs.py
[2024-06-12T20:44:24.475+0000] {processor.py:743} INFO - Processing file /home/airflow/.local/lib/python3.7/site-packages/airflow/example_dags/example_xcomargs.py for tasks to queue
[2024-06-12T20:44:24.492+0000] {logging_mixin.py:137} INFO - [2024-06-12T20:44:24.491+0000] {dagbag.py:538} INFO - Filling up the DagBag from /home/airflow/.local/lib/python3.7/site-packages/airflow/example_dags/example_xcomargs.py
[2024-06-12T20:44:25.097+0000] {processor.py:753} INFO - DAG(s) dict_keys(['example_xcom_args_with_operators', 'example_xcom_args']) retrieved from /home/airflow/.local/lib/python3.7/site-packages/airflow/example_dags/example_xcomargs.py
[2024-06-12T20:44:25.619+0000] {logging_mixin.py:137} INFO - [2024-06-12T20:44:25.619+0000] {dag.py:2690} INFO - Sync 2 DAGs
[2024-06-12T20:44:26.336+0000] {logging_mixin.py:137} INFO - [2024-06-12T20:44:26.336+0000] {dag.py:3441} INFO - Setting next_dagrun for example_xcom_args to None, run_after=None
[2024-06-12T20:44:26.551+0000] {logging_mixin.py:137} INFO - [2024-06-12T20:44:26.551+0000] {dag.py:3441} INFO - Setting next_dagrun for example_xcom_args_with_operators to None, run_after=None
[2024-06-12T20:44:27.134+0000] {processor.py:175} INFO - Processing /home/airflow/.local/lib/python3.7/site-packages/airflow/example_dags/example_xcomargs.py took 2.802 seconds
[2024-06-12T20:45:22.025+0000] {processor.py:153} INFO - Started process (PID=3971) to work on /home/airflow/.local/lib/python3.7/site-packages/airflow/example_dags/example_xcomargs.py
[2024-06-12T20:45:22.034+0000] {processor.py:743} INFO - Processing file /home/airflow/.local/lib/python3.7/site-packages/airflow/example_dags/example_xcomargs.py for tasks to queue
[2024-06-12T20:45:22.040+0000] {logging_mixin.py:137} INFO - [2024-06-12T20:45:22.040+0000] {dagbag.py:538} INFO - Filling up the DagBag from /home/airflow/.local/lib/python3.7/site-packages/airflow/example_dags/example_xcomargs.py
[2024-06-12T20:45:22.754+0000] {processor.py:753} INFO - DAG(s) dict_keys(['example_xcom_args_with_operators', 'example_xcom_args']) retrieved from /home/airflow/.local/lib/python3.7/site-packages/airflow/example_dags/example_xcomargs.py
[2024-06-12T20:45:23.524+0000] {logging_mixin.py:137} INFO - [2024-06-12T20:45:23.524+0000] {dag.py:2690} INFO - Sync 2 DAGs
[2024-06-12T20:45:24.112+0000] {logging_mixin.py:137} INFO - [2024-06-12T20:45:24.112+0000] {dag.py:3441} INFO - Setting next_dagrun for example_xcom_args to None, run_after=None
[2024-06-12T20:45:24.169+0000] {logging_mixin.py:137} INFO - [2024-06-12T20:45:24.169+0000] {dag.py:3441} INFO - Setting next_dagrun for example_xcom_args_with_operators to None, run_after=None
[2024-06-12T20:45:24.759+0000] {processor.py:175} INFO - Processing /home/airflow/.local/lib/python3.7/site-packages/airflow/example_dags/example_xcomargs.py took 2.799 seconds
[2024-06-12T20:46:16.401+0000] {processor.py:153} INFO - Started process (PID=4044) to work on /home/airflow/.local/lib/python3.7/site-packages/airflow/example_dags/example_xcomargs.py
[2024-06-12T20:46:16.413+0000] {processor.py:743} INFO - Processing file /home/airflow/.local/lib/python3.7/site-packages/airflow/example_dags/example_xcomargs.py for tasks to queue
[2024-06-12T20:46:16.430+0000] {logging_mixin.py:137} INFO - [2024-06-12T20:46:16.430+0000] {dagbag.py:538} INFO - Filling up the DagBag from /home/airflow/.local/lib/python3.7/site-packages/airflow/example_dags/example_xcomargs.py
[2024-06-12T20:46:17.109+0000] {processor.py:753} INFO - DAG(s) dict_keys(['example_xcom_args_with_operators', 'example_xcom_args']) retrieved from /home/airflow/.local/lib/python3.7/site-packages/airflow/example_dags/example_xcomargs.py
[2024-06-12T20:46:18.134+0000] {logging_mixin.py:137} INFO - [2024-06-12T20:46:18.133+0000] {dag.py:2690} INFO - Sync 2 DAGs
[2024-06-12T20:46:18.607+0000] {logging_mixin.py:137} INFO - [2024-06-12T20:46:18.607+0000] {dag.py:3441} INFO - Setting next_dagrun for example_xcom_args to None, run_after=None
[2024-06-12T20:46:18.688+0000] {logging_mixin.py:137} INFO - [2024-06-12T20:46:18.688+0000] {dag.py:3441} INFO - Setting next_dagrun for example_xcom_args_with_operators to None, run_after=None
[2024-06-12T20:46:18.854+0000] {processor.py:175} INFO - Processing /home/airflow/.local/lib/python3.7/site-packages/airflow/example_dags/example_xcomargs.py took 2.509 seconds
[2024-06-12T20:47:24.973+0000] {processor.py:153} INFO - Started process (PID=4118) to work on /home/airflow/.local/lib/python3.7/site-packages/airflow/example_dags/example_xcomargs.py
[2024-06-12T20:47:24.986+0000] {processor.py:743} INFO - Processing file /home/airflow/.local/lib/python3.7/site-packages/airflow/example_dags/example_xcomargs.py for tasks to queue
[2024-06-12T20:47:25.002+0000] {logging_mixin.py:137} INFO - [2024-06-12T20:47:25.002+0000] {dagbag.py:538} INFO - Filling up the DagBag from /home/airflow/.local/lib/python3.7/site-packages/airflow/example_dags/example_xcomargs.py
[2024-06-12T20:47:25.832+0000] {processor.py:753} INFO - DAG(s) dict_keys(['example_xcom_args_with_operators', 'example_xcom_args']) retrieved from /home/airflow/.local/lib/python3.7/site-packages/airflow/example_dags/example_xcomargs.py
[2024-06-12T20:47:27.129+0000] {logging_mixin.py:137} INFO - [2024-06-12T20:47:27.129+0000] {dag.py:2690} INFO - Sync 2 DAGs
[2024-06-12T20:47:29.092+0000] {logging_mixin.py:137} INFO - [2024-06-12T20:47:29.091+0000] {dag.py:3441} INFO - Setting next_dagrun for example_xcom_args to None, run_after=None
[2024-06-12T20:47:29.270+0000] {logging_mixin.py:137} INFO - [2024-06-12T20:47:29.270+0000] {dag.py:3441} INFO - Setting next_dagrun for example_xcom_args_with_operators to None, run_after=None
[2024-06-12T20:47:29.533+0000] {processor.py:175} INFO - Processing /home/airflow/.local/lib/python3.7/site-packages/airflow/example_dags/example_xcomargs.py took 4.670 seconds
