[2024-06-12T19:44:07.331+0000] {processor.py:153} INFO - Started process (PID=205) to work on /home/airflow/.local/lib/python3.7/site-packages/airflow/example_dags/example_local_kubernetes_executor.py
[2024-06-12T19:44:07.536+0000] {processor.py:743} INFO - Processing file /home/airflow/.local/lib/python3.7/site-packages/airflow/example_dags/example_local_kubernetes_executor.py for tasks to queue
[2024-06-12T19:44:07.762+0000] {logging_mixin.py:137} INFO - [2024-06-12T19:44:07.762+0000] {dagbag.py:538} INFO - Filling up the DagBag from /home/airflow/.local/lib/python3.7/site-packages/airflow/example_dags/example_local_kubernetes_executor.py
[2024-06-12T19:44:09.261+0000] {processor.py:753} INFO - DAG(s) dict_keys(['example_local_kubernetes_executor']) retrieved from /home/airflow/.local/lib/python3.7/site-packages/airflow/example_dags/example_local_kubernetes_executor.py
[2024-06-12T19:44:09.916+0000] {logging_mixin.py:137} INFO - [2024-06-12T19:44:09.915+0000] {dag.py:2690} INFO - Sync 1 DAGs
[2024-06-12T19:44:10.758+0000] {logging_mixin.py:137} INFO - [2024-06-12T19:44:10.757+0000] {dag.py:3441} INFO - Setting next_dagrun for example_local_kubernetes_executor to None, run_after=None
[2024-06-12T19:44:11.136+0000] {processor.py:175} INFO - Processing /home/airflow/.local/lib/python3.7/site-packages/airflow/example_dags/example_local_kubernetes_executor.py took 3.936 seconds
[2024-06-12T19:47:45.934+0000] {processor.py:153} INFO - Started process (PID=385) to work on /home/airflow/.local/lib/python3.7/site-packages/airflow/example_dags/example_local_kubernetes_executor.py
[2024-06-12T19:47:45.956+0000] {processor.py:743} INFO - Processing file /home/airflow/.local/lib/python3.7/site-packages/airflow/example_dags/example_local_kubernetes_executor.py for tasks to queue
[2024-06-12T19:47:45.963+0000] {logging_mixin.py:137} INFO - [2024-06-12T19:47:45.963+0000] {dagbag.py:538} INFO - Filling up the DagBag from /home/airflow/.local/lib/python3.7/site-packages/airflow/example_dags/example_local_kubernetes_executor.py
[2024-06-12T19:47:46.678+0000] {processor.py:753} INFO - DAG(s) dict_keys(['example_local_kubernetes_executor']) retrieved from /home/airflow/.local/lib/python3.7/site-packages/airflow/example_dags/example_local_kubernetes_executor.py
[2024-06-12T19:47:47.187+0000] {logging_mixin.py:137} INFO - [2024-06-12T19:47:47.187+0000] {dag.py:2690} INFO - Sync 1 DAGs
[2024-06-12T19:47:47.835+0000] {logging_mixin.py:137} INFO - [2024-06-12T19:47:47.834+0000] {dag.py:3441} INFO - Setting next_dagrun for example_local_kubernetes_executor to None, run_after=None
[2024-06-12T19:47:48.367+0000] {processor.py:175} INFO - Processing /home/airflow/.local/lib/python3.7/site-packages/airflow/example_dags/example_local_kubernetes_executor.py took 2.509 seconds
[2024-06-12T19:48:28.387+0000] {processor.py:153} INFO - Started process (PID=456) to work on /home/airflow/.local/lib/python3.7/site-packages/airflow/example_dags/example_local_kubernetes_executor.py
[2024-06-12T19:48:28.403+0000] {processor.py:743} INFO - Processing file /home/airflow/.local/lib/python3.7/site-packages/airflow/example_dags/example_local_kubernetes_executor.py for tasks to queue
[2024-06-12T19:48:28.409+0000] {logging_mixin.py:137} INFO - [2024-06-12T19:48:28.408+0000] {dagbag.py:538} INFO - Filling up the DagBag from /home/airflow/.local/lib/python3.7/site-packages/airflow/example_dags/example_local_kubernetes_executor.py
[2024-06-12T19:48:28.512+0000] {processor.py:753} INFO - DAG(s) dict_keys(['example_local_kubernetes_executor']) retrieved from /home/airflow/.local/lib/python3.7/site-packages/airflow/example_dags/example_local_kubernetes_executor.py
[2024-06-12T19:48:28.645+0000] {logging_mixin.py:137} INFO - [2024-06-12T19:48:28.644+0000] {dag.py:2690} INFO - Sync 1 DAGs
[2024-06-12T19:48:28.750+0000] {logging_mixin.py:137} INFO - [2024-06-12T19:48:28.749+0000] {dag.py:3441} INFO - Setting next_dagrun for example_local_kubernetes_executor to None, run_after=None
[2024-06-12T19:48:28.843+0000] {processor.py:175} INFO - Processing /home/airflow/.local/lib/python3.7/site-packages/airflow/example_dags/example_local_kubernetes_executor.py took 0.469 seconds
[2024-06-12T19:49:04.018+0000] {processor.py:153} INFO - Started process (PID=520) to work on /home/airflow/.local/lib/python3.7/site-packages/airflow/example_dags/example_local_kubernetes_executor.py
[2024-06-12T19:49:04.037+0000] {processor.py:743} INFO - Processing file /home/airflow/.local/lib/python3.7/site-packages/airflow/example_dags/example_local_kubernetes_executor.py for tasks to queue
[2024-06-12T19:49:04.042+0000] {logging_mixin.py:137} INFO - [2024-06-12T19:49:04.042+0000] {dagbag.py:538} INFO - Filling up the DagBag from /home/airflow/.local/lib/python3.7/site-packages/airflow/example_dags/example_local_kubernetes_executor.py
[2024-06-12T19:49:04.177+0000] {processor.py:753} INFO - DAG(s) dict_keys(['example_local_kubernetes_executor']) retrieved from /home/airflow/.local/lib/python3.7/site-packages/airflow/example_dags/example_local_kubernetes_executor.py
[2024-06-12T19:49:04.516+0000] {logging_mixin.py:137} INFO - [2024-06-12T19:49:04.516+0000] {dag.py:2690} INFO - Sync 1 DAGs
[2024-06-12T19:49:04.827+0000] {logging_mixin.py:137} INFO - [2024-06-12T19:49:04.826+0000] {dag.py:3441} INFO - Setting next_dagrun for example_local_kubernetes_executor to None, run_after=None
[2024-06-12T19:49:04.988+0000] {processor.py:175} INFO - Processing /home/airflow/.local/lib/python3.7/site-packages/airflow/example_dags/example_local_kubernetes_executor.py took 1.051 seconds
[2024-06-12T19:49:36.062+0000] {processor.py:153} INFO - Started process (PID=581) to work on /home/airflow/.local/lib/python3.7/site-packages/airflow/example_dags/example_local_kubernetes_executor.py
[2024-06-12T19:49:36.096+0000] {processor.py:743} INFO - Processing file /home/airflow/.local/lib/python3.7/site-packages/airflow/example_dags/example_local_kubernetes_executor.py for tasks to queue
[2024-06-12T19:49:36.140+0000] {logging_mixin.py:137} INFO - [2024-06-12T19:49:36.140+0000] {dagbag.py:538} INFO - Filling up the DagBag from /home/airflow/.local/lib/python3.7/site-packages/airflow/example_dags/example_local_kubernetes_executor.py
[2024-06-12T19:49:36.464+0000] {processor.py:753} INFO - DAG(s) dict_keys(['example_local_kubernetes_executor']) retrieved from /home/airflow/.local/lib/python3.7/site-packages/airflow/example_dags/example_local_kubernetes_executor.py
[2024-06-12T19:49:36.773+0000] {logging_mixin.py:137} INFO - [2024-06-12T19:49:36.773+0000] {dag.py:2690} INFO - Sync 1 DAGs
[2024-06-12T19:49:37.304+0000] {logging_mixin.py:137} INFO - [2024-06-12T19:49:37.304+0000] {dag.py:3441} INFO - Setting next_dagrun for example_local_kubernetes_executor to None, run_after=None
[2024-06-12T19:49:37.636+0000] {processor.py:175} INFO - Processing /home/airflow/.local/lib/python3.7/site-packages/airflow/example_dags/example_local_kubernetes_executor.py took 1.609 seconds
[2024-06-12T19:50:09.016+0000] {processor.py:153} INFO - Started process (PID=636) to work on /home/airflow/.local/lib/python3.7/site-packages/airflow/example_dags/example_local_kubernetes_executor.py
[2024-06-12T19:50:09.026+0000] {processor.py:743} INFO - Processing file /home/airflow/.local/lib/python3.7/site-packages/airflow/example_dags/example_local_kubernetes_executor.py for tasks to queue
[2024-06-12T19:50:09.034+0000] {logging_mixin.py:137} INFO - [2024-06-12T19:50:09.033+0000] {dagbag.py:538} INFO - Filling up the DagBag from /home/airflow/.local/lib/python3.7/site-packages/airflow/example_dags/example_local_kubernetes_executor.py
[2024-06-12T19:50:09.248+0000] {processor.py:753} INFO - DAG(s) dict_keys(['example_local_kubernetes_executor']) retrieved from /home/airflow/.local/lib/python3.7/site-packages/airflow/example_dags/example_local_kubernetes_executor.py
[2024-06-12T19:50:09.709+0000] {logging_mixin.py:137} INFO - [2024-06-12T19:50:09.708+0000] {dag.py:2690} INFO - Sync 1 DAGs
[2024-06-12T19:50:10.104+0000] {logging_mixin.py:137} INFO - [2024-06-12T19:50:10.103+0000] {dag.py:3441} INFO - Setting next_dagrun for example_local_kubernetes_executor to None, run_after=None
[2024-06-12T19:50:10.385+0000] {processor.py:175} INFO - Processing /home/airflow/.local/lib/python3.7/site-packages/airflow/example_dags/example_local_kubernetes_executor.py took 1.401 seconds
[2024-06-12T19:51:27.323+0000] {processor.py:153} INFO - Started process (PID=723) to work on /home/airflow/.local/lib/python3.7/site-packages/airflow/example_dags/example_local_kubernetes_executor.py
[2024-06-12T19:51:27.335+0000] {processor.py:743} INFO - Processing file /home/airflow/.local/lib/python3.7/site-packages/airflow/example_dags/example_local_kubernetes_executor.py for tasks to queue
[2024-06-12T19:51:27.341+0000] {logging_mixin.py:137} INFO - [2024-06-12T19:51:27.340+0000] {dagbag.py:538} INFO - Filling up the DagBag from /home/airflow/.local/lib/python3.7/site-packages/airflow/example_dags/example_local_kubernetes_executor.py
[2024-06-12T19:51:27.874+0000] {processor.py:753} INFO - DAG(s) dict_keys(['example_local_kubernetes_executor']) retrieved from /home/airflow/.local/lib/python3.7/site-packages/airflow/example_dags/example_local_kubernetes_executor.py
[2024-06-12T19:51:28.306+0000] {logging_mixin.py:137} INFO - [2024-06-12T19:51:28.306+0000] {dag.py:2690} INFO - Sync 1 DAGs
[2024-06-12T19:51:28.847+0000] {logging_mixin.py:137} INFO - [2024-06-12T19:51:28.847+0000] {dag.py:3441} INFO - Setting next_dagrun for example_local_kubernetes_executor to None, run_after=None
[2024-06-12T19:51:29.222+0000] {processor.py:175} INFO - Processing /home/airflow/.local/lib/python3.7/site-packages/airflow/example_dags/example_local_kubernetes_executor.py took 1.982 seconds
[2024-06-12T19:52:19.928+0000] {processor.py:153} INFO - Started process (PID=798) to work on /home/airflow/.local/lib/python3.7/site-packages/airflow/example_dags/example_local_kubernetes_executor.py
[2024-06-12T19:52:20.379+0000] {processor.py:743} INFO - Processing file /home/airflow/.local/lib/python3.7/site-packages/airflow/example_dags/example_local_kubernetes_executor.py for tasks to queue
[2024-06-12T19:52:20.460+0000] {logging_mixin.py:137} INFO - [2024-06-12T19:52:20.459+0000] {dagbag.py:538} INFO - Filling up the DagBag from /home/airflow/.local/lib/python3.7/site-packages/airflow/example_dags/example_local_kubernetes_executor.py
[2024-06-12T19:52:21.357+0000] {processor.py:753} INFO - DAG(s) dict_keys(['example_local_kubernetes_executor']) retrieved from /home/airflow/.local/lib/python3.7/site-packages/airflow/example_dags/example_local_kubernetes_executor.py
[2024-06-12T19:52:21.980+0000] {logging_mixin.py:137} INFO - [2024-06-12T19:52:21.980+0000] {dag.py:2690} INFO - Sync 1 DAGs
[2024-06-12T19:52:22.301+0000] {logging_mixin.py:137} INFO - [2024-06-12T19:52:22.300+0000] {dag.py:3441} INFO - Setting next_dagrun for example_local_kubernetes_executor to None, run_after=None
[2024-06-12T19:52:22.514+0000] {processor.py:175} INFO - Processing /home/airflow/.local/lib/python3.7/site-packages/airflow/example_dags/example_local_kubernetes_executor.py took 2.749 seconds
[2024-06-12T19:53:05.906+0000] {processor.py:153} INFO - Started process (PID=860) to work on /home/airflow/.local/lib/python3.7/site-packages/airflow/example_dags/example_local_kubernetes_executor.py
[2024-06-12T19:53:05.920+0000] {processor.py:743} INFO - Processing file /home/airflow/.local/lib/python3.7/site-packages/airflow/example_dags/example_local_kubernetes_executor.py for tasks to queue
[2024-06-12T19:53:05.937+0000] {logging_mixin.py:137} INFO - [2024-06-12T19:53:05.937+0000] {dagbag.py:538} INFO - Filling up the DagBag from /home/airflow/.local/lib/python3.7/site-packages/airflow/example_dags/example_local_kubernetes_executor.py
[2024-06-12T19:53:06.121+0000] {processor.py:753} INFO - DAG(s) dict_keys(['example_local_kubernetes_executor']) retrieved from /home/airflow/.local/lib/python3.7/site-packages/airflow/example_dags/example_local_kubernetes_executor.py
[2024-06-12T19:53:06.302+0000] {logging_mixin.py:137} INFO - [2024-06-12T19:53:06.302+0000] {dag.py:2690} INFO - Sync 1 DAGs
[2024-06-12T19:53:06.822+0000] {logging_mixin.py:137} INFO - [2024-06-12T19:53:06.822+0000] {dag.py:3441} INFO - Setting next_dagrun for example_local_kubernetes_executor to None, run_after=None
[2024-06-12T19:53:07.286+0000] {processor.py:175} INFO - Processing /home/airflow/.local/lib/python3.7/site-packages/airflow/example_dags/example_local_kubernetes_executor.py took 1.401 seconds
[2024-06-12T19:53:46.119+0000] {processor.py:153} INFO - Started process (PID=924) to work on /home/airflow/.local/lib/python3.7/site-packages/airflow/example_dags/example_local_kubernetes_executor.py
[2024-06-12T19:53:46.121+0000] {processor.py:743} INFO - Processing file /home/airflow/.local/lib/python3.7/site-packages/airflow/example_dags/example_local_kubernetes_executor.py for tasks to queue
[2024-06-12T19:53:46.124+0000] {logging_mixin.py:137} INFO - [2024-06-12T19:53:46.124+0000] {dagbag.py:538} INFO - Filling up the DagBag from /home/airflow/.local/lib/python3.7/site-packages/airflow/example_dags/example_local_kubernetes_executor.py
[2024-06-12T19:53:46.276+0000] {processor.py:753} INFO - DAG(s) dict_keys(['example_local_kubernetes_executor']) retrieved from /home/airflow/.local/lib/python3.7/site-packages/airflow/example_dags/example_local_kubernetes_executor.py
[2024-06-12T19:53:46.545+0000] {logging_mixin.py:137} INFO - [2024-06-12T19:53:46.545+0000] {dag.py:2690} INFO - Sync 1 DAGs
[2024-06-12T19:53:46.794+0000] {logging_mixin.py:137} INFO - [2024-06-12T19:53:46.794+0000] {dag.py:3441} INFO - Setting next_dagrun for example_local_kubernetes_executor to None, run_after=None
[2024-06-12T19:53:46.928+0000] {processor.py:175} INFO - Processing /home/airflow/.local/lib/python3.7/site-packages/airflow/example_dags/example_local_kubernetes_executor.py took 0.849 seconds
[2024-06-12T19:54:25.614+0000] {processor.py:153} INFO - Started process (PID=986) to work on /home/airflow/.local/lib/python3.7/site-packages/airflow/example_dags/example_local_kubernetes_executor.py
[2024-06-12T19:54:25.624+0000] {processor.py:743} INFO - Processing file /home/airflow/.local/lib/python3.7/site-packages/airflow/example_dags/example_local_kubernetes_executor.py for tasks to queue
[2024-06-12T19:54:25.630+0000] {logging_mixin.py:137} INFO - [2024-06-12T19:54:25.629+0000] {dagbag.py:538} INFO - Filling up the DagBag from /home/airflow/.local/lib/python3.7/site-packages/airflow/example_dags/example_local_kubernetes_executor.py
[2024-06-12T19:54:25.872+0000] {processor.py:753} INFO - DAG(s) dict_keys(['example_local_kubernetes_executor']) retrieved from /home/airflow/.local/lib/python3.7/site-packages/airflow/example_dags/example_local_kubernetes_executor.py
[2024-06-12T19:54:26.084+0000] {logging_mixin.py:137} INFO - [2024-06-12T19:54:26.083+0000] {dag.py:2690} INFO - Sync 1 DAGs
[2024-06-12T19:54:26.355+0000] {logging_mixin.py:137} INFO - [2024-06-12T19:54:26.355+0000] {dag.py:3441} INFO - Setting next_dagrun for example_local_kubernetes_executor to None, run_after=None
[2024-06-12T19:54:26.686+0000] {processor.py:175} INFO - Processing /home/airflow/.local/lib/python3.7/site-packages/airflow/example_dags/example_local_kubernetes_executor.py took 1.095 seconds
[2024-06-12T19:55:21.376+0000] {processor.py:153} INFO - Started process (PID=1046) to work on /home/airflow/.local/lib/python3.7/site-packages/airflow/example_dags/example_local_kubernetes_executor.py
[2024-06-12T19:55:21.398+0000] {processor.py:743} INFO - Processing file /home/airflow/.local/lib/python3.7/site-packages/airflow/example_dags/example_local_kubernetes_executor.py for tasks to queue
[2024-06-12T19:55:21.413+0000] {logging_mixin.py:137} INFO - [2024-06-12T19:55:21.407+0000] {dagbag.py:538} INFO - Filling up the DagBag from /home/airflow/.local/lib/python3.7/site-packages/airflow/example_dags/example_local_kubernetes_executor.py
[2024-06-12T19:55:21.740+0000] {processor.py:753} INFO - DAG(s) dict_keys(['example_local_kubernetes_executor']) retrieved from /home/airflow/.local/lib/python3.7/site-packages/airflow/example_dags/example_local_kubernetes_executor.py
[2024-06-12T19:55:22.091+0000] {logging_mixin.py:137} INFO - [2024-06-12T19:55:22.090+0000] {dag.py:2690} INFO - Sync 1 DAGs
[2024-06-12T19:55:22.786+0000] {logging_mixin.py:137} INFO - [2024-06-12T19:55:22.786+0000] {dag.py:3441} INFO - Setting next_dagrun for example_local_kubernetes_executor to None, run_after=None
[2024-06-12T19:55:23.673+0000] {processor.py:175} INFO - Processing /home/airflow/.local/lib/python3.7/site-packages/airflow/example_dags/example_local_kubernetes_executor.py took 2.330 seconds
[2024-06-12T19:56:12.652+0000] {processor.py:153} INFO - Started process (PID=1125) to work on /home/airflow/.local/lib/python3.7/site-packages/airflow/example_dags/example_local_kubernetes_executor.py
[2024-06-12T19:56:12.655+0000] {processor.py:743} INFO - Processing file /home/airflow/.local/lib/python3.7/site-packages/airflow/example_dags/example_local_kubernetes_executor.py for tasks to queue
[2024-06-12T19:56:12.666+0000] {logging_mixin.py:137} INFO - [2024-06-12T19:56:12.665+0000] {dagbag.py:538} INFO - Filling up the DagBag from /home/airflow/.local/lib/python3.7/site-packages/airflow/example_dags/example_local_kubernetes_executor.py
[2024-06-12T19:56:12.849+0000] {processor.py:753} INFO - DAG(s) dict_keys(['example_local_kubernetes_executor']) retrieved from /home/airflow/.local/lib/python3.7/site-packages/airflow/example_dags/example_local_kubernetes_executor.py
[2024-06-12T19:56:13.327+0000] {logging_mixin.py:137} INFO - [2024-06-12T19:56:13.327+0000] {dag.py:2690} INFO - Sync 1 DAGs
[2024-06-12T19:56:13.896+0000] {logging_mixin.py:137} INFO - [2024-06-12T19:56:13.896+0000] {dag.py:3441} INFO - Setting next_dagrun for example_local_kubernetes_executor to None, run_after=None
[2024-06-12T19:56:14.131+0000] {processor.py:175} INFO - Processing /home/airflow/.local/lib/python3.7/site-packages/airflow/example_dags/example_local_kubernetes_executor.py took 1.513 seconds
[2024-06-12T19:56:54.660+0000] {processor.py:153} INFO - Started process (PID=1189) to work on /home/airflow/.local/lib/python3.7/site-packages/airflow/example_dags/example_local_kubernetes_executor.py
[2024-06-12T19:56:54.708+0000] {processor.py:743} INFO - Processing file /home/airflow/.local/lib/python3.7/site-packages/airflow/example_dags/example_local_kubernetes_executor.py for tasks to queue
[2024-06-12T19:56:54.830+0000] {logging_mixin.py:137} INFO - [2024-06-12T19:56:54.829+0000] {dagbag.py:538} INFO - Filling up the DagBag from /home/airflow/.local/lib/python3.7/site-packages/airflow/example_dags/example_local_kubernetes_executor.py
[2024-06-12T19:56:55.265+0000] {processor.py:753} INFO - DAG(s) dict_keys(['example_local_kubernetes_executor']) retrieved from /home/airflow/.local/lib/python3.7/site-packages/airflow/example_dags/example_local_kubernetes_executor.py
[2024-06-12T19:56:55.594+0000] {logging_mixin.py:137} INFO - [2024-06-12T19:56:55.594+0000] {dag.py:2690} INFO - Sync 1 DAGs
[2024-06-12T19:56:57.156+0000] {logging_mixin.py:137} INFO - [2024-06-12T19:56:57.156+0000] {dag.py:3441} INFO - Setting next_dagrun for example_local_kubernetes_executor to None, run_after=None
[2024-06-12T19:56:57.573+0000] {processor.py:175} INFO - Processing /home/airflow/.local/lib/python3.7/site-packages/airflow/example_dags/example_local_kubernetes_executor.py took 2.946 seconds
[2024-06-12T19:58:22.416+0000] {processor.py:153} INFO - Started process (PID=1270) to work on /home/airflow/.local/lib/python3.7/site-packages/airflow/example_dags/example_local_kubernetes_executor.py
[2024-06-12T19:58:22.462+0000] {processor.py:743} INFO - Processing file /home/airflow/.local/lib/python3.7/site-packages/airflow/example_dags/example_local_kubernetes_executor.py for tasks to queue
[2024-06-12T19:58:22.491+0000] {logging_mixin.py:137} INFO - [2024-06-12T19:58:22.490+0000] {dagbag.py:538} INFO - Filling up the DagBag from /home/airflow/.local/lib/python3.7/site-packages/airflow/example_dags/example_local_kubernetes_executor.py
[2024-06-12T19:58:22.962+0000] {processor.py:753} INFO - DAG(s) dict_keys(['example_local_kubernetes_executor']) retrieved from /home/airflow/.local/lib/python3.7/site-packages/airflow/example_dags/example_local_kubernetes_executor.py
[2024-06-12T19:58:23.830+0000] {logging_mixin.py:137} INFO - [2024-06-12T19:58:23.830+0000] {dag.py:2690} INFO - Sync 1 DAGs
[2024-06-12T19:58:24.925+0000] {logging_mixin.py:137} INFO - [2024-06-12T19:58:24.924+0000] {dag.py:3441} INFO - Setting next_dagrun for example_local_kubernetes_executor to None, run_after=None
[2024-06-12T19:58:25.358+0000] {processor.py:175} INFO - Processing /home/airflow/.local/lib/python3.7/site-packages/airflow/example_dags/example_local_kubernetes_executor.py took 3.062 seconds
[2024-06-12T20:02:46.016+0000] {processor.py:153} INFO - Started process (PID=1477) to work on /home/airflow/.local/lib/python3.7/site-packages/airflow/example_dags/example_local_kubernetes_executor.py
[2024-06-12T20:02:46.041+0000] {processor.py:743} INFO - Processing file /home/airflow/.local/lib/python3.7/site-packages/airflow/example_dags/example_local_kubernetes_executor.py for tasks to queue
[2024-06-12T20:02:46.091+0000] {logging_mixin.py:137} INFO - [2024-06-12T20:02:46.091+0000] {dagbag.py:538} INFO - Filling up the DagBag from /home/airflow/.local/lib/python3.7/site-packages/airflow/example_dags/example_local_kubernetes_executor.py
[2024-06-12T20:02:48.139+0000] {processor.py:753} INFO - DAG(s) dict_keys(['example_local_kubernetes_executor']) retrieved from /home/airflow/.local/lib/python3.7/site-packages/airflow/example_dags/example_local_kubernetes_executor.py
[2024-06-12T20:02:49.897+0000] {logging_mixin.py:137} INFO - [2024-06-12T20:02:49.897+0000] {dag.py:2690} INFO - Sync 1 DAGs
[2024-06-12T20:02:51.799+0000] {logging_mixin.py:137} INFO - [2024-06-12T20:02:51.798+0000] {dag.py:3441} INFO - Setting next_dagrun for example_local_kubernetes_executor to None, run_after=None
[2024-06-12T20:02:52.889+0000] {processor.py:175} INFO - Processing /home/airflow/.local/lib/python3.7/site-packages/airflow/example_dags/example_local_kubernetes_executor.py took 7.000 seconds
[2024-06-12T20:08:37.280+0000] {processor.py:153} INFO - Started process (PID=1723) to work on /home/airflow/.local/lib/python3.7/site-packages/airflow/example_dags/example_local_kubernetes_executor.py
[2024-06-12T20:08:37.321+0000] {processor.py:743} INFO - Processing file /home/airflow/.local/lib/python3.7/site-packages/airflow/example_dags/example_local_kubernetes_executor.py for tasks to queue
[2024-06-12T20:08:37.335+0000] {logging_mixin.py:137} INFO - [2024-06-12T20:08:37.335+0000] {dagbag.py:538} INFO - Filling up the DagBag from /home/airflow/.local/lib/python3.7/site-packages/airflow/example_dags/example_local_kubernetes_executor.py
[2024-06-12T20:08:40.215+0000] {processor.py:753} INFO - DAG(s) dict_keys(['example_local_kubernetes_executor']) retrieved from /home/airflow/.local/lib/python3.7/site-packages/airflow/example_dags/example_local_kubernetes_executor.py
[2024-06-12T20:08:44.968+0000] {logging_mixin.py:137} INFO - [2024-06-12T20:08:44.967+0000] {dag.py:2690} INFO - Sync 1 DAGs
[2024-06-12T20:08:48.377+0000] {logging_mixin.py:137} INFO - [2024-06-12T20:08:48.376+0000] {dag.py:3441} INFO - Setting next_dagrun for example_local_kubernetes_executor to None, run_after=None
[2024-06-12T20:08:49.648+0000] {processor.py:175} INFO - Processing /home/airflow/.local/lib/python3.7/site-packages/airflow/example_dags/example_local_kubernetes_executor.py took 12.430 seconds
[2024-06-12T20:13:48.778+0000] {processor.py:153} INFO - Started process (PID=1976) to work on /home/airflow/.local/lib/python3.7/site-packages/airflow/example_dags/example_local_kubernetes_executor.py
[2024-06-12T20:13:48.835+0000] {processor.py:743} INFO - Processing file /home/airflow/.local/lib/python3.7/site-packages/airflow/example_dags/example_local_kubernetes_executor.py for tasks to queue
[2024-06-12T20:13:48.903+0000] {logging_mixin.py:137} INFO - [2024-06-12T20:13:48.902+0000] {dagbag.py:538} INFO - Filling up the DagBag from /home/airflow/.local/lib/python3.7/site-packages/airflow/example_dags/example_local_kubernetes_executor.py
[2024-06-12T20:13:49.064+0000] {processor.py:753} INFO - DAG(s) dict_keys(['example_local_kubernetes_executor']) retrieved from /home/airflow/.local/lib/python3.7/site-packages/airflow/example_dags/example_local_kubernetes_executor.py
[2024-06-12T20:13:49.654+0000] {logging_mixin.py:137} INFO - [2024-06-12T20:13:49.654+0000] {dag.py:2690} INFO - Sync 1 DAGs
[2024-06-12T20:13:50.249+0000] {logging_mixin.py:137} INFO - [2024-06-12T20:13:50.248+0000] {dag.py:3441} INFO - Setting next_dagrun for example_local_kubernetes_executor to None, run_after=None
[2024-06-12T20:13:50.663+0000] {processor.py:175} INFO - Processing /home/airflow/.local/lib/python3.7/site-packages/airflow/example_dags/example_local_kubernetes_executor.py took 1.923 seconds
[2024-06-12T20:15:21.896+0000] {processor.py:153} INFO - Started process (PID=2084) to work on /home/airflow/.local/lib/python3.7/site-packages/airflow/example_dags/example_local_kubernetes_executor.py
[2024-06-12T20:15:21.961+0000] {processor.py:743} INFO - Processing file /home/airflow/.local/lib/python3.7/site-packages/airflow/example_dags/example_local_kubernetes_executor.py for tasks to queue
[2024-06-12T20:15:21.988+0000] {logging_mixin.py:137} INFO - [2024-06-12T20:15:21.987+0000] {dagbag.py:538} INFO - Filling up the DagBag from /home/airflow/.local/lib/python3.7/site-packages/airflow/example_dags/example_local_kubernetes_executor.py
[2024-06-12T20:15:22.339+0000] {processor.py:753} INFO - DAG(s) dict_keys(['example_local_kubernetes_executor']) retrieved from /home/airflow/.local/lib/python3.7/site-packages/airflow/example_dags/example_local_kubernetes_executor.py
[2024-06-12T20:15:22.615+0000] {logging_mixin.py:137} INFO - [2024-06-12T20:15:22.615+0000] {dag.py:2690} INFO - Sync 1 DAGs
[2024-06-12T20:15:23.398+0000] {logging_mixin.py:137} INFO - [2024-06-12T20:15:23.397+0000] {dag.py:3441} INFO - Setting next_dagrun for example_local_kubernetes_executor to None, run_after=None
[2024-06-12T20:15:24.283+0000] {processor.py:175} INFO - Processing /home/airflow/.local/lib/python3.7/site-packages/airflow/example_dags/example_local_kubernetes_executor.py took 2.417 seconds
[2024-06-12T20:16:25.210+0000] {processor.py:153} INFO - Started process (PID=2162) to work on /home/airflow/.local/lib/python3.7/site-packages/airflow/example_dags/example_local_kubernetes_executor.py
[2024-06-12T20:16:25.227+0000] {processor.py:743} INFO - Processing file /home/airflow/.local/lib/python3.7/site-packages/airflow/example_dags/example_local_kubernetes_executor.py for tasks to queue
[2024-06-12T20:16:25.297+0000] {logging_mixin.py:137} INFO - [2024-06-12T20:16:25.296+0000] {dagbag.py:538} INFO - Filling up the DagBag from /home/airflow/.local/lib/python3.7/site-packages/airflow/example_dags/example_local_kubernetes_executor.py
[2024-06-12T20:16:25.950+0000] {processor.py:753} INFO - DAG(s) dict_keys(['example_local_kubernetes_executor']) retrieved from /home/airflow/.local/lib/python3.7/site-packages/airflow/example_dags/example_local_kubernetes_executor.py
[2024-06-12T20:16:26.574+0000] {logging_mixin.py:137} INFO - [2024-06-12T20:16:26.574+0000] {dag.py:2690} INFO - Sync 1 DAGs
[2024-06-12T20:16:27.184+0000] {logging_mixin.py:137} INFO - [2024-06-12T20:16:27.183+0000] {dag.py:3441} INFO - Setting next_dagrun for example_local_kubernetes_executor to None, run_after=None
[2024-06-12T20:16:27.649+0000] {processor.py:175} INFO - Processing /home/airflow/.local/lib/python3.7/site-packages/airflow/example_dags/example_local_kubernetes_executor.py took 2.521 seconds
[2024-06-12T20:17:58.051+0000] {processor.py:153} INFO - Started process (PID=2260) to work on /home/airflow/.local/lib/python3.7/site-packages/airflow/example_dags/example_local_kubernetes_executor.py
[2024-06-12T20:17:58.093+0000] {processor.py:743} INFO - Processing file /home/airflow/.local/lib/python3.7/site-packages/airflow/example_dags/example_local_kubernetes_executor.py for tasks to queue
[2024-06-12T20:17:58.190+0000] {logging_mixin.py:137} INFO - [2024-06-12T20:17:58.190+0000] {dagbag.py:538} INFO - Filling up the DagBag from /home/airflow/.local/lib/python3.7/site-packages/airflow/example_dags/example_local_kubernetes_executor.py
[2024-06-12T20:17:58.921+0000] {processor.py:753} INFO - DAG(s) dict_keys(['example_local_kubernetes_executor']) retrieved from /home/airflow/.local/lib/python3.7/site-packages/airflow/example_dags/example_local_kubernetes_executor.py
[2024-06-12T20:17:59.719+0000] {logging_mixin.py:137} INFO - [2024-06-12T20:17:59.719+0000] {dag.py:2690} INFO - Sync 1 DAGs
[2024-06-12T20:18:00.352+0000] {logging_mixin.py:137} INFO - [2024-06-12T20:18:00.351+0000] {dag.py:3441} INFO - Setting next_dagrun for example_local_kubernetes_executor to None, run_after=None
[2024-06-12T20:18:01.128+0000] {processor.py:175} INFO - Processing /home/airflow/.local/lib/python3.7/site-packages/airflow/example_dags/example_local_kubernetes_executor.py took 3.084 seconds
[2024-06-12T20:19:57.378+0000] {processor.py:153} INFO - Started process (PID=2375) to work on /home/airflow/.local/lib/python3.7/site-packages/airflow/example_dags/example_local_kubernetes_executor.py
[2024-06-12T20:19:57.486+0000] {processor.py:743} INFO - Processing file /home/airflow/.local/lib/python3.7/site-packages/airflow/example_dags/example_local_kubernetes_executor.py for tasks to queue
[2024-06-12T20:19:57.519+0000] {logging_mixin.py:137} INFO - [2024-06-12T20:19:57.519+0000] {dagbag.py:538} INFO - Filling up the DagBag from /home/airflow/.local/lib/python3.7/site-packages/airflow/example_dags/example_local_kubernetes_executor.py
[2024-06-12T20:19:58.631+0000] {processor.py:753} INFO - DAG(s) dict_keys(['example_local_kubernetes_executor']) retrieved from /home/airflow/.local/lib/python3.7/site-packages/airflow/example_dags/example_local_kubernetes_executor.py
[2024-06-12T20:19:59.669+0000] {logging_mixin.py:137} INFO - [2024-06-12T20:19:59.668+0000] {dag.py:2690} INFO - Sync 1 DAGs
[2024-06-12T20:20:00.805+0000] {logging_mixin.py:137} INFO - [2024-06-12T20:20:00.804+0000] {dag.py:3441} INFO - Setting next_dagrun for example_local_kubernetes_executor to None, run_after=None
[2024-06-12T20:20:01.190+0000] {processor.py:175} INFO - Processing /home/airflow/.local/lib/python3.7/site-packages/airflow/example_dags/example_local_kubernetes_executor.py took 3.910 seconds
[2024-06-12T20:22:04.863+0000] {processor.py:153} INFO - Started process (PID=2500) to work on /home/airflow/.local/lib/python3.7/site-packages/airflow/example_dags/example_local_kubernetes_executor.py
[2024-06-12T20:22:04.872+0000] {processor.py:743} INFO - Processing file /home/airflow/.local/lib/python3.7/site-packages/airflow/example_dags/example_local_kubernetes_executor.py for tasks to queue
[2024-06-12T20:22:04.883+0000] {logging_mixin.py:137} INFO - [2024-06-12T20:22:04.882+0000] {dagbag.py:538} INFO - Filling up the DagBag from /home/airflow/.local/lib/python3.7/site-packages/airflow/example_dags/example_local_kubernetes_executor.py
[2024-06-12T20:22:05.578+0000] {processor.py:753} INFO - DAG(s) dict_keys(['example_local_kubernetes_executor']) retrieved from /home/airflow/.local/lib/python3.7/site-packages/airflow/example_dags/example_local_kubernetes_executor.py
[2024-06-12T20:22:06.427+0000] {logging_mixin.py:137} INFO - [2024-06-12T20:22:06.426+0000] {dag.py:2690} INFO - Sync 1 DAGs
[2024-06-12T20:22:06.944+0000] {logging_mixin.py:137} INFO - [2024-06-12T20:22:06.942+0000] {dag.py:3441} INFO - Setting next_dagrun for example_local_kubernetes_executor to None, run_after=None
[2024-06-12T20:22:07.348+0000] {processor.py:175} INFO - Processing /home/airflow/.local/lib/python3.7/site-packages/airflow/example_dags/example_local_kubernetes_executor.py took 2.428 seconds
[2024-06-12T20:24:17.960+0000] {processor.py:153} INFO - Started process (PID=2634) to work on /home/airflow/.local/lib/python3.7/site-packages/airflow/example_dags/example_local_kubernetes_executor.py
[2024-06-12T20:24:18.022+0000] {processor.py:743} INFO - Processing file /home/airflow/.local/lib/python3.7/site-packages/airflow/example_dags/example_local_kubernetes_executor.py for tasks to queue
[2024-06-12T20:24:18.120+0000] {logging_mixin.py:137} INFO - [2024-06-12T20:24:18.119+0000] {dagbag.py:538} INFO - Filling up the DagBag from /home/airflow/.local/lib/python3.7/site-packages/airflow/example_dags/example_local_kubernetes_executor.py
[2024-06-12T20:24:18.956+0000] {processor.py:753} INFO - DAG(s) dict_keys(['example_local_kubernetes_executor']) retrieved from /home/airflow/.local/lib/python3.7/site-packages/airflow/example_dags/example_local_kubernetes_executor.py
[2024-06-12T20:24:20.048+0000] {logging_mixin.py:137} INFO - [2024-06-12T20:24:20.047+0000] {dag.py:2690} INFO - Sync 1 DAGs
[2024-06-12T20:24:20.917+0000] {logging_mixin.py:137} INFO - [2024-06-12T20:24:20.917+0000] {dag.py:3441} INFO - Setting next_dagrun for example_local_kubernetes_executor to None, run_after=None
[2024-06-12T20:24:21.765+0000] {processor.py:175} INFO - Processing /home/airflow/.local/lib/python3.7/site-packages/airflow/example_dags/example_local_kubernetes_executor.py took 3.950 seconds
[2024-06-12T20:26:03.657+0000] {processor.py:153} INFO - Started process (PID=2740) to work on /home/airflow/.local/lib/python3.7/site-packages/airflow/example_dags/example_local_kubernetes_executor.py
[2024-06-12T20:26:03.686+0000] {processor.py:743} INFO - Processing file /home/airflow/.local/lib/python3.7/site-packages/airflow/example_dags/example_local_kubernetes_executor.py for tasks to queue
[2024-06-12T20:26:03.735+0000] {logging_mixin.py:137} INFO - [2024-06-12T20:26:03.735+0000] {dagbag.py:538} INFO - Filling up the DagBag from /home/airflow/.local/lib/python3.7/site-packages/airflow/example_dags/example_local_kubernetes_executor.py
[2024-06-12T20:26:04.315+0000] {processor.py:753} INFO - DAG(s) dict_keys(['example_local_kubernetes_executor']) retrieved from /home/airflow/.local/lib/python3.7/site-packages/airflow/example_dags/example_local_kubernetes_executor.py
[2024-06-12T20:26:04.993+0000] {logging_mixin.py:137} INFO - [2024-06-12T20:26:04.992+0000] {dag.py:2690} INFO - Sync 1 DAGs
[2024-06-12T20:26:06.085+0000] {logging_mixin.py:137} INFO - [2024-06-12T20:26:06.084+0000] {dag.py:3441} INFO - Setting next_dagrun for example_local_kubernetes_executor to None, run_after=None
[2024-06-12T20:26:06.789+0000] {processor.py:175} INFO - Processing /home/airflow/.local/lib/python3.7/site-packages/airflow/example_dags/example_local_kubernetes_executor.py took 3.243 seconds
[2024-06-12T20:28:01.191+0000] {processor.py:153} INFO - Started process (PID=2852) to work on /home/airflow/.local/lib/python3.7/site-packages/airflow/example_dags/example_local_kubernetes_executor.py
[2024-06-12T20:28:01.255+0000] {processor.py:743} INFO - Processing file /home/airflow/.local/lib/python3.7/site-packages/airflow/example_dags/example_local_kubernetes_executor.py for tasks to queue
[2024-06-12T20:28:01.288+0000] {logging_mixin.py:137} INFO - [2024-06-12T20:28:01.288+0000] {dagbag.py:538} INFO - Filling up the DagBag from /home/airflow/.local/lib/python3.7/site-packages/airflow/example_dags/example_local_kubernetes_executor.py
[2024-06-12T20:28:02.079+0000] {processor.py:753} INFO - DAG(s) dict_keys(['example_local_kubernetes_executor']) retrieved from /home/airflow/.local/lib/python3.7/site-packages/airflow/example_dags/example_local_kubernetes_executor.py
[2024-06-12T20:28:02.955+0000] {logging_mixin.py:137} INFO - [2024-06-12T20:28:02.954+0000] {dag.py:2690} INFO - Sync 1 DAGs
[2024-06-12T20:28:03.636+0000] {logging_mixin.py:137} INFO - [2024-06-12T20:28:03.636+0000] {dag.py:3441} INFO - Setting next_dagrun for example_local_kubernetes_executor to None, run_after=None
[2024-06-12T20:28:04.122+0000] {processor.py:175} INFO - Processing /home/airflow/.local/lib/python3.7/site-packages/airflow/example_dags/example_local_kubernetes_executor.py took 3.019 seconds
[2024-06-12T20:29:23.884+0000] {processor.py:153} INFO - Started process (PID=2943) to work on /home/airflow/.local/lib/python3.7/site-packages/airflow/example_dags/example_local_kubernetes_executor.py
[2024-06-12T20:29:23.929+0000] {processor.py:743} INFO - Processing file /home/airflow/.local/lib/python3.7/site-packages/airflow/example_dags/example_local_kubernetes_executor.py for tasks to queue
[2024-06-12T20:29:23.947+0000] {logging_mixin.py:137} INFO - [2024-06-12T20:29:23.946+0000] {dagbag.py:538} INFO - Filling up the DagBag from /home/airflow/.local/lib/python3.7/site-packages/airflow/example_dags/example_local_kubernetes_executor.py
[2024-06-12T20:29:24.711+0000] {processor.py:753} INFO - DAG(s) dict_keys(['example_local_kubernetes_executor']) retrieved from /home/airflow/.local/lib/python3.7/site-packages/airflow/example_dags/example_local_kubernetes_executor.py
[2024-06-12T20:29:25.337+0000] {logging_mixin.py:137} INFO - [2024-06-12T20:29:25.336+0000] {dag.py:2690} INFO - Sync 1 DAGs
[2024-06-12T20:29:26.150+0000] {logging_mixin.py:137} INFO - [2024-06-12T20:29:26.150+0000] {dag.py:3441} INFO - Setting next_dagrun for example_local_kubernetes_executor to None, run_after=None
[2024-06-12T20:29:26.886+0000] {processor.py:175} INFO - Processing /home/airflow/.local/lib/python3.7/site-packages/airflow/example_dags/example_local_kubernetes_executor.py took 3.178 seconds
[2024-06-12T20:30:24.258+0000] {processor.py:153} INFO - Started process (PID=3017) to work on /home/airflow/.local/lib/python3.7/site-packages/airflow/example_dags/example_local_kubernetes_executor.py
[2024-06-12T20:30:24.268+0000] {processor.py:743} INFO - Processing file /home/airflow/.local/lib/python3.7/site-packages/airflow/example_dags/example_local_kubernetes_executor.py for tasks to queue
[2024-06-12T20:30:24.291+0000] {logging_mixin.py:137} INFO - [2024-06-12T20:30:24.290+0000] {dagbag.py:538} INFO - Filling up the DagBag from /home/airflow/.local/lib/python3.7/site-packages/airflow/example_dags/example_local_kubernetes_executor.py
[2024-06-12T20:30:24.732+0000] {processor.py:753} INFO - DAG(s) dict_keys(['example_local_kubernetes_executor']) retrieved from /home/airflow/.local/lib/python3.7/site-packages/airflow/example_dags/example_local_kubernetes_executor.py
[2024-06-12T20:30:25.232+0000] {logging_mixin.py:137} INFO - [2024-06-12T20:30:25.232+0000] {dag.py:2690} INFO - Sync 1 DAGs
[2024-06-12T20:30:26.048+0000] {logging_mixin.py:137} INFO - [2024-06-12T20:30:26.048+0000] {dag.py:3441} INFO - Setting next_dagrun for example_local_kubernetes_executor to None, run_after=None
[2024-06-12T20:30:26.404+0000] {processor.py:175} INFO - Processing /home/airflow/.local/lib/python3.7/site-packages/airflow/example_dags/example_local_kubernetes_executor.py took 2.190 seconds
[2024-06-12T20:31:24.398+0000] {processor.py:153} INFO - Started process (PID=3089) to work on /home/airflow/.local/lib/python3.7/site-packages/airflow/example_dags/example_local_kubernetes_executor.py
[2024-06-12T20:31:24.432+0000] {processor.py:743} INFO - Processing file /home/airflow/.local/lib/python3.7/site-packages/airflow/example_dags/example_local_kubernetes_executor.py for tasks to queue
[2024-06-12T20:31:24.450+0000] {logging_mixin.py:137} INFO - [2024-06-12T20:31:24.449+0000] {dagbag.py:538} INFO - Filling up the DagBag from /home/airflow/.local/lib/python3.7/site-packages/airflow/example_dags/example_local_kubernetes_executor.py
[2024-06-12T20:31:24.888+0000] {processor.py:753} INFO - DAG(s) dict_keys(['example_local_kubernetes_executor']) retrieved from /home/airflow/.local/lib/python3.7/site-packages/airflow/example_dags/example_local_kubernetes_executor.py
[2024-06-12T20:31:25.402+0000] {logging_mixin.py:137} INFO - [2024-06-12T20:31:25.401+0000] {dag.py:2690} INFO - Sync 1 DAGs
[2024-06-12T20:31:26.030+0000] {logging_mixin.py:137} INFO - [2024-06-12T20:31:26.029+0000] {dag.py:3441} INFO - Setting next_dagrun for example_local_kubernetes_executor to None, run_after=None
[2024-06-12T20:31:26.427+0000] {processor.py:175} INFO - Processing /home/airflow/.local/lib/python3.7/site-packages/airflow/example_dags/example_local_kubernetes_executor.py took 2.072 seconds
[2024-06-12T20:32:57.275+0000] {processor.py:153} INFO - Started process (PID=3187) to work on /home/airflow/.local/lib/python3.7/site-packages/airflow/example_dags/example_local_kubernetes_executor.py
[2024-06-12T20:32:57.307+0000] {processor.py:743} INFO - Processing file /home/airflow/.local/lib/python3.7/site-packages/airflow/example_dags/example_local_kubernetes_executor.py for tasks to queue
[2024-06-12T20:32:57.357+0000] {logging_mixin.py:137} INFO - [2024-06-12T20:32:57.356+0000] {dagbag.py:538} INFO - Filling up the DagBag from /home/airflow/.local/lib/python3.7/site-packages/airflow/example_dags/example_local_kubernetes_executor.py
[2024-06-12T20:32:58.032+0000] {processor.py:753} INFO - DAG(s) dict_keys(['example_local_kubernetes_executor']) retrieved from /home/airflow/.local/lib/python3.7/site-packages/airflow/example_dags/example_local_kubernetes_executor.py
[2024-06-12T20:32:58.435+0000] {logging_mixin.py:137} INFO - [2024-06-12T20:32:58.435+0000] {dag.py:2690} INFO - Sync 1 DAGs
[2024-06-12T20:32:59.005+0000] {logging_mixin.py:137} INFO - [2024-06-12T20:32:59.004+0000] {dag.py:3441} INFO - Setting next_dagrun for example_local_kubernetes_executor to None, run_after=None
[2024-06-12T20:32:59.742+0000] {processor.py:175} INFO - Processing /home/airflow/.local/lib/python3.7/site-packages/airflow/example_dags/example_local_kubernetes_executor.py took 2.593 seconds
[2024-06-12T20:34:56.718+0000] {processor.py:153} INFO - Started process (PID=3293) to work on /home/airflow/.local/lib/python3.7/site-packages/airflow/example_dags/example_local_kubernetes_executor.py
[2024-06-12T20:34:56.766+0000] {processor.py:743} INFO - Processing file /home/airflow/.local/lib/python3.7/site-packages/airflow/example_dags/example_local_kubernetes_executor.py for tasks to queue
[2024-06-12T20:34:56.797+0000] {logging_mixin.py:137} INFO - [2024-06-12T20:34:56.797+0000] {dagbag.py:538} INFO - Filling up the DagBag from /home/airflow/.local/lib/python3.7/site-packages/airflow/example_dags/example_local_kubernetes_executor.py
[2024-06-12T20:34:57.486+0000] {processor.py:753} INFO - DAG(s) dict_keys(['example_local_kubernetes_executor']) retrieved from /home/airflow/.local/lib/python3.7/site-packages/airflow/example_dags/example_local_kubernetes_executor.py
[2024-06-12T20:34:58.254+0000] {logging_mixin.py:137} INFO - [2024-06-12T20:34:58.253+0000] {dag.py:2690} INFO - Sync 1 DAGs
[2024-06-12T20:34:59.265+0000] {logging_mixin.py:137} INFO - [2024-06-12T20:34:59.264+0000] {dag.py:3441} INFO - Setting next_dagrun for example_local_kubernetes_executor to None, run_after=None
[2024-06-12T20:35:00.087+0000] {processor.py:175} INFO - Processing /home/airflow/.local/lib/python3.7/site-packages/airflow/example_dags/example_local_kubernetes_executor.py took 3.511 seconds
[2024-06-12T20:37:45.200+0000] {processor.py:153} INFO - Started process (PID=3451) to work on /home/airflow/.local/lib/python3.7/site-packages/airflow/example_dags/example_local_kubernetes_executor.py
[2024-06-12T20:37:45.232+0000] {processor.py:743} INFO - Processing file /home/airflow/.local/lib/python3.7/site-packages/airflow/example_dags/example_local_kubernetes_executor.py for tasks to queue
[2024-06-12T20:37:45.264+0000] {logging_mixin.py:137} INFO - [2024-06-12T20:37:45.264+0000] {dagbag.py:538} INFO - Filling up the DagBag from /home/airflow/.local/lib/python3.7/site-packages/airflow/example_dags/example_local_kubernetes_executor.py
[2024-06-12T20:37:46.301+0000] {processor.py:753} INFO - DAG(s) dict_keys(['example_local_kubernetes_executor']) retrieved from /home/airflow/.local/lib/python3.7/site-packages/airflow/example_dags/example_local_kubernetes_executor.py
[2024-06-12T20:37:47.649+0000] {logging_mixin.py:137} INFO - [2024-06-12T20:37:47.648+0000] {dag.py:2690} INFO - Sync 1 DAGs
[2024-06-12T20:37:49.499+0000] {logging_mixin.py:137} INFO - [2024-06-12T20:37:49.499+0000] {dag.py:3441} INFO - Setting next_dagrun for example_local_kubernetes_executor to None, run_after=None
[2024-06-12T20:37:50.518+0000] {processor.py:175} INFO - Processing /home/airflow/.local/lib/python3.7/site-packages/airflow/example_dags/example_local_kubernetes_executor.py took 5.386 seconds
[2024-06-12T20:39:07.425+0000] {processor.py:153} INFO - Started process (PID=3538) to work on /home/airflow/.local/lib/python3.7/site-packages/airflow/example_dags/example_local_kubernetes_executor.py
[2024-06-12T20:39:07.470+0000] {processor.py:743} INFO - Processing file /home/airflow/.local/lib/python3.7/site-packages/airflow/example_dags/example_local_kubernetes_executor.py for tasks to queue
[2024-06-12T20:39:07.506+0000] {logging_mixin.py:137} INFO - [2024-06-12T20:39:07.506+0000] {dagbag.py:538} INFO - Filling up the DagBag from /home/airflow/.local/lib/python3.7/site-packages/airflow/example_dags/example_local_kubernetes_executor.py
[2024-06-12T20:39:08.158+0000] {processor.py:753} INFO - DAG(s) dict_keys(['example_local_kubernetes_executor']) retrieved from /home/airflow/.local/lib/python3.7/site-packages/airflow/example_dags/example_local_kubernetes_executor.py
[2024-06-12T20:39:08.637+0000] {logging_mixin.py:137} INFO - [2024-06-12T20:39:08.637+0000] {dag.py:2690} INFO - Sync 1 DAGs
[2024-06-12T20:39:08.876+0000] {logging_mixin.py:137} INFO - [2024-06-12T20:39:08.876+0000] {dag.py:3441} INFO - Setting next_dagrun for example_local_kubernetes_executor to None, run_after=None
[2024-06-12T20:39:09.120+0000] {processor.py:175} INFO - Processing /home/airflow/.local/lib/python3.7/site-packages/airflow/example_dags/example_local_kubernetes_executor.py took 1.728 seconds
[2024-06-12T20:40:06.977+0000] {processor.py:153} INFO - Started process (PID=3608) to work on /home/airflow/.local/lib/python3.7/site-packages/airflow/example_dags/example_local_kubernetes_executor.py
[2024-06-12T20:40:06.987+0000] {processor.py:743} INFO - Processing file /home/airflow/.local/lib/python3.7/site-packages/airflow/example_dags/example_local_kubernetes_executor.py for tasks to queue
[2024-06-12T20:40:06.993+0000] {logging_mixin.py:137} INFO - [2024-06-12T20:40:06.992+0000] {dagbag.py:538} INFO - Filling up the DagBag from /home/airflow/.local/lib/python3.7/site-packages/airflow/example_dags/example_local_kubernetes_executor.py
[2024-06-12T20:40:07.546+0000] {processor.py:753} INFO - DAG(s) dict_keys(['example_local_kubernetes_executor']) retrieved from /home/airflow/.local/lib/python3.7/site-packages/airflow/example_dags/example_local_kubernetes_executor.py
[2024-06-12T20:40:08.059+0000] {logging_mixin.py:137} INFO - [2024-06-12T20:40:08.058+0000] {dag.py:2690} INFO - Sync 1 DAGs
[2024-06-12T20:40:08.601+0000] {logging_mixin.py:137} INFO - [2024-06-12T20:40:08.601+0000] {dag.py:3441} INFO - Setting next_dagrun for example_local_kubernetes_executor to None, run_after=None
[2024-06-12T20:40:08.792+0000] {processor.py:175} INFO - Processing /home/airflow/.local/lib/python3.7/site-packages/airflow/example_dags/example_local_kubernetes_executor.py took 1.867 seconds
[2024-06-12T20:41:15.392+0000] {processor.py:153} INFO - Started process (PID=3690) to work on /home/airflow/.local/lib/python3.7/site-packages/airflow/example_dags/example_local_kubernetes_executor.py
[2024-06-12T20:41:15.408+0000] {processor.py:743} INFO - Processing file /home/airflow/.local/lib/python3.7/site-packages/airflow/example_dags/example_local_kubernetes_executor.py for tasks to queue
[2024-06-12T20:41:15.455+0000] {logging_mixin.py:137} INFO - [2024-06-12T20:41:15.429+0000] {dagbag.py:538} INFO - Filling up the DagBag from /home/airflow/.local/lib/python3.7/site-packages/airflow/example_dags/example_local_kubernetes_executor.py
[2024-06-12T20:41:16.530+0000] {processor.py:753} INFO - DAG(s) dict_keys(['example_local_kubernetes_executor']) retrieved from /home/airflow/.local/lib/python3.7/site-packages/airflow/example_dags/example_local_kubernetes_executor.py
[2024-06-12T20:41:17.134+0000] {logging_mixin.py:137} INFO - [2024-06-12T20:41:17.134+0000] {dag.py:2690} INFO - Sync 1 DAGs
[2024-06-12T20:41:18.049+0000] {logging_mixin.py:137} INFO - [2024-06-12T20:41:18.049+0000] {dag.py:3441} INFO - Setting next_dagrun for example_local_kubernetes_executor to None, run_after=None
[2024-06-12T20:41:18.702+0000] {processor.py:175} INFO - Processing /home/airflow/.local/lib/python3.7/site-packages/airflow/example_dags/example_local_kubernetes_executor.py took 3.454 seconds
[2024-06-12T20:42:13.315+0000] {processor.py:153} INFO - Started process (PID=3755) to work on /home/airflow/.local/lib/python3.7/site-packages/airflow/example_dags/example_local_kubernetes_executor.py
[2024-06-12T20:42:13.321+0000] {processor.py:743} INFO - Processing file /home/airflow/.local/lib/python3.7/site-packages/airflow/example_dags/example_local_kubernetes_executor.py for tasks to queue
[2024-06-12T20:42:13.336+0000] {logging_mixin.py:137} INFO - [2024-06-12T20:42:13.336+0000] {dagbag.py:538} INFO - Filling up the DagBag from /home/airflow/.local/lib/python3.7/site-packages/airflow/example_dags/example_local_kubernetes_executor.py
[2024-06-12T20:42:13.724+0000] {processor.py:753} INFO - DAG(s) dict_keys(['example_local_kubernetes_executor']) retrieved from /home/airflow/.local/lib/python3.7/site-packages/airflow/example_dags/example_local_kubernetes_executor.py
[2024-06-12T20:42:14.268+0000] {logging_mixin.py:137} INFO - [2024-06-12T20:42:14.268+0000] {dag.py:2690} INFO - Sync 1 DAGs
[2024-06-12T20:42:15.050+0000] {logging_mixin.py:137} INFO - [2024-06-12T20:42:15.050+0000] {dag.py:3441} INFO - Setting next_dagrun for example_local_kubernetes_executor to None, run_after=None
[2024-06-12T20:42:15.644+0000] {processor.py:175} INFO - Processing /home/airflow/.local/lib/python3.7/site-packages/airflow/example_dags/example_local_kubernetes_executor.py took 2.420 seconds
[2024-06-12T20:44:00.209+0000] {processor.py:153} INFO - Started process (PID=3870) to work on /home/airflow/.local/lib/python3.7/site-packages/airflow/example_dags/example_local_kubernetes_executor.py
[2024-06-12T20:44:00.229+0000] {processor.py:743} INFO - Processing file /home/airflow/.local/lib/python3.7/site-packages/airflow/example_dags/example_local_kubernetes_executor.py for tasks to queue
[2024-06-12T20:44:00.247+0000] {logging_mixin.py:137} INFO - [2024-06-12T20:44:00.246+0000] {dagbag.py:538} INFO - Filling up the DagBag from /home/airflow/.local/lib/python3.7/site-packages/airflow/example_dags/example_local_kubernetes_executor.py
[2024-06-12T20:44:01.037+0000] {processor.py:753} INFO - DAG(s) dict_keys(['example_local_kubernetes_executor']) retrieved from /home/airflow/.local/lib/python3.7/site-packages/airflow/example_dags/example_local_kubernetes_executor.py
[2024-06-12T20:44:01.420+0000] {logging_mixin.py:137} INFO - [2024-06-12T20:44:01.420+0000] {dag.py:2690} INFO - Sync 1 DAGs
[2024-06-12T20:44:02.141+0000] {logging_mixin.py:137} INFO - [2024-06-12T20:44:02.140+0000] {dag.py:3441} INFO - Setting next_dagrun for example_local_kubernetes_executor to None, run_after=None
[2024-06-12T20:44:03.161+0000] {processor.py:175} INFO - Processing /home/airflow/.local/lib/python3.7/site-packages/airflow/example_dags/example_local_kubernetes_executor.py took 2.985 seconds
[2024-06-12T20:45:02.574+0000] {processor.py:153} INFO - Started process (PID=3946) to work on /home/airflow/.local/lib/python3.7/site-packages/airflow/example_dags/example_local_kubernetes_executor.py
[2024-06-12T20:45:02.589+0000] {processor.py:743} INFO - Processing file /home/airflow/.local/lib/python3.7/site-packages/airflow/example_dags/example_local_kubernetes_executor.py for tasks to queue
[2024-06-12T20:45:02.593+0000] {logging_mixin.py:137} INFO - [2024-06-12T20:45:02.593+0000] {dagbag.py:538} INFO - Filling up the DagBag from /home/airflow/.local/lib/python3.7/site-packages/airflow/example_dags/example_local_kubernetes_executor.py
[2024-06-12T20:45:02.898+0000] {processor.py:753} INFO - DAG(s) dict_keys(['example_local_kubernetes_executor']) retrieved from /home/airflow/.local/lib/python3.7/site-packages/airflow/example_dags/example_local_kubernetes_executor.py
[2024-06-12T20:45:03.275+0000] {logging_mixin.py:137} INFO - [2024-06-12T20:45:03.275+0000] {dag.py:2690} INFO - Sync 1 DAGs
[2024-06-12T20:45:04.137+0000] {logging_mixin.py:137} INFO - [2024-06-12T20:45:04.137+0000] {dag.py:3441} INFO - Setting next_dagrun for example_local_kubernetes_executor to None, run_after=None
[2024-06-12T20:45:04.735+0000] {processor.py:175} INFO - Processing /home/airflow/.local/lib/python3.7/site-packages/airflow/example_dags/example_local_kubernetes_executor.py took 2.221 seconds
[2024-06-12T20:45:57.650+0000] {processor.py:153} INFO - Started process (PID=4019) to work on /home/airflow/.local/lib/python3.7/site-packages/airflow/example_dags/example_local_kubernetes_executor.py
[2024-06-12T20:45:57.671+0000] {processor.py:743} INFO - Processing file /home/airflow/.local/lib/python3.7/site-packages/airflow/example_dags/example_local_kubernetes_executor.py for tasks to queue
[2024-06-12T20:45:57.683+0000] {logging_mixin.py:137} INFO - [2024-06-12T20:45:57.683+0000] {dagbag.py:538} INFO - Filling up the DagBag from /home/airflow/.local/lib/python3.7/site-packages/airflow/example_dags/example_local_kubernetes_executor.py
[2024-06-12T20:45:58.175+0000] {processor.py:753} INFO - DAG(s) dict_keys(['example_local_kubernetes_executor']) retrieved from /home/airflow/.local/lib/python3.7/site-packages/airflow/example_dags/example_local_kubernetes_executor.py
[2024-06-12T20:45:58.968+0000] {logging_mixin.py:137} INFO - [2024-06-12T20:45:58.968+0000] {dag.py:2690} INFO - Sync 1 DAGs
[2024-06-12T20:45:59.994+0000] {logging_mixin.py:137} INFO - [2024-06-12T20:45:59.994+0000] {dag.py:3441} INFO - Setting next_dagrun for example_local_kubernetes_executor to None, run_after=None
[2024-06-12T20:46:00.538+0000] {processor.py:175} INFO - Processing /home/airflow/.local/lib/python3.7/site-packages/airflow/example_dags/example_local_kubernetes_executor.py took 2.959 seconds
[2024-06-12T20:46:57.653+0000] {processor.py:153} INFO - Started process (PID=4093) to work on /home/airflow/.local/lib/python3.7/site-packages/airflow/example_dags/example_local_kubernetes_executor.py
[2024-06-12T20:46:57.699+0000] {processor.py:743} INFO - Processing file /home/airflow/.local/lib/python3.7/site-packages/airflow/example_dags/example_local_kubernetes_executor.py for tasks to queue
[2024-06-12T20:46:57.716+0000] {logging_mixin.py:137} INFO - [2024-06-12T20:46:57.716+0000] {dagbag.py:538} INFO - Filling up the DagBag from /home/airflow/.local/lib/python3.7/site-packages/airflow/example_dags/example_local_kubernetes_executor.py
[2024-06-12T20:46:58.485+0000] {processor.py:753} INFO - DAG(s) dict_keys(['example_local_kubernetes_executor']) retrieved from /home/airflow/.local/lib/python3.7/site-packages/airflow/example_dags/example_local_kubernetes_executor.py
[2024-06-12T20:46:59.680+0000] {logging_mixin.py:137} INFO - [2024-06-12T20:46:59.680+0000] {dag.py:2690} INFO - Sync 1 DAGs
[2024-06-12T20:47:00.635+0000] {logging_mixin.py:137} INFO - [2024-06-12T20:47:00.634+0000] {dag.py:3441} INFO - Setting next_dagrun for example_local_kubernetes_executor to None, run_after=None
[2024-06-12T20:47:01.177+0000] {processor.py:175} INFO - Processing /home/airflow/.local/lib/python3.7/site-packages/airflow/example_dags/example_local_kubernetes_executor.py took 3.651 seconds
