[2024-06-12T19:43:57.100+0000] {processor.py:153} INFO - Started process (PID=199) to work on /home/airflow/.local/lib/python3.7/site-packages/airflow/example_dags/example_short_circuit_operator.py
[2024-06-12T19:43:57.221+0000] {processor.py:743} INFO - Processing file /home/airflow/.local/lib/python3.7/site-packages/airflow/example_dags/example_short_circuit_operator.py for tasks to queue
[2024-06-12T19:43:57.411+0000] {logging_mixin.py:137} INFO - [2024-06-12T19:43:57.411+0000] {dagbag.py:538} INFO - Filling up the DagBag from /home/airflow/.local/lib/python3.7/site-packages/airflow/example_dags/example_short_circuit_operator.py
[2024-06-12T19:43:58.288+0000] {processor.py:753} INFO - DAG(s) dict_keys(['example_short_circuit_operator']) retrieved from /home/airflow/.local/lib/python3.7/site-packages/airflow/example_dags/example_short_circuit_operator.py
[2024-06-12T19:43:59.364+0000] {logging_mixin.py:137} INFO - [2024-06-12T19:43:59.364+0000] {dag.py:2690} INFO - Sync 1 DAGs
[2024-06-12T19:44:00.592+0000] {logging_mixin.py:137} INFO - [2024-06-12T19:44:00.591+0000] {dag.py:3441} INFO - Setting next_dagrun for example_short_circuit_operator to 2024-06-11T19:44:00.590435+00:00, run_after=2024-06-12T19:44:00.590435+00:00
[2024-06-12T19:44:01.191+0000] {processor.py:175} INFO - Processing /home/airflow/.local/lib/python3.7/site-packages/airflow/example_dags/example_short_circuit_operator.py took 4.143 seconds
[2024-06-12T19:47:39.548+0000] {processor.py:153} INFO - Started process (PID=377) to work on /home/airflow/.local/lib/python3.7/site-packages/airflow/example_dags/example_short_circuit_operator.py
[2024-06-12T19:47:39.563+0000] {processor.py:743} INFO - Processing file /home/airflow/.local/lib/python3.7/site-packages/airflow/example_dags/example_short_circuit_operator.py for tasks to queue
[2024-06-12T19:47:39.584+0000] {logging_mixin.py:137} INFO - [2024-06-12T19:47:39.584+0000] {dagbag.py:538} INFO - Filling up the DagBag from /home/airflow/.local/lib/python3.7/site-packages/airflow/example_dags/example_short_circuit_operator.py
[2024-06-12T19:47:40.023+0000] {processor.py:753} INFO - DAG(s) dict_keys(['example_short_circuit_operator']) retrieved from /home/airflow/.local/lib/python3.7/site-packages/airflow/example_dags/example_short_circuit_operator.py
[2024-06-12T19:47:41.236+0000] {logging_mixin.py:137} INFO - [2024-06-12T19:47:41.236+0000] {dag.py:2690} INFO - Sync 1 DAGs
[2024-06-12T19:47:42.836+0000] {logging_mixin.py:137} INFO - [2024-06-12T19:47:42.692+0000] {dag.py:3441} INFO - Setting next_dagrun for example_short_circuit_operator to 2024-06-11T19:47:42.692194+00:00, run_after=2024-06-12T19:47:42.692194+00:00
[2024-06-12T19:47:43.617+0000] {processor.py:175} INFO - Processing /home/airflow/.local/lib/python3.7/site-packages/airflow/example_dags/example_short_circuit_operator.py took 4.140 seconds
[2024-06-12T19:48:26.104+0000] {processor.py:153} INFO - Started process (PID=453) to work on /home/airflow/.local/lib/python3.7/site-packages/airflow/example_dags/example_short_circuit_operator.py
[2024-06-12T19:48:26.119+0000] {processor.py:743} INFO - Processing file /home/airflow/.local/lib/python3.7/site-packages/airflow/example_dags/example_short_circuit_operator.py for tasks to queue
[2024-06-12T19:48:26.122+0000] {logging_mixin.py:137} INFO - [2024-06-12T19:48:26.121+0000] {dagbag.py:538} INFO - Filling up the DagBag from /home/airflow/.local/lib/python3.7/site-packages/airflow/example_dags/example_short_circuit_operator.py
[2024-06-12T19:48:26.363+0000] {processor.py:753} INFO - DAG(s) dict_keys(['example_short_circuit_operator']) retrieved from /home/airflow/.local/lib/python3.7/site-packages/airflow/example_dags/example_short_circuit_operator.py
[2024-06-12T19:48:26.687+0000] {logging_mixin.py:137} INFO - [2024-06-12T19:48:26.687+0000] {dag.py:2690} INFO - Sync 1 DAGs
[2024-06-12T19:48:26.958+0000] {logging_mixin.py:137} INFO - [2024-06-12T19:48:26.957+0000] {dag.py:3441} INFO - Setting next_dagrun for example_short_circuit_operator to 2024-06-11T19:48:26.956287+00:00, run_after=2024-06-12T19:48:26.956287+00:00
[2024-06-12T19:48:27.050+0000] {processor.py:175} INFO - Processing /home/airflow/.local/lib/python3.7/site-packages/airflow/example_dags/example_short_circuit_operator.py took 0.970 seconds
[2024-06-12T19:49:01.168+0000] {processor.py:153} INFO - Started process (PID=517) to work on /home/airflow/.local/lib/python3.7/site-packages/airflow/example_dags/example_short_circuit_operator.py
[2024-06-12T19:49:01.181+0000] {processor.py:743} INFO - Processing file /home/airflow/.local/lib/python3.7/site-packages/airflow/example_dags/example_short_circuit_operator.py for tasks to queue
[2024-06-12T19:49:01.184+0000] {logging_mixin.py:137} INFO - [2024-06-12T19:49:01.183+0000] {dagbag.py:538} INFO - Filling up the DagBag from /home/airflow/.local/lib/python3.7/site-packages/airflow/example_dags/example_short_circuit_operator.py
[2024-06-12T19:49:01.370+0000] {processor.py:753} INFO - DAG(s) dict_keys(['example_short_circuit_operator']) retrieved from /home/airflow/.local/lib/python3.7/site-packages/airflow/example_dags/example_short_circuit_operator.py
[2024-06-12T19:49:01.638+0000] {logging_mixin.py:137} INFO - [2024-06-12T19:49:01.624+0000] {dag.py:2690} INFO - Sync 1 DAGs
[2024-06-12T19:49:01.934+0000] {logging_mixin.py:137} INFO - [2024-06-12T19:49:01.933+0000] {dag.py:3441} INFO - Setting next_dagrun for example_short_circuit_operator to 2024-06-11T19:49:01.933406+00:00, run_after=2024-06-12T19:49:01.933406+00:00
[2024-06-12T19:49:02.271+0000] {processor.py:175} INFO - Processing /home/airflow/.local/lib/python3.7/site-packages/airflow/example_dags/example_short_circuit_operator.py took 1.110 seconds
[2024-06-12T19:49:33.105+0000] {processor.py:153} INFO - Started process (PID=576) to work on /home/airflow/.local/lib/python3.7/site-packages/airflow/example_dags/example_short_circuit_operator.py
[2024-06-12T19:49:33.126+0000] {processor.py:743} INFO - Processing file /home/airflow/.local/lib/python3.7/site-packages/airflow/example_dags/example_short_circuit_operator.py for tasks to queue
[2024-06-12T19:49:33.130+0000] {logging_mixin.py:137} INFO - [2024-06-12T19:49:33.130+0000] {dagbag.py:538} INFO - Filling up the DagBag from /home/airflow/.local/lib/python3.7/site-packages/airflow/example_dags/example_short_circuit_operator.py
[2024-06-12T19:49:33.381+0000] {processor.py:753} INFO - DAG(s) dict_keys(['example_short_circuit_operator']) retrieved from /home/airflow/.local/lib/python3.7/site-packages/airflow/example_dags/example_short_circuit_operator.py
[2024-06-12T19:49:33.537+0000] {logging_mixin.py:137} INFO - [2024-06-12T19:49:33.536+0000] {dag.py:2690} INFO - Sync 1 DAGs
[2024-06-12T19:49:33.788+0000] {logging_mixin.py:137} INFO - [2024-06-12T19:49:33.787+0000] {dag.py:3441} INFO - Setting next_dagrun for example_short_circuit_operator to 2024-06-11T19:49:33.787323+00:00, run_after=2024-06-12T19:49:33.787323+00:00
[2024-06-12T19:49:33.991+0000] {processor.py:175} INFO - Processing /home/airflow/.local/lib/python3.7/site-packages/airflow/example_dags/example_short_circuit_operator.py took 0.901 seconds
[2024-06-12T19:50:07.335+0000] {processor.py:153} INFO - Started process (PID=633) to work on /home/airflow/.local/lib/python3.7/site-packages/airflow/example_dags/example_short_circuit_operator.py
[2024-06-12T19:50:07.352+0000] {processor.py:743} INFO - Processing file /home/airflow/.local/lib/python3.7/site-packages/airflow/example_dags/example_short_circuit_operator.py for tasks to queue
[2024-06-12T19:50:07.374+0000] {logging_mixin.py:137} INFO - [2024-06-12T19:50:07.373+0000] {dagbag.py:538} INFO - Filling up the DagBag from /home/airflow/.local/lib/python3.7/site-packages/airflow/example_dags/example_short_circuit_operator.py
[2024-06-12T19:50:07.493+0000] {processor.py:753} INFO - DAG(s) dict_keys(['example_short_circuit_operator']) retrieved from /home/airflow/.local/lib/python3.7/site-packages/airflow/example_dags/example_short_circuit_operator.py
[2024-06-12T19:50:07.842+0000] {logging_mixin.py:137} INFO - [2024-06-12T19:50:07.841+0000] {dag.py:2690} INFO - Sync 1 DAGs
[2024-06-12T19:50:08.272+0000] {logging_mixin.py:137} INFO - [2024-06-12T19:50:08.272+0000] {dag.py:3441} INFO - Setting next_dagrun for example_short_circuit_operator to 2024-06-11T19:50:08.262645+00:00, run_after=2024-06-12T19:50:08.262645+00:00
[2024-06-12T19:50:08.547+0000] {processor.py:175} INFO - Processing /home/airflow/.local/lib/python3.7/site-packages/airflow/example_dags/example_short_circuit_operator.py took 1.234 seconds
[2024-06-12T19:51:22.468+0000] {processor.py:153} INFO - Started process (PID=718) to work on /home/airflow/.local/lib/python3.7/site-packages/airflow/example_dags/example_short_circuit_operator.py
[2024-06-12T19:51:22.492+0000] {processor.py:743} INFO - Processing file /home/airflow/.local/lib/python3.7/site-packages/airflow/example_dags/example_short_circuit_operator.py for tasks to queue
[2024-06-12T19:51:22.518+0000] {logging_mixin.py:137} INFO - [2024-06-12T19:51:22.518+0000] {dagbag.py:538} INFO - Filling up the DagBag from /home/airflow/.local/lib/python3.7/site-packages/airflow/example_dags/example_short_circuit_operator.py
[2024-06-12T19:51:23.125+0000] {processor.py:753} INFO - DAG(s) dict_keys(['example_short_circuit_operator']) retrieved from /home/airflow/.local/lib/python3.7/site-packages/airflow/example_dags/example_short_circuit_operator.py
[2024-06-12T19:51:23.802+0000] {logging_mixin.py:137} INFO - [2024-06-12T19:51:23.801+0000] {dag.py:2690} INFO - Sync 1 DAGs
[2024-06-12T19:51:24.532+0000] {logging_mixin.py:137} INFO - [2024-06-12T19:51:24.532+0000] {dag.py:3441} INFO - Setting next_dagrun for example_short_circuit_operator to 2024-06-11T19:51:24.531201+00:00, run_after=2024-06-12T19:51:24.531201+00:00
[2024-06-12T19:51:25.203+0000] {processor.py:175} INFO - Processing /home/airflow/.local/lib/python3.7/site-packages/airflow/example_dags/example_short_circuit_operator.py took 2.791 seconds
[2024-06-12T19:52:16.354+0000] {processor.py:153} INFO - Started process (PID=787) to work on /home/airflow/.local/lib/python3.7/site-packages/airflow/example_dags/example_short_circuit_operator.py
[2024-06-12T19:52:16.367+0000] {processor.py:743} INFO - Processing file /home/airflow/.local/lib/python3.7/site-packages/airflow/example_dags/example_short_circuit_operator.py for tasks to queue
[2024-06-12T19:52:16.449+0000] {logging_mixin.py:137} INFO - [2024-06-12T19:52:16.448+0000] {dagbag.py:538} INFO - Filling up the DagBag from /home/airflow/.local/lib/python3.7/site-packages/airflow/example_dags/example_short_circuit_operator.py
[2024-06-12T19:52:16.834+0000] {processor.py:753} INFO - DAG(s) dict_keys(['example_short_circuit_operator']) retrieved from /home/airflow/.local/lib/python3.7/site-packages/airflow/example_dags/example_short_circuit_operator.py
[2024-06-12T19:52:17.568+0000] {logging_mixin.py:137} INFO - [2024-06-12T19:52:17.567+0000] {dag.py:2690} INFO - Sync 1 DAGs
[2024-06-12T19:52:17.933+0000] {logging_mixin.py:137} INFO - [2024-06-12T19:52:17.932+0000] {dag.py:3441} INFO - Setting next_dagrun for example_short_circuit_operator to 2024-06-11T19:52:17.931906+00:00, run_after=2024-06-12T19:52:17.931906+00:00
[2024-06-12T19:52:18.289+0000] {processor.py:175} INFO - Processing /home/airflow/.local/lib/python3.7/site-packages/airflow/example_dags/example_short_circuit_operator.py took 2.004 seconds
[2024-06-12T19:53:02.957+0000] {processor.py:153} INFO - Started process (PID=855) to work on /home/airflow/.local/lib/python3.7/site-packages/airflow/example_dags/example_short_circuit_operator.py
[2024-06-12T19:53:02.978+0000] {processor.py:743} INFO - Processing file /home/airflow/.local/lib/python3.7/site-packages/airflow/example_dags/example_short_circuit_operator.py for tasks to queue
[2024-06-12T19:53:02.991+0000] {logging_mixin.py:137} INFO - [2024-06-12T19:53:02.991+0000] {dagbag.py:538} INFO - Filling up the DagBag from /home/airflow/.local/lib/python3.7/site-packages/airflow/example_dags/example_short_circuit_operator.py
[2024-06-12T19:53:03.369+0000] {processor.py:753} INFO - DAG(s) dict_keys(['example_short_circuit_operator']) retrieved from /home/airflow/.local/lib/python3.7/site-packages/airflow/example_dags/example_short_circuit_operator.py
[2024-06-12T19:53:03.524+0000] {logging_mixin.py:137} INFO - [2024-06-12T19:53:03.524+0000] {dag.py:2690} INFO - Sync 1 DAGs
[2024-06-12T19:53:03.916+0000] {logging_mixin.py:137} INFO - [2024-06-12T19:53:03.916+0000] {dag.py:3441} INFO - Setting next_dagrun for example_short_circuit_operator to 2024-06-11T19:53:03.916001+00:00, run_after=2024-06-12T19:53:03.916001+00:00
[2024-06-12T19:53:04.060+0000] {processor.py:175} INFO - Processing /home/airflow/.local/lib/python3.7/site-packages/airflow/example_dags/example_short_circuit_operator.py took 1.164 seconds
[2024-06-12T19:53:43.840+0000] {processor.py:153} INFO - Started process (PID=919) to work on /home/airflow/.local/lib/python3.7/site-packages/airflow/example_dags/example_short_circuit_operator.py
[2024-06-12T19:53:43.843+0000] {processor.py:743} INFO - Processing file /home/airflow/.local/lib/python3.7/site-packages/airflow/example_dags/example_short_circuit_operator.py for tasks to queue
[2024-06-12T19:53:43.845+0000] {logging_mixin.py:137} INFO - [2024-06-12T19:53:43.845+0000] {dagbag.py:538} INFO - Filling up the DagBag from /home/airflow/.local/lib/python3.7/site-packages/airflow/example_dags/example_short_circuit_operator.py
[2024-06-12T19:53:43.922+0000] {processor.py:753} INFO - DAG(s) dict_keys(['example_short_circuit_operator']) retrieved from /home/airflow/.local/lib/python3.7/site-packages/airflow/example_dags/example_short_circuit_operator.py
[2024-06-12T19:53:44.296+0000] {logging_mixin.py:137} INFO - [2024-06-12T19:53:44.295+0000] {dag.py:2690} INFO - Sync 1 DAGs
[2024-06-12T19:53:44.993+0000] {logging_mixin.py:137} INFO - [2024-06-12T19:53:44.992+0000] {dag.py:3441} INFO - Setting next_dagrun for example_short_circuit_operator to 2024-06-11T19:53:44.990406+00:00, run_after=2024-06-12T19:53:44.990406+00:00
[2024-06-12T19:53:45.456+0000] {processor.py:175} INFO - Processing /home/airflow/.local/lib/python3.7/site-packages/airflow/example_dags/example_short_circuit_operator.py took 1.670 seconds
[2024-06-12T19:54:21.984+0000] {processor.py:153} INFO - Started process (PID=983) to work on /home/airflow/.local/lib/python3.7/site-packages/airflow/example_dags/example_short_circuit_operator.py
[2024-06-12T19:54:22.002+0000] {processor.py:743} INFO - Processing file /home/airflow/.local/lib/python3.7/site-packages/airflow/example_dags/example_short_circuit_operator.py for tasks to queue
[2024-06-12T19:54:22.014+0000] {logging_mixin.py:137} INFO - [2024-06-12T19:54:22.014+0000] {dagbag.py:538} INFO - Filling up the DagBag from /home/airflow/.local/lib/python3.7/site-packages/airflow/example_dags/example_short_circuit_operator.py
[2024-06-12T19:54:22.237+0000] {processor.py:753} INFO - DAG(s) dict_keys(['example_short_circuit_operator']) retrieved from /home/airflow/.local/lib/python3.7/site-packages/airflow/example_dags/example_short_circuit_operator.py
[2024-06-12T19:54:22.849+0000] {logging_mixin.py:137} INFO - [2024-06-12T19:54:22.849+0000] {dag.py:2690} INFO - Sync 1 DAGs
[2024-06-12T19:54:23.316+0000] {logging_mixin.py:137} INFO - [2024-06-12T19:54:23.316+0000] {dag.py:3441} INFO - Setting next_dagrun for example_short_circuit_operator to 2024-06-11T19:54:23.315903+00:00, run_after=2024-06-12T19:54:23.315903+00:00
[2024-06-12T19:54:23.419+0000] {processor.py:175} INFO - Processing /home/airflow/.local/lib/python3.7/site-packages/airflow/example_dags/example_short_circuit_operator.py took 1.470 seconds
[2024-06-12T19:55:17.658+0000] {processor.py:153} INFO - Started process (PID=1043) to work on /home/airflow/.local/lib/python3.7/site-packages/airflow/example_dags/example_short_circuit_operator.py
[2024-06-12T19:55:17.677+0000] {processor.py:743} INFO - Processing file /home/airflow/.local/lib/python3.7/site-packages/airflow/example_dags/example_short_circuit_operator.py for tasks to queue
[2024-06-12T19:55:17.695+0000] {logging_mixin.py:137} INFO - [2024-06-12T19:55:17.694+0000] {dagbag.py:538} INFO - Filling up the DagBag from /home/airflow/.local/lib/python3.7/site-packages/airflow/example_dags/example_short_circuit_operator.py
[2024-06-12T19:55:17.939+0000] {processor.py:753} INFO - DAG(s) dict_keys(['example_short_circuit_operator']) retrieved from /home/airflow/.local/lib/python3.7/site-packages/airflow/example_dags/example_short_circuit_operator.py
[2024-06-12T19:55:18.148+0000] {logging_mixin.py:137} INFO - [2024-06-12T19:55:18.148+0000] {dag.py:2690} INFO - Sync 1 DAGs
[2024-06-12T19:55:18.422+0000] {logging_mixin.py:137} INFO - [2024-06-12T19:55:18.421+0000] {dag.py:3441} INFO - Setting next_dagrun for example_short_circuit_operator to 2024-06-11T19:55:18.420777+00:00, run_after=2024-06-12T19:55:18.420777+00:00
[2024-06-12T19:55:18.696+0000] {processor.py:175} INFO - Processing /home/airflow/.local/lib/python3.7/site-packages/airflow/example_dags/example_short_circuit_operator.py took 1.096 seconds
[2024-06-12T19:56:06.882+0000] {processor.py:153} INFO - Started process (PID=1116) to work on /home/airflow/.local/lib/python3.7/site-packages/airflow/example_dags/example_short_circuit_operator.py
[2024-06-12T19:56:06.912+0000] {processor.py:743} INFO - Processing file /home/airflow/.local/lib/python3.7/site-packages/airflow/example_dags/example_short_circuit_operator.py for tasks to queue
[2024-06-12T19:56:06.939+0000] {logging_mixin.py:137} INFO - [2024-06-12T19:56:06.939+0000] {dagbag.py:538} INFO - Filling up the DagBag from /home/airflow/.local/lib/python3.7/site-packages/airflow/example_dags/example_short_circuit_operator.py
[2024-06-12T19:56:07.155+0000] {processor.py:753} INFO - DAG(s) dict_keys(['example_short_circuit_operator']) retrieved from /home/airflow/.local/lib/python3.7/site-packages/airflow/example_dags/example_short_circuit_operator.py
[2024-06-12T19:56:07.364+0000] {logging_mixin.py:137} INFO - [2024-06-12T19:56:07.362+0000] {dag.py:2690} INFO - Sync 1 DAGs
[2024-06-12T19:56:07.564+0000] {logging_mixin.py:137} INFO - [2024-06-12T19:56:07.564+0000] {dag.py:3441} INFO - Setting next_dagrun for example_short_circuit_operator to 2024-06-11T19:56:07.563647+00:00, run_after=2024-06-12T19:56:07.563647+00:00
[2024-06-12T19:56:07.776+0000] {processor.py:175} INFO - Processing /home/airflow/.local/lib/python3.7/site-packages/airflow/example_dags/example_short_circuit_operator.py took 0.901 seconds
[2024-06-12T19:56:47.428+0000] {processor.py:153} INFO - Started process (PID=1176) to work on /home/airflow/.local/lib/python3.7/site-packages/airflow/example_dags/example_short_circuit_operator.py
[2024-06-12T19:56:47.493+0000] {processor.py:743} INFO - Processing file /home/airflow/.local/lib/python3.7/site-packages/airflow/example_dags/example_short_circuit_operator.py for tasks to queue
[2024-06-12T19:56:47.551+0000] {logging_mixin.py:137} INFO - [2024-06-12T19:56:47.550+0000] {dagbag.py:538} INFO - Filling up the DagBag from /home/airflow/.local/lib/python3.7/site-packages/airflow/example_dags/example_short_circuit_operator.py
[2024-06-12T19:56:48.168+0000] {processor.py:753} INFO - DAG(s) dict_keys(['example_short_circuit_operator']) retrieved from /home/airflow/.local/lib/python3.7/site-packages/airflow/example_dags/example_short_circuit_operator.py
[2024-06-12T19:56:48.996+0000] {logging_mixin.py:137} INFO - [2024-06-12T19:56:48.995+0000] {dag.py:2690} INFO - Sync 1 DAGs
[2024-06-12T19:56:49.729+0000] {logging_mixin.py:137} INFO - [2024-06-12T19:56:49.729+0000] {dag.py:3441} INFO - Setting next_dagrun for example_short_circuit_operator to 2024-06-11T19:56:49.728555+00:00, run_after=2024-06-12T19:56:49.728555+00:00
[2024-06-12T19:56:50.194+0000] {processor.py:175} INFO - Processing /home/airflow/.local/lib/python3.7/site-packages/airflow/example_dags/example_short_circuit_operator.py took 2.936 seconds
[2024-06-12T19:58:16.623+0000] {processor.py:153} INFO - Started process (PID=1265) to work on /home/airflow/.local/lib/python3.7/site-packages/airflow/example_dags/example_short_circuit_operator.py
[2024-06-12T19:58:16.666+0000] {processor.py:743} INFO - Processing file /home/airflow/.local/lib/python3.7/site-packages/airflow/example_dags/example_short_circuit_operator.py for tasks to queue
[2024-06-12T19:58:16.699+0000] {logging_mixin.py:137} INFO - [2024-06-12T19:58:16.698+0000] {dagbag.py:538} INFO - Filling up the DagBag from /home/airflow/.local/lib/python3.7/site-packages/airflow/example_dags/example_short_circuit_operator.py
[2024-06-12T19:58:17.498+0000] {processor.py:753} INFO - DAG(s) dict_keys(['example_short_circuit_operator']) retrieved from /home/airflow/.local/lib/python3.7/site-packages/airflow/example_dags/example_short_circuit_operator.py
[2024-06-12T19:58:18.445+0000] {logging_mixin.py:137} INFO - [2024-06-12T19:58:18.434+0000] {dag.py:2690} INFO - Sync 1 DAGs
[2024-06-12T19:58:19.597+0000] {logging_mixin.py:137} INFO - [2024-06-12T19:58:19.597+0000] {dag.py:3441} INFO - Setting next_dagrun for example_short_circuit_operator to 2024-06-11T19:58:19.596595+00:00, run_after=2024-06-12T19:58:19.596595+00:00
[2024-06-12T19:58:20.429+0000] {processor.py:175} INFO - Processing /home/airflow/.local/lib/python3.7/site-packages/airflow/example_dags/example_short_circuit_operator.py took 3.825 seconds
[2024-06-12T20:02:28.121+0000] {processor.py:153} INFO - Started process (PID=1463) to work on /home/airflow/.local/lib/python3.7/site-packages/airflow/example_dags/example_short_circuit_operator.py
[2024-06-12T20:02:28.171+0000] {processor.py:743} INFO - Processing file /home/airflow/.local/lib/python3.7/site-packages/airflow/example_dags/example_short_circuit_operator.py for tasks to queue
[2024-06-12T20:02:28.296+0000] {logging_mixin.py:137} INFO - [2024-06-12T20:02:28.295+0000] {dagbag.py:538} INFO - Filling up the DagBag from /home/airflow/.local/lib/python3.7/site-packages/airflow/example_dags/example_short_circuit_operator.py
[2024-06-12T20:02:29.309+0000] {processor.py:753} INFO - DAG(s) dict_keys(['example_short_circuit_operator']) retrieved from /home/airflow/.local/lib/python3.7/site-packages/airflow/example_dags/example_short_circuit_operator.py
[2024-06-12T20:02:30.389+0000] {logging_mixin.py:137} INFO - [2024-06-12T20:02:30.389+0000] {dag.py:2690} INFO - Sync 1 DAGs
[2024-06-12T20:02:31.987+0000] {logging_mixin.py:137} INFO - [2024-06-12T20:02:31.986+0000] {dag.py:3441} INFO - Setting next_dagrun for example_short_circuit_operator to 2024-06-11T20:02:31.986395+00:00, run_after=2024-06-12T20:02:31.986395+00:00
[2024-06-12T20:02:33.968+0000] {processor.py:175} INFO - Processing /home/airflow/.local/lib/python3.7/site-packages/airflow/example_dags/example_short_circuit_operator.py took 5.782 seconds
[2024-06-12T20:08:13.639+0000] {processor.py:153} INFO - Started process (PID=1709) to work on /home/airflow/.local/lib/python3.7/site-packages/airflow/example_dags/example_short_circuit_operator.py
[2024-06-12T20:08:13.668+0000] {processor.py:743} INFO - Processing file /home/airflow/.local/lib/python3.7/site-packages/airflow/example_dags/example_short_circuit_operator.py for tasks to queue
[2024-06-12T20:08:13.702+0000] {logging_mixin.py:137} INFO - [2024-06-12T20:08:13.701+0000] {dagbag.py:538} INFO - Filling up the DagBag from /home/airflow/.local/lib/python3.7/site-packages/airflow/example_dags/example_short_circuit_operator.py
[2024-06-12T20:08:15.955+0000] {processor.py:753} INFO - DAG(s) dict_keys(['example_short_circuit_operator']) retrieved from /home/airflow/.local/lib/python3.7/site-packages/airflow/example_dags/example_short_circuit_operator.py
[2024-06-12T20:08:18.783+0000] {logging_mixin.py:137} INFO - [2024-06-12T20:08:18.783+0000] {dag.py:2690} INFO - Sync 1 DAGs
[2024-06-12T20:08:24.881+0000] {logging_mixin.py:137} INFO - [2024-06-12T20:08:24.880+0000] {dag.py:3441} INFO - Setting next_dagrun for example_short_circuit_operator to 2024-06-11T20:08:24.879455+00:00, run_after=2024-06-12T20:08:24.879455+00:00
[2024-06-12T20:08:28.814+0000] {processor.py:175} INFO - Processing /home/airflow/.local/lib/python3.7/site-packages/airflow/example_dags/example_short_circuit_operator.py took 15.497 seconds
[2024-06-12T20:13:43.698+0000] {processor.py:153} INFO - Started process (PID=1968) to work on /home/airflow/.local/lib/python3.7/site-packages/airflow/example_dags/example_short_circuit_operator.py
[2024-06-12T20:13:43.751+0000] {processor.py:743} INFO - Processing file /home/airflow/.local/lib/python3.7/site-packages/airflow/example_dags/example_short_circuit_operator.py for tasks to queue
[2024-06-12T20:13:43.770+0000] {logging_mixin.py:137} INFO - [2024-06-12T20:13:43.770+0000] {dagbag.py:538} INFO - Filling up the DagBag from /home/airflow/.local/lib/python3.7/site-packages/airflow/example_dags/example_short_circuit_operator.py
[2024-06-12T20:13:44.195+0000] {processor.py:753} INFO - DAG(s) dict_keys(['example_short_circuit_operator']) retrieved from /home/airflow/.local/lib/python3.7/site-packages/airflow/example_dags/example_short_circuit_operator.py
[2024-06-12T20:13:44.969+0000] {logging_mixin.py:137} INFO - [2024-06-12T20:13:44.935+0000] {dag.py:2690} INFO - Sync 1 DAGs
[2024-06-12T20:13:45.511+0000] {logging_mixin.py:137} INFO - [2024-06-12T20:13:45.511+0000] {dag.py:3441} INFO - Setting next_dagrun for example_short_circuit_operator to 2024-06-11T20:13:45.509573+00:00, run_after=2024-06-12T20:13:45.509573+00:00
[2024-06-12T20:13:45.904+0000] {processor.py:175} INFO - Processing /home/airflow/.local/lib/python3.7/site-packages/airflow/example_dags/example_short_circuit_operator.py took 2.281 seconds
[2024-06-12T20:15:17.133+0000] {processor.py:153} INFO - Started process (PID=2079) to work on /home/airflow/.local/lib/python3.7/site-packages/airflow/example_dags/example_short_circuit_operator.py
[2024-06-12T20:15:17.147+0000] {processor.py:743} INFO - Processing file /home/airflow/.local/lib/python3.7/site-packages/airflow/example_dags/example_short_circuit_operator.py for tasks to queue
[2024-06-12T20:15:17.164+0000] {logging_mixin.py:137} INFO - [2024-06-12T20:15:17.164+0000] {dagbag.py:538} INFO - Filling up the DagBag from /home/airflow/.local/lib/python3.7/site-packages/airflow/example_dags/example_short_circuit_operator.py
[2024-06-12T20:15:17.608+0000] {processor.py:753} INFO - DAG(s) dict_keys(['example_short_circuit_operator']) retrieved from /home/airflow/.local/lib/python3.7/site-packages/airflow/example_dags/example_short_circuit_operator.py
[2024-06-12T20:15:18.243+0000] {logging_mixin.py:137} INFO - [2024-06-12T20:15:18.243+0000] {dag.py:2690} INFO - Sync 1 DAGs
[2024-06-12T20:15:19.168+0000] {logging_mixin.py:137} INFO - [2024-06-12T20:15:19.167+0000] {dag.py:3441} INFO - Setting next_dagrun for example_short_circuit_operator to 2024-06-11T20:15:19.167477+00:00, run_after=2024-06-12T20:15:19.167477+00:00
[2024-06-12T20:15:19.869+0000] {processor.py:175} INFO - Processing /home/airflow/.local/lib/python3.7/site-packages/airflow/example_dags/example_short_circuit_operator.py took 2.853 seconds
[2024-06-12T20:16:22.076+0000] {processor.py:153} INFO - Started process (PID=2159) to work on /home/airflow/.local/lib/python3.7/site-packages/airflow/example_dags/example_short_circuit_operator.py
[2024-06-12T20:16:22.096+0000] {processor.py:743} INFO - Processing file /home/airflow/.local/lib/python3.7/site-packages/airflow/example_dags/example_short_circuit_operator.py for tasks to queue
[2024-06-12T20:16:22.151+0000] {logging_mixin.py:137} INFO - [2024-06-12T20:16:22.124+0000] {dagbag.py:538} INFO - Filling up the DagBag from /home/airflow/.local/lib/python3.7/site-packages/airflow/example_dags/example_short_circuit_operator.py
[2024-06-12T20:16:22.495+0000] {processor.py:753} INFO - DAG(s) dict_keys(['example_short_circuit_operator']) retrieved from /home/airflow/.local/lib/python3.7/site-packages/airflow/example_dags/example_short_circuit_operator.py
[2024-06-12T20:16:22.700+0000] {logging_mixin.py:137} INFO - [2024-06-12T20:16:22.699+0000] {dag.py:2690} INFO - Sync 1 DAGs
[2024-06-12T20:16:22.899+0000] {logging_mixin.py:137} INFO - [2024-06-12T20:16:22.899+0000] {dag.py:3441} INFO - Setting next_dagrun for example_short_circuit_operator to 2024-06-11T20:16:22.898715+00:00, run_after=2024-06-12T20:16:22.898715+00:00
[2024-06-12T20:16:23.403+0000] {processor.py:175} INFO - Processing /home/airflow/.local/lib/python3.7/site-packages/airflow/example_dags/example_short_circuit_operator.py took 1.374 seconds
[2024-06-12T20:17:51.913+0000] {processor.py:153} INFO - Started process (PID=2254) to work on /home/airflow/.local/lib/python3.7/site-packages/airflow/example_dags/example_short_circuit_operator.py
[2024-06-12T20:17:51.920+0000] {processor.py:743} INFO - Processing file /home/airflow/.local/lib/python3.7/site-packages/airflow/example_dags/example_short_circuit_operator.py for tasks to queue
[2024-06-12T20:17:51.969+0000] {logging_mixin.py:137} INFO - [2024-06-12T20:17:51.969+0000] {dagbag.py:538} INFO - Filling up the DagBag from /home/airflow/.local/lib/python3.7/site-packages/airflow/example_dags/example_short_circuit_operator.py
[2024-06-12T20:17:52.307+0000] {processor.py:753} INFO - DAG(s) dict_keys(['example_short_circuit_operator']) retrieved from /home/airflow/.local/lib/python3.7/site-packages/airflow/example_dags/example_short_circuit_operator.py
[2024-06-12T20:17:52.863+0000] {logging_mixin.py:137} INFO - [2024-06-12T20:17:52.863+0000] {dag.py:2690} INFO - Sync 1 DAGs
[2024-06-12T20:17:53.983+0000] {logging_mixin.py:137} INFO - [2024-06-12T20:17:53.983+0000] {dag.py:3441} INFO - Setting next_dagrun for example_short_circuit_operator to 2024-06-11T20:17:53.982479+00:00, run_after=2024-06-12T20:17:53.982479+00:00
[2024-06-12T20:17:54.278+0000] {processor.py:175} INFO - Processing /home/airflow/.local/lib/python3.7/site-packages/airflow/example_dags/example_short_circuit_operator.py took 2.433 seconds
[2024-06-12T20:19:51.266+0000] {processor.py:153} INFO - Started process (PID=2370) to work on /home/airflow/.local/lib/python3.7/site-packages/airflow/example_dags/example_short_circuit_operator.py
[2024-06-12T20:19:51.293+0000] {processor.py:743} INFO - Processing file /home/airflow/.local/lib/python3.7/site-packages/airflow/example_dags/example_short_circuit_operator.py for tasks to queue
[2024-06-12T20:19:51.303+0000] {logging_mixin.py:137} INFO - [2024-06-12T20:19:51.303+0000] {dagbag.py:538} INFO - Filling up the DagBag from /home/airflow/.local/lib/python3.7/site-packages/airflow/example_dags/example_short_circuit_operator.py
[2024-06-12T20:19:51.788+0000] {processor.py:753} INFO - DAG(s) dict_keys(['example_short_circuit_operator']) retrieved from /home/airflow/.local/lib/python3.7/site-packages/airflow/example_dags/example_short_circuit_operator.py
[2024-06-12T20:19:52.673+0000] {logging_mixin.py:137} INFO - [2024-06-12T20:19:52.672+0000] {dag.py:2690} INFO - Sync 1 DAGs
[2024-06-12T20:19:53.244+0000] {logging_mixin.py:137} INFO - [2024-06-12T20:19:53.244+0000] {dag.py:3441} INFO - Setting next_dagrun for example_short_circuit_operator to 2024-06-11T20:19:53.243387+00:00, run_after=2024-06-12T20:19:53.243387+00:00
[2024-06-12T20:19:53.411+0000] {processor.py:175} INFO - Processing /home/airflow/.local/lib/python3.7/site-packages/airflow/example_dags/example_short_circuit_operator.py took 2.232 seconds
[2024-06-12T20:21:57.248+0000] {processor.py:153} INFO - Started process (PID=2497) to work on /home/airflow/.local/lib/python3.7/site-packages/airflow/example_dags/example_short_circuit_operator.py
[2024-06-12T20:21:57.291+0000] {processor.py:743} INFO - Processing file /home/airflow/.local/lib/python3.7/site-packages/airflow/example_dags/example_short_circuit_operator.py for tasks to queue
[2024-06-12T20:21:57.311+0000] {logging_mixin.py:137} INFO - [2024-06-12T20:21:57.310+0000] {dagbag.py:538} INFO - Filling up the DagBag from /home/airflow/.local/lib/python3.7/site-packages/airflow/example_dags/example_short_circuit_operator.py
[2024-06-12T20:21:57.856+0000] {processor.py:753} INFO - DAG(s) dict_keys(['example_short_circuit_operator']) retrieved from /home/airflow/.local/lib/python3.7/site-packages/airflow/example_dags/example_short_circuit_operator.py
[2024-06-12T20:21:58.404+0000] {logging_mixin.py:137} INFO - [2024-06-12T20:21:58.404+0000] {dag.py:2690} INFO - Sync 1 DAGs
[2024-06-12T20:21:59.037+0000] {logging_mixin.py:137} INFO - [2024-06-12T20:21:59.036+0000] {dag.py:3441} INFO - Setting next_dagrun for example_short_circuit_operator to 2024-06-11T20:21:59.035909+00:00, run_after=2024-06-12T20:21:59.035909+00:00
[2024-06-12T20:22:00.071+0000] {processor.py:175} INFO - Processing /home/airflow/.local/lib/python3.7/site-packages/airflow/example_dags/example_short_circuit_operator.py took 2.935 seconds
[2024-06-12T20:24:09.467+0000] {processor.py:153} INFO - Started process (PID=2621) to work on /home/airflow/.local/lib/python3.7/site-packages/airflow/example_dags/example_short_circuit_operator.py
[2024-06-12T20:24:09.482+0000] {processor.py:743} INFO - Processing file /home/airflow/.local/lib/python3.7/site-packages/airflow/example_dags/example_short_circuit_operator.py for tasks to queue
[2024-06-12T20:24:09.488+0000] {logging_mixin.py:137} INFO - [2024-06-12T20:24:09.487+0000] {dagbag.py:538} INFO - Filling up the DagBag from /home/airflow/.local/lib/python3.7/site-packages/airflow/example_dags/example_short_circuit_operator.py
[2024-06-12T20:24:10.125+0000] {processor.py:753} INFO - DAG(s) dict_keys(['example_short_circuit_operator']) retrieved from /home/airflow/.local/lib/python3.7/site-packages/airflow/example_dags/example_short_circuit_operator.py
[2024-06-12T20:24:11.066+0000] {logging_mixin.py:137} INFO - [2024-06-12T20:24:11.066+0000] {dag.py:2690} INFO - Sync 1 DAGs
[2024-06-12T20:24:11.713+0000] {logging_mixin.py:137} INFO - [2024-06-12T20:24:11.713+0000] {dag.py:3441} INFO - Setting next_dagrun for example_short_circuit_operator to 2024-06-11T20:24:11.712648+00:00, run_after=2024-06-12T20:24:11.712648+00:00
[2024-06-12T20:24:12.424+0000] {processor.py:175} INFO - Processing /home/airflow/.local/lib/python3.7/site-packages/airflow/example_dags/example_short_circuit_operator.py took 3.004 seconds
[2024-06-12T20:25:56.406+0000] {processor.py:153} INFO - Started process (PID=2730) to work on /home/airflow/.local/lib/python3.7/site-packages/airflow/example_dags/example_short_circuit_operator.py
[2024-06-12T20:25:56.470+0000] {processor.py:743} INFO - Processing file /home/airflow/.local/lib/python3.7/site-packages/airflow/example_dags/example_short_circuit_operator.py for tasks to queue
[2024-06-12T20:25:56.519+0000] {logging_mixin.py:137} INFO - [2024-06-12T20:25:56.506+0000] {dagbag.py:538} INFO - Filling up the DagBag from /home/airflow/.local/lib/python3.7/site-packages/airflow/example_dags/example_short_circuit_operator.py
[2024-06-12T20:25:56.712+0000] {processor.py:753} INFO - DAG(s) dict_keys(['example_short_circuit_operator']) retrieved from /home/airflow/.local/lib/python3.7/site-packages/airflow/example_dags/example_short_circuit_operator.py
[2024-06-12T20:25:57.526+0000] {logging_mixin.py:137} INFO - [2024-06-12T20:25:57.525+0000] {dag.py:2690} INFO - Sync 1 DAGs
[2024-06-12T20:25:58.351+0000] {logging_mixin.py:137} INFO - [2024-06-12T20:25:58.350+0000] {dag.py:3441} INFO - Setting next_dagrun for example_short_circuit_operator to 2024-06-11T20:25:58.350402+00:00, run_after=2024-06-12T20:25:58.350402+00:00
[2024-06-12T20:25:59.082+0000] {processor.py:175} INFO - Processing /home/airflow/.local/lib/python3.7/site-packages/airflow/example_dags/example_short_circuit_operator.py took 2.738 seconds
[2024-06-12T20:27:53.290+0000] {processor.py:153} INFO - Started process (PID=2849) to work on /home/airflow/.local/lib/python3.7/site-packages/airflow/example_dags/example_short_circuit_operator.py
[2024-06-12T20:27:53.355+0000] {processor.py:743} INFO - Processing file /home/airflow/.local/lib/python3.7/site-packages/airflow/example_dags/example_short_circuit_operator.py for tasks to queue
[2024-06-12T20:27:53.486+0000] {logging_mixin.py:137} INFO - [2024-06-12T20:27:53.486+0000] {dagbag.py:538} INFO - Filling up the DagBag from /home/airflow/.local/lib/python3.7/site-packages/airflow/example_dags/example_short_circuit_operator.py
[2024-06-12T20:27:54.106+0000] {processor.py:753} INFO - DAG(s) dict_keys(['example_short_circuit_operator']) retrieved from /home/airflow/.local/lib/python3.7/site-packages/airflow/example_dags/example_short_circuit_operator.py
[2024-06-12T20:27:54.889+0000] {logging_mixin.py:137} INFO - [2024-06-12T20:27:54.889+0000] {dag.py:2690} INFO - Sync 1 DAGs
[2024-06-12T20:27:55.374+0000] {logging_mixin.py:137} INFO - [2024-06-12T20:27:55.372+0000] {dag.py:3441} INFO - Setting next_dagrun for example_short_circuit_operator to 2024-06-11T20:27:55.371935+00:00, run_after=2024-06-12T20:27:55.371935+00:00
[2024-06-12T20:27:56.319+0000] {processor.py:175} INFO - Processing /home/airflow/.local/lib/python3.7/site-packages/airflow/example_dags/example_short_circuit_operator.py took 3.208 seconds
[2024-06-12T20:29:18.674+0000] {processor.py:153} INFO - Started process (PID=2940) to work on /home/airflow/.local/lib/python3.7/site-packages/airflow/example_dags/example_short_circuit_operator.py
[2024-06-12T20:29:18.691+0000] {processor.py:743} INFO - Processing file /home/airflow/.local/lib/python3.7/site-packages/airflow/example_dags/example_short_circuit_operator.py for tasks to queue
[2024-06-12T20:29:18.708+0000] {logging_mixin.py:137} INFO - [2024-06-12T20:29:18.708+0000] {dagbag.py:538} INFO - Filling up the DagBag from /home/airflow/.local/lib/python3.7/site-packages/airflow/example_dags/example_short_circuit_operator.py
[2024-06-12T20:29:19.388+0000] {processor.py:753} INFO - DAG(s) dict_keys(['example_short_circuit_operator']) retrieved from /home/airflow/.local/lib/python3.7/site-packages/airflow/example_dags/example_short_circuit_operator.py
[2024-06-12T20:29:20.133+0000] {logging_mixin.py:137} INFO - [2024-06-12T20:29:20.132+0000] {dag.py:2690} INFO - Sync 1 DAGs
[2024-06-12T20:29:20.594+0000] {logging_mixin.py:137} INFO - [2024-06-12T20:29:20.593+0000] {dag.py:3441} INFO - Setting next_dagrun for example_short_circuit_operator to 2024-06-11T20:29:20.593423+00:00, run_after=2024-06-12T20:29:20.593423+00:00
[2024-06-12T20:29:20.910+0000] {processor.py:175} INFO - Processing /home/airflow/.local/lib/python3.7/site-packages/airflow/example_dags/example_short_circuit_operator.py took 2.288 seconds
[2024-06-12T20:30:18.814+0000] {processor.py:153} INFO - Started process (PID=3014) to work on /home/airflow/.local/lib/python3.7/site-packages/airflow/example_dags/example_short_circuit_operator.py
[2024-06-12T20:30:18.829+0000] {processor.py:743} INFO - Processing file /home/airflow/.local/lib/python3.7/site-packages/airflow/example_dags/example_short_circuit_operator.py for tasks to queue
[2024-06-12T20:30:18.846+0000] {logging_mixin.py:137} INFO - [2024-06-12T20:30:18.845+0000] {dagbag.py:538} INFO - Filling up the DagBag from /home/airflow/.local/lib/python3.7/site-packages/airflow/example_dags/example_short_circuit_operator.py
[2024-06-12T20:30:19.197+0000] {processor.py:753} INFO - DAG(s) dict_keys(['example_short_circuit_operator']) retrieved from /home/airflow/.local/lib/python3.7/site-packages/airflow/example_dags/example_short_circuit_operator.py
[2024-06-12T20:30:19.725+0000] {logging_mixin.py:137} INFO - [2024-06-12T20:30:19.725+0000] {dag.py:2690} INFO - Sync 1 DAGs
[2024-06-12T20:30:20.307+0000] {logging_mixin.py:137} INFO - [2024-06-12T20:30:20.306+0000] {dag.py:3441} INFO - Setting next_dagrun for example_short_circuit_operator to 2024-06-11T20:30:20.294468+00:00, run_after=2024-06-12T20:30:20.294468+00:00
[2024-06-12T20:30:20.839+0000] {processor.py:175} INFO - Processing /home/airflow/.local/lib/python3.7/site-packages/airflow/example_dags/example_short_circuit_operator.py took 2.159 seconds
[2024-06-12T20:31:20.575+0000] {processor.py:153} INFO - Started process (PID=3086) to work on /home/airflow/.local/lib/python3.7/site-packages/airflow/example_dags/example_short_circuit_operator.py
[2024-06-12T20:31:20.654+0000] {processor.py:743} INFO - Processing file /home/airflow/.local/lib/python3.7/site-packages/airflow/example_dags/example_short_circuit_operator.py for tasks to queue
[2024-06-12T20:31:20.687+0000] {logging_mixin.py:137} INFO - [2024-06-12T20:31:20.687+0000] {dagbag.py:538} INFO - Filling up the DagBag from /home/airflow/.local/lib/python3.7/site-packages/airflow/example_dags/example_short_circuit_operator.py
[2024-06-12T20:31:21.019+0000] {processor.py:753} INFO - DAG(s) dict_keys(['example_short_circuit_operator']) retrieved from /home/airflow/.local/lib/python3.7/site-packages/airflow/example_dags/example_short_circuit_operator.py
[2024-06-12T20:31:21.630+0000] {logging_mixin.py:137} INFO - [2024-06-12T20:31:21.629+0000] {dag.py:2690} INFO - Sync 1 DAGs
[2024-06-12T20:31:22.146+0000] {logging_mixin.py:137} INFO - [2024-06-12T20:31:22.145+0000] {dag.py:3441} INFO - Setting next_dagrun for example_short_circuit_operator to 2024-06-11T20:31:22.144569+00:00, run_after=2024-06-12T20:31:22.144569+00:00
[2024-06-12T20:31:22.531+0000] {processor.py:175} INFO - Processing /home/airflow/.local/lib/python3.7/site-packages/airflow/example_dags/example_short_circuit_operator.py took 2.050 seconds
[2024-06-12T20:32:49.833+0000] {processor.py:153} INFO - Started process (PID=3178) to work on /home/airflow/.local/lib/python3.7/site-packages/airflow/example_dags/example_short_circuit_operator.py
[2024-06-12T20:32:49.898+0000] {processor.py:743} INFO - Processing file /home/airflow/.local/lib/python3.7/site-packages/airflow/example_dags/example_short_circuit_operator.py for tasks to queue
[2024-06-12T20:32:50.014+0000] {logging_mixin.py:137} INFO - [2024-06-12T20:32:50.014+0000] {dagbag.py:538} INFO - Filling up the DagBag from /home/airflow/.local/lib/python3.7/site-packages/airflow/example_dags/example_short_circuit_operator.py
[2024-06-12T20:32:50.463+0000] {processor.py:753} INFO - DAG(s) dict_keys(['example_short_circuit_operator']) retrieved from /home/airflow/.local/lib/python3.7/site-packages/airflow/example_dags/example_short_circuit_operator.py
[2024-06-12T20:32:50.997+0000] {logging_mixin.py:137} INFO - [2024-06-12T20:32:50.997+0000] {dag.py:2690} INFO - Sync 1 DAGs
[2024-06-12T20:32:51.773+0000] {logging_mixin.py:137} INFO - [2024-06-12T20:32:51.770+0000] {dag.py:3441} INFO - Setting next_dagrun for example_short_circuit_operator to 2024-06-11T20:32:51.770286+00:00, run_after=2024-06-12T20:32:51.770286+00:00
[2024-06-12T20:32:52.249+0000] {processor.py:175} INFO - Processing /home/airflow/.local/lib/python3.7/site-packages/airflow/example_dags/example_short_circuit_operator.py took 2.503 seconds
[2024-06-12T20:34:49.219+0000] {processor.py:153} INFO - Started process (PID=3290) to work on /home/airflow/.local/lib/python3.7/site-packages/airflow/example_dags/example_short_circuit_operator.py
[2024-06-12T20:34:49.334+0000] {processor.py:743} INFO - Processing file /home/airflow/.local/lib/python3.7/site-packages/airflow/example_dags/example_short_circuit_operator.py for tasks to queue
[2024-06-12T20:34:49.638+0000] {logging_mixin.py:137} INFO - [2024-06-12T20:34:49.638+0000] {dagbag.py:538} INFO - Filling up the DagBag from /home/airflow/.local/lib/python3.7/site-packages/airflow/example_dags/example_short_circuit_operator.py
[2024-06-12T20:34:50.162+0000] {processor.py:753} INFO - DAG(s) dict_keys(['example_short_circuit_operator']) retrieved from /home/airflow/.local/lib/python3.7/site-packages/airflow/example_dags/example_short_circuit_operator.py
[2024-06-12T20:34:51.397+0000] {logging_mixin.py:137} INFO - [2024-06-12T20:34:51.397+0000] {dag.py:2690} INFO - Sync 1 DAGs
[2024-06-12T20:34:52.073+0000] {logging_mixin.py:137} INFO - [2024-06-12T20:34:52.072+0000] {dag.py:3441} INFO - Setting next_dagrun for example_short_circuit_operator to 2024-06-11T20:34:52.072047+00:00, run_after=2024-06-12T20:34:52.072047+00:00
[2024-06-12T20:34:52.710+0000] {processor.py:175} INFO - Processing /home/airflow/.local/lib/python3.7/site-packages/airflow/example_dags/example_short_circuit_operator.py took 3.585 seconds
[2024-06-12T20:37:36.359+0000] {processor.py:153} INFO - Started process (PID=3442) to work on /home/airflow/.local/lib/python3.7/site-packages/airflow/example_dags/example_short_circuit_operator.py
[2024-06-12T20:37:36.389+0000] {processor.py:743} INFO - Processing file /home/airflow/.local/lib/python3.7/site-packages/airflow/example_dags/example_short_circuit_operator.py for tasks to queue
[2024-06-12T20:37:36.406+0000] {logging_mixin.py:137} INFO - [2024-06-12T20:37:36.405+0000] {dagbag.py:538} INFO - Filling up the DagBag from /home/airflow/.local/lib/python3.7/site-packages/airflow/example_dags/example_short_circuit_operator.py
[2024-06-12T20:37:37.306+0000] {processor.py:753} INFO - DAG(s) dict_keys(['example_short_circuit_operator']) retrieved from /home/airflow/.local/lib/python3.7/site-packages/airflow/example_dags/example_short_circuit_operator.py
[2024-06-12T20:37:38.202+0000] {logging_mixin.py:137} INFO - [2024-06-12T20:37:38.202+0000] {dag.py:2690} INFO - Sync 1 DAGs
[2024-06-12T20:37:38.835+0000] {logging_mixin.py:137} INFO - [2024-06-12T20:37:38.834+0000] {dag.py:3441} INFO - Setting next_dagrun for example_short_circuit_operator to 2024-06-11T20:37:38.834385+00:00, run_after=2024-06-12T20:37:38.834385+00:00
[2024-06-12T20:37:39.707+0000] {processor.py:175} INFO - Processing /home/airflow/.local/lib/python3.7/site-packages/airflow/example_dags/example_short_circuit_operator.py took 3.396 seconds
[2024-06-12T20:39:04.049+0000] {processor.py:153} INFO - Started process (PID=3532) to work on /home/airflow/.local/lib/python3.7/site-packages/airflow/example_dags/example_short_circuit_operator.py
[2024-06-12T20:39:04.054+0000] {processor.py:743} INFO - Processing file /home/airflow/.local/lib/python3.7/site-packages/airflow/example_dags/example_short_circuit_operator.py for tasks to queue
[2024-06-12T20:39:04.056+0000] {logging_mixin.py:137} INFO - [2024-06-12T20:39:04.056+0000] {dagbag.py:538} INFO - Filling up the DagBag from /home/airflow/.local/lib/python3.7/site-packages/airflow/example_dags/example_short_circuit_operator.py
[2024-06-12T20:39:04.244+0000] {processor.py:753} INFO - DAG(s) dict_keys(['example_short_circuit_operator']) retrieved from /home/airflow/.local/lib/python3.7/site-packages/airflow/example_dags/example_short_circuit_operator.py
[2024-06-12T20:39:04.628+0000] {logging_mixin.py:137} INFO - [2024-06-12T20:39:04.627+0000] {dag.py:2690} INFO - Sync 1 DAGs
[2024-06-12T20:39:05.113+0000] {logging_mixin.py:137} INFO - [2024-06-12T20:39:05.113+0000] {dag.py:3441} INFO - Setting next_dagrun for example_short_circuit_operator to 2024-06-11T20:39:05.112519+00:00, run_after=2024-06-12T20:39:05.112519+00:00
[2024-06-12T20:39:05.316+0000] {processor.py:175} INFO - Processing /home/airflow/.local/lib/python3.7/site-packages/airflow/example_dags/example_short_circuit_operator.py took 1.306 seconds
[2024-06-12T20:40:03.224+0000] {processor.py:153} INFO - Started process (PID=3605) to work on /home/airflow/.local/lib/python3.7/site-packages/airflow/example_dags/example_short_circuit_operator.py
[2024-06-12T20:40:03.251+0000] {processor.py:743} INFO - Processing file /home/airflow/.local/lib/python3.7/site-packages/airflow/example_dags/example_short_circuit_operator.py for tasks to queue
[2024-06-12T20:40:03.274+0000] {logging_mixin.py:137} INFO - [2024-06-12T20:40:03.274+0000] {dagbag.py:538} INFO - Filling up the DagBag from /home/airflow/.local/lib/python3.7/site-packages/airflow/example_dags/example_short_circuit_operator.py
[2024-06-12T20:40:03.575+0000] {processor.py:753} INFO - DAG(s) dict_keys(['example_short_circuit_operator']) retrieved from /home/airflow/.local/lib/python3.7/site-packages/airflow/example_dags/example_short_circuit_operator.py
[2024-06-12T20:40:04.421+0000] {logging_mixin.py:137} INFO - [2024-06-12T20:40:04.421+0000] {dag.py:2690} INFO - Sync 1 DAGs
[2024-06-12T20:40:05.193+0000] {logging_mixin.py:137} INFO - [2024-06-12T20:40:05.192+0000] {dag.py:3441} INFO - Setting next_dagrun for example_short_circuit_operator to 2024-06-11T20:40:05.191961+00:00, run_after=2024-06-12T20:40:05.191961+00:00
[2024-06-12T20:40:05.451+0000] {processor.py:175} INFO - Processing /home/airflow/.local/lib/python3.7/site-packages/airflow/example_dags/example_short_circuit_operator.py took 2.348 seconds
[2024-06-12T20:41:09.221+0000] {processor.py:153} INFO - Started process (PID=3680) to work on /home/airflow/.local/lib/python3.7/site-packages/airflow/example_dags/example_short_circuit_operator.py
[2024-06-12T20:41:09.285+0000] {processor.py:743} INFO - Processing file /home/airflow/.local/lib/python3.7/site-packages/airflow/example_dags/example_short_circuit_operator.py for tasks to queue
[2024-06-12T20:41:09.290+0000] {logging_mixin.py:137} INFO - [2024-06-12T20:41:09.289+0000] {dagbag.py:538} INFO - Filling up the DagBag from /home/airflow/.local/lib/python3.7/site-packages/airflow/example_dags/example_short_circuit_operator.py
[2024-06-12T20:41:09.551+0000] {processor.py:753} INFO - DAG(s) dict_keys(['example_short_circuit_operator']) retrieved from /home/airflow/.local/lib/python3.7/site-packages/airflow/example_dags/example_short_circuit_operator.py
[2024-06-12T20:41:09.849+0000] {logging_mixin.py:137} INFO - [2024-06-12T20:41:09.849+0000] {dag.py:2690} INFO - Sync 1 DAGs
[2024-06-12T20:41:10.259+0000] {logging_mixin.py:137} INFO - [2024-06-12T20:41:10.258+0000] {dag.py:3441} INFO - Setting next_dagrun for example_short_circuit_operator to 2024-06-11T20:41:10.257900+00:00, run_after=2024-06-12T20:41:10.257900+00:00
[2024-06-12T20:41:10.799+0000] {processor.py:175} INFO - Processing /home/airflow/.local/lib/python3.7/site-packages/airflow/example_dags/example_short_circuit_operator.py took 1.640 seconds
[2024-06-12T20:42:08.609+0000] {processor.py:153} INFO - Started process (PID=3752) to work on /home/airflow/.local/lib/python3.7/site-packages/airflow/example_dags/example_short_circuit_operator.py
[2024-06-12T20:42:08.635+0000] {processor.py:743} INFO - Processing file /home/airflow/.local/lib/python3.7/site-packages/airflow/example_dags/example_short_circuit_operator.py for tasks to queue
[2024-06-12T20:42:08.650+0000] {logging_mixin.py:137} INFO - [2024-06-12T20:42:08.640+0000] {dagbag.py:538} INFO - Filling up the DagBag from /home/airflow/.local/lib/python3.7/site-packages/airflow/example_dags/example_short_circuit_operator.py
[2024-06-12T20:42:09.007+0000] {processor.py:753} INFO - DAG(s) dict_keys(['example_short_circuit_operator']) retrieved from /home/airflow/.local/lib/python3.7/site-packages/airflow/example_dags/example_short_circuit_operator.py
[2024-06-12T20:42:09.596+0000] {logging_mixin.py:137} INFO - [2024-06-12T20:42:09.595+0000] {dag.py:2690} INFO - Sync 1 DAGs
[2024-06-12T20:42:10.382+0000] {logging_mixin.py:137} INFO - [2024-06-12T20:42:10.382+0000] {dag.py:3441} INFO - Setting next_dagrun for example_short_circuit_operator to 2024-06-11T20:42:10.381819+00:00, run_after=2024-06-12T20:42:10.381819+00:00
[2024-06-12T20:42:10.691+0000] {processor.py:175} INFO - Processing /home/airflow/.local/lib/python3.7/site-packages/airflow/example_dags/example_short_circuit_operator.py took 2.159 seconds
[2024-06-12T20:43:11.588+0000] {processor.py:153} INFO - Started process (PID=3822) to work on /home/airflow/.local/lib/python3.7/site-packages/airflow/example_dags/example_short_circuit_operator.py
[2024-06-12T20:43:11.596+0000] {processor.py:743} INFO - Processing file /home/airflow/.local/lib/python3.7/site-packages/airflow/example_dags/example_short_circuit_operator.py for tasks to queue
[2024-06-12T20:43:11.609+0000] {logging_mixin.py:137} INFO - [2024-06-12T20:43:11.608+0000] {dagbag.py:538} INFO - Filling up the DagBag from /home/airflow/.local/lib/python3.7/site-packages/airflow/example_dags/example_short_circuit_operator.py
[2024-06-12T20:43:11.973+0000] {processor.py:753} INFO - DAG(s) dict_keys(['example_short_circuit_operator']) retrieved from /home/airflow/.local/lib/python3.7/site-packages/airflow/example_dags/example_short_circuit_operator.py
[2024-06-12T20:43:12.709+0000] {logging_mixin.py:137} INFO - [2024-06-12T20:43:12.709+0000] {dag.py:2690} INFO - Sync 1 DAGs
[2024-06-12T20:43:13.290+0000] {logging_mixin.py:137} INFO - [2024-06-12T20:43:13.286+0000] {dag.py:3441} INFO - Setting next_dagrun for example_short_circuit_operator to 2024-06-11T20:43:13.277444+00:00, run_after=2024-06-12T20:43:13.277444+00:00
[2024-06-12T20:43:13.834+0000] {processor.py:175} INFO - Processing /home/airflow/.local/lib/python3.7/site-packages/airflow/example_dags/example_short_circuit_operator.py took 2.305 seconds
[2024-06-12T20:44:30.935+0000] {processor.py:153} INFO - Started process (PID=3912) to work on /home/airflow/.local/lib/python3.7/site-packages/airflow/example_dags/example_short_circuit_operator.py
[2024-06-12T20:44:30.969+0000] {processor.py:743} INFO - Processing file /home/airflow/.local/lib/python3.7/site-packages/airflow/example_dags/example_short_circuit_operator.py for tasks to queue
[2024-06-12T20:44:30.972+0000] {logging_mixin.py:137} INFO - [2024-06-12T20:44:30.972+0000] {dagbag.py:538} INFO - Filling up the DagBag from /home/airflow/.local/lib/python3.7/site-packages/airflow/example_dags/example_short_circuit_operator.py
[2024-06-12T20:44:31.339+0000] {processor.py:753} INFO - DAG(s) dict_keys(['example_short_circuit_operator']) retrieved from /home/airflow/.local/lib/python3.7/site-packages/airflow/example_dags/example_short_circuit_operator.py
[2024-06-12T20:44:32.292+0000] {logging_mixin.py:137} INFO - [2024-06-12T20:44:32.291+0000] {dag.py:2690} INFO - Sync 1 DAGs
[2024-06-12T20:44:32.561+0000] {logging_mixin.py:137} INFO - [2024-06-12T20:44:32.560+0000] {dag.py:3441} INFO - Setting next_dagrun for example_short_circuit_operator to 2024-06-11T20:44:32.560174+00:00, run_after=2024-06-12T20:44:32.560174+00:00
[2024-06-12T20:44:32.842+0000] {processor.py:175} INFO - Processing /home/airflow/.local/lib/python3.7/site-packages/airflow/example_dags/example_short_circuit_operator.py took 1.930 seconds
[2024-06-12T20:45:29.620+0000] {processor.py:153} INFO - Started process (PID=3986) to work on /home/airflow/.local/lib/python3.7/site-packages/airflow/example_dags/example_short_circuit_operator.py
[2024-06-12T20:45:29.630+0000] {processor.py:743} INFO - Processing file /home/airflow/.local/lib/python3.7/site-packages/airflow/example_dags/example_short_circuit_operator.py for tasks to queue
[2024-06-12T20:45:29.652+0000] {logging_mixin.py:137} INFO - [2024-06-12T20:45:29.652+0000] {dagbag.py:538} INFO - Filling up the DagBag from /home/airflow/.local/lib/python3.7/site-packages/airflow/example_dags/example_short_circuit_operator.py
[2024-06-12T20:45:30.302+0000] {processor.py:753} INFO - DAG(s) dict_keys(['example_short_circuit_operator']) retrieved from /home/airflow/.local/lib/python3.7/site-packages/airflow/example_dags/example_short_circuit_operator.py
[2024-06-12T20:45:31.106+0000] {logging_mixin.py:137} INFO - [2024-06-12T20:45:31.105+0000] {dag.py:2690} INFO - Sync 1 DAGs
[2024-06-12T20:45:31.577+0000] {logging_mixin.py:137} INFO - [2024-06-12T20:45:31.576+0000] {dag.py:3441} INFO - Setting next_dagrun for example_short_circuit_operator to 2024-06-11T20:45:31.575442+00:00, run_after=2024-06-12T20:45:31.575442+00:00
[2024-06-12T20:45:32.129+0000] {processor.py:175} INFO - Processing /home/airflow/.local/lib/python3.7/site-packages/airflow/example_dags/example_short_circuit_operator.py took 2.529 seconds
[2024-06-12T20:46:53.852+0000] {processor.py:153} INFO - Started process (PID=4090) to work on /home/airflow/.local/lib/python3.7/site-packages/airflow/example_dags/example_short_circuit_operator.py
[2024-06-12T20:46:53.913+0000] {processor.py:743} INFO - Processing file /home/airflow/.local/lib/python3.7/site-packages/airflow/example_dags/example_short_circuit_operator.py for tasks to queue
[2024-06-12T20:46:53.930+0000] {logging_mixin.py:137} INFO - [2024-06-12T20:46:53.930+0000] {dagbag.py:538} INFO - Filling up the DagBag from /home/airflow/.local/lib/python3.7/site-packages/airflow/example_dags/example_short_circuit_operator.py
[2024-06-12T20:46:54.449+0000] {processor.py:753} INFO - DAG(s) dict_keys(['example_short_circuit_operator']) retrieved from /home/airflow/.local/lib/python3.7/site-packages/airflow/example_dags/example_short_circuit_operator.py
[2024-06-12T20:46:55.340+0000] {logging_mixin.py:137} INFO - [2024-06-12T20:46:55.340+0000] {dag.py:2690} INFO - Sync 1 DAGs
[2024-06-12T20:46:56.126+0000] {logging_mixin.py:137} INFO - [2024-06-12T20:46:56.126+0000] {dag.py:3441} INFO - Setting next_dagrun for example_short_circuit_operator to 2024-06-11T20:46:56.125623+00:00, run_after=2024-06-12T20:46:56.125623+00:00
[2024-06-12T20:46:56.686+0000] {processor.py:175} INFO - Processing /home/airflow/.local/lib/python3.7/site-packages/airflow/example_dags/example_short_circuit_operator.py took 2.884 seconds
