[2024-06-12T19:43:42.996+0000] {processor.py:153} INFO - Started process (PID=183) to work on /home/airflow/.local/lib/python3.7/site-packages/airflow/example_dags/example_time_delta_sensor_async.py
[2024-06-12T19:43:43.011+0000] {processor.py:743} INFO - Processing file /home/airflow/.local/lib/python3.7/site-packages/airflow/example_dags/example_time_delta_sensor_async.py for tasks to queue
[2024-06-12T19:43:43.013+0000] {logging_mixin.py:137} INFO - [2024-06-12T19:43:43.013+0000] {dagbag.py:538} INFO - Filling up the DagBag from /home/airflow/.local/lib/python3.7/site-packages/airflow/example_dags/example_time_delta_sensor_async.py
[2024-06-12T19:43:43.325+0000] {processor.py:753} INFO - DAG(s) dict_keys(['example_time_delta_sensor_async']) retrieved from /home/airflow/.local/lib/python3.7/site-packages/airflow/example_dags/example_time_delta_sensor_async.py
[2024-06-12T19:43:43.882+0000] {logging_mixin.py:137} INFO - [2024-06-12T19:43:43.882+0000] {dag.py:2690} INFO - Sync 1 DAGs
[2024-06-12T19:43:44.577+0000] {logging_mixin.py:137} INFO - [2024-06-12T19:43:44.577+0000] {dag.py:3441} INFO - Setting next_dagrun for example_time_delta_sensor_async to None, run_after=None
[2024-06-12T19:43:45.637+0000] {processor.py:175} INFO - Processing /home/airflow/.local/lib/python3.7/site-packages/airflow/example_dags/example_time_delta_sensor_async.py took 2.721 seconds
[2024-06-12T19:45:56.698+0000] {processor.py:153} INFO - Started process (PID=291) to work on /home/airflow/.local/lib/python3.7/site-packages/airflow/example_dags/example_time_delta_sensor_async.py
[2024-06-12T19:45:57.090+0000] {processor.py:743} INFO - Processing file /home/airflow/.local/lib/python3.7/site-packages/airflow/example_dags/example_time_delta_sensor_async.py for tasks to queue
[2024-06-12T19:45:57.813+0000] {logging_mixin.py:137} INFO - [2024-06-12T19:45:57.787+0000] {dagbag.py:538} INFO - Filling up the DagBag from /home/airflow/.local/lib/python3.7/site-packages/airflow/example_dags/example_time_delta_sensor_async.py
[2024-06-12T19:45:58.736+0000] {processor.py:753} INFO - DAG(s) dict_keys(['example_time_delta_sensor_async']) retrieved from /home/airflow/.local/lib/python3.7/site-packages/airflow/example_dags/example_time_delta_sensor_async.py
[2024-06-12T19:46:00.070+0000] {logging_mixin.py:137} INFO - [2024-06-12T19:46:00.070+0000] {dag.py:2690} INFO - Sync 1 DAGs
[2024-06-12T19:46:03.204+0000] {logging_mixin.py:137} INFO - [2024-06-12T19:46:03.204+0000] {dag.py:3441} INFO - Setting next_dagrun for example_time_delta_sensor_async to None, run_after=None
[2024-06-12T19:46:04.697+0000] {processor.py:175} INFO - Processing /home/airflow/.local/lib/python3.7/site-packages/airflow/example_dags/example_time_delta_sensor_async.py took 8.142 seconds
[2024-06-12T19:48:18.442+0000] {processor.py:153} INFO - Started process (PID=440) to work on /home/airflow/.local/lib/python3.7/site-packages/airflow/example_dags/example_time_delta_sensor_async.py
[2024-06-12T19:48:18.451+0000] {processor.py:743} INFO - Processing file /home/airflow/.local/lib/python3.7/site-packages/airflow/example_dags/example_time_delta_sensor_async.py for tasks to queue
[2024-06-12T19:48:18.457+0000] {logging_mixin.py:137} INFO - [2024-06-12T19:48:18.457+0000] {dagbag.py:538} INFO - Filling up the DagBag from /home/airflow/.local/lib/python3.7/site-packages/airflow/example_dags/example_time_delta_sensor_async.py
[2024-06-12T19:48:18.574+0000] {processor.py:753} INFO - DAG(s) dict_keys(['example_time_delta_sensor_async']) retrieved from /home/airflow/.local/lib/python3.7/site-packages/airflow/example_dags/example_time_delta_sensor_async.py
[2024-06-12T19:48:18.872+0000] {logging_mixin.py:137} INFO - [2024-06-12T19:48:18.872+0000] {dag.py:2690} INFO - Sync 1 DAGs
[2024-06-12T19:48:19.103+0000] {logging_mixin.py:137} INFO - [2024-06-12T19:48:19.101+0000] {dag.py:3441} INFO - Setting next_dagrun for example_time_delta_sensor_async to None, run_after=None
[2024-06-12T19:48:19.306+0000] {processor.py:175} INFO - Processing /home/airflow/.local/lib/python3.7/site-packages/airflow/example_dags/example_time_delta_sensor_async.py took 0.902 seconds
[2024-06-12T19:48:50.043+0000] {processor.py:153} INFO - Started process (PID=502) to work on /home/airflow/.local/lib/python3.7/site-packages/airflow/example_dags/example_time_delta_sensor_async.py
[2024-06-12T19:48:50.067+0000] {processor.py:743} INFO - Processing file /home/airflow/.local/lib/python3.7/site-packages/airflow/example_dags/example_time_delta_sensor_async.py for tasks to queue
[2024-06-12T19:48:50.088+0000] {logging_mixin.py:137} INFO - [2024-06-12T19:48:50.087+0000] {dagbag.py:538} INFO - Filling up the DagBag from /home/airflow/.local/lib/python3.7/site-packages/airflow/example_dags/example_time_delta_sensor_async.py
[2024-06-12T19:48:50.144+0000] {processor.py:753} INFO - DAG(s) dict_keys(['example_time_delta_sensor_async']) retrieved from /home/airflow/.local/lib/python3.7/site-packages/airflow/example_dags/example_time_delta_sensor_async.py
[2024-06-12T19:48:50.307+0000] {logging_mixin.py:137} INFO - [2024-06-12T19:48:50.306+0000] {dag.py:2690} INFO - Sync 1 DAGs
[2024-06-12T19:48:50.519+0000] {logging_mixin.py:137} INFO - [2024-06-12T19:48:50.518+0000] {dag.py:3441} INFO - Setting next_dagrun for example_time_delta_sensor_async to None, run_after=None
[2024-06-12T19:48:50.684+0000] {processor.py:175} INFO - Processing /home/airflow/.local/lib/python3.7/site-packages/airflow/example_dags/example_time_delta_sensor_async.py took 0.677 seconds
[2024-06-12T19:49:25.612+0000] {processor.py:153} INFO - Started process (PID=559) to work on /home/airflow/.local/lib/python3.7/site-packages/airflow/example_dags/example_time_delta_sensor_async.py
[2024-06-12T19:49:25.650+0000] {processor.py:743} INFO - Processing file /home/airflow/.local/lib/python3.7/site-packages/airflow/example_dags/example_time_delta_sensor_async.py for tasks to queue
[2024-06-12T19:49:25.667+0000] {logging_mixin.py:137} INFO - [2024-06-12T19:49:25.666+0000] {dagbag.py:538} INFO - Filling up the DagBag from /home/airflow/.local/lib/python3.7/site-packages/airflow/example_dags/example_time_delta_sensor_async.py
[2024-06-12T19:49:25.806+0000] {processor.py:753} INFO - DAG(s) dict_keys(['example_time_delta_sensor_async']) retrieved from /home/airflow/.local/lib/python3.7/site-packages/airflow/example_dags/example_time_delta_sensor_async.py
[2024-06-12T19:49:26.119+0000] {logging_mixin.py:137} INFO - [2024-06-12T19:49:26.119+0000] {dag.py:2690} INFO - Sync 1 DAGs
[2024-06-12T19:49:26.473+0000] {logging_mixin.py:137} INFO - [2024-06-12T19:49:26.472+0000] {dag.py:3441} INFO - Setting next_dagrun for example_time_delta_sensor_async to None, run_after=None
[2024-06-12T19:49:26.667+0000] {processor.py:175} INFO - Processing /home/airflow/.local/lib/python3.7/site-packages/airflow/example_dags/example_time_delta_sensor_async.py took 1.091 seconds
[2024-06-12T19:49:57.503+0000] {processor.py:153} INFO - Started process (PID=619) to work on /home/airflow/.local/lib/python3.7/site-packages/airflow/example_dags/example_time_delta_sensor_async.py
[2024-06-12T19:49:57.508+0000] {processor.py:743} INFO - Processing file /home/airflow/.local/lib/python3.7/site-packages/airflow/example_dags/example_time_delta_sensor_async.py for tasks to queue
[2024-06-12T19:49:57.533+0000] {logging_mixin.py:137} INFO - [2024-06-12T19:49:57.533+0000] {dagbag.py:538} INFO - Filling up the DagBag from /home/airflow/.local/lib/python3.7/site-packages/airflow/example_dags/example_time_delta_sensor_async.py
[2024-06-12T19:49:57.660+0000] {processor.py:753} INFO - DAG(s) dict_keys(['example_time_delta_sensor_async']) retrieved from /home/airflow/.local/lib/python3.7/site-packages/airflow/example_dags/example_time_delta_sensor_async.py
[2024-06-12T19:49:57.863+0000] {logging_mixin.py:137} INFO - [2024-06-12T19:49:57.856+0000] {dag.py:2690} INFO - Sync 1 DAGs
[2024-06-12T19:49:58.192+0000] {logging_mixin.py:137} INFO - [2024-06-12T19:49:58.192+0000] {dag.py:3441} INFO - Setting next_dagrun for example_time_delta_sensor_async to None, run_after=None
[2024-06-12T19:49:58.411+0000] {processor.py:175} INFO - Processing /home/airflow/.local/lib/python3.7/site-packages/airflow/example_dags/example_time_delta_sensor_async.py took 0.953 seconds
[2024-06-12T19:51:02.643+0000] {processor.py:153} INFO - Started process (PID=691) to work on /home/airflow/.local/lib/python3.7/site-packages/airflow/example_dags/example_time_delta_sensor_async.py
[2024-06-12T19:51:02.659+0000] {processor.py:743} INFO - Processing file /home/airflow/.local/lib/python3.7/site-packages/airflow/example_dags/example_time_delta_sensor_async.py for tasks to queue
[2024-06-12T19:51:02.662+0000] {logging_mixin.py:137} INFO - [2024-06-12T19:51:02.662+0000] {dagbag.py:538} INFO - Filling up the DagBag from /home/airflow/.local/lib/python3.7/site-packages/airflow/example_dags/example_time_delta_sensor_async.py
[2024-06-12T19:51:03.035+0000] {processor.py:753} INFO - DAG(s) dict_keys(['example_time_delta_sensor_async']) retrieved from /home/airflow/.local/lib/python3.7/site-packages/airflow/example_dags/example_time_delta_sensor_async.py
[2024-06-12T19:51:03.558+0000] {logging_mixin.py:137} INFO - [2024-06-12T19:51:03.555+0000] {dag.py:2690} INFO - Sync 1 DAGs
[2024-06-12T19:51:04.081+0000] {logging_mixin.py:137} INFO - [2024-06-12T19:51:04.080+0000] {dag.py:3441} INFO - Setting next_dagrun for example_time_delta_sensor_async to None, run_after=None
[2024-06-12T19:51:04.412+0000] {processor.py:175} INFO - Processing /home/airflow/.local/lib/python3.7/site-packages/airflow/example_dags/example_time_delta_sensor_async.py took 1.831 seconds
[2024-06-12T19:52:09.298+0000] {processor.py:153} INFO - Started process (PID=777) to work on /home/airflow/.local/lib/python3.7/site-packages/airflow/example_dags/example_time_delta_sensor_async.py
[2024-06-12T19:52:09.334+0000] {processor.py:743} INFO - Processing file /home/airflow/.local/lib/python3.7/site-packages/airflow/example_dags/example_time_delta_sensor_async.py for tasks to queue
[2024-06-12T19:52:09.347+0000] {logging_mixin.py:137} INFO - [2024-06-12T19:52:09.347+0000] {dagbag.py:538} INFO - Filling up the DagBag from /home/airflow/.local/lib/python3.7/site-packages/airflow/example_dags/example_time_delta_sensor_async.py
[2024-06-12T19:52:09.402+0000] {processor.py:753} INFO - DAG(s) dict_keys(['example_time_delta_sensor_async']) retrieved from /home/airflow/.local/lib/python3.7/site-packages/airflow/example_dags/example_time_delta_sensor_async.py
[2024-06-12T19:52:09.631+0000] {logging_mixin.py:137} INFO - [2024-06-12T19:52:09.630+0000] {dag.py:2690} INFO - Sync 1 DAGs
[2024-06-12T19:52:09.957+0000] {logging_mixin.py:137} INFO - [2024-06-12T19:52:09.957+0000] {dag.py:3441} INFO - Setting next_dagrun for example_time_delta_sensor_async to None, run_after=None
[2024-06-12T19:52:10.174+0000] {processor.py:175} INFO - Processing /home/airflow/.local/lib/python3.7/site-packages/airflow/example_dags/example_time_delta_sensor_async.py took 0.908 seconds
[2024-06-12T19:52:56.873+0000] {processor.py:153} INFO - Started process (PID=842) to work on /home/airflow/.local/lib/python3.7/site-packages/airflow/example_dags/example_time_delta_sensor_async.py
[2024-06-12T19:52:56.882+0000] {processor.py:743} INFO - Processing file /home/airflow/.local/lib/python3.7/site-packages/airflow/example_dags/example_time_delta_sensor_async.py for tasks to queue
[2024-06-12T19:52:56.886+0000] {logging_mixin.py:137} INFO - [2024-06-12T19:52:56.886+0000] {dagbag.py:538} INFO - Filling up the DagBag from /home/airflow/.local/lib/python3.7/site-packages/airflow/example_dags/example_time_delta_sensor_async.py
[2024-06-12T19:52:56.956+0000] {processor.py:753} INFO - DAG(s) dict_keys(['example_time_delta_sensor_async']) retrieved from /home/airflow/.local/lib/python3.7/site-packages/airflow/example_dags/example_time_delta_sensor_async.py
[2024-06-12T19:52:57.113+0000] {logging_mixin.py:137} INFO - [2024-06-12T19:52:57.113+0000] {dag.py:2690} INFO - Sync 1 DAGs
[2024-06-12T19:52:57.395+0000] {logging_mixin.py:137} INFO - [2024-06-12T19:52:57.395+0000] {dag.py:3441} INFO - Setting next_dagrun for example_time_delta_sensor_async to None, run_after=None
[2024-06-12T19:52:57.587+0000] {processor.py:175} INFO - Processing /home/airflow/.local/lib/python3.7/site-packages/airflow/example_dags/example_time_delta_sensor_async.py took 0.740 seconds
[2024-06-12T19:53:38.864+0000] {processor.py:153} INFO - Started process (PID=905) to work on /home/airflow/.local/lib/python3.7/site-packages/airflow/example_dags/example_time_delta_sensor_async.py
[2024-06-12T19:53:38.894+0000] {processor.py:743} INFO - Processing file /home/airflow/.local/lib/python3.7/site-packages/airflow/example_dags/example_time_delta_sensor_async.py for tasks to queue
[2024-06-12T19:53:38.911+0000] {logging_mixin.py:137} INFO - [2024-06-12T19:53:38.911+0000] {dagbag.py:538} INFO - Filling up the DagBag from /home/airflow/.local/lib/python3.7/site-packages/airflow/example_dags/example_time_delta_sensor_async.py
[2024-06-12T19:53:39.187+0000] {processor.py:753} INFO - DAG(s) dict_keys(['example_time_delta_sensor_async']) retrieved from /home/airflow/.local/lib/python3.7/site-packages/airflow/example_dags/example_time_delta_sensor_async.py
[2024-06-12T19:53:39.433+0000] {logging_mixin.py:137} INFO - [2024-06-12T19:53:39.433+0000] {dag.py:2690} INFO - Sync 1 DAGs
[2024-06-12T19:53:39.804+0000] {logging_mixin.py:137} INFO - [2024-06-12T19:53:39.804+0000] {dag.py:3441} INFO - Setting next_dagrun for example_time_delta_sensor_async to None, run_after=None
[2024-06-12T19:53:39.983+0000] {processor.py:175} INFO - Processing /home/airflow/.local/lib/python3.7/site-packages/airflow/example_dags/example_time_delta_sensor_async.py took 1.169 seconds
[2024-06-12T19:54:15.120+0000] {processor.py:153} INFO - Started process (PID=966) to work on /home/airflow/.local/lib/python3.7/site-packages/airflow/example_dags/example_time_delta_sensor_async.py
[2024-06-12T19:54:15.151+0000] {processor.py:743} INFO - Processing file /home/airflow/.local/lib/python3.7/site-packages/airflow/example_dags/example_time_delta_sensor_async.py for tasks to queue
[2024-06-12T19:54:15.198+0000] {logging_mixin.py:137} INFO - [2024-06-12T19:54:15.198+0000] {dagbag.py:538} INFO - Filling up the DagBag from /home/airflow/.local/lib/python3.7/site-packages/airflow/example_dags/example_time_delta_sensor_async.py
[2024-06-12T19:54:15.348+0000] {processor.py:753} INFO - DAG(s) dict_keys(['example_time_delta_sensor_async']) retrieved from /home/airflow/.local/lib/python3.7/site-packages/airflow/example_dags/example_time_delta_sensor_async.py
[2024-06-12T19:54:15.625+0000] {logging_mixin.py:137} INFO - [2024-06-12T19:54:15.624+0000] {dag.py:2690} INFO - Sync 1 DAGs
[2024-06-12T19:54:15.890+0000] {logging_mixin.py:137} INFO - [2024-06-12T19:54:15.889+0000] {dag.py:3441} INFO - Setting next_dagrun for example_time_delta_sensor_async to None, run_after=None
[2024-06-12T19:54:16.178+0000] {processor.py:175} INFO - Processing /home/airflow/.local/lib/python3.7/site-packages/airflow/example_dags/example_time_delta_sensor_async.py took 1.079 seconds
[2024-06-12T19:55:08.639+0000] {processor.py:153} INFO - Started process (PID=1034) to work on /home/airflow/.local/lib/python3.7/site-packages/airflow/example_dags/example_time_delta_sensor_async.py
[2024-06-12T19:55:08.657+0000] {processor.py:743} INFO - Processing file /home/airflow/.local/lib/python3.7/site-packages/airflow/example_dags/example_time_delta_sensor_async.py for tasks to queue
[2024-06-12T19:55:08.675+0000] {logging_mixin.py:137} INFO - [2024-06-12T19:55:08.675+0000] {dagbag.py:538} INFO - Filling up the DagBag from /home/airflow/.local/lib/python3.7/site-packages/airflow/example_dags/example_time_delta_sensor_async.py
[2024-06-12T19:55:09.117+0000] {processor.py:753} INFO - DAG(s) dict_keys(['example_time_delta_sensor_async']) retrieved from /home/airflow/.local/lib/python3.7/site-packages/airflow/example_dags/example_time_delta_sensor_async.py
[2024-06-12T19:55:09.635+0000] {logging_mixin.py:137} INFO - [2024-06-12T19:55:09.624+0000] {dag.py:2690} INFO - Sync 1 DAGs
[2024-06-12T19:55:10.193+0000] {logging_mixin.py:137} INFO - [2024-06-12T19:55:10.192+0000] {dag.py:3441} INFO - Setting next_dagrun for example_time_delta_sensor_async to None, run_after=None
[2024-06-12T19:55:10.467+0000] {processor.py:175} INFO - Processing /home/airflow/.local/lib/python3.7/site-packages/airflow/example_dags/example_time_delta_sensor_async.py took 1.962 seconds
[2024-06-12T19:56:00.140+0000] {processor.py:153} INFO - Started process (PID=1099) to work on /home/airflow/.local/lib/python3.7/site-packages/airflow/example_dags/example_time_delta_sensor_async.py
[2024-06-12T19:56:00.154+0000] {processor.py:743} INFO - Processing file /home/airflow/.local/lib/python3.7/site-packages/airflow/example_dags/example_time_delta_sensor_async.py for tasks to queue
[2024-06-12T19:56:00.176+0000] {logging_mixin.py:137} INFO - [2024-06-12T19:56:00.176+0000] {dagbag.py:538} INFO - Filling up the DagBag from /home/airflow/.local/lib/python3.7/site-packages/airflow/example_dags/example_time_delta_sensor_async.py
[2024-06-12T19:56:00.368+0000] {processor.py:753} INFO - DAG(s) dict_keys(['example_time_delta_sensor_async']) retrieved from /home/airflow/.local/lib/python3.7/site-packages/airflow/example_dags/example_time_delta_sensor_async.py
[2024-06-12T19:56:00.790+0000] {logging_mixin.py:137} INFO - [2024-06-12T19:56:00.789+0000] {dag.py:2690} INFO - Sync 1 DAGs
[2024-06-12T19:56:01.223+0000] {logging_mixin.py:137} INFO - [2024-06-12T19:56:01.213+0000] {dag.py:3441} INFO - Setting next_dagrun for example_time_delta_sensor_async to None, run_after=None
[2024-06-12T19:56:01.339+0000] {processor.py:175} INFO - Processing /home/airflow/.local/lib/python3.7/site-packages/airflow/example_dags/example_time_delta_sensor_async.py took 1.266 seconds
[2024-06-12T19:56:31.938+0000] {processor.py:153} INFO - Started process (PID=1164) to work on /home/airflow/.local/lib/python3.7/site-packages/airflow/example_dags/example_time_delta_sensor_async.py
[2024-06-12T19:56:31.941+0000] {processor.py:743} INFO - Processing file /home/airflow/.local/lib/python3.7/site-packages/airflow/example_dags/example_time_delta_sensor_async.py for tasks to queue
[2024-06-12T19:56:31.948+0000] {logging_mixin.py:137} INFO - [2024-06-12T19:56:31.948+0000] {dagbag.py:538} INFO - Filling up the DagBag from /home/airflow/.local/lib/python3.7/site-packages/airflow/example_dags/example_time_delta_sensor_async.py
[2024-06-12T19:56:32.095+0000] {processor.py:753} INFO - DAG(s) dict_keys(['example_time_delta_sensor_async']) retrieved from /home/airflow/.local/lib/python3.7/site-packages/airflow/example_dags/example_time_delta_sensor_async.py
[2024-06-12T19:56:32.376+0000] {logging_mixin.py:137} INFO - [2024-06-12T19:56:32.375+0000] {dag.py:2690} INFO - Sync 1 DAGs
[2024-06-12T19:56:32.519+0000] {logging_mixin.py:137} INFO - [2024-06-12T19:56:32.519+0000] {dag.py:3441} INFO - Setting next_dagrun for example_time_delta_sensor_async to None, run_after=None
[2024-06-12T19:56:32.693+0000] {processor.py:175} INFO - Processing /home/airflow/.local/lib/python3.7/site-packages/airflow/example_dags/example_time_delta_sensor_async.py took 0.795 seconds
[2024-06-12T19:57:54.375+0000] {processor.py:153} INFO - Started process (PID=1246) to work on /home/airflow/.local/lib/python3.7/site-packages/airflow/example_dags/example_time_delta_sensor_async.py
[2024-06-12T19:57:54.421+0000] {processor.py:743} INFO - Processing file /home/airflow/.local/lib/python3.7/site-packages/airflow/example_dags/example_time_delta_sensor_async.py for tasks to queue
[2024-06-12T19:57:54.470+0000] {logging_mixin.py:137} INFO - [2024-06-12T19:57:54.470+0000] {dagbag.py:538} INFO - Filling up the DagBag from /home/airflow/.local/lib/python3.7/site-packages/airflow/example_dags/example_time_delta_sensor_async.py
[2024-06-12T19:57:55.046+0000] {processor.py:753} INFO - DAG(s) dict_keys(['example_time_delta_sensor_async']) retrieved from /home/airflow/.local/lib/python3.7/site-packages/airflow/example_dags/example_time_delta_sensor_async.py
[2024-06-12T19:57:55.740+0000] {logging_mixin.py:137} INFO - [2024-06-12T19:57:55.739+0000] {dag.py:2690} INFO - Sync 1 DAGs
[2024-06-12T19:57:56.705+0000] {logging_mixin.py:137} INFO - [2024-06-12T19:57:56.704+0000] {dag.py:3441} INFO - Setting next_dagrun for example_time_delta_sensor_async to None, run_after=None
[2024-06-12T19:57:57.401+0000] {processor.py:175} INFO - Processing /home/airflow/.local/lib/python3.7/site-packages/airflow/example_dags/example_time_delta_sensor_async.py took 3.057 seconds
[2024-06-12T20:02:03.196+0000] {processor.py:153} INFO - Started process (PID=1444) to work on /home/airflow/.local/lib/python3.7/site-packages/airflow/example_dags/example_time_delta_sensor_async.py
[2024-06-12T20:02:03.226+0000] {processor.py:743} INFO - Processing file /home/airflow/.local/lib/python3.7/site-packages/airflow/example_dags/example_time_delta_sensor_async.py for tasks to queue
[2024-06-12T20:02:03.271+0000] {logging_mixin.py:137} INFO - [2024-06-12T20:02:03.270+0000] {dagbag.py:538} INFO - Filling up the DagBag from /home/airflow/.local/lib/python3.7/site-packages/airflow/example_dags/example_time_delta_sensor_async.py
[2024-06-12T20:02:04.424+0000] {processor.py:753} INFO - DAG(s) dict_keys(['example_time_delta_sensor_async']) retrieved from /home/airflow/.local/lib/python3.7/site-packages/airflow/example_dags/example_time_delta_sensor_async.py
[2024-06-12T20:02:06.204+0000] {logging_mixin.py:137} INFO - [2024-06-12T20:02:06.203+0000] {dag.py:2690} INFO - Sync 1 DAGs
[2024-06-12T20:02:07.912+0000] {logging_mixin.py:137} INFO - [2024-06-12T20:02:07.912+0000] {dag.py:3441} INFO - Setting next_dagrun for example_time_delta_sensor_async to None, run_after=None
[2024-06-12T20:02:09.342+0000] {processor.py:175} INFO - Processing /home/airflow/.local/lib/python3.7/site-packages/airflow/example_dags/example_time_delta_sensor_async.py took 6.364 seconds
[2024-06-12T20:04:53.818+0000] {processor.py:153} INFO - Started process (PID=1568) to work on /home/airflow/.local/lib/python3.7/site-packages/airflow/example_dags/example_time_delta_sensor_async.py
[2024-06-12T20:04:53.882+0000] {processor.py:743} INFO - Processing file /home/airflow/.local/lib/python3.7/site-packages/airflow/example_dags/example_time_delta_sensor_async.py for tasks to queue
[2024-06-12T20:04:54.023+0000] {logging_mixin.py:137} INFO - [2024-06-12T20:04:54.022+0000] {dagbag.py:538} INFO - Filling up the DagBag from /home/airflow/.local/lib/python3.7/site-packages/airflow/example_dags/example_time_delta_sensor_async.py
[2024-06-12T20:04:55.090+0000] {processor.py:753} INFO - DAG(s) dict_keys(['example_time_delta_sensor_async']) retrieved from /home/airflow/.local/lib/python3.7/site-packages/airflow/example_dags/example_time_delta_sensor_async.py
[2024-06-12T20:04:57.067+0000] {logging_mixin.py:137} INFO - [2024-06-12T20:04:57.066+0000] {dag.py:2690} INFO - Sync 1 DAGs
[2024-06-12T20:04:58.439+0000] {logging_mixin.py:137} INFO - [2024-06-12T20:04:58.438+0000] {dag.py:3441} INFO - Setting next_dagrun for example_time_delta_sensor_async to None, run_after=None
[2024-06-12T20:04:59.911+0000] {processor.py:175} INFO - Processing /home/airflow/.local/lib/python3.7/site-packages/airflow/example_dags/example_time_delta_sensor_async.py took 6.176 seconds
[2024-06-12T20:07:37.961+0000] {processor.py:153} INFO - Started process (PID=1690) to work on /home/airflow/.local/lib/python3.7/site-packages/airflow/example_dags/example_time_delta_sensor_async.py
[2024-06-12T20:07:37.978+0000] {processor.py:743} INFO - Processing file /home/airflow/.local/lib/python3.7/site-packages/airflow/example_dags/example_time_delta_sensor_async.py for tasks to queue
[2024-06-12T20:07:38.048+0000] {logging_mixin.py:137} INFO - [2024-06-12T20:07:38.047+0000] {dagbag.py:538} INFO - Filling up the DagBag from /home/airflow/.local/lib/python3.7/site-packages/airflow/example_dags/example_time_delta_sensor_async.py
[2024-06-12T20:07:39.828+0000] {processor.py:753} INFO - DAG(s) dict_keys(['example_time_delta_sensor_async']) retrieved from /home/airflow/.local/lib/python3.7/site-packages/airflow/example_dags/example_time_delta_sensor_async.py
[2024-06-12T20:07:41.629+0000] {logging_mixin.py:137} INFO - [2024-06-12T20:07:41.566+0000] {dag.py:2690} INFO - Sync 1 DAGs
[2024-06-12T20:07:44.031+0000] {logging_mixin.py:137} INFO - [2024-06-12T20:07:44.031+0000] {dag.py:3441} INFO - Setting next_dagrun for example_time_delta_sensor_async to None, run_after=None
[2024-06-12T20:07:44.769+0000] {processor.py:175} INFO - Processing /home/airflow/.local/lib/python3.7/site-packages/airflow/example_dags/example_time_delta_sensor_async.py took 6.951 seconds
[2024-06-12T20:10:53.221+0000] {processor.py:153} INFO - Started process (PID=1830) to work on /home/airflow/.local/lib/python3.7/site-packages/airflow/example_dags/example_time_delta_sensor_async.py
[2024-06-12T20:10:53.301+0000] {processor.py:743} INFO - Processing file /home/airflow/.local/lib/python3.7/site-packages/airflow/example_dags/example_time_delta_sensor_async.py for tasks to queue
[2024-06-12T20:10:53.373+0000] {logging_mixin.py:137} INFO - [2024-06-12T20:10:53.372+0000] {dagbag.py:538} INFO - Filling up the DagBag from /home/airflow/.local/lib/python3.7/site-packages/airflow/example_dags/example_time_delta_sensor_async.py
[2024-06-12T20:10:54.483+0000] {processor.py:753} INFO - DAG(s) dict_keys(['example_time_delta_sensor_async']) retrieved from /home/airflow/.local/lib/python3.7/site-packages/airflow/example_dags/example_time_delta_sensor_async.py
[2024-06-12T20:10:55.688+0000] {logging_mixin.py:137} INFO - [2024-06-12T20:10:55.688+0000] {dag.py:2690} INFO - Sync 1 DAGs
[2024-06-12T20:10:58.895+0000] {logging_mixin.py:137} INFO - [2024-06-12T20:10:58.894+0000] {dag.py:3441} INFO - Setting next_dagrun for example_time_delta_sensor_async to None, run_after=None
[2024-06-12T20:10:59.802+0000] {processor.py:175} INFO - Processing /home/airflow/.local/lib/python3.7/site-packages/airflow/example_dags/example_time_delta_sensor_async.py took 6.575 seconds
[2024-06-12T20:13:29.189+0000] {processor.py:153} INFO - Started process (PID=1952) to work on /home/airflow/.local/lib/python3.7/site-packages/airflow/example_dags/example_time_delta_sensor_async.py
[2024-06-12T20:13:29.216+0000] {processor.py:743} INFO - Processing file /home/airflow/.local/lib/python3.7/site-packages/airflow/example_dags/example_time_delta_sensor_async.py for tasks to queue
[2024-06-12T20:13:29.242+0000] {logging_mixin.py:137} INFO - [2024-06-12T20:13:29.241+0000] {dagbag.py:538} INFO - Filling up the DagBag from /home/airflow/.local/lib/python3.7/site-packages/airflow/example_dags/example_time_delta_sensor_async.py
[2024-06-12T20:13:29.864+0000] {processor.py:753} INFO - DAG(s) dict_keys(['example_time_delta_sensor_async']) retrieved from /home/airflow/.local/lib/python3.7/site-packages/airflow/example_dags/example_time_delta_sensor_async.py
[2024-06-12T20:13:30.449+0000] {logging_mixin.py:137} INFO - [2024-06-12T20:13:30.447+0000] {dag.py:2690} INFO - Sync 1 DAGs
[2024-06-12T20:13:31.719+0000] {logging_mixin.py:137} INFO - [2024-06-12T20:13:31.718+0000] {dag.py:3441} INFO - Setting next_dagrun for example_time_delta_sensor_async to None, run_after=None
[2024-06-12T20:13:32.595+0000] {processor.py:175} INFO - Processing /home/airflow/.local/lib/python3.7/site-packages/airflow/example_dags/example_time_delta_sensor_async.py took 3.592 seconds
[2024-06-12T20:15:05.326+0000] {processor.py:153} INFO - Started process (PID=2062) to work on /home/airflow/.local/lib/python3.7/site-packages/airflow/example_dags/example_time_delta_sensor_async.py
[2024-06-12T20:15:05.336+0000] {processor.py:743} INFO - Processing file /home/airflow/.local/lib/python3.7/site-packages/airflow/example_dags/example_time_delta_sensor_async.py for tasks to queue
[2024-06-12T20:15:05.341+0000] {logging_mixin.py:137} INFO - [2024-06-12T20:15:05.341+0000] {dagbag.py:538} INFO - Filling up the DagBag from /home/airflow/.local/lib/python3.7/site-packages/airflow/example_dags/example_time_delta_sensor_async.py
[2024-06-12T20:15:05.634+0000] {processor.py:753} INFO - DAG(s) dict_keys(['example_time_delta_sensor_async']) retrieved from /home/airflow/.local/lib/python3.7/site-packages/airflow/example_dags/example_time_delta_sensor_async.py
[2024-06-12T20:15:06.719+0000] {logging_mixin.py:137} INFO - [2024-06-12T20:15:06.719+0000] {dag.py:2690} INFO - Sync 1 DAGs
[2024-06-12T20:15:07.551+0000] {logging_mixin.py:137} INFO - [2024-06-12T20:15:07.550+0000] {dag.py:3441} INFO - Setting next_dagrun for example_time_delta_sensor_async to None, run_after=None
[2024-06-12T20:15:08.054+0000] {processor.py:175} INFO - Processing /home/airflow/.local/lib/python3.7/site-packages/airflow/example_dags/example_time_delta_sensor_async.py took 2.758 seconds
[2024-06-12T20:16:13.760+0000] {processor.py:153} INFO - Started process (PID=2140) to work on /home/airflow/.local/lib/python3.7/site-packages/airflow/example_dags/example_time_delta_sensor_async.py
[2024-06-12T20:16:13.772+0000] {processor.py:743} INFO - Processing file /home/airflow/.local/lib/python3.7/site-packages/airflow/example_dags/example_time_delta_sensor_async.py for tasks to queue
[2024-06-12T20:16:13.775+0000] {logging_mixin.py:137} INFO - [2024-06-12T20:16:13.774+0000] {dagbag.py:538} INFO - Filling up the DagBag from /home/airflow/.local/lib/python3.7/site-packages/airflow/example_dags/example_time_delta_sensor_async.py
[2024-06-12T20:16:13.904+0000] {processor.py:753} INFO - DAG(s) dict_keys(['example_time_delta_sensor_async']) retrieved from /home/airflow/.local/lib/python3.7/site-packages/airflow/example_dags/example_time_delta_sensor_async.py
[2024-06-12T20:16:14.356+0000] {logging_mixin.py:137} INFO - [2024-06-12T20:16:14.356+0000] {dag.py:2690} INFO - Sync 1 DAGs
[2024-06-12T20:16:14.866+0000] {logging_mixin.py:137} INFO - [2024-06-12T20:16:14.865+0000] {dag.py:3441} INFO - Setting next_dagrun for example_time_delta_sensor_async to None, run_after=None
[2024-06-12T20:16:15.515+0000] {processor.py:175} INFO - Processing /home/airflow/.local/lib/python3.7/site-packages/airflow/example_dags/example_time_delta_sensor_async.py took 1.792 seconds
[2024-06-12T20:17:02.151+0000] {processor.py:153} INFO - Started process (PID=2203) to work on /home/airflow/.local/lib/python3.7/site-packages/airflow/example_dags/example_time_delta_sensor_async.py
[2024-06-12T20:17:02.175+0000] {processor.py:743} INFO - Processing file /home/airflow/.local/lib/python3.7/site-packages/airflow/example_dags/example_time_delta_sensor_async.py for tasks to queue
[2024-06-12T20:17:02.183+0000] {logging_mixin.py:137} INFO - [2024-06-12T20:17:02.183+0000] {dagbag.py:538} INFO - Filling up the DagBag from /home/airflow/.local/lib/python3.7/site-packages/airflow/example_dags/example_time_delta_sensor_async.py
[2024-06-12T20:17:02.569+0000] {processor.py:753} INFO - DAG(s) dict_keys(['example_time_delta_sensor_async']) retrieved from /home/airflow/.local/lib/python3.7/site-packages/airflow/example_dags/example_time_delta_sensor_async.py
[2024-06-12T20:17:03.383+0000] {logging_mixin.py:137} INFO - [2024-06-12T20:17:03.382+0000] {dag.py:2690} INFO - Sync 1 DAGs
[2024-06-12T20:17:03.973+0000] {logging_mixin.py:137} INFO - [2024-06-12T20:17:03.973+0000] {dag.py:3441} INFO - Setting next_dagrun for example_time_delta_sensor_async to None, run_after=None
[2024-06-12T20:17:04.753+0000] {processor.py:175} INFO - Processing /home/airflow/.local/lib/python3.7/site-packages/airflow/example_dags/example_time_delta_sensor_async.py took 2.712 seconds
[2024-06-12T20:18:49.168+0000] {processor.py:153} INFO - Started process (PID=2302) to work on /home/airflow/.local/lib/python3.7/site-packages/airflow/example_dags/example_time_delta_sensor_async.py
[2024-06-12T20:18:49.201+0000] {processor.py:743} INFO - Processing file /home/airflow/.local/lib/python3.7/site-packages/airflow/example_dags/example_time_delta_sensor_async.py for tasks to queue
[2024-06-12T20:18:49.281+0000] {logging_mixin.py:137} INFO - [2024-06-12T20:18:49.281+0000] {dagbag.py:538} INFO - Filling up the DagBag from /home/airflow/.local/lib/python3.7/site-packages/airflow/example_dags/example_time_delta_sensor_async.py
[2024-06-12T20:18:50.057+0000] {processor.py:753} INFO - DAG(s) dict_keys(['example_time_delta_sensor_async']) retrieved from /home/airflow/.local/lib/python3.7/site-packages/airflow/example_dags/example_time_delta_sensor_async.py
[2024-06-12T20:18:51.138+0000] {logging_mixin.py:137} INFO - [2024-06-12T20:18:51.138+0000] {dag.py:2690} INFO - Sync 1 DAGs
[2024-06-12T20:18:52.016+0000] {logging_mixin.py:137} INFO - [2024-06-12T20:18:52.005+0000] {dag.py:3441} INFO - Setting next_dagrun for example_time_delta_sensor_async to None, run_after=None
[2024-06-12T20:18:52.300+0000] {processor.py:175} INFO - Processing /home/airflow/.local/lib/python3.7/site-packages/airflow/example_dags/example_time_delta_sensor_async.py took 3.194 seconds
[2024-06-12T20:20:38.619+0000] {processor.py:153} INFO - Started process (PID=2419) to work on /home/airflow/.local/lib/python3.7/site-packages/airflow/example_dags/example_time_delta_sensor_async.py
[2024-06-12T20:20:38.633+0000] {processor.py:743} INFO - Processing file /home/airflow/.local/lib/python3.7/site-packages/airflow/example_dags/example_time_delta_sensor_async.py for tasks to queue
[2024-06-12T20:20:38.650+0000] {logging_mixin.py:137} INFO - [2024-06-12T20:20:38.650+0000] {dagbag.py:538} INFO - Filling up the DagBag from /home/airflow/.local/lib/python3.7/site-packages/airflow/example_dags/example_time_delta_sensor_async.py
[2024-06-12T20:20:39.614+0000] {processor.py:753} INFO - DAG(s) dict_keys(['example_time_delta_sensor_async']) retrieved from /home/airflow/.local/lib/python3.7/site-packages/airflow/example_dags/example_time_delta_sensor_async.py
[2024-06-12T20:20:40.999+0000] {logging_mixin.py:137} INFO - [2024-06-12T20:20:40.998+0000] {dag.py:2690} INFO - Sync 1 DAGs
[2024-06-12T20:20:42.616+0000] {logging_mixin.py:137} INFO - [2024-06-12T20:20:42.615+0000] {dag.py:3441} INFO - Setting next_dagrun for example_time_delta_sensor_async to None, run_after=None
[2024-06-12T20:20:43.891+0000] {processor.py:175} INFO - Processing /home/airflow/.local/lib/python3.7/site-packages/airflow/example_dags/example_time_delta_sensor_async.py took 5.467 seconds
[2024-06-12T20:22:45.588+0000] {processor.py:153} INFO - Started process (PID=2543) to work on /home/airflow/.local/lib/python3.7/site-packages/airflow/example_dags/example_time_delta_sensor_async.py
[2024-06-12T20:22:45.606+0000] {processor.py:743} INFO - Processing file /home/airflow/.local/lib/python3.7/site-packages/airflow/example_dags/example_time_delta_sensor_async.py for tasks to queue
[2024-06-12T20:22:45.624+0000] {logging_mixin.py:137} INFO - [2024-06-12T20:22:45.624+0000] {dagbag.py:538} INFO - Filling up the DagBag from /home/airflow/.local/lib/python3.7/site-packages/airflow/example_dags/example_time_delta_sensor_async.py
[2024-06-12T20:22:46.157+0000] {processor.py:753} INFO - DAG(s) dict_keys(['example_time_delta_sensor_async']) retrieved from /home/airflow/.local/lib/python3.7/site-packages/airflow/example_dags/example_time_delta_sensor_async.py
[2024-06-12T20:22:46.937+0000] {logging_mixin.py:137} INFO - [2024-06-12T20:22:46.936+0000] {dag.py:2690} INFO - Sync 1 DAGs
[2024-06-12T20:22:48.017+0000] {logging_mixin.py:137} INFO - [2024-06-12T20:22:48.016+0000] {dag.py:3441} INFO - Setting next_dagrun for example_time_delta_sensor_async to None, run_after=None
[2024-06-12T20:22:48.560+0000] {processor.py:175} INFO - Processing /home/airflow/.local/lib/python3.7/site-packages/airflow/example_dags/example_time_delta_sensor_async.py took 3.181 seconds
[2024-06-12T20:25:04.799+0000] {processor.py:153} INFO - Started process (PID=2678) to work on /home/airflow/.local/lib/python3.7/site-packages/airflow/example_dags/example_time_delta_sensor_async.py
[2024-06-12T20:25:04.833+0000] {processor.py:743} INFO - Processing file /home/airflow/.local/lib/python3.7/site-packages/airflow/example_dags/example_time_delta_sensor_async.py for tasks to queue
[2024-06-12T20:25:04.864+0000] {logging_mixin.py:137} INFO - [2024-06-12T20:25:04.864+0000] {dagbag.py:538} INFO - Filling up the DagBag from /home/airflow/.local/lib/python3.7/site-packages/airflow/example_dags/example_time_delta_sensor_async.py
[2024-06-12T20:25:05.425+0000] {processor.py:753} INFO - DAG(s) dict_keys(['example_time_delta_sensor_async']) retrieved from /home/airflow/.local/lib/python3.7/site-packages/airflow/example_dags/example_time_delta_sensor_async.py
[2024-06-12T20:25:05.677+0000] {logging_mixin.py:137} INFO - [2024-06-12T20:25:05.677+0000] {dag.py:2690} INFO - Sync 1 DAGs
[2024-06-12T20:25:06.350+0000] {logging_mixin.py:137} INFO - [2024-06-12T20:25:06.350+0000] {dag.py:3441} INFO - Setting next_dagrun for example_time_delta_sensor_async to None, run_after=None
[2024-06-12T20:25:07.328+0000] {processor.py:175} INFO - Processing /home/airflow/.local/lib/python3.7/site-packages/airflow/example_dags/example_time_delta_sensor_async.py took 2.737 seconds
[2024-06-12T20:26:53.624+0000] {processor.py:153} INFO - Started process (PID=2786) to work on /home/airflow/.local/lib/python3.7/site-packages/airflow/example_dags/example_time_delta_sensor_async.py
[2024-06-12T20:26:53.769+0000] {processor.py:743} INFO - Processing file /home/airflow/.local/lib/python3.7/site-packages/airflow/example_dags/example_time_delta_sensor_async.py for tasks to queue
[2024-06-12T20:26:53.849+0000] {logging_mixin.py:137} INFO - [2024-06-12T20:26:53.848+0000] {dagbag.py:538} INFO - Filling up the DagBag from /home/airflow/.local/lib/python3.7/site-packages/airflow/example_dags/example_time_delta_sensor_async.py
[2024-06-12T20:26:54.589+0000] {processor.py:753} INFO - DAG(s) dict_keys(['example_time_delta_sensor_async']) retrieved from /home/airflow/.local/lib/python3.7/site-packages/airflow/example_dags/example_time_delta_sensor_async.py
[2024-06-12T20:26:55.031+0000] {logging_mixin.py:137} INFO - [2024-06-12T20:26:55.031+0000] {dag.py:2690} INFO - Sync 1 DAGs
[2024-06-12T20:26:56.340+0000] {logging_mixin.py:137} INFO - [2024-06-12T20:26:56.339+0000] {dag.py:3441} INFO - Setting next_dagrun for example_time_delta_sensor_async to None, run_after=None
[2024-06-12T20:26:57.541+0000] {processor.py:175} INFO - Processing /home/airflow/.local/lib/python3.7/site-packages/airflow/example_dags/example_time_delta_sensor_async.py took 4.090 seconds
[2024-06-12T20:28:26.467+0000] {processor.py:153} INFO - Started process (PID=2885) to work on /home/airflow/.local/lib/python3.7/site-packages/airflow/example_dags/example_time_delta_sensor_async.py
[2024-06-12T20:28:26.511+0000] {processor.py:743} INFO - Processing file /home/airflow/.local/lib/python3.7/site-packages/airflow/example_dags/example_time_delta_sensor_async.py for tasks to queue
[2024-06-12T20:28:26.544+0000] {logging_mixin.py:137} INFO - [2024-06-12T20:28:26.544+0000] {dagbag.py:538} INFO - Filling up the DagBag from /home/airflow/.local/lib/python3.7/site-packages/airflow/example_dags/example_time_delta_sensor_async.py
[2024-06-12T20:28:26.797+0000] {processor.py:753} INFO - DAG(s) dict_keys(['example_time_delta_sensor_async']) retrieved from /home/airflow/.local/lib/python3.7/site-packages/airflow/example_dags/example_time_delta_sensor_async.py
[2024-06-12T20:28:27.343+0000] {logging_mixin.py:137} INFO - [2024-06-12T20:28:27.342+0000] {dag.py:2690} INFO - Sync 1 DAGs
[2024-06-12T20:28:28.207+0000] {logging_mixin.py:137} INFO - [2024-06-12T20:28:28.207+0000] {dag.py:3441} INFO - Setting next_dagrun for example_time_delta_sensor_async to None, run_after=None
[2024-06-12T20:28:28.622+0000] {processor.py:175} INFO - Processing /home/airflow/.local/lib/python3.7/site-packages/airflow/example_dags/example_time_delta_sensor_async.py took 2.298 seconds
[2024-06-12T20:29:43.789+0000] {processor.py:153} INFO - Started process (PID=2968) to work on /home/airflow/.local/lib/python3.7/site-packages/airflow/example_dags/example_time_delta_sensor_async.py
[2024-06-12T20:29:43.804+0000] {processor.py:743} INFO - Processing file /home/airflow/.local/lib/python3.7/site-packages/airflow/example_dags/example_time_delta_sensor_async.py for tasks to queue
[2024-06-12T20:29:43.917+0000] {logging_mixin.py:137} INFO - [2024-06-12T20:29:43.917+0000] {dagbag.py:538} INFO - Filling up the DagBag from /home/airflow/.local/lib/python3.7/site-packages/airflow/example_dags/example_time_delta_sensor_async.py
[2024-06-12T20:29:44.075+0000] {processor.py:753} INFO - DAG(s) dict_keys(['example_time_delta_sensor_async']) retrieved from /home/airflow/.local/lib/python3.7/site-packages/airflow/example_dags/example_time_delta_sensor_async.py
[2024-06-12T20:29:44.268+0000] {logging_mixin.py:137} INFO - [2024-06-12T20:29:44.268+0000] {dag.py:2690} INFO - Sync 1 DAGs
[2024-06-12T20:29:44.704+0000] {logging_mixin.py:137} INFO - [2024-06-12T20:29:44.704+0000] {dag.py:3441} INFO - Setting next_dagrun for example_time_delta_sensor_async to None, run_after=None
[2024-06-12T20:29:44.977+0000] {processor.py:175} INFO - Processing /home/airflow/.local/lib/python3.7/site-packages/airflow/example_dags/example_time_delta_sensor_async.py took 1.239 seconds
[2024-06-12T20:30:47.020+0000] {processor.py:153} INFO - Started process (PID=3042) to work on /home/airflow/.local/lib/python3.7/site-packages/airflow/example_dags/example_time_delta_sensor_async.py
[2024-06-12T20:30:47.082+0000] {processor.py:743} INFO - Processing file /home/airflow/.local/lib/python3.7/site-packages/airflow/example_dags/example_time_delta_sensor_async.py for tasks to queue
[2024-06-12T20:30:47.133+0000] {logging_mixin.py:137} INFO - [2024-06-12T20:30:47.133+0000] {dagbag.py:538} INFO - Filling up the DagBag from /home/airflow/.local/lib/python3.7/site-packages/airflow/example_dags/example_time_delta_sensor_async.py
[2024-06-12T20:30:47.321+0000] {processor.py:753} INFO - DAG(s) dict_keys(['example_time_delta_sensor_async']) retrieved from /home/airflow/.local/lib/python3.7/site-packages/airflow/example_dags/example_time_delta_sensor_async.py
[2024-06-12T20:30:47.607+0000] {logging_mixin.py:137} INFO - [2024-06-12T20:30:47.607+0000] {dag.py:2690} INFO - Sync 1 DAGs
[2024-06-12T20:30:48.197+0000] {logging_mixin.py:137} INFO - [2024-06-12T20:30:48.196+0000] {dag.py:3441} INFO - Setting next_dagrun for example_time_delta_sensor_async to None, run_after=None
[2024-06-12T20:30:48.544+0000] {processor.py:175} INFO - Processing /home/airflow/.local/lib/python3.7/site-packages/airflow/example_dags/example_time_delta_sensor_async.py took 1.592 seconds
[2024-06-12T20:32:03.218+0000] {processor.py:153} INFO - Started process (PID=3131) to work on /home/airflow/.local/lib/python3.7/site-packages/airflow/example_dags/example_time_delta_sensor_async.py
[2024-06-12T20:32:03.295+0000] {processor.py:743} INFO - Processing file /home/airflow/.local/lib/python3.7/site-packages/airflow/example_dags/example_time_delta_sensor_async.py for tasks to queue
[2024-06-12T20:32:03.339+0000] {logging_mixin.py:137} INFO - [2024-06-12T20:32:03.339+0000] {dagbag.py:538} INFO - Filling up the DagBag from /home/airflow/.local/lib/python3.7/site-packages/airflow/example_dags/example_time_delta_sensor_async.py
[2024-06-12T20:32:03.660+0000] {processor.py:753} INFO - DAG(s) dict_keys(['example_time_delta_sensor_async']) retrieved from /home/airflow/.local/lib/python3.7/site-packages/airflow/example_dags/example_time_delta_sensor_async.py
[2024-06-12T20:32:04.401+0000] {logging_mixin.py:137} INFO - [2024-06-12T20:32:04.401+0000] {dag.py:2690} INFO - Sync 1 DAGs
[2024-06-12T20:32:05.348+0000] {logging_mixin.py:137} INFO - [2024-06-12T20:32:05.348+0000] {dag.py:3441} INFO - Setting next_dagrun for example_time_delta_sensor_async to None, run_after=None
[2024-06-12T20:32:06.157+0000] {processor.py:175} INFO - Processing /home/airflow/.local/lib/python3.7/site-packages/airflow/example_dags/example_time_delta_sensor_async.py took 2.989 seconds
[2024-06-12T20:33:49.201+0000] {processor.py:153} INFO - Started process (PID=3236) to work on /home/airflow/.local/lib/python3.7/site-packages/airflow/example_dags/example_time_delta_sensor_async.py
[2024-06-12T20:33:49.222+0000] {processor.py:743} INFO - Processing file /home/airflow/.local/lib/python3.7/site-packages/airflow/example_dags/example_time_delta_sensor_async.py for tasks to queue
[2024-06-12T20:33:49.240+0000] {logging_mixin.py:137} INFO - [2024-06-12T20:33:49.239+0000] {dagbag.py:538} INFO - Filling up the DagBag from /home/airflow/.local/lib/python3.7/site-packages/airflow/example_dags/example_time_delta_sensor_async.py
[2024-06-12T20:33:49.600+0000] {processor.py:753} INFO - DAG(s) dict_keys(['example_time_delta_sensor_async']) retrieved from /home/airflow/.local/lib/python3.7/site-packages/airflow/example_dags/example_time_delta_sensor_async.py
[2024-06-12T20:33:50.868+0000] {logging_mixin.py:137} INFO - [2024-06-12T20:33:50.867+0000] {dag.py:2690} INFO - Sync 1 DAGs
[2024-06-12T20:33:51.859+0000] {logging_mixin.py:137} INFO - [2024-06-12T20:33:51.859+0000] {dag.py:3441} INFO - Setting next_dagrun for example_time_delta_sensor_async to None, run_after=None
[2024-06-12T20:33:52.210+0000] {processor.py:175} INFO - Processing /home/airflow/.local/lib/python3.7/site-packages/airflow/example_dags/example_time_delta_sensor_async.py took 3.043 seconds
[2024-06-12T20:36:14.817+0000] {processor.py:153} INFO - Started process (PID=3366) to work on /home/airflow/.local/lib/python3.7/site-packages/airflow/example_dags/example_time_delta_sensor_async.py
[2024-06-12T20:36:14.910+0000] {processor.py:743} INFO - Processing file /home/airflow/.local/lib/python3.7/site-packages/airflow/example_dags/example_time_delta_sensor_async.py for tasks to queue
[2024-06-12T20:36:14.944+0000] {logging_mixin.py:137} INFO - [2024-06-12T20:36:14.944+0000] {dagbag.py:538} INFO - Filling up the DagBag from /home/airflow/.local/lib/python3.7/site-packages/airflow/example_dags/example_time_delta_sensor_async.py
[2024-06-12T20:36:15.617+0000] {processor.py:753} INFO - DAG(s) dict_keys(['example_time_delta_sensor_async']) retrieved from /home/airflow/.local/lib/python3.7/site-packages/airflow/example_dags/example_time_delta_sensor_async.py
[2024-06-12T20:36:16.307+0000] {logging_mixin.py:137} INFO - [2024-06-12T20:36:16.263+0000] {dag.py:2690} INFO - Sync 1 DAGs
[2024-06-12T20:36:17.416+0000] {logging_mixin.py:137} INFO - [2024-06-12T20:36:17.372+0000] {dag.py:3441} INFO - Setting next_dagrun for example_time_delta_sensor_async to None, run_after=None
[2024-06-12T20:36:18.017+0000] {processor.py:175} INFO - Processing /home/airflow/.local/lib/python3.7/site-packages/airflow/example_dags/example_time_delta_sensor_async.py took 3.368 seconds
[2024-06-12T20:38:37.464+0000] {processor.py:153} INFO - Started process (PID=3501) to work on /home/airflow/.local/lib/python3.7/site-packages/airflow/example_dags/example_time_delta_sensor_async.py
[2024-06-12T20:38:37.524+0000] {processor.py:743} INFO - Processing file /home/airflow/.local/lib/python3.7/site-packages/airflow/example_dags/example_time_delta_sensor_async.py for tasks to queue
[2024-06-12T20:38:37.551+0000] {logging_mixin.py:137} INFO - [2024-06-12T20:38:37.551+0000] {dagbag.py:538} INFO - Filling up the DagBag from /home/airflow/.local/lib/python3.7/site-packages/airflow/example_dags/example_time_delta_sensor_async.py
[2024-06-12T20:38:37.741+0000] {processor.py:753} INFO - DAG(s) dict_keys(['example_time_delta_sensor_async']) retrieved from /home/airflow/.local/lib/python3.7/site-packages/airflow/example_dags/example_time_delta_sensor_async.py
[2024-06-12T20:38:38.448+0000] {logging_mixin.py:137} INFO - [2024-06-12T20:38:38.448+0000] {dag.py:2690} INFO - Sync 1 DAGs
[2024-06-12T20:38:39.205+0000] {logging_mixin.py:137} INFO - [2024-06-12T20:38:39.205+0000] {dag.py:3441} INFO - Setting next_dagrun for example_time_delta_sensor_async to None, run_after=None
[2024-06-12T20:38:39.937+0000] {processor.py:175} INFO - Processing /home/airflow/.local/lib/python3.7/site-packages/airflow/example_dags/example_time_delta_sensor_async.py took 2.499 seconds
[2024-06-12T20:39:32.602+0000] {processor.py:153} INFO - Started process (PID=3576) to work on /home/airflow/.local/lib/python3.7/site-packages/airflow/example_dags/example_time_delta_sensor_async.py
[2024-06-12T20:39:32.620+0000] {processor.py:743} INFO - Processing file /home/airflow/.local/lib/python3.7/site-packages/airflow/example_dags/example_time_delta_sensor_async.py for tasks to queue
[2024-06-12T20:39:32.730+0000] {logging_mixin.py:137} INFO - [2024-06-12T20:39:32.729+0000] {dagbag.py:538} INFO - Filling up the DagBag from /home/airflow/.local/lib/python3.7/site-packages/airflow/example_dags/example_time_delta_sensor_async.py
[2024-06-12T20:39:32.834+0000] {processor.py:753} INFO - DAG(s) dict_keys(['example_time_delta_sensor_async']) retrieved from /home/airflow/.local/lib/python3.7/site-packages/airflow/example_dags/example_time_delta_sensor_async.py
[2024-06-12T20:39:33.446+0000] {logging_mixin.py:137} INFO - [2024-06-12T20:39:33.445+0000] {dag.py:2690} INFO - Sync 1 DAGs
[2024-06-12T20:39:34.226+0000] {logging_mixin.py:137} INFO - [2024-06-12T20:39:34.226+0000] {dag.py:3441} INFO - Setting next_dagrun for example_time_delta_sensor_async to None, run_after=None
[2024-06-12T20:39:34.691+0000] {processor.py:175} INFO - Processing /home/airflow/.local/lib/python3.7/site-packages/airflow/example_dags/example_time_delta_sensor_async.py took 2.230 seconds
[2024-06-12T20:40:36.138+0000] {processor.py:153} INFO - Started process (PID=3640) to work on /home/airflow/.local/lib/python3.7/site-packages/airflow/example_dags/example_time_delta_sensor_async.py
[2024-06-12T20:40:36.154+0000] {processor.py:743} INFO - Processing file /home/airflow/.local/lib/python3.7/site-packages/airflow/example_dags/example_time_delta_sensor_async.py for tasks to queue
[2024-06-12T20:40:36.185+0000] {logging_mixin.py:137} INFO - [2024-06-12T20:40:36.174+0000] {dagbag.py:538} INFO - Filling up the DagBag from /home/airflow/.local/lib/python3.7/site-packages/airflow/example_dags/example_time_delta_sensor_async.py
[2024-06-12T20:40:36.519+0000] {processor.py:753} INFO - DAG(s) dict_keys(['example_time_delta_sensor_async']) retrieved from /home/airflow/.local/lib/python3.7/site-packages/airflow/example_dags/example_time_delta_sensor_async.py
[2024-06-12T20:40:37.169+0000] {logging_mixin.py:137} INFO - [2024-06-12T20:40:37.150+0000] {dag.py:2690} INFO - Sync 1 DAGs
[2024-06-12T20:40:37.513+0000] {logging_mixin.py:137} INFO - [2024-06-12T20:40:37.512+0000] {dag.py:3441} INFO - Setting next_dagrun for example_time_delta_sensor_async to None, run_after=None
[2024-06-12T20:40:37.885+0000] {processor.py:175} INFO - Processing /home/airflow/.local/lib/python3.7/site-packages/airflow/example_dags/example_time_delta_sensor_async.py took 1.832 seconds
[2024-06-12T20:41:42.974+0000] {processor.py:153} INFO - Started process (PID=3720) to work on /home/airflow/.local/lib/python3.7/site-packages/airflow/example_dags/example_time_delta_sensor_async.py
[2024-06-12T20:41:42.978+0000] {processor.py:743} INFO - Processing file /home/airflow/.local/lib/python3.7/site-packages/airflow/example_dags/example_time_delta_sensor_async.py for tasks to queue
[2024-06-12T20:41:42.993+0000] {logging_mixin.py:137} INFO - [2024-06-12T20:41:42.993+0000] {dagbag.py:538} INFO - Filling up the DagBag from /home/airflow/.local/lib/python3.7/site-packages/airflow/example_dags/example_time_delta_sensor_async.py
[2024-06-12T20:41:43.205+0000] {processor.py:753} INFO - DAG(s) dict_keys(['example_time_delta_sensor_async']) retrieved from /home/airflow/.local/lib/python3.7/site-packages/airflow/example_dags/example_time_delta_sensor_async.py
[2024-06-12T20:41:43.604+0000] {logging_mixin.py:137} INFO - [2024-06-12T20:41:43.603+0000] {dag.py:2690} INFO - Sync 1 DAGs
[2024-06-12T20:41:44.128+0000] {logging_mixin.py:137} INFO - [2024-06-12T20:41:44.127+0000] {dag.py:3441} INFO - Setting next_dagrun for example_time_delta_sensor_async to None, run_after=None
[2024-06-12T20:41:44.483+0000] {processor.py:175} INFO - Processing /home/airflow/.local/lib/python3.7/site-packages/airflow/example_dags/example_time_delta_sensor_async.py took 1.549 seconds
[2024-06-12T20:43:01.633+0000] {processor.py:153} INFO - Started process (PID=3810) to work on /home/airflow/.local/lib/python3.7/site-packages/airflow/example_dags/example_time_delta_sensor_async.py
[2024-06-12T20:43:01.661+0000] {processor.py:743} INFO - Processing file /home/airflow/.local/lib/python3.7/site-packages/airflow/example_dags/example_time_delta_sensor_async.py for tasks to queue
[2024-06-12T20:43:01.723+0000] {logging_mixin.py:137} INFO - [2024-06-12T20:43:01.722+0000] {dagbag.py:538} INFO - Filling up the DagBag from /home/airflow/.local/lib/python3.7/site-packages/airflow/example_dags/example_time_delta_sensor_async.py
[2024-06-12T20:43:01.804+0000] {processor.py:753} INFO - DAG(s) dict_keys(['example_time_delta_sensor_async']) retrieved from /home/airflow/.local/lib/python3.7/site-packages/airflow/example_dags/example_time_delta_sensor_async.py
[2024-06-12T20:43:02.295+0000] {logging_mixin.py:137} INFO - [2024-06-12T20:43:02.295+0000] {dag.py:2690} INFO - Sync 1 DAGs
[2024-06-12T20:43:02.844+0000] {logging_mixin.py:137} INFO - [2024-06-12T20:43:02.843+0000] {dag.py:3441} INFO - Setting next_dagrun for example_time_delta_sensor_async to None, run_after=None
[2024-06-12T20:43:03.241+0000] {processor.py:175} INFO - Processing /home/airflow/.local/lib/python3.7/site-packages/airflow/example_dags/example_time_delta_sensor_async.py took 1.642 seconds
[2024-06-12T20:44:21.337+0000] {processor.py:153} INFO - Started process (PID=3893) to work on /home/airflow/.local/lib/python3.7/site-packages/airflow/example_dags/example_time_delta_sensor_async.py
[2024-06-12T20:44:21.414+0000] {processor.py:743} INFO - Processing file /home/airflow/.local/lib/python3.7/site-packages/airflow/example_dags/example_time_delta_sensor_async.py for tasks to queue
[2024-06-12T20:44:21.416+0000] {logging_mixin.py:137} INFO - [2024-06-12T20:44:21.416+0000] {dagbag.py:538} INFO - Filling up the DagBag from /home/airflow/.local/lib/python3.7/site-packages/airflow/example_dags/example_time_delta_sensor_async.py
[2024-06-12T20:44:21.593+0000] {processor.py:753} INFO - DAG(s) dict_keys(['example_time_delta_sensor_async']) retrieved from /home/airflow/.local/lib/python3.7/site-packages/airflow/example_dags/example_time_delta_sensor_async.py
[2024-06-12T20:44:22.124+0000] {logging_mixin.py:137} INFO - [2024-06-12T20:44:22.077+0000] {dag.py:2690} INFO - Sync 1 DAGs
[2024-06-12T20:44:22.917+0000] {logging_mixin.py:137} INFO - [2024-06-12T20:44:22.916+0000] {dag.py:3441} INFO - Setting next_dagrun for example_time_delta_sensor_async to None, run_after=None
[2024-06-12T20:44:23.302+0000] {processor.py:175} INFO - Processing /home/airflow/.local/lib/python3.7/site-packages/airflow/example_dags/example_time_delta_sensor_async.py took 2.091 seconds
[2024-06-12T20:45:20.079+0000] {processor.py:153} INFO - Started process (PID=3969) to work on /home/airflow/.local/lib/python3.7/site-packages/airflow/example_dags/example_time_delta_sensor_async.py
[2024-06-12T20:45:20.093+0000] {processor.py:743} INFO - Processing file /home/airflow/.local/lib/python3.7/site-packages/airflow/example_dags/example_time_delta_sensor_async.py for tasks to queue
[2024-06-12T20:45:20.095+0000] {logging_mixin.py:137} INFO - [2024-06-12T20:45:20.095+0000] {dagbag.py:538} INFO - Filling up the DagBag from /home/airflow/.local/lib/python3.7/site-packages/airflow/example_dags/example_time_delta_sensor_async.py
[2024-06-12T20:45:20.254+0000] {processor.py:753} INFO - DAG(s) dict_keys(['example_time_delta_sensor_async']) retrieved from /home/airflow/.local/lib/python3.7/site-packages/airflow/example_dags/example_time_delta_sensor_async.py
[2024-06-12T20:45:20.751+0000] {logging_mixin.py:137} INFO - [2024-06-12T20:45:20.750+0000] {dag.py:2690} INFO - Sync 1 DAGs
[2024-06-12T20:45:21.210+0000] {logging_mixin.py:137} INFO - [2024-06-12T20:45:21.209+0000] {dag.py:3441} INFO - Setting next_dagrun for example_time_delta_sensor_async to None, run_after=None
[2024-06-12T20:45:21.591+0000] {processor.py:175} INFO - Processing /home/airflow/.local/lib/python3.7/site-packages/airflow/example_dags/example_time_delta_sensor_async.py took 1.544 seconds
[2024-06-12T20:46:14.040+0000] {processor.py:153} INFO - Started process (PID=4042) to work on /home/airflow/.local/lib/python3.7/site-packages/airflow/example_dags/example_time_delta_sensor_async.py
[2024-06-12T20:46:14.070+0000] {processor.py:743} INFO - Processing file /home/airflow/.local/lib/python3.7/site-packages/airflow/example_dags/example_time_delta_sensor_async.py for tasks to queue
[2024-06-12T20:46:14.075+0000] {logging_mixin.py:137} INFO - [2024-06-12T20:46:14.075+0000] {dagbag.py:538} INFO - Filling up the DagBag from /home/airflow/.local/lib/python3.7/site-packages/airflow/example_dags/example_time_delta_sensor_async.py
[2024-06-12T20:46:14.393+0000] {processor.py:753} INFO - DAG(s) dict_keys(['example_time_delta_sensor_async']) retrieved from /home/airflow/.local/lib/python3.7/site-packages/airflow/example_dags/example_time_delta_sensor_async.py
[2024-06-12T20:46:15.049+0000] {logging_mixin.py:137} INFO - [2024-06-12T20:46:15.039+0000] {dag.py:2690} INFO - Sync 1 DAGs
[2024-06-12T20:46:15.712+0000] {logging_mixin.py:137} INFO - [2024-06-12T20:46:15.699+0000] {dag.py:3441} INFO - Setting next_dagrun for example_time_delta_sensor_async to None, run_after=None
[2024-06-12T20:46:16.049+0000] {processor.py:175} INFO - Processing /home/airflow/.local/lib/python3.7/site-packages/airflow/example_dags/example_time_delta_sensor_async.py took 2.107 seconds
[2024-06-12T20:47:21.489+0000] {processor.py:153} INFO - Started process (PID=4116) to work on /home/airflow/.local/lib/python3.7/site-packages/airflow/example_dags/example_time_delta_sensor_async.py
[2024-06-12T20:47:21.537+0000] {processor.py:743} INFO - Processing file /home/airflow/.local/lib/python3.7/site-packages/airflow/example_dags/example_time_delta_sensor_async.py for tasks to queue
[2024-06-12T20:47:21.554+0000] {logging_mixin.py:137} INFO - [2024-06-12T20:47:21.554+0000] {dagbag.py:538} INFO - Filling up the DagBag from /home/airflow/.local/lib/python3.7/site-packages/airflow/example_dags/example_time_delta_sensor_async.py
[2024-06-12T20:47:21.982+0000] {processor.py:753} INFO - DAG(s) dict_keys(['example_time_delta_sensor_async']) retrieved from /home/airflow/.local/lib/python3.7/site-packages/airflow/example_dags/example_time_delta_sensor_async.py
[2024-06-12T20:47:22.401+0000] {logging_mixin.py:137} INFO - [2024-06-12T20:47:22.401+0000] {dag.py:2690} INFO - Sync 1 DAGs
[2024-06-12T20:47:23.739+0000] {logging_mixin.py:137} INFO - [2024-06-12T20:47:23.738+0000] {dag.py:3441} INFO - Setting next_dagrun for example_time_delta_sensor_async to None, run_after=None
[2024-06-12T20:47:24.332+0000] {processor.py:175} INFO - Processing /home/airflow/.local/lib/python3.7/site-packages/airflow/example_dags/example_time_delta_sensor_async.py took 2.889 seconds
