[2024-06-12T19:44:21.318+0000] {processor.py:153} INFO - Started process (PID=220) to work on /home/airflow/.local/lib/python3.7/site-packages/airflow/example_dags/example_nested_branch_dag.py
[2024-06-12T19:44:21.381+0000] {processor.py:743} INFO - Processing file /home/airflow/.local/lib/python3.7/site-packages/airflow/example_dags/example_nested_branch_dag.py for tasks to queue
[2024-06-12T19:44:21.445+0000] {logging_mixin.py:137} INFO - [2024-06-12T19:44:21.445+0000] {dagbag.py:538} INFO - Filling up the DagBag from /home/airflow/.local/lib/python3.7/site-packages/airflow/example_dags/example_nested_branch_dag.py
[2024-06-12T19:44:22.303+0000] {processor.py:753} INFO - DAG(s) dict_keys(['example_nested_branch_dag']) retrieved from /home/airflow/.local/lib/python3.7/site-packages/airflow/example_dags/example_nested_branch_dag.py
[2024-06-12T19:44:23.298+0000] {logging_mixin.py:137} INFO - [2024-06-12T19:44:23.297+0000] {dag.py:2690} INFO - Sync 1 DAGs
[2024-06-12T19:44:23.944+0000] {logging_mixin.py:137} INFO - [2024-06-12T19:44:23.944+0000] {dag.py:3441} INFO - Setting next_dagrun for example_nested_branch_dag to 2024-06-11T00:00:00+00:00, run_after=2024-06-12T00:00:00+00:00
[2024-06-12T19:44:24.548+0000] {processor.py:175} INFO - Processing /home/airflow/.local/lib/python3.7/site-packages/airflow/example_dags/example_nested_branch_dag.py took 3.324 seconds
[2024-06-12T19:47:54.425+0000] {processor.py:153} INFO - Started process (PID=401) to work on /home/airflow/.local/lib/python3.7/site-packages/airflow/example_dags/example_nested_branch_dag.py
[2024-06-12T19:47:54.457+0000] {processor.py:743} INFO - Processing file /home/airflow/.local/lib/python3.7/site-packages/airflow/example_dags/example_nested_branch_dag.py for tasks to queue
[2024-06-12T19:47:54.467+0000] {logging_mixin.py:137} INFO - [2024-06-12T19:47:54.467+0000] {dagbag.py:538} INFO - Filling up the DagBag from /home/airflow/.local/lib/python3.7/site-packages/airflow/example_dags/example_nested_branch_dag.py
[2024-06-12T19:47:55.390+0000] {processor.py:753} INFO - DAG(s) dict_keys(['example_nested_branch_dag']) retrieved from /home/airflow/.local/lib/python3.7/site-packages/airflow/example_dags/example_nested_branch_dag.py
[2024-06-12T19:47:55.859+0000] {logging_mixin.py:137} INFO - [2024-06-12T19:47:55.858+0000] {dag.py:2690} INFO - Sync 1 DAGs
[2024-06-12T19:47:56.775+0000] {logging_mixin.py:137} INFO - [2024-06-12T19:47:56.772+0000] {dag.py:3441} INFO - Setting next_dagrun for example_nested_branch_dag to 2024-06-11T00:00:00+00:00, run_after=2024-06-12T00:00:00+00:00
[2024-06-12T19:47:57.476+0000] {processor.py:175} INFO - Processing /home/airflow/.local/lib/python3.7/site-packages/airflow/example_dags/example_nested_branch_dag.py took 3.113 seconds
[2024-06-12T19:48:30.182+0000] {processor.py:153} INFO - Started process (PID=469) to work on /home/airflow/.local/lib/python3.7/site-packages/airflow/example_dags/example_nested_branch_dag.py
[2024-06-12T19:48:30.186+0000] {processor.py:743} INFO - Processing file /home/airflow/.local/lib/python3.7/site-packages/airflow/example_dags/example_nested_branch_dag.py for tasks to queue
[2024-06-12T19:48:30.196+0000] {logging_mixin.py:137} INFO - [2024-06-12T19:48:30.195+0000] {dagbag.py:538} INFO - Filling up the DagBag from /home/airflow/.local/lib/python3.7/site-packages/airflow/example_dags/example_nested_branch_dag.py
[2024-06-12T19:48:30.341+0000] {processor.py:753} INFO - DAG(s) dict_keys(['example_nested_branch_dag']) retrieved from /home/airflow/.local/lib/python3.7/site-packages/airflow/example_dags/example_nested_branch_dag.py
[2024-06-12T19:48:30.446+0000] {logging_mixin.py:137} INFO - [2024-06-12T19:48:30.446+0000] {dag.py:2690} INFO - Sync 1 DAGs
[2024-06-12T19:48:30.653+0000] {logging_mixin.py:137} INFO - [2024-06-12T19:48:30.652+0000] {dag.py:3441} INFO - Setting next_dagrun for example_nested_branch_dag to 2024-06-11T00:00:00+00:00, run_after=2024-06-12T00:00:00+00:00
[2024-06-12T19:48:30.852+0000] {processor.py:175} INFO - Processing /home/airflow/.local/lib/python3.7/site-packages/airflow/example_dags/example_nested_branch_dag.py took 0.683 seconds
[2024-06-12T19:49:09.544+0000] {processor.py:153} INFO - Started process (PID=528) to work on /home/airflow/.local/lib/python3.7/site-packages/airflow/example_dags/example_nested_branch_dag.py
[2024-06-12T19:49:09.562+0000] {processor.py:743} INFO - Processing file /home/airflow/.local/lib/python3.7/site-packages/airflow/example_dags/example_nested_branch_dag.py for tasks to queue
[2024-06-12T19:49:09.597+0000] {logging_mixin.py:137} INFO - [2024-06-12T19:49:09.597+0000] {dagbag.py:538} INFO - Filling up the DagBag from /home/airflow/.local/lib/python3.7/site-packages/airflow/example_dags/example_nested_branch_dag.py
[2024-06-12T19:49:09.794+0000] {processor.py:753} INFO - DAG(s) dict_keys(['example_nested_branch_dag']) retrieved from /home/airflow/.local/lib/python3.7/site-packages/airflow/example_dags/example_nested_branch_dag.py
[2024-06-12T19:49:10.431+0000] {logging_mixin.py:137} INFO - [2024-06-12T19:49:10.431+0000] {dag.py:2690} INFO - Sync 1 DAGs
[2024-06-12T19:49:11.028+0000] {logging_mixin.py:137} INFO - [2024-06-12T19:49:11.027+0000] {dag.py:3441} INFO - Setting next_dagrun for example_nested_branch_dag to 2024-06-11T00:00:00+00:00, run_after=2024-06-12T00:00:00+00:00
[2024-06-12T19:49:11.238+0000] {processor.py:175} INFO - Processing /home/airflow/.local/lib/python3.7/site-packages/airflow/example_dags/example_nested_branch_dag.py took 1.703 seconds
[2024-06-12T19:49:41.557+0000] {processor.py:153} INFO - Started process (PID=588) to work on /home/airflow/.local/lib/python3.7/site-packages/airflow/example_dags/example_nested_branch_dag.py
[2024-06-12T19:49:41.564+0000] {processor.py:743} INFO - Processing file /home/airflow/.local/lib/python3.7/site-packages/airflow/example_dags/example_nested_branch_dag.py for tasks to queue
[2024-06-12T19:49:41.587+0000] {logging_mixin.py:137} INFO - [2024-06-12T19:49:41.586+0000] {dagbag.py:538} INFO - Filling up the DagBag from /home/airflow/.local/lib/python3.7/site-packages/airflow/example_dags/example_nested_branch_dag.py
[2024-06-12T19:49:41.930+0000] {processor.py:753} INFO - DAG(s) dict_keys(['example_nested_branch_dag']) retrieved from /home/airflow/.local/lib/python3.7/site-packages/airflow/example_dags/example_nested_branch_dag.py
[2024-06-12T19:49:42.165+0000] {logging_mixin.py:137} INFO - [2024-06-12T19:49:42.165+0000] {dag.py:2690} INFO - Sync 1 DAGs
[2024-06-12T19:49:42.732+0000] {logging_mixin.py:137} INFO - [2024-06-12T19:49:42.732+0000] {dag.py:3441} INFO - Setting next_dagrun for example_nested_branch_dag to 2024-06-11T00:00:00+00:00, run_after=2024-06-12T00:00:00+00:00
[2024-06-12T19:49:43.170+0000] {processor.py:175} INFO - Processing /home/airflow/.local/lib/python3.7/site-packages/airflow/example_dags/example_nested_branch_dag.py took 1.641 seconds
[2024-06-12T19:50:22.999+0000] {processor.py:153} INFO - Started process (PID=654) to work on /home/airflow/.local/lib/python3.7/site-packages/airflow/example_dags/example_nested_branch_dag.py
[2024-06-12T19:50:23.051+0000] {processor.py:743} INFO - Processing file /home/airflow/.local/lib/python3.7/site-packages/airflow/example_dags/example_nested_branch_dag.py for tasks to queue
[2024-06-12T19:50:23.288+0000] {logging_mixin.py:137} INFO - [2024-06-12T19:50:23.287+0000] {dagbag.py:538} INFO - Filling up the DagBag from /home/airflow/.local/lib/python3.7/site-packages/airflow/example_dags/example_nested_branch_dag.py
[2024-06-12T19:50:23.901+0000] {processor.py:753} INFO - DAG(s) dict_keys(['example_nested_branch_dag']) retrieved from /home/airflow/.local/lib/python3.7/site-packages/airflow/example_dags/example_nested_branch_dag.py
[2024-06-12T19:50:24.599+0000] {logging_mixin.py:137} INFO - [2024-06-12T19:50:24.598+0000] {dag.py:2690} INFO - Sync 1 DAGs
[2024-06-12T19:50:25.369+0000] {logging_mixin.py:137} INFO - [2024-06-12T19:50:25.369+0000] {dag.py:3441} INFO - Setting next_dagrun for example_nested_branch_dag to 2024-06-11T00:00:00+00:00, run_after=2024-06-12T00:00:00+00:00
[2024-06-12T19:50:25.939+0000] {processor.py:175} INFO - Processing /home/airflow/.local/lib/python3.7/site-packages/airflow/example_dags/example_nested_branch_dag.py took 2.985 seconds
[2024-06-12T19:51:37.639+0000] {processor.py:153} INFO - Started process (PID=729) to work on /home/airflow/.local/lib/python3.7/site-packages/airflow/example_dags/example_nested_branch_dag.py
[2024-06-12T19:51:37.701+0000] {processor.py:743} INFO - Processing file /home/airflow/.local/lib/python3.7/site-packages/airflow/example_dags/example_nested_branch_dag.py for tasks to queue
[2024-06-12T19:51:37.798+0000] {logging_mixin.py:137} INFO - [2024-06-12T19:51:37.797+0000] {dagbag.py:538} INFO - Filling up the DagBag from /home/airflow/.local/lib/python3.7/site-packages/airflow/example_dags/example_nested_branch_dag.py
[2024-06-12T19:51:38.618+0000] {processor.py:753} INFO - DAG(s) dict_keys(['example_nested_branch_dag']) retrieved from /home/airflow/.local/lib/python3.7/site-packages/airflow/example_dags/example_nested_branch_dag.py
[2024-06-12T19:51:39.901+0000] {logging_mixin.py:137} INFO - [2024-06-12T19:51:39.901+0000] {dag.py:2690} INFO - Sync 1 DAGs
[2024-06-12T19:51:41.199+0000] {logging_mixin.py:137} INFO - [2024-06-12T19:51:41.199+0000] {dag.py:3441} INFO - Setting next_dagrun for example_nested_branch_dag to 2024-06-11T00:00:00+00:00, run_after=2024-06-12T00:00:00+00:00
[2024-06-12T19:51:41.714+0000] {processor.py:175} INFO - Processing /home/airflow/.local/lib/python3.7/site-packages/airflow/example_dags/example_nested_branch_dag.py took 4.129 seconds
[2024-06-12T19:52:43.340+0000] {processor.py:153} INFO - Started process (PID=821) to work on /home/airflow/.local/lib/python3.7/site-packages/airflow/example_dags/example_nested_branch_dag.py
[2024-06-12T19:52:43.377+0000] {processor.py:743} INFO - Processing file /home/airflow/.local/lib/python3.7/site-packages/airflow/example_dags/example_nested_branch_dag.py for tasks to queue
[2024-06-12T19:52:43.398+0000] {logging_mixin.py:137} INFO - [2024-06-12T19:52:43.397+0000] {dagbag.py:538} INFO - Filling up the DagBag from /home/airflow/.local/lib/python3.7/site-packages/airflow/example_dags/example_nested_branch_dag.py
[2024-06-12T19:52:44.016+0000] {processor.py:753} INFO - DAG(s) dict_keys(['example_nested_branch_dag']) retrieved from /home/airflow/.local/lib/python3.7/site-packages/airflow/example_dags/example_nested_branch_dag.py
[2024-06-12T19:52:44.392+0000] {logging_mixin.py:137} INFO - [2024-06-12T19:52:44.391+0000] {dag.py:2690} INFO - Sync 1 DAGs
[2024-06-12T19:52:45.006+0000] {logging_mixin.py:137} INFO - [2024-06-12T19:52:45.006+0000] {dag.py:3441} INFO - Setting next_dagrun for example_nested_branch_dag to 2024-06-11T00:00:00+00:00, run_after=2024-06-12T00:00:00+00:00
[2024-06-12T19:52:45.335+0000] {processor.py:175} INFO - Processing /home/airflow/.local/lib/python3.7/site-packages/airflow/example_dags/example_nested_branch_dag.py took 2.022 seconds
[2024-06-12T19:53:30.341+0000] {processor.py:153} INFO - Started process (PID=891) to work on /home/airflow/.local/lib/python3.7/site-packages/airflow/example_dags/example_nested_branch_dag.py
[2024-06-12T19:53:30.352+0000] {processor.py:743} INFO - Processing file /home/airflow/.local/lib/python3.7/site-packages/airflow/example_dags/example_nested_branch_dag.py for tasks to queue
[2024-06-12T19:53:30.356+0000] {logging_mixin.py:137} INFO - [2024-06-12T19:53:30.356+0000] {dagbag.py:538} INFO - Filling up the DagBag from /home/airflow/.local/lib/python3.7/site-packages/airflow/example_dags/example_nested_branch_dag.py
[2024-06-12T19:53:30.638+0000] {processor.py:753} INFO - DAG(s) dict_keys(['example_nested_branch_dag']) retrieved from /home/airflow/.local/lib/python3.7/site-packages/airflow/example_dags/example_nested_branch_dag.py
[2024-06-12T19:53:31.013+0000] {logging_mixin.py:137} INFO - [2024-06-12T19:53:31.013+0000] {dag.py:2690} INFO - Sync 1 DAGs
[2024-06-12T19:53:31.418+0000] {logging_mixin.py:137} INFO - [2024-06-12T19:53:31.418+0000] {dag.py:3441} INFO - Setting next_dagrun for example_nested_branch_dag to 2024-06-11T00:00:00+00:00, run_after=2024-06-12T00:00:00+00:00
[2024-06-12T19:53:32.020+0000] {processor.py:175} INFO - Processing /home/airflow/.local/lib/python3.7/site-packages/airflow/example_dags/example_nested_branch_dag.py took 1.714 seconds
[2024-06-12T19:54:02.519+0000] {processor.py:153} INFO - Started process (PID=953) to work on /home/airflow/.local/lib/python3.7/site-packages/airflow/example_dags/example_nested_branch_dag.py
[2024-06-12T19:54:02.545+0000] {processor.py:743} INFO - Processing file /home/airflow/.local/lib/python3.7/site-packages/airflow/example_dags/example_nested_branch_dag.py for tasks to queue
[2024-06-12T19:54:02.551+0000] {logging_mixin.py:137} INFO - [2024-06-12T19:54:02.551+0000] {dagbag.py:538} INFO - Filling up the DagBag from /home/airflow/.local/lib/python3.7/site-packages/airflow/example_dags/example_nested_branch_dag.py
[2024-06-12T19:54:03.066+0000] {processor.py:753} INFO - DAG(s) dict_keys(['example_nested_branch_dag']) retrieved from /home/airflow/.local/lib/python3.7/site-packages/airflow/example_dags/example_nested_branch_dag.py
[2024-06-12T19:54:03.387+0000] {logging_mixin.py:137} INFO - [2024-06-12T19:54:03.386+0000] {dag.py:2690} INFO - Sync 1 DAGs
[2024-06-12T19:54:04.015+0000] {logging_mixin.py:137} INFO - [2024-06-12T19:54:04.015+0000] {dag.py:3441} INFO - Setting next_dagrun for example_nested_branch_dag to 2024-06-11T00:00:00+00:00, run_after=2024-06-12T00:00:00+00:00
[2024-06-12T19:54:04.569+0000] {processor.py:175} INFO - Processing /home/airflow/.local/lib/python3.7/site-packages/airflow/example_dags/example_nested_branch_dag.py took 2.110 seconds
[2024-06-12T19:55:21.955+0000] {processor.py:153} INFO - Started process (PID=1047) to work on /home/airflow/.local/lib/python3.7/site-packages/airflow/example_dags/example_nested_branch_dag.py
[2024-06-12T19:55:21.964+0000] {processor.py:743} INFO - Processing file /home/airflow/.local/lib/python3.7/site-packages/airflow/example_dags/example_nested_branch_dag.py for tasks to queue
[2024-06-12T19:55:21.992+0000] {logging_mixin.py:137} INFO - [2024-06-12T19:55:21.991+0000] {dagbag.py:538} INFO - Filling up the DagBag from /home/airflow/.local/lib/python3.7/site-packages/airflow/example_dags/example_nested_branch_dag.py
[2024-06-12T19:55:22.934+0000] {processor.py:753} INFO - DAG(s) dict_keys(['example_nested_branch_dag']) retrieved from /home/airflow/.local/lib/python3.7/site-packages/airflow/example_dags/example_nested_branch_dag.py
[2024-06-12T19:55:23.668+0000] {logging_mixin.py:137} INFO - [2024-06-12T19:55:23.667+0000] {dag.py:2690} INFO - Sync 1 DAGs
[2024-06-12T19:55:24.583+0000] {logging_mixin.py:137} INFO - [2024-06-12T19:55:24.582+0000] {dag.py:3441} INFO - Setting next_dagrun for example_nested_branch_dag to 2024-06-11T00:00:00+00:00, run_after=2024-06-12T00:00:00+00:00
[2024-06-12T19:55:25.401+0000] {processor.py:175} INFO - Processing /home/airflow/.local/lib/python3.7/site-packages/airflow/example_dags/example_nested_branch_dag.py took 3.483 seconds
[2024-06-12T19:56:14.134+0000] {processor.py:153} INFO - Started process (PID=1126) to work on /home/airflow/.local/lib/python3.7/site-packages/airflow/example_dags/example_nested_branch_dag.py
[2024-06-12T19:56:14.152+0000] {processor.py:743} INFO - Processing file /home/airflow/.local/lib/python3.7/site-packages/airflow/example_dags/example_nested_branch_dag.py for tasks to queue
[2024-06-12T19:56:14.163+0000] {logging_mixin.py:137} INFO - [2024-06-12T19:56:14.163+0000] {dagbag.py:538} INFO - Filling up the DagBag from /home/airflow/.local/lib/python3.7/site-packages/airflow/example_dags/example_nested_branch_dag.py
[2024-06-12T19:56:14.423+0000] {processor.py:753} INFO - DAG(s) dict_keys(['example_nested_branch_dag']) retrieved from /home/airflow/.local/lib/python3.7/site-packages/airflow/example_dags/example_nested_branch_dag.py
[2024-06-12T19:56:14.705+0000] {logging_mixin.py:137} INFO - [2024-06-12T19:56:14.705+0000] {dag.py:2690} INFO - Sync 1 DAGs
[2024-06-12T19:56:15.037+0000] {logging_mixin.py:137} INFO - [2024-06-12T19:56:15.036+0000] {dag.py:3441} INFO - Setting next_dagrun for example_nested_branch_dag to 2024-06-11T00:00:00+00:00, run_after=2024-06-12T00:00:00+00:00
[2024-06-12T19:56:15.375+0000] {processor.py:175} INFO - Processing /home/airflow/.local/lib/python3.7/site-packages/airflow/example_dags/example_nested_branch_dag.py took 1.297 seconds
[2024-06-12T19:56:57.531+0000] {processor.py:153} INFO - Started process (PID=1190) to work on /home/airflow/.local/lib/python3.7/site-packages/airflow/example_dags/example_nested_branch_dag.py
[2024-06-12T19:56:57.566+0000] {processor.py:743} INFO - Processing file /home/airflow/.local/lib/python3.7/site-packages/airflow/example_dags/example_nested_branch_dag.py for tasks to queue
[2024-06-12T19:56:57.582+0000] {logging_mixin.py:137} INFO - [2024-06-12T19:56:57.581+0000] {dagbag.py:538} INFO - Filling up the DagBag from /home/airflow/.local/lib/python3.7/site-packages/airflow/example_dags/example_nested_branch_dag.py
[2024-06-12T19:56:57.986+0000] {processor.py:753} INFO - DAG(s) dict_keys(['example_nested_branch_dag']) retrieved from /home/airflow/.local/lib/python3.7/site-packages/airflow/example_dags/example_nested_branch_dag.py
[2024-06-12T19:56:58.494+0000] {logging_mixin.py:137} INFO - [2024-06-12T19:56:58.493+0000] {dag.py:2690} INFO - Sync 1 DAGs
[2024-06-12T19:56:58.834+0000] {logging_mixin.py:137} INFO - [2024-06-12T19:56:58.834+0000] {dag.py:3441} INFO - Setting next_dagrun for example_nested_branch_dag to 2024-06-11T00:00:00+00:00, run_after=2024-06-12T00:00:00+00:00
[2024-06-12T19:56:59.234+0000] {processor.py:175} INFO - Processing /home/airflow/.local/lib/python3.7/site-packages/airflow/example_dags/example_nested_branch_dag.py took 1.722 seconds
[2024-06-12T20:00:06.361+0000] {processor.py:153} INFO - Started process (PID=1348) to work on /home/airflow/.local/lib/python3.7/site-packages/airflow/example_dags/example_nested_branch_dag.py
[2024-06-12T20:00:06.670+0000] {processor.py:743} INFO - Processing file /home/airflow/.local/lib/python3.7/site-packages/airflow/example_dags/example_nested_branch_dag.py for tasks to queue
[2024-06-12T20:00:06.767+0000] {logging_mixin.py:137} INFO - [2024-06-12T20:00:06.767+0000] {dagbag.py:538} INFO - Filling up the DagBag from /home/airflow/.local/lib/python3.7/site-packages/airflow/example_dags/example_nested_branch_dag.py
[2024-06-12T20:00:08.108+0000] {processor.py:753} INFO - DAG(s) dict_keys(['example_nested_branch_dag']) retrieved from /home/airflow/.local/lib/python3.7/site-packages/airflow/example_dags/example_nested_branch_dag.py
[2024-06-12T20:00:10.050+0000] {logging_mixin.py:137} INFO - [2024-06-12T20:00:10.049+0000] {dag.py:2690} INFO - Sync 1 DAGs
[2024-06-12T20:00:12.210+0000] {logging_mixin.py:137} INFO - [2024-06-12T20:00:12.120+0000] {dag.py:3441} INFO - Setting next_dagrun for example_nested_branch_dag to 2024-06-11T00:00:00+00:00, run_after=2024-06-12T00:00:00+00:00
[2024-06-12T20:00:13.490+0000] {processor.py:175} INFO - Processing /home/airflow/.local/lib/python3.7/site-packages/airflow/example_dags/example_nested_branch_dag.py took 7.061 seconds
[2024-06-12T20:05:26.671+0000] {processor.py:153} INFO - Started process (PID=1586) to work on /home/airflow/.local/lib/python3.7/site-packages/airflow/example_dags/example_nested_branch_dag.py
[2024-06-12T20:05:26.720+0000] {processor.py:743} INFO - Processing file /home/airflow/.local/lib/python3.7/site-packages/airflow/example_dags/example_nested_branch_dag.py for tasks to queue
[2024-06-12T20:05:26.830+0000] {logging_mixin.py:137} INFO - [2024-06-12T20:05:26.830+0000] {dagbag.py:538} INFO - Filling up the DagBag from /home/airflow/.local/lib/python3.7/site-packages/airflow/example_dags/example_nested_branch_dag.py
[2024-06-12T20:05:29.032+0000] {processor.py:753} INFO - DAG(s) dict_keys(['example_nested_branch_dag']) retrieved from /home/airflow/.local/lib/python3.7/site-packages/airflow/example_dags/example_nested_branch_dag.py
[2024-06-12T20:05:32.175+0000] {logging_mixin.py:137} INFO - [2024-06-12T20:05:32.174+0000] {dag.py:2690} INFO - Sync 1 DAGs
[2024-06-12T20:05:35.361+0000] {logging_mixin.py:137} INFO - [2024-06-12T20:05:35.361+0000] {dag.py:3441} INFO - Setting next_dagrun for example_nested_branch_dag to 2024-06-11T00:00:00+00:00, run_after=2024-06-12T00:00:00+00:00
[2024-06-12T20:05:37.469+0000] {processor.py:175} INFO - Processing /home/airflow/.local/lib/python3.7/site-packages/airflow/example_dags/example_nested_branch_dag.py took 11.100 seconds
[2024-06-12T20:11:46.447+0000] {processor.py:153} INFO - Started process (PID=1866) to work on /home/airflow/.local/lib/python3.7/site-packages/airflow/example_dags/example_nested_branch_dag.py
[2024-06-12T20:11:46.604+0000] {processor.py:743} INFO - Processing file /home/airflow/.local/lib/python3.7/site-packages/airflow/example_dags/example_nested_branch_dag.py for tasks to queue
[2024-06-12T20:11:46.684+0000] {logging_mixin.py:137} INFO - [2024-06-12T20:11:46.684+0000] {dagbag.py:538} INFO - Filling up the DagBag from /home/airflow/.local/lib/python3.7/site-packages/airflow/example_dags/example_nested_branch_dag.py
[2024-06-12T20:11:50.505+0000] {processor.py:753} INFO - DAG(s) dict_keys(['example_nested_branch_dag']) retrieved from /home/airflow/.local/lib/python3.7/site-packages/airflow/example_dags/example_nested_branch_dag.py
[2024-06-12T20:11:52.750+0000] {logging_mixin.py:137} INFO - [2024-06-12T20:11:52.749+0000] {dag.py:2690} INFO - Sync 1 DAGs
[2024-06-12T20:11:55.966+0000] {logging_mixin.py:137} INFO - [2024-06-12T20:11:55.923+0000] {dag.py:3441} INFO - Setting next_dagrun for example_nested_branch_dag to 2024-06-11T00:00:00+00:00, run_after=2024-06-12T00:00:00+00:00
[2024-06-12T20:11:57.193+0000] {processor.py:175} INFO - Processing /home/airflow/.local/lib/python3.7/site-packages/airflow/example_dags/example_nested_branch_dag.py took 10.955 seconds
[2024-06-12T20:14:32.423+0000] {processor.py:153} INFO - Started process (PID=2026) to work on /home/airflow/.local/lib/python3.7/site-packages/airflow/example_dags/example_nested_branch_dag.py
[2024-06-12T20:14:32.455+0000] {processor.py:743} INFO - Processing file /home/airflow/.local/lib/python3.7/site-packages/airflow/example_dags/example_nested_branch_dag.py for tasks to queue
[2024-06-12T20:14:32.487+0000] {logging_mixin.py:137} INFO - [2024-06-12T20:14:32.487+0000] {dagbag.py:538} INFO - Filling up the DagBag from /home/airflow/.local/lib/python3.7/site-packages/airflow/example_dags/example_nested_branch_dag.py
[2024-06-12T20:14:33.740+0000] {processor.py:753} INFO - DAG(s) dict_keys(['example_nested_branch_dag']) retrieved from /home/airflow/.local/lib/python3.7/site-packages/airflow/example_dags/example_nested_branch_dag.py
[2024-06-12T20:14:35.104+0000] {logging_mixin.py:137} INFO - [2024-06-12T20:14:35.104+0000] {dag.py:2690} INFO - Sync 1 DAGs
[2024-06-12T20:14:36.016+0000] {logging_mixin.py:137} INFO - [2024-06-12T20:14:36.016+0000] {dag.py:3441} INFO - Setting next_dagrun for example_nested_branch_dag to 2024-06-11T00:00:00+00:00, run_after=2024-06-12T00:00:00+00:00
[2024-06-12T20:14:36.596+0000] {processor.py:175} INFO - Processing /home/airflow/.local/lib/python3.7/site-packages/airflow/example_dags/example_nested_branch_dag.py took 4.300 seconds
[2024-06-12T20:16:00.161+0000] {processor.py:153} INFO - Started process (PID=2127) to work on /home/airflow/.local/lib/python3.7/site-packages/airflow/example_dags/example_nested_branch_dag.py
[2024-06-12T20:16:00.192+0000] {processor.py:743} INFO - Processing file /home/airflow/.local/lib/python3.7/site-packages/airflow/example_dags/example_nested_branch_dag.py for tasks to queue
[2024-06-12T20:16:00.214+0000] {logging_mixin.py:137} INFO - [2024-06-12T20:16:00.213+0000] {dagbag.py:538} INFO - Filling up the DagBag from /home/airflow/.local/lib/python3.7/site-packages/airflow/example_dags/example_nested_branch_dag.py
[2024-06-12T20:16:00.923+0000] {processor.py:753} INFO - DAG(s) dict_keys(['example_nested_branch_dag']) retrieved from /home/airflow/.local/lib/python3.7/site-packages/airflow/example_dags/example_nested_branch_dag.py
[2024-06-12T20:16:01.375+0000] {logging_mixin.py:137} INFO - [2024-06-12T20:16:01.374+0000] {dag.py:2690} INFO - Sync 1 DAGs
[2024-06-12T20:16:02.209+0000] {logging_mixin.py:137} INFO - [2024-06-12T20:16:02.208+0000] {dag.py:3441} INFO - Setting next_dagrun for example_nested_branch_dag to 2024-06-11T00:00:00+00:00, run_after=2024-06-12T00:00:00+00:00
[2024-06-12T20:16:02.769+0000] {processor.py:175} INFO - Processing /home/airflow/.local/lib/python3.7/site-packages/airflow/example_dags/example_nested_branch_dag.py took 2.648 seconds
[2024-06-12T20:17:15.311+0000] {processor.py:153} INFO - Started process (PID=2215) to work on /home/airflow/.local/lib/python3.7/site-packages/airflow/example_dags/example_nested_branch_dag.py
[2024-06-12T20:17:15.325+0000] {processor.py:743} INFO - Processing file /home/airflow/.local/lib/python3.7/site-packages/airflow/example_dags/example_nested_branch_dag.py for tasks to queue
[2024-06-12T20:17:15.374+0000] {logging_mixin.py:137} INFO - [2024-06-12T20:17:15.373+0000] {dagbag.py:538} INFO - Filling up the DagBag from /home/airflow/.local/lib/python3.7/site-packages/airflow/example_dags/example_nested_branch_dag.py
[2024-06-12T20:17:15.932+0000] {processor.py:753} INFO - DAG(s) dict_keys(['example_nested_branch_dag']) retrieved from /home/airflow/.local/lib/python3.7/site-packages/airflow/example_dags/example_nested_branch_dag.py
[2024-06-12T20:17:16.411+0000] {logging_mixin.py:137} INFO - [2024-06-12T20:17:16.411+0000] {dag.py:2690} INFO - Sync 1 DAGs
[2024-06-12T20:17:16.790+0000] {logging_mixin.py:137} INFO - [2024-06-12T20:17:16.790+0000] {dag.py:3441} INFO - Setting next_dagrun for example_nested_branch_dag to 2024-06-11T00:00:00+00:00, run_after=2024-06-12T00:00:00+00:00
[2024-06-12T20:17:17.130+0000] {processor.py:175} INFO - Processing /home/airflow/.local/lib/python3.7/site-packages/airflow/example_dags/example_nested_branch_dag.py took 1.933 seconds
[2024-06-12T20:19:03.622+0000] {processor.py:153} INFO - Started process (PID=2321) to work on /home/airflow/.local/lib/python3.7/site-packages/airflow/example_dags/example_nested_branch_dag.py
[2024-06-12T20:19:03.627+0000] {processor.py:743} INFO - Processing file /home/airflow/.local/lib/python3.7/site-packages/airflow/example_dags/example_nested_branch_dag.py for tasks to queue
[2024-06-12T20:19:03.641+0000] {logging_mixin.py:137} INFO - [2024-06-12T20:19:03.628+0000] {dagbag.py:538} INFO - Filling up the DagBag from /home/airflow/.local/lib/python3.7/site-packages/airflow/example_dags/example_nested_branch_dag.py
[2024-06-12T20:19:04.931+0000] {processor.py:753} INFO - DAG(s) dict_keys(['example_nested_branch_dag']) retrieved from /home/airflow/.local/lib/python3.7/site-packages/airflow/example_dags/example_nested_branch_dag.py
[2024-06-12T20:19:05.721+0000] {logging_mixin.py:137} INFO - [2024-06-12T20:19:05.721+0000] {dag.py:2690} INFO - Sync 1 DAGs
[2024-06-12T20:19:07.187+0000] {logging_mixin.py:137} INFO - [2024-06-12T20:19:07.186+0000] {dag.py:3441} INFO - Setting next_dagrun for example_nested_branch_dag to 2024-06-11T00:00:00+00:00, run_after=2024-06-12T00:00:00+00:00
[2024-06-12T20:19:07.929+0000] {processor.py:175} INFO - Processing /home/airflow/.local/lib/python3.7/site-packages/airflow/example_dags/example_nested_branch_dag.py took 4.432 seconds
[2024-06-12T20:21:03.544+0000] {processor.py:153} INFO - Started process (PID=2438) to work on /home/airflow/.local/lib/python3.7/site-packages/airflow/example_dags/example_nested_branch_dag.py
[2024-06-12T20:21:03.561+0000] {processor.py:743} INFO - Processing file /home/airflow/.local/lib/python3.7/site-packages/airflow/example_dags/example_nested_branch_dag.py for tasks to queue
[2024-06-12T20:21:03.623+0000] {logging_mixin.py:137} INFO - [2024-06-12T20:21:03.623+0000] {dagbag.py:538} INFO - Filling up the DagBag from /home/airflow/.local/lib/python3.7/site-packages/airflow/example_dags/example_nested_branch_dag.py
[2024-06-12T20:21:03.966+0000] {processor.py:753} INFO - DAG(s) dict_keys(['example_nested_branch_dag']) retrieved from /home/airflow/.local/lib/python3.7/site-packages/airflow/example_dags/example_nested_branch_dag.py
[2024-06-12T20:21:04.365+0000] {logging_mixin.py:137} INFO - [2024-06-12T20:21:04.365+0000] {dag.py:2690} INFO - Sync 1 DAGs
[2024-06-12T20:21:05.765+0000] {logging_mixin.py:137} INFO - [2024-06-12T20:21:05.765+0000] {dag.py:3441} INFO - Setting next_dagrun for example_nested_branch_dag to 2024-06-11T00:00:00+00:00, run_after=2024-06-12T00:00:00+00:00
[2024-06-12T20:21:06.401+0000] {processor.py:175} INFO - Processing /home/airflow/.local/lib/python3.7/site-packages/airflow/example_dags/example_nested_branch_dag.py took 2.875 seconds
[2024-06-12T20:23:03.913+0000] {processor.py:153} INFO - Started process (PID=2562) to work on /home/airflow/.local/lib/python3.7/site-packages/airflow/example_dags/example_nested_branch_dag.py
[2024-06-12T20:23:03.992+0000] {processor.py:743} INFO - Processing file /home/airflow/.local/lib/python3.7/site-packages/airflow/example_dags/example_nested_branch_dag.py for tasks to queue
[2024-06-12T20:23:04.026+0000] {logging_mixin.py:137} INFO - [2024-06-12T20:23:04.025+0000] {dagbag.py:538} INFO - Filling up the DagBag from /home/airflow/.local/lib/python3.7/site-packages/airflow/example_dags/example_nested_branch_dag.py
[2024-06-12T20:23:05.332+0000] {processor.py:753} INFO - DAG(s) dict_keys(['example_nested_branch_dag']) retrieved from /home/airflow/.local/lib/python3.7/site-packages/airflow/example_dags/example_nested_branch_dag.py
[2024-06-12T20:23:06.018+0000] {logging_mixin.py:137} INFO - [2024-06-12T20:23:06.018+0000] {dag.py:2690} INFO - Sync 1 DAGs
[2024-06-12T20:23:06.711+0000] {logging_mixin.py:137} INFO - [2024-06-12T20:23:06.711+0000] {dag.py:3441} INFO - Setting next_dagrun for example_nested_branch_dag to 2024-06-11T00:00:00+00:00, run_after=2024-06-12T00:00:00+00:00
[2024-06-12T20:23:07.515+0000] {processor.py:175} INFO - Processing /home/airflow/.local/lib/python3.7/site-packages/airflow/example_dags/example_nested_branch_dag.py took 3.681 seconds
[2024-06-12T20:25:17.382+0000] {processor.py:153} INFO - Started process (PID=2694) to work on /home/airflow/.local/lib/python3.7/site-packages/airflow/example_dags/example_nested_branch_dag.py
[2024-06-12T20:25:17.426+0000] {processor.py:743} INFO - Processing file /home/airflow/.local/lib/python3.7/site-packages/airflow/example_dags/example_nested_branch_dag.py for tasks to queue
[2024-06-12T20:25:17.467+0000] {logging_mixin.py:137} INFO - [2024-06-12T20:25:17.466+0000] {dagbag.py:538} INFO - Filling up the DagBag from /home/airflow/.local/lib/python3.7/site-packages/airflow/example_dags/example_nested_branch_dag.py
[2024-06-12T20:25:18.398+0000] {processor.py:753} INFO - DAG(s) dict_keys(['example_nested_branch_dag']) retrieved from /home/airflow/.local/lib/python3.7/site-packages/airflow/example_dags/example_nested_branch_dag.py
[2024-06-12T20:25:19.102+0000] {logging_mixin.py:137} INFO - [2024-06-12T20:25:19.101+0000] {dag.py:2690} INFO - Sync 1 DAGs
[2024-06-12T20:25:20.064+0000] {logging_mixin.py:137} INFO - [2024-06-12T20:25:20.063+0000] {dag.py:3441} INFO - Setting next_dagrun for example_nested_branch_dag to 2024-06-11T00:00:00+00:00, run_after=2024-06-12T00:00:00+00:00
[2024-06-12T20:25:20.751+0000] {processor.py:175} INFO - Processing /home/airflow/.local/lib/python3.7/site-packages/airflow/example_dags/example_nested_branch_dag.py took 3.511 seconds
[2024-06-12T20:27:12.422+0000] {processor.py:153} INFO - Started process (PID=2802) to work on /home/airflow/.local/lib/python3.7/site-packages/airflow/example_dags/example_nested_branch_dag.py
[2024-06-12T20:27:12.424+0000] {processor.py:743} INFO - Processing file /home/airflow/.local/lib/python3.7/site-packages/airflow/example_dags/example_nested_branch_dag.py for tasks to queue
[2024-06-12T20:27:12.439+0000] {logging_mixin.py:137} INFO - [2024-06-12T20:27:12.439+0000] {dagbag.py:538} INFO - Filling up the DagBag from /home/airflow/.local/lib/python3.7/site-packages/airflow/example_dags/example_nested_branch_dag.py
[2024-06-12T20:27:13.066+0000] {processor.py:753} INFO - DAG(s) dict_keys(['example_nested_branch_dag']) retrieved from /home/airflow/.local/lib/python3.7/site-packages/airflow/example_dags/example_nested_branch_dag.py
[2024-06-12T20:27:13.702+0000] {logging_mixin.py:137} INFO - [2024-06-12T20:27:13.700+0000] {dag.py:2690} INFO - Sync 1 DAGs
[2024-06-12T20:27:14.728+0000] {logging_mixin.py:137} INFO - [2024-06-12T20:27:14.728+0000] {dag.py:3441} INFO - Setting next_dagrun for example_nested_branch_dag to 2024-06-11T00:00:00+00:00, run_after=2024-06-12T00:00:00+00:00
[2024-06-12T20:27:15.379+0000] {processor.py:175} INFO - Processing /home/airflow/.local/lib/python3.7/site-packages/airflow/example_dags/example_nested_branch_dag.py took 3.149 seconds
[2024-06-12T20:28:39.114+0000] {processor.py:153} INFO - Started process (PID=2897) to work on /home/airflow/.local/lib/python3.7/site-packages/airflow/example_dags/example_nested_branch_dag.py
[2024-06-12T20:28:39.146+0000] {processor.py:743} INFO - Processing file /home/airflow/.local/lib/python3.7/site-packages/airflow/example_dags/example_nested_branch_dag.py for tasks to queue
[2024-06-12T20:28:39.200+0000] {logging_mixin.py:137} INFO - [2024-06-12T20:28:39.200+0000] {dagbag.py:538} INFO - Filling up the DagBag from /home/airflow/.local/lib/python3.7/site-packages/airflow/example_dags/example_nested_branch_dag.py
[2024-06-12T20:28:40.140+0000] {processor.py:753} INFO - DAG(s) dict_keys(['example_nested_branch_dag']) retrieved from /home/airflow/.local/lib/python3.7/site-packages/airflow/example_dags/example_nested_branch_dag.py
[2024-06-12T20:28:40.924+0000] {logging_mixin.py:137} INFO - [2024-06-12T20:28:40.924+0000] {dag.py:2690} INFO - Sync 1 DAGs
[2024-06-12T20:28:41.736+0000] {logging_mixin.py:137} INFO - [2024-06-12T20:28:41.736+0000] {dag.py:3441} INFO - Setting next_dagrun for example_nested_branch_dag to 2024-06-11T00:00:00+00:00, run_after=2024-06-12T00:00:00+00:00
[2024-06-12T20:28:42.323+0000] {processor.py:175} INFO - Processing /home/airflow/.local/lib/python3.7/site-packages/airflow/example_dags/example_nested_branch_dag.py took 3.331 seconds
[2024-06-12T20:29:54.250+0000] {processor.py:153} INFO - Started process (PID=2987) to work on /home/airflow/.local/lib/python3.7/site-packages/airflow/example_dags/example_nested_branch_dag.py
[2024-06-12T20:29:54.267+0000] {processor.py:743} INFO - Processing file /home/airflow/.local/lib/python3.7/site-packages/airflow/example_dags/example_nested_branch_dag.py for tasks to queue
[2024-06-12T20:29:54.283+0000] {logging_mixin.py:137} INFO - [2024-06-12T20:29:54.282+0000] {dagbag.py:538} INFO - Filling up the DagBag from /home/airflow/.local/lib/python3.7/site-packages/airflow/example_dags/example_nested_branch_dag.py
[2024-06-12T20:29:54.858+0000] {processor.py:753} INFO - DAG(s) dict_keys(['example_nested_branch_dag']) retrieved from /home/airflow/.local/lib/python3.7/site-packages/airflow/example_dags/example_nested_branch_dag.py
[2024-06-12T20:29:55.400+0000] {logging_mixin.py:137} INFO - [2024-06-12T20:29:55.398+0000] {dag.py:2690} INFO - Sync 1 DAGs
[2024-06-12T20:29:56.009+0000] {logging_mixin.py:137} INFO - [2024-06-12T20:29:56.008+0000] {dag.py:3441} INFO - Setting next_dagrun for example_nested_branch_dag to 2024-06-11T00:00:00+00:00, run_after=2024-06-12T00:00:00+00:00
[2024-06-12T20:29:56.675+0000] {processor.py:175} INFO - Processing /home/airflow/.local/lib/python3.7/site-packages/airflow/example_dags/example_nested_branch_dag.py took 2.553 seconds
[2024-06-12T20:31:00.571+0000] {processor.py:153} INFO - Started process (PID=3062) to work on /home/airflow/.local/lib/python3.7/site-packages/airflow/example_dags/example_nested_branch_dag.py
[2024-06-12T20:31:00.573+0000] {processor.py:743} INFO - Processing file /home/airflow/.local/lib/python3.7/site-packages/airflow/example_dags/example_nested_branch_dag.py for tasks to queue
[2024-06-12T20:31:00.589+0000] {logging_mixin.py:137} INFO - [2024-06-12T20:31:00.588+0000] {dagbag.py:538} INFO - Filling up the DagBag from /home/airflow/.local/lib/python3.7/site-packages/airflow/example_dags/example_nested_branch_dag.py
[2024-06-12T20:31:00.715+0000] {processor.py:753} INFO - DAG(s) dict_keys(['example_nested_branch_dag']) retrieved from /home/airflow/.local/lib/python3.7/site-packages/airflow/example_dags/example_nested_branch_dag.py
[2024-06-12T20:31:00.867+0000] {logging_mixin.py:137} INFO - [2024-06-12T20:31:00.866+0000] {dag.py:2690} INFO - Sync 1 DAGs
[2024-06-12T20:31:01.138+0000] {logging_mixin.py:137} INFO - [2024-06-12T20:31:01.116+0000] {dag.py:3441} INFO - Setting next_dagrun for example_nested_branch_dag to 2024-06-11T00:00:00+00:00, run_after=2024-06-12T00:00:00+00:00
[2024-06-12T20:31:01.605+0000] {processor.py:175} INFO - Processing /home/airflow/.local/lib/python3.7/site-packages/airflow/example_dags/example_nested_branch_dag.py took 1.057 seconds
[2024-06-12T20:32:22.038+0000] {processor.py:153} INFO - Started process (PID=3150) to work on /home/airflow/.local/lib/python3.7/site-packages/airflow/example_dags/example_nested_branch_dag.py
[2024-06-12T20:32:22.068+0000] {processor.py:743} INFO - Processing file /home/airflow/.local/lib/python3.7/site-packages/airflow/example_dags/example_nested_branch_dag.py for tasks to queue
[2024-06-12T20:32:22.132+0000] {logging_mixin.py:137} INFO - [2024-06-12T20:32:22.131+0000] {dagbag.py:538} INFO - Filling up the DagBag from /home/airflow/.local/lib/python3.7/site-packages/airflow/example_dags/example_nested_branch_dag.py
[2024-06-12T20:32:22.788+0000] {processor.py:753} INFO - DAG(s) dict_keys(['example_nested_branch_dag']) retrieved from /home/airflow/.local/lib/python3.7/site-packages/airflow/example_dags/example_nested_branch_dag.py
[2024-06-12T20:32:23.231+0000] {logging_mixin.py:137} INFO - [2024-06-12T20:32:23.231+0000] {dag.py:2690} INFO - Sync 1 DAGs
[2024-06-12T20:32:23.926+0000] {logging_mixin.py:137} INFO - [2024-06-12T20:32:23.926+0000] {dag.py:3441} INFO - Setting next_dagrun for example_nested_branch_dag to 2024-06-11T00:00:00+00:00, run_after=2024-06-12T00:00:00+00:00
[2024-06-12T20:32:24.554+0000] {processor.py:175} INFO - Processing /home/airflow/.local/lib/python3.7/site-packages/airflow/example_dags/example_nested_branch_dag.py took 2.630 seconds
[2024-06-12T20:34:06.750+0000] {processor.py:153} INFO - Started process (PID=3252) to work on /home/airflow/.local/lib/python3.7/site-packages/airflow/example_dags/example_nested_branch_dag.py
[2024-06-12T20:34:06.764+0000] {processor.py:743} INFO - Processing file /home/airflow/.local/lib/python3.7/site-packages/airflow/example_dags/example_nested_branch_dag.py for tasks to queue
[2024-06-12T20:34:06.815+0000] {logging_mixin.py:137} INFO - [2024-06-12T20:34:06.815+0000] {dagbag.py:538} INFO - Filling up the DagBag from /home/airflow/.local/lib/python3.7/site-packages/airflow/example_dags/example_nested_branch_dag.py
[2024-06-12T20:34:07.559+0000] {processor.py:753} INFO - DAG(s) dict_keys(['example_nested_branch_dag']) retrieved from /home/airflow/.local/lib/python3.7/site-packages/airflow/example_dags/example_nested_branch_dag.py
[2024-06-12T20:34:07.993+0000] {logging_mixin.py:137} INFO - [2024-06-12T20:34:07.993+0000] {dag.py:2690} INFO - Sync 1 DAGs
[2024-06-12T20:34:09.281+0000] {logging_mixin.py:137} INFO - [2024-06-12T20:34:09.280+0000] {dag.py:3441} INFO - Setting next_dagrun for example_nested_branch_dag to 2024-06-11T00:00:00+00:00, run_after=2024-06-12T00:00:00+00:00
[2024-06-12T20:34:09.952+0000] {processor.py:175} INFO - Processing /home/airflow/.local/lib/python3.7/site-packages/airflow/example_dags/example_nested_branch_dag.py took 3.392 seconds
[2024-06-12T20:36:36.358+0000] {processor.py:153} INFO - Started process (PID=3386) to work on /home/airflow/.local/lib/python3.7/site-packages/airflow/example_dags/example_nested_branch_dag.py
[2024-06-12T20:36:36.377+0000] {processor.py:743} INFO - Processing file /home/airflow/.local/lib/python3.7/site-packages/airflow/example_dags/example_nested_branch_dag.py for tasks to queue
[2024-06-12T20:36:36.407+0000] {logging_mixin.py:137} INFO - [2024-06-12T20:36:36.386+0000] {dagbag.py:538} INFO - Filling up the DagBag from /home/airflow/.local/lib/python3.7/site-packages/airflow/example_dags/example_nested_branch_dag.py
[2024-06-12T20:36:37.519+0000] {processor.py:753} INFO - DAG(s) dict_keys(['example_nested_branch_dag']) retrieved from /home/airflow/.local/lib/python3.7/site-packages/airflow/example_dags/example_nested_branch_dag.py
[2024-06-12T20:36:38.562+0000] {logging_mixin.py:137} INFO - [2024-06-12T20:36:38.561+0000] {dag.py:2690} INFO - Sync 1 DAGs
[2024-06-12T20:36:39.467+0000] {logging_mixin.py:137} INFO - [2024-06-12T20:36:39.466+0000] {dag.py:3441} INFO - Setting next_dagrun for example_nested_branch_dag to 2024-06-11T00:00:00+00:00, run_after=2024-06-12T00:00:00+00:00
[2024-06-12T20:36:40.075+0000] {processor.py:175} INFO - Processing /home/airflow/.local/lib/python3.7/site-packages/airflow/example_dags/example_nested_branch_dag.py took 3.812 seconds
[2024-06-12T20:38:49.459+0000] {processor.py:153} INFO - Started process (PID=3509) to work on /home/airflow/.local/lib/python3.7/site-packages/airflow/example_dags/example_nested_branch_dag.py
[2024-06-12T20:38:49.519+0000] {processor.py:743} INFO - Processing file /home/airflow/.local/lib/python3.7/site-packages/airflow/example_dags/example_nested_branch_dag.py for tasks to queue
[2024-06-12T20:38:49.584+0000] {logging_mixin.py:137} INFO - [2024-06-12T20:38:49.584+0000] {dagbag.py:538} INFO - Filling up the DagBag from /home/airflow/.local/lib/python3.7/site-packages/airflow/example_dags/example_nested_branch_dag.py
[2024-06-12T20:38:50.202+0000] {processor.py:753} INFO - DAG(s) dict_keys(['example_nested_branch_dag']) retrieved from /home/airflow/.local/lib/python3.7/site-packages/airflow/example_dags/example_nested_branch_dag.py
[2024-06-12T20:38:50.733+0000] {logging_mixin.py:137} INFO - [2024-06-12T20:38:50.732+0000] {dag.py:2690} INFO - Sync 1 DAGs
[2024-06-12T20:38:51.557+0000] {logging_mixin.py:137} INFO - [2024-06-12T20:38:51.557+0000] {dag.py:3441} INFO - Setting next_dagrun for example_nested_branch_dag to 2024-06-11T00:00:00+00:00, run_after=2024-06-12T00:00:00+00:00
[2024-06-12T20:38:51.829+0000] {processor.py:175} INFO - Processing /home/airflow/.local/lib/python3.7/site-packages/airflow/example_dags/example_nested_branch_dag.py took 2.438 seconds
[2024-06-12T20:40:11.546+0000] {processor.py:153} INFO - Started process (PID=3612) to work on /home/airflow/.local/lib/python3.7/site-packages/airflow/example_dags/example_nested_branch_dag.py
[2024-06-12T20:40:11.575+0000] {processor.py:743} INFO - Processing file /home/airflow/.local/lib/python3.7/site-packages/airflow/example_dags/example_nested_branch_dag.py for tasks to queue
[2024-06-12T20:40:11.611+0000] {logging_mixin.py:137} INFO - [2024-06-12T20:40:11.610+0000] {dagbag.py:538} INFO - Filling up the DagBag from /home/airflow/.local/lib/python3.7/site-packages/airflow/example_dags/example_nested_branch_dag.py
[2024-06-12T20:40:12.867+0000] {processor.py:753} INFO - DAG(s) dict_keys(['example_nested_branch_dag']) retrieved from /home/airflow/.local/lib/python3.7/site-packages/airflow/example_dags/example_nested_branch_dag.py
[2024-06-12T20:40:13.813+0000] {logging_mixin.py:137} INFO - [2024-06-12T20:40:13.813+0000] {dag.py:2690} INFO - Sync 1 DAGs
[2024-06-12T20:40:14.819+0000] {logging_mixin.py:137} INFO - [2024-06-12T20:40:14.819+0000] {dag.py:3441} INFO - Setting next_dagrun for example_nested_branch_dag to 2024-06-11T00:00:00+00:00, run_after=2024-06-12T00:00:00+00:00
[2024-06-12T20:40:15.253+0000] {processor.py:175} INFO - Processing /home/airflow/.local/lib/python3.7/site-packages/airflow/example_dags/example_nested_branch_dag.py took 3.777 seconds
[2024-06-12T20:41:23.408+0000] {processor.py:153} INFO - Started process (PID=3699) to work on /home/airflow/.local/lib/python3.7/site-packages/airflow/example_dags/example_nested_branch_dag.py
[2024-06-12T20:41:23.424+0000] {processor.py:743} INFO - Processing file /home/airflow/.local/lib/python3.7/site-packages/airflow/example_dags/example_nested_branch_dag.py for tasks to queue
[2024-06-12T20:41:23.442+0000] {logging_mixin.py:137} INFO - [2024-06-12T20:41:23.442+0000] {dagbag.py:538} INFO - Filling up the DagBag from /home/airflow/.local/lib/python3.7/site-packages/airflow/example_dags/example_nested_branch_dag.py
[2024-06-12T20:41:23.916+0000] {processor.py:753} INFO - DAG(s) dict_keys(['example_nested_branch_dag']) retrieved from /home/airflow/.local/lib/python3.7/site-packages/airflow/example_dags/example_nested_branch_dag.py
[2024-06-12T20:41:24.291+0000] {logging_mixin.py:137} INFO - [2024-06-12T20:41:24.291+0000] {dag.py:2690} INFO - Sync 1 DAGs
[2024-06-12T20:41:24.565+0000] {logging_mixin.py:137} INFO - [2024-06-12T20:41:24.565+0000] {dag.py:3441} INFO - Setting next_dagrun for example_nested_branch_dag to 2024-06-11T00:00:00+00:00, run_after=2024-06-12T00:00:00+00:00
[2024-06-12T20:41:24.930+0000] {processor.py:175} INFO - Processing /home/airflow/.local/lib/python3.7/site-packages/airflow/example_dags/example_nested_branch_dag.py took 1.587 seconds
[2024-06-12T20:42:47.681+0000] {processor.py:153} INFO - Started process (PID=3794) to work on /home/airflow/.local/lib/python3.7/site-packages/airflow/example_dags/example_nested_branch_dag.py
[2024-06-12T20:42:47.852+0000] {processor.py:743} INFO - Processing file /home/airflow/.local/lib/python3.7/site-packages/airflow/example_dags/example_nested_branch_dag.py for tasks to queue
[2024-06-12T20:42:48.063+0000] {logging_mixin.py:137} INFO - [2024-06-12T20:42:48.062+0000] {dagbag.py:538} INFO - Filling up the DagBag from /home/airflow/.local/lib/python3.7/site-packages/airflow/example_dags/example_nested_branch_dag.py
[2024-06-12T20:42:49.100+0000] {processor.py:753} INFO - DAG(s) dict_keys(['example_nested_branch_dag']) retrieved from /home/airflow/.local/lib/python3.7/site-packages/airflow/example_dags/example_nested_branch_dag.py
[2024-06-12T20:42:49.842+0000] {logging_mixin.py:137} INFO - [2024-06-12T20:42:49.842+0000] {dag.py:2690} INFO - Sync 1 DAGs
[2024-06-12T20:42:50.759+0000] {logging_mixin.py:137} INFO - [2024-06-12T20:42:50.758+0000] {dag.py:3441} INFO - Setting next_dagrun for example_nested_branch_dag to 2024-06-11T00:00:00+00:00, run_after=2024-06-12T00:00:00+00:00
[2024-06-12T20:42:51.302+0000] {processor.py:175} INFO - Processing /home/airflow/.local/lib/python3.7/site-packages/airflow/example_dags/example_nested_branch_dag.py took 3.709 seconds
[2024-06-12T20:44:06.002+0000] {processor.py:153} INFO - Started process (PID=3881) to work on /home/airflow/.local/lib/python3.7/site-packages/airflow/example_dags/example_nested_branch_dag.py
[2024-06-12T20:44:06.036+0000] {processor.py:743} INFO - Processing file /home/airflow/.local/lib/python3.7/site-packages/airflow/example_dags/example_nested_branch_dag.py for tasks to queue
[2024-06-12T20:44:06.147+0000] {logging_mixin.py:137} INFO - [2024-06-12T20:44:06.146+0000] {dagbag.py:538} INFO - Filling up the DagBag from /home/airflow/.local/lib/python3.7/site-packages/airflow/example_dags/example_nested_branch_dag.py
[2024-06-12T20:44:06.892+0000] {processor.py:753} INFO - DAG(s) dict_keys(['example_nested_branch_dag']) retrieved from /home/airflow/.local/lib/python3.7/site-packages/airflow/example_dags/example_nested_branch_dag.py
[2024-06-12T20:44:07.350+0000] {logging_mixin.py:137} INFO - [2024-06-12T20:44:07.338+0000] {dag.py:2690} INFO - Sync 1 DAGs
[2024-06-12T20:44:07.815+0000] {logging_mixin.py:137} INFO - [2024-06-12T20:44:07.804+0000] {dag.py:3441} INFO - Setting next_dagrun for example_nested_branch_dag to 2024-06-11T00:00:00+00:00, run_after=2024-06-12T00:00:00+00:00
[2024-06-12T20:44:08.623+0000] {processor.py:175} INFO - Processing /home/airflow/.local/lib/python3.7/site-packages/airflow/example_dags/example_nested_branch_dag.py took 2.669 seconds
[2024-06-12T20:45:09.546+0000] {processor.py:153} INFO - Started process (PID=3960) to work on /home/airflow/.local/lib/python3.7/site-packages/airflow/example_dags/example_nested_branch_dag.py
[2024-06-12T20:45:09.575+0000] {processor.py:743} INFO - Processing file /home/airflow/.local/lib/python3.7/site-packages/airflow/example_dags/example_nested_branch_dag.py for tasks to queue
[2024-06-12T20:45:09.592+0000] {logging_mixin.py:137} INFO - [2024-06-12T20:45:09.592+0000] {dagbag.py:538} INFO - Filling up the DagBag from /home/airflow/.local/lib/python3.7/site-packages/airflow/example_dags/example_nested_branch_dag.py
[2024-06-12T20:45:10.255+0000] {processor.py:753} INFO - DAG(s) dict_keys(['example_nested_branch_dag']) retrieved from /home/airflow/.local/lib/python3.7/site-packages/airflow/example_dags/example_nested_branch_dag.py
[2024-06-12T20:45:10.774+0000] {logging_mixin.py:137} INFO - [2024-06-12T20:45:10.773+0000] {dag.py:2690} INFO - Sync 1 DAGs
[2024-06-12T20:45:11.363+0000] {logging_mixin.py:137} INFO - [2024-06-12T20:45:11.362+0000] {dag.py:3441} INFO - Setting next_dagrun for example_nested_branch_dag to 2024-06-11T00:00:00+00:00, run_after=2024-06-12T00:00:00+00:00
[2024-06-12T20:45:11.670+0000] {processor.py:175} INFO - Processing /home/airflow/.local/lib/python3.7/site-packages/airflow/example_dags/example_nested_branch_dag.py took 2.227 seconds
[2024-06-12T20:46:32.343+0000] {processor.py:153} INFO - Started process (PID=4062) to work on /home/airflow/.local/lib/python3.7/site-packages/airflow/example_dags/example_nested_branch_dag.py
[2024-06-12T20:46:32.372+0000] {processor.py:743} INFO - Processing file /home/airflow/.local/lib/python3.7/site-packages/airflow/example_dags/example_nested_branch_dag.py for tasks to queue
[2024-06-12T20:46:32.405+0000] {logging_mixin.py:137} INFO - [2024-06-12T20:46:32.404+0000] {dagbag.py:538} INFO - Filling up the DagBag from /home/airflow/.local/lib/python3.7/site-packages/airflow/example_dags/example_nested_branch_dag.py
[2024-06-12T20:46:32.838+0000] {processor.py:753} INFO - DAG(s) dict_keys(['example_nested_branch_dag']) retrieved from /home/airflow/.local/lib/python3.7/site-packages/airflow/example_dags/example_nested_branch_dag.py
[2024-06-12T20:46:33.563+0000] {logging_mixin.py:137} INFO - [2024-06-12T20:46:33.563+0000] {dag.py:2690} INFO - Sync 1 DAGs
[2024-06-12T20:46:34.025+0000] {logging_mixin.py:137} INFO - [2024-06-12T20:46:34.024+0000] {dag.py:3441} INFO - Setting next_dagrun for example_nested_branch_dag to 2024-06-11T00:00:00+00:00, run_after=2024-06-12T00:00:00+00:00
[2024-06-12T20:46:34.680+0000] {processor.py:175} INFO - Processing /home/airflow/.local/lib/python3.7/site-packages/airflow/example_dags/example_nested_branch_dag.py took 2.402 seconds
[2024-06-12T20:47:40.465+0000] {processor.py:153} INFO - Started process (PID=4138) to work on /home/airflow/.local/lib/python3.7/site-packages/airflow/example_dags/example_nested_branch_dag.py
[2024-06-12T20:47:40.480+0000] {processor.py:743} INFO - Processing file /home/airflow/.local/lib/python3.7/site-packages/airflow/example_dags/example_nested_branch_dag.py for tasks to queue
[2024-06-12T20:47:40.600+0000] {logging_mixin.py:137} INFO - [2024-06-12T20:47:40.521+0000] {dagbag.py:538} INFO - Filling up the DagBag from /home/airflow/.local/lib/python3.7/site-packages/airflow/example_dags/example_nested_branch_dag.py
[2024-06-12T20:47:40.923+0000] {processor.py:753} INFO - DAG(s) dict_keys(['example_nested_branch_dag']) retrieved from /home/airflow/.local/lib/python3.7/site-packages/airflow/example_dags/example_nested_branch_dag.py
[2024-06-12T20:47:41.370+0000] {logging_mixin.py:137} INFO - [2024-06-12T20:47:41.370+0000] {dag.py:2690} INFO - Sync 1 DAGs
[2024-06-12T20:47:41.815+0000] {logging_mixin.py:137} INFO - [2024-06-12T20:47:41.815+0000] {dag.py:3441} INFO - Setting next_dagrun for example_nested_branch_dag to 2024-06-11T00:00:00+00:00, run_after=2024-06-12T00:00:00+00:00
[2024-06-12T20:47:42.273+0000] {processor.py:175} INFO - Processing /home/airflow/.local/lib/python3.7/site-packages/airflow/example_dags/example_nested_branch_dag.py took 2.015 seconds
