[2024-06-12T19:44:00.855+0000] {processor.py:153} INFO - Started process (PID=203) to work on /home/airflow/.local/lib/python3.7/site-packages/airflow/example_dags/example_task_group.py
[2024-06-12T19:44:00.899+0000] {processor.py:743} INFO - Processing file /home/airflow/.local/lib/python3.7/site-packages/airflow/example_dags/example_task_group.py for tasks to queue
[2024-06-12T19:44:00.930+0000] {logging_mixin.py:137} INFO - [2024-06-12T19:44:00.929+0000] {dagbag.py:538} INFO - Filling up the DagBag from /home/airflow/.local/lib/python3.7/site-packages/airflow/example_dags/example_task_group.py
[2024-06-12T19:44:01.444+0000] {processor.py:753} INFO - DAG(s) dict_keys(['example_task_group']) retrieved from /home/airflow/.local/lib/python3.7/site-packages/airflow/example_dags/example_task_group.py
[2024-06-12T19:44:01.880+0000] {logging_mixin.py:137} INFO - [2024-06-12T19:44:01.880+0000] {dag.py:2690} INFO - Sync 1 DAGs
[2024-06-12T19:44:03.033+0000] {logging_mixin.py:137} INFO - [2024-06-12T19:44:03.032+0000] {dag.py:3441} INFO - Setting next_dagrun for example_task_group to 2024-06-11T19:44:03.032330+00:00, run_after=2024-06-12T19:44:03.032330+00:00
[2024-06-12T19:44:03.722+0000] {processor.py:175} INFO - Processing /home/airflow/.local/lib/python3.7/site-packages/airflow/example_dags/example_task_group.py took 2.893 seconds
[2024-06-12T19:47:41.689+0000] {processor.py:153} INFO - Started process (PID=378) to work on /home/airflow/.local/lib/python3.7/site-packages/airflow/example_dags/example_task_group.py
[2024-06-12T19:47:41.705+0000] {processor.py:743} INFO - Processing file /home/airflow/.local/lib/python3.7/site-packages/airflow/example_dags/example_task_group.py for tasks to queue
[2024-06-12T19:47:41.860+0000] {logging_mixin.py:137} INFO - [2024-06-12T19:47:41.859+0000] {dagbag.py:538} INFO - Filling up the DagBag from /home/airflow/.local/lib/python3.7/site-packages/airflow/example_dags/example_task_group.py
[2024-06-12T19:47:43.304+0000] {processor.py:753} INFO - DAG(s) dict_keys(['example_task_group']) retrieved from /home/airflow/.local/lib/python3.7/site-packages/airflow/example_dags/example_task_group.py
[2024-06-12T19:47:44.203+0000] {logging_mixin.py:137} INFO - [2024-06-12T19:47:44.203+0000] {dag.py:2690} INFO - Sync 1 DAGs
[2024-06-12T19:47:45.179+0000] {logging_mixin.py:137} INFO - [2024-06-12T19:47:45.179+0000] {dag.py:3441} INFO - Setting next_dagrun for example_task_group to 2024-06-11T19:47:45.178935+00:00, run_after=2024-06-12T19:47:45.178935+00:00
[2024-06-12T19:47:45.555+0000] {processor.py:175} INFO - Processing /home/airflow/.local/lib/python3.7/site-packages/airflow/example_dags/example_task_group.py took 3.917 seconds
[2024-06-12T19:48:27.129+0000] {processor.py:153} INFO - Started process (PID=454) to work on /home/airflow/.local/lib/python3.7/site-packages/airflow/example_dags/example_task_group.py
[2024-06-12T19:48:27.240+0000] {processor.py:743} INFO - Processing file /home/airflow/.local/lib/python3.7/site-packages/airflow/example_dags/example_task_group.py for tasks to queue
[2024-06-12T19:48:27.311+0000] {logging_mixin.py:137} INFO - [2024-06-12T19:48:27.310+0000] {dagbag.py:538} INFO - Filling up the DagBag from /home/airflow/.local/lib/python3.7/site-packages/airflow/example_dags/example_task_group.py
[2024-06-12T19:48:27.419+0000] {processor.py:753} INFO - DAG(s) dict_keys(['example_task_group']) retrieved from /home/airflow/.local/lib/python3.7/site-packages/airflow/example_dags/example_task_group.py
[2024-06-12T19:48:27.553+0000] {logging_mixin.py:137} INFO - [2024-06-12T19:48:27.553+0000] {dag.py:2690} INFO - Sync 1 DAGs
[2024-06-12T19:48:27.825+0000] {logging_mixin.py:137} INFO - [2024-06-12T19:48:27.825+0000] {dag.py:3441} INFO - Setting next_dagrun for example_task_group to 2024-06-11T19:48:27.824721+00:00, run_after=2024-06-12T19:48:27.824721+00:00
[2024-06-12T19:48:28.058+0000] {processor.py:175} INFO - Processing /home/airflow/.local/lib/python3.7/site-packages/airflow/example_dags/example_task_group.py took 0.946 seconds
[2024-06-12T19:49:02.117+0000] {processor.py:153} INFO - Started process (PID=518) to work on /home/airflow/.local/lib/python3.7/site-packages/airflow/example_dags/example_task_group.py
[2024-06-12T19:49:02.135+0000] {processor.py:743} INFO - Processing file /home/airflow/.local/lib/python3.7/site-packages/airflow/example_dags/example_task_group.py for tasks to queue
[2024-06-12T19:49:02.160+0000] {logging_mixin.py:137} INFO - [2024-06-12T19:49:02.160+0000] {dagbag.py:538} INFO - Filling up the DagBag from /home/airflow/.local/lib/python3.7/site-packages/airflow/example_dags/example_task_group.py
[2024-06-12T19:49:02.428+0000] {processor.py:753} INFO - DAG(s) dict_keys(['example_task_group']) retrieved from /home/airflow/.local/lib/python3.7/site-packages/airflow/example_dags/example_task_group.py
[2024-06-12T19:49:02.658+0000] {logging_mixin.py:137} INFO - [2024-06-12T19:49:02.657+0000] {dag.py:2690} INFO - Sync 1 DAGs
[2024-06-12T19:49:03.213+0000] {logging_mixin.py:137} INFO - [2024-06-12T19:49:03.211+0000] {dag.py:3441} INFO - Setting next_dagrun for example_task_group to 2024-06-11T19:49:03.210835+00:00, run_after=2024-06-12T19:49:03.210835+00:00
[2024-06-12T19:49:03.439+0000] {processor.py:175} INFO - Processing /home/airflow/.local/lib/python3.7/site-packages/airflow/example_dags/example_task_group.py took 1.362 seconds
[2024-06-12T19:49:33.791+0000] {processor.py:153} INFO - Started process (PID=577) to work on /home/airflow/.local/lib/python3.7/site-packages/airflow/example_dags/example_task_group.py
[2024-06-12T19:49:33.811+0000] {processor.py:743} INFO - Processing file /home/airflow/.local/lib/python3.7/site-packages/airflow/example_dags/example_task_group.py for tasks to queue
[2024-06-12T19:49:33.814+0000] {logging_mixin.py:137} INFO - [2024-06-12T19:49:33.814+0000] {dagbag.py:538} INFO - Filling up the DagBag from /home/airflow/.local/lib/python3.7/site-packages/airflow/example_dags/example_task_group.py
[2024-06-12T19:49:33.972+0000] {processor.py:753} INFO - DAG(s) dict_keys(['example_task_group']) retrieved from /home/airflow/.local/lib/python3.7/site-packages/airflow/example_dags/example_task_group.py
[2024-06-12T19:49:34.191+0000] {logging_mixin.py:137} INFO - [2024-06-12T19:49:34.190+0000] {dag.py:2690} INFO - Sync 1 DAGs
[2024-06-12T19:49:34.432+0000] {logging_mixin.py:137} INFO - [2024-06-12T19:49:34.432+0000] {dag.py:3441} INFO - Setting next_dagrun for example_task_group to 2024-06-11T19:49:34.431646+00:00, run_after=2024-06-12T19:49:34.431646+00:00
[2024-06-12T19:49:34.680+0000] {processor.py:175} INFO - Processing /home/airflow/.local/lib/python3.7/site-packages/airflow/example_dags/example_task_group.py took 0.913 seconds
[2024-06-12T19:50:07.685+0000] {processor.py:153} INFO - Started process (PID=634) to work on /home/airflow/.local/lib/python3.7/site-packages/airflow/example_dags/example_task_group.py
[2024-06-12T19:50:07.697+0000] {processor.py:743} INFO - Processing file /home/airflow/.local/lib/python3.7/site-packages/airflow/example_dags/example_task_group.py for tasks to queue
[2024-06-12T19:50:07.701+0000] {logging_mixin.py:137} INFO - [2024-06-12T19:50:07.701+0000] {dagbag.py:538} INFO - Filling up the DagBag from /home/airflow/.local/lib/python3.7/site-packages/airflow/example_dags/example_task_group.py
[2024-06-12T19:50:07.898+0000] {processor.py:753} INFO - DAG(s) dict_keys(['example_task_group']) retrieved from /home/airflow/.local/lib/python3.7/site-packages/airflow/example_dags/example_task_group.py
[2024-06-12T19:50:08.267+0000] {logging_mixin.py:137} INFO - [2024-06-12T19:50:08.266+0000] {dag.py:2690} INFO - Sync 1 DAGs
[2024-06-12T19:50:08.632+0000] {logging_mixin.py:137} INFO - [2024-06-12T19:50:08.632+0000] {dag.py:3441} INFO - Setting next_dagrun for example_task_group to 2024-06-11T19:50:08.631867+00:00, run_after=2024-06-12T19:50:08.631867+00:00
[2024-06-12T19:50:08.783+0000] {processor.py:175} INFO - Processing /home/airflow/.local/lib/python3.7/site-packages/airflow/example_dags/example_task_group.py took 1.127 seconds
[2024-06-12T19:51:23.769+0000] {processor.py:153} INFO - Started process (PID=721) to work on /home/airflow/.local/lib/python3.7/site-packages/airflow/example_dags/example_task_group.py
[2024-06-12T19:51:23.788+0000] {processor.py:743} INFO - Processing file /home/airflow/.local/lib/python3.7/site-packages/airflow/example_dags/example_task_group.py for tasks to queue
[2024-06-12T19:51:23.809+0000] {logging_mixin.py:137} INFO - [2024-06-12T19:51:23.808+0000] {dagbag.py:538} INFO - Filling up the DagBag from /home/airflow/.local/lib/python3.7/site-packages/airflow/example_dags/example_task_group.py
[2024-06-12T19:51:24.356+0000] {processor.py:753} INFO - DAG(s) dict_keys(['example_task_group']) retrieved from /home/airflow/.local/lib/python3.7/site-packages/airflow/example_dags/example_task_group.py
[2024-06-12T19:51:25.122+0000] {logging_mixin.py:137} INFO - [2024-06-12T19:51:25.122+0000] {dag.py:2690} INFO - Sync 1 DAGs
[2024-06-12T19:51:25.991+0000] {logging_mixin.py:137} INFO - [2024-06-12T19:51:25.932+0000] {dag.py:3441} INFO - Setting next_dagrun for example_task_group to 2024-06-11T19:51:25.931500+00:00, run_after=2024-06-12T19:51:25.931500+00:00
[2024-06-12T19:51:26.544+0000] {processor.py:175} INFO - Processing /home/airflow/.local/lib/python3.7/site-packages/airflow/example_dags/example_task_group.py took 2.831 seconds
[2024-06-12T19:52:18.002+0000] {processor.py:153} INFO - Started process (PID=796) to work on /home/airflow/.local/lib/python3.7/site-packages/airflow/example_dags/example_task_group.py
[2024-06-12T19:52:18.005+0000] {processor.py:743} INFO - Processing file /home/airflow/.local/lib/python3.7/site-packages/airflow/example_dags/example_task_group.py for tasks to queue
[2024-06-12T19:52:18.025+0000] {logging_mixin.py:137} INFO - [2024-06-12T19:52:18.025+0000] {dagbag.py:538} INFO - Filling up the DagBag from /home/airflow/.local/lib/python3.7/site-packages/airflow/example_dags/example_task_group.py
[2024-06-12T19:52:18.183+0000] {processor.py:753} INFO - DAG(s) dict_keys(['example_task_group']) retrieved from /home/airflow/.local/lib/python3.7/site-packages/airflow/example_dags/example_task_group.py
[2024-06-12T19:52:18.706+0000] {logging_mixin.py:137} INFO - [2024-06-12T19:52:18.706+0000] {dag.py:2690} INFO - Sync 1 DAGs
[2024-06-12T19:52:19.077+0000] {logging_mixin.py:137} INFO - [2024-06-12T19:52:19.076+0000] {dag.py:3441} INFO - Setting next_dagrun for example_task_group to 2024-06-11T19:52:19.076132+00:00, run_after=2024-06-12T19:52:19.076132+00:00
[2024-06-12T19:52:19.302+0000] {processor.py:175} INFO - Processing /home/airflow/.local/lib/python3.7/site-packages/airflow/example_dags/example_task_group.py took 1.353 seconds
[2024-06-12T19:53:03.574+0000] {processor.py:153} INFO - Started process (PID=858) to work on /home/airflow/.local/lib/python3.7/site-packages/airflow/example_dags/example_task_group.py
[2024-06-12T19:53:03.619+0000] {processor.py:743} INFO - Processing file /home/airflow/.local/lib/python3.7/site-packages/airflow/example_dags/example_task_group.py for tasks to queue
[2024-06-12T19:53:03.626+0000] {logging_mixin.py:137} INFO - [2024-06-12T19:53:03.625+0000] {dagbag.py:538} INFO - Filling up the DagBag from /home/airflow/.local/lib/python3.7/site-packages/airflow/example_dags/example_task_group.py
[2024-06-12T19:53:03.932+0000] {processor.py:753} INFO - DAG(s) dict_keys(['example_task_group']) retrieved from /home/airflow/.local/lib/python3.7/site-packages/airflow/example_dags/example_task_group.py
[2024-06-12T19:53:04.317+0000] {logging_mixin.py:137} INFO - [2024-06-12T19:53:04.316+0000] {dag.py:2690} INFO - Sync 1 DAGs
[2024-06-12T19:53:04.776+0000] {logging_mixin.py:137} INFO - [2024-06-12T19:53:04.775+0000] {dag.py:3441} INFO - Setting next_dagrun for example_task_group to 2024-06-11T19:53:04.775277+00:00, run_after=2024-06-12T19:53:04.775277+00:00
[2024-06-12T19:53:05.520+0000] {processor.py:175} INFO - Processing /home/airflow/.local/lib/python3.7/site-packages/airflow/example_dags/example_task_group.py took 1.955 seconds
[2024-06-12T19:53:44.322+0000] {processor.py:153} INFO - Started process (PID=922) to work on /home/airflow/.local/lib/python3.7/site-packages/airflow/example_dags/example_task_group.py
[2024-06-12T19:53:44.324+0000] {processor.py:743} INFO - Processing file /home/airflow/.local/lib/python3.7/site-packages/airflow/example_dags/example_task_group.py for tasks to queue
[2024-06-12T19:53:44.371+0000] {logging_mixin.py:137} INFO - [2024-06-12T19:53:44.371+0000] {dagbag.py:538} INFO - Filling up the DagBag from /home/airflow/.local/lib/python3.7/site-packages/airflow/example_dags/example_task_group.py
[2024-06-12T19:53:44.961+0000] {processor.py:753} INFO - DAG(s) dict_keys(['example_task_group']) retrieved from /home/airflow/.local/lib/python3.7/site-packages/airflow/example_dags/example_task_group.py
[2024-06-12T19:53:45.399+0000] {logging_mixin.py:137} INFO - [2024-06-12T19:53:45.398+0000] {dag.py:2690} INFO - Sync 1 DAGs
[2024-06-12T19:53:45.780+0000] {logging_mixin.py:137} INFO - [2024-06-12T19:53:45.780+0000] {dag.py:3441} INFO - Setting next_dagrun for example_task_group to 2024-06-11T19:53:45.779654+00:00, run_after=2024-06-12T19:53:45.779654+00:00
[2024-06-12T19:53:45.961+0000] {processor.py:175} INFO - Processing /home/airflow/.local/lib/python3.7/site-packages/airflow/example_dags/example_task_group.py took 1.727 seconds
[2024-06-12T19:54:23.591+0000] {processor.py:153} INFO - Started process (PID=984) to work on /home/airflow/.local/lib/python3.7/site-packages/airflow/example_dags/example_task_group.py
[2024-06-12T19:54:23.601+0000] {processor.py:743} INFO - Processing file /home/airflow/.local/lib/python3.7/site-packages/airflow/example_dags/example_task_group.py for tasks to queue
[2024-06-12T19:54:23.609+0000] {logging_mixin.py:137} INFO - [2024-06-12T19:54:23.608+0000] {dagbag.py:538} INFO - Filling up the DagBag from /home/airflow/.local/lib/python3.7/site-packages/airflow/example_dags/example_task_group.py
[2024-06-12T19:54:23.810+0000] {processor.py:753} INFO - DAG(s) dict_keys(['example_task_group']) retrieved from /home/airflow/.local/lib/python3.7/site-packages/airflow/example_dags/example_task_group.py
[2024-06-12T19:54:24.355+0000] {logging_mixin.py:137} INFO - [2024-06-12T19:54:24.354+0000] {dag.py:2690} INFO - Sync 1 DAGs
[2024-06-12T19:54:24.931+0000] {logging_mixin.py:137} INFO - [2024-06-12T19:54:24.931+0000] {dag.py:3441} INFO - Setting next_dagrun for example_task_group to 2024-06-11T19:54:24.930945+00:00, run_after=2024-06-12T19:54:24.930945+00:00
[2024-06-12T19:54:25.383+0000] {processor.py:175} INFO - Processing /home/airflow/.local/lib/python3.7/site-packages/airflow/example_dags/example_task_group.py took 1.858 seconds
[2024-06-12T19:55:19.386+0000] {processor.py:153} INFO - Started process (PID=1044) to work on /home/airflow/.local/lib/python3.7/site-packages/airflow/example_dags/example_task_group.py
[2024-06-12T19:55:19.430+0000] {processor.py:743} INFO - Processing file /home/airflow/.local/lib/python3.7/site-packages/airflow/example_dags/example_task_group.py for tasks to queue
[2024-06-12T19:55:19.434+0000] {logging_mixin.py:137} INFO - [2024-06-12T19:55:19.434+0000] {dagbag.py:538} INFO - Filling up the DagBag from /home/airflow/.local/lib/python3.7/site-packages/airflow/example_dags/example_task_group.py
[2024-06-12T19:55:19.877+0000] {processor.py:753} INFO - DAG(s) dict_keys(['example_task_group']) retrieved from /home/airflow/.local/lib/python3.7/site-packages/airflow/example_dags/example_task_group.py
[2024-06-12T19:55:20.490+0000] {logging_mixin.py:137} INFO - [2024-06-12T19:55:20.489+0000] {dag.py:2690} INFO - Sync 1 DAGs
[2024-06-12T19:55:20.839+0000] {logging_mixin.py:137} INFO - [2024-06-12T19:55:20.838+0000] {dag.py:3441} INFO - Setting next_dagrun for example_task_group to 2024-06-11T19:55:20.837805+00:00, run_after=2024-06-12T19:55:20.837805+00:00
[2024-06-12T19:55:21.195+0000] {processor.py:175} INFO - Processing /home/airflow/.local/lib/python3.7/site-packages/airflow/example_dags/example_task_group.py took 1.905 seconds
[2024-06-12T19:56:11.591+0000] {processor.py:153} INFO - Started process (PID=1123) to work on /home/airflow/.local/lib/python3.7/site-packages/airflow/example_dags/example_task_group.py
[2024-06-12T19:56:11.609+0000] {processor.py:743} INFO - Processing file /home/airflow/.local/lib/python3.7/site-packages/airflow/example_dags/example_task_group.py for tasks to queue
[2024-06-12T19:56:11.626+0000] {logging_mixin.py:137} INFO - [2024-06-12T19:56:11.626+0000] {dagbag.py:538} INFO - Filling up the DagBag from /home/airflow/.local/lib/python3.7/site-packages/airflow/example_dags/example_task_group.py
[2024-06-12T19:56:11.798+0000] {processor.py:753} INFO - DAG(s) dict_keys(['example_task_group']) retrieved from /home/airflow/.local/lib/python3.7/site-packages/airflow/example_dags/example_task_group.py
[2024-06-12T19:56:11.928+0000] {logging_mixin.py:137} INFO - [2024-06-12T19:56:11.927+0000] {dag.py:2690} INFO - Sync 1 DAGs
[2024-06-12T19:56:12.142+0000] {logging_mixin.py:137} INFO - [2024-06-12T19:56:12.142+0000] {dag.py:3441} INFO - Setting next_dagrun for example_task_group to 2024-06-11T19:56:12.141735+00:00, run_after=2024-06-12T19:56:12.141735+00:00
[2024-06-12T19:56:12.344+0000] {processor.py:175} INFO - Processing /home/airflow/.local/lib/python3.7/site-packages/airflow/example_dags/example_task_group.py took 0.787 seconds
[2024-06-12T19:56:51.646+0000] {processor.py:153} INFO - Started process (PID=1185) to work on /home/airflow/.local/lib/python3.7/site-packages/airflow/example_dags/example_task_group.py
[2024-06-12T19:56:51.676+0000] {processor.py:743} INFO - Processing file /home/airflow/.local/lib/python3.7/site-packages/airflow/example_dags/example_task_group.py for tasks to queue
[2024-06-12T19:56:51.708+0000] {logging_mixin.py:137} INFO - [2024-06-12T19:56:51.708+0000] {dagbag.py:538} INFO - Filling up the DagBag from /home/airflow/.local/lib/python3.7/site-packages/airflow/example_dags/example_task_group.py
[2024-06-12T19:56:52.206+0000] {processor.py:753} INFO - DAG(s) dict_keys(['example_task_group']) retrieved from /home/airflow/.local/lib/python3.7/site-packages/airflow/example_dags/example_task_group.py
[2024-06-12T19:56:52.716+0000] {logging_mixin.py:137} INFO - [2024-06-12T19:56:52.715+0000] {dag.py:2690} INFO - Sync 1 DAGs
[2024-06-12T19:56:53.218+0000] {logging_mixin.py:137} INFO - [2024-06-12T19:56:53.206+0000] {dag.py:3441} INFO - Setting next_dagrun for example_task_group to 2024-06-11T19:56:53.206517+00:00, run_after=2024-06-12T19:56:53.206517+00:00
[2024-06-12T19:56:53.703+0000] {processor.py:175} INFO - Processing /home/airflow/.local/lib/python3.7/site-packages/airflow/example_dags/example_task_group.py took 2.172 seconds
[2024-06-12T19:58:18.199+0000] {processor.py:153} INFO - Started process (PID=1266) to work on /home/airflow/.local/lib/python3.7/site-packages/airflow/example_dags/example_task_group.py
[2024-06-12T19:58:18.417+0000] {processor.py:743} INFO - Processing file /home/airflow/.local/lib/python3.7/site-packages/airflow/example_dags/example_task_group.py for tasks to queue
[2024-06-12T19:58:18.421+0000] {logging_mixin.py:137} INFO - [2024-06-12T19:58:18.421+0000] {dagbag.py:538} INFO - Filling up the DagBag from /home/airflow/.local/lib/python3.7/site-packages/airflow/example_dags/example_task_group.py
[2024-06-12T19:58:19.116+0000] {processor.py:753} INFO - DAG(s) dict_keys(['example_task_group']) retrieved from /home/airflow/.local/lib/python3.7/site-packages/airflow/example_dags/example_task_group.py
[2024-06-12T19:58:19.841+0000] {logging_mixin.py:137} INFO - [2024-06-12T19:58:19.840+0000] {dag.py:2690} INFO - Sync 1 DAGs
[2024-06-12T19:58:20.426+0000] {logging_mixin.py:137} INFO - [2024-06-12T19:58:20.426+0000] {dag.py:3441} INFO - Setting next_dagrun for example_task_group to 2024-06-11T19:58:20.425497+00:00, run_after=2024-06-12T19:58:20.425497+00:00
[2024-06-12T19:58:21.229+0000] {processor.py:175} INFO - Processing /home/airflow/.local/lib/python3.7/site-packages/airflow/example_dags/example_task_group.py took 3.193 seconds
[2024-06-12T20:02:37.494+0000] {processor.py:153} INFO - Started process (PID=1464) to work on /home/airflow/.local/lib/python3.7/site-packages/airflow/example_dags/example_task_group.py
[2024-06-12T20:02:37.509+0000] {processor.py:743} INFO - Processing file /home/airflow/.local/lib/python3.7/site-packages/airflow/example_dags/example_task_group.py for tasks to queue
[2024-06-12T20:02:37.556+0000] {logging_mixin.py:137} INFO - [2024-06-12T20:02:37.555+0000] {dagbag.py:538} INFO - Filling up the DagBag from /home/airflow/.local/lib/python3.7/site-packages/airflow/example_dags/example_task_group.py
[2024-06-12T20:02:39.088+0000] {processor.py:753} INFO - DAG(s) dict_keys(['example_task_group']) retrieved from /home/airflow/.local/lib/python3.7/site-packages/airflow/example_dags/example_task_group.py
[2024-06-12T20:02:41.175+0000] {logging_mixin.py:137} INFO - [2024-06-12T20:02:41.174+0000] {dag.py:2690} INFO - Sync 1 DAGs
[2024-06-12T20:02:43.536+0000] {logging_mixin.py:137} INFO - [2024-06-12T20:02:43.535+0000] {dag.py:3441} INFO - Setting next_dagrun for example_task_group to 2024-06-11T20:02:43.535393+00:00, run_after=2024-06-12T20:02:43.535393+00:00
[2024-06-12T20:02:44.968+0000] {processor.py:175} INFO - Processing /home/airflow/.local/lib/python3.7/site-packages/airflow/example_dags/example_task_group.py took 7.600 seconds
[2024-06-12T20:08:27.532+0000] {processor.py:153} INFO - Started process (PID=1719) to work on /home/airflow/.local/lib/python3.7/site-packages/airflow/example_dags/example_task_group.py
[2024-06-12T20:08:27.563+0000] {processor.py:743} INFO - Processing file /home/airflow/.local/lib/python3.7/site-packages/airflow/example_dags/example_task_group.py for tasks to queue
[2024-06-12T20:08:27.581+0000] {logging_mixin.py:137} INFO - [2024-06-12T20:08:27.581+0000] {dagbag.py:538} INFO - Filling up the DagBag from /home/airflow/.local/lib/python3.7/site-packages/airflow/example_dags/example_task_group.py
[2024-06-12T20:08:29.198+0000] {processor.py:753} INFO - DAG(s) dict_keys(['example_task_group']) retrieved from /home/airflow/.local/lib/python3.7/site-packages/airflow/example_dags/example_task_group.py
[2024-06-12T20:08:31.045+0000] {logging_mixin.py:137} INFO - [2024-06-12T20:08:31.045+0000] {dag.py:2690} INFO - Sync 1 DAGs
[2024-06-12T20:08:33.556+0000] {logging_mixin.py:137} INFO - [2024-06-12T20:08:33.554+0000] {dag.py:3441} INFO - Setting next_dagrun for example_task_group to 2024-06-11T20:08:33.553506+00:00, run_after=2024-06-12T20:08:33.553506+00:00
[2024-06-12T20:08:35.108+0000] {processor.py:175} INFO - Processing /home/airflow/.local/lib/python3.7/site-packages/airflow/example_dags/example_task_group.py took 8.599 seconds
[2024-06-12T20:13:46.250+0000] {processor.py:153} INFO - Started process (PID=1971) to work on /home/airflow/.local/lib/python3.7/site-packages/airflow/example_dags/example_task_group.py
[2024-06-12T20:13:46.255+0000] {processor.py:743} INFO - Processing file /home/airflow/.local/lib/python3.7/site-packages/airflow/example_dags/example_task_group.py for tasks to queue
[2024-06-12T20:13:46.259+0000] {logging_mixin.py:137} INFO - [2024-06-12T20:13:46.259+0000] {dagbag.py:538} INFO - Filling up the DagBag from /home/airflow/.local/lib/python3.7/site-packages/airflow/example_dags/example_task_group.py
[2024-06-12T20:13:46.468+0000] {processor.py:753} INFO - DAG(s) dict_keys(['example_task_group']) retrieved from /home/airflow/.local/lib/python3.7/site-packages/airflow/example_dags/example_task_group.py
[2024-06-12T20:13:47.230+0000] {logging_mixin.py:137} INFO - [2024-06-12T20:13:47.193+0000] {dag.py:2690} INFO - Sync 1 DAGs
[2024-06-12T20:13:48.012+0000] {logging_mixin.py:137} INFO - [2024-06-12T20:13:48.011+0000] {dag.py:3441} INFO - Setting next_dagrun for example_task_group to 2024-06-11T20:13:48.011087+00:00, run_after=2024-06-12T20:13:48.011087+00:00
[2024-06-12T20:13:48.311+0000] {processor.py:175} INFO - Processing /home/airflow/.local/lib/python3.7/site-packages/airflow/example_dags/example_task_group.py took 2.101 seconds
[2024-06-12T20:15:18.771+0000] {processor.py:153} INFO - Started process (PID=2080) to work on /home/airflow/.local/lib/python3.7/site-packages/airflow/example_dags/example_task_group.py
[2024-06-12T20:15:18.773+0000] {processor.py:743} INFO - Processing file /home/airflow/.local/lib/python3.7/site-packages/airflow/example_dags/example_task_group.py for tasks to queue
[2024-06-12T20:15:18.779+0000] {logging_mixin.py:137} INFO - [2024-06-12T20:15:18.778+0000] {dagbag.py:538} INFO - Filling up the DagBag from /home/airflow/.local/lib/python3.7/site-packages/airflow/example_dags/example_task_group.py
[2024-06-12T20:15:19.172+0000] {processor.py:753} INFO - DAG(s) dict_keys(['example_task_group']) retrieved from /home/airflow/.local/lib/python3.7/site-packages/airflow/example_dags/example_task_group.py
[2024-06-12T20:15:20.040+0000] {logging_mixin.py:137} INFO - [2024-06-12T20:15:20.039+0000] {dag.py:2690} INFO - Sync 1 DAGs
[2024-06-12T20:15:20.776+0000] {logging_mixin.py:137} INFO - [2024-06-12T20:15:20.776+0000] {dag.py:3441} INFO - Setting next_dagrun for example_task_group to 2024-06-11T20:15:20.774913+00:00, run_after=2024-06-12T20:15:20.774913+00:00
[2024-06-12T20:15:21.458+0000] {processor.py:175} INFO - Processing /home/airflow/.local/lib/python3.7/site-packages/airflow/example_dags/example_task_group.py took 2.909 seconds
[2024-06-12T20:16:23.479+0000] {processor.py:153} INFO - Started process (PID=2160) to work on /home/airflow/.local/lib/python3.7/site-packages/airflow/example_dags/example_task_group.py
[2024-06-12T20:16:23.510+0000] {processor.py:743} INFO - Processing file /home/airflow/.local/lib/python3.7/site-packages/airflow/example_dags/example_task_group.py for tasks to queue
[2024-06-12T20:16:23.533+0000] {logging_mixin.py:137} INFO - [2024-06-12T20:16:23.532+0000] {dagbag.py:538} INFO - Filling up the DagBag from /home/airflow/.local/lib/python3.7/site-packages/airflow/example_dags/example_task_group.py
[2024-06-12T20:16:23.839+0000] {processor.py:753} INFO - DAG(s) dict_keys(['example_task_group']) retrieved from /home/airflow/.local/lib/python3.7/site-packages/airflow/example_dags/example_task_group.py
[2024-06-12T20:16:24.241+0000] {logging_mixin.py:137} INFO - [2024-06-12T20:16:24.241+0000] {dag.py:2690} INFO - Sync 1 DAGs
[2024-06-12T20:16:24.509+0000] {logging_mixin.py:137} INFO - [2024-06-12T20:16:24.509+0000] {dag.py:3441} INFO - Setting next_dagrun for example_task_group to 2024-06-11T20:16:24.508738+00:00, run_after=2024-06-12T20:16:24.508738+00:00
[2024-06-12T20:16:24.754+0000] {processor.py:175} INFO - Processing /home/airflow/.local/lib/python3.7/site-packages/airflow/example_dags/example_task_group.py took 1.378 seconds
[2024-06-12T20:17:54.948+0000] {processor.py:153} INFO - Started process (PID=2258) to work on /home/airflow/.local/lib/python3.7/site-packages/airflow/example_dags/example_task_group.py
[2024-06-12T20:17:54.970+0000] {processor.py:743} INFO - Processing file /home/airflow/.local/lib/python3.7/site-packages/airflow/example_dags/example_task_group.py for tasks to queue
[2024-06-12T20:17:55.003+0000] {logging_mixin.py:137} INFO - [2024-06-12T20:17:55.002+0000] {dagbag.py:538} INFO - Filling up the DagBag from /home/airflow/.local/lib/python3.7/site-packages/airflow/example_dags/example_task_group.py
[2024-06-12T20:17:55.279+0000] {processor.py:753} INFO - DAG(s) dict_keys(['example_task_group']) retrieved from /home/airflow/.local/lib/python3.7/site-packages/airflow/example_dags/example_task_group.py
[2024-06-12T20:17:55.980+0000] {logging_mixin.py:137} INFO - [2024-06-12T20:17:55.980+0000] {dag.py:2690} INFO - Sync 1 DAGs
[2024-06-12T20:17:56.738+0000] {logging_mixin.py:137} INFO - [2024-06-12T20:17:56.738+0000] {dag.py:3441} INFO - Setting next_dagrun for example_task_group to 2024-06-11T20:17:56.737908+00:00, run_after=2024-06-12T20:17:56.737908+00:00
[2024-06-12T20:17:57.373+0000] {processor.py:175} INFO - Processing /home/airflow/.local/lib/python3.7/site-packages/airflow/example_dags/example_task_group.py took 2.474 seconds
[2024-06-12T20:19:53.724+0000] {processor.py:153} INFO - Started process (PID=2371) to work on /home/airflow/.local/lib/python3.7/site-packages/airflow/example_dags/example_task_group.py
[2024-06-12T20:19:53.728+0000] {processor.py:743} INFO - Processing file /home/airflow/.local/lib/python3.7/site-packages/airflow/example_dags/example_task_group.py for tasks to queue
[2024-06-12T20:19:53.732+0000] {logging_mixin.py:137} INFO - [2024-06-12T20:19:53.732+0000] {dagbag.py:538} INFO - Filling up the DagBag from /home/airflow/.local/lib/python3.7/site-packages/airflow/example_dags/example_task_group.py
[2024-06-12T20:19:54.448+0000] {processor.py:753} INFO - DAG(s) dict_keys(['example_task_group']) retrieved from /home/airflow/.local/lib/python3.7/site-packages/airflow/example_dags/example_task_group.py
[2024-06-12T20:19:54.962+0000] {logging_mixin.py:137} INFO - [2024-06-12T20:19:54.961+0000] {dag.py:2690} INFO - Sync 1 DAGs
[2024-06-12T20:19:55.891+0000] {logging_mixin.py:137} INFO - [2024-06-12T20:19:55.891+0000] {dag.py:3441} INFO - Setting next_dagrun for example_task_group to 2024-06-11T20:19:55.890627+00:00, run_after=2024-06-12T20:19:55.890627+00:00
[2024-06-12T20:19:56.491+0000] {processor.py:175} INFO - Processing /home/airflow/.local/lib/python3.7/site-packages/airflow/example_dags/example_task_group.py took 2.858 seconds
[2024-06-12T20:22:01.306+0000] {processor.py:153} INFO - Started process (PID=2498) to work on /home/airflow/.local/lib/python3.7/site-packages/airflow/example_dags/example_task_group.py
[2024-06-12T20:22:01.351+0000] {processor.py:743} INFO - Processing file /home/airflow/.local/lib/python3.7/site-packages/airflow/example_dags/example_task_group.py for tasks to queue
[2024-06-12T20:22:01.354+0000] {logging_mixin.py:137} INFO - [2024-06-12T20:22:01.353+0000] {dagbag.py:538} INFO - Filling up the DagBag from /home/airflow/.local/lib/python3.7/site-packages/airflow/example_dags/example_task_group.py
[2024-06-12T20:22:02.203+0000] {processor.py:753} INFO - DAG(s) dict_keys(['example_task_group']) retrieved from /home/airflow/.local/lib/python3.7/site-packages/airflow/example_dags/example_task_group.py
[2024-06-12T20:22:02.826+0000] {logging_mixin.py:137} INFO - [2024-06-12T20:22:02.825+0000] {dag.py:2690} INFO - Sync 1 DAGs
[2024-06-12T20:22:04.057+0000] {logging_mixin.py:137} INFO - [2024-06-12T20:22:04.057+0000] {dag.py:3441} INFO - Setting next_dagrun for example_task_group to 2024-06-11T20:22:04.056905+00:00, run_after=2024-06-12T20:22:04.056905+00:00
[2024-06-12T20:22:04.468+0000] {processor.py:175} INFO - Processing /home/airflow/.local/lib/python3.7/site-packages/airflow/example_dags/example_task_group.py took 3.195 seconds
[2024-06-12T20:24:13.352+0000] {processor.py:153} INFO - Started process (PID=2629) to work on /home/airflow/.local/lib/python3.7/site-packages/airflow/example_dags/example_task_group.py
[2024-06-12T20:24:13.372+0000] {processor.py:743} INFO - Processing file /home/airflow/.local/lib/python3.7/site-packages/airflow/example_dags/example_task_group.py for tasks to queue
[2024-06-12T20:24:13.405+0000] {logging_mixin.py:137} INFO - [2024-06-12T20:24:13.405+0000] {dagbag.py:538} INFO - Filling up the DagBag from /home/airflow/.local/lib/python3.7/site-packages/airflow/example_dags/example_task_group.py
[2024-06-12T20:24:14.120+0000] {processor.py:753} INFO - DAG(s) dict_keys(['example_task_group']) retrieved from /home/airflow/.local/lib/python3.7/site-packages/airflow/example_dags/example_task_group.py
[2024-06-12T20:24:14.689+0000] {logging_mixin.py:137} INFO - [2024-06-12T20:24:14.687+0000] {dag.py:2690} INFO - Sync 1 DAGs
[2024-06-12T20:24:15.722+0000] {logging_mixin.py:137} INFO - [2024-06-12T20:24:15.722+0000] {dag.py:3441} INFO - Setting next_dagrun for example_task_group to 2024-06-11T20:24:15.721514+00:00, run_after=2024-06-12T20:24:15.721514+00:00
[2024-06-12T20:24:16.492+0000] {processor.py:175} INFO - Processing /home/airflow/.local/lib/python3.7/site-packages/airflow/example_dags/example_task_group.py took 3.425 seconds
[2024-06-12T20:25:58.999+0000] {processor.py:153} INFO - Started process (PID=2738) to work on /home/airflow/.local/lib/python3.7/site-packages/airflow/example_dags/example_task_group.py
[2024-06-12T20:25:59.032+0000] {processor.py:743} INFO - Processing file /home/airflow/.local/lib/python3.7/site-packages/airflow/example_dags/example_task_group.py for tasks to queue
[2024-06-12T20:25:59.048+0000] {logging_mixin.py:137} INFO - [2024-06-12T20:25:59.047+0000] {dagbag.py:538} INFO - Filling up the DagBag from /home/airflow/.local/lib/python3.7/site-packages/airflow/example_dags/example_task_group.py
[2024-06-12T20:25:59.602+0000] {processor.py:753} INFO - DAG(s) dict_keys(['example_task_group']) retrieved from /home/airflow/.local/lib/python3.7/site-packages/airflow/example_dags/example_task_group.py
[2024-06-12T20:26:00.524+0000] {logging_mixin.py:137} INFO - [2024-06-12T20:26:00.523+0000] {dag.py:2690} INFO - Sync 1 DAGs
[2024-06-12T20:26:01.591+0000] {logging_mixin.py:137} INFO - [2024-06-12T20:26:01.591+0000] {dag.py:3441} INFO - Setting next_dagrun for example_task_group to 2024-06-11T20:26:01.590908+00:00, run_after=2024-06-12T20:26:01.590908+00:00
[2024-06-12T20:26:02.734+0000] {processor.py:175} INFO - Processing /home/airflow/.local/lib/python3.7/site-packages/airflow/example_dags/example_task_group.py took 3.842 seconds
[2024-06-12T20:27:56.664+0000] {processor.py:153} INFO - Started process (PID=2850) to work on /home/airflow/.local/lib/python3.7/site-packages/airflow/example_dags/example_task_group.py
[2024-06-12T20:27:56.679+0000] {processor.py:743} INFO - Processing file /home/airflow/.local/lib/python3.7/site-packages/airflow/example_dags/example_task_group.py for tasks to queue
[2024-06-12T20:27:56.694+0000] {logging_mixin.py:137} INFO - [2024-06-12T20:27:56.694+0000] {dagbag.py:538} INFO - Filling up the DagBag from /home/airflow/.local/lib/python3.7/site-packages/airflow/example_dags/example_task_group.py
[2024-06-12T20:27:57.219+0000] {processor.py:753} INFO - DAG(s) dict_keys(['example_task_group']) retrieved from /home/airflow/.local/lib/python3.7/site-packages/airflow/example_dags/example_task_group.py
[2024-06-12T20:27:58.257+0000] {logging_mixin.py:137} INFO - [2024-06-12T20:27:58.257+0000] {dag.py:2690} INFO - Sync 1 DAGs
[2024-06-12T20:27:59.042+0000] {logging_mixin.py:137} INFO - [2024-06-12T20:27:59.042+0000] {dag.py:3441} INFO - Setting next_dagrun for example_task_group to 2024-06-11T20:27:59.041663+00:00, run_after=2024-06-12T20:27:59.041663+00:00
[2024-06-12T20:27:59.728+0000] {processor.py:175} INFO - Processing /home/airflow/.local/lib/python3.7/site-packages/airflow/example_dags/example_task_group.py took 3.114 seconds
[2024-06-12T20:29:21.208+0000] {processor.py:153} INFO - Started process (PID=2941) to work on /home/airflow/.local/lib/python3.7/site-packages/airflow/example_dags/example_task_group.py
[2024-06-12T20:29:21.227+0000] {processor.py:743} INFO - Processing file /home/airflow/.local/lib/python3.7/site-packages/airflow/example_dags/example_task_group.py for tasks to queue
[2024-06-12T20:29:21.241+0000] {logging_mixin.py:137} INFO - [2024-06-12T20:29:21.240+0000] {dagbag.py:538} INFO - Filling up the DagBag from /home/airflow/.local/lib/python3.7/site-packages/airflow/example_dags/example_task_group.py
[2024-06-12T20:29:21.451+0000] {processor.py:753} INFO - DAG(s) dict_keys(['example_task_group']) retrieved from /home/airflow/.local/lib/python3.7/site-packages/airflow/example_dags/example_task_group.py
[2024-06-12T20:29:21.859+0000] {logging_mixin.py:137} INFO - [2024-06-12T20:29:21.858+0000] {dag.py:2690} INFO - Sync 1 DAGs
[2024-06-12T20:29:22.341+0000] {logging_mixin.py:137} INFO - [2024-06-12T20:29:22.341+0000] {dag.py:3441} INFO - Setting next_dagrun for example_task_group to 2024-06-11T20:29:22.340636+00:00, run_after=2024-06-12T20:29:22.340636+00:00
[2024-06-12T20:29:22.959+0000] {processor.py:175} INFO - Processing /home/airflow/.local/lib/python3.7/site-packages/airflow/example_dags/example_task_group.py took 1.791 seconds
[2024-06-12T20:30:21.979+0000] {processor.py:153} INFO - Started process (PID=3015) to work on /home/airflow/.local/lib/python3.7/site-packages/airflow/example_dags/example_task_group.py
[2024-06-12T20:30:22.024+0000] {processor.py:743} INFO - Processing file /home/airflow/.local/lib/python3.7/site-packages/airflow/example_dags/example_task_group.py for tasks to queue
[2024-06-12T20:30:22.034+0000] {logging_mixin.py:137} INFO - [2024-06-12T20:30:22.033+0000] {dagbag.py:538} INFO - Filling up the DagBag from /home/airflow/.local/lib/python3.7/site-packages/airflow/example_dags/example_task_group.py
[2024-06-12T20:30:22.644+0000] {processor.py:753} INFO - DAG(s) dict_keys(['example_task_group']) retrieved from /home/airflow/.local/lib/python3.7/site-packages/airflow/example_dags/example_task_group.py
[2024-06-12T20:30:23.026+0000] {logging_mixin.py:137} INFO - [2024-06-12T20:30:23.026+0000] {dag.py:2690} INFO - Sync 1 DAGs
[2024-06-12T20:30:23.524+0000] {logging_mixin.py:137} INFO - [2024-06-12T20:30:23.524+0000] {dag.py:3441} INFO - Setting next_dagrun for example_task_group to 2024-06-11T20:30:23.523759+00:00, run_after=2024-06-12T20:30:23.523759+00:00
[2024-06-12T20:30:23.805+0000] {processor.py:175} INFO - Processing /home/airflow/.local/lib/python3.7/site-packages/airflow/example_dags/example_task_group.py took 1.860 seconds
[2024-06-12T20:31:23.086+0000] {processor.py:153} INFO - Started process (PID=3087) to work on /home/airflow/.local/lib/python3.7/site-packages/airflow/example_dags/example_task_group.py
[2024-06-12T20:31:23.087+0000] {processor.py:743} INFO - Processing file /home/airflow/.local/lib/python3.7/site-packages/airflow/example_dags/example_task_group.py for tasks to queue
[2024-06-12T20:31:23.090+0000] {logging_mixin.py:137} INFO - [2024-06-12T20:31:23.089+0000] {dagbag.py:538} INFO - Filling up the DagBag from /home/airflow/.local/lib/python3.7/site-packages/airflow/example_dags/example_task_group.py
[2024-06-12T20:31:23.258+0000] {processor.py:753} INFO - DAG(s) dict_keys(['example_task_group']) retrieved from /home/airflow/.local/lib/python3.7/site-packages/airflow/example_dags/example_task_group.py
[2024-06-12T20:31:23.439+0000] {logging_mixin.py:137} INFO - [2024-06-12T20:31:23.439+0000] {dag.py:2690} INFO - Sync 1 DAGs
[2024-06-12T20:31:23.650+0000] {logging_mixin.py:137} INFO - [2024-06-12T20:31:23.649+0000] {dag.py:3441} INFO - Setting next_dagrun for example_task_group to 2024-06-11T20:31:23.649101+00:00, run_after=2024-06-12T20:31:23.649101+00:00
[2024-06-12T20:31:24.032+0000] {processor.py:175} INFO - Processing /home/airflow/.local/lib/python3.7/site-packages/airflow/example_dags/example_task_group.py took 0.979 seconds
[2024-06-12T20:32:52.230+0000] {processor.py:153} INFO - Started process (PID=3179) to work on /home/airflow/.local/lib/python3.7/site-packages/airflow/example_dags/example_task_group.py
[2024-06-12T20:32:52.246+0000] {processor.py:743} INFO - Processing file /home/airflow/.local/lib/python3.7/site-packages/airflow/example_dags/example_task_group.py for tasks to queue
[2024-06-12T20:32:52.261+0000] {logging_mixin.py:137} INFO - [2024-06-12T20:32:52.261+0000] {dagbag.py:538} INFO - Filling up the DagBag from /home/airflow/.local/lib/python3.7/site-packages/airflow/example_dags/example_task_group.py
[2024-06-12T20:32:52.607+0000] {processor.py:753} INFO - DAG(s) dict_keys(['example_task_group']) retrieved from /home/airflow/.local/lib/python3.7/site-packages/airflow/example_dags/example_task_group.py
[2024-06-12T20:32:53.142+0000] {logging_mixin.py:137} INFO - [2024-06-12T20:32:53.141+0000] {dag.py:2690} INFO - Sync 1 DAGs
[2024-06-12T20:32:55.309+0000] {logging_mixin.py:137} INFO - [2024-06-12T20:32:55.309+0000] {dag.py:3441} INFO - Setting next_dagrun for example_task_group to 2024-06-11T20:32:55.293968+00:00, run_after=2024-06-12T20:32:55.293968+00:00
[2024-06-12T20:32:55.882+0000] {processor.py:175} INFO - Processing /home/airflow/.local/lib/python3.7/site-packages/airflow/example_dags/example_task_group.py took 3.704 seconds
[2024-06-12T20:34:52.301+0000] {processor.py:153} INFO - Started process (PID=3291) to work on /home/airflow/.local/lib/python3.7/site-packages/airflow/example_dags/example_task_group.py
[2024-06-12T20:34:52.380+0000] {processor.py:743} INFO - Processing file /home/airflow/.local/lib/python3.7/site-packages/airflow/example_dags/example_task_group.py for tasks to queue
[2024-06-12T20:34:52.472+0000] {logging_mixin.py:137} INFO - [2024-06-12T20:34:52.471+0000] {dagbag.py:538} INFO - Filling up the DagBag from /home/airflow/.local/lib/python3.7/site-packages/airflow/example_dags/example_task_group.py
[2024-06-12T20:34:53.081+0000] {processor.py:753} INFO - DAG(s) dict_keys(['example_task_group']) retrieved from /home/airflow/.local/lib/python3.7/site-packages/airflow/example_dags/example_task_group.py
[2024-06-12T20:34:54.102+0000] {logging_mixin.py:137} INFO - [2024-06-12T20:34:54.101+0000] {dag.py:2690} INFO - Sync 1 DAGs
[2024-06-12T20:34:54.945+0000] {logging_mixin.py:137} INFO - [2024-06-12T20:34:54.945+0000] {dag.py:3441} INFO - Setting next_dagrun for example_task_group to 2024-06-11T20:34:54.944699+00:00, run_after=2024-06-12T20:34:54.944699+00:00
[2024-06-12T20:34:55.702+0000] {processor.py:175} INFO - Processing /home/airflow/.local/lib/python3.7/site-packages/airflow/example_dags/example_task_group.py took 3.582 seconds
[2024-06-12T20:37:39.714+0000] {processor.py:153} INFO - Started process (PID=3443) to work on /home/airflow/.local/lib/python3.7/site-packages/airflow/example_dags/example_task_group.py
[2024-06-12T20:37:39.856+0000] {processor.py:743} INFO - Processing file /home/airflow/.local/lib/python3.7/site-packages/airflow/example_dags/example_task_group.py for tasks to queue
[2024-06-12T20:37:40.017+0000] {logging_mixin.py:137} INFO - [2024-06-12T20:37:40.017+0000] {dagbag.py:538} INFO - Filling up the DagBag from /home/airflow/.local/lib/python3.7/site-packages/airflow/example_dags/example_task_group.py
[2024-06-12T20:37:40.558+0000] {processor.py:753} INFO - DAG(s) dict_keys(['example_task_group']) retrieved from /home/airflow/.local/lib/python3.7/site-packages/airflow/example_dags/example_task_group.py
[2024-06-12T20:37:41.079+0000] {logging_mixin.py:137} INFO - [2024-06-12T20:37:41.078+0000] {dag.py:2690} INFO - Sync 1 DAGs
[2024-06-12T20:37:42.131+0000] {logging_mixin.py:137} INFO - [2024-06-12T20:37:42.131+0000] {dag.py:3441} INFO - Setting next_dagrun for example_task_group to 2024-06-11T20:37:42.101663+00:00, run_after=2024-06-12T20:37:42.101663+00:00
[2024-06-12T20:37:43.913+0000] {processor.py:175} INFO - Processing /home/airflow/.local/lib/python3.7/site-packages/airflow/example_dags/example_task_group.py took 4.365 seconds
[2024-06-12T20:39:05.044+0000] {processor.py:153} INFO - Started process (PID=3533) to work on /home/airflow/.local/lib/python3.7/site-packages/airflow/example_dags/example_task_group.py
[2024-06-12T20:39:05.071+0000] {processor.py:743} INFO - Processing file /home/airflow/.local/lib/python3.7/site-packages/airflow/example_dags/example_task_group.py for tasks to queue
[2024-06-12T20:39:05.091+0000] {logging_mixin.py:137} INFO - [2024-06-12T20:39:05.091+0000] {dagbag.py:538} INFO - Filling up the DagBag from /home/airflow/.local/lib/python3.7/site-packages/airflow/example_dags/example_task_group.py
[2024-06-12T20:39:05.289+0000] {processor.py:753} INFO - DAG(s) dict_keys(['example_task_group']) retrieved from /home/airflow/.local/lib/python3.7/site-packages/airflow/example_dags/example_task_group.py
[2024-06-12T20:39:05.732+0000] {logging_mixin.py:137} INFO - [2024-06-12T20:39:05.732+0000] {dag.py:2690} INFO - Sync 1 DAGs
[2024-06-12T20:39:06.041+0000] {logging_mixin.py:137} INFO - [2024-06-12T20:39:06.040+0000] {dag.py:3441} INFO - Setting next_dagrun for example_task_group to 2024-06-11T20:39:06.040298+00:00, run_after=2024-06-12T20:39:06.040298+00:00
[2024-06-12T20:39:06.326+0000] {processor.py:175} INFO - Processing /home/airflow/.local/lib/python3.7/site-packages/airflow/example_dags/example_task_group.py took 1.322 seconds
[2024-06-12T20:40:05.005+0000] {processor.py:153} INFO - Started process (PID=3606) to work on /home/airflow/.local/lib/python3.7/site-packages/airflow/example_dags/example_task_group.py
[2024-06-12T20:40:05.017+0000] {processor.py:743} INFO - Processing file /home/airflow/.local/lib/python3.7/site-packages/airflow/example_dags/example_task_group.py for tasks to queue
[2024-06-12T20:40:05.039+0000] {logging_mixin.py:137} INFO - [2024-06-12T20:40:05.038+0000] {dagbag.py:538} INFO - Filling up the DagBag from /home/airflow/.local/lib/python3.7/site-packages/airflow/example_dags/example_task_group.py
[2024-06-12T20:40:05.396+0000] {processor.py:753} INFO - DAG(s) dict_keys(['example_task_group']) retrieved from /home/airflow/.local/lib/python3.7/site-packages/airflow/example_dags/example_task_group.py
[2024-06-12T20:40:05.544+0000] {logging_mixin.py:137} INFO - [2024-06-12T20:40:05.544+0000] {dag.py:2690} INFO - Sync 1 DAGs
[2024-06-12T20:40:06.156+0000] {logging_mixin.py:137} INFO - [2024-06-12T20:40:06.156+0000] {dag.py:3441} INFO - Setting next_dagrun for example_task_group to 2024-06-11T20:40:06.155797+00:00, run_after=2024-06-12T20:40:06.155797+00:00
[2024-06-12T20:40:06.468+0000] {processor.py:175} INFO - Processing /home/airflow/.local/lib/python3.7/site-packages/airflow/example_dags/example_task_group.py took 1.519 seconds
[2024-06-12T20:41:11.649+0000] {processor.py:153} INFO - Started process (PID=3681) to work on /home/airflow/.local/lib/python3.7/site-packages/airflow/example_dags/example_task_group.py
[2024-06-12T20:41:11.693+0000] {processor.py:743} INFO - Processing file /home/airflow/.local/lib/python3.7/site-packages/airflow/example_dags/example_task_group.py for tasks to queue
[2024-06-12T20:41:11.710+0000] {logging_mixin.py:137} INFO - [2024-06-12T20:41:11.709+0000] {dagbag.py:538} INFO - Filling up the DagBag from /home/airflow/.local/lib/python3.7/site-packages/airflow/example_dags/example_task_group.py
[2024-06-12T20:41:11.997+0000] {processor.py:753} INFO - DAG(s) dict_keys(['example_task_group']) retrieved from /home/airflow/.local/lib/python3.7/site-packages/airflow/example_dags/example_task_group.py
[2024-06-12T20:41:12.782+0000] {logging_mixin.py:137} INFO - [2024-06-12T20:41:12.782+0000] {dag.py:2690} INFO - Sync 1 DAGs
[2024-06-12T20:41:13.893+0000] {logging_mixin.py:137} INFO - [2024-06-12T20:41:13.892+0000] {dag.py:3441} INFO - Setting next_dagrun for example_task_group to 2024-06-11T20:41:13.891975+00:00, run_after=2024-06-12T20:41:13.891975+00:00
[2024-06-12T20:41:14.696+0000] {processor.py:175} INFO - Processing /home/airflow/.local/lib/python3.7/site-packages/airflow/example_dags/example_task_group.py took 3.133 seconds
[2024-06-12T20:42:10.773+0000] {processor.py:153} INFO - Started process (PID=3753) to work on /home/airflow/.local/lib/python3.7/site-packages/airflow/example_dags/example_task_group.py
[2024-06-12T20:42:10.789+0000] {processor.py:743} INFO - Processing file /home/airflow/.local/lib/python3.7/site-packages/airflow/example_dags/example_task_group.py for tasks to queue
[2024-06-12T20:42:10.806+0000] {logging_mixin.py:137} INFO - [2024-06-12T20:42:10.805+0000] {dagbag.py:538} INFO - Filling up the DagBag from /home/airflow/.local/lib/python3.7/site-packages/airflow/example_dags/example_task_group.py
[2024-06-12T20:42:10.958+0000] {processor.py:753} INFO - DAG(s) dict_keys(['example_task_group']) retrieved from /home/airflow/.local/lib/python3.7/site-packages/airflow/example_dags/example_task_group.py
[2024-06-12T20:42:11.389+0000] {logging_mixin.py:137} INFO - [2024-06-12T20:42:11.389+0000] {dag.py:2690} INFO - Sync 1 DAGs
[2024-06-12T20:42:11.811+0000] {logging_mixin.py:137} INFO - [2024-06-12T20:42:11.810+0000] {dag.py:3441} INFO - Setting next_dagrun for example_task_group to 2024-06-11T20:42:11.810144+00:00, run_after=2024-06-12T20:42:11.810144+00:00
[2024-06-12T20:42:12.258+0000] {processor.py:175} INFO - Processing /home/airflow/.local/lib/python3.7/site-packages/airflow/example_dags/example_task_group.py took 1.573 seconds
[2024-06-12T20:43:14.060+0000] {processor.py:153} INFO - Started process (PID=3823) to work on /home/airflow/.local/lib/python3.7/site-packages/airflow/example_dags/example_task_group.py
[2024-06-12T20:43:14.089+0000] {processor.py:743} INFO - Processing file /home/airflow/.local/lib/python3.7/site-packages/airflow/example_dags/example_task_group.py for tasks to queue
[2024-06-12T20:43:14.105+0000] {logging_mixin.py:137} INFO - [2024-06-12T20:43:14.105+0000] {dagbag.py:538} INFO - Filling up the DagBag from /home/airflow/.local/lib/python3.7/site-packages/airflow/example_dags/example_task_group.py
[2024-06-12T20:43:14.526+0000] {processor.py:753} INFO - DAG(s) dict_keys(['example_task_group']) retrieved from /home/airflow/.local/lib/python3.7/site-packages/airflow/example_dags/example_task_group.py
[2024-06-12T20:43:14.759+0000] {logging_mixin.py:137} INFO - [2024-06-12T20:43:14.758+0000] {dag.py:2690} INFO - Sync 1 DAGs
[2024-06-12T20:43:15.149+0000] {logging_mixin.py:137} INFO - [2024-06-12T20:43:15.148+0000] {dag.py:3441} INFO - Setting next_dagrun for example_task_group to 2024-06-11T20:43:15.148136+00:00, run_after=2024-06-12T20:43:15.148136+00:00
[2024-06-12T20:43:15.684+0000] {processor.py:175} INFO - Processing /home/airflow/.local/lib/python3.7/site-packages/airflow/example_dags/example_task_group.py took 1.704 seconds
[2024-06-12T20:44:33.083+0000] {processor.py:153} INFO - Started process (PID=3913) to work on /home/airflow/.local/lib/python3.7/site-packages/airflow/example_dags/example_task_group.py
[2024-06-12T20:44:33.101+0000] {processor.py:743} INFO - Processing file /home/airflow/.local/lib/python3.7/site-packages/airflow/example_dags/example_task_group.py for tasks to queue
[2024-06-12T20:44:33.116+0000] {logging_mixin.py:137} INFO - [2024-06-12T20:44:33.115+0000] {dagbag.py:538} INFO - Filling up the DagBag from /home/airflow/.local/lib/python3.7/site-packages/airflow/example_dags/example_task_group.py
[2024-06-12T20:44:33.582+0000] {processor.py:753} INFO - DAG(s) dict_keys(['example_task_group']) retrieved from /home/airflow/.local/lib/python3.7/site-packages/airflow/example_dags/example_task_group.py
[2024-06-12T20:44:34.156+0000] {logging_mixin.py:137} INFO - [2024-06-12T20:44:34.156+0000] {dag.py:2690} INFO - Sync 1 DAGs
[2024-06-12T20:44:34.636+0000] {logging_mixin.py:137} INFO - [2024-06-12T20:44:34.634+0000] {dag.py:3441} INFO - Setting next_dagrun for example_task_group to 2024-06-11T20:44:34.634110+00:00, run_after=2024-06-12T20:44:34.634110+00:00
[2024-06-12T20:44:35.198+0000] {processor.py:175} INFO - Processing /home/airflow/.local/lib/python3.7/site-packages/airflow/example_dags/example_task_group.py took 2.202 seconds
[2024-06-12T20:45:29.848+0000] {processor.py:153} INFO - Started process (PID=3987) to work on /home/airflow/.local/lib/python3.7/site-packages/airflow/example_dags/example_task_group.py
[2024-06-12T20:45:29.879+0000] {processor.py:743} INFO - Processing file /home/airflow/.local/lib/python3.7/site-packages/airflow/example_dags/example_task_group.py for tasks to queue
[2024-06-12T20:45:29.912+0000] {logging_mixin.py:137} INFO - [2024-06-12T20:45:29.911+0000] {dagbag.py:538} INFO - Filling up the DagBag from /home/airflow/.local/lib/python3.7/site-packages/airflow/example_dags/example_task_group.py
[2024-06-12T20:45:30.574+0000] {processor.py:753} INFO - DAG(s) dict_keys(['example_task_group']) retrieved from /home/airflow/.local/lib/python3.7/site-packages/airflow/example_dags/example_task_group.py
[2024-06-12T20:45:31.080+0000] {logging_mixin.py:137} INFO - [2024-06-12T20:45:31.067+0000] {dag.py:2690} INFO - Sync 1 DAGs
[2024-06-12T20:45:31.569+0000] {logging_mixin.py:137} INFO - [2024-06-12T20:45:31.568+0000] {dag.py:3441} INFO - Setting next_dagrun for example_task_group to 2024-06-11T20:45:31.568392+00:00, run_after=2024-06-12T20:45:31.568392+00:00
[2024-06-12T20:45:32.366+0000] {processor.py:175} INFO - Processing /home/airflow/.local/lib/python3.7/site-packages/airflow/example_dags/example_task_group.py took 2.603 seconds
[2024-06-12T20:46:54.799+0000] {processor.py:153} INFO - Started process (PID=4091) to work on /home/airflow/.local/lib/python3.7/site-packages/airflow/example_dags/example_task_group.py
[2024-06-12T20:46:54.814+0000] {processor.py:743} INFO - Processing file /home/airflow/.local/lib/python3.7/site-packages/airflow/example_dags/example_task_group.py for tasks to queue
[2024-06-12T20:46:54.816+0000] {logging_mixin.py:137} INFO - [2024-06-12T20:46:54.816+0000] {dagbag.py:538} INFO - Filling up the DagBag from /home/airflow/.local/lib/python3.7/site-packages/airflow/example_dags/example_task_group.py
[2024-06-12T20:46:55.136+0000] {processor.py:753} INFO - DAG(s) dict_keys(['example_task_group']) retrieved from /home/airflow/.local/lib/python3.7/site-packages/airflow/example_dags/example_task_group.py
[2024-06-12T20:46:55.447+0000] {logging_mixin.py:137} INFO - [2024-06-12T20:46:55.446+0000] {dag.py:2690} INFO - Sync 1 DAGs
[2024-06-12T20:46:55.987+0000] {logging_mixin.py:137} INFO - [2024-06-12T20:46:55.987+0000] {dag.py:3441} INFO - Setting next_dagrun for example_task_group to 2024-06-11T20:46:55.986954+00:00, run_after=2024-06-12T20:46:55.986954+00:00
[2024-06-12T20:46:56.512+0000] {processor.py:175} INFO - Processing /home/airflow/.local/lib/python3.7/site-packages/airflow/example_dags/example_task_group.py took 1.776 seconds
