[2024-06-12T19:43:55.192+0000] {processor.py:153} INFO - Started process (PID=191) to work on /home/airflow/.local/lib/python3.7/site-packages/airflow/example_dags/example_kubernetes_executor.py
[2024-06-12T19:43:55.257+0000] {processor.py:743} INFO - Processing file /home/airflow/.local/lib/python3.7/site-packages/airflow/example_dags/example_kubernetes_executor.py for tasks to queue
[2024-06-12T19:43:55.270+0000] {logging_mixin.py:137} INFO - [2024-06-12T19:43:55.269+0000] {dagbag.py:538} INFO - Filling up the DagBag from /home/airflow/.local/lib/python3.7/site-packages/airflow/example_dags/example_kubernetes_executor.py
[2024-06-12T19:43:56.518+0000] {processor.py:753} INFO - DAG(s) dict_keys(['example_kubernetes_executor']) retrieved from /home/airflow/.local/lib/python3.7/site-packages/airflow/example_dags/example_kubernetes_executor.py
[2024-06-12T19:43:58.186+0000] {logging_mixin.py:137} INFO - [2024-06-12T19:43:58.186+0000] {dag.py:2690} INFO - Sync 1 DAGs
[2024-06-12T19:43:59.303+0000] {logging_mixin.py:137} INFO - [2024-06-12T19:43:59.303+0000] {dag.py:3441} INFO - Setting next_dagrun for example_kubernetes_executor to None, run_after=None
[2024-06-12T19:44:00.289+0000] {processor.py:175} INFO - Processing /home/airflow/.local/lib/python3.7/site-packages/airflow/example_dags/example_kubernetes_executor.py took 5.233 seconds
[2024-06-12T19:47:36.310+0000] {processor.py:153} INFO - Started process (PID=376) to work on /home/airflow/.local/lib/python3.7/site-packages/airflow/example_dags/example_kubernetes_executor.py
[2024-06-12T19:47:36.347+0000] {processor.py:743} INFO - Processing file /home/airflow/.local/lib/python3.7/site-packages/airflow/example_dags/example_kubernetes_executor.py for tasks to queue
[2024-06-12T19:47:36.365+0000] {logging_mixin.py:137} INFO - [2024-06-12T19:47:36.356+0000] {dagbag.py:538} INFO - Filling up the DagBag from /home/airflow/.local/lib/python3.7/site-packages/airflow/example_dags/example_kubernetes_executor.py
[2024-06-12T19:47:37.473+0000] {processor.py:753} INFO - DAG(s) dict_keys(['example_kubernetes_executor']) retrieved from /home/airflow/.local/lib/python3.7/site-packages/airflow/example_dags/example_kubernetes_executor.py
[2024-06-12T19:47:38.871+0000] {logging_mixin.py:137} INFO - [2024-06-12T19:47:38.871+0000] {dag.py:2690} INFO - Sync 1 DAGs
[2024-06-12T19:47:39.901+0000] {logging_mixin.py:137} INFO - [2024-06-12T19:47:39.901+0000] {dag.py:3441} INFO - Setting next_dagrun for example_kubernetes_executor to None, run_after=None
[2024-06-12T19:47:40.634+0000] {processor.py:175} INFO - Processing /home/airflow/.local/lib/python3.7/site-packages/airflow/example_dags/example_kubernetes_executor.py took 4.408 seconds
[2024-06-12T19:48:26.146+0000] {processor.py:153} INFO - Started process (PID=452) to work on /home/airflow/.local/lib/python3.7/site-packages/airflow/example_dags/example_kubernetes_executor.py
[2024-06-12T19:48:26.158+0000] {processor.py:743} INFO - Processing file /home/airflow/.local/lib/python3.7/site-packages/airflow/example_dags/example_kubernetes_executor.py for tasks to queue
[2024-06-12T19:48:26.173+0000] {logging_mixin.py:137} INFO - [2024-06-12T19:48:26.173+0000] {dagbag.py:538} INFO - Filling up the DagBag from /home/airflow/.local/lib/python3.7/site-packages/airflow/example_dags/example_kubernetes_executor.py
[2024-06-12T19:48:26.572+0000] {processor.py:753} INFO - DAG(s) dict_keys(['example_kubernetes_executor']) retrieved from /home/airflow/.local/lib/python3.7/site-packages/airflow/example_dags/example_kubernetes_executor.py
[2024-06-12T19:48:26.931+0000] {logging_mixin.py:137} INFO - [2024-06-12T19:48:26.922+0000] {dag.py:2690} INFO - Sync 1 DAGs
[2024-06-12T19:48:27.041+0000] {logging_mixin.py:137} INFO - [2024-06-12T19:48:27.041+0000] {dag.py:3441} INFO - Setting next_dagrun for example_kubernetes_executor to None, run_after=None
[2024-06-12T19:48:27.142+0000] {processor.py:175} INFO - Processing /home/airflow/.local/lib/python3.7/site-packages/airflow/example_dags/example_kubernetes_executor.py took 1.037 seconds
[2024-06-12T19:49:00.527+0000] {processor.py:153} INFO - Started process (PID=513) to work on /home/airflow/.local/lib/python3.7/site-packages/airflow/example_dags/example_kubernetes_executor.py
[2024-06-12T19:49:00.543+0000] {processor.py:743} INFO - Processing file /home/airflow/.local/lib/python3.7/site-packages/airflow/example_dags/example_kubernetes_executor.py for tasks to queue
[2024-06-12T19:49:00.553+0000] {logging_mixin.py:137} INFO - [2024-06-12T19:49:00.553+0000] {dagbag.py:538} INFO - Filling up the DagBag from /home/airflow/.local/lib/python3.7/site-packages/airflow/example_dags/example_kubernetes_executor.py
[2024-06-12T19:49:00.791+0000] {processor.py:753} INFO - DAG(s) dict_keys(['example_kubernetes_executor']) retrieved from /home/airflow/.local/lib/python3.7/site-packages/airflow/example_dags/example_kubernetes_executor.py
[2024-06-12T19:49:01.098+0000] {logging_mixin.py:137} INFO - [2024-06-12T19:49:01.097+0000] {dag.py:2690} INFO - Sync 1 DAGs
[2024-06-12T19:49:01.424+0000] {logging_mixin.py:137} INFO - [2024-06-12T19:49:01.423+0000] {dag.py:3441} INFO - Setting next_dagrun for example_kubernetes_executor to None, run_after=None
[2024-06-12T19:49:01.697+0000] {processor.py:175} INFO - Processing /home/airflow/.local/lib/python3.7/site-packages/airflow/example_dags/example_kubernetes_executor.py took 1.227 seconds
[2024-06-12T19:49:32.087+0000] {processor.py:153} INFO - Started process (PID=568) to work on /home/airflow/.local/lib/python3.7/site-packages/airflow/example_dags/example_kubernetes_executor.py
[2024-06-12T19:49:32.099+0000] {processor.py:743} INFO - Processing file /home/airflow/.local/lib/python3.7/site-packages/airflow/example_dags/example_kubernetes_executor.py for tasks to queue
[2024-06-12T19:49:32.102+0000] {logging_mixin.py:137} INFO - [2024-06-12T19:49:32.101+0000] {dagbag.py:538} INFO - Filling up the DagBag from /home/airflow/.local/lib/python3.7/site-packages/airflow/example_dags/example_kubernetes_executor.py
[2024-06-12T19:49:32.523+0000] {processor.py:753} INFO - DAG(s) dict_keys(['example_kubernetes_executor']) retrieved from /home/airflow/.local/lib/python3.7/site-packages/airflow/example_dags/example_kubernetes_executor.py
[2024-06-12T19:49:32.940+0000] {logging_mixin.py:137} INFO - [2024-06-12T19:49:32.940+0000] {dag.py:2690} INFO - Sync 1 DAGs
[2024-06-12T19:49:33.355+0000] {logging_mixin.py:137} INFO - [2024-06-12T19:49:33.354+0000] {dag.py:3441} INFO - Setting next_dagrun for example_kubernetes_executor to None, run_after=None
[2024-06-12T19:49:33.513+0000] {processor.py:175} INFO - Processing /home/airflow/.local/lib/python3.7/site-packages/airflow/example_dags/example_kubernetes_executor.py took 1.441 seconds
[2024-06-12T19:50:06.411+0000] {processor.py:153} INFO - Started process (PID=632) to work on /home/airflow/.local/lib/python3.7/site-packages/airflow/example_dags/example_kubernetes_executor.py
[2024-06-12T19:50:06.430+0000] {processor.py:743} INFO - Processing file /home/airflow/.local/lib/python3.7/site-packages/airflow/example_dags/example_kubernetes_executor.py for tasks to queue
[2024-06-12T19:50:06.441+0000] {logging_mixin.py:137} INFO - [2024-06-12T19:50:06.440+0000] {dagbag.py:538} INFO - Filling up the DagBag from /home/airflow/.local/lib/python3.7/site-packages/airflow/example_dags/example_kubernetes_executor.py
[2024-06-12T19:50:06.781+0000] {processor.py:753} INFO - DAG(s) dict_keys(['example_kubernetes_executor']) retrieved from /home/airflow/.local/lib/python3.7/site-packages/airflow/example_dags/example_kubernetes_executor.py
[2024-06-12T19:50:06.986+0000] {logging_mixin.py:137} INFO - [2024-06-12T19:50:06.985+0000] {dag.py:2690} INFO - Sync 1 DAGs
[2024-06-12T19:50:07.220+0000] {logging_mixin.py:137} INFO - [2024-06-12T19:50:07.219+0000] {dag.py:3441} INFO - Setting next_dagrun for example_kubernetes_executor to None, run_after=None
[2024-06-12T19:50:07.439+0000] {processor.py:175} INFO - Processing /home/airflow/.local/lib/python3.7/site-packages/airflow/example_dags/example_kubernetes_executor.py took 1.058 seconds
[2024-06-12T19:51:19.494+0000] {processor.py:153} INFO - Started process (PID=714) to work on /home/airflow/.local/lib/python3.7/site-packages/airflow/example_dags/example_kubernetes_executor.py
[2024-06-12T19:51:19.601+0000] {processor.py:743} INFO - Processing file /home/airflow/.local/lib/python3.7/site-packages/airflow/example_dags/example_kubernetes_executor.py for tasks to queue
[2024-06-12T19:51:19.717+0000] {logging_mixin.py:137} INFO - [2024-06-12T19:51:19.716+0000] {dagbag.py:538} INFO - Filling up the DagBag from /home/airflow/.local/lib/python3.7/site-packages/airflow/example_dags/example_kubernetes_executor.py
[2024-06-12T19:51:20.384+0000] {processor.py:753} INFO - DAG(s) dict_keys(['example_kubernetes_executor']) retrieved from /home/airflow/.local/lib/python3.7/site-packages/airflow/example_dags/example_kubernetes_executor.py
[2024-06-12T19:51:21.607+0000] {logging_mixin.py:137} INFO - [2024-06-12T19:51:21.607+0000] {dag.py:2690} INFO - Sync 1 DAGs
[2024-06-12T19:51:22.163+0000] {logging_mixin.py:137} INFO - [2024-06-12T19:51:22.156+0000] {dag.py:3441} INFO - Setting next_dagrun for example_kubernetes_executor to None, run_after=None
[2024-06-12T19:51:22.837+0000] {processor.py:175} INFO - Processing /home/airflow/.local/lib/python3.7/site-packages/airflow/example_dags/example_kubernetes_executor.py took 3.455 seconds
[2024-06-12T19:52:14.723+0000] {processor.py:153} INFO - Started process (PID=786) to work on /home/airflow/.local/lib/python3.7/site-packages/airflow/example_dags/example_kubernetes_executor.py
[2024-06-12T19:52:14.766+0000] {processor.py:743} INFO - Processing file /home/airflow/.local/lib/python3.7/site-packages/airflow/example_dags/example_kubernetes_executor.py for tasks to queue
[2024-06-12T19:52:14.817+0000] {logging_mixin.py:137} INFO - [2024-06-12T19:52:14.816+0000] {dagbag.py:538} INFO - Filling up the DagBag from /home/airflow/.local/lib/python3.7/site-packages/airflow/example_dags/example_kubernetes_executor.py
[2024-06-12T19:52:15.440+0000] {processor.py:753} INFO - DAG(s) dict_keys(['example_kubernetes_executor']) retrieved from /home/airflow/.local/lib/python3.7/site-packages/airflow/example_dags/example_kubernetes_executor.py
[2024-06-12T19:52:16.156+0000] {logging_mixin.py:137} INFO - [2024-06-12T19:52:16.156+0000] {dag.py:2690} INFO - Sync 1 DAGs
[2024-06-12T19:52:16.721+0000] {logging_mixin.py:137} INFO - [2024-06-12T19:52:16.720+0000] {dag.py:3441} INFO - Setting next_dagrun for example_kubernetes_executor to None, run_after=None
[2024-06-12T19:52:17.396+0000] {processor.py:175} INFO - Processing /home/airflow/.local/lib/python3.7/site-packages/airflow/example_dags/example_kubernetes_executor.py took 2.742 seconds
[2024-06-12T19:53:01.422+0000] {processor.py:153} INFO - Started process (PID=854) to work on /home/airflow/.local/lib/python3.7/site-packages/airflow/example_dags/example_kubernetes_executor.py
[2024-06-12T19:53:01.472+0000] {processor.py:743} INFO - Processing file /home/airflow/.local/lib/python3.7/site-packages/airflow/example_dags/example_kubernetes_executor.py for tasks to queue
[2024-06-12T19:53:01.477+0000] {logging_mixin.py:137} INFO - [2024-06-12T19:53:01.476+0000] {dagbag.py:538} INFO - Filling up the DagBag from /home/airflow/.local/lib/python3.7/site-packages/airflow/example_dags/example_kubernetes_executor.py
[2024-06-12T19:53:02.149+0000] {processor.py:753} INFO - DAG(s) dict_keys(['example_kubernetes_executor']) retrieved from /home/airflow/.local/lib/python3.7/site-packages/airflow/example_dags/example_kubernetes_executor.py
[2024-06-12T19:53:02.578+0000] {logging_mixin.py:137} INFO - [2024-06-12T19:53:02.578+0000] {dag.py:2690} INFO - Sync 1 DAGs
[2024-06-12T19:53:03.039+0000] {logging_mixin.py:137} INFO - [2024-06-12T19:53:03.037+0000] {dag.py:3441} INFO - Setting next_dagrun for example_kubernetes_executor to None, run_after=None
[2024-06-12T19:53:03.232+0000] {processor.py:175} INFO - Processing /home/airflow/.local/lib/python3.7/site-packages/airflow/example_dags/example_kubernetes_executor.py took 1.830 seconds
[2024-06-12T19:53:42.957+0000] {processor.py:153} INFO - Started process (PID=918) to work on /home/airflow/.local/lib/python3.7/site-packages/airflow/example_dags/example_kubernetes_executor.py
[2024-06-12T19:53:42.970+0000] {processor.py:743} INFO - Processing file /home/airflow/.local/lib/python3.7/site-packages/airflow/example_dags/example_kubernetes_executor.py for tasks to queue
[2024-06-12T19:53:42.973+0000] {logging_mixin.py:137} INFO - [2024-06-12T19:53:42.972+0000] {dagbag.py:538} INFO - Filling up the DagBag from /home/airflow/.local/lib/python3.7/site-packages/airflow/example_dags/example_kubernetes_executor.py
[2024-06-12T19:53:43.239+0000] {processor.py:753} INFO - DAG(s) dict_keys(['example_kubernetes_executor']) retrieved from /home/airflow/.local/lib/python3.7/site-packages/airflow/example_dags/example_kubernetes_executor.py
[2024-06-12T19:53:43.360+0000] {logging_mixin.py:137} INFO - [2024-06-12T19:53:43.359+0000] {dag.py:2690} INFO - Sync 1 DAGs
[2024-06-12T19:53:43.595+0000] {logging_mixin.py:137} INFO - [2024-06-12T19:53:43.594+0000] {dag.py:3441} INFO - Setting next_dagrun for example_kubernetes_executor to None, run_after=None
[2024-06-12T19:53:43.760+0000] {processor.py:175} INFO - Processing /home/airflow/.local/lib/python3.7/site-packages/airflow/example_dags/example_kubernetes_executor.py took 0.857 seconds
[2024-06-12T19:54:21.843+0000] {processor.py:153} INFO - Started process (PID=975) to work on /home/airflow/.local/lib/python3.7/site-packages/airflow/example_dags/example_kubernetes_executor.py
[2024-06-12T19:54:21.857+0000] {processor.py:743} INFO - Processing file /home/airflow/.local/lib/python3.7/site-packages/airflow/example_dags/example_kubernetes_executor.py for tasks to queue
[2024-06-12T19:54:21.872+0000] {logging_mixin.py:137} INFO - [2024-06-12T19:54:21.871+0000] {dagbag.py:538} INFO - Filling up the DagBag from /home/airflow/.local/lib/python3.7/site-packages/airflow/example_dags/example_kubernetes_executor.py
[2024-06-12T19:54:22.430+0000] {processor.py:753} INFO - DAG(s) dict_keys(['example_kubernetes_executor']) retrieved from /home/airflow/.local/lib/python3.7/site-packages/airflow/example_dags/example_kubernetes_executor.py
[2024-06-12T19:54:23.094+0000] {logging_mixin.py:137} INFO - [2024-06-12T19:54:23.094+0000] {dag.py:2690} INFO - Sync 1 DAGs
[2024-06-12T19:54:23.511+0000] {logging_mixin.py:137} INFO - [2024-06-12T19:54:23.511+0000] {dag.py:3441} INFO - Setting next_dagrun for example_kubernetes_executor to None, run_after=None
[2024-06-12T19:54:23.772+0000] {processor.py:175} INFO - Processing /home/airflow/.local/lib/python3.7/site-packages/airflow/example_dags/example_kubernetes_executor.py took 1.970 seconds
[2024-06-12T19:55:16.710+0000] {processor.py:153} INFO - Started process (PID=1042) to work on /home/airflow/.local/lib/python3.7/site-packages/airflow/example_dags/example_kubernetes_executor.py
[2024-06-12T19:55:16.758+0000] {processor.py:743} INFO - Processing file /home/airflow/.local/lib/python3.7/site-packages/airflow/example_dags/example_kubernetes_executor.py for tasks to queue
[2024-06-12T19:55:16.789+0000] {logging_mixin.py:137} INFO - [2024-06-12T19:55:16.788+0000] {dagbag.py:538} INFO - Filling up the DagBag from /home/airflow/.local/lib/python3.7/site-packages/airflow/example_dags/example_kubernetes_executor.py
[2024-06-12T19:55:17.313+0000] {processor.py:753} INFO - DAG(s) dict_keys(['example_kubernetes_executor']) retrieved from /home/airflow/.local/lib/python3.7/site-packages/airflow/example_dags/example_kubernetes_executor.py
[2024-06-12T19:55:17.941+0000] {logging_mixin.py:137} INFO - [2024-06-12T19:55:17.940+0000] {dag.py:2690} INFO - Sync 1 DAGs
[2024-06-12T19:55:18.305+0000] {logging_mixin.py:137} INFO - [2024-06-12T19:55:18.304+0000] {dag.py:3441} INFO - Setting next_dagrun for example_kubernetes_executor to None, run_after=None
[2024-06-12T19:55:18.592+0000] {processor.py:175} INFO - Processing /home/airflow/.local/lib/python3.7/site-packages/airflow/example_dags/example_kubernetes_executor.py took 1.891 seconds
[2024-06-12T19:56:05.488+0000] {processor.py:153} INFO - Started process (PID=1115) to work on /home/airflow/.local/lib/python3.7/site-packages/airflow/example_dags/example_kubernetes_executor.py
[2024-06-12T19:56:05.504+0000] {processor.py:743} INFO - Processing file /home/airflow/.local/lib/python3.7/site-packages/airflow/example_dags/example_kubernetes_executor.py for tasks to queue
[2024-06-12T19:56:05.513+0000] {logging_mixin.py:137} INFO - [2024-06-12T19:56:05.513+0000] {dagbag.py:538} INFO - Filling up the DagBag from /home/airflow/.local/lib/python3.7/site-packages/airflow/example_dags/example_kubernetes_executor.py
[2024-06-12T19:56:06.003+0000] {processor.py:753} INFO - DAG(s) dict_keys(['example_kubernetes_executor']) retrieved from /home/airflow/.local/lib/python3.7/site-packages/airflow/example_dags/example_kubernetes_executor.py
[2024-06-12T19:56:06.362+0000] {logging_mixin.py:137} INFO - [2024-06-12T19:56:06.361+0000] {dag.py:2690} INFO - Sync 1 DAGs
[2024-06-12T19:56:06.612+0000] {logging_mixin.py:137} INFO - [2024-06-12T19:56:06.611+0000] {dag.py:3441} INFO - Setting next_dagrun for example_kubernetes_executor to None, run_after=None
[2024-06-12T19:56:06.791+0000] {processor.py:175} INFO - Processing /home/airflow/.local/lib/python3.7/site-packages/airflow/example_dags/example_kubernetes_executor.py took 1.370 seconds
[2024-06-12T19:56:40.409+0000] {processor.py:153} INFO - Started process (PID=1173) to work on /home/airflow/.local/lib/python3.7/site-packages/airflow/example_dags/example_kubernetes_executor.py
[2024-06-12T19:56:40.527+0000] {processor.py:743} INFO - Processing file /home/airflow/.local/lib/python3.7/site-packages/airflow/example_dags/example_kubernetes_executor.py for tasks to queue
[2024-06-12T19:56:40.570+0000] {logging_mixin.py:137} INFO - [2024-06-12T19:56:40.570+0000] {dagbag.py:538} INFO - Filling up the DagBag from /home/airflow/.local/lib/python3.7/site-packages/airflow/example_dags/example_kubernetes_executor.py
[2024-06-12T19:56:40.989+0000] {processor.py:753} INFO - DAG(s) dict_keys(['example_kubernetes_executor']) retrieved from /home/airflow/.local/lib/python3.7/site-packages/airflow/example_dags/example_kubernetes_executor.py
[2024-06-12T19:56:41.269+0000] {logging_mixin.py:137} INFO - [2024-06-12T19:56:41.269+0000] {dag.py:2690} INFO - Sync 1 DAGs
[2024-06-12T19:56:41.586+0000] {logging_mixin.py:137} INFO - [2024-06-12T19:56:41.586+0000] {dag.py:3441} INFO - Setting next_dagrun for example_kubernetes_executor to None, run_after=None
[2024-06-12T19:56:41.822+0000] {processor.py:175} INFO - Processing /home/airflow/.local/lib/python3.7/site-packages/airflow/example_dags/example_kubernetes_executor.py took 1.431 seconds
[2024-06-12T19:58:10.039+0000] {processor.py:153} INFO - Started process (PID=1257) to work on /home/airflow/.local/lib/python3.7/site-packages/airflow/example_dags/example_kubernetes_executor.py
[2024-06-12T19:58:10.082+0000] {processor.py:743} INFO - Processing file /home/airflow/.local/lib/python3.7/site-packages/airflow/example_dags/example_kubernetes_executor.py for tasks to queue
[2024-06-12T19:58:10.180+0000] {logging_mixin.py:137} INFO - [2024-06-12T19:58:10.180+0000] {dagbag.py:538} INFO - Filling up the DagBag from /home/airflow/.local/lib/python3.7/site-packages/airflow/example_dags/example_kubernetes_executor.py
[2024-06-12T19:58:11.727+0000] {processor.py:753} INFO - DAG(s) dict_keys(['example_kubernetes_executor']) retrieved from /home/airflow/.local/lib/python3.7/site-packages/airflow/example_dags/example_kubernetes_executor.py
[2024-06-12T19:58:13.241+0000] {logging_mixin.py:137} INFO - [2024-06-12T19:58:13.240+0000] {dag.py:2690} INFO - Sync 1 DAGs
[2024-06-12T19:58:14.004+0000] {logging_mixin.py:137} INFO - [2024-06-12T19:58:14.003+0000] {dag.py:3441} INFO - Setting next_dagrun for example_kubernetes_executor to None, run_after=None
[2024-06-12T19:58:14.715+0000] {processor.py:175} INFO - Processing /home/airflow/.local/lib/python3.7/site-packages/airflow/example_dags/example_kubernetes_executor.py took 4.742 seconds
[2024-06-12T20:02:27.264+0000] {processor.py:153} INFO - Started process (PID=1462) to work on /home/airflow/.local/lib/python3.7/site-packages/airflow/example_dags/example_kubernetes_executor.py
[2024-06-12T20:02:27.382+0000] {processor.py:743} INFO - Processing file /home/airflow/.local/lib/python3.7/site-packages/airflow/example_dags/example_kubernetes_executor.py for tasks to queue
[2024-06-12T20:02:27.438+0000] {logging_mixin.py:137} INFO - [2024-06-12T20:02:27.437+0000] {dagbag.py:538} INFO - Filling up the DagBag from /home/airflow/.local/lib/python3.7/site-packages/airflow/example_dags/example_kubernetes_executor.py
[2024-06-12T20:02:29.575+0000] {processor.py:753} INFO - DAG(s) dict_keys(['example_kubernetes_executor']) retrieved from /home/airflow/.local/lib/python3.7/site-packages/airflow/example_dags/example_kubernetes_executor.py
[2024-06-12T20:02:31.745+0000] {logging_mixin.py:137} INFO - [2024-06-12T20:02:31.744+0000] {dag.py:2690} INFO - Sync 1 DAGs
[2024-06-12T20:02:34.758+0000] {logging_mixin.py:137} INFO - [2024-06-12T20:02:34.757+0000] {dag.py:3441} INFO - Setting next_dagrun for example_kubernetes_executor to None, run_after=None
[2024-06-12T20:02:35.368+0000] {processor.py:175} INFO - Processing /home/airflow/.local/lib/python3.7/site-packages/airflow/example_dags/example_kubernetes_executor.py took 8.155 seconds
[2024-06-12T20:08:10.391+0000] {processor.py:153} INFO - Started process (PID=1708) to work on /home/airflow/.local/lib/python3.7/site-packages/airflow/example_dags/example_kubernetes_executor.py
[2024-06-12T20:08:10.598+0000] {processor.py:743} INFO - Processing file /home/airflow/.local/lib/python3.7/site-packages/airflow/example_dags/example_kubernetes_executor.py for tasks to queue
[2024-06-12T20:08:10.681+0000] {logging_mixin.py:137} INFO - [2024-06-12T20:08:10.680+0000] {dagbag.py:538} INFO - Filling up the DagBag from /home/airflow/.local/lib/python3.7/site-packages/airflow/example_dags/example_kubernetes_executor.py
[2024-06-12T20:08:12.737+0000] {processor.py:753} INFO - DAG(s) dict_keys(['example_kubernetes_executor']) retrieved from /home/airflow/.local/lib/python3.7/site-packages/airflow/example_dags/example_kubernetes_executor.py
[2024-06-12T20:08:16.822+0000] {logging_mixin.py:137} INFO - [2024-06-12T20:08:16.822+0000] {dag.py:2690} INFO - Sync 1 DAGs
[2024-06-12T20:08:20.634+0000] {logging_mixin.py:137} INFO - [2024-06-12T20:08:20.634+0000] {dag.py:3441} INFO - Setting next_dagrun for example_kubernetes_executor to None, run_after=None
[2024-06-12T20:08:23.942+0000] {processor.py:175} INFO - Processing /home/airflow/.local/lib/python3.7/site-packages/airflow/example_dags/example_kubernetes_executor.py took 14.115 seconds
[2024-06-12T20:13:42.243+0000] {processor.py:153} INFO - Started process (PID=1967) to work on /home/airflow/.local/lib/python3.7/site-packages/airflow/example_dags/example_kubernetes_executor.py
[2024-06-12T20:13:42.266+0000] {processor.py:743} INFO - Processing file /home/airflow/.local/lib/python3.7/site-packages/airflow/example_dags/example_kubernetes_executor.py for tasks to queue
[2024-06-12T20:13:42.278+0000] {logging_mixin.py:137} INFO - [2024-06-12T20:13:42.278+0000] {dagbag.py:538} INFO - Filling up the DagBag from /home/airflow/.local/lib/python3.7/site-packages/airflow/example_dags/example_kubernetes_executor.py
[2024-06-12T20:13:43.641+0000] {processor.py:753} INFO - DAG(s) dict_keys(['example_kubernetes_executor']) retrieved from /home/airflow/.local/lib/python3.7/site-packages/airflow/example_dags/example_kubernetes_executor.py
[2024-06-12T20:13:44.592+0000] {logging_mixin.py:137} INFO - [2024-06-12T20:13:44.579+0000] {dag.py:2690} INFO - Sync 1 DAGs
[2024-06-12T20:13:45.302+0000] {logging_mixin.py:137} INFO - [2024-06-12T20:13:45.302+0000] {dag.py:3441} INFO - Setting next_dagrun for example_kubernetes_executor to None, run_after=None
[2024-06-12T20:13:45.824+0000] {processor.py:175} INFO - Processing /home/airflow/.local/lib/python3.7/site-packages/airflow/example_dags/example_kubernetes_executor.py took 3.646 seconds
[2024-06-12T20:15:14.804+0000] {processor.py:153} INFO - Started process (PID=2075) to work on /home/airflow/.local/lib/python3.7/site-packages/airflow/example_dags/example_kubernetes_executor.py
[2024-06-12T20:15:14.825+0000] {processor.py:743} INFO - Processing file /home/airflow/.local/lib/python3.7/site-packages/airflow/example_dags/example_kubernetes_executor.py for tasks to queue
[2024-06-12T20:15:14.843+0000] {logging_mixin.py:137} INFO - [2024-06-12T20:15:14.842+0000] {dagbag.py:538} INFO - Filling up the DagBag from /home/airflow/.local/lib/python3.7/site-packages/airflow/example_dags/example_kubernetes_executor.py
[2024-06-12T20:15:15.710+0000] {processor.py:753} INFO - DAG(s) dict_keys(['example_kubernetes_executor']) retrieved from /home/airflow/.local/lib/python3.7/site-packages/airflow/example_dags/example_kubernetes_executor.py
[2024-06-12T20:15:16.858+0000] {logging_mixin.py:137} INFO - [2024-06-12T20:15:16.857+0000] {dag.py:2690} INFO - Sync 1 DAGs
[2024-06-12T20:15:17.604+0000] {logging_mixin.py:137} INFO - [2024-06-12T20:15:17.604+0000] {dag.py:3441} INFO - Setting next_dagrun for example_kubernetes_executor to None, run_after=None
[2024-06-12T20:15:18.127+0000] {processor.py:175} INFO - Processing /home/airflow/.local/lib/python3.7/site-packages/airflow/example_dags/example_kubernetes_executor.py took 3.376 seconds
[2024-06-12T20:16:20.613+0000] {processor.py:153} INFO - Started process (PID=2156) to work on /home/airflow/.local/lib/python3.7/site-packages/airflow/example_dags/example_kubernetes_executor.py
[2024-06-12T20:16:20.629+0000] {processor.py:743} INFO - Processing file /home/airflow/.local/lib/python3.7/site-packages/airflow/example_dags/example_kubernetes_executor.py for tasks to queue
[2024-06-12T20:16:20.646+0000] {logging_mixin.py:137} INFO - [2024-06-12T20:16:20.646+0000] {dagbag.py:538} INFO - Filling up the DagBag from /home/airflow/.local/lib/python3.7/site-packages/airflow/example_dags/example_kubernetes_executor.py
[2024-06-12T20:16:21.153+0000] {processor.py:753} INFO - DAG(s) dict_keys(['example_kubernetes_executor']) retrieved from /home/airflow/.local/lib/python3.7/site-packages/airflow/example_dags/example_kubernetes_executor.py
[2024-06-12T20:16:21.901+0000] {logging_mixin.py:137} INFO - [2024-06-12T20:16:21.901+0000] {dag.py:2690} INFO - Sync 1 DAGs
[2024-06-12T20:16:22.519+0000] {logging_mixin.py:137} INFO - [2024-06-12T20:16:22.518+0000] {dag.py:3441} INFO - Setting next_dagrun for example_kubernetes_executor to None, run_after=None
[2024-06-12T20:16:22.698+0000] {processor.py:175} INFO - Processing /home/airflow/.local/lib/python3.7/site-packages/airflow/example_dags/example_kubernetes_executor.py took 2.124 seconds
[2024-06-12T20:17:51.239+0000] {processor.py:153} INFO - Started process (PID=2253) to work on /home/airflow/.local/lib/python3.7/site-packages/airflow/example_dags/example_kubernetes_executor.py
[2024-06-12T20:17:51.254+0000] {processor.py:743} INFO - Processing file /home/airflow/.local/lib/python3.7/site-packages/airflow/example_dags/example_kubernetes_executor.py for tasks to queue
[2024-06-12T20:17:51.275+0000] {logging_mixin.py:137} INFO - [2024-06-12T20:17:51.274+0000] {dagbag.py:538} INFO - Filling up the DagBag from /home/airflow/.local/lib/python3.7/site-packages/airflow/example_dags/example_kubernetes_executor.py
[2024-06-12T20:17:52.108+0000] {processor.py:753} INFO - DAG(s) dict_keys(['example_kubernetes_executor']) retrieved from /home/airflow/.local/lib/python3.7/site-packages/airflow/example_dags/example_kubernetes_executor.py
[2024-06-12T20:17:52.436+0000] {logging_mixin.py:137} INFO - [2024-06-12T20:17:52.435+0000] {dag.py:2690} INFO - Sync 1 DAGs
[2024-06-12T20:17:52.669+0000] {logging_mixin.py:137} INFO - [2024-06-12T20:17:52.669+0000] {dag.py:3441} INFO - Setting next_dagrun for example_kubernetes_executor to None, run_after=None
[2024-06-12T20:17:53.466+0000] {processor.py:175} INFO - Processing /home/airflow/.local/lib/python3.7/site-packages/airflow/example_dags/example_kubernetes_executor.py took 2.310 seconds
[2024-06-12T20:19:49.738+0000] {processor.py:153} INFO - Started process (PID=2369) to work on /home/airflow/.local/lib/python3.7/site-packages/airflow/example_dags/example_kubernetes_executor.py
[2024-06-12T20:19:49.753+0000] {processor.py:743} INFO - Processing file /home/airflow/.local/lib/python3.7/site-packages/airflow/example_dags/example_kubernetes_executor.py for tasks to queue
[2024-06-12T20:19:49.755+0000] {logging_mixin.py:137} INFO - [2024-06-12T20:19:49.755+0000] {dagbag.py:538} INFO - Filling up the DagBag from /home/airflow/.local/lib/python3.7/site-packages/airflow/example_dags/example_kubernetes_executor.py
[2024-06-12T20:19:51.049+0000] {processor.py:753} INFO - DAG(s) dict_keys(['example_kubernetes_executor']) retrieved from /home/airflow/.local/lib/python3.7/site-packages/airflow/example_dags/example_kubernetes_executor.py
[2024-06-12T20:19:51.867+0000] {logging_mixin.py:137} INFO - [2024-06-12T20:19:51.866+0000] {dag.py:2690} INFO - Sync 1 DAGs
[2024-06-12T20:19:52.279+0000] {logging_mixin.py:137} INFO - [2024-06-12T20:19:52.269+0000] {dag.py:3441} INFO - Setting next_dagrun for example_kubernetes_executor to None, run_after=None
[2024-06-12T20:19:53.092+0000] {processor.py:175} INFO - Processing /home/airflow/.local/lib/python3.7/site-packages/airflow/example_dags/example_kubernetes_executor.py took 3.418 seconds
[2024-06-12T20:21:55.991+0000] {processor.py:153} INFO - Started process (PID=2496) to work on /home/airflow/.local/lib/python3.7/site-packages/airflow/example_dags/example_kubernetes_executor.py
[2024-06-12T20:21:56.023+0000] {processor.py:743} INFO - Processing file /home/airflow/.local/lib/python3.7/site-packages/airflow/example_dags/example_kubernetes_executor.py for tasks to queue
[2024-06-12T20:21:56.056+0000] {logging_mixin.py:137} INFO - [2024-06-12T20:21:56.056+0000] {dagbag.py:538} INFO - Filling up the DagBag from /home/airflow/.local/lib/python3.7/site-packages/airflow/example_dags/example_kubernetes_executor.py
[2024-06-12T20:21:56.933+0000] {processor.py:753} INFO - DAG(s) dict_keys(['example_kubernetes_executor']) retrieved from /home/airflow/.local/lib/python3.7/site-packages/airflow/example_dags/example_kubernetes_executor.py
[2024-06-12T20:21:58.031+0000] {logging_mixin.py:137} INFO - [2024-06-12T20:21:58.031+0000] {dag.py:2690} INFO - Sync 1 DAGs
[2024-06-12T20:21:59.371+0000] {logging_mixin.py:137} INFO - [2024-06-12T20:21:59.370+0000] {dag.py:3441} INFO - Setting next_dagrun for example_kubernetes_executor to None, run_after=None
[2024-06-12T20:21:59.979+0000] {processor.py:175} INFO - Processing /home/airflow/.local/lib/python3.7/site-packages/airflow/example_dags/example_kubernetes_executor.py took 4.164 seconds
[2024-06-12T20:24:08.618+0000] {processor.py:153} INFO - Started process (PID=2620) to work on /home/airflow/.local/lib/python3.7/site-packages/airflow/example_dags/example_kubernetes_executor.py
[2024-06-12T20:24:08.630+0000] {processor.py:743} INFO - Processing file /home/airflow/.local/lib/python3.7/site-packages/airflow/example_dags/example_kubernetes_executor.py for tasks to queue
[2024-06-12T20:24:08.649+0000] {logging_mixin.py:137} INFO - [2024-06-12T20:24:08.648+0000] {dagbag.py:538} INFO - Filling up the DagBag from /home/airflow/.local/lib/python3.7/site-packages/airflow/example_dags/example_kubernetes_executor.py
[2024-06-12T20:24:09.557+0000] {processor.py:753} INFO - DAG(s) dict_keys(['example_kubernetes_executor']) retrieved from /home/airflow/.local/lib/python3.7/site-packages/airflow/example_dags/example_kubernetes_executor.py
[2024-06-12T20:24:11.097+0000] {logging_mixin.py:137} INFO - [2024-06-12T20:24:11.054+0000] {dag.py:2690} INFO - Sync 1 DAGs
[2024-06-12T20:24:11.864+0000] {logging_mixin.py:137} INFO - [2024-06-12T20:24:11.864+0000] {dag.py:3441} INFO - Setting next_dagrun for example_kubernetes_executor to None, run_after=None
[2024-06-12T20:24:12.810+0000] {processor.py:175} INFO - Processing /home/airflow/.local/lib/python3.7/site-packages/airflow/example_dags/example_kubernetes_executor.py took 4.302 seconds
[2024-06-12T20:25:55.168+0000] {processor.py:153} INFO - Started process (PID=2729) to work on /home/airflow/.local/lib/python3.7/site-packages/airflow/example_dags/example_kubernetes_executor.py
[2024-06-12T20:25:55.183+0000] {processor.py:743} INFO - Processing file /home/airflow/.local/lib/python3.7/site-packages/airflow/example_dags/example_kubernetes_executor.py for tasks to queue
[2024-06-12T20:25:55.279+0000] {logging_mixin.py:137} INFO - [2024-06-12T20:25:55.252+0000] {dagbag.py:538} INFO - Filling up the DagBag from /home/airflow/.local/lib/python3.7/site-packages/airflow/example_dags/example_kubernetes_executor.py
[2024-06-12T20:25:56.119+0000] {processor.py:753} INFO - DAG(s) dict_keys(['example_kubernetes_executor']) retrieved from /home/airflow/.local/lib/python3.7/site-packages/airflow/example_dags/example_kubernetes_executor.py
[2024-06-12T20:25:56.573+0000] {logging_mixin.py:137} INFO - [2024-06-12T20:25:56.573+0000] {dag.py:2690} INFO - Sync 1 DAGs
[2024-06-12T20:25:57.383+0000] {logging_mixin.py:137} INFO - [2024-06-12T20:25:57.383+0000] {dag.py:3441} INFO - Setting next_dagrun for example_kubernetes_executor to None, run_after=None
[2024-06-12T20:25:57.869+0000] {processor.py:175} INFO - Processing /home/airflow/.local/lib/python3.7/site-packages/airflow/example_dags/example_kubernetes_executor.py took 2.763 seconds
[2024-06-12T20:27:52.171+0000] {processor.py:153} INFO - Started process (PID=2848) to work on /home/airflow/.local/lib/python3.7/site-packages/airflow/example_dags/example_kubernetes_executor.py
[2024-06-12T20:27:52.347+0000] {processor.py:743} INFO - Processing file /home/airflow/.local/lib/python3.7/site-packages/airflow/example_dags/example_kubernetes_executor.py for tasks to queue
[2024-06-12T20:27:52.428+0000] {logging_mixin.py:137} INFO - [2024-06-12T20:27:52.427+0000] {dagbag.py:538} INFO - Filling up the DagBag from /home/airflow/.local/lib/python3.7/site-packages/airflow/example_dags/example_kubernetes_executor.py
[2024-06-12T20:27:53.149+0000] {processor.py:753} INFO - DAG(s) dict_keys(['example_kubernetes_executor']) retrieved from /home/airflow/.local/lib/python3.7/site-packages/airflow/example_dags/example_kubernetes_executor.py
[2024-06-12T20:27:53.982+0000] {logging_mixin.py:137} INFO - [2024-06-12T20:27:53.982+0000] {dag.py:2690} INFO - Sync 1 DAGs
[2024-06-12T20:27:55.033+0000] {logging_mixin.py:137} INFO - [2024-06-12T20:27:55.033+0000] {dag.py:3441} INFO - Setting next_dagrun for example_kubernetes_executor to None, run_after=None
[2024-06-12T20:27:55.705+0000] {processor.py:175} INFO - Processing /home/airflow/.local/lib/python3.7/site-packages/airflow/example_dags/example_kubernetes_executor.py took 3.613 seconds
[2024-06-12T20:29:17.990+0000] {processor.py:153} INFO - Started process (PID=2939) to work on /home/airflow/.local/lib/python3.7/site-packages/airflow/example_dags/example_kubernetes_executor.py
[2024-06-12T20:29:18.112+0000] {processor.py:743} INFO - Processing file /home/airflow/.local/lib/python3.7/site-packages/airflow/example_dags/example_kubernetes_executor.py for tasks to queue
[2024-06-12T20:29:18.224+0000] {logging_mixin.py:137} INFO - [2024-06-12T20:29:18.224+0000] {dagbag.py:538} INFO - Filling up the DagBag from /home/airflow/.local/lib/python3.7/site-packages/airflow/example_dags/example_kubernetes_executor.py
[2024-06-12T20:29:19.130+0000] {processor.py:753} INFO - DAG(s) dict_keys(['example_kubernetes_executor']) retrieved from /home/airflow/.local/lib/python3.7/site-packages/airflow/example_dags/example_kubernetes_executor.py
[2024-06-12T20:29:20.118+0000] {logging_mixin.py:137} INFO - [2024-06-12T20:29:20.118+0000] {dag.py:2690} INFO - Sync 1 DAGs
[2024-06-12T20:29:20.956+0000] {logging_mixin.py:137} INFO - [2024-06-12T20:29:20.955+0000] {dag.py:3441} INFO - Setting next_dagrun for example_kubernetes_executor to None, run_after=None
[2024-06-12T20:29:21.345+0000] {processor.py:175} INFO - Processing /home/airflow/.local/lib/python3.7/site-packages/airflow/example_dags/example_kubernetes_executor.py took 3.422 seconds
[2024-06-12T20:30:18.543+0000] {processor.py:153} INFO - Started process (PID=3013) to work on /home/airflow/.local/lib/python3.7/site-packages/airflow/example_dags/example_kubernetes_executor.py
[2024-06-12T20:30:18.608+0000] {processor.py:743} INFO - Processing file /home/airflow/.local/lib/python3.7/site-packages/airflow/example_dags/example_kubernetes_executor.py for tasks to queue
[2024-06-12T20:30:18.645+0000] {logging_mixin.py:137} INFO - [2024-06-12T20:30:18.645+0000] {dagbag.py:538} INFO - Filling up the DagBag from /home/airflow/.local/lib/python3.7/site-packages/airflow/example_dags/example_kubernetes_executor.py
[2024-06-12T20:30:19.503+0000] {processor.py:753} INFO - DAG(s) dict_keys(['example_kubernetes_executor']) retrieved from /home/airflow/.local/lib/python3.7/site-packages/airflow/example_dags/example_kubernetes_executor.py
[2024-06-12T20:30:20.141+0000] {logging_mixin.py:137} INFO - [2024-06-12T20:30:20.141+0000] {dag.py:2690} INFO - Sync 1 DAGs
[2024-06-12T20:30:20.672+0000] {logging_mixin.py:137} INFO - [2024-06-12T20:30:20.672+0000] {dag.py:3441} INFO - Setting next_dagrun for example_kubernetes_executor to None, run_after=None
[2024-06-12T20:30:21.229+0000] {processor.py:175} INFO - Processing /home/airflow/.local/lib/python3.7/site-packages/airflow/example_dags/example_kubernetes_executor.py took 2.795 seconds
[2024-06-12T20:31:20.894+0000] {processor.py:153} INFO - Started process (PID=3085) to work on /home/airflow/.local/lib/python3.7/site-packages/airflow/example_dags/example_kubernetes_executor.py
[2024-06-12T20:31:20.907+0000] {processor.py:743} INFO - Processing file /home/airflow/.local/lib/python3.7/site-packages/airflow/example_dags/example_kubernetes_executor.py for tasks to queue
[2024-06-12T20:31:20.924+0000] {logging_mixin.py:137} INFO - [2024-06-12T20:31:20.924+0000] {dagbag.py:538} INFO - Filling up the DagBag from /home/airflow/.local/lib/python3.7/site-packages/airflow/example_dags/example_kubernetes_executor.py
[2024-06-12T20:31:21.751+0000] {processor.py:753} INFO - DAG(s) dict_keys(['example_kubernetes_executor']) retrieved from /home/airflow/.local/lib/python3.7/site-packages/airflow/example_dags/example_kubernetes_executor.py
[2024-06-12T20:31:22.205+0000] {logging_mixin.py:137} INFO - [2024-06-12T20:31:22.204+0000] {dag.py:2690} INFO - Sync 1 DAGs
[2024-06-12T20:31:22.399+0000] {logging_mixin.py:137} INFO - [2024-06-12T20:31:22.398+0000] {dag.py:3441} INFO - Setting next_dagrun for example_kubernetes_executor to None, run_after=None
[2024-06-12T20:31:22.589+0000] {processor.py:175} INFO - Processing /home/airflow/.local/lib/python3.7/site-packages/airflow/example_dags/example_kubernetes_executor.py took 1.714 seconds
[2024-06-12T20:32:49.360+0000] {processor.py:153} INFO - Started process (PID=3177) to work on /home/airflow/.local/lib/python3.7/site-packages/airflow/example_dags/example_kubernetes_executor.py
[2024-06-12T20:32:49.376+0000] {processor.py:743} INFO - Processing file /home/airflow/.local/lib/python3.7/site-packages/airflow/example_dags/example_kubernetes_executor.py for tasks to queue
[2024-06-12T20:32:49.419+0000] {logging_mixin.py:137} INFO - [2024-06-12T20:32:49.395+0000] {dagbag.py:538} INFO - Filling up the DagBag from /home/airflow/.local/lib/python3.7/site-packages/airflow/example_dags/example_kubernetes_executor.py
[2024-06-12T20:32:50.078+0000] {processor.py:753} INFO - DAG(s) dict_keys(['example_kubernetes_executor']) retrieved from /home/airflow/.local/lib/python3.7/site-packages/airflow/example_dags/example_kubernetes_executor.py
[2024-06-12T20:32:50.686+0000] {logging_mixin.py:137} INFO - [2024-06-12T20:32:50.685+0000] {dag.py:2690} INFO - Sync 1 DAGs
[2024-06-12T20:32:51.299+0000] {logging_mixin.py:137} INFO - [2024-06-12T20:32:51.298+0000] {dag.py:3441} INFO - Setting next_dagrun for example_kubernetes_executor to None, run_after=None
[2024-06-12T20:32:51.816+0000] {processor.py:175} INFO - Processing /home/airflow/.local/lib/python3.7/site-packages/airflow/example_dags/example_kubernetes_executor.py took 2.498 seconds
[2024-06-12T20:34:46.611+0000] {processor.py:153} INFO - Started process (PID=3289) to work on /home/airflow/.local/lib/python3.7/site-packages/airflow/example_dags/example_kubernetes_executor.py
[2024-06-12T20:34:46.639+0000] {processor.py:743} INFO - Processing file /home/airflow/.local/lib/python3.7/site-packages/airflow/example_dags/example_kubernetes_executor.py for tasks to queue
[2024-06-12T20:34:46.672+0000] {logging_mixin.py:137} INFO - [2024-06-12T20:34:46.671+0000] {dagbag.py:538} INFO - Filling up the DagBag from /home/airflow/.local/lib/python3.7/site-packages/airflow/example_dags/example_kubernetes_executor.py
[2024-06-12T20:34:47.667+0000] {processor.py:753} INFO - DAG(s) dict_keys(['example_kubernetes_executor']) retrieved from /home/airflow/.local/lib/python3.7/site-packages/airflow/example_dags/example_kubernetes_executor.py
[2024-06-12T20:34:48.391+0000] {logging_mixin.py:137} INFO - [2024-06-12T20:34:48.391+0000] {dag.py:2690} INFO - Sync 1 DAGs
[2024-06-12T20:34:49.423+0000] {logging_mixin.py:137} INFO - [2024-06-12T20:34:49.422+0000] {dag.py:3441} INFO - Setting next_dagrun for example_kubernetes_executor to None, run_after=None
[2024-06-12T20:34:50.409+0000] {processor.py:175} INFO - Processing /home/airflow/.local/lib/python3.7/site-packages/airflow/example_dags/example_kubernetes_executor.py took 3.879 seconds
[2024-06-12T20:37:32.499+0000] {processor.py:153} INFO - Started process (PID=3439) to work on /home/airflow/.local/lib/python3.7/site-packages/airflow/example_dags/example_kubernetes_executor.py
[2024-06-12T20:37:32.599+0000] {processor.py:743} INFO - Processing file /home/airflow/.local/lib/python3.7/site-packages/airflow/example_dags/example_kubernetes_executor.py for tasks to queue
[2024-06-12T20:37:32.648+0000] {logging_mixin.py:137} INFO - [2024-06-12T20:37:32.647+0000] {dagbag.py:538} INFO - Filling up the DagBag from /home/airflow/.local/lib/python3.7/site-packages/airflow/example_dags/example_kubernetes_executor.py
[2024-06-12T20:37:34.673+0000] {processor.py:753} INFO - DAG(s) dict_keys(['example_kubernetes_executor']) retrieved from /home/airflow/.local/lib/python3.7/site-packages/airflow/example_dags/example_kubernetes_executor.py
[2024-06-12T20:37:35.878+0000] {logging_mixin.py:137} INFO - [2024-06-12T20:37:35.877+0000] {dag.py:2690} INFO - Sync 1 DAGs
[2024-06-12T20:37:37.400+0000] {logging_mixin.py:137} INFO - [2024-06-12T20:37:37.399+0000] {dag.py:3441} INFO - Setting next_dagrun for example_kubernetes_executor to None, run_after=None
[2024-06-12T20:37:38.218+0000] {processor.py:175} INFO - Processing /home/airflow/.local/lib/python3.7/site-packages/airflow/example_dags/example_kubernetes_executor.py took 5.832 seconds
[2024-06-12T20:39:02.899+0000] {processor.py:153} INFO - Started process (PID=3531) to work on /home/airflow/.local/lib/python3.7/site-packages/airflow/example_dags/example_kubernetes_executor.py
[2024-06-12T20:39:02.931+0000] {processor.py:743} INFO - Processing file /home/airflow/.local/lib/python3.7/site-packages/airflow/example_dags/example_kubernetes_executor.py for tasks to queue
[2024-06-12T20:39:02.933+0000] {logging_mixin.py:137} INFO - [2024-06-12T20:39:02.933+0000] {dagbag.py:538} INFO - Filling up the DagBag from /home/airflow/.local/lib/python3.7/site-packages/airflow/example_dags/example_kubernetes_executor.py
[2024-06-12T20:39:03.234+0000] {processor.py:753} INFO - DAG(s) dict_keys(['example_kubernetes_executor']) retrieved from /home/airflow/.local/lib/python3.7/site-packages/airflow/example_dags/example_kubernetes_executor.py
[2024-06-12T20:39:03.792+0000] {logging_mixin.py:137} INFO - [2024-06-12T20:39:03.792+0000] {dag.py:2690} INFO - Sync 1 DAGs
[2024-06-12T20:39:04.066+0000] {logging_mixin.py:137} INFO - [2024-06-12T20:39:04.066+0000] {dag.py:3441} INFO - Setting next_dagrun for example_kubernetes_executor to None, run_after=None
[2024-06-12T20:39:04.462+0000] {processor.py:175} INFO - Processing /home/airflow/.local/lib/python3.7/site-packages/airflow/example_dags/example_kubernetes_executor.py took 1.581 seconds
[2024-06-12T20:40:02.213+0000] {processor.py:153} INFO - Started process (PID=3604) to work on /home/airflow/.local/lib/python3.7/site-packages/airflow/example_dags/example_kubernetes_executor.py
[2024-06-12T20:40:02.220+0000] {processor.py:743} INFO - Processing file /home/airflow/.local/lib/python3.7/site-packages/airflow/example_dags/example_kubernetes_executor.py for tasks to queue
[2024-06-12T20:40:02.242+0000] {logging_mixin.py:137} INFO - [2024-06-12T20:40:02.241+0000] {dagbag.py:538} INFO - Filling up the DagBag from /home/airflow/.local/lib/python3.7/site-packages/airflow/example_dags/example_kubernetes_executor.py
[2024-06-12T20:40:02.978+0000] {processor.py:753} INFO - DAG(s) dict_keys(['example_kubernetes_executor']) retrieved from /home/airflow/.local/lib/python3.7/site-packages/airflow/example_dags/example_kubernetes_executor.py
[2024-06-12T20:40:03.481+0000] {logging_mixin.py:137} INFO - [2024-06-12T20:40:03.481+0000] {dag.py:2690} INFO - Sync 1 DAGs
[2024-06-12T20:40:04.276+0000] {logging_mixin.py:137} INFO - [2024-06-12T20:40:04.275+0000] {dag.py:3441} INFO - Setting next_dagrun for example_kubernetes_executor to None, run_after=None
[2024-06-12T20:40:04.504+0000] {processor.py:175} INFO - Processing /home/airflow/.local/lib/python3.7/site-packages/airflow/example_dags/example_kubernetes_executor.py took 2.312 seconds
[2024-06-12T20:41:07.667+0000] {processor.py:153} INFO - Started process (PID=3679) to work on /home/airflow/.local/lib/python3.7/site-packages/airflow/example_dags/example_kubernetes_executor.py
[2024-06-12T20:41:07.717+0000] {processor.py:743} INFO - Processing file /home/airflow/.local/lib/python3.7/site-packages/airflow/example_dags/example_kubernetes_executor.py for tasks to queue
[2024-06-12T20:41:07.813+0000] {logging_mixin.py:137} INFO - [2024-06-12T20:41:07.812+0000] {dagbag.py:538} INFO - Filling up the DagBag from /home/airflow/.local/lib/python3.7/site-packages/airflow/example_dags/example_kubernetes_executor.py
[2024-06-12T20:41:08.856+0000] {processor.py:753} INFO - DAG(s) dict_keys(['example_kubernetes_executor']) retrieved from /home/airflow/.local/lib/python3.7/site-packages/airflow/example_dags/example_kubernetes_executor.py
[2024-06-12T20:41:09.565+0000] {logging_mixin.py:137} INFO - [2024-06-12T20:41:09.565+0000] {dag.py:2690} INFO - Sync 1 DAGs
[2024-06-12T20:41:09.942+0000] {logging_mixin.py:137} INFO - [2024-06-12T20:41:09.942+0000] {dag.py:3441} INFO - Setting next_dagrun for example_kubernetes_executor to None, run_after=None
[2024-06-12T20:41:10.620+0000] {processor.py:175} INFO - Processing /home/airflow/.local/lib/python3.7/site-packages/airflow/example_dags/example_kubernetes_executor.py took 3.045 seconds
[2024-06-12T20:42:07.918+0000] {processor.py:153} INFO - Started process (PID=3751) to work on /home/airflow/.local/lib/python3.7/site-packages/airflow/example_dags/example_kubernetes_executor.py
[2024-06-12T20:42:07.953+0000] {processor.py:743} INFO - Processing file /home/airflow/.local/lib/python3.7/site-packages/airflow/example_dags/example_kubernetes_executor.py for tasks to queue
[2024-06-12T20:42:07.978+0000] {logging_mixin.py:137} INFO - [2024-06-12T20:42:07.977+0000] {dagbag.py:538} INFO - Filling up the DagBag from /home/airflow/.local/lib/python3.7/site-packages/airflow/example_dags/example_kubernetes_executor.py
[2024-06-12T20:42:08.232+0000] {processor.py:753} INFO - DAG(s) dict_keys(['example_kubernetes_executor']) retrieved from /home/airflow/.local/lib/python3.7/site-packages/airflow/example_dags/example_kubernetes_executor.py
[2024-06-12T20:42:08.795+0000] {logging_mixin.py:137} INFO - [2024-06-12T20:42:08.794+0000] {dag.py:2690} INFO - Sync 1 DAGs
[2024-06-12T20:42:09.546+0000] {logging_mixin.py:137} INFO - [2024-06-12T20:42:09.546+0000] {dag.py:3441} INFO - Setting next_dagrun for example_kubernetes_executor to None, run_after=None
[2024-06-12T20:42:10.223+0000] {processor.py:175} INFO - Processing /home/airflow/.local/lib/python3.7/site-packages/airflow/example_dags/example_kubernetes_executor.py took 2.327 seconds
[2024-06-12T20:43:11.500+0000] {processor.py:153} INFO - Started process (PID=3821) to work on /home/airflow/.local/lib/python3.7/site-packages/airflow/example_dags/example_kubernetes_executor.py
[2024-06-12T20:43:11.517+0000] {processor.py:743} INFO - Processing file /home/airflow/.local/lib/python3.7/site-packages/airflow/example_dags/example_kubernetes_executor.py for tasks to queue
[2024-06-12T20:43:11.530+0000] {logging_mixin.py:137} INFO - [2024-06-12T20:43:11.529+0000] {dagbag.py:538} INFO - Filling up the DagBag from /home/airflow/.local/lib/python3.7/site-packages/airflow/example_dags/example_kubernetes_executor.py
[2024-06-12T20:43:11.800+0000] {processor.py:753} INFO - DAG(s) dict_keys(['example_kubernetes_executor']) retrieved from /home/airflow/.local/lib/python3.7/site-packages/airflow/example_dags/example_kubernetes_executor.py
[2024-06-12T20:43:12.351+0000] {logging_mixin.py:137} INFO - [2024-06-12T20:43:12.314+0000] {dag.py:2690} INFO - Sync 1 DAGs
[2024-06-12T20:43:12.959+0000] {logging_mixin.py:137} INFO - [2024-06-12T20:43:12.959+0000] {dag.py:3441} INFO - Setting next_dagrun for example_kubernetes_executor to None, run_after=None
[2024-06-12T20:43:13.545+0000] {processor.py:175} INFO - Processing /home/airflow/.local/lib/python3.7/site-packages/airflow/example_dags/example_kubernetes_executor.py took 2.063 seconds
[2024-06-12T20:44:29.778+0000] {processor.py:153} INFO - Started process (PID=3909) to work on /home/airflow/.local/lib/python3.7/site-packages/airflow/example_dags/example_kubernetes_executor.py
[2024-06-12T20:44:29.802+0000] {processor.py:743} INFO - Processing file /home/airflow/.local/lib/python3.7/site-packages/airflow/example_dags/example_kubernetes_executor.py for tasks to queue
[2024-06-12T20:44:29.817+0000] {logging_mixin.py:137} INFO - [2024-06-12T20:44:29.817+0000] {dagbag.py:538} INFO - Filling up the DagBag from /home/airflow/.local/lib/python3.7/site-packages/airflow/example_dags/example_kubernetes_executor.py
[2024-06-12T20:44:30.847+0000] {processor.py:753} INFO - DAG(s) dict_keys(['example_kubernetes_executor']) retrieved from /home/airflow/.local/lib/python3.7/site-packages/airflow/example_dags/example_kubernetes_executor.py
[2024-06-12T20:44:31.468+0000] {logging_mixin.py:137} INFO - [2024-06-12T20:44:31.467+0000] {dag.py:2690} INFO - Sync 1 DAGs
[2024-06-12T20:44:32.178+0000] {logging_mixin.py:137} INFO - [2024-06-12T20:44:32.178+0000] {dag.py:3441} INFO - Setting next_dagrun for example_kubernetes_executor to None, run_after=None
[2024-06-12T20:44:32.573+0000] {processor.py:175} INFO - Processing /home/airflow/.local/lib/python3.7/site-packages/airflow/example_dags/example_kubernetes_executor.py took 2.816 seconds
[2024-06-12T20:45:27.544+0000] {processor.py:153} INFO - Started process (PID=3983) to work on /home/airflow/.local/lib/python3.7/site-packages/airflow/example_dags/example_kubernetes_executor.py
[2024-06-12T20:45:27.558+0000] {processor.py:743} INFO - Processing file /home/airflow/.local/lib/python3.7/site-packages/airflow/example_dags/example_kubernetes_executor.py for tasks to queue
[2024-06-12T20:45:27.575+0000] {logging_mixin.py:137} INFO - [2024-06-12T20:45:27.575+0000] {dagbag.py:538} INFO - Filling up the DagBag from /home/airflow/.local/lib/python3.7/site-packages/airflow/example_dags/example_kubernetes_executor.py
[2024-06-12T20:45:28.108+0000] {processor.py:753} INFO - DAG(s) dict_keys(['example_kubernetes_executor']) retrieved from /home/airflow/.local/lib/python3.7/site-packages/airflow/example_dags/example_kubernetes_executor.py
[2024-06-12T20:45:28.429+0000] {logging_mixin.py:137} INFO - [2024-06-12T20:45:28.428+0000] {dag.py:2690} INFO - Sync 1 DAGs
[2024-06-12T20:45:28.904+0000] {logging_mixin.py:137} INFO - [2024-06-12T20:45:28.860+0000] {dag.py:3441} INFO - Setting next_dagrun for example_kubernetes_executor to None, run_after=None
[2024-06-12T20:45:29.324+0000] {processor.py:175} INFO - Processing /home/airflow/.local/lib/python3.7/site-packages/airflow/example_dags/example_kubernetes_executor.py took 1.859 seconds
[2024-06-12T20:46:23.611+0000] {processor.py:153} INFO - Started process (PID=4048) to work on /home/airflow/.local/lib/python3.7/site-packages/airflow/example_dags/example_kubernetes_executor.py
[2024-06-12T20:46:23.625+0000] {processor.py:743} INFO - Processing file /home/airflow/.local/lib/python3.7/site-packages/airflow/example_dags/example_kubernetes_executor.py for tasks to queue
[2024-06-12T20:46:23.646+0000] {logging_mixin.py:137} INFO - [2024-06-12T20:46:23.645+0000] {dagbag.py:538} INFO - Filling up the DagBag from /home/airflow/.local/lib/python3.7/site-packages/airflow/example_dags/example_kubernetes_executor.py
[2024-06-12T20:46:24.607+0000] {processor.py:753} INFO - DAG(s) dict_keys(['example_kubernetes_executor']) retrieved from /home/airflow/.local/lib/python3.7/site-packages/airflow/example_dags/example_kubernetes_executor.py
[2024-06-12T20:46:25.277+0000] {logging_mixin.py:137} INFO - [2024-06-12T20:46:25.276+0000] {dag.py:2690} INFO - Sync 1 DAGs
[2024-06-12T20:46:26.227+0000] {logging_mixin.py:137} INFO - [2024-06-12T20:46:26.226+0000] {dag.py:3441} INFO - Setting next_dagrun for example_kubernetes_executor to None, run_after=None
[2024-06-12T20:46:27.283+0000] {processor.py:175} INFO - Processing /home/airflow/.local/lib/python3.7/site-packages/airflow/example_dags/example_kubernetes_executor.py took 3.754 seconds
[2024-06-12T20:47:33.226+0000] {processor.py:153} INFO - Started process (PID=4129) to work on /home/airflow/.local/lib/python3.7/site-packages/airflow/example_dags/example_kubernetes_executor.py
[2024-06-12T20:47:33.250+0000] {processor.py:743} INFO - Processing file /home/airflow/.local/lib/python3.7/site-packages/airflow/example_dags/example_kubernetes_executor.py for tasks to queue
[2024-06-12T20:47:33.270+0000] {logging_mixin.py:137} INFO - [2024-06-12T20:47:33.270+0000] {dagbag.py:538} INFO - Filling up the DagBag from /home/airflow/.local/lib/python3.7/site-packages/airflow/example_dags/example_kubernetes_executor.py
[2024-06-12T20:47:34.082+0000] {processor.py:753} INFO - DAG(s) dict_keys(['example_kubernetes_executor']) retrieved from /home/airflow/.local/lib/python3.7/site-packages/airflow/example_dags/example_kubernetes_executor.py
[2024-06-12T20:47:34.709+0000] {logging_mixin.py:137} INFO - [2024-06-12T20:47:34.709+0000] {dag.py:2690} INFO - Sync 1 DAGs
[2024-06-12T20:47:35.436+0000] {logging_mixin.py:137} INFO - [2024-06-12T20:47:35.435+0000] {dag.py:3441} INFO - Setting next_dagrun for example_kubernetes_executor to None, run_after=None
[2024-06-12T20:47:35.907+0000] {processor.py:175} INFO - Processing /home/airflow/.local/lib/python3.7/site-packages/airflow/example_dags/example_kubernetes_executor.py took 2.738 seconds
