[2024-06-12T19:42:44.338+0000] {processor.py:153} INFO - Started process (PID=135) to work on /home/airflow/.local/lib/python3.7/site-packages/airflow/example_dags/example_latest_only.py
[2024-06-12T19:42:44.344+0000] {processor.py:743} INFO - Processing file /home/airflow/.local/lib/python3.7/site-packages/airflow/example_dags/example_latest_only.py for tasks to queue
[2024-06-12T19:42:44.359+0000] {logging_mixin.py:137} INFO - [2024-06-12T19:42:44.359+0000] {dagbag.py:538} INFO - Filling up the DagBag from /home/airflow/.local/lib/python3.7/site-packages/airflow/example_dags/example_latest_only.py
[2024-06-12T19:42:44.647+0000] {processor.py:753} INFO - DAG(s) dict_keys(['latest_only']) retrieved from /home/airflow/.local/lib/python3.7/site-packages/airflow/example_dags/example_latest_only.py
[2024-06-12T19:42:45.324+0000] {logging_mixin.py:137} INFO - [2024-06-12T19:42:45.324+0000] {dag.py:2690} INFO - Sync 1 DAGs
[2024-06-12T19:42:46.441+0000] {logging_mixin.py:137} INFO - [2024-06-12T19:42:46.440+0000] {dag.py:3441} INFO - Setting next_dagrun for latest_only to 2024-06-12T15:42:46.440387+00:00, run_after=2024-06-12T19:42:46.440387+00:00
[2024-06-12T19:42:47.607+0000] {processor.py:175} INFO - Processing /home/airflow/.local/lib/python3.7/site-packages/airflow/example_dags/example_latest_only.py took 3.327 seconds
[2024-06-12T19:44:44.821+0000] {processor.py:153} INFO - Started process (PID=243) to work on /home/airflow/.local/lib/python3.7/site-packages/airflow/example_dags/example_latest_only.py
[2024-06-12T19:44:44.856+0000] {processor.py:743} INFO - Processing file /home/airflow/.local/lib/python3.7/site-packages/airflow/example_dags/example_latest_only.py for tasks to queue
[2024-06-12T19:44:44.889+0000] {logging_mixin.py:137} INFO - [2024-06-12T19:44:44.888+0000] {dagbag.py:538} INFO - Filling up the DagBag from /home/airflow/.local/lib/python3.7/site-packages/airflow/example_dags/example_latest_only.py
[2024-06-12T19:44:45.536+0000] {processor.py:753} INFO - DAG(s) dict_keys(['latest_only']) retrieved from /home/airflow/.local/lib/python3.7/site-packages/airflow/example_dags/example_latest_only.py
[2024-06-12T19:44:46.305+0000] {logging_mixin.py:137} INFO - [2024-06-12T19:44:46.305+0000] {dag.py:2690} INFO - Sync 1 DAGs
[2024-06-12T19:44:47.780+0000] {logging_mixin.py:137} INFO - [2024-06-12T19:44:47.770+0000] {dag.py:3441} INFO - Setting next_dagrun for latest_only to 2024-06-12T15:44:47.770165+00:00, run_after=2024-06-12T19:44:47.770165+00:00
[2024-06-12T19:44:49.380+0000] {processor.py:175} INFO - Processing /home/airflow/.local/lib/python3.7/site-packages/airflow/example_dags/example_latest_only.py took 4.579 seconds
[2024-06-12T19:46:50.712+0000] {processor.py:153} INFO - Started process (PID=336) to work on /home/airflow/.local/lib/python3.7/site-packages/airflow/example_dags/example_latest_only.py
[2024-06-12T19:46:50.747+0000] {processor.py:743} INFO - Processing file /home/airflow/.local/lib/python3.7/site-packages/airflow/example_dags/example_latest_only.py for tasks to queue
[2024-06-12T19:46:50.749+0000] {logging_mixin.py:137} INFO - [2024-06-12T19:46:50.749+0000] {dagbag.py:538} INFO - Filling up the DagBag from /home/airflow/.local/lib/python3.7/site-packages/airflow/example_dags/example_latest_only.py
[2024-06-12T19:46:51.010+0000] {processor.py:753} INFO - DAG(s) dict_keys(['latest_only']) retrieved from /home/airflow/.local/lib/python3.7/site-packages/airflow/example_dags/example_latest_only.py
[2024-06-12T19:46:51.528+0000] {logging_mixin.py:137} INFO - [2024-06-12T19:46:51.528+0000] {dag.py:2690} INFO - Sync 1 DAGs
[2024-06-12T19:46:52.510+0000] {logging_mixin.py:137} INFO - [2024-06-12T19:46:52.509+0000] {dag.py:3441} INFO - Setting next_dagrun for latest_only to 2024-06-12T15:46:52.508405+00:00, run_after=2024-06-12T19:46:52.508405+00:00
[2024-06-12T19:46:53.745+0000] {processor.py:175} INFO - Processing /home/airflow/.local/lib/python3.7/site-packages/airflow/example_dags/example_latest_only.py took 3.145 seconds
[2024-06-12T19:48:05.698+0000] {processor.py:153} INFO - Started process (PID=414) to work on /home/airflow/.local/lib/python3.7/site-packages/airflow/example_dags/example_latest_only.py
[2024-06-12T19:48:05.706+0000] {processor.py:743} INFO - Processing file /home/airflow/.local/lib/python3.7/site-packages/airflow/example_dags/example_latest_only.py for tasks to queue
[2024-06-12T19:48:05.708+0000] {logging_mixin.py:137} INFO - [2024-06-12T19:48:05.708+0000] {dagbag.py:538} INFO - Filling up the DagBag from /home/airflow/.local/lib/python3.7/site-packages/airflow/example_dags/example_latest_only.py
[2024-06-12T19:48:06.157+0000] {processor.py:753} INFO - DAG(s) dict_keys(['latest_only']) retrieved from /home/airflow/.local/lib/python3.7/site-packages/airflow/example_dags/example_latest_only.py
[2024-06-12T19:48:06.693+0000] {logging_mixin.py:137} INFO - [2024-06-12T19:48:06.692+0000] {dag.py:2690} INFO - Sync 1 DAGs
[2024-06-12T19:48:07.430+0000] {logging_mixin.py:137} INFO - [2024-06-12T19:48:07.430+0000] {dag.py:3441} INFO - Setting next_dagrun for latest_only to 2024-06-12T15:48:07.429509+00:00, run_after=2024-06-12T19:48:07.429509+00:00
[2024-06-12T19:48:07.845+0000] {processor.py:175} INFO - Processing /home/airflow/.local/lib/python3.7/site-packages/airflow/example_dags/example_latest_only.py took 2.236 seconds
[2024-06-12T19:48:38.208+0000] {processor.py:153} INFO - Started process (PID=482) to work on /home/airflow/.local/lib/python3.7/site-packages/airflow/example_dags/example_latest_only.py
[2024-06-12T19:48:38.211+0000] {processor.py:743} INFO - Processing file /home/airflow/.local/lib/python3.7/site-packages/airflow/example_dags/example_latest_only.py for tasks to queue
[2024-06-12T19:48:38.217+0000] {logging_mixin.py:137} INFO - [2024-06-12T19:48:38.216+0000] {dagbag.py:538} INFO - Filling up the DagBag from /home/airflow/.local/lib/python3.7/site-packages/airflow/example_dags/example_latest_only.py
[2024-06-12T19:48:38.315+0000] {processor.py:753} INFO - DAG(s) dict_keys(['latest_only']) retrieved from /home/airflow/.local/lib/python3.7/site-packages/airflow/example_dags/example_latest_only.py
[2024-06-12T19:48:38.543+0000] {logging_mixin.py:137} INFO - [2024-06-12T19:48:38.542+0000] {dag.py:2690} INFO - Sync 1 DAGs
[2024-06-12T19:48:38.691+0000] {logging_mixin.py:137} INFO - [2024-06-12T19:48:38.690+0000] {dag.py:3441} INFO - Setting next_dagrun for latest_only to 2024-06-12T15:48:38.688656+00:00, run_after=2024-06-12T19:48:38.688656+00:00
[2024-06-12T19:48:38.919+0000] {processor.py:175} INFO - Processing /home/airflow/.local/lib/python3.7/site-packages/airflow/example_dags/example_latest_only.py took 0.733 seconds
[2024-06-12T19:49:15.163+0000] {processor.py:153} INFO - Started process (PID=543) to work on /home/airflow/.local/lib/python3.7/site-packages/airflow/example_dags/example_latest_only.py
[2024-06-12T19:49:15.165+0000] {processor.py:743} INFO - Processing file /home/airflow/.local/lib/python3.7/site-packages/airflow/example_dags/example_latest_only.py for tasks to queue
[2024-06-12T19:49:15.180+0000] {logging_mixin.py:137} INFO - [2024-06-12T19:49:15.180+0000] {dagbag.py:538} INFO - Filling up the DagBag from /home/airflow/.local/lib/python3.7/site-packages/airflow/example_dags/example_latest_only.py
[2024-06-12T19:49:15.473+0000] {processor.py:753} INFO - DAG(s) dict_keys(['latest_only']) retrieved from /home/airflow/.local/lib/python3.7/site-packages/airflow/example_dags/example_latest_only.py
[2024-06-12T19:49:15.773+0000] {logging_mixin.py:137} INFO - [2024-06-12T19:49:15.773+0000] {dag.py:2690} INFO - Sync 1 DAGs
[2024-06-12T19:49:16.248+0000] {logging_mixin.py:137} INFO - [2024-06-12T19:49:16.248+0000] {dag.py:3441} INFO - Setting next_dagrun for latest_only to 2024-06-12T15:49:16.247895+00:00, run_after=2024-06-12T19:49:16.247895+00:00
[2024-06-12T19:49:16.621+0000] {processor.py:175} INFO - Processing /home/airflow/.local/lib/python3.7/site-packages/airflow/example_dags/example_latest_only.py took 1.564 seconds
[2024-06-12T19:49:47.216+0000] {processor.py:153} INFO - Started process (PID=597) to work on /home/airflow/.local/lib/python3.7/site-packages/airflow/example_dags/example_latest_only.py
[2024-06-12T19:49:47.235+0000] {processor.py:743} INFO - Processing file /home/airflow/.local/lib/python3.7/site-packages/airflow/example_dags/example_latest_only.py for tasks to queue
[2024-06-12T19:49:47.246+0000] {logging_mixin.py:137} INFO - [2024-06-12T19:49:47.245+0000] {dagbag.py:538} INFO - Filling up the DagBag from /home/airflow/.local/lib/python3.7/site-packages/airflow/example_dags/example_latest_only.py
[2024-06-12T19:49:47.372+0000] {processor.py:753} INFO - DAG(s) dict_keys(['latest_only']) retrieved from /home/airflow/.local/lib/python3.7/site-packages/airflow/example_dags/example_latest_only.py
[2024-06-12T19:49:47.473+0000] {logging_mixin.py:137} INFO - [2024-06-12T19:49:47.472+0000] {dag.py:2690} INFO - Sync 1 DAGs
[2024-06-12T19:49:47.596+0000] {logging_mixin.py:137} INFO - [2024-06-12T19:49:47.596+0000] {dag.py:3441} INFO - Setting next_dagrun for latest_only to 2024-06-12T15:49:47.595448+00:00, run_after=2024-06-12T19:49:47.595448+00:00
[2024-06-12T19:49:47.695+0000] {processor.py:175} INFO - Processing /home/airflow/.local/lib/python3.7/site-packages/airflow/example_dags/example_latest_only.py took 0.490 seconds
[2024-06-12T19:50:35.261+0000] {processor.py:153} INFO - Started process (PID=660) to work on /home/airflow/.local/lib/python3.7/site-packages/airflow/example_dags/example_latest_only.py
[2024-06-12T19:50:35.394+0000] {processor.py:743} INFO - Processing file /home/airflow/.local/lib/python3.7/site-packages/airflow/example_dags/example_latest_only.py for tasks to queue
[2024-06-12T19:50:35.427+0000] {logging_mixin.py:137} INFO - [2024-06-12T19:50:35.427+0000] {dagbag.py:538} INFO - Filling up the DagBag from /home/airflow/.local/lib/python3.7/site-packages/airflow/example_dags/example_latest_only.py
[2024-06-12T19:50:35.903+0000] {processor.py:753} INFO - DAG(s) dict_keys(['latest_only']) retrieved from /home/airflow/.local/lib/python3.7/site-packages/airflow/example_dags/example_latest_only.py
[2024-06-12T19:50:36.481+0000] {logging_mixin.py:137} INFO - [2024-06-12T19:50:36.481+0000] {dag.py:2690} INFO - Sync 1 DAGs
[2024-06-12T19:50:37.949+0000] {logging_mixin.py:137} INFO - [2024-06-12T19:50:37.918+0000] {dag.py:3441} INFO - Setting next_dagrun for latest_only to 2024-06-12T15:50:37.918002+00:00, run_after=2024-06-12T19:50:37.918002+00:00
[2024-06-12T19:50:38.331+0000] {processor.py:175} INFO - Processing /home/airflow/.local/lib/python3.7/site-packages/airflow/example_dags/example_latest_only.py took 3.291 seconds
[2024-06-12T19:51:52.133+0000] {processor.py:153} INFO - Started process (PID=749) to work on /home/airflow/.local/lib/python3.7/site-packages/airflow/example_dags/example_latest_only.py
[2024-06-12T19:51:52.191+0000] {processor.py:743} INFO - Processing file /home/airflow/.local/lib/python3.7/site-packages/airflow/example_dags/example_latest_only.py for tasks to queue
[2024-06-12T19:51:52.274+0000] {logging_mixin.py:137} INFO - [2024-06-12T19:51:52.273+0000] {dagbag.py:538} INFO - Filling up the DagBag from /home/airflow/.local/lib/python3.7/site-packages/airflow/example_dags/example_latest_only.py
[2024-06-12T19:51:52.668+0000] {processor.py:753} INFO - DAG(s) dict_keys(['latest_only']) retrieved from /home/airflow/.local/lib/python3.7/site-packages/airflow/example_dags/example_latest_only.py
[2024-06-12T19:51:52.933+0000] {logging_mixin.py:137} INFO - [2024-06-12T19:51:52.933+0000] {dag.py:2690} INFO - Sync 1 DAGs
[2024-06-12T19:51:53.195+0000] {logging_mixin.py:137} INFO - [2024-06-12T19:51:53.195+0000] {dag.py:3441} INFO - Setting next_dagrun for latest_only to 2024-06-12T15:51:53.194563+00:00, run_after=2024-06-12T19:51:53.194563+00:00
[2024-06-12T19:51:53.415+0000] {processor.py:175} INFO - Processing /home/airflow/.local/lib/python3.7/site-packages/airflow/example_dags/example_latest_only.py took 1.310 seconds
[2024-06-12T19:52:36.547+0000] {processor.py:153} INFO - Started process (PID=809) to work on /home/airflow/.local/lib/python3.7/site-packages/airflow/example_dags/example_latest_only.py
[2024-06-12T19:52:36.563+0000] {processor.py:743} INFO - Processing file /home/airflow/.local/lib/python3.7/site-packages/airflow/example_dags/example_latest_only.py for tasks to queue
[2024-06-12T19:52:36.580+0000] {logging_mixin.py:137} INFO - [2024-06-12T19:52:36.579+0000] {dagbag.py:538} INFO - Filling up the DagBag from /home/airflow/.local/lib/python3.7/site-packages/airflow/example_dags/example_latest_only.py
[2024-06-12T19:52:36.848+0000] {processor.py:753} INFO - DAG(s) dict_keys(['latest_only']) retrieved from /home/airflow/.local/lib/python3.7/site-packages/airflow/example_dags/example_latest_only.py
[2024-06-12T19:52:37.211+0000] {logging_mixin.py:137} INFO - [2024-06-12T19:52:37.198+0000] {dag.py:2690} INFO - Sync 1 DAGs
[2024-06-12T19:52:37.953+0000] {logging_mixin.py:137} INFO - [2024-06-12T19:52:37.952+0000] {dag.py:3441} INFO - Setting next_dagrun for latest_only to 2024-06-12T15:52:37.952123+00:00, run_after=2024-06-12T19:52:37.952123+00:00
[2024-06-12T19:52:38.406+0000] {processor.py:175} INFO - Processing /home/airflow/.local/lib/python3.7/site-packages/airflow/example_dags/example_latest_only.py took 1.879 seconds
[2024-06-12T19:53:16.027+0000] {processor.py:153} INFO - Started process (PID=872) to work on /home/airflow/.local/lib/python3.7/site-packages/airflow/example_dags/example_latest_only.py
[2024-06-12T19:53:16.137+0000] {processor.py:743} INFO - Processing file /home/airflow/.local/lib/python3.7/site-packages/airflow/example_dags/example_latest_only.py for tasks to queue
[2024-06-12T19:53:16.203+0000] {logging_mixin.py:137} INFO - [2024-06-12T19:53:16.202+0000] {dagbag.py:538} INFO - Filling up the DagBag from /home/airflow/.local/lib/python3.7/site-packages/airflow/example_dags/example_latest_only.py
[2024-06-12T19:53:16.409+0000] {processor.py:753} INFO - DAG(s) dict_keys(['latest_only']) retrieved from /home/airflow/.local/lib/python3.7/site-packages/airflow/example_dags/example_latest_only.py
[2024-06-12T19:53:16.668+0000] {logging_mixin.py:137} INFO - [2024-06-12T19:53:16.667+0000] {dag.py:2690} INFO - Sync 1 DAGs
[2024-06-12T19:53:17.151+0000] {logging_mixin.py:137} INFO - [2024-06-12T19:53:17.150+0000] {dag.py:3441} INFO - Setting next_dagrun for latest_only to 2024-06-12T15:53:17.150243+00:00, run_after=2024-06-12T19:53:17.150243+00:00
[2024-06-12T19:53:21.225+0000] {processor.py:175} INFO - Processing /home/airflow/.local/lib/python3.7/site-packages/airflow/example_dags/example_latest_only.py took 5.295 seconds
[2024-06-12T19:53:53.471+0000] {processor.py:153} INFO - Started process (PID=933) to work on /home/airflow/.local/lib/python3.7/site-packages/airflow/example_dags/example_latest_only.py
[2024-06-12T19:53:53.488+0000] {processor.py:743} INFO - Processing file /home/airflow/.local/lib/python3.7/site-packages/airflow/example_dags/example_latest_only.py for tasks to queue
[2024-06-12T19:53:53.497+0000] {logging_mixin.py:137} INFO - [2024-06-12T19:53:53.497+0000] {dagbag.py:538} INFO - Filling up the DagBag from /home/airflow/.local/lib/python3.7/site-packages/airflow/example_dags/example_latest_only.py
[2024-06-12T19:53:53.725+0000] {processor.py:753} INFO - DAG(s) dict_keys(['latest_only']) retrieved from /home/airflow/.local/lib/python3.7/site-packages/airflow/example_dags/example_latest_only.py
[2024-06-12T19:53:54.063+0000] {logging_mixin.py:137} INFO - [2024-06-12T19:53:54.062+0000] {dag.py:2690} INFO - Sync 1 DAGs
[2024-06-12T19:53:54.296+0000] {logging_mixin.py:137} INFO - [2024-06-12T19:53:54.296+0000] {dag.py:3441} INFO - Setting next_dagrun for latest_only to 2024-06-12T15:53:54.295174+00:00, run_after=2024-06-12T19:53:54.295174+00:00
[2024-06-12T19:53:54.424+0000] {processor.py:175} INFO - Processing /home/airflow/.local/lib/python3.7/site-packages/airflow/example_dags/example_latest_only.py took 1.047 seconds
[2024-06-12T19:54:44.590+0000] {processor.py:153} INFO - Started process (PID=1007) to work on /home/airflow/.local/lib/python3.7/site-packages/airflow/example_dags/example_latest_only.py
[2024-06-12T19:54:44.608+0000] {processor.py:743} INFO - Processing file /home/airflow/.local/lib/python3.7/site-packages/airflow/example_dags/example_latest_only.py for tasks to queue
[2024-06-12T19:54:44.747+0000] {logging_mixin.py:137} INFO - [2024-06-12T19:54:44.704+0000] {dagbag.py:538} INFO - Filling up the DagBag from /home/airflow/.local/lib/python3.7/site-packages/airflow/example_dags/example_latest_only.py
[2024-06-12T19:54:45.258+0000] {processor.py:753} INFO - DAG(s) dict_keys(['latest_only']) retrieved from /home/airflow/.local/lib/python3.7/site-packages/airflow/example_dags/example_latest_only.py
[2024-06-12T19:54:46.062+0000] {logging_mixin.py:137} INFO - [2024-06-12T19:54:46.062+0000] {dag.py:2690} INFO - Sync 1 DAGs
[2024-06-12T19:54:46.592+0000] {logging_mixin.py:137} INFO - [2024-06-12T19:54:46.592+0000] {dag.py:3441} INFO - Setting next_dagrun for latest_only to 2024-06-12T15:54:46.591784+00:00, run_after=2024-06-12T19:54:46.591784+00:00
[2024-06-12T19:54:47.606+0000] {processor.py:175} INFO - Processing /home/airflow/.local/lib/python3.7/site-packages/airflow/example_dags/example_latest_only.py took 3.160 seconds
[2024-06-12T19:55:35.031+0000] {processor.py:153} INFO - Started process (PID=1066) to work on /home/airflow/.local/lib/python3.7/site-packages/airflow/example_dags/example_latest_only.py
[2024-06-12T19:55:35.039+0000] {processor.py:743} INFO - Processing file /home/airflow/.local/lib/python3.7/site-packages/airflow/example_dags/example_latest_only.py for tasks to queue
[2024-06-12T19:55:35.055+0000] {logging_mixin.py:137} INFO - [2024-06-12T19:55:35.055+0000] {dagbag.py:538} INFO - Filling up the DagBag from /home/airflow/.local/lib/python3.7/site-packages/airflow/example_dags/example_latest_only.py
[2024-06-12T19:55:35.423+0000] {processor.py:753} INFO - DAG(s) dict_keys(['latest_only']) retrieved from /home/airflow/.local/lib/python3.7/site-packages/airflow/example_dags/example_latest_only.py
[2024-06-12T19:55:35.951+0000] {logging_mixin.py:137} INFO - [2024-06-12T19:55:35.951+0000] {dag.py:2690} INFO - Sync 1 DAGs
[2024-06-12T19:55:36.351+0000] {logging_mixin.py:137} INFO - [2024-06-12T19:55:36.350+0000] {dag.py:3441} INFO - Setting next_dagrun for latest_only to 2024-06-12T15:55:36.345551+00:00, run_after=2024-06-12T19:55:36.345551+00:00
[2024-06-12T19:55:36.586+0000] {processor.py:175} INFO - Processing /home/airflow/.local/lib/python3.7/site-packages/airflow/example_dags/example_latest_only.py took 1.607 seconds
[2024-06-12T19:56:10.800+0000] {processor.py:153} INFO - Started process (PID=1122) to work on /home/airflow/.local/lib/python3.7/site-packages/airflow/example_dags/example_latest_only.py
[2024-06-12T19:56:10.820+0000] {processor.py:743} INFO - Processing file /home/airflow/.local/lib/python3.7/site-packages/airflow/example_dags/example_latest_only.py for tasks to queue
[2024-06-12T19:56:10.834+0000] {logging_mixin.py:137} INFO - [2024-06-12T19:56:10.834+0000] {dagbag.py:538} INFO - Filling up the DagBag from /home/airflow/.local/lib/python3.7/site-packages/airflow/example_dags/example_latest_only.py
[2024-06-12T19:56:11.037+0000] {processor.py:753} INFO - DAG(s) dict_keys(['latest_only']) retrieved from /home/airflow/.local/lib/python3.7/site-packages/airflow/example_dags/example_latest_only.py
[2024-06-12T19:56:11.224+0000] {logging_mixin.py:137} INFO - [2024-06-12T19:56:11.224+0000] {dag.py:2690} INFO - Sync 1 DAGs
[2024-06-12T19:56:11.578+0000] {logging_mixin.py:137} INFO - [2024-06-12T19:56:11.578+0000] {dag.py:3441} INFO - Setting next_dagrun for latest_only to 2024-06-12T15:56:11.577740+00:00, run_after=2024-06-12T19:56:11.577740+00:00
[2024-06-12T19:56:11.752+0000] {processor.py:175} INFO - Processing /home/airflow/.local/lib/python3.7/site-packages/airflow/example_dags/example_latest_only.py took 1.090 seconds
[2024-06-12T19:56:50.596+0000] {processor.py:153} INFO - Started process (PID=1184) to work on /home/airflow/.local/lib/python3.7/site-packages/airflow/example_dags/example_latest_only.py
[2024-06-12T19:56:50.627+0000] {processor.py:743} INFO - Processing file /home/airflow/.local/lib/python3.7/site-packages/airflow/example_dags/example_latest_only.py for tasks to queue
[2024-06-12T19:56:50.691+0000] {logging_mixin.py:137} INFO - [2024-06-12T19:56:50.690+0000] {dagbag.py:538} INFO - Filling up the DagBag from /home/airflow/.local/lib/python3.7/site-packages/airflow/example_dags/example_latest_only.py
[2024-06-12T19:56:51.246+0000] {processor.py:753} INFO - DAG(s) dict_keys(['latest_only']) retrieved from /home/airflow/.local/lib/python3.7/site-packages/airflow/example_dags/example_latest_only.py
[2024-06-12T19:56:51.887+0000] {logging_mixin.py:137} INFO - [2024-06-12T19:56:51.887+0000] {dag.py:2690} INFO - Sync 1 DAGs
[2024-06-12T19:56:52.607+0000] {logging_mixin.py:137} INFO - [2024-06-12T19:56:52.607+0000] {dag.py:3441} INFO - Setting next_dagrun for latest_only to 2024-06-12T15:56:52.606629+00:00, run_after=2024-06-12T19:56:52.606629+00:00
[2024-06-12T19:56:53.040+0000] {processor.py:175} INFO - Processing /home/airflow/.local/lib/python3.7/site-packages/airflow/example_dags/example_latest_only.py took 2.475 seconds
[2024-06-12T19:57:36.430+0000] {processor.py:153} INFO - Started process (PID=1233) to work on /home/airflow/.local/lib/python3.7/site-packages/airflow/example_dags/example_latest_only.py
[2024-06-12T19:57:36.462+0000] {processor.py:743} INFO - Processing file /home/airflow/.local/lib/python3.7/site-packages/airflow/example_dags/example_latest_only.py for tasks to queue
[2024-06-12T19:57:36.511+0000] {logging_mixin.py:137} INFO - [2024-06-12T19:57:36.511+0000] {dagbag.py:538} INFO - Filling up the DagBag from /home/airflow/.local/lib/python3.7/site-packages/airflow/example_dags/example_latest_only.py
[2024-06-12T19:57:37.218+0000] {processor.py:753} INFO - DAG(s) dict_keys(['latest_only']) retrieved from /home/airflow/.local/lib/python3.7/site-packages/airflow/example_dags/example_latest_only.py
[2024-06-12T19:57:38.406+0000] {logging_mixin.py:137} INFO - [2024-06-12T19:57:38.405+0000] {dag.py:2690} INFO - Sync 1 DAGs
[2024-06-12T19:57:39.495+0000] {logging_mixin.py:137} INFO - [2024-06-12T19:57:39.495+0000] {dag.py:3441} INFO - Setting next_dagrun for latest_only to 2024-06-12T15:57:39.494221+00:00, run_after=2024-06-12T19:57:39.494221+00:00
[2024-06-12T19:57:40.269+0000] {processor.py:175} INFO - Processing /home/airflow/.local/lib/python3.7/site-packages/airflow/example_dags/example_latest_only.py took 3.881 seconds
[2024-06-12T19:58:39.522+0000] {processor.py:153} INFO - Started process (PID=1284) to work on /home/airflow/.local/lib/python3.7/site-packages/airflow/example_dags/example_latest_only.py
[2024-06-12T19:58:39.582+0000] {processor.py:743} INFO - Processing file /home/airflow/.local/lib/python3.7/site-packages/airflow/example_dags/example_latest_only.py for tasks to queue
[2024-06-12T19:58:39.651+0000] {logging_mixin.py:137} INFO - [2024-06-12T19:58:39.651+0000] {dagbag.py:538} INFO - Filling up the DagBag from /home/airflow/.local/lib/python3.7/site-packages/airflow/example_dags/example_latest_only.py
[2024-06-12T19:58:40.337+0000] {processor.py:753} INFO - DAG(s) dict_keys(['latest_only']) retrieved from /home/airflow/.local/lib/python3.7/site-packages/airflow/example_dags/example_latest_only.py
[2024-06-12T19:58:40.952+0000] {logging_mixin.py:137} INFO - [2024-06-12T19:58:40.952+0000] {dag.py:2690} INFO - Sync 1 DAGs
[2024-06-12T19:58:42.847+0000] {logging_mixin.py:137} INFO - [2024-06-12T19:58:42.846+0000] {dag.py:3441} INFO - Setting next_dagrun for latest_only to 2024-06-12T15:58:42.846480+00:00, run_after=2024-06-12T19:58:42.846480+00:00
[2024-06-12T19:58:43.564+0000] {processor.py:175} INFO - Processing /home/airflow/.local/lib/python3.7/site-packages/airflow/example_dags/example_latest_only.py took 4.205 seconds
[2024-06-12T20:00:49.492+0000] {processor.py:153} INFO - Started process (PID=1382) to work on /home/airflow/.local/lib/python3.7/site-packages/airflow/example_dags/example_latest_only.py
[2024-06-12T20:00:49.537+0000] {processor.py:743} INFO - Processing file /home/airflow/.local/lib/python3.7/site-packages/airflow/example_dags/example_latest_only.py for tasks to queue
[2024-06-12T20:00:49.681+0000] {logging_mixin.py:137} INFO - [2024-06-12T20:00:49.681+0000] {dagbag.py:538} INFO - Filling up the DagBag from /home/airflow/.local/lib/python3.7/site-packages/airflow/example_dags/example_latest_only.py
[2024-06-12T20:00:50.668+0000] {processor.py:753} INFO - DAG(s) dict_keys(['latest_only']) retrieved from /home/airflow/.local/lib/python3.7/site-packages/airflow/example_dags/example_latest_only.py
[2024-06-12T20:00:53.177+0000] {logging_mixin.py:137} INFO - [2024-06-12T20:00:53.177+0000] {dag.py:2690} INFO - Sync 1 DAGs
[2024-06-12T20:00:54.832+0000] {logging_mixin.py:137} INFO - [2024-06-12T20:00:54.832+0000] {dag.py:3441} INFO - Setting next_dagrun for latest_only to 2024-06-12T16:00:54.831788+00:00, run_after=2024-06-12T20:00:54.831788+00:00
[2024-06-12T20:00:55.578+0000] {processor.py:175} INFO - Processing /home/airflow/.local/lib/python3.7/site-packages/airflow/example_dags/example_latest_only.py took 6.135 seconds
[2024-06-12T20:03:16.594+0000] {processor.py:153} INFO - Started process (PID=1493) to work on /home/airflow/.local/lib/python3.7/site-packages/airflow/example_dags/example_latest_only.py
[2024-06-12T20:03:16.674+0000] {processor.py:743} INFO - Processing file /home/airflow/.local/lib/python3.7/site-packages/airflow/example_dags/example_latest_only.py for tasks to queue
[2024-06-12T20:03:16.771+0000] {logging_mixin.py:137} INFO - [2024-06-12T20:03:16.770+0000] {dagbag.py:538} INFO - Filling up the DagBag from /home/airflow/.local/lib/python3.7/site-packages/airflow/example_dags/example_latest_only.py
[2024-06-12T20:03:17.267+0000] {processor.py:753} INFO - DAG(s) dict_keys(['latest_only']) retrieved from /home/airflow/.local/lib/python3.7/site-packages/airflow/example_dags/example_latest_only.py
[2024-06-12T20:03:18.775+0000] {logging_mixin.py:137} INFO - [2024-06-12T20:03:18.775+0000] {dag.py:2690} INFO - Sync 1 DAGs
[2024-06-12T20:03:21.192+0000] {logging_mixin.py:137} INFO - [2024-06-12T20:03:21.192+0000] {dag.py:3441} INFO - Setting next_dagrun for latest_only to 2024-06-12T16:03:21.191486+00:00, run_after=2024-06-12T20:03:21.191486+00:00
[2024-06-12T20:03:22.310+0000] {processor.py:175} INFO - Processing /home/airflow/.local/lib/python3.7/site-packages/airflow/example_dags/example_latest_only.py took 6.151 seconds
[2024-06-12T20:06:10.030+0000] {processor.py:153} INFO - Started process (PID=1618) to work on /home/airflow/.local/lib/python3.7/site-packages/airflow/example_dags/example_latest_only.py
[2024-06-12T20:06:10.077+0000] {processor.py:743} INFO - Processing file /home/airflow/.local/lib/python3.7/site-packages/airflow/example_dags/example_latest_only.py for tasks to queue
[2024-06-12T20:06:10.142+0000] {logging_mixin.py:137} INFO - [2024-06-12T20:06:10.142+0000] {dagbag.py:538} INFO - Filling up the DagBag from /home/airflow/.local/lib/python3.7/site-packages/airflow/example_dags/example_latest_only.py
[2024-06-12T20:06:11.615+0000] {processor.py:753} INFO - DAG(s) dict_keys(['latest_only']) retrieved from /home/airflow/.local/lib/python3.7/site-packages/airflow/example_dags/example_latest_only.py
[2024-06-12T20:06:13.425+0000] {logging_mixin.py:137} INFO - [2024-06-12T20:06:13.424+0000] {dag.py:2690} INFO - Sync 1 DAGs
[2024-06-12T20:06:16.534+0000] {logging_mixin.py:137} INFO - [2024-06-12T20:06:16.442+0000] {dag.py:3441} INFO - Setting next_dagrun for latest_only to 2024-06-12T16:06:16.442095+00:00, run_after=2024-06-12T20:06:16.442095+00:00
[2024-06-12T20:06:18.825+0000] {processor.py:175} INFO - Processing /home/airflow/.local/lib/python3.7/site-packages/airflow/example_dags/example_latest_only.py took 9.005 seconds
[2024-06-12T20:09:23.431+0000] {processor.py:153} INFO - Started process (PID=1760) to work on /home/airflow/.local/lib/python3.7/site-packages/airflow/example_dags/example_latest_only.py
[2024-06-12T20:09:23.615+0000] {processor.py:743} INFO - Processing file /home/airflow/.local/lib/python3.7/site-packages/airflow/example_dags/example_latest_only.py for tasks to queue
[2024-06-12T20:09:23.617+0000] {logging_mixin.py:137} INFO - [2024-06-12T20:09:23.617+0000] {dagbag.py:538} INFO - Filling up the DagBag from /home/airflow/.local/lib/python3.7/site-packages/airflow/example_dags/example_latest_only.py
[2024-06-12T20:09:24.834+0000] {processor.py:753} INFO - DAG(s) dict_keys(['latest_only']) retrieved from /home/airflow/.local/lib/python3.7/site-packages/airflow/example_dags/example_latest_only.py
[2024-06-12T20:09:26.169+0000] {logging_mixin.py:137} INFO - [2024-06-12T20:09:26.169+0000] {dag.py:2690} INFO - Sync 1 DAGs
[2024-06-12T20:09:28.853+0000] {logging_mixin.py:137} INFO - [2024-06-12T20:09:28.853+0000] {dag.py:3441} INFO - Setting next_dagrun for latest_only to 2024-06-12T16:09:28.852308+00:00, run_after=2024-06-12T20:09:28.852308+00:00
[2024-06-12T20:09:31.021+0000] {processor.py:175} INFO - Processing /home/airflow/.local/lib/python3.7/site-packages/airflow/example_dags/example_latest_only.py took 7.727 seconds
[2024-06-12T20:12:29.040+0000] {processor.py:153} INFO - Started process (PID=1902) to work on /home/airflow/.local/lib/python3.7/site-packages/airflow/example_dags/example_latest_only.py
[2024-06-12T20:12:29.042+0000] {processor.py:743} INFO - Processing file /home/airflow/.local/lib/python3.7/site-packages/airflow/example_dags/example_latest_only.py for tasks to queue
[2024-06-12T20:12:29.044+0000] {logging_mixin.py:137} INFO - [2024-06-12T20:12:29.044+0000] {dagbag.py:538} INFO - Filling up the DagBag from /home/airflow/.local/lib/python3.7/site-packages/airflow/example_dags/example_latest_only.py
[2024-06-12T20:12:29.627+0000] {processor.py:753} INFO - DAG(s) dict_keys(['latest_only']) retrieved from /home/airflow/.local/lib/python3.7/site-packages/airflow/example_dags/example_latest_only.py
[2024-06-12T20:12:30.556+0000] {logging_mixin.py:137} INFO - [2024-06-12T20:12:30.555+0000] {dag.py:2690} INFO - Sync 1 DAGs
[2024-06-12T20:12:32.572+0000] {logging_mixin.py:137} INFO - [2024-06-12T20:12:32.571+0000] {dag.py:3441} INFO - Setting next_dagrun for latest_only to 2024-06-12T16:12:32.540900+00:00, run_after=2024-06-12T20:12:32.540900+00:00
[2024-06-12T20:12:33.637+0000] {processor.py:175} INFO - Processing /home/airflow/.local/lib/python3.7/site-packages/airflow/example_dags/example_latest_only.py took 4.738 seconds
[2024-06-12T20:13:59.746+0000] {processor.py:153} INFO - Started process (PID=1995) to work on /home/airflow/.local/lib/python3.7/site-packages/airflow/example_dags/example_latest_only.py
[2024-06-12T20:13:59.769+0000] {processor.py:743} INFO - Processing file /home/airflow/.local/lib/python3.7/site-packages/airflow/example_dags/example_latest_only.py for tasks to queue
[2024-06-12T20:13:59.847+0000] {logging_mixin.py:137} INFO - [2024-06-12T20:13:59.846+0000] {dagbag.py:538} INFO - Filling up the DagBag from /home/airflow/.local/lib/python3.7/site-packages/airflow/example_dags/example_latest_only.py
[2024-06-12T20:14:00.458+0000] {processor.py:753} INFO - DAG(s) dict_keys(['latest_only']) retrieved from /home/airflow/.local/lib/python3.7/site-packages/airflow/example_dags/example_latest_only.py
[2024-06-12T20:14:00.874+0000] {logging_mixin.py:137} INFO - [2024-06-12T20:14:00.873+0000] {dag.py:2690} INFO - Sync 1 DAGs
[2024-06-12T20:14:01.941+0000] {logging_mixin.py:137} INFO - [2024-06-12T20:14:01.941+0000] {dag.py:3441} INFO - Setting next_dagrun for latest_only to 2024-06-12T16:14:01.940584+00:00, run_after=2024-06-12T20:14:01.940584+00:00
[2024-06-12T20:14:02.480+0000] {processor.py:175} INFO - Processing /home/airflow/.local/lib/python3.7/site-packages/airflow/example_dags/example_latest_only.py took 2.807 seconds
[2024-06-12T20:14:50.966+0000] {processor.py:153} INFO - Started process (PID=2042) to work on /home/airflow/.local/lib/python3.7/site-packages/airflow/example_dags/example_latest_only.py
[2024-06-12T20:14:50.990+0000] {processor.py:743} INFO - Processing file /home/airflow/.local/lib/python3.7/site-packages/airflow/example_dags/example_latest_only.py for tasks to queue
[2024-06-12T20:14:50.997+0000] {logging_mixin.py:137} INFO - [2024-06-12T20:14:50.996+0000] {dagbag.py:538} INFO - Filling up the DagBag from /home/airflow/.local/lib/python3.7/site-packages/airflow/example_dags/example_latest_only.py
[2024-06-12T20:14:51.336+0000] {processor.py:753} INFO - DAG(s) dict_keys(['latest_only']) retrieved from /home/airflow/.local/lib/python3.7/site-packages/airflow/example_dags/example_latest_only.py
[2024-06-12T20:14:52.051+0000] {logging_mixin.py:137} INFO - [2024-06-12T20:14:52.049+0000] {dag.py:2690} INFO - Sync 1 DAGs
[2024-06-12T20:14:53.062+0000] {logging_mixin.py:137} INFO - [2024-06-12T20:14:53.062+0000] {dag.py:3441} INFO - Setting next_dagrun for latest_only to 2024-06-12T16:14:53.041810+00:00, run_after=2024-06-12T20:14:53.041810+00:00
[2024-06-12T20:14:53.781+0000] {processor.py:175} INFO - Processing /home/airflow/.local/lib/python3.7/site-packages/airflow/example_dags/example_latest_only.py took 2.923 seconds
[2024-06-12T20:15:35.352+0000] {processor.py:153} INFO - Started process (PID=2101) to work on /home/airflow/.local/lib/python3.7/site-packages/airflow/example_dags/example_latest_only.py
[2024-06-12T20:15:35.365+0000] {processor.py:743} INFO - Processing file /home/airflow/.local/lib/python3.7/site-packages/airflow/example_dags/example_latest_only.py for tasks to queue
[2024-06-12T20:15:35.369+0000] {logging_mixin.py:137} INFO - [2024-06-12T20:15:35.368+0000] {dagbag.py:538} INFO - Filling up the DagBag from /home/airflow/.local/lib/python3.7/site-packages/airflow/example_dags/example_latest_only.py
[2024-06-12T20:15:36.126+0000] {processor.py:753} INFO - DAG(s) dict_keys(['latest_only']) retrieved from /home/airflow/.local/lib/python3.7/site-packages/airflow/example_dags/example_latest_only.py
[2024-06-12T20:15:36.761+0000] {logging_mixin.py:137} INFO - [2024-06-12T20:15:36.760+0000] {dag.py:2690} INFO - Sync 1 DAGs
[2024-06-12T20:15:37.942+0000] {logging_mixin.py:137} INFO - [2024-06-12T20:15:37.942+0000] {dag.py:3441} INFO - Setting next_dagrun for latest_only to 2024-06-12T16:15:37.941743+00:00, run_after=2024-06-12T20:15:37.941743+00:00
[2024-06-12T20:15:38.997+0000] {processor.py:175} INFO - Processing /home/airflow/.local/lib/python3.7/site-packages/airflow/example_dags/example_latest_only.py took 3.835 seconds
[2024-06-12T20:16:31.417+0000] {processor.py:153} INFO - Started process (PID=2167) to work on /home/airflow/.local/lib/python3.7/site-packages/airflow/example_dags/example_latest_only.py
[2024-06-12T20:16:31.432+0000] {processor.py:743} INFO - Processing file /home/airflow/.local/lib/python3.7/site-packages/airflow/example_dags/example_latest_only.py for tasks to queue
[2024-06-12T20:16:31.453+0000] {logging_mixin.py:137} INFO - [2024-06-12T20:16:31.452+0000] {dagbag.py:538} INFO - Filling up the DagBag from /home/airflow/.local/lib/python3.7/site-packages/airflow/example_dags/example_latest_only.py
[2024-06-12T20:16:31.913+0000] {processor.py:753} INFO - DAG(s) dict_keys(['latest_only']) retrieved from /home/airflow/.local/lib/python3.7/site-packages/airflow/example_dags/example_latest_only.py
[2024-06-12T20:16:32.540+0000] {logging_mixin.py:137} INFO - [2024-06-12T20:16:32.540+0000] {dag.py:2690} INFO - Sync 1 DAGs
[2024-06-12T20:16:33.224+0000] {logging_mixin.py:137} INFO - [2024-06-12T20:16:33.223+0000] {dag.py:3441} INFO - Setting next_dagrun for latest_only to 2024-06-12T16:16:33.223252+00:00, run_after=2024-06-12T20:16:33.223252+00:00
[2024-06-12T20:16:33.697+0000] {processor.py:175} INFO - Processing /home/airflow/.local/lib/python3.7/site-packages/airflow/example_dags/example_latest_only.py took 2.438 seconds
[2024-06-12T20:17:23.341+0000] {processor.py:153} INFO - Started process (PID=2228) to work on /home/airflow/.local/lib/python3.7/site-packages/airflow/example_dags/example_latest_only.py
[2024-06-12T20:17:23.434+0000] {processor.py:743} INFO - Processing file /home/airflow/.local/lib/python3.7/site-packages/airflow/example_dags/example_latest_only.py for tasks to queue
[2024-06-12T20:17:23.468+0000] {logging_mixin.py:137} INFO - [2024-06-12T20:17:23.468+0000] {dagbag.py:538} INFO - Filling up the DagBag from /home/airflow/.local/lib/python3.7/site-packages/airflow/example_dags/example_latest_only.py
[2024-06-12T20:17:24.371+0000] {processor.py:753} INFO - DAG(s) dict_keys(['latest_only']) retrieved from /home/airflow/.local/lib/python3.7/site-packages/airflow/example_dags/example_latest_only.py
[2024-06-12T20:17:24.701+0000] {logging_mixin.py:137} INFO - [2024-06-12T20:17:24.701+0000] {dag.py:2690} INFO - Sync 1 DAGs
[2024-06-12T20:17:26.215+0000] {logging_mixin.py:137} INFO - [2024-06-12T20:17:26.139+0000] {dag.py:3441} INFO - Setting next_dagrun for latest_only to 2024-06-12T16:17:26.109547+00:00, run_after=2024-06-12T20:17:26.109547+00:00
[2024-06-12T20:17:26.653+0000] {processor.py:175} INFO - Processing /home/airflow/.local/lib/python3.7/site-packages/airflow/example_dags/example_latest_only.py took 3.443 seconds
[2024-06-12T20:18:25.899+0000] {processor.py:153} INFO - Started process (PID=2286) to work on /home/airflow/.local/lib/python3.7/site-packages/airflow/example_dags/example_latest_only.py
[2024-06-12T20:18:26.174+0000] {processor.py:743} INFO - Processing file /home/airflow/.local/lib/python3.7/site-packages/airflow/example_dags/example_latest_only.py for tasks to queue
[2024-06-12T20:18:26.400+0000] {logging_mixin.py:137} INFO - [2024-06-12T20:18:26.400+0000] {dagbag.py:538} INFO - Filling up the DagBag from /home/airflow/.local/lib/python3.7/site-packages/airflow/example_dags/example_latest_only.py
[2024-06-12T20:18:27.970+0000] {processor.py:753} INFO - DAG(s) dict_keys(['latest_only']) retrieved from /home/airflow/.local/lib/python3.7/site-packages/airflow/example_dags/example_latest_only.py
[2024-06-12T20:18:28.542+0000] {logging_mixin.py:137} INFO - [2024-06-12T20:18:28.542+0000] {dag.py:2690} INFO - Sync 1 DAGs
[2024-06-12T20:18:29.972+0000] {logging_mixin.py:137} INFO - [2024-06-12T20:18:29.972+0000] {dag.py:3441} INFO - Setting next_dagrun for latest_only to 2024-06-12T16:18:29.971774+00:00, run_after=2024-06-12T20:18:29.971774+00:00
[2024-06-12T20:18:30.845+0000] {processor.py:175} INFO - Processing /home/airflow/.local/lib/python3.7/site-packages/airflow/example_dags/example_latest_only.py took 5.232 seconds
[2024-06-12T20:19:19.696+0000] {processor.py:153} INFO - Started process (PID=2334) to work on /home/airflow/.local/lib/python3.7/site-packages/airflow/example_dags/example_latest_only.py
[2024-06-12T20:19:19.715+0000] {processor.py:743} INFO - Processing file /home/airflow/.local/lib/python3.7/site-packages/airflow/example_dags/example_latest_only.py for tasks to queue
[2024-06-12T20:19:19.736+0000] {logging_mixin.py:137} INFO - [2024-06-12T20:19:19.724+0000] {dagbag.py:538} INFO - Filling up the DagBag from /home/airflow/.local/lib/python3.7/site-packages/airflow/example_dags/example_latest_only.py
[2024-06-12T20:19:20.052+0000] {processor.py:753} INFO - DAG(s) dict_keys(['latest_only']) retrieved from /home/airflow/.local/lib/python3.7/site-packages/airflow/example_dags/example_latest_only.py
[2024-06-12T20:19:20.787+0000] {logging_mixin.py:137} INFO - [2024-06-12T20:19:20.787+0000] {dag.py:2690} INFO - Sync 1 DAGs
[2024-06-12T20:19:21.497+0000] {logging_mixin.py:137} INFO - [2024-06-12T20:19:21.497+0000] {dag.py:3441} INFO - Setting next_dagrun for latest_only to 2024-06-12T16:19:21.497128+00:00, run_after=2024-06-12T20:19:21.497128+00:00
[2024-06-12T20:19:22.205+0000] {processor.py:175} INFO - Processing /home/airflow/.local/lib/python3.7/site-packages/airflow/example_dags/example_latest_only.py took 2.561 seconds
[2024-06-12T20:20:12.765+0000] {processor.py:153} INFO - Started process (PID=2395) to work on /home/airflow/.local/lib/python3.7/site-packages/airflow/example_dags/example_latest_only.py
[2024-06-12T20:20:12.849+0000] {processor.py:743} INFO - Processing file /home/airflow/.local/lib/python3.7/site-packages/airflow/example_dags/example_latest_only.py for tasks to queue
[2024-06-12T20:20:12.876+0000] {logging_mixin.py:137} INFO - [2024-06-12T20:20:12.869+0000] {dagbag.py:538} INFO - Filling up the DagBag from /home/airflow/.local/lib/python3.7/site-packages/airflow/example_dags/example_latest_only.py
[2024-06-12T20:20:12.973+0000] {processor.py:753} INFO - DAG(s) dict_keys(['latest_only']) retrieved from /home/airflow/.local/lib/python3.7/site-packages/airflow/example_dags/example_latest_only.py
[2024-06-12T20:20:13.430+0000] {logging_mixin.py:137} INFO - [2024-06-12T20:20:13.430+0000] {dag.py:2690} INFO - Sync 1 DAGs
[2024-06-12T20:20:14.653+0000] {logging_mixin.py:137} INFO - [2024-06-12T20:20:14.653+0000] {dag.py:3441} INFO - Setting next_dagrun for latest_only to 2024-06-12T16:20:14.642781+00:00, run_after=2024-06-12T20:20:14.642781+00:00
[2024-06-12T20:20:15.535+0000] {processor.py:175} INFO - Processing /home/airflow/.local/lib/python3.7/site-packages/airflow/example_dags/example_latest_only.py took 2.774 seconds
[2024-06-12T20:21:18.279+0000] {processor.py:153} INFO - Started process (PID=2457) to work on /home/airflow/.local/lib/python3.7/site-packages/airflow/example_dags/example_latest_only.py
[2024-06-12T20:21:18.290+0000] {processor.py:743} INFO - Processing file /home/airflow/.local/lib/python3.7/site-packages/airflow/example_dags/example_latest_only.py for tasks to queue
[2024-06-12T20:21:18.297+0000] {logging_mixin.py:137} INFO - [2024-06-12T20:21:18.296+0000] {dagbag.py:538} INFO - Filling up the DagBag from /home/airflow/.local/lib/python3.7/site-packages/airflow/example_dags/example_latest_only.py
[2024-06-12T20:21:18.452+0000] {processor.py:753} INFO - DAG(s) dict_keys(['latest_only']) retrieved from /home/airflow/.local/lib/python3.7/site-packages/airflow/example_dags/example_latest_only.py
[2024-06-12T20:21:19.332+0000] {logging_mixin.py:137} INFO - [2024-06-12T20:21:19.332+0000] {dag.py:2690} INFO - Sync 1 DAGs
[2024-06-12T20:21:20.092+0000] {logging_mixin.py:137} INFO - [2024-06-12T20:21:20.092+0000] {dag.py:3441} INFO - Setting next_dagrun for latest_only to 2024-06-12T16:21:20.092099+00:00, run_after=2024-06-12T20:21:20.092099+00:00
[2024-06-12T20:21:20.419+0000] {processor.py:175} INFO - Processing /home/airflow/.local/lib/python3.7/site-packages/airflow/example_dags/example_latest_only.py took 2.173 seconds
[2024-06-12T20:22:22.673+0000] {processor.py:153} INFO - Started process (PID=2520) to work on /home/airflow/.local/lib/python3.7/site-packages/airflow/example_dags/example_latest_only.py
[2024-06-12T20:22:22.759+0000] {processor.py:743} INFO - Processing file /home/airflow/.local/lib/python3.7/site-packages/airflow/example_dags/example_latest_only.py for tasks to queue
[2024-06-12T20:22:22.810+0000] {logging_mixin.py:137} INFO - [2024-06-12T20:22:22.809+0000] {dagbag.py:538} INFO - Filling up the DagBag from /home/airflow/.local/lib/python3.7/site-packages/airflow/example_dags/example_latest_only.py
[2024-06-12T20:22:23.492+0000] {processor.py:753} INFO - DAG(s) dict_keys(['latest_only']) retrieved from /home/airflow/.local/lib/python3.7/site-packages/airflow/example_dags/example_latest_only.py
[2024-06-12T20:22:24.489+0000] {logging_mixin.py:137} INFO - [2024-06-12T20:22:24.489+0000] {dag.py:2690} INFO - Sync 1 DAGs
[2024-06-12T20:22:25.863+0000] {logging_mixin.py:137} INFO - [2024-06-12T20:22:25.862+0000] {dag.py:3441} INFO - Setting next_dagrun for latest_only to 2024-06-12T16:22:25.861849+00:00, run_after=2024-06-12T20:22:25.861849+00:00
[2024-06-12T20:22:26.683+0000] {processor.py:175} INFO - Processing /home/airflow/.local/lib/python3.7/site-packages/airflow/example_dags/example_latest_only.py took 4.137 seconds
[2024-06-12T20:23:22.340+0000] {processor.py:153} INFO - Started process (PID=2581) to work on /home/airflow/.local/lib/python3.7/site-packages/airflow/example_dags/example_latest_only.py
[2024-06-12T20:23:22.487+0000] {processor.py:743} INFO - Processing file /home/airflow/.local/lib/python3.7/site-packages/airflow/example_dags/example_latest_only.py for tasks to queue
[2024-06-12T20:23:22.501+0000] {logging_mixin.py:137} INFO - [2024-06-12T20:23:22.501+0000] {dagbag.py:538} INFO - Filling up the DagBag from /home/airflow/.local/lib/python3.7/site-packages/airflow/example_dags/example_latest_only.py
[2024-06-12T20:23:22.791+0000] {processor.py:753} INFO - DAG(s) dict_keys(['latest_only']) retrieved from /home/airflow/.local/lib/python3.7/site-packages/airflow/example_dags/example_latest_only.py
[2024-06-12T20:23:23.971+0000] {logging_mixin.py:137} INFO - [2024-06-12T20:23:23.971+0000] {dag.py:2690} INFO - Sync 1 DAGs
[2024-06-12T20:23:24.926+0000] {logging_mixin.py:137} INFO - [2024-06-12T20:23:24.925+0000] {dag.py:3441} INFO - Setting next_dagrun for latest_only to 2024-06-12T16:23:24.925366+00:00, run_after=2024-06-12T20:23:24.925366+00:00
[2024-06-12T20:23:25.680+0000] {processor.py:175} INFO - Processing /home/airflow/.local/lib/python3.7/site-packages/airflow/example_dags/example_latest_only.py took 3.450 seconds
[2024-06-12T20:24:42.788+0000] {processor.py:153} INFO - Started process (PID=2653) to work on /home/airflow/.local/lib/python3.7/site-packages/airflow/example_dags/example_latest_only.py
[2024-06-12T20:24:42.809+0000] {processor.py:743} INFO - Processing file /home/airflow/.local/lib/python3.7/site-packages/airflow/example_dags/example_latest_only.py for tasks to queue
[2024-06-12T20:24:42.885+0000] {logging_mixin.py:137} INFO - [2024-06-12T20:24:42.885+0000] {dagbag.py:538} INFO - Filling up the DagBag from /home/airflow/.local/lib/python3.7/site-packages/airflow/example_dags/example_latest_only.py
[2024-06-12T20:24:43.551+0000] {processor.py:753} INFO - DAG(s) dict_keys(['latest_only']) retrieved from /home/airflow/.local/lib/python3.7/site-packages/airflow/example_dags/example_latest_only.py
[2024-06-12T20:24:44.269+0000] {logging_mixin.py:137} INFO - [2024-06-12T20:24:44.269+0000] {dag.py:2690} INFO - Sync 1 DAGs
[2024-06-12T20:24:45.104+0000] {logging_mixin.py:137} INFO - [2024-06-12T20:24:45.104+0000] {dag.py:3441} INFO - Setting next_dagrun for latest_only to 2024-06-12T16:24:45.103776+00:00, run_after=2024-06-12T20:24:45.103776+00:00
[2024-06-12T20:24:45.573+0000] {processor.py:175} INFO - Processing /home/airflow/.local/lib/python3.7/site-packages/airflow/example_dags/example_latest_only.py took 2.988 seconds
[2024-06-12T20:25:32.512+0000] {processor.py:153} INFO - Started process (PID=2707) to work on /home/airflow/.local/lib/python3.7/site-packages/airflow/example_dags/example_latest_only.py
[2024-06-12T20:25:32.542+0000] {processor.py:743} INFO - Processing file /home/airflow/.local/lib/python3.7/site-packages/airflow/example_dags/example_latest_only.py for tasks to queue
[2024-06-12T20:25:32.576+0000] {logging_mixin.py:137} INFO - [2024-06-12T20:25:32.575+0000] {dagbag.py:538} INFO - Filling up the DagBag from /home/airflow/.local/lib/python3.7/site-packages/airflow/example_dags/example_latest_only.py
[2024-06-12T20:25:32.800+0000] {processor.py:753} INFO - DAG(s) dict_keys(['latest_only']) retrieved from /home/airflow/.local/lib/python3.7/site-packages/airflow/example_dags/example_latest_only.py
[2024-06-12T20:25:33.064+0000] {logging_mixin.py:137} INFO - [2024-06-12T20:25:33.063+0000] {dag.py:2690} INFO - Sync 1 DAGs
[2024-06-12T20:25:33.587+0000] {logging_mixin.py:137} INFO - [2024-06-12T20:25:33.587+0000] {dag.py:3441} INFO - Setting next_dagrun for latest_only to 2024-06-12T16:25:33.586909+00:00, run_after=2024-06-12T20:25:33.586909+00:00
[2024-06-12T20:25:34.249+0000] {processor.py:175} INFO - Processing /home/airflow/.local/lib/python3.7/site-packages/airflow/example_dags/example_latest_only.py took 1.780 seconds
[2024-06-12T20:26:20.821+0000] {processor.py:153} INFO - Started process (PID=2758) to work on /home/airflow/.local/lib/python3.7/site-packages/airflow/example_dags/example_latest_only.py
[2024-06-12T20:26:20.849+0000] {processor.py:743} INFO - Processing file /home/airflow/.local/lib/python3.7/site-packages/airflow/example_dags/example_latest_only.py for tasks to queue
[2024-06-12T20:26:20.866+0000] {logging_mixin.py:137} INFO - [2024-06-12T20:26:20.866+0000] {dagbag.py:538} INFO - Filling up the DagBag from /home/airflow/.local/lib/python3.7/site-packages/airflow/example_dags/example_latest_only.py
[2024-06-12T20:26:21.233+0000] {processor.py:753} INFO - DAG(s) dict_keys(['latest_only']) retrieved from /home/airflow/.local/lib/python3.7/site-packages/airflow/example_dags/example_latest_only.py
[2024-06-12T20:26:21.680+0000] {logging_mixin.py:137} INFO - [2024-06-12T20:26:21.680+0000] {dag.py:2690} INFO - Sync 1 DAGs
[2024-06-12T20:26:22.820+0000] {logging_mixin.py:137} INFO - [2024-06-12T20:26:22.819+0000] {dag.py:3441} INFO - Setting next_dagrun for latest_only to 2024-06-12T16:26:22.819496+00:00, run_after=2024-06-12T20:26:22.819496+00:00
[2024-06-12T20:26:23.686+0000] {processor.py:175} INFO - Processing /home/airflow/.local/lib/python3.7/site-packages/airflow/example_dags/example_latest_only.py took 2.931 seconds
[2024-06-12T20:27:27.050+0000] {processor.py:153} INFO - Started process (PID=2820) to work on /home/airflow/.local/lib/python3.7/site-packages/airflow/example_dags/example_latest_only.py
[2024-06-12T20:27:27.079+0000] {processor.py:743} INFO - Processing file /home/airflow/.local/lib/python3.7/site-packages/airflow/example_dags/example_latest_only.py for tasks to queue
[2024-06-12T20:27:27.114+0000] {logging_mixin.py:137} INFO - [2024-06-12T20:27:27.114+0000] {dagbag.py:538} INFO - Filling up the DagBag from /home/airflow/.local/lib/python3.7/site-packages/airflow/example_dags/example_latest_only.py
[2024-06-12T20:27:27.709+0000] {processor.py:753} INFO - DAG(s) dict_keys(['latest_only']) retrieved from /home/airflow/.local/lib/python3.7/site-packages/airflow/example_dags/example_latest_only.py
[2024-06-12T20:27:28.025+0000] {logging_mixin.py:137} INFO - [2024-06-12T20:27:28.024+0000] {dag.py:2690} INFO - Sync 1 DAGs
[2024-06-12T20:27:28.592+0000] {logging_mixin.py:137} INFO - [2024-06-12T20:27:28.591+0000] {dag.py:3441} INFO - Setting next_dagrun for latest_only to 2024-06-12T16:27:28.591229+00:00, run_after=2024-06-12T20:27:28.591229+00:00
[2024-06-12T20:27:29.183+0000] {processor.py:175} INFO - Processing /home/airflow/.local/lib/python3.7/site-packages/airflow/example_dags/example_latest_only.py took 2.183 seconds
[2024-06-12T20:28:13.949+0000] {processor.py:153} INFO - Started process (PID=2870) to work on /home/airflow/.local/lib/python3.7/site-packages/airflow/example_dags/example_latest_only.py
[2024-06-12T20:28:13.961+0000] {processor.py:743} INFO - Processing file /home/airflow/.local/lib/python3.7/site-packages/airflow/example_dags/example_latest_only.py for tasks to queue
[2024-06-12T20:28:13.968+0000] {logging_mixin.py:137} INFO - [2024-06-12T20:28:13.967+0000] {dagbag.py:538} INFO - Filling up the DagBag from /home/airflow/.local/lib/python3.7/site-packages/airflow/example_dags/example_latest_only.py
[2024-06-12T20:28:14.126+0000] {processor.py:753} INFO - DAG(s) dict_keys(['latest_only']) retrieved from /home/airflow/.local/lib/python3.7/site-packages/airflow/example_dags/example_latest_only.py
[2024-06-12T20:28:14.717+0000] {logging_mixin.py:137} INFO - [2024-06-12T20:28:14.716+0000] {dag.py:2690} INFO - Sync 1 DAGs
[2024-06-12T20:28:15.099+0000] {logging_mixin.py:137} INFO - [2024-06-12T20:28:15.099+0000] {dag.py:3441} INFO - Setting next_dagrun for latest_only to 2024-06-12T16:28:15.098839+00:00, run_after=2024-06-12T20:28:15.098839+00:00
[2024-06-12T20:28:15.412+0000] {processor.py:175} INFO - Processing /home/airflow/.local/lib/python3.7/site-packages/airflow/example_dags/example_latest_only.py took 1.521 seconds
[2024-06-12T20:28:56.487+0000] {processor.py:153} INFO - Started process (PID=2917) to work on /home/airflow/.local/lib/python3.7/site-packages/airflow/example_dags/example_latest_only.py
[2024-06-12T20:28:56.541+0000] {processor.py:743} INFO - Processing file /home/airflow/.local/lib/python3.7/site-packages/airflow/example_dags/example_latest_only.py for tasks to queue
[2024-06-12T20:28:56.547+0000] {logging_mixin.py:137} INFO - [2024-06-12T20:28:56.546+0000] {dagbag.py:538} INFO - Filling up the DagBag from /home/airflow/.local/lib/python3.7/site-packages/airflow/example_dags/example_latest_only.py
[2024-06-12T20:28:56.781+0000] {processor.py:753} INFO - DAG(s) dict_keys(['latest_only']) retrieved from /home/airflow/.local/lib/python3.7/site-packages/airflow/example_dags/example_latest_only.py
[2024-06-12T20:28:57.181+0000] {logging_mixin.py:137} INFO - [2024-06-12T20:28:57.180+0000] {dag.py:2690} INFO - Sync 1 DAGs
[2024-06-12T20:28:58.102+0000] {logging_mixin.py:137} INFO - [2024-06-12T20:28:58.093+0000] {dag.py:3441} INFO - Setting next_dagrun for latest_only to 2024-06-12T16:28:58.092391+00:00, run_after=2024-06-12T20:28:58.092391+00:00
[2024-06-12T20:28:58.622+0000] {processor.py:175} INFO - Processing /home/airflow/.local/lib/python3.7/site-packages/airflow/example_dags/example_latest_only.py took 2.158 seconds
[2024-06-12T20:29:36.496+0000] {processor.py:153} INFO - Started process (PID=2961) to work on /home/airflow/.local/lib/python3.7/site-packages/airflow/example_dags/example_latest_only.py
[2024-06-12T20:29:36.509+0000] {processor.py:743} INFO - Processing file /home/airflow/.local/lib/python3.7/site-packages/airflow/example_dags/example_latest_only.py for tasks to queue
[2024-06-12T20:29:36.558+0000] {logging_mixin.py:137} INFO - [2024-06-12T20:29:36.558+0000] {dagbag.py:538} INFO - Filling up the DagBag from /home/airflow/.local/lib/python3.7/site-packages/airflow/example_dags/example_latest_only.py
[2024-06-12T20:29:36.836+0000] {processor.py:753} INFO - DAG(s) dict_keys(['latest_only']) retrieved from /home/airflow/.local/lib/python3.7/site-packages/airflow/example_dags/example_latest_only.py
[2024-06-12T20:29:37.196+0000] {logging_mixin.py:137} INFO - [2024-06-12T20:29:37.195+0000] {dag.py:2690} INFO - Sync 1 DAGs
[2024-06-12T20:29:37.901+0000] {logging_mixin.py:137} INFO - [2024-06-12T20:29:37.901+0000] {dag.py:3441} INFO - Setting next_dagrun for latest_only to 2024-06-12T16:29:37.900558+00:00, run_after=2024-06-12T20:29:37.900558+00:00
[2024-06-12T20:29:38.132+0000] {processor.py:175} INFO - Processing /home/airflow/.local/lib/python3.7/site-packages/airflow/example_dags/example_latest_only.py took 1.685 seconds
[2024-06-12T20:30:36.792+0000] {processor.py:153} INFO - Started process (PID=3033) to work on /home/airflow/.local/lib/python3.7/site-packages/airflow/example_dags/example_latest_only.py
[2024-06-12T20:30:36.820+0000] {processor.py:743} INFO - Processing file /home/airflow/.local/lib/python3.7/site-packages/airflow/example_dags/example_latest_only.py for tasks to queue
[2024-06-12T20:30:36.901+0000] {logging_mixin.py:137} INFO - [2024-06-12T20:30:36.900+0000] {dagbag.py:538} INFO - Filling up the DagBag from /home/airflow/.local/lib/python3.7/site-packages/airflow/example_dags/example_latest_only.py
[2024-06-12T20:30:37.312+0000] {processor.py:753} INFO - DAG(s) dict_keys(['latest_only']) retrieved from /home/airflow/.local/lib/python3.7/site-packages/airflow/example_dags/example_latest_only.py
[2024-06-12T20:30:38.103+0000] {logging_mixin.py:137} INFO - [2024-06-12T20:30:38.103+0000] {dag.py:2690} INFO - Sync 1 DAGs
[2024-06-12T20:30:38.985+0000] {logging_mixin.py:137} INFO - [2024-06-12T20:30:38.984+0000] {dag.py:3441} INFO - Setting next_dagrun for latest_only to 2024-06-12T16:30:38.984114+00:00, run_after=2024-06-12T20:30:38.984114+00:00
[2024-06-12T20:30:39.494+0000] {processor.py:175} INFO - Processing /home/airflow/.local/lib/python3.7/site-packages/airflow/example_dags/example_latest_only.py took 2.736 seconds
[2024-06-12T20:31:46.201+0000] {processor.py:153} INFO - Started process (PID=3111) to work on /home/airflow/.local/lib/python3.7/site-packages/airflow/example_dags/example_latest_only.py
[2024-06-12T20:31:46.231+0000] {processor.py:743} INFO - Processing file /home/airflow/.local/lib/python3.7/site-packages/airflow/example_dags/example_latest_only.py for tasks to queue
[2024-06-12T20:31:46.632+0000] {logging_mixin.py:137} INFO - [2024-06-12T20:31:46.631+0000] {dagbag.py:538} INFO - Filling up the DagBag from /home/airflow/.local/lib/python3.7/site-packages/airflow/example_dags/example_latest_only.py
[2024-06-12T20:31:46.956+0000] {processor.py:753} INFO - DAG(s) dict_keys(['latest_only']) retrieved from /home/airflow/.local/lib/python3.7/site-packages/airflow/example_dags/example_latest_only.py
[2024-06-12T20:31:47.466+0000] {logging_mixin.py:137} INFO - [2024-06-12T20:31:47.465+0000] {dag.py:2690} INFO - Sync 1 DAGs
[2024-06-12T20:31:47.964+0000] {logging_mixin.py:137} INFO - [2024-06-12T20:31:47.964+0000] {dag.py:3441} INFO - Setting next_dagrun for latest_only to 2024-06-12T16:31:47.963678+00:00, run_after=2024-06-12T20:31:47.963678+00:00
[2024-06-12T20:31:48.573+0000] {processor.py:175} INFO - Processing /home/airflow/.local/lib/python3.7/site-packages/airflow/example_dags/example_latest_only.py took 2.499 seconds
[2024-06-12T20:32:29.180+0000] {processor.py:153} INFO - Started process (PID=3154) to work on /home/airflow/.local/lib/python3.7/site-packages/airflow/example_dags/example_latest_only.py
[2024-06-12T20:32:29.211+0000] {processor.py:743} INFO - Processing file /home/airflow/.local/lib/python3.7/site-packages/airflow/example_dags/example_latest_only.py for tasks to queue
[2024-06-12T20:32:29.246+0000] {logging_mixin.py:137} INFO - [2024-06-12T20:32:29.246+0000] {dagbag.py:538} INFO - Filling up the DagBag from /home/airflow/.local/lib/python3.7/site-packages/airflow/example_dags/example_latest_only.py
[2024-06-12T20:32:29.801+0000] {processor.py:753} INFO - DAG(s) dict_keys(['latest_only']) retrieved from /home/airflow/.local/lib/python3.7/site-packages/airflow/example_dags/example_latest_only.py
[2024-06-12T20:32:30.568+0000] {logging_mixin.py:137} INFO - [2024-06-12T20:32:30.568+0000] {dag.py:2690} INFO - Sync 1 DAGs
[2024-06-12T20:32:32.145+0000] {logging_mixin.py:137} INFO - [2024-06-12T20:32:32.145+0000] {dag.py:3441} INFO - Setting next_dagrun for latest_only to 2024-06-12T16:32:32.144952+00:00, run_after=2024-06-12T20:32:32.144952+00:00
[2024-06-12T20:32:32.718+0000] {processor.py:175} INFO - Processing /home/airflow/.local/lib/python3.7/site-packages/airflow/example_dags/example_latest_only.py took 3.555 seconds
[2024-06-12T20:33:24.013+0000] {processor.py:153} INFO - Started process (PID=3209) to work on /home/airflow/.local/lib/python3.7/site-packages/airflow/example_dags/example_latest_only.py
[2024-06-12T20:33:24.060+0000] {processor.py:743} INFO - Processing file /home/airflow/.local/lib/python3.7/site-packages/airflow/example_dags/example_latest_only.py for tasks to queue
[2024-06-12T20:33:24.108+0000] {logging_mixin.py:137} INFO - [2024-06-12T20:33:24.108+0000] {dagbag.py:538} INFO - Filling up the DagBag from /home/airflow/.local/lib/python3.7/site-packages/airflow/example_dags/example_latest_only.py
[2024-06-12T20:33:24.282+0000] {processor.py:753} INFO - DAG(s) dict_keys(['latest_only']) retrieved from /home/airflow/.local/lib/python3.7/site-packages/airflow/example_dags/example_latest_only.py
[2024-06-12T20:33:24.888+0000] {logging_mixin.py:137} INFO - [2024-06-12T20:33:24.887+0000] {dag.py:2690} INFO - Sync 1 DAGs
[2024-06-12T20:33:25.775+0000] {logging_mixin.py:137} INFO - [2024-06-12T20:33:25.774+0000] {dag.py:3441} INFO - Setting next_dagrun for latest_only to 2024-06-12T16:33:25.774112+00:00, run_after=2024-06-12T20:33:25.774112+00:00
[2024-06-12T20:33:26.482+0000] {processor.py:175} INFO - Processing /home/airflow/.local/lib/python3.7/site-packages/airflow/example_dags/example_latest_only.py took 2.594 seconds
[2024-06-12T20:34:19.935+0000] {processor.py:153} INFO - Started process (PID=3265) to work on /home/airflow/.local/lib/python3.7/site-packages/airflow/example_dags/example_latest_only.py
[2024-06-12T20:34:20.150+0000] {processor.py:743} INFO - Processing file /home/airflow/.local/lib/python3.7/site-packages/airflow/example_dags/example_latest_only.py for tasks to queue
[2024-06-12T20:34:20.272+0000] {logging_mixin.py:137} INFO - [2024-06-12T20:34:20.232+0000] {dagbag.py:538} INFO - Filling up the DagBag from /home/airflow/.local/lib/python3.7/site-packages/airflow/example_dags/example_latest_only.py
[2024-06-12T20:34:20.681+0000] {processor.py:753} INFO - DAG(s) dict_keys(['latest_only']) retrieved from /home/airflow/.local/lib/python3.7/site-packages/airflow/example_dags/example_latest_only.py
[2024-06-12T20:34:21.568+0000] {logging_mixin.py:137} INFO - [2024-06-12T20:34:21.568+0000] {dag.py:2690} INFO - Sync 1 DAGs
[2024-06-12T20:34:22.616+0000] {logging_mixin.py:137} INFO - [2024-06-12T20:34:22.616+0000] {dag.py:3441} INFO - Setting next_dagrun for latest_only to 2024-06-12T16:34:22.615559+00:00, run_after=2024-06-12T20:34:22.615559+00:00
[2024-06-12T20:34:23.633+0000] {processor.py:175} INFO - Processing /home/airflow/.local/lib/python3.7/site-packages/airflow/example_dags/example_latest_only.py took 3.803 seconds
[2024-06-12T20:35:27.138+0000] {processor.py:153} INFO - Started process (PID=3325) to work on /home/airflow/.local/lib/python3.7/site-packages/airflow/example_dags/example_latest_only.py
[2024-06-12T20:35:27.216+0000] {processor.py:743} INFO - Processing file /home/airflow/.local/lib/python3.7/site-packages/airflow/example_dags/example_latest_only.py for tasks to queue
[2024-06-12T20:35:27.250+0000] {logging_mixin.py:137} INFO - [2024-06-12T20:35:27.250+0000] {dagbag.py:538} INFO - Filling up the DagBag from /home/airflow/.local/lib/python3.7/site-packages/airflow/example_dags/example_latest_only.py
[2024-06-12T20:35:27.682+0000] {processor.py:753} INFO - DAG(s) dict_keys(['latest_only']) retrieved from /home/airflow/.local/lib/python3.7/site-packages/airflow/example_dags/example_latest_only.py
[2024-06-12T20:35:28.530+0000] {logging_mixin.py:137} INFO - [2024-06-12T20:35:28.530+0000] {dag.py:2690} INFO - Sync 1 DAGs
[2024-06-12T20:35:30.163+0000] {logging_mixin.py:137} INFO - [2024-06-12T20:35:30.162+0000] {dag.py:3441} INFO - Setting next_dagrun for latest_only to 2024-06-12T16:35:30.162304+00:00, run_after=2024-06-12T20:35:30.162304+00:00
[2024-06-12T20:35:31.485+0000] {processor.py:175} INFO - Processing /home/airflow/.local/lib/python3.7/site-packages/airflow/example_dags/example_latest_only.py took 4.450 seconds
[2024-06-12T20:36:46.377+0000] {processor.py:153} INFO - Started process (PID=3397) to work on /home/airflow/.local/lib/python3.7/site-packages/airflow/example_dags/example_latest_only.py
[2024-06-12T20:36:46.407+0000] {processor.py:743} INFO - Processing file /home/airflow/.local/lib/python3.7/site-packages/airflow/example_dags/example_latest_only.py for tasks to queue
[2024-06-12T20:36:46.411+0000] {logging_mixin.py:137} INFO - [2024-06-12T20:36:46.410+0000] {dagbag.py:538} INFO - Filling up the DagBag from /home/airflow/.local/lib/python3.7/site-packages/airflow/example_dags/example_latest_only.py
[2024-06-12T20:36:47.371+0000] {processor.py:753} INFO - DAG(s) dict_keys(['latest_only']) retrieved from /home/airflow/.local/lib/python3.7/site-packages/airflow/example_dags/example_latest_only.py
[2024-06-12T20:36:48.123+0000] {logging_mixin.py:137} INFO - [2024-06-12T20:36:48.122+0000] {dag.py:2690} INFO - Sync 1 DAGs
[2024-06-12T20:36:49.596+0000] {logging_mixin.py:137} INFO - [2024-06-12T20:36:49.596+0000] {dag.py:3441} INFO - Setting next_dagrun for latest_only to 2024-06-12T16:36:49.595593+00:00, run_after=2024-06-12T20:36:49.595593+00:00
[2024-06-12T20:36:50.367+0000] {processor.py:175} INFO - Processing /home/airflow/.local/lib/python3.7/site-packages/airflow/example_dags/example_latest_only.py took 4.041 seconds
[2024-06-12T20:38:09.762+0000] {processor.py:153} INFO - Started process (PID=3473) to work on /home/airflow/.local/lib/python3.7/site-packages/airflow/example_dags/example_latest_only.py
[2024-06-12T20:38:09.919+0000] {processor.py:743} INFO - Processing file /home/airflow/.local/lib/python3.7/site-packages/airflow/example_dags/example_latest_only.py for tasks to queue
[2024-06-12T20:38:09.983+0000] {logging_mixin.py:137} INFO - [2024-06-12T20:38:09.983+0000] {dagbag.py:538} INFO - Filling up the DagBag from /home/airflow/.local/lib/python3.7/site-packages/airflow/example_dags/example_latest_only.py
[2024-06-12T20:38:10.821+0000] {processor.py:753} INFO - DAG(s) dict_keys(['latest_only']) retrieved from /home/airflow/.local/lib/python3.7/site-packages/airflow/example_dags/example_latest_only.py
[2024-06-12T20:38:12.163+0000] {logging_mixin.py:137} INFO - [2024-06-12T20:38:12.162+0000] {dag.py:2690} INFO - Sync 1 DAGs
[2024-06-12T20:38:13.181+0000] {logging_mixin.py:137} INFO - [2024-06-12T20:38:13.181+0000] {dag.py:3441} INFO - Setting next_dagrun for latest_only to 2024-06-12T16:38:13.179642+00:00, run_after=2024-06-12T20:38:13.179642+00:00
[2024-06-12T20:38:14.198+0000] {processor.py:175} INFO - Processing /home/airflow/.local/lib/python3.7/site-packages/airflow/example_dags/example_latest_only.py took 4.663 seconds
[2024-06-12T20:38:54.717+0000] {processor.py:153} INFO - Started process (PID=3524) to work on /home/airflow/.local/lib/python3.7/site-packages/airflow/example_dags/example_latest_only.py
[2024-06-12T20:38:54.730+0000] {processor.py:743} INFO - Processing file /home/airflow/.local/lib/python3.7/site-packages/airflow/example_dags/example_latest_only.py for tasks to queue
[2024-06-12T20:38:54.744+0000] {logging_mixin.py:137} INFO - [2024-06-12T20:38:54.743+0000] {dagbag.py:538} INFO - Filling up the DagBag from /home/airflow/.local/lib/python3.7/site-packages/airflow/example_dags/example_latest_only.py
[2024-06-12T20:38:55.009+0000] {processor.py:753} INFO - DAG(s) dict_keys(['latest_only']) retrieved from /home/airflow/.local/lib/python3.7/site-packages/airflow/example_dags/example_latest_only.py
[2024-06-12T20:38:55.382+0000] {logging_mixin.py:137} INFO - [2024-06-12T20:38:55.381+0000] {dag.py:2690} INFO - Sync 1 DAGs
[2024-06-12T20:38:56.032+0000] {logging_mixin.py:137} INFO - [2024-06-12T20:38:56.032+0000] {dag.py:3441} INFO - Setting next_dagrun for latest_only to 2024-06-12T16:38:56.031919+00:00, run_after=2024-06-12T20:38:56.031919+00:00
[2024-06-12T20:38:56.304+0000] {processor.py:175} INFO - Processing /home/airflow/.local/lib/python3.7/site-packages/airflow/example_dags/example_latest_only.py took 1.623 seconds
[2024-06-12T20:39:48.297+0000] {processor.py:153} INFO - Started process (PID=3586) to work on /home/airflow/.local/lib/python3.7/site-packages/airflow/example_dags/example_latest_only.py
[2024-06-12T20:39:48.341+0000] {processor.py:743} INFO - Processing file /home/airflow/.local/lib/python3.7/site-packages/airflow/example_dags/example_latest_only.py for tasks to queue
[2024-06-12T20:39:48.358+0000] {logging_mixin.py:137} INFO - [2024-06-12T20:39:48.358+0000] {dagbag.py:538} INFO - Filling up the DagBag from /home/airflow/.local/lib/python3.7/site-packages/airflow/example_dags/example_latest_only.py
[2024-06-12T20:39:48.794+0000] {processor.py:753} INFO - DAG(s) dict_keys(['latest_only']) retrieved from /home/airflow/.local/lib/python3.7/site-packages/airflow/example_dags/example_latest_only.py
[2024-06-12T20:39:49.307+0000] {logging_mixin.py:137} INFO - [2024-06-12T20:39:49.307+0000] {dag.py:2690} INFO - Sync 1 DAGs
[2024-06-12T20:39:50.242+0000] {logging_mixin.py:137} INFO - [2024-06-12T20:39:50.241+0000] {dag.py:3441} INFO - Setting next_dagrun for latest_only to 2024-06-12T16:39:50.240955+00:00, run_after=2024-06-12T20:39:50.240955+00:00
[2024-06-12T20:39:50.721+0000] {processor.py:175} INFO - Processing /home/airflow/.local/lib/python3.7/site-packages/airflow/example_dags/example_latest_only.py took 2.459 seconds
[2024-06-12T20:40:53.776+0000] {processor.py:153} INFO - Started process (PID=3664) to work on /home/airflow/.local/lib/python3.7/site-packages/airflow/example_dags/example_latest_only.py
[2024-06-12T20:40:53.792+0000] {processor.py:743} INFO - Processing file /home/airflow/.local/lib/python3.7/site-packages/airflow/example_dags/example_latest_only.py for tasks to queue
[2024-06-12T20:40:53.807+0000] {logging_mixin.py:137} INFO - [2024-06-12T20:40:53.805+0000] {dagbag.py:538} INFO - Filling up the DagBag from /home/airflow/.local/lib/python3.7/site-packages/airflow/example_dags/example_latest_only.py
[2024-06-12T20:40:54.273+0000] {processor.py:753} INFO - DAG(s) dict_keys(['latest_only']) retrieved from /home/airflow/.local/lib/python3.7/site-packages/airflow/example_dags/example_latest_only.py
[2024-06-12T20:40:54.759+0000] {logging_mixin.py:137} INFO - [2024-06-12T20:40:54.759+0000] {dag.py:2690} INFO - Sync 1 DAGs
[2024-06-12T20:40:55.168+0000] {logging_mixin.py:137} INFO - [2024-06-12T20:40:55.168+0000] {dag.py:3441} INFO - Setting next_dagrun for latest_only to 2024-06-12T16:40:55.167569+00:00, run_after=2024-06-12T20:40:55.167569+00:00
[2024-06-12T20:40:55.588+0000] {processor.py:175} INFO - Processing /home/airflow/.local/lib/python3.7/site-packages/airflow/example_dags/example_latest_only.py took 1.832 seconds
[2024-06-12T20:41:53.530+0000] {processor.py:153} INFO - Started process (PID=3733) to work on /home/airflow/.local/lib/python3.7/site-packages/airflow/example_dags/example_latest_only.py
[2024-06-12T20:41:53.535+0000] {processor.py:743} INFO - Processing file /home/airflow/.local/lib/python3.7/site-packages/airflow/example_dags/example_latest_only.py for tasks to queue
[2024-06-12T20:41:53.546+0000] {logging_mixin.py:137} INFO - [2024-06-12T20:41:53.546+0000] {dagbag.py:538} INFO - Filling up the DagBag from /home/airflow/.local/lib/python3.7/site-packages/airflow/example_dags/example_latest_only.py
[2024-06-12T20:41:53.814+0000] {processor.py:753} INFO - DAG(s) dict_keys(['latest_only']) retrieved from /home/airflow/.local/lib/python3.7/site-packages/airflow/example_dags/example_latest_only.py
[2024-06-12T20:41:54.140+0000] {logging_mixin.py:137} INFO - [2024-06-12T20:41:54.139+0000] {dag.py:2690} INFO - Sync 1 DAGs
[2024-06-12T20:41:54.504+0000] {logging_mixin.py:137} INFO - [2024-06-12T20:41:54.503+0000] {dag.py:3441} INFO - Setting next_dagrun for latest_only to 2024-06-12T16:41:54.502847+00:00, run_after=2024-06-12T20:41:54.502847+00:00
[2024-06-12T20:41:54.732+0000] {processor.py:175} INFO - Processing /home/airflow/.local/lib/python3.7/site-packages/airflow/example_dags/example_latest_only.py took 1.257 seconds
[2024-06-12T20:42:52.012+0000] {processor.py:153} INFO - Started process (PID=3796) to work on /home/airflow/.local/lib/python3.7/site-packages/airflow/example_dags/example_latest_only.py
[2024-06-12T20:42:52.026+0000] {processor.py:743} INFO - Processing file /home/airflow/.local/lib/python3.7/site-packages/airflow/example_dags/example_latest_only.py for tasks to queue
[2024-06-12T20:42:52.043+0000] {logging_mixin.py:137} INFO - [2024-06-12T20:42:52.042+0000] {dagbag.py:538} INFO - Filling up the DagBag from /home/airflow/.local/lib/python3.7/site-packages/airflow/example_dags/example_latest_only.py
[2024-06-12T20:42:52.222+0000] {processor.py:753} INFO - DAG(s) dict_keys(['latest_only']) retrieved from /home/airflow/.local/lib/python3.7/site-packages/airflow/example_dags/example_latest_only.py
[2024-06-12T20:42:52.534+0000] {logging_mixin.py:137} INFO - [2024-06-12T20:42:52.534+0000] {dag.py:2690} INFO - Sync 1 DAGs
[2024-06-12T20:42:53.031+0000] {logging_mixin.py:137} INFO - [2024-06-12T20:42:53.030+0000] {dag.py:3441} INFO - Setting next_dagrun for latest_only to 2024-06-12T16:42:53.029979+00:00, run_after=2024-06-12T20:42:53.029979+00:00
[2024-06-12T20:42:53.365+0000] {processor.py:175} INFO - Processing /home/airflow/.local/lib/python3.7/site-packages/airflow/example_dags/example_latest_only.py took 1.419 seconds
[2024-06-12T20:43:34.571+0000] {processor.py:153} INFO - Started process (PID=3846) to work on /home/airflow/.local/lib/python3.7/site-packages/airflow/example_dags/example_latest_only.py
[2024-06-12T20:43:34.631+0000] {processor.py:743} INFO - Processing file /home/airflow/.local/lib/python3.7/site-packages/airflow/example_dags/example_latest_only.py for tasks to queue
[2024-06-12T20:43:34.648+0000] {logging_mixin.py:137} INFO - [2024-06-12T20:43:34.648+0000] {dagbag.py:538} INFO - Filling up the DagBag from /home/airflow/.local/lib/python3.7/site-packages/airflow/example_dags/example_latest_only.py
[2024-06-12T20:43:34.939+0000] {processor.py:753} INFO - DAG(s) dict_keys(['latest_only']) retrieved from /home/airflow/.local/lib/python3.7/site-packages/airflow/example_dags/example_latest_only.py
[2024-06-12T20:43:35.215+0000] {logging_mixin.py:137} INFO - [2024-06-12T20:43:35.214+0000] {dag.py:2690} INFO - Sync 1 DAGs
[2024-06-12T20:43:35.907+0000] {logging_mixin.py:137} INFO - [2024-06-12T20:43:35.907+0000] {dag.py:3441} INFO - Setting next_dagrun for latest_only to 2024-06-12T16:43:35.906488+00:00, run_after=2024-06-12T20:43:35.906488+00:00
[2024-06-12T20:43:36.518+0000] {processor.py:175} INFO - Processing /home/airflow/.local/lib/python3.7/site-packages/airflow/example_dags/example_latest_only.py took 2.008 seconds
[2024-06-12T20:44:42.773+0000] {processor.py:153} INFO - Started process (PID=3922) to work on /home/airflow/.local/lib/python3.7/site-packages/airflow/example_dags/example_latest_only.py
[2024-06-12T20:44:42.801+0000] {processor.py:743} INFO - Processing file /home/airflow/.local/lib/python3.7/site-packages/airflow/example_dags/example_latest_only.py for tasks to queue
[2024-06-12T20:44:42.807+0000] {logging_mixin.py:137} INFO - [2024-06-12T20:44:42.806+0000] {dagbag.py:538} INFO - Filling up the DagBag from /home/airflow/.local/lib/python3.7/site-packages/airflow/example_dags/example_latest_only.py
[2024-06-12T20:44:43.385+0000] {processor.py:753} INFO - DAG(s) dict_keys(['latest_only']) retrieved from /home/airflow/.local/lib/python3.7/site-packages/airflow/example_dags/example_latest_only.py
[2024-06-12T20:44:43.911+0000] {logging_mixin.py:137} INFO - [2024-06-12T20:44:43.866+0000] {dag.py:2690} INFO - Sync 1 DAGs
[2024-06-12T20:44:44.556+0000] {logging_mixin.py:137} INFO - [2024-06-12T20:44:44.556+0000] {dag.py:3441} INFO - Setting next_dagrun for latest_only to 2024-06-12T16:44:44.555778+00:00, run_after=2024-06-12T20:44:44.555778+00:00
[2024-06-12T20:44:45.089+0000] {processor.py:175} INFO - Processing /home/airflow/.local/lib/python3.7/site-packages/airflow/example_dags/example_latest_only.py took 2.404 seconds
[2024-06-12T20:45:37.764+0000] {processor.py:153} INFO - Started process (PID=3995) to work on /home/airflow/.local/lib/python3.7/site-packages/airflow/example_dags/example_latest_only.py
[2024-06-12T20:45:37.772+0000] {processor.py:743} INFO - Processing file /home/airflow/.local/lib/python3.7/site-packages/airflow/example_dags/example_latest_only.py for tasks to queue
[2024-06-12T20:45:37.775+0000] {logging_mixin.py:137} INFO - [2024-06-12T20:45:37.775+0000] {dagbag.py:538} INFO - Filling up the DagBag from /home/airflow/.local/lib/python3.7/site-packages/airflow/example_dags/example_latest_only.py
[2024-06-12T20:45:37.886+0000] {processor.py:753} INFO - DAG(s) dict_keys(['latest_only']) retrieved from /home/airflow/.local/lib/python3.7/site-packages/airflow/example_dags/example_latest_only.py
[2024-06-12T20:45:38.176+0000] {logging_mixin.py:137} INFO - [2024-06-12T20:45:38.176+0000] {dag.py:2690} INFO - Sync 1 DAGs
[2024-06-12T20:45:38.607+0000] {logging_mixin.py:137} INFO - [2024-06-12T20:45:38.606+0000] {dag.py:3441} INFO - Setting next_dagrun for latest_only to 2024-06-12T16:45:38.606369+00:00, run_after=2024-06-12T20:45:38.606369+00:00
[2024-06-12T20:45:39.067+0000] {processor.py:175} INFO - Processing /home/airflow/.local/lib/python3.7/site-packages/airflow/example_dags/example_latest_only.py took 1.333 seconds
[2024-06-12T20:46:35.614+0000] {processor.py:153} INFO - Started process (PID=4066) to work on /home/airflow/.local/lib/python3.7/site-packages/airflow/example_dags/example_latest_only.py
[2024-06-12T20:46:35.646+0000] {processor.py:743} INFO - Processing file /home/airflow/.local/lib/python3.7/site-packages/airflow/example_dags/example_latest_only.py for tasks to queue
[2024-06-12T20:46:35.660+0000] {logging_mixin.py:137} INFO - [2024-06-12T20:46:35.660+0000] {dagbag.py:538} INFO - Filling up the DagBag from /home/airflow/.local/lib/python3.7/site-packages/airflow/example_dags/example_latest_only.py
[2024-06-12T20:46:36.108+0000] {processor.py:753} INFO - DAG(s) dict_keys(['latest_only']) retrieved from /home/airflow/.local/lib/python3.7/site-packages/airflow/example_dags/example_latest_only.py
[2024-06-12T20:46:37.111+0000] {logging_mixin.py:137} INFO - [2024-06-12T20:46:37.082+0000] {dag.py:2690} INFO - Sync 1 DAGs
[2024-06-12T20:46:38.116+0000] {logging_mixin.py:137} INFO - [2024-06-12T20:46:38.115+0000] {dag.py:3441} INFO - Setting next_dagrun for latest_only to 2024-06-12T16:46:38.115056+00:00, run_after=2024-06-12T20:46:38.115056+00:00
[2024-06-12T20:46:38.620+0000] {processor.py:175} INFO - Processing /home/airflow/.local/lib/python3.7/site-packages/airflow/example_dags/example_latest_only.py took 3.122 seconds
[2024-06-12T20:47:56.510+0000] {processor.py:153} INFO - Started process (PID=4150) to work on /home/airflow/.local/lib/python3.7/site-packages/airflow/example_dags/example_latest_only.py
[2024-06-12T20:47:56.555+0000] {processor.py:743} INFO - Processing file /home/airflow/.local/lib/python3.7/site-packages/airflow/example_dags/example_latest_only.py for tasks to queue
[2024-06-12T20:47:56.572+0000] {logging_mixin.py:137} INFO - [2024-06-12T20:47:56.571+0000] {dagbag.py:538} INFO - Filling up the DagBag from /home/airflow/.local/lib/python3.7/site-packages/airflow/example_dags/example_latest_only.py
[2024-06-12T20:47:56.919+0000] {processor.py:753} INFO - DAG(s) dict_keys(['latest_only']) retrieved from /home/airflow/.local/lib/python3.7/site-packages/airflow/example_dags/example_latest_only.py
[2024-06-12T20:47:57.581+0000] {logging_mixin.py:137} INFO - [2024-06-12T20:47:57.580+0000] {dag.py:2690} INFO - Sync 1 DAGs
[2024-06-12T20:47:59.226+0000] {logging_mixin.py:137} INFO - [2024-06-12T20:47:59.225+0000] {dag.py:3441} INFO - Setting next_dagrun for latest_only to 2024-06-12T16:47:59.164617+00:00, run_after=2024-06-12T20:47:59.164617+00:00
[2024-06-12T20:48:00.372+0000] {processor.py:175} INFO - Processing /home/airflow/.local/lib/python3.7/site-packages/airflow/example_dags/example_latest_only.py took 3.945 seconds
