[2024-06-12T19:44:02.202+0000] {processor.py:153} INFO - Started process (PID=204) to work on /home/airflow/.local/lib/python3.7/site-packages/airflow/example_dags/example_task_group_decorator.py
[2024-06-12T19:44:02.222+0000] {processor.py:743} INFO - Processing file /home/airflow/.local/lib/python3.7/site-packages/airflow/example_dags/example_task_group_decorator.py for tasks to queue
[2024-06-12T19:44:02.241+0000] {logging_mixin.py:137} INFO - [2024-06-12T19:44:02.240+0000] {dagbag.py:538} INFO - Filling up the DagBag from /home/airflow/.local/lib/python3.7/site-packages/airflow/example_dags/example_task_group_decorator.py
[2024-06-12T19:44:03.771+0000] {processor.py:753} INFO - DAG(s) dict_keys(['example_task_group_decorator']) retrieved from /home/airflow/.local/lib/python3.7/site-packages/airflow/example_dags/example_task_group_decorator.py
[2024-06-12T19:44:05.275+0000] {logging_mixin.py:137} INFO - [2024-06-12T19:44:05.275+0000] {dag.py:2690} INFO - Sync 1 DAGs
[2024-06-12T19:44:06.767+0000] {logging_mixin.py:137} INFO - [2024-06-12T19:44:06.767+0000] {dag.py:3441} INFO - Setting next_dagrun for example_task_group_decorator to 2024-06-11T19:44:06.766736+00:00, run_after=2024-06-12T19:44:06.766736+00:00
[2024-06-12T19:44:07.788+0000] {processor.py:175} INFO - Processing /home/airflow/.local/lib/python3.7/site-packages/airflow/example_dags/example_task_group_decorator.py took 5.579 seconds
[2024-06-12T19:47:44.217+0000] {processor.py:153} INFO - Started process (PID=384) to work on /home/airflow/.local/lib/python3.7/site-packages/airflow/example_dags/example_task_group_decorator.py
[2024-06-12T19:47:44.253+0000] {processor.py:743} INFO - Processing file /home/airflow/.local/lib/python3.7/site-packages/airflow/example_dags/example_task_group_decorator.py for tasks to queue
[2024-06-12T19:47:44.272+0000] {logging_mixin.py:137} INFO - [2024-06-12T19:47:44.271+0000] {dagbag.py:538} INFO - Filling up the DagBag from /home/airflow/.local/lib/python3.7/site-packages/airflow/example_dags/example_task_group_decorator.py
[2024-06-12T19:47:45.472+0000] {processor.py:753} INFO - DAG(s) dict_keys(['example_task_group_decorator']) retrieved from /home/airflow/.local/lib/python3.7/site-packages/airflow/example_dags/example_task_group_decorator.py
[2024-06-12T19:47:46.160+0000] {logging_mixin.py:137} INFO - [2024-06-12T19:47:46.159+0000] {dag.py:2690} INFO - Sync 1 DAGs
[2024-06-12T19:47:47.096+0000] {logging_mixin.py:137} INFO - [2024-06-12T19:47:47.091+0000] {dag.py:3441} INFO - Setting next_dagrun for example_task_group_decorator to 2024-06-11T19:47:47.090656+00:00, run_after=2024-06-12T19:47:47.090656+00:00
[2024-06-12T19:47:47.506+0000] {processor.py:175} INFO - Processing /home/airflow/.local/lib/python3.7/site-packages/airflow/example_dags/example_task_group_decorator.py took 3.442 seconds
[2024-06-12T19:48:27.453+0000] {processor.py:153} INFO - Started process (PID=455) to work on /home/airflow/.local/lib/python3.7/site-packages/airflow/example_dags/example_task_group_decorator.py
[2024-06-12T19:48:27.457+0000] {processor.py:743} INFO - Processing file /home/airflow/.local/lib/python3.7/site-packages/airflow/example_dags/example_task_group_decorator.py for tasks to queue
[2024-06-12T19:48:27.495+0000] {logging_mixin.py:137} INFO - [2024-06-12T19:48:27.482+0000] {dagbag.py:538} INFO - Filling up the DagBag from /home/airflow/.local/lib/python3.7/site-packages/airflow/example_dags/example_task_group_decorator.py
[2024-06-12T19:48:27.826+0000] {processor.py:753} INFO - DAG(s) dict_keys(['example_task_group_decorator']) retrieved from /home/airflow/.local/lib/python3.7/site-packages/airflow/example_dags/example_task_group_decorator.py
[2024-06-12T19:48:28.053+0000] {logging_mixin.py:137} INFO - [2024-06-12T19:48:28.053+0000] {dag.py:2690} INFO - Sync 1 DAGs
[2024-06-12T19:48:28.223+0000] {logging_mixin.py:137} INFO - [2024-06-12T19:48:28.223+0000] {dag.py:3441} INFO - Setting next_dagrun for example_task_group_decorator to 2024-06-11T19:48:28.222998+00:00, run_after=2024-06-12T19:48:28.222998+00:00
[2024-06-12T19:48:28.302+0000] {processor.py:175} INFO - Processing /home/airflow/.local/lib/python3.7/site-packages/airflow/example_dags/example_task_group_decorator.py took 0.862 seconds
[2024-06-12T19:49:02.624+0000] {processor.py:153} INFO - Started process (PID=519) to work on /home/airflow/.local/lib/python3.7/site-packages/airflow/example_dags/example_task_group_decorator.py
[2024-06-12T19:49:02.637+0000] {processor.py:743} INFO - Processing file /home/airflow/.local/lib/python3.7/site-packages/airflow/example_dags/example_task_group_decorator.py for tasks to queue
[2024-06-12T19:49:02.660+0000] {logging_mixin.py:137} INFO - [2024-06-12T19:49:02.660+0000] {dagbag.py:538} INFO - Filling up the DagBag from /home/airflow/.local/lib/python3.7/site-packages/airflow/example_dags/example_task_group_decorator.py
[2024-06-12T19:49:03.263+0000] {processor.py:753} INFO - DAG(s) dict_keys(['example_task_group_decorator']) retrieved from /home/airflow/.local/lib/python3.7/site-packages/airflow/example_dags/example_task_group_decorator.py
[2024-06-12T19:49:03.591+0000] {logging_mixin.py:137} INFO - [2024-06-12T19:49:03.590+0000] {dag.py:2690} INFO - Sync 1 DAGs
[2024-06-12T19:49:03.994+0000] {logging_mixin.py:137} INFO - [2024-06-12T19:49:03.993+0000] {dag.py:3441} INFO - Setting next_dagrun for example_task_group_decorator to 2024-06-11T19:49:03.992987+00:00, run_after=2024-06-12T19:49:03.992987+00:00
[2024-06-12T19:49:04.190+0000] {processor.py:175} INFO - Processing /home/airflow/.local/lib/python3.7/site-packages/airflow/example_dags/example_task_group_decorator.py took 1.599 seconds
[2024-06-12T19:49:34.807+0000] {processor.py:153} INFO - Started process (PID=578) to work on /home/airflow/.local/lib/python3.7/site-packages/airflow/example_dags/example_task_group_decorator.py
[2024-06-12T19:49:34.836+0000] {processor.py:743} INFO - Processing file /home/airflow/.local/lib/python3.7/site-packages/airflow/example_dags/example_task_group_decorator.py for tasks to queue
[2024-06-12T19:49:34.855+0000] {logging_mixin.py:137} INFO - [2024-06-12T19:49:34.855+0000] {dagbag.py:538} INFO - Filling up the DagBag from /home/airflow/.local/lib/python3.7/site-packages/airflow/example_dags/example_task_group_decorator.py
[2024-06-12T19:49:35.390+0000] {processor.py:753} INFO - DAG(s) dict_keys(['example_task_group_decorator']) retrieved from /home/airflow/.local/lib/python3.7/site-packages/airflow/example_dags/example_task_group_decorator.py
[2024-06-12T19:49:35.646+0000] {logging_mixin.py:137} INFO - [2024-06-12T19:49:35.646+0000] {dag.py:2690} INFO - Sync 1 DAGs
[2024-06-12T19:49:36.016+0000] {logging_mixin.py:137} INFO - [2024-06-12T19:49:36.016+0000] {dag.py:3441} INFO - Setting next_dagrun for example_task_group_decorator to 2024-06-11T19:49:36.016056+00:00, run_after=2024-06-12T19:49:36.016056+00:00
[2024-06-12T19:49:36.186+0000] {processor.py:175} INFO - Processing /home/airflow/.local/lib/python3.7/site-packages/airflow/example_dags/example_task_group_decorator.py took 1.406 seconds
[2024-06-12T19:50:08.758+0000] {processor.py:153} INFO - Started process (PID=635) to work on /home/airflow/.local/lib/python3.7/site-packages/airflow/example_dags/example_task_group_decorator.py
[2024-06-12T19:50:08.766+0000] {processor.py:743} INFO - Processing file /home/airflow/.local/lib/python3.7/site-packages/airflow/example_dags/example_task_group_decorator.py for tasks to queue
[2024-06-12T19:50:08.772+0000] {logging_mixin.py:137} INFO - [2024-06-12T19:50:08.771+0000] {dagbag.py:538} INFO - Filling up the DagBag from /home/airflow/.local/lib/python3.7/site-packages/airflow/example_dags/example_task_group_decorator.py
[2024-06-12T19:50:09.017+0000] {processor.py:753} INFO - DAG(s) dict_keys(['example_task_group_decorator']) retrieved from /home/airflow/.local/lib/python3.7/site-packages/airflow/example_dags/example_task_group_decorator.py
[2024-06-12T19:50:09.146+0000] {logging_mixin.py:137} INFO - [2024-06-12T19:50:09.145+0000] {dag.py:2690} INFO - Sync 1 DAGs
[2024-06-12T19:50:09.307+0000] {logging_mixin.py:137} INFO - [2024-06-12T19:50:09.306+0000] {dag.py:3441} INFO - Setting next_dagrun for example_task_group_decorator to 2024-06-11T19:50:09.305963+00:00, run_after=2024-06-12T19:50:09.305963+00:00
[2024-06-12T19:50:09.504+0000] {processor.py:175} INFO - Processing /home/airflow/.local/lib/python3.7/site-packages/airflow/example_dags/example_task_group_decorator.py took 0.781 seconds
[2024-06-12T19:51:25.907+0000] {processor.py:153} INFO - Started process (PID=722) to work on /home/airflow/.local/lib/python3.7/site-packages/airflow/example_dags/example_task_group_decorator.py
[2024-06-12T19:51:25.928+0000] {processor.py:743} INFO - Processing file /home/airflow/.local/lib/python3.7/site-packages/airflow/example_dags/example_task_group_decorator.py for tasks to queue
[2024-06-12T19:51:25.992+0000] {logging_mixin.py:137} INFO - [2024-06-12T19:51:25.979+0000] {dagbag.py:538} INFO - Filling up the DagBag from /home/airflow/.local/lib/python3.7/site-packages/airflow/example_dags/example_task_group_decorator.py
[2024-06-12T19:51:26.705+0000] {processor.py:753} INFO - DAG(s) dict_keys(['example_task_group_decorator']) retrieved from /home/airflow/.local/lib/python3.7/site-packages/airflow/example_dags/example_task_group_decorator.py
[2024-06-12T19:51:27.060+0000] {logging_mixin.py:137} INFO - [2024-06-12T19:51:27.060+0000] {dag.py:2690} INFO - Sync 1 DAGs
[2024-06-12T19:51:27.597+0000] {logging_mixin.py:137} INFO - [2024-06-12T19:51:27.593+0000] {dag.py:3441} INFO - Setting next_dagrun for example_task_group_decorator to 2024-06-11T19:51:27.592571+00:00, run_after=2024-06-12T19:51:27.592571+00:00
[2024-06-12T19:51:28.117+0000] {processor.py:175} INFO - Processing /home/airflow/.local/lib/python3.7/site-packages/airflow/example_dags/example_task_group_decorator.py took 2.273 seconds
[2024-06-12T19:52:18.709+0000] {processor.py:153} INFO - Started process (PID=797) to work on /home/airflow/.local/lib/python3.7/site-packages/airflow/example_dags/example_task_group_decorator.py
[2024-06-12T19:52:18.742+0000] {processor.py:743} INFO - Processing file /home/airflow/.local/lib/python3.7/site-packages/airflow/example_dags/example_task_group_decorator.py for tasks to queue
[2024-06-12T19:52:18.757+0000] {logging_mixin.py:137} INFO - [2024-06-12T19:52:18.754+0000] {dagbag.py:538} INFO - Filling up the DagBag from /home/airflow/.local/lib/python3.7/site-packages/airflow/example_dags/example_task_group_decorator.py
[2024-06-12T19:52:19.177+0000] {processor.py:753} INFO - DAG(s) dict_keys(['example_task_group_decorator']) retrieved from /home/airflow/.local/lib/python3.7/site-packages/airflow/example_dags/example_task_group_decorator.py
[2024-06-12T19:52:19.680+0000] {logging_mixin.py:137} INFO - [2024-06-12T19:52:19.680+0000] {dag.py:2690} INFO - Sync 1 DAGs
[2024-06-12T19:52:20.799+0000] {logging_mixin.py:137} INFO - [2024-06-12T19:52:20.799+0000] {dag.py:3441} INFO - Setting next_dagrun for example_task_group_decorator to 2024-06-11T19:52:20.798441+00:00, run_after=2024-06-12T19:52:20.798441+00:00
[2024-06-12T19:52:21.686+0000] {processor.py:175} INFO - Processing /home/airflow/.local/lib/python3.7/site-packages/airflow/example_dags/example_task_group_decorator.py took 3.060 seconds
[2024-06-12T19:53:04.712+0000] {processor.py:153} INFO - Started process (PID=859) to work on /home/airflow/.local/lib/python3.7/site-packages/airflow/example_dags/example_task_group_decorator.py
[2024-06-12T19:53:04.759+0000] {processor.py:743} INFO - Processing file /home/airflow/.local/lib/python3.7/site-packages/airflow/example_dags/example_task_group_decorator.py for tasks to queue
[2024-06-12T19:53:04.855+0000] {logging_mixin.py:137} INFO - [2024-06-12T19:53:04.855+0000] {dagbag.py:538} INFO - Filling up the DagBag from /home/airflow/.local/lib/python3.7/site-packages/airflow/example_dags/example_task_group_decorator.py
[2024-06-12T19:53:05.597+0000] {processor.py:753} INFO - DAG(s) dict_keys(['example_task_group_decorator']) retrieved from /home/airflow/.local/lib/python3.7/site-packages/airflow/example_dags/example_task_group_decorator.py
[2024-06-12T19:53:05.999+0000] {logging_mixin.py:137} INFO - [2024-06-12T19:53:05.998+0000] {dag.py:2690} INFO - Sync 1 DAGs
[2024-06-12T19:53:06.269+0000] {logging_mixin.py:137} INFO - [2024-06-12T19:53:06.268+0000] {dag.py:3441} INFO - Setting next_dagrun for example_task_group_decorator to 2024-06-11T19:53:06.267485+00:00, run_after=2024-06-12T19:53:06.267485+00:00
[2024-06-12T19:53:06.458+0000] {processor.py:175} INFO - Processing /home/airflow/.local/lib/python3.7/site-packages/airflow/example_dags/example_task_group_decorator.py took 1.780 seconds
[2024-06-12T19:53:45.674+0000] {processor.py:153} INFO - Started process (PID=923) to work on /home/airflow/.local/lib/python3.7/site-packages/airflow/example_dags/example_task_group_decorator.py
[2024-06-12T19:53:45.716+0000] {processor.py:743} INFO - Processing file /home/airflow/.local/lib/python3.7/site-packages/airflow/example_dags/example_task_group_decorator.py for tasks to queue
[2024-06-12T19:53:45.718+0000] {logging_mixin.py:137} INFO - [2024-06-12T19:53:45.718+0000] {dagbag.py:538} INFO - Filling up the DagBag from /home/airflow/.local/lib/python3.7/site-packages/airflow/example_dags/example_task_group_decorator.py
[2024-06-12T19:53:46.034+0000] {processor.py:753} INFO - DAG(s) dict_keys(['example_task_group_decorator']) retrieved from /home/airflow/.local/lib/python3.7/site-packages/airflow/example_dags/example_task_group_decorator.py
[2024-06-12T19:53:46.327+0000] {logging_mixin.py:137} INFO - [2024-06-12T19:53:46.327+0000] {dag.py:2690} INFO - Sync 1 DAGs
[2024-06-12T19:53:46.585+0000] {logging_mixin.py:137} INFO - [2024-06-12T19:53:46.585+0000] {dag.py:3441} INFO - Setting next_dagrun for example_task_group_decorator to 2024-06-11T19:53:46.584810+00:00, run_after=2024-06-12T19:53:46.584810+00:00
[2024-06-12T19:53:46.894+0000] {processor.py:175} INFO - Processing /home/airflow/.local/lib/python3.7/site-packages/airflow/example_dags/example_task_group_decorator.py took 1.263 seconds
[2024-06-12T19:54:24.426+0000] {processor.py:153} INFO - Started process (PID=985) to work on /home/airflow/.local/lib/python3.7/site-packages/airflow/example_dags/example_task_group_decorator.py
[2024-06-12T19:54:24.493+0000] {processor.py:743} INFO - Processing file /home/airflow/.local/lib/python3.7/site-packages/airflow/example_dags/example_task_group_decorator.py for tasks to queue
[2024-06-12T19:54:24.510+0000] {logging_mixin.py:137} INFO - [2024-06-12T19:54:24.509+0000] {dagbag.py:538} INFO - Filling up the DagBag from /home/airflow/.local/lib/python3.7/site-packages/airflow/example_dags/example_task_group_decorator.py
[2024-06-12T19:54:25.087+0000] {processor.py:753} INFO - DAG(s) dict_keys(['example_task_group_decorator']) retrieved from /home/airflow/.local/lib/python3.7/site-packages/airflow/example_dags/example_task_group_decorator.py
[2024-06-12T19:54:25.347+0000] {logging_mixin.py:137} INFO - [2024-06-12T19:54:25.347+0000] {dag.py:2690} INFO - Sync 1 DAGs
[2024-06-12T19:54:25.678+0000] {logging_mixin.py:137} INFO - [2024-06-12T19:54:25.677+0000] {dag.py:3441} INFO - Setting next_dagrun for example_task_group_decorator to 2024-06-11T19:54:25.677104+00:00, run_after=2024-06-12T19:54:25.677104+00:00
[2024-06-12T19:54:25.882+0000] {processor.py:175} INFO - Processing /home/airflow/.local/lib/python3.7/site-packages/airflow/example_dags/example_task_group_decorator.py took 1.567 seconds
[2024-06-12T19:55:19.368+0000] {processor.py:153} INFO - Started process (PID=1045) to work on /home/airflow/.local/lib/python3.7/site-packages/airflow/example_dags/example_task_group_decorator.py
[2024-06-12T19:55:19.384+0000] {processor.py:743} INFO - Processing file /home/airflow/.local/lib/python3.7/site-packages/airflow/example_dags/example_task_group_decorator.py for tasks to queue
[2024-06-12T19:55:19.414+0000] {logging_mixin.py:137} INFO - [2024-06-12T19:55:19.412+0000] {dagbag.py:538} INFO - Filling up the DagBag from /home/airflow/.local/lib/python3.7/site-packages/airflow/example_dags/example_task_group_decorator.py
[2024-06-12T19:55:20.469+0000] {processor.py:753} INFO - DAG(s) dict_keys(['example_task_group_decorator']) retrieved from /home/airflow/.local/lib/python3.7/site-packages/airflow/example_dags/example_task_group_decorator.py
[2024-06-12T19:55:20.949+0000] {logging_mixin.py:137} INFO - [2024-06-12T19:55:20.949+0000] {dag.py:2690} INFO - Sync 1 DAGs
[2024-06-12T19:55:21.321+0000] {logging_mixin.py:137} INFO - [2024-06-12T19:55:21.320+0000] {dag.py:3441} INFO - Setting next_dagrun for example_task_group_decorator to 2024-06-11T19:55:21.319730+00:00, run_after=2024-06-12T19:55:21.319730+00:00
[2024-06-12T19:55:21.545+0000] {processor.py:175} INFO - Processing /home/airflow/.local/lib/python3.7/site-packages/airflow/example_dags/example_task_group_decorator.py took 2.299 seconds
[2024-06-12T19:56:12.025+0000] {processor.py:153} INFO - Started process (PID=1124) to work on /home/airflow/.local/lib/python3.7/site-packages/airflow/example_dags/example_task_group_decorator.py
[2024-06-12T19:56:12.041+0000] {processor.py:743} INFO - Processing file /home/airflow/.local/lib/python3.7/site-packages/airflow/example_dags/example_task_group_decorator.py for tasks to queue
[2024-06-12T19:56:12.043+0000] {logging_mixin.py:137} INFO - [2024-06-12T19:56:12.043+0000] {dagbag.py:538} INFO - Filling up the DagBag from /home/airflow/.local/lib/python3.7/site-packages/airflow/example_dags/example_task_group_decorator.py
[2024-06-12T19:56:12.408+0000] {processor.py:753} INFO - DAG(s) dict_keys(['example_task_group_decorator']) retrieved from /home/airflow/.local/lib/python3.7/site-packages/airflow/example_dags/example_task_group_decorator.py
[2024-06-12T19:56:12.641+0000] {logging_mixin.py:137} INFO - [2024-06-12T19:56:12.641+0000] {dag.py:2690} INFO - Sync 1 DAGs
[2024-06-12T19:56:13.272+0000] {logging_mixin.py:137} INFO - [2024-06-12T19:56:13.272+0000] {dag.py:3441} INFO - Setting next_dagrun for example_task_group_decorator to 2024-06-11T19:56:13.271642+00:00, run_after=2024-06-12T19:56:13.271642+00:00
[2024-06-12T19:56:13.394+0000] {processor.py:175} INFO - Processing /home/airflow/.local/lib/python3.7/site-packages/airflow/example_dags/example_task_group_decorator.py took 1.406 seconds
[2024-06-12T19:56:53.820+0000] {processor.py:153} INFO - Started process (PID=1188) to work on /home/airflow/.local/lib/python3.7/site-packages/airflow/example_dags/example_task_group_decorator.py
[2024-06-12T19:56:53.849+0000] {processor.py:743} INFO - Processing file /home/airflow/.local/lib/python3.7/site-packages/airflow/example_dags/example_task_group_decorator.py for tasks to queue
[2024-06-12T19:56:53.866+0000] {logging_mixin.py:137} INFO - [2024-06-12T19:56:53.866+0000] {dagbag.py:538} INFO - Filling up the DagBag from /home/airflow/.local/lib/python3.7/site-packages/airflow/example_dags/example_task_group_decorator.py
[2024-06-12T19:56:54.531+0000] {processor.py:753} INFO - DAG(s) dict_keys(['example_task_group_decorator']) retrieved from /home/airflow/.local/lib/python3.7/site-packages/airflow/example_dags/example_task_group_decorator.py
[2024-06-12T19:56:55.320+0000] {logging_mixin.py:137} INFO - [2024-06-12T19:56:55.320+0000] {dag.py:2690} INFO - Sync 1 DAGs
[2024-06-12T19:56:56.298+0000] {logging_mixin.py:137} INFO - [2024-06-12T19:56:56.298+0000] {dag.py:3441} INFO - Setting next_dagrun for example_task_group_decorator to 2024-06-11T19:56:56.297433+00:00, run_after=2024-06-12T19:56:56.297433+00:00
[2024-06-12T19:56:56.915+0000] {processor.py:175} INFO - Processing /home/airflow/.local/lib/python3.7/site-packages/airflow/example_dags/example_task_group_decorator.py took 3.177 seconds
[2024-06-12T19:58:21.120+0000] {processor.py:153} INFO - Started process (PID=1269) to work on /home/airflow/.local/lib/python3.7/site-packages/airflow/example_dags/example_task_group_decorator.py
[2024-06-12T19:58:21.150+0000] {processor.py:743} INFO - Processing file /home/airflow/.local/lib/python3.7/site-packages/airflow/example_dags/example_task_group_decorator.py for tasks to queue
[2024-06-12T19:58:21.197+0000] {logging_mixin.py:137} INFO - [2024-06-12T19:58:21.197+0000] {dagbag.py:538} INFO - Filling up the DagBag from /home/airflow/.local/lib/python3.7/site-packages/airflow/example_dags/example_task_group_decorator.py
[2024-06-12T19:58:22.335+0000] {processor.py:753} INFO - DAG(s) dict_keys(['example_task_group_decorator']) retrieved from /home/airflow/.local/lib/python3.7/site-packages/airflow/example_dags/example_task_group_decorator.py
[2024-06-12T19:58:23.277+0000] {logging_mixin.py:137} INFO - [2024-06-12T19:58:23.276+0000] {dag.py:2690} INFO - Sync 1 DAGs
[2024-06-12T19:58:24.327+0000] {logging_mixin.py:137} INFO - [2024-06-12T19:58:24.327+0000] {dag.py:3441} INFO - Setting next_dagrun for example_task_group_decorator to 2024-06-11T19:58:24.326961+00:00, run_after=2024-06-12T19:58:24.326961+00:00
[2024-06-12T19:58:25.544+0000] {processor.py:175} INFO - Processing /home/airflow/.local/lib/python3.7/site-packages/airflow/example_dags/example_task_group_decorator.py took 4.623 seconds
[2024-06-12T20:02:37.913+0000] {processor.py:153} INFO - Started process (PID=1465) to work on /home/airflow/.local/lib/python3.7/site-packages/airflow/example_dags/example_task_group_decorator.py
[2024-06-12T20:02:37.933+0000] {processor.py:743} INFO - Processing file /home/airflow/.local/lib/python3.7/site-packages/airflow/example_dags/example_task_group_decorator.py for tasks to queue
[2024-06-12T20:02:37.986+0000] {logging_mixin.py:137} INFO - [2024-06-12T20:02:37.986+0000] {dagbag.py:538} INFO - Filling up the DagBag from /home/airflow/.local/lib/python3.7/site-packages/airflow/example_dags/example_task_group_decorator.py
[2024-06-12T20:02:40.303+0000] {processor.py:753} INFO - DAG(s) dict_keys(['example_task_group_decorator']) retrieved from /home/airflow/.local/lib/python3.7/site-packages/airflow/example_dags/example_task_group_decorator.py
[2024-06-12T20:02:41.980+0000] {logging_mixin.py:137} INFO - [2024-06-12T20:02:41.980+0000] {dag.py:2690} INFO - Sync 1 DAGs
[2024-06-12T20:02:44.359+0000] {logging_mixin.py:137} INFO - [2024-06-12T20:02:44.359+0000] {dag.py:3441} INFO - Setting next_dagrun for example_task_group_decorator to 2024-06-11T20:02:44.358969+00:00, run_after=2024-06-12T20:02:44.358969+00:00
[2024-06-12T20:02:46.194+0000] {processor.py:175} INFO - Processing /home/airflow/.local/lib/python3.7/site-packages/airflow/example_dags/example_task_group_decorator.py took 8.537 seconds
[2024-06-12T20:08:30.710+0000] {processor.py:153} INFO - Started process (PID=1722) to work on /home/airflow/.local/lib/python3.7/site-packages/airflow/example_dags/example_task_group_decorator.py
[2024-06-12T20:08:30.821+0000] {processor.py:743} INFO - Processing file /home/airflow/.local/lib/python3.7/site-packages/airflow/example_dags/example_task_group_decorator.py for tasks to queue
[2024-06-12T20:08:30.875+0000] {logging_mixin.py:137} INFO - [2024-06-12T20:08:30.875+0000] {dagbag.py:538} INFO - Filling up the DagBag from /home/airflow/.local/lib/python3.7/site-packages/airflow/example_dags/example_task_group_decorator.py
[2024-06-12T20:08:33.507+0000] {processor.py:753} INFO - DAG(s) dict_keys(['example_task_group_decorator']) retrieved from /home/airflow/.local/lib/python3.7/site-packages/airflow/example_dags/example_task_group_decorator.py
[2024-06-12T20:08:36.127+0000] {logging_mixin.py:137} INFO - [2024-06-12T20:08:36.126+0000] {dag.py:2690} INFO - Sync 1 DAGs
[2024-06-12T20:08:38.156+0000] {logging_mixin.py:137} INFO - [2024-06-12T20:08:38.155+0000] {dag.py:3441} INFO - Setting next_dagrun for example_task_group_decorator to 2024-06-11T20:08:38.154599+00:00, run_after=2024-06-12T20:08:38.154599+00:00
[2024-06-12T20:08:40.484+0000] {processor.py:175} INFO - Processing /home/airflow/.local/lib/python3.7/site-packages/airflow/example_dags/example_task_group_decorator.py took 9.826 seconds
[2024-06-12T20:13:46.802+0000] {processor.py:153} INFO - Started process (PID=1972) to work on /home/airflow/.local/lib/python3.7/site-packages/airflow/example_dags/example_task_group_decorator.py
[2024-06-12T20:13:46.832+0000] {processor.py:743} INFO - Processing file /home/airflow/.local/lib/python3.7/site-packages/airflow/example_dags/example_task_group_decorator.py for tasks to queue
[2024-06-12T20:13:46.840+0000] {logging_mixin.py:137} INFO - [2024-06-12T20:13:46.840+0000] {dagbag.py:538} INFO - Filling up the DagBag from /home/airflow/.local/lib/python3.7/site-packages/airflow/example_dags/example_task_group_decorator.py
[2024-06-12T20:13:47.532+0000] {processor.py:753} INFO - DAG(s) dict_keys(['example_task_group_decorator']) retrieved from /home/airflow/.local/lib/python3.7/site-packages/airflow/example_dags/example_task_group_decorator.py
[2024-06-12T20:13:47.933+0000] {logging_mixin.py:137} INFO - [2024-06-12T20:13:47.933+0000] {dag.py:2690} INFO - Sync 1 DAGs
[2024-06-12T20:13:48.580+0000] {logging_mixin.py:137} INFO - [2024-06-12T20:13:48.580+0000] {dag.py:3441} INFO - Setting next_dagrun for example_task_group_decorator to 2024-06-11T20:13:48.578866+00:00, run_after=2024-06-12T20:13:48.578866+00:00
[2024-06-12T20:13:49.339+0000] {processor.py:175} INFO - Processing /home/airflow/.local/lib/python3.7/site-packages/airflow/example_dags/example_task_group_decorator.py took 2.581 seconds
[2024-06-12T20:15:20.744+0000] {processor.py:153} INFO - Started process (PID=2081) to work on /home/airflow/.local/lib/python3.7/site-packages/airflow/example_dags/example_task_group_decorator.py
[2024-06-12T20:15:20.761+0000] {processor.py:743} INFO - Processing file /home/airflow/.local/lib/python3.7/site-packages/airflow/example_dags/example_task_group_decorator.py for tasks to queue
[2024-06-12T20:15:20.788+0000] {logging_mixin.py:137} INFO - [2024-06-12T20:15:20.787+0000] {dagbag.py:538} INFO - Filling up the DagBag from /home/airflow/.local/lib/python3.7/site-packages/airflow/example_dags/example_task_group_decorator.py
[2024-06-12T20:15:21.296+0000] {processor.py:753} INFO - DAG(s) dict_keys(['example_task_group_decorator']) retrieved from /home/airflow/.local/lib/python3.7/site-packages/airflow/example_dags/example_task_group_decorator.py
[2024-06-12T20:15:21.743+0000] {logging_mixin.py:137} INFO - [2024-06-12T20:15:21.743+0000] {dag.py:2690} INFO - Sync 1 DAGs
[2024-06-12T20:15:22.569+0000] {logging_mixin.py:137} INFO - [2024-06-12T20:15:22.568+0000] {dag.py:3441} INFO - Setting next_dagrun for example_task_group_decorator to 2024-06-11T20:15:22.567978+00:00, run_after=2024-06-12T20:15:22.567978+00:00
[2024-06-12T20:15:23.019+0000] {processor.py:175} INFO - Processing /home/airflow/.local/lib/python3.7/site-packages/airflow/example_dags/example_task_group_decorator.py took 2.413 seconds
[2024-06-12T20:16:23.802+0000] {processor.py:153} INFO - Started process (PID=2161) to work on /home/airflow/.local/lib/python3.7/site-packages/airflow/example_dags/example_task_group_decorator.py
[2024-06-12T20:16:23.807+0000] {processor.py:743} INFO - Processing file /home/airflow/.local/lib/python3.7/site-packages/airflow/example_dags/example_task_group_decorator.py for tasks to queue
[2024-06-12T20:16:23.860+0000] {logging_mixin.py:137} INFO - [2024-06-12T20:16:23.859+0000] {dagbag.py:538} INFO - Filling up the DagBag from /home/airflow/.local/lib/python3.7/site-packages/airflow/example_dags/example_task_group_decorator.py
[2024-06-12T20:16:24.195+0000] {processor.py:753} INFO - DAG(s) dict_keys(['example_task_group_decorator']) retrieved from /home/airflow/.local/lib/python3.7/site-packages/airflow/example_dags/example_task_group_decorator.py
[2024-06-12T20:16:24.669+0000] {logging_mixin.py:137} INFO - [2024-06-12T20:16:24.668+0000] {dag.py:2690} INFO - Sync 1 DAGs
[2024-06-12T20:16:25.008+0000] {logging_mixin.py:137} INFO - [2024-06-12T20:16:25.007+0000] {dag.py:3441} INFO - Setting next_dagrun for example_task_group_decorator to 2024-06-11T20:16:25.007180+00:00, run_after=2024-06-12T20:16:25.007180+00:00
[2024-06-12T20:16:25.202+0000] {processor.py:175} INFO - Processing /home/airflow/.local/lib/python3.7/site-packages/airflow/example_dags/example_task_group_decorator.py took 1.526 seconds
[2024-06-12T20:17:55.009+0000] {processor.py:153} INFO - Started process (PID=2259) to work on /home/airflow/.local/lib/python3.7/site-packages/airflow/example_dags/example_task_group_decorator.py
[2024-06-12T20:17:55.013+0000] {processor.py:743} INFO - Processing file /home/airflow/.local/lib/python3.7/site-packages/airflow/example_dags/example_task_group_decorator.py for tasks to queue
[2024-06-12T20:17:55.022+0000] {logging_mixin.py:137} INFO - [2024-06-12T20:17:55.015+0000] {dagbag.py:538} INFO - Filling up the DagBag from /home/airflow/.local/lib/python3.7/site-packages/airflow/example_dags/example_task_group_decorator.py
[2024-06-12T20:17:55.674+0000] {processor.py:753} INFO - DAG(s) dict_keys(['example_task_group_decorator']) retrieved from /home/airflow/.local/lib/python3.7/site-packages/airflow/example_dags/example_task_group_decorator.py
[2024-06-12T20:17:56.243+0000] {logging_mixin.py:137} INFO - [2024-06-12T20:17:56.243+0000] {dag.py:2690} INFO - Sync 1 DAGs
[2024-06-12T20:17:57.066+0000] {logging_mixin.py:137} INFO - [2024-06-12T20:17:57.066+0000] {dag.py:3441} INFO - Setting next_dagrun for example_task_group_decorator to 2024-06-11T20:17:57.065557+00:00, run_after=2024-06-12T20:17:57.065557+00:00
[2024-06-12T20:17:57.658+0000] {processor.py:175} INFO - Processing /home/airflow/.local/lib/python3.7/site-packages/airflow/example_dags/example_task_group_decorator.py took 2.724 seconds
[2024-06-12T20:19:54.025+0000] {processor.py:153} INFO - Started process (PID=2372) to work on /home/airflow/.local/lib/python3.7/site-packages/airflow/example_dags/example_task_group_decorator.py
[2024-06-12T20:19:54.046+0000] {processor.py:743} INFO - Processing file /home/airflow/.local/lib/python3.7/site-packages/airflow/example_dags/example_task_group_decorator.py for tasks to queue
[2024-06-12T20:19:54.062+0000] {logging_mixin.py:137} INFO - [2024-06-12T20:19:54.061+0000] {dagbag.py:538} INFO - Filling up the DagBag from /home/airflow/.local/lib/python3.7/site-packages/airflow/example_dags/example_task_group_decorator.py
[2024-06-12T20:19:55.212+0000] {processor.py:753} INFO - DAG(s) dict_keys(['example_task_group_decorator']) retrieved from /home/airflow/.local/lib/python3.7/site-packages/airflow/example_dags/example_task_group_decorator.py
[2024-06-12T20:19:55.956+0000] {logging_mixin.py:137} INFO - [2024-06-12T20:19:55.956+0000] {dag.py:2690} INFO - Sync 1 DAGs
[2024-06-12T20:19:56.632+0000] {logging_mixin.py:137} INFO - [2024-06-12T20:19:56.632+0000] {dag.py:3441} INFO - Setting next_dagrun for example_task_group_decorator to 2024-06-11T20:19:56.631513+00:00, run_after=2024-06-12T20:19:56.631513+00:00
[2024-06-12T20:19:57.241+0000] {processor.py:175} INFO - Processing /home/airflow/.local/lib/python3.7/site-packages/airflow/example_dags/example_task_group_decorator.py took 3.236 seconds
[2024-06-12T20:22:01.599+0000] {processor.py:153} INFO - Started process (PID=2499) to work on /home/airflow/.local/lib/python3.7/site-packages/airflow/example_dags/example_task_group_decorator.py
[2024-06-12T20:22:01.629+0000] {processor.py:743} INFO - Processing file /home/airflow/.local/lib/python3.7/site-packages/airflow/example_dags/example_task_group_decorator.py for tasks to queue
[2024-06-12T20:22:01.662+0000] {logging_mixin.py:137} INFO - [2024-06-12T20:22:01.662+0000] {dagbag.py:538} INFO - Filling up the DagBag from /home/airflow/.local/lib/python3.7/site-packages/airflow/example_dags/example_task_group_decorator.py
[2024-06-12T20:22:02.533+0000] {processor.py:753} INFO - DAG(s) dict_keys(['example_task_group_decorator']) retrieved from /home/airflow/.local/lib/python3.7/site-packages/airflow/example_dags/example_task_group_decorator.py
[2024-06-12T20:22:03.319+0000] {logging_mixin.py:137} INFO - [2024-06-12T20:22:03.318+0000] {dag.py:2690} INFO - Sync 1 DAGs
[2024-06-12T20:22:04.002+0000] {logging_mixin.py:137} INFO - [2024-06-12T20:22:04.002+0000] {dag.py:3441} INFO - Setting next_dagrun for example_task_group_decorator to 2024-06-11T20:22:04.001640+00:00, run_after=2024-06-12T20:22:04.001640+00:00
[2024-06-12T20:22:04.778+0000] {processor.py:175} INFO - Processing /home/airflow/.local/lib/python3.7/site-packages/airflow/example_dags/example_task_group_decorator.py took 3.225 seconds
[2024-06-12T20:24:13.681+0000] {processor.py:153} INFO - Started process (PID=2633) to work on /home/airflow/.local/lib/python3.7/site-packages/airflow/example_dags/example_task_group_decorator.py
[2024-06-12T20:24:13.937+0000] {processor.py:743} INFO - Processing file /home/airflow/.local/lib/python3.7/site-packages/airflow/example_dags/example_task_group_decorator.py for tasks to queue
[2024-06-12T20:24:14.018+0000] {logging_mixin.py:137} INFO - [2024-06-12T20:24:14.017+0000] {dagbag.py:538} INFO - Filling up the DagBag from /home/airflow/.local/lib/python3.7/site-packages/airflow/example_dags/example_task_group_decorator.py
[2024-06-12T20:24:15.223+0000] {processor.py:753} INFO - DAG(s) dict_keys(['example_task_group_decorator']) retrieved from /home/airflow/.local/lib/python3.7/site-packages/airflow/example_dags/example_task_group_decorator.py
[2024-06-12T20:24:16.322+0000] {logging_mixin.py:137} INFO - [2024-06-12T20:24:16.321+0000] {dag.py:2690} INFO - Sync 1 DAGs
[2024-06-12T20:24:17.192+0000] {logging_mixin.py:137} INFO - [2024-06-12T20:24:17.192+0000] {dag.py:3441} INFO - Setting next_dagrun for example_task_group_decorator to 2024-06-11T20:24:17.191783+00:00, run_after=2024-06-12T20:24:17.191783+00:00
[2024-06-12T20:24:18.521+0000] {processor.py:175} INFO - Processing /home/airflow/.local/lib/python3.7/site-packages/airflow/example_dags/example_task_group_decorator.py took 4.933 seconds
[2024-06-12T20:26:00.131+0000] {processor.py:153} INFO - Started process (PID=2739) to work on /home/airflow/.local/lib/python3.7/site-packages/airflow/example_dags/example_task_group_decorator.py
[2024-06-12T20:26:00.148+0000] {processor.py:743} INFO - Processing file /home/airflow/.local/lib/python3.7/site-packages/airflow/example_dags/example_task_group_decorator.py for tasks to queue
[2024-06-12T20:26:00.213+0000] {logging_mixin.py:137} INFO - [2024-06-12T20:26:00.212+0000] {dagbag.py:538} INFO - Filling up the DagBag from /home/airflow/.local/lib/python3.7/site-packages/airflow/example_dags/example_task_group_decorator.py
[2024-06-12T20:26:01.161+0000] {processor.py:753} INFO - DAG(s) dict_keys(['example_task_group_decorator']) retrieved from /home/airflow/.local/lib/python3.7/site-packages/airflow/example_dags/example_task_group_decorator.py
[2024-06-12T20:26:02.140+0000] {logging_mixin.py:137} INFO - [2024-06-12T20:26:02.139+0000] {dag.py:2690} INFO - Sync 1 DAGs
[2024-06-12T20:26:02.962+0000] {logging_mixin.py:137} INFO - [2024-06-12T20:26:02.962+0000] {dag.py:3441} INFO - Setting next_dagrun for example_task_group_decorator to 2024-06-11T20:26:02.961967+00:00, run_after=2024-06-12T20:26:02.961967+00:00
[2024-06-12T20:26:03.497+0000] {processor.py:175} INFO - Processing /home/airflow/.local/lib/python3.7/site-packages/airflow/example_dags/example_task_group_decorator.py took 3.489 seconds
[2024-06-12T20:27:56.904+0000] {processor.py:153} INFO - Started process (PID=2851) to work on /home/airflow/.local/lib/python3.7/site-packages/airflow/example_dags/example_task_group_decorator.py
[2024-06-12T20:27:57.303+0000] {processor.py:743} INFO - Processing file /home/airflow/.local/lib/python3.7/site-packages/airflow/example_dags/example_task_group_decorator.py for tasks to queue
[2024-06-12T20:27:57.496+0000] {logging_mixin.py:137} INFO - [2024-06-12T20:27:57.496+0000] {dagbag.py:538} INFO - Filling up the DagBag from /home/airflow/.local/lib/python3.7/site-packages/airflow/example_dags/example_task_group_decorator.py
[2024-06-12T20:27:58.554+0000] {processor.py:753} INFO - DAG(s) dict_keys(['example_task_group_decorator']) retrieved from /home/airflow/.local/lib/python3.7/site-packages/airflow/example_dags/example_task_group_decorator.py
[2024-06-12T20:27:59.566+0000] {logging_mixin.py:137} INFO - [2024-06-12T20:27:59.565+0000] {dag.py:2690} INFO - Sync 1 DAGs
[2024-06-12T20:28:00.443+0000] {logging_mixin.py:137} INFO - [2024-06-12T20:28:00.443+0000] {dag.py:3441} INFO - Setting next_dagrun for example_task_group_decorator to 2024-06-11T20:28:00.442670+00:00, run_after=2024-06-12T20:28:00.442670+00:00
[2024-06-12T20:28:00.987+0000] {processor.py:175} INFO - Processing /home/airflow/.local/lib/python3.7/site-packages/airflow/example_dags/example_task_group_decorator.py took 4.137 seconds
[2024-06-12T20:29:22.619+0000] {processor.py:153} INFO - Started process (PID=2942) to work on /home/airflow/.local/lib/python3.7/site-packages/airflow/example_dags/example_task_group_decorator.py
[2024-06-12T20:29:22.635+0000] {processor.py:743} INFO - Processing file /home/airflow/.local/lib/python3.7/site-packages/airflow/example_dags/example_task_group_decorator.py for tasks to queue
[2024-06-12T20:29:22.664+0000] {logging_mixin.py:137} INFO - [2024-06-12T20:29:22.662+0000] {dagbag.py:538} INFO - Filling up the DagBag from /home/airflow/.local/lib/python3.7/site-packages/airflow/example_dags/example_task_group_decorator.py
[2024-06-12T20:29:22.946+0000] {processor.py:753} INFO - DAG(s) dict_keys(['example_task_group_decorator']) retrieved from /home/airflow/.local/lib/python3.7/site-packages/airflow/example_dags/example_task_group_decorator.py
[2024-06-12T20:29:23.308+0000] {logging_mixin.py:137} INFO - [2024-06-12T20:29:23.307+0000] {dag.py:2690} INFO - Sync 1 DAGs
[2024-06-12T20:29:24.153+0000] {logging_mixin.py:137} INFO - [2024-06-12T20:29:24.152+0000] {dag.py:3441} INFO - Setting next_dagrun for example_task_group_decorator to 2024-06-11T20:29:24.152250+00:00, run_after=2024-06-12T20:29:24.152250+00:00
[2024-06-12T20:29:24.576+0000] {processor.py:175} INFO - Processing /home/airflow/.local/lib/python3.7/site-packages/airflow/example_dags/example_task_group_decorator.py took 1.993 seconds
[2024-06-12T20:30:22.284+0000] {processor.py:153} INFO - Started process (PID=3016) to work on /home/airflow/.local/lib/python3.7/site-packages/airflow/example_dags/example_task_group_decorator.py
[2024-06-12T20:30:22.340+0000] {processor.py:743} INFO - Processing file /home/airflow/.local/lib/python3.7/site-packages/airflow/example_dags/example_task_group_decorator.py for tasks to queue
[2024-06-12T20:30:22.374+0000] {logging_mixin.py:137} INFO - [2024-06-12T20:30:22.373+0000] {dagbag.py:538} INFO - Filling up the DagBag from /home/airflow/.local/lib/python3.7/site-packages/airflow/example_dags/example_task_group_decorator.py
[2024-06-12T20:30:23.044+0000] {processor.py:753} INFO - DAG(s) dict_keys(['example_task_group_decorator']) retrieved from /home/airflow/.local/lib/python3.7/site-packages/airflow/example_dags/example_task_group_decorator.py
[2024-06-12T20:30:23.457+0000] {logging_mixin.py:137} INFO - [2024-06-12T20:30:23.456+0000] {dag.py:2690} INFO - Sync 1 DAGs
[2024-06-12T20:30:23.978+0000] {logging_mixin.py:137} INFO - [2024-06-12T20:30:23.978+0000] {dag.py:3441} INFO - Setting next_dagrun for example_task_group_decorator to 2024-06-11T20:30:23.977982+00:00, run_after=2024-06-12T20:30:23.977982+00:00
[2024-06-12T20:30:24.427+0000] {processor.py:175} INFO - Processing /home/airflow/.local/lib/python3.7/site-packages/airflow/example_dags/example_task_group_decorator.py took 2.200 seconds
[2024-06-12T20:31:23.964+0000] {processor.py:153} INFO - Started process (PID=3088) to work on /home/airflow/.local/lib/python3.7/site-packages/airflow/example_dags/example_task_group_decorator.py
[2024-06-12T20:31:23.975+0000] {processor.py:743} INFO - Processing file /home/airflow/.local/lib/python3.7/site-packages/airflow/example_dags/example_task_group_decorator.py for tasks to queue
[2024-06-12T20:31:23.979+0000] {logging_mixin.py:137} INFO - [2024-06-12T20:31:23.979+0000] {dagbag.py:538} INFO - Filling up the DagBag from /home/airflow/.local/lib/python3.7/site-packages/airflow/example_dags/example_task_group_decorator.py
[2024-06-12T20:31:24.689+0000] {processor.py:753} INFO - DAG(s) dict_keys(['example_task_group_decorator']) retrieved from /home/airflow/.local/lib/python3.7/site-packages/airflow/example_dags/example_task_group_decorator.py
[2024-06-12T20:31:25.434+0000] {logging_mixin.py:137} INFO - [2024-06-12T20:31:25.434+0000] {dag.py:2690} INFO - Sync 1 DAGs
[2024-06-12T20:31:26.324+0000] {logging_mixin.py:137} INFO - [2024-06-12T20:31:26.312+0000] {dag.py:3441} INFO - Setting next_dagrun for example_task_group_decorator to 2024-06-11T20:31:26.311681+00:00, run_after=2024-06-12T20:31:26.311681+00:00
[2024-06-12T20:31:26.853+0000] {processor.py:175} INFO - Processing /home/airflow/.local/lib/python3.7/site-packages/airflow/example_dags/example_task_group_decorator.py took 2.930 seconds
[2024-06-12T20:32:52.821+0000] {processor.py:153} INFO - Started process (PID=3180) to work on /home/airflow/.local/lib/python3.7/site-packages/airflow/example_dags/example_task_group_decorator.py
[2024-06-12T20:32:52.851+0000] {processor.py:743} INFO - Processing file /home/airflow/.local/lib/python3.7/site-packages/airflow/example_dags/example_task_group_decorator.py for tasks to queue
[2024-06-12T20:32:52.868+0000] {logging_mixin.py:137} INFO - [2024-06-12T20:32:52.867+0000] {dagbag.py:538} INFO - Filling up the DagBag from /home/airflow/.local/lib/python3.7/site-packages/airflow/example_dags/example_task_group_decorator.py
[2024-06-12T20:32:53.773+0000] {processor.py:753} INFO - DAG(s) dict_keys(['example_task_group_decorator']) retrieved from /home/airflow/.local/lib/python3.7/site-packages/airflow/example_dags/example_task_group_decorator.py
[2024-06-12T20:32:55.319+0000] {logging_mixin.py:137} INFO - [2024-06-12T20:32:55.318+0000] {dag.py:2690} INFO - Sync 1 DAGs
[2024-06-12T20:32:56.359+0000] {logging_mixin.py:137} INFO - [2024-06-12T20:32:56.347+0000] {dag.py:3441} INFO - Setting next_dagrun for example_task_group_decorator to 2024-06-11T20:32:56.347019+00:00, run_after=2024-06-12T20:32:56.347019+00:00
[2024-06-12T20:32:56.894+0000] {processor.py:175} INFO - Processing /home/airflow/.local/lib/python3.7/site-packages/airflow/example_dags/example_task_group_decorator.py took 4.176 seconds
[2024-06-12T20:34:54.359+0000] {processor.py:153} INFO - Started process (PID=3292) to work on /home/airflow/.local/lib/python3.7/site-packages/airflow/example_dags/example_task_group_decorator.py
[2024-06-12T20:34:54.405+0000] {processor.py:743} INFO - Processing file /home/airflow/.local/lib/python3.7/site-packages/airflow/example_dags/example_task_group_decorator.py for tasks to queue
[2024-06-12T20:34:54.472+0000] {logging_mixin.py:137} INFO - [2024-06-12T20:34:54.472+0000] {dagbag.py:538} INFO - Filling up the DagBag from /home/airflow/.local/lib/python3.7/site-packages/airflow/example_dags/example_task_group_decorator.py
[2024-06-12T20:34:56.131+0000] {processor.py:753} INFO - DAG(s) dict_keys(['example_task_group_decorator']) retrieved from /home/airflow/.local/lib/python3.7/site-packages/airflow/example_dags/example_task_group_decorator.py
[2024-06-12T20:34:57.519+0000] {logging_mixin.py:137} INFO - [2024-06-12T20:34:57.519+0000] {dag.py:2690} INFO - Sync 1 DAGs
[2024-06-12T20:34:58.186+0000] {logging_mixin.py:137} INFO - [2024-06-12T20:34:58.174+0000] {dag.py:3441} INFO - Setting next_dagrun for example_task_group_decorator to 2024-06-11T20:34:58.173745+00:00, run_after=2024-06-12T20:34:58.173745+00:00
[2024-06-12T20:34:58.811+0000] {processor.py:175} INFO - Processing /home/airflow/.local/lib/python3.7/site-packages/airflow/example_dags/example_task_group_decorator.py took 4.513 seconds
[2024-06-12T20:37:40.871+0000] {processor.py:153} INFO - Started process (PID=3444) to work on /home/airflow/.local/lib/python3.7/site-packages/airflow/example_dags/example_task_group_decorator.py
[2024-06-12T20:37:40.985+0000] {processor.py:743} INFO - Processing file /home/airflow/.local/lib/python3.7/site-packages/airflow/example_dags/example_task_group_decorator.py for tasks to queue
[2024-06-12T20:37:41.181+0000] {logging_mixin.py:137} INFO - [2024-06-12T20:37:41.180+0000] {dagbag.py:538} INFO - Filling up the DagBag from /home/airflow/.local/lib/python3.7/site-packages/airflow/example_dags/example_task_group_decorator.py
[2024-06-12T20:37:43.481+0000] {processor.py:753} INFO - DAG(s) dict_keys(['example_task_group_decorator']) retrieved from /home/airflow/.local/lib/python3.7/site-packages/airflow/example_dags/example_task_group_decorator.py
[2024-06-12T20:37:44.658+0000] {logging_mixin.py:137} INFO - [2024-06-12T20:37:44.658+0000] {dag.py:2690} INFO - Sync 1 DAGs
[2024-06-12T20:37:46.057+0000] {logging_mixin.py:137} INFO - [2024-06-12T20:37:46.057+0000] {dag.py:3441} INFO - Setting next_dagrun for example_task_group_decorator to 2024-06-11T20:37:46.043319+00:00, run_after=2024-06-12T20:37:46.043319+00:00
[2024-06-12T20:37:46.930+0000] {processor.py:175} INFO - Processing /home/airflow/.local/lib/python3.7/site-packages/airflow/example_dags/example_task_group_decorator.py took 6.135 seconds
[2024-06-12T20:39:05.931+0000] {processor.py:153} INFO - Started process (PID=3534) to work on /home/airflow/.local/lib/python3.7/site-packages/airflow/example_dags/example_task_group_decorator.py
[2024-06-12T20:39:05.945+0000] {processor.py:743} INFO - Processing file /home/airflow/.local/lib/python3.7/site-packages/airflow/example_dags/example_task_group_decorator.py for tasks to queue
[2024-06-12T20:39:05.948+0000] {logging_mixin.py:137} INFO - [2024-06-12T20:39:05.948+0000] {dagbag.py:538} INFO - Filling up the DagBag from /home/airflow/.local/lib/python3.7/site-packages/airflow/example_dags/example_task_group_decorator.py
[2024-06-12T20:39:06.472+0000] {processor.py:753} INFO - DAG(s) dict_keys(['example_task_group_decorator']) retrieved from /home/airflow/.local/lib/python3.7/site-packages/airflow/example_dags/example_task_group_decorator.py
[2024-06-12T20:39:07.067+0000] {logging_mixin.py:137} INFO - [2024-06-12T20:39:07.038+0000] {dag.py:2690} INFO - Sync 1 DAGs
[2024-06-12T20:39:07.839+0000] {logging_mixin.py:137} INFO - [2024-06-12T20:39:07.839+0000] {dag.py:3441} INFO - Setting next_dagrun for example_task_group_decorator to 2024-06-11T20:39:07.838777+00:00, run_after=2024-06-12T20:39:07.838777+00:00
[2024-06-12T20:39:08.425+0000] {processor.py:175} INFO - Processing /home/airflow/.local/lib/python3.7/site-packages/airflow/example_dags/example_task_group_decorator.py took 2.564 seconds
[2024-06-12T20:40:06.139+0000] {processor.py:153} INFO - Started process (PID=3607) to work on /home/airflow/.local/lib/python3.7/site-packages/airflow/example_dags/example_task_group_decorator.py
[2024-06-12T20:40:06.206+0000] {processor.py:743} INFO - Processing file /home/airflow/.local/lib/python3.7/site-packages/airflow/example_dags/example_task_group_decorator.py for tasks to queue
[2024-06-12T20:40:06.258+0000] {logging_mixin.py:137} INFO - [2024-06-12T20:40:06.258+0000] {dagbag.py:538} INFO - Filling up the DagBag from /home/airflow/.local/lib/python3.7/site-packages/airflow/example_dags/example_task_group_decorator.py
[2024-06-12T20:40:06.774+0000] {processor.py:753} INFO - DAG(s) dict_keys(['example_task_group_decorator']) retrieved from /home/airflow/.local/lib/python3.7/site-packages/airflow/example_dags/example_task_group_decorator.py
[2024-06-12T20:40:07.137+0000] {logging_mixin.py:137} INFO - [2024-06-12T20:40:07.137+0000] {dag.py:2690} INFO - Sync 1 DAGs
[2024-06-12T20:40:07.488+0000] {logging_mixin.py:137} INFO - [2024-06-12T20:40:07.487+0000] {dag.py:3441} INFO - Setting next_dagrun for example_task_group_decorator to 2024-06-11T20:40:07.486844+00:00, run_after=2024-06-12T20:40:07.486844+00:00
[2024-06-12T20:40:07.784+0000] {processor.py:175} INFO - Processing /home/airflow/.local/lib/python3.7/site-packages/airflow/example_dags/example_task_group_decorator.py took 1.702 seconds
[2024-06-12T20:41:11.647+0000] {processor.py:153} INFO - Started process (PID=3682) to work on /home/airflow/.local/lib/python3.7/site-packages/airflow/example_dags/example_task_group_decorator.py
[2024-06-12T20:41:11.693+0000] {processor.py:743} INFO - Processing file /home/airflow/.local/lib/python3.7/site-packages/airflow/example_dags/example_task_group_decorator.py for tasks to queue
[2024-06-12T20:41:11.710+0000] {logging_mixin.py:137} INFO - [2024-06-12T20:41:11.709+0000] {dagbag.py:538} INFO - Filling up the DagBag from /home/airflow/.local/lib/python3.7/site-packages/airflow/example_dags/example_task_group_decorator.py
[2024-06-12T20:41:12.783+0000] {processor.py:753} INFO - DAG(s) dict_keys(['example_task_group_decorator']) retrieved from /home/airflow/.local/lib/python3.7/site-packages/airflow/example_dags/example_task_group_decorator.py
[2024-06-12T20:41:13.922+0000] {logging_mixin.py:137} INFO - [2024-06-12T20:41:13.921+0000] {dag.py:2690} INFO - Sync 1 DAGs
[2024-06-12T20:41:14.514+0000] {logging_mixin.py:137} INFO - [2024-06-12T20:41:14.498+0000] {dag.py:3441} INFO - Setting next_dagrun for example_task_group_decorator to 2024-06-11T20:41:14.498252+00:00, run_after=2024-06-12T20:41:14.498252+00:00
[2024-06-12T20:41:15.290+0000] {processor.py:175} INFO - Processing /home/airflow/.local/lib/python3.7/site-packages/airflow/example_dags/example_task_group_decorator.py took 3.751 seconds
[2024-06-12T20:42:11.053+0000] {processor.py:153} INFO - Started process (PID=3754) to work on /home/airflow/.local/lib/python3.7/site-packages/airflow/example_dags/example_task_group_decorator.py
[2024-06-12T20:42:11.070+0000] {processor.py:743} INFO - Processing file /home/airflow/.local/lib/python3.7/site-packages/airflow/example_dags/example_task_group_decorator.py for tasks to queue
[2024-06-12T20:42:11.077+0000] {logging_mixin.py:137} INFO - [2024-06-12T20:42:11.077+0000] {dagbag.py:538} INFO - Filling up the DagBag from /home/airflow/.local/lib/python3.7/site-packages/airflow/example_dags/example_task_group_decorator.py
[2024-06-12T20:42:11.649+0000] {processor.py:753} INFO - DAG(s) dict_keys(['example_task_group_decorator']) retrieved from /home/airflow/.local/lib/python3.7/site-packages/airflow/example_dags/example_task_group_decorator.py
[2024-06-12T20:42:12.110+0000] {logging_mixin.py:137} INFO - [2024-06-12T20:42:12.110+0000] {dag.py:2690} INFO - Sync 1 DAGs
[2024-06-12T20:42:12.832+0000] {logging_mixin.py:137} INFO - [2024-06-12T20:42:12.831+0000] {dag.py:3441} INFO - Setting next_dagrun for example_task_group_decorator to 2024-06-11T20:42:12.831371+00:00, run_after=2024-06-12T20:42:12.831371+00:00
[2024-06-12T20:42:13.370+0000] {processor.py:175} INFO - Processing /home/airflow/.local/lib/python3.7/site-packages/airflow/example_dags/example_task_group_decorator.py took 2.341 seconds
[2024-06-12T20:43:14.401+0000] {processor.py:153} INFO - Started process (PID=3824) to work on /home/airflow/.local/lib/python3.7/site-packages/airflow/example_dags/example_task_group_decorator.py
[2024-06-12T20:43:14.438+0000] {processor.py:743} INFO - Processing file /home/airflow/.local/lib/python3.7/site-packages/airflow/example_dags/example_task_group_decorator.py for tasks to queue
[2024-06-12T20:43:14.458+0000] {logging_mixin.py:137} INFO - [2024-06-12T20:43:14.457+0000] {dagbag.py:538} INFO - Filling up the DagBag from /home/airflow/.local/lib/python3.7/site-packages/airflow/example_dags/example_task_group_decorator.py
[2024-06-12T20:43:15.249+0000] {processor.py:753} INFO - DAG(s) dict_keys(['example_task_group_decorator']) retrieved from /home/airflow/.local/lib/python3.7/site-packages/airflow/example_dags/example_task_group_decorator.py
[2024-06-12T20:43:15.632+0000] {logging_mixin.py:137} INFO - [2024-06-12T20:43:15.631+0000] {dag.py:2690} INFO - Sync 1 DAGs
[2024-06-12T20:43:16.160+0000] {logging_mixin.py:137} INFO - [2024-06-12T20:43:16.160+0000] {dag.py:3441} INFO - Setting next_dagrun for example_task_group_decorator to 2024-06-11T20:43:16.160027+00:00, run_after=2024-06-12T20:43:16.160027+00:00
[2024-06-12T20:43:16.516+0000] {processor.py:175} INFO - Processing /home/airflow/.local/lib/python3.7/site-packages/airflow/example_dags/example_task_group_decorator.py took 2.194 seconds
[2024-06-12T20:44:33.413+0000] {processor.py:153} INFO - Started process (PID=3914) to work on /home/airflow/.local/lib/python3.7/site-packages/airflow/example_dags/example_task_group_decorator.py
[2024-06-12T20:44:33.426+0000] {processor.py:743} INFO - Processing file /home/airflow/.local/lib/python3.7/site-packages/airflow/example_dags/example_task_group_decorator.py for tasks to queue
[2024-06-12T20:44:33.442+0000] {logging_mixin.py:137} INFO - [2024-06-12T20:44:33.438+0000] {dagbag.py:538} INFO - Filling up the DagBag from /home/airflow/.local/lib/python3.7/site-packages/airflow/example_dags/example_task_group_decorator.py
[2024-06-12T20:44:33.979+0000] {processor.py:753} INFO - DAG(s) dict_keys(['example_task_group_decorator']) retrieved from /home/airflow/.local/lib/python3.7/site-packages/airflow/example_dags/example_task_group_decorator.py
[2024-06-12T20:44:34.303+0000] {logging_mixin.py:137} INFO - [2024-06-12T20:44:34.302+0000] {dag.py:2690} INFO - Sync 1 DAGs
[2024-06-12T20:44:34.825+0000] {logging_mixin.py:137} INFO - [2024-06-12T20:44:34.824+0000] {dag.py:3441} INFO - Setting next_dagrun for example_task_group_decorator to 2024-06-11T20:44:34.823821+00:00, run_after=2024-06-12T20:44:34.823821+00:00
[2024-06-12T20:44:35.299+0000] {processor.py:175} INFO - Processing /home/airflow/.local/lib/python3.7/site-packages/airflow/example_dags/example_task_group_decorator.py took 1.997 seconds
[2024-06-12T20:45:32.520+0000] {processor.py:153} INFO - Started process (PID=3991) to work on /home/airflow/.local/lib/python3.7/site-packages/airflow/example_dags/example_task_group_decorator.py
[2024-06-12T20:45:32.566+0000] {processor.py:743} INFO - Processing file /home/airflow/.local/lib/python3.7/site-packages/airflow/example_dags/example_task_group_decorator.py for tasks to queue
[2024-06-12T20:45:32.580+0000] {logging_mixin.py:137} INFO - [2024-06-12T20:45:32.580+0000] {dagbag.py:538} INFO - Filling up the DagBag from /home/airflow/.local/lib/python3.7/site-packages/airflow/example_dags/example_task_group_decorator.py
[2024-06-12T20:45:33.108+0000] {processor.py:753} INFO - DAG(s) dict_keys(['example_task_group_decorator']) retrieved from /home/airflow/.local/lib/python3.7/site-packages/airflow/example_dags/example_task_group_decorator.py
[2024-06-12T20:45:33.615+0000] {logging_mixin.py:137} INFO - [2024-06-12T20:45:33.615+0000] {dag.py:2690} INFO - Sync 1 DAGs
[2024-06-12T20:45:34.130+0000] {logging_mixin.py:137} INFO - [2024-06-12T20:45:34.128+0000] {dag.py:3441} INFO - Setting next_dagrun for example_task_group_decorator to 2024-06-11T20:45:34.125882+00:00, run_after=2024-06-12T20:45:34.125882+00:00
[2024-06-12T20:45:34.437+0000] {processor.py:175} INFO - Processing /home/airflow/.local/lib/python3.7/site-packages/airflow/example_dags/example_task_group_decorator.py took 1.924 seconds
[2024-06-12T20:46:56.996+0000] {processor.py:153} INFO - Started process (PID=4092) to work on /home/airflow/.local/lib/python3.7/site-packages/airflow/example_dags/example_task_group_decorator.py
[2024-06-12T20:46:57.043+0000] {processor.py:743} INFO - Processing file /home/airflow/.local/lib/python3.7/site-packages/airflow/example_dags/example_task_group_decorator.py for tasks to queue
[2024-06-12T20:46:57.062+0000] {logging_mixin.py:137} INFO - [2024-06-12T20:46:57.061+0000] {dagbag.py:538} INFO - Filling up the DagBag from /home/airflow/.local/lib/python3.7/site-packages/airflow/example_dags/example_task_group_decorator.py
[2024-06-12T20:46:57.883+0000] {processor.py:753} INFO - DAG(s) dict_keys(['example_task_group_decorator']) retrieved from /home/airflow/.local/lib/python3.7/site-packages/airflow/example_dags/example_task_group_decorator.py
[2024-06-12T20:46:58.743+0000] {logging_mixin.py:137} INFO - [2024-06-12T20:46:58.742+0000] {dag.py:2690} INFO - Sync 1 DAGs
[2024-06-12T20:46:59.741+0000] {logging_mixin.py:137} INFO - [2024-06-12T20:46:59.740+0000] {dag.py:3441} INFO - Setting next_dagrun for example_task_group_decorator to 2024-06-11T20:46:59.739857+00:00, run_after=2024-06-12T20:46:59.739857+00:00
[2024-06-12T20:47:00.290+0000] {processor.py:175} INFO - Processing /home/airflow/.local/lib/python3.7/site-packages/airflow/example_dags/example_task_group_decorator.py took 3.327 seconds
