[2024-06-12T19:43:01.833+0000] {processor.py:153} INFO - Started process (PID=147) to work on /home/airflow/.local/lib/python3.7/site-packages/airflow/example_dags/example_branch_day_of_week_operator.py
[2024-06-12T19:43:02.009+0000] {processor.py:743} INFO - Processing file /home/airflow/.local/lib/python3.7/site-packages/airflow/example_dags/example_branch_day_of_week_operator.py for tasks to queue
[2024-06-12T19:43:02.175+0000] {logging_mixin.py:137} INFO - [2024-06-12T19:43:02.175+0000] {dagbag.py:538} INFO - Filling up the DagBag from /home/airflow/.local/lib/python3.7/site-packages/airflow/example_dags/example_branch_day_of_week_operator.py
[2024-06-12T19:43:03.084+0000] {processor.py:753} INFO - DAG(s) dict_keys(['example_weekday_branch_operator']) retrieved from /home/airflow/.local/lib/python3.7/site-packages/airflow/example_dags/example_branch_day_of_week_operator.py
[2024-06-12T19:43:04.349+0000] {logging_mixin.py:137} INFO - [2024-06-12T19:43:04.348+0000] {dag.py:2690} INFO - Sync 1 DAGs
[2024-06-12T19:43:05.754+0000] {logging_mixin.py:137} INFO - [2024-06-12T19:43:05.754+0000] {dag.py:3441} INFO - Setting next_dagrun for example_weekday_branch_operator to 2024-06-11T00:00:00+00:00, run_after=2024-06-12T00:00:00+00:00
[2024-06-12T19:43:06.707+0000] {processor.py:175} INFO - Processing /home/airflow/.local/lib/python3.7/site-packages/airflow/example_dags/example_branch_day_of_week_operator.py took 4.969 seconds
[2024-06-12T19:44:52.147+0000] {processor.py:153} INFO - Started process (PID=248) to work on /home/airflow/.local/lib/python3.7/site-packages/airflow/example_dags/example_branch_day_of_week_operator.py
[2024-06-12T19:44:52.208+0000] {processor.py:743} INFO - Processing file /home/airflow/.local/lib/python3.7/site-packages/airflow/example_dags/example_branch_day_of_week_operator.py for tasks to queue
[2024-06-12T19:44:52.369+0000] {logging_mixin.py:137} INFO - [2024-06-12T19:44:52.369+0000] {dagbag.py:538} INFO - Filling up the DagBag from /home/airflow/.local/lib/python3.7/site-packages/airflow/example_dags/example_branch_day_of_week_operator.py
[2024-06-12T19:44:53.470+0000] {processor.py:753} INFO - DAG(s) dict_keys(['example_weekday_branch_operator']) retrieved from /home/airflow/.local/lib/python3.7/site-packages/airflow/example_dags/example_branch_day_of_week_operator.py
[2024-06-12T19:44:54.572+0000] {logging_mixin.py:137} INFO - [2024-06-12T19:44:54.480+0000] {dag.py:2690} INFO - Sync 1 DAGs
[2024-06-12T19:44:55.795+0000] {logging_mixin.py:137} INFO - [2024-06-12T19:44:55.793+0000] {dag.py:3441} INFO - Setting next_dagrun for example_weekday_branch_operator to 2024-06-11T00:00:00+00:00, run_after=2024-06-12T00:00:00+00:00
[2024-06-12T19:44:56.810+0000] {processor.py:175} INFO - Processing /home/airflow/.local/lib/python3.7/site-packages/airflow/example_dags/example_branch_day_of_week_operator.py took 4.743 seconds
[2024-06-12T19:47:00.000+0000] {processor.py:153} INFO - Started process (PID=339) to work on /home/airflow/.local/lib/python3.7/site-packages/airflow/example_dags/example_branch_day_of_week_operator.py
[2024-06-12T19:47:00.031+0000] {processor.py:743} INFO - Processing file /home/airflow/.local/lib/python3.7/site-packages/airflow/example_dags/example_branch_day_of_week_operator.py for tasks to queue
[2024-06-12T19:47:00.064+0000] {logging_mixin.py:137} INFO - [2024-06-12T19:47:00.064+0000] {dagbag.py:538} INFO - Filling up the DagBag from /home/airflow/.local/lib/python3.7/site-packages/airflow/example_dags/example_branch_day_of_week_operator.py
[2024-06-12T19:47:00.829+0000] {processor.py:753} INFO - DAG(s) dict_keys(['example_weekday_branch_operator']) retrieved from /home/airflow/.local/lib/python3.7/site-packages/airflow/example_dags/example_branch_day_of_week_operator.py
[2024-06-12T19:47:01.413+0000] {logging_mixin.py:137} INFO - [2024-06-12T19:47:01.410+0000] {dag.py:2690} INFO - Sync 1 DAGs
[2024-06-12T19:47:02.450+0000] {logging_mixin.py:137} INFO - [2024-06-12T19:47:02.450+0000] {dag.py:3441} INFO - Setting next_dagrun for example_weekday_branch_operator to 2024-06-11T00:00:00+00:00, run_after=2024-06-12T00:00:00+00:00
[2024-06-12T19:47:03.400+0000] {processor.py:175} INFO - Processing /home/airflow/.local/lib/python3.7/site-packages/airflow/example_dags/example_branch_day_of_week_operator.py took 3.631 seconds
[2024-06-12T19:48:08.839+0000] {processor.py:153} INFO - Started process (PID=417) to work on /home/airflow/.local/lib/python3.7/site-packages/airflow/example_dags/example_branch_day_of_week_operator.py
[2024-06-12T19:48:08.844+0000] {processor.py:743} INFO - Processing file /home/airflow/.local/lib/python3.7/site-packages/airflow/example_dags/example_branch_day_of_week_operator.py for tasks to queue
[2024-06-12T19:48:08.876+0000] {logging_mixin.py:137} INFO - [2024-06-12T19:48:08.875+0000] {dagbag.py:538} INFO - Filling up the DagBag from /home/airflow/.local/lib/python3.7/site-packages/airflow/example_dags/example_branch_day_of_week_operator.py
[2024-06-12T19:48:09.306+0000] {processor.py:753} INFO - DAG(s) dict_keys(['example_weekday_branch_operator']) retrieved from /home/airflow/.local/lib/python3.7/site-packages/airflow/example_dags/example_branch_day_of_week_operator.py
[2024-06-12T19:48:09.554+0000] {logging_mixin.py:137} INFO - [2024-06-12T19:48:09.549+0000] {dag.py:2690} INFO - Sync 1 DAGs
[2024-06-12T19:48:10.118+0000] {logging_mixin.py:137} INFO - [2024-06-12T19:48:10.117+0000] {dag.py:3441} INFO - Setting next_dagrun for example_weekday_branch_operator to 2024-06-11T00:00:00+00:00, run_after=2024-06-12T00:00:00+00:00
[2024-06-12T19:48:10.341+0000] {processor.py:175} INFO - Processing /home/airflow/.local/lib/python3.7/site-packages/airflow/example_dags/example_branch_day_of_week_operator.py took 1.523 seconds
[2024-06-12T19:48:40.687+0000] {processor.py:153} INFO - Started process (PID=485) to work on /home/airflow/.local/lib/python3.7/site-packages/airflow/example_dags/example_branch_day_of_week_operator.py
[2024-06-12T19:48:40.699+0000] {processor.py:743} INFO - Processing file /home/airflow/.local/lib/python3.7/site-packages/airflow/example_dags/example_branch_day_of_week_operator.py for tasks to queue
[2024-06-12T19:48:40.704+0000] {logging_mixin.py:137} INFO - [2024-06-12T19:48:40.703+0000] {dagbag.py:538} INFO - Filling up the DagBag from /home/airflow/.local/lib/python3.7/site-packages/airflow/example_dags/example_branch_day_of_week_operator.py
[2024-06-12T19:48:40.816+0000] {processor.py:753} INFO - DAG(s) dict_keys(['example_weekday_branch_operator']) retrieved from /home/airflow/.local/lib/python3.7/site-packages/airflow/example_dags/example_branch_day_of_week_operator.py
[2024-06-12T19:48:40.965+0000] {logging_mixin.py:137} INFO - [2024-06-12T19:48:40.965+0000] {dag.py:2690} INFO - Sync 1 DAGs
[2024-06-12T19:48:41.135+0000] {logging_mixin.py:137} INFO - [2024-06-12T19:48:41.134+0000] {dag.py:3441} INFO - Setting next_dagrun for example_weekday_branch_operator to 2024-06-11T00:00:00+00:00, run_after=2024-06-12T00:00:00+00:00
[2024-06-12T19:48:41.407+0000] {processor.py:175} INFO - Processing /home/airflow/.local/lib/python3.7/site-packages/airflow/example_dags/example_branch_day_of_week_operator.py took 0.739 seconds
[2024-06-12T19:49:18.534+0000] {processor.py:153} INFO - Started process (PID=546) to work on /home/airflow/.local/lib/python3.7/site-packages/airflow/example_dags/example_branch_day_of_week_operator.py
[2024-06-12T19:49:18.542+0000] {processor.py:743} INFO - Processing file /home/airflow/.local/lib/python3.7/site-packages/airflow/example_dags/example_branch_day_of_week_operator.py for tasks to queue
[2024-06-12T19:49:18.555+0000] {logging_mixin.py:137} INFO - [2024-06-12T19:49:18.555+0000] {dagbag.py:538} INFO - Filling up the DagBag from /home/airflow/.local/lib/python3.7/site-packages/airflow/example_dags/example_branch_day_of_week_operator.py
[2024-06-12T19:49:18.676+0000] {processor.py:753} INFO - DAG(s) dict_keys(['example_weekday_branch_operator']) retrieved from /home/airflow/.local/lib/python3.7/site-packages/airflow/example_dags/example_branch_day_of_week_operator.py
[2024-06-12T19:49:18.933+0000] {logging_mixin.py:137} INFO - [2024-06-12T19:49:18.933+0000] {dag.py:2690} INFO - Sync 1 DAGs
[2024-06-12T19:49:19.314+0000] {logging_mixin.py:137} INFO - [2024-06-12T19:49:19.314+0000] {dag.py:3441} INFO - Setting next_dagrun for example_weekday_branch_operator to 2024-06-11T00:00:00+00:00, run_after=2024-06-12T00:00:00+00:00
[2024-06-12T19:49:19.561+0000] {processor.py:175} INFO - Processing /home/airflow/.local/lib/python3.7/site-packages/airflow/example_dags/example_branch_day_of_week_operator.py took 1.064 seconds
[2024-06-12T19:49:50.159+0000] {processor.py:153} INFO - Started process (PID=601) to work on /home/airflow/.local/lib/python3.7/site-packages/airflow/example_dags/example_branch_day_of_week_operator.py
[2024-06-12T19:49:50.161+0000] {processor.py:743} INFO - Processing file /home/airflow/.local/lib/python3.7/site-packages/airflow/example_dags/example_branch_day_of_week_operator.py for tasks to queue
[2024-06-12T19:49:50.163+0000] {logging_mixin.py:137} INFO - [2024-06-12T19:49:50.163+0000] {dagbag.py:538} INFO - Filling up the DagBag from /home/airflow/.local/lib/python3.7/site-packages/airflow/example_dags/example_branch_day_of_week_operator.py
[2024-06-12T19:49:50.266+0000] {processor.py:753} INFO - DAG(s) dict_keys(['example_weekday_branch_operator']) retrieved from /home/airflow/.local/lib/python3.7/site-packages/airflow/example_dags/example_branch_day_of_week_operator.py
[2024-06-12T19:49:50.399+0000] {logging_mixin.py:137} INFO - [2024-06-12T19:49:50.398+0000] {dag.py:2690} INFO - Sync 1 DAGs
[2024-06-12T19:49:50.544+0000] {logging_mixin.py:137} INFO - [2024-06-12T19:49:50.544+0000] {dag.py:3441} INFO - Setting next_dagrun for example_weekday_branch_operator to 2024-06-11T00:00:00+00:00, run_after=2024-06-12T00:00:00+00:00
[2024-06-12T19:49:50.726+0000] {processor.py:175} INFO - Processing /home/airflow/.local/lib/python3.7/site-packages/airflow/example_dags/example_branch_day_of_week_operator.py took 0.596 seconds
[2024-06-12T19:50:44.777+0000] {processor.py:153} INFO - Started process (PID=674) to work on /home/airflow/.local/lib/python3.7/site-packages/airflow/example_dags/example_branch_day_of_week_operator.py
[2024-06-12T19:50:44.816+0000] {processor.py:743} INFO - Processing file /home/airflow/.local/lib/python3.7/site-packages/airflow/example_dags/example_branch_day_of_week_operator.py for tasks to queue
[2024-06-12T19:50:44.979+0000] {logging_mixin.py:137} INFO - [2024-06-12T19:50:44.978+0000] {dagbag.py:538} INFO - Filling up the DagBag from /home/airflow/.local/lib/python3.7/site-packages/airflow/example_dags/example_branch_day_of_week_operator.py
[2024-06-12T19:50:45.366+0000] {processor.py:753} INFO - DAG(s) dict_keys(['example_weekday_branch_operator']) retrieved from /home/airflow/.local/lib/python3.7/site-packages/airflow/example_dags/example_branch_day_of_week_operator.py
[2024-06-12T19:50:46.116+0000] {logging_mixin.py:137} INFO - [2024-06-12T19:50:46.103+0000] {dag.py:2690} INFO - Sync 1 DAGs
[2024-06-12T19:50:46.610+0000] {logging_mixin.py:137} INFO - [2024-06-12T19:50:46.609+0000] {dag.py:3441} INFO - Setting next_dagrun for example_weekday_branch_operator to 2024-06-11T00:00:00+00:00, run_after=2024-06-12T00:00:00+00:00
[2024-06-12T19:50:47.052+0000] {processor.py:175} INFO - Processing /home/airflow/.local/lib/python3.7/site-packages/airflow/example_dags/example_branch_day_of_week_operator.py took 2.397 seconds
[2024-06-12T19:51:54.612+0000] {processor.py:153} INFO - Started process (PID=752) to work on /home/airflow/.local/lib/python3.7/site-packages/airflow/example_dags/example_branch_day_of_week_operator.py
[2024-06-12T19:51:54.627+0000] {processor.py:743} INFO - Processing file /home/airflow/.local/lib/python3.7/site-packages/airflow/example_dags/example_branch_day_of_week_operator.py for tasks to queue
[2024-06-12T19:51:54.630+0000] {logging_mixin.py:137} INFO - [2024-06-12T19:51:54.629+0000] {dagbag.py:538} INFO - Filling up the DagBag from /home/airflow/.local/lib/python3.7/site-packages/airflow/example_dags/example_branch_day_of_week_operator.py
[2024-06-12T19:51:54.871+0000] {processor.py:753} INFO - DAG(s) dict_keys(['example_weekday_branch_operator']) retrieved from /home/airflow/.local/lib/python3.7/site-packages/airflow/example_dags/example_branch_day_of_week_operator.py
[2024-06-12T19:51:55.061+0000] {logging_mixin.py:137} INFO - [2024-06-12T19:51:55.060+0000] {dag.py:2690} INFO - Sync 1 DAGs
[2024-06-12T19:51:55.534+0000] {logging_mixin.py:137} INFO - [2024-06-12T19:51:55.533+0000] {dag.py:3441} INFO - Setting next_dagrun for example_weekday_branch_operator to 2024-06-11T00:00:00+00:00, run_after=2024-06-12T00:00:00+00:00
[2024-06-12T19:51:55.804+0000] {processor.py:175} INFO - Processing /home/airflow/.local/lib/python3.7/site-packages/airflow/example_dags/example_branch_day_of_week_operator.py took 1.244 seconds
[2024-06-12T19:52:40.641+0000] {processor.py:153} INFO - Started process (PID=819) to work on /home/airflow/.local/lib/python3.7/site-packages/airflow/example_dags/example_branch_day_of_week_operator.py
[2024-06-12T19:52:40.651+0000] {processor.py:743} INFO - Processing file /home/airflow/.local/lib/python3.7/site-packages/airflow/example_dags/example_branch_day_of_week_operator.py for tasks to queue
[2024-06-12T19:52:40.663+0000] {logging_mixin.py:137} INFO - [2024-06-12T19:52:40.662+0000] {dagbag.py:538} INFO - Filling up the DagBag from /home/airflow/.local/lib/python3.7/site-packages/airflow/example_dags/example_branch_day_of_week_operator.py
[2024-06-12T19:52:41.056+0000] {processor.py:753} INFO - DAG(s) dict_keys(['example_weekday_branch_operator']) retrieved from /home/airflow/.local/lib/python3.7/site-packages/airflow/example_dags/example_branch_day_of_week_operator.py
[2024-06-12T19:52:41.634+0000] {logging_mixin.py:137} INFO - [2024-06-12T19:52:41.634+0000] {dag.py:2690} INFO - Sync 1 DAGs
[2024-06-12T19:52:42.412+0000] {logging_mixin.py:137} INFO - [2024-06-12T19:52:42.411+0000] {dag.py:3441} INFO - Setting next_dagrun for example_weekday_branch_operator to 2024-06-11T00:00:00+00:00, run_after=2024-06-12T00:00:00+00:00
[2024-06-12T19:52:42.851+0000] {processor.py:175} INFO - Processing /home/airflow/.local/lib/python3.7/site-packages/airflow/example_dags/example_branch_day_of_week_operator.py took 2.285 seconds
[2024-06-12T19:53:24.736+0000] {processor.py:153} INFO - Started process (PID=882) to work on /home/airflow/.local/lib/python3.7/site-packages/airflow/example_dags/example_branch_day_of_week_operator.py
[2024-06-12T19:53:24.767+0000] {processor.py:743} INFO - Processing file /home/airflow/.local/lib/python3.7/site-packages/airflow/example_dags/example_branch_day_of_week_operator.py for tasks to queue
[2024-06-12T19:53:24.799+0000] {logging_mixin.py:137} INFO - [2024-06-12T19:53:24.798+0000] {dagbag.py:538} INFO - Filling up the DagBag from /home/airflow/.local/lib/python3.7/site-packages/airflow/example_dags/example_branch_day_of_week_operator.py
[2024-06-12T19:53:25.156+0000] {processor.py:753} INFO - DAG(s) dict_keys(['example_weekday_branch_operator']) retrieved from /home/airflow/.local/lib/python3.7/site-packages/airflow/example_dags/example_branch_day_of_week_operator.py
[2024-06-12T19:53:25.362+0000] {logging_mixin.py:137} INFO - [2024-06-12T19:53:25.361+0000] {dag.py:2690} INFO - Sync 1 DAGs
[2024-06-12T19:53:25.786+0000] {logging_mixin.py:137} INFO - [2024-06-12T19:53:25.786+0000] {dag.py:3441} INFO - Setting next_dagrun for example_weekday_branch_operator to 2024-06-11T00:00:00+00:00, run_after=2024-06-12T00:00:00+00:00
[2024-06-12T19:53:25.970+0000] {processor.py:175} INFO - Processing /home/airflow/.local/lib/python3.7/site-packages/airflow/example_dags/example_branch_day_of_week_operator.py took 1.318 seconds
[2024-06-12T19:53:56.567+0000] {processor.py:153} INFO - Started process (PID=939) to work on /home/airflow/.local/lib/python3.7/site-packages/airflow/example_dags/example_branch_day_of_week_operator.py
[2024-06-12T19:53:56.574+0000] {processor.py:743} INFO - Processing file /home/airflow/.local/lib/python3.7/site-packages/airflow/example_dags/example_branch_day_of_week_operator.py for tasks to queue
[2024-06-12T19:53:56.583+0000] {logging_mixin.py:137} INFO - [2024-06-12T19:53:56.583+0000] {dagbag.py:538} INFO - Filling up the DagBag from /home/airflow/.local/lib/python3.7/site-packages/airflow/example_dags/example_branch_day_of_week_operator.py
[2024-06-12T19:53:56.682+0000] {processor.py:753} INFO - DAG(s) dict_keys(['example_weekday_branch_operator']) retrieved from /home/airflow/.local/lib/python3.7/site-packages/airflow/example_dags/example_branch_day_of_week_operator.py
[2024-06-12T19:53:56.798+0000] {logging_mixin.py:137} INFO - [2024-06-12T19:53:56.798+0000] {dag.py:2690} INFO - Sync 1 DAGs
[2024-06-12T19:53:56.974+0000] {logging_mixin.py:137} INFO - [2024-06-12T19:53:56.974+0000] {dag.py:3441} INFO - Setting next_dagrun for example_weekday_branch_operator to 2024-06-11T00:00:00+00:00, run_after=2024-06-12T00:00:00+00:00
[2024-06-12T19:53:57.072+0000] {processor.py:175} INFO - Processing /home/airflow/.local/lib/python3.7/site-packages/airflow/example_dags/example_branch_day_of_week_operator.py took 0.513 seconds
[2024-06-12T19:54:51.043+0000] {processor.py:153} INFO - Started process (PID=1012) to work on /home/airflow/.local/lib/python3.7/site-packages/airflow/example_dags/example_branch_day_of_week_operator.py
[2024-06-12T19:54:51.107+0000] {processor.py:743} INFO - Processing file /home/airflow/.local/lib/python3.7/site-packages/airflow/example_dags/example_branch_day_of_week_operator.py for tasks to queue
[2024-06-12T19:54:51.124+0000] {logging_mixin.py:137} INFO - [2024-06-12T19:54:51.123+0000] {dagbag.py:538} INFO - Filling up the DagBag from /home/airflow/.local/lib/python3.7/site-packages/airflow/example_dags/example_branch_day_of_week_operator.py
[2024-06-12T19:54:51.388+0000] {processor.py:753} INFO - DAG(s) dict_keys(['example_weekday_branch_operator']) retrieved from /home/airflow/.local/lib/python3.7/site-packages/airflow/example_dags/example_branch_day_of_week_operator.py
[2024-06-12T19:54:51.704+0000] {logging_mixin.py:137} INFO - [2024-06-12T19:54:51.703+0000] {dag.py:2690} INFO - Sync 1 DAGs
[2024-06-12T19:54:52.150+0000] {logging_mixin.py:137} INFO - [2024-06-12T19:54:52.150+0000] {dag.py:3441} INFO - Setting next_dagrun for example_weekday_branch_operator to 2024-06-11T00:00:00+00:00, run_after=2024-06-12T00:00:00+00:00
[2024-06-12T19:54:52.665+0000] {processor.py:175} INFO - Processing /home/airflow/.local/lib/python3.7/site-packages/airflow/example_dags/example_branch_day_of_week_operator.py took 1.748 seconds
[2024-06-12T19:55:37.863+0000] {processor.py:153} INFO - Started process (PID=1069) to work on /home/airflow/.local/lib/python3.7/site-packages/airflow/example_dags/example_branch_day_of_week_operator.py
[2024-06-12T19:55:37.867+0000] {processor.py:743} INFO - Processing file /home/airflow/.local/lib/python3.7/site-packages/airflow/example_dags/example_branch_day_of_week_operator.py for tasks to queue
[2024-06-12T19:55:37.869+0000] {logging_mixin.py:137} INFO - [2024-06-12T19:55:37.869+0000] {dagbag.py:538} INFO - Filling up the DagBag from /home/airflow/.local/lib/python3.7/site-packages/airflow/example_dags/example_branch_day_of_week_operator.py
[2024-06-12T19:55:38.065+0000] {processor.py:753} INFO - DAG(s) dict_keys(['example_weekday_branch_operator']) retrieved from /home/airflow/.local/lib/python3.7/site-packages/airflow/example_dags/example_branch_day_of_week_operator.py
[2024-06-12T19:55:38.196+0000] {logging_mixin.py:137} INFO - [2024-06-12T19:55:38.190+0000] {dag.py:2690} INFO - Sync 1 DAGs
[2024-06-12T19:55:38.667+0000] {logging_mixin.py:137} INFO - [2024-06-12T19:55:38.666+0000] {dag.py:3441} INFO - Setting next_dagrun for example_weekday_branch_operator to 2024-06-11T00:00:00+00:00, run_after=2024-06-12T00:00:00+00:00
[2024-06-12T19:55:39.047+0000] {processor.py:175} INFO - Processing /home/airflow/.local/lib/python3.7/site-packages/airflow/example_dags/example_branch_day_of_week_operator.py took 1.170 seconds
[2024-06-12T19:56:17.936+0000] {processor.py:153} INFO - Started process (PID=1133) to work on /home/airflow/.local/lib/python3.7/site-packages/airflow/example_dags/example_branch_day_of_week_operator.py
[2024-06-12T19:56:17.939+0000] {processor.py:743} INFO - Processing file /home/airflow/.local/lib/python3.7/site-packages/airflow/example_dags/example_branch_day_of_week_operator.py for tasks to queue
[2024-06-12T19:56:17.977+0000] {logging_mixin.py:137} INFO - [2024-06-12T19:56:17.976+0000] {dagbag.py:538} INFO - Filling up the DagBag from /home/airflow/.local/lib/python3.7/site-packages/airflow/example_dags/example_branch_day_of_week_operator.py
[2024-06-12T19:56:18.170+0000] {processor.py:753} INFO - DAG(s) dict_keys(['example_weekday_branch_operator']) retrieved from /home/airflow/.local/lib/python3.7/site-packages/airflow/example_dags/example_branch_day_of_week_operator.py
[2024-06-12T19:56:18.538+0000] {logging_mixin.py:137} INFO - [2024-06-12T19:56:18.537+0000] {dag.py:2690} INFO - Sync 1 DAGs
[2024-06-12T19:56:18.823+0000] {logging_mixin.py:137} INFO - [2024-06-12T19:56:18.823+0000] {dag.py:3441} INFO - Setting next_dagrun for example_weekday_branch_operator to 2024-06-11T00:00:00+00:00, run_after=2024-06-12T00:00:00+00:00
[2024-06-12T19:56:19.132+0000] {processor.py:175} INFO - Processing /home/airflow/.local/lib/python3.7/site-packages/airflow/example_dags/example_branch_day_of_week_operator.py took 1.215 seconds
[2024-06-12T19:57:03.997+0000] {processor.py:153} INFO - Started process (PID=1195) to work on /home/airflow/.local/lib/python3.7/site-packages/airflow/example_dags/example_branch_day_of_week_operator.py
[2024-06-12T19:57:04.019+0000] {processor.py:743} INFO - Processing file /home/airflow/.local/lib/python3.7/site-packages/airflow/example_dags/example_branch_day_of_week_operator.py for tasks to queue
[2024-06-12T19:57:04.052+0000] {logging_mixin.py:137} INFO - [2024-06-12T19:57:04.052+0000] {dagbag.py:538} INFO - Filling up the DagBag from /home/airflow/.local/lib/python3.7/site-packages/airflow/example_dags/example_branch_day_of_week_operator.py
[2024-06-12T19:57:04.185+0000] {processor.py:753} INFO - DAG(s) dict_keys(['example_weekday_branch_operator']) retrieved from /home/airflow/.local/lib/python3.7/site-packages/airflow/example_dags/example_branch_day_of_week_operator.py
[2024-06-12T19:57:04.378+0000] {logging_mixin.py:137} INFO - [2024-06-12T19:57:04.377+0000] {dag.py:2690} INFO - Sync 1 DAGs
[2024-06-12T19:57:04.685+0000] {logging_mixin.py:137} INFO - [2024-06-12T19:57:04.684+0000] {dag.py:3441} INFO - Setting next_dagrun for example_weekday_branch_operator to 2024-06-11T00:00:00+00:00, run_after=2024-06-12T00:00:00+00:00
[2024-06-12T19:57:05.099+0000] {processor.py:175} INFO - Processing /home/airflow/.local/lib/python3.7/site-packages/airflow/example_dags/example_branch_day_of_week_operator.py took 1.142 seconds
[2024-06-12T19:58:52.602+0000] {processor.py:153} INFO - Started process (PID=1289) to work on /home/airflow/.local/lib/python3.7/site-packages/airflow/example_dags/example_branch_day_of_week_operator.py
[2024-06-12T19:58:52.912+0000] {processor.py:743} INFO - Processing file /home/airflow/.local/lib/python3.7/site-packages/airflow/example_dags/example_branch_day_of_week_operator.py for tasks to queue
[2024-06-12T19:58:52.978+0000] {logging_mixin.py:137} INFO - [2024-06-12T19:58:52.977+0000] {dagbag.py:538} INFO - Filling up the DagBag from /home/airflow/.local/lib/python3.7/site-packages/airflow/example_dags/example_branch_day_of_week_operator.py
[2024-06-12T19:58:53.987+0000] {processor.py:753} INFO - DAG(s) dict_keys(['example_weekday_branch_operator']) retrieved from /home/airflow/.local/lib/python3.7/site-packages/airflow/example_dags/example_branch_day_of_week_operator.py
[2024-06-12T19:58:55.596+0000] {logging_mixin.py:137} INFO - [2024-06-12T19:58:55.596+0000] {dag.py:2690} INFO - Sync 1 DAGs
[2024-06-12T19:58:57.047+0000] {logging_mixin.py:137} INFO - [2024-06-12T19:58:57.046+0000] {dag.py:3441} INFO - Setting next_dagrun for example_weekday_branch_operator to 2024-06-11T00:00:00+00:00, run_after=2024-06-12T00:00:00+00:00
[2024-06-12T19:58:59.289+0000] {processor.py:175} INFO - Processing /home/airflow/.local/lib/python3.7/site-packages/airflow/example_dags/example_branch_day_of_week_operator.py took 6.935 seconds
[2024-06-12T20:00:59.679+0000] {processor.py:153} INFO - Started process (PID=1387) to work on /home/airflow/.local/lib/python3.7/site-packages/airflow/example_dags/example_branch_day_of_week_operator.py
[2024-06-12T20:00:59.701+0000] {processor.py:743} INFO - Processing file /home/airflow/.local/lib/python3.7/site-packages/airflow/example_dags/example_branch_day_of_week_operator.py for tasks to queue
[2024-06-12T20:00:59.906+0000] {logging_mixin.py:137} INFO - [2024-06-12T20:00:59.906+0000] {dagbag.py:538} INFO - Filling up the DagBag from /home/airflow/.local/lib/python3.7/site-packages/airflow/example_dags/example_branch_day_of_week_operator.py
[2024-06-12T20:01:00.983+0000] {processor.py:753} INFO - DAG(s) dict_keys(['example_weekday_branch_operator']) retrieved from /home/airflow/.local/lib/python3.7/site-packages/airflow/example_dags/example_branch_day_of_week_operator.py
[2024-06-12T20:01:02.650+0000] {logging_mixin.py:137} INFO - [2024-06-12T20:01:02.649+0000] {dag.py:2690} INFO - Sync 1 DAGs
[2024-06-12T20:01:04.082+0000] {logging_mixin.py:137} INFO - [2024-06-12T20:01:04.082+0000] {dag.py:3441} INFO - Setting next_dagrun for example_weekday_branch_operator to 2024-06-11T00:00:00+00:00, run_after=2024-06-12T00:00:00+00:00
[2024-06-12T20:01:05.578+0000] {processor.py:175} INFO - Processing /home/airflow/.local/lib/python3.7/site-packages/airflow/example_dags/example_branch_day_of_week_operator.py took 6.299 seconds
[2024-06-12T20:03:31.045+0000] {processor.py:153} INFO - Started process (PID=1508) to work on /home/airflow/.local/lib/python3.7/site-packages/airflow/example_dags/example_branch_day_of_week_operator.py
[2024-06-12T20:03:31.067+0000] {processor.py:743} INFO - Processing file /home/airflow/.local/lib/python3.7/site-packages/airflow/example_dags/example_branch_day_of_week_operator.py for tasks to queue
[2024-06-12T20:03:31.100+0000] {logging_mixin.py:137} INFO - [2024-06-12T20:03:31.099+0000] {dagbag.py:538} INFO - Filling up the DagBag from /home/airflow/.local/lib/python3.7/site-packages/airflow/example_dags/example_branch_day_of_week_operator.py
[2024-06-12T20:03:33.947+0000] {processor.py:753} INFO - DAG(s) dict_keys(['example_weekday_branch_operator']) retrieved from /home/airflow/.local/lib/python3.7/site-packages/airflow/example_dags/example_branch_day_of_week_operator.py
[2024-06-12T20:03:35.399+0000] {logging_mixin.py:137} INFO - [2024-06-12T20:03:35.399+0000] {dag.py:2690} INFO - Sync 1 DAGs
[2024-06-12T20:03:37.527+0000] {logging_mixin.py:137} INFO - [2024-06-12T20:03:37.497+0000] {dag.py:3441} INFO - Setting next_dagrun for example_weekday_branch_operator to 2024-06-11T00:00:00+00:00, run_after=2024-06-12T00:00:00+00:00
[2024-06-12T20:03:39.635+0000] {processor.py:175} INFO - Processing /home/airflow/.local/lib/python3.7/site-packages/airflow/example_dags/example_branch_day_of_week_operator.py took 8.905 seconds
[2024-06-12T20:06:21.903+0000] {processor.py:153} INFO - Started process (PID=1630) to work on /home/airflow/.local/lib/python3.7/site-packages/airflow/example_dags/example_branch_day_of_week_operator.py
[2024-06-12T20:06:21.963+0000] {processor.py:743} INFO - Processing file /home/airflow/.local/lib/python3.7/site-packages/airflow/example_dags/example_branch_day_of_week_operator.py for tasks to queue
[2024-06-12T20:06:22.030+0000] {logging_mixin.py:137} INFO - [2024-06-12T20:06:22.029+0000] {dagbag.py:538} INFO - Filling up the DagBag from /home/airflow/.local/lib/python3.7/site-packages/airflow/example_dags/example_branch_day_of_week_operator.py
[2024-06-12T20:06:23.236+0000] {processor.py:753} INFO - DAG(s) dict_keys(['example_weekday_branch_operator']) retrieved from /home/airflow/.local/lib/python3.7/site-packages/airflow/example_dags/example_branch_day_of_week_operator.py
[2024-06-12T20:06:23.634+0000] {logging_mixin.py:137} INFO - [2024-06-12T20:06:23.623+0000] {dag.py:2690} INFO - Sync 1 DAGs
[2024-06-12T20:06:25.062+0000] {logging_mixin.py:137} INFO - [2024-06-12T20:06:25.062+0000] {dag.py:3441} INFO - Setting next_dagrun for example_weekday_branch_operator to 2024-06-11T00:00:00+00:00, run_after=2024-06-12T00:00:00+00:00
[2024-06-12T20:06:26.596+0000] {processor.py:175} INFO - Processing /home/airflow/.local/lib/python3.7/site-packages/airflow/example_dags/example_branch_day_of_week_operator.py took 4.944 seconds
[2024-06-12T20:09:34.415+0000] {processor.py:153} INFO - Started process (PID=1765) to work on /home/airflow/.local/lib/python3.7/site-packages/airflow/example_dags/example_branch_day_of_week_operator.py
[2024-06-12T20:09:34.496+0000] {processor.py:743} INFO - Processing file /home/airflow/.local/lib/python3.7/site-packages/airflow/example_dags/example_branch_day_of_week_operator.py for tasks to queue
[2024-06-12T20:09:34.546+0000] {logging_mixin.py:137} INFO - [2024-06-12T20:09:34.545+0000] {dagbag.py:538} INFO - Filling up the DagBag from /home/airflow/.local/lib/python3.7/site-packages/airflow/example_dags/example_branch_day_of_week_operator.py
[2024-06-12T20:09:35.822+0000] {processor.py:753} INFO - DAG(s) dict_keys(['example_weekday_branch_operator']) retrieved from /home/airflow/.local/lib/python3.7/site-packages/airflow/example_dags/example_branch_day_of_week_operator.py
[2024-06-12T20:09:38.035+0000] {logging_mixin.py:137} INFO - [2024-06-12T20:09:37.928+0000] {dag.py:2690} INFO - Sync 1 DAGs
[2024-06-12T20:09:40.341+0000] {logging_mixin.py:137} INFO - [2024-06-12T20:09:40.340+0000] {dag.py:3441} INFO - Setting next_dagrun for example_weekday_branch_operator to 2024-06-11T00:00:00+00:00, run_after=2024-06-12T00:00:00+00:00
[2024-06-12T20:09:42.584+0000] {processor.py:175} INFO - Processing /home/airflow/.local/lib/python3.7/site-packages/airflow/example_dags/example_branch_day_of_week_operator.py took 8.210 seconds
[2024-06-12T20:12:41.174+0000] {processor.py:153} INFO - Started process (PID=1910) to work on /home/airflow/.local/lib/python3.7/site-packages/airflow/example_dags/example_branch_day_of_week_operator.py
[2024-06-12T20:12:41.302+0000] {processor.py:743} INFO - Processing file /home/airflow/.local/lib/python3.7/site-packages/airflow/example_dags/example_branch_day_of_week_operator.py for tasks to queue
[2024-06-12T20:12:41.432+0000] {logging_mixin.py:137} INFO - [2024-06-12T20:12:41.432+0000] {dagbag.py:538} INFO - Filling up the DagBag from /home/airflow/.local/lib/python3.7/site-packages/airflow/example_dags/example_branch_day_of_week_operator.py
[2024-06-12T20:12:42.483+0000] {processor.py:753} INFO - DAG(s) dict_keys(['example_weekday_branch_operator']) retrieved from /home/airflow/.local/lib/python3.7/site-packages/airflow/example_dags/example_branch_day_of_week_operator.py
[2024-06-12T20:12:44.613+0000] {logging_mixin.py:137} INFO - [2024-06-12T20:12:44.612+0000] {dag.py:2690} INFO - Sync 1 DAGs
[2024-06-12T20:12:45.893+0000] {logging_mixin.py:137} INFO - [2024-06-12T20:12:45.892+0000] {dag.py:3441} INFO - Setting next_dagrun for example_weekday_branch_operator to 2024-06-11T00:00:00+00:00, run_after=2024-06-12T00:00:00+00:00
[2024-06-12T20:12:47.091+0000] {processor.py:175} INFO - Processing /home/airflow/.local/lib/python3.7/site-packages/airflow/example_dags/example_branch_day_of_week_operator.py took 5.982 seconds
[2024-06-12T20:14:06.065+0000] {processor.py:153} INFO - Started process (PID=1998) to work on /home/airflow/.local/lib/python3.7/site-packages/airflow/example_dags/example_branch_day_of_week_operator.py
[2024-06-12T20:14:06.081+0000] {processor.py:743} INFO - Processing file /home/airflow/.local/lib/python3.7/site-packages/airflow/example_dags/example_branch_day_of_week_operator.py for tasks to queue
[2024-06-12T20:14:06.097+0000] {logging_mixin.py:137} INFO - [2024-06-12T20:14:06.097+0000] {dagbag.py:538} INFO - Filling up the DagBag from /home/airflow/.local/lib/python3.7/site-packages/airflow/example_dags/example_branch_day_of_week_operator.py
[2024-06-12T20:14:06.519+0000] {processor.py:753} INFO - DAG(s) dict_keys(['example_weekday_branch_operator']) retrieved from /home/airflow/.local/lib/python3.7/site-packages/airflow/example_dags/example_branch_day_of_week_operator.py
[2024-06-12T20:14:07.254+0000] {logging_mixin.py:137} INFO - [2024-06-12T20:14:07.227+0000] {dag.py:2690} INFO - Sync 1 DAGs
[2024-06-12T20:14:08.475+0000] {logging_mixin.py:137} INFO - [2024-06-12T20:14:08.474+0000] {dag.py:3441} INFO - Setting next_dagrun for example_weekday_branch_operator to 2024-06-11T00:00:00+00:00, run_after=2024-06-12T00:00:00+00:00
[2024-06-12T20:14:09.120+0000] {processor.py:175} INFO - Processing /home/airflow/.local/lib/python3.7/site-packages/airflow/example_dags/example_branch_day_of_week_operator.py took 3.092 seconds
[2024-06-12T20:14:55.944+0000] {processor.py:153} INFO - Started process (PID=2056) to work on /home/airflow/.local/lib/python3.7/site-packages/airflow/example_dags/example_branch_day_of_week_operator.py
[2024-06-12T20:14:55.976+0000] {processor.py:743} INFO - Processing file /home/airflow/.local/lib/python3.7/site-packages/airflow/example_dags/example_branch_day_of_week_operator.py for tasks to queue
[2024-06-12T20:14:55.993+0000] {logging_mixin.py:137} INFO - [2024-06-12T20:14:55.993+0000] {dagbag.py:538} INFO - Filling up the DagBag from /home/airflow/.local/lib/python3.7/site-packages/airflow/example_dags/example_branch_day_of_week_operator.py
[2024-06-12T20:14:56.834+0000] {processor.py:753} INFO - DAG(s) dict_keys(['example_weekday_branch_operator']) retrieved from /home/airflow/.local/lib/python3.7/site-packages/airflow/example_dags/example_branch_day_of_week_operator.py
[2024-06-12T20:14:57.306+0000] {logging_mixin.py:137} INFO - [2024-06-12T20:14:57.306+0000] {dag.py:2690} INFO - Sync 1 DAGs
[2024-06-12T20:14:58.346+0000] {logging_mixin.py:137} INFO - [2024-06-12T20:14:58.346+0000] {dag.py:3441} INFO - Setting next_dagrun for example_weekday_branch_operator to 2024-06-11T00:00:00+00:00, run_after=2024-06-12T00:00:00+00:00
[2024-06-12T20:14:59.152+0000] {processor.py:175} INFO - Processing /home/airflow/.local/lib/python3.7/site-packages/airflow/example_dags/example_branch_day_of_week_operator.py took 3.327 seconds
[2024-06-12T20:16:08.368+0000] {processor.py:153} INFO - Started process (PID=2136) to work on /home/airflow/.local/lib/python3.7/site-packages/airflow/example_dags/example_branch_day_of_week_operator.py
[2024-06-12T20:16:08.393+0000] {processor.py:743} INFO - Processing file /home/airflow/.local/lib/python3.7/site-packages/airflow/example_dags/example_branch_day_of_week_operator.py for tasks to queue
[2024-06-12T20:16:08.415+0000] {logging_mixin.py:137} INFO - [2024-06-12T20:16:08.415+0000] {dagbag.py:538} INFO - Filling up the DagBag from /home/airflow/.local/lib/python3.7/site-packages/airflow/example_dags/example_branch_day_of_week_operator.py
[2024-06-12T20:16:08.805+0000] {processor.py:753} INFO - DAG(s) dict_keys(['example_weekday_branch_operator']) retrieved from /home/airflow/.local/lib/python3.7/site-packages/airflow/example_dags/example_branch_day_of_week_operator.py
[2024-06-12T20:16:09.088+0000] {logging_mixin.py:137} INFO - [2024-06-12T20:16:09.086+0000] {dag.py:2690} INFO - Sync 1 DAGs
[2024-06-12T20:16:09.534+0000] {logging_mixin.py:137} INFO - [2024-06-12T20:16:09.533+0000] {dag.py:3441} INFO - Setting next_dagrun for example_weekday_branch_operator to 2024-06-11T00:00:00+00:00, run_after=2024-06-12T00:00:00+00:00
[2024-06-12T20:16:09.783+0000] {processor.py:175} INFO - Processing /home/airflow/.local/lib/python3.7/site-packages/airflow/example_dags/example_branch_day_of_week_operator.py took 1.555 seconds
[2024-06-12T20:16:55.305+0000] {processor.py:153} INFO - Started process (PID=2193) to work on /home/airflow/.local/lib/python3.7/site-packages/airflow/example_dags/example_branch_day_of_week_operator.py
[2024-06-12T20:16:55.320+0000] {processor.py:743} INFO - Processing file /home/airflow/.local/lib/python3.7/site-packages/airflow/example_dags/example_branch_day_of_week_operator.py for tasks to queue
[2024-06-12T20:16:55.337+0000] {logging_mixin.py:137} INFO - [2024-06-12T20:16:55.337+0000] {dagbag.py:538} INFO - Filling up the DagBag from /home/airflow/.local/lib/python3.7/site-packages/airflow/example_dags/example_branch_day_of_week_operator.py
[2024-06-12T20:16:55.720+0000] {processor.py:753} INFO - DAG(s) dict_keys(['example_weekday_branch_operator']) retrieved from /home/airflow/.local/lib/python3.7/site-packages/airflow/example_dags/example_branch_day_of_week_operator.py
[2024-06-12T20:16:56.181+0000] {logging_mixin.py:137} INFO - [2024-06-12T20:16:56.181+0000] {dag.py:2690} INFO - Sync 1 DAGs
[2024-06-12T20:16:56.988+0000] {logging_mixin.py:137} INFO - [2024-06-12T20:16:56.988+0000] {dag.py:3441} INFO - Setting next_dagrun for example_weekday_branch_operator to 2024-06-11T00:00:00+00:00, run_after=2024-06-12T00:00:00+00:00
[2024-06-12T20:16:57.337+0000] {processor.py:175} INFO - Processing /home/airflow/.local/lib/python3.7/site-packages/airflow/example_dags/example_branch_day_of_week_operator.py took 2.083 seconds
[2024-06-12T20:18:33.202+0000] {processor.py:153} INFO - Started process (PID=2289) to work on /home/airflow/.local/lib/python3.7/site-packages/airflow/example_dags/example_branch_day_of_week_operator.py
[2024-06-12T20:18:33.218+0000] {processor.py:743} INFO - Processing file /home/airflow/.local/lib/python3.7/site-packages/airflow/example_dags/example_branch_day_of_week_operator.py for tasks to queue
[2024-06-12T20:18:33.281+0000] {logging_mixin.py:137} INFO - [2024-06-12T20:18:33.280+0000] {dagbag.py:538} INFO - Filling up the DagBag from /home/airflow/.local/lib/python3.7/site-packages/airflow/example_dags/example_branch_day_of_week_operator.py
[2024-06-12T20:18:33.947+0000] {processor.py:753} INFO - DAG(s) dict_keys(['example_weekday_branch_operator']) retrieved from /home/airflow/.local/lib/python3.7/site-packages/airflow/example_dags/example_branch_day_of_week_operator.py
[2024-06-12T20:18:35.345+0000] {logging_mixin.py:137} INFO - [2024-06-12T20:18:35.345+0000] {dag.py:2690} INFO - Sync 1 DAGs
[2024-06-12T20:18:36.766+0000] {logging_mixin.py:137} INFO - [2024-06-12T20:18:36.765+0000] {dag.py:3441} INFO - Setting next_dagrun for example_weekday_branch_operator to 2024-06-11T00:00:00+00:00, run_after=2024-06-12T00:00:00+00:00
[2024-06-12T20:18:37.911+0000] {processor.py:175} INFO - Processing /home/airflow/.local/lib/python3.7/site-packages/airflow/example_dags/example_branch_day_of_week_operator.py took 4.937 seconds
[2024-06-12T20:19:22.983+0000] {processor.py:153} INFO - Started process (PID=2347) to work on /home/airflow/.local/lib/python3.7/site-packages/airflow/example_dags/example_branch_day_of_week_operator.py
[2024-06-12T20:19:23.007+0000] {processor.py:743} INFO - Processing file /home/airflow/.local/lib/python3.7/site-packages/airflow/example_dags/example_branch_day_of_week_operator.py for tasks to queue
[2024-06-12T20:19:23.018+0000] {logging_mixin.py:137} INFO - [2024-06-12T20:19:23.015+0000] {dagbag.py:538} INFO - Filling up the DagBag from /home/airflow/.local/lib/python3.7/site-packages/airflow/example_dags/example_branch_day_of_week_operator.py
[2024-06-12T20:19:23.233+0000] {processor.py:753} INFO - DAG(s) dict_keys(['example_weekday_branch_operator']) retrieved from /home/airflow/.local/lib/python3.7/site-packages/airflow/example_dags/example_branch_day_of_week_operator.py
[2024-06-12T20:19:24.023+0000] {logging_mixin.py:137} INFO - [2024-06-12T20:19:24.023+0000] {dag.py:2690} INFO - Sync 1 DAGs
[2024-06-12T20:19:25.026+0000] {logging_mixin.py:137} INFO - [2024-06-12T20:19:25.026+0000] {dag.py:3441} INFO - Setting next_dagrun for example_weekday_branch_operator to 2024-06-11T00:00:00+00:00, run_after=2024-06-12T00:00:00+00:00
[2024-06-12T20:19:25.421+0000] {processor.py:175} INFO - Processing /home/airflow/.local/lib/python3.7/site-packages/airflow/example_dags/example_branch_day_of_week_operator.py took 2.477 seconds
[2024-06-12T20:20:16.441+0000] {processor.py:153} INFO - Started process (PID=2398) to work on /home/airflow/.local/lib/python3.7/site-packages/airflow/example_dags/example_branch_day_of_week_operator.py
[2024-06-12T20:20:16.442+0000] {processor.py:743} INFO - Processing file /home/airflow/.local/lib/python3.7/site-packages/airflow/example_dags/example_branch_day_of_week_operator.py for tasks to queue
[2024-06-12T20:20:16.446+0000] {logging_mixin.py:137} INFO - [2024-06-12T20:20:16.445+0000] {dagbag.py:538} INFO - Filling up the DagBag from /home/airflow/.local/lib/python3.7/site-packages/airflow/example_dags/example_branch_day_of_week_operator.py
[2024-06-12T20:20:17.085+0000] {processor.py:753} INFO - DAG(s) dict_keys(['example_weekday_branch_operator']) retrieved from /home/airflow/.local/lib/python3.7/site-packages/airflow/example_dags/example_branch_day_of_week_operator.py
[2024-06-12T20:20:18.034+0000] {logging_mixin.py:137} INFO - [2024-06-12T20:20:18.033+0000] {dag.py:2690} INFO - Sync 1 DAGs
[2024-06-12T20:20:18.694+0000] {logging_mixin.py:137} INFO - [2024-06-12T20:20:18.693+0000] {dag.py:3441} INFO - Setting next_dagrun for example_weekday_branch_operator to 2024-06-11T00:00:00+00:00, run_after=2024-06-12T00:00:00+00:00
[2024-06-12T20:20:19.193+0000] {processor.py:175} INFO - Processing /home/airflow/.local/lib/python3.7/site-packages/airflow/example_dags/example_branch_day_of_week_operator.py took 2.785 seconds
[2024-06-12T20:21:23.483+0000] {processor.py:153} INFO - Started process (PID=2460) to work on /home/airflow/.local/lib/python3.7/site-packages/airflow/example_dags/example_branch_day_of_week_operator.py
[2024-06-12T20:21:23.498+0000] {processor.py:743} INFO - Processing file /home/airflow/.local/lib/python3.7/site-packages/airflow/example_dags/example_branch_day_of_week_operator.py for tasks to queue
[2024-06-12T20:21:23.515+0000] {logging_mixin.py:137} INFO - [2024-06-12T20:21:23.515+0000] {dagbag.py:538} INFO - Filling up the DagBag from /home/airflow/.local/lib/python3.7/site-packages/airflow/example_dags/example_branch_day_of_week_operator.py
[2024-06-12T20:21:24.110+0000] {processor.py:753} INFO - DAG(s) dict_keys(['example_weekday_branch_operator']) retrieved from /home/airflow/.local/lib/python3.7/site-packages/airflow/example_dags/example_branch_day_of_week_operator.py
[2024-06-12T20:21:25.025+0000] {logging_mixin.py:137} INFO - [2024-06-12T20:21:25.024+0000] {dag.py:2690} INFO - Sync 1 DAGs
[2024-06-12T20:21:25.895+0000] {logging_mixin.py:137} INFO - [2024-06-12T20:21:25.894+0000] {dag.py:3441} INFO - Setting next_dagrun for example_weekday_branch_operator to 2024-06-11T00:00:00+00:00, run_after=2024-06-12T00:00:00+00:00
[2024-06-12T20:21:26.731+0000] {processor.py:175} INFO - Processing /home/airflow/.local/lib/python3.7/site-packages/airflow/example_dags/example_branch_day_of_week_operator.py took 3.454 seconds
[2024-06-12T20:22:28.403+0000] {processor.py:153} INFO - Started process (PID=2526) to work on /home/airflow/.local/lib/python3.7/site-packages/airflow/example_dags/example_branch_day_of_week_operator.py
[2024-06-12T20:22:28.405+0000] {processor.py:743} INFO - Processing file /home/airflow/.local/lib/python3.7/site-packages/airflow/example_dags/example_branch_day_of_week_operator.py for tasks to queue
[2024-06-12T20:22:28.421+0000] {logging_mixin.py:137} INFO - [2024-06-12T20:22:28.420+0000] {dagbag.py:538} INFO - Filling up the DagBag from /home/airflow/.local/lib/python3.7/site-packages/airflow/example_dags/example_branch_day_of_week_operator.py
[2024-06-12T20:22:29.092+0000] {processor.py:753} INFO - DAG(s) dict_keys(['example_weekday_branch_operator']) retrieved from /home/airflow/.local/lib/python3.7/site-packages/airflow/example_dags/example_branch_day_of_week_operator.py
[2024-06-12T20:22:29.625+0000] {logging_mixin.py:137} INFO - [2024-06-12T20:22:29.624+0000] {dag.py:2690} INFO - Sync 1 DAGs
[2024-06-12T20:22:30.789+0000] {logging_mixin.py:137} INFO - [2024-06-12T20:22:30.788+0000] {dag.py:3441} INFO - Setting next_dagrun for example_weekday_branch_operator to 2024-06-11T00:00:00+00:00, run_after=2024-06-12T00:00:00+00:00
[2024-06-12T20:22:31.330+0000] {processor.py:175} INFO - Processing /home/airflow/.local/lib/python3.7/site-packages/airflow/example_dags/example_branch_day_of_week_operator.py took 2.964 seconds
[2024-06-12T20:23:34.024+0000] {processor.py:153} INFO - Started process (PID=2594) to work on /home/airflow/.local/lib/python3.7/site-packages/airflow/example_dags/example_branch_day_of_week_operator.py
[2024-06-12T20:23:34.099+0000] {processor.py:743} INFO - Processing file /home/airflow/.local/lib/python3.7/site-packages/airflow/example_dags/example_branch_day_of_week_operator.py for tasks to queue
[2024-06-12T20:23:34.357+0000] {logging_mixin.py:137} INFO - [2024-06-12T20:23:34.356+0000] {dagbag.py:538} INFO - Filling up the DagBag from /home/airflow/.local/lib/python3.7/site-packages/airflow/example_dags/example_branch_day_of_week_operator.py
[2024-06-12T20:23:35.117+0000] {processor.py:753} INFO - DAG(s) dict_keys(['example_weekday_branch_operator']) retrieved from /home/airflow/.local/lib/python3.7/site-packages/airflow/example_dags/example_branch_day_of_week_operator.py
[2024-06-12T20:23:35.651+0000] {logging_mixin.py:137} INFO - [2024-06-12T20:23:35.651+0000] {dag.py:2690} INFO - Sync 1 DAGs
[2024-06-12T20:23:37.220+0000] {logging_mixin.py:137} INFO - [2024-06-12T20:23:37.220+0000] {dag.py:3441} INFO - Setting next_dagrun for example_weekday_branch_operator to 2024-06-11T00:00:00+00:00, run_after=2024-06-12T00:00:00+00:00
[2024-06-12T20:23:37.922+0000] {processor.py:175} INFO - Processing /home/airflow/.local/lib/python3.7/site-packages/airflow/example_dags/example_branch_day_of_week_operator.py took 4.059 seconds
[2024-06-12T20:24:47.321+0000] {processor.py:153} INFO - Started process (PID=2658) to work on /home/airflow/.local/lib/python3.7/site-packages/airflow/example_dags/example_branch_day_of_week_operator.py
[2024-06-12T20:24:47.352+0000] {processor.py:743} INFO - Processing file /home/airflow/.local/lib/python3.7/site-packages/airflow/example_dags/example_branch_day_of_week_operator.py for tasks to queue
[2024-06-12T20:24:47.434+0000] {logging_mixin.py:137} INFO - [2024-06-12T20:24:47.433+0000] {dagbag.py:538} INFO - Filling up the DagBag from /home/airflow/.local/lib/python3.7/site-packages/airflow/example_dags/example_branch_day_of_week_operator.py
[2024-06-12T20:24:48.220+0000] {processor.py:753} INFO - DAG(s) dict_keys(['example_weekday_branch_operator']) retrieved from /home/airflow/.local/lib/python3.7/site-packages/airflow/example_dags/example_branch_day_of_week_operator.py
[2024-06-12T20:24:49.199+0000] {logging_mixin.py:137} INFO - [2024-06-12T20:24:49.198+0000] {dag.py:2690} INFO - Sync 1 DAGs
[2024-06-12T20:24:50.621+0000] {logging_mixin.py:137} INFO - [2024-06-12T20:24:50.621+0000] {dag.py:3441} INFO - Setting next_dagrun for example_weekday_branch_operator to 2024-06-11T00:00:00+00:00, run_after=2024-06-12T00:00:00+00:00
[2024-06-12T20:24:51.013+0000] {processor.py:175} INFO - Processing /home/airflow/.local/lib/python3.7/site-packages/airflow/example_dags/example_branch_day_of_week_operator.py took 3.802 seconds
[2024-06-12T20:25:36.887+0000] {processor.py:153} INFO - Started process (PID=2710) to work on /home/airflow/.local/lib/python3.7/site-packages/airflow/example_dags/example_branch_day_of_week_operator.py
[2024-06-12T20:25:36.902+0000] {processor.py:743} INFO - Processing file /home/airflow/.local/lib/python3.7/site-packages/airflow/example_dags/example_branch_day_of_week_operator.py for tasks to queue
[2024-06-12T20:25:36.922+0000] {logging_mixin.py:137} INFO - [2024-06-12T20:25:36.922+0000] {dagbag.py:538} INFO - Filling up the DagBag from /home/airflow/.local/lib/python3.7/site-packages/airflow/example_dags/example_branch_day_of_week_operator.py
[2024-06-12T20:25:37.863+0000] {processor.py:753} INFO - DAG(s) dict_keys(['example_weekday_branch_operator']) retrieved from /home/airflow/.local/lib/python3.7/site-packages/airflow/example_dags/example_branch_day_of_week_operator.py
[2024-06-12T20:25:38.558+0000] {logging_mixin.py:137} INFO - [2024-06-12T20:25:38.558+0000] {dag.py:2690} INFO - Sync 1 DAGs
[2024-06-12T20:25:39.376+0000] {logging_mixin.py:137} INFO - [2024-06-12T20:25:39.376+0000] {dag.py:3441} INFO - Setting next_dagrun for example_weekday_branch_operator to 2024-06-11T00:00:00+00:00, run_after=2024-06-12T00:00:00+00:00
[2024-06-12T20:25:39.792+0000] {processor.py:175} INFO - Processing /home/airflow/.local/lib/python3.7/site-packages/airflow/example_dags/example_branch_day_of_week_operator.py took 2.938 seconds
[2024-06-12T20:26:29.889+0000] {processor.py:153} INFO - Started process (PID=2763) to work on /home/airflow/.local/lib/python3.7/site-packages/airflow/example_dags/example_branch_day_of_week_operator.py
[2024-06-12T20:26:29.917+0000] {processor.py:743} INFO - Processing file /home/airflow/.local/lib/python3.7/site-packages/airflow/example_dags/example_branch_day_of_week_operator.py for tasks to queue
[2024-06-12T20:26:29.975+0000] {logging_mixin.py:137} INFO - [2024-06-12T20:26:29.975+0000] {dagbag.py:538} INFO - Filling up the DagBag from /home/airflow/.local/lib/python3.7/site-packages/airflow/example_dags/example_branch_day_of_week_operator.py
[2024-06-12T20:26:30.337+0000] {processor.py:753} INFO - DAG(s) dict_keys(['example_weekday_branch_operator']) retrieved from /home/airflow/.local/lib/python3.7/site-packages/airflow/example_dags/example_branch_day_of_week_operator.py
[2024-06-12T20:26:30.940+0000] {logging_mixin.py:137} INFO - [2024-06-12T20:26:30.939+0000] {dag.py:2690} INFO - Sync 1 DAGs
[2024-06-12T20:26:31.972+0000] {logging_mixin.py:137} INFO - [2024-06-12T20:26:31.971+0000] {dag.py:3441} INFO - Setting next_dagrun for example_weekday_branch_operator to 2024-06-11T00:00:00+00:00, run_after=2024-06-12T00:00:00+00:00
[2024-06-12T20:26:32.517+0000] {processor.py:175} INFO - Processing /home/airflow/.local/lib/python3.7/site-packages/airflow/example_dags/example_branch_day_of_week_operator.py took 2.726 seconds
[2024-06-12T20:27:30.710+0000] {processor.py:153} INFO - Started process (PID=2825) to work on /home/airflow/.local/lib/python3.7/site-packages/airflow/example_dags/example_branch_day_of_week_operator.py
[2024-06-12T20:27:30.731+0000] {processor.py:743} INFO - Processing file /home/airflow/.local/lib/python3.7/site-packages/airflow/example_dags/example_branch_day_of_week_operator.py for tasks to queue
[2024-06-12T20:27:30.747+0000] {logging_mixin.py:137} INFO - [2024-06-12T20:27:30.746+0000] {dagbag.py:538} INFO - Filling up the DagBag from /home/airflow/.local/lib/python3.7/site-packages/airflow/example_dags/example_branch_day_of_week_operator.py
[2024-06-12T20:27:31.116+0000] {processor.py:753} INFO - DAG(s) dict_keys(['example_weekday_branch_operator']) retrieved from /home/airflow/.local/lib/python3.7/site-packages/airflow/example_dags/example_branch_day_of_week_operator.py
[2024-06-12T20:27:31.551+0000] {logging_mixin.py:137} INFO - [2024-06-12T20:27:31.550+0000] {dag.py:2690} INFO - Sync 1 DAGs
[2024-06-12T20:27:32.262+0000] {logging_mixin.py:137} INFO - [2024-06-12T20:27:32.262+0000] {dag.py:3441} INFO - Setting next_dagrun for example_weekday_branch_operator to 2024-06-11T00:00:00+00:00, run_after=2024-06-12T00:00:00+00:00
[2024-06-12T20:27:32.512+0000] {processor.py:175} INFO - Processing /home/airflow/.local/lib/python3.7/site-packages/airflow/example_dags/example_branch_day_of_week_operator.py took 1.852 seconds
[2024-06-12T20:28:16.770+0000] {processor.py:153} INFO - Started process (PID=2873) to work on /home/airflow/.local/lib/python3.7/site-packages/airflow/example_dags/example_branch_day_of_week_operator.py
[2024-06-12T20:28:16.790+0000] {processor.py:743} INFO - Processing file /home/airflow/.local/lib/python3.7/site-packages/airflow/example_dags/example_branch_day_of_week_operator.py for tasks to queue
[2024-06-12T20:28:16.807+0000] {logging_mixin.py:137} INFO - [2024-06-12T20:28:16.806+0000] {dagbag.py:538} INFO - Filling up the DagBag from /home/airflow/.local/lib/python3.7/site-packages/airflow/example_dags/example_branch_day_of_week_operator.py
[2024-06-12T20:28:17.427+0000] {processor.py:753} INFO - DAG(s) dict_keys(['example_weekday_branch_operator']) retrieved from /home/airflow/.local/lib/python3.7/site-packages/airflow/example_dags/example_branch_day_of_week_operator.py
[2024-06-12T20:28:18.590+0000] {logging_mixin.py:137} INFO - [2024-06-12T20:28:18.590+0000] {dag.py:2690} INFO - Sync 1 DAGs
[2024-06-12T20:28:19.294+0000] {logging_mixin.py:137} INFO - [2024-06-12T20:28:19.294+0000] {dag.py:3441} INFO - Setting next_dagrun for example_weekday_branch_operator to 2024-06-11T00:00:00+00:00, run_after=2024-06-12T00:00:00+00:00
[2024-06-12T20:28:19.555+0000] {processor.py:175} INFO - Processing /home/airflow/.local/lib/python3.7/site-packages/airflow/example_dags/example_branch_day_of_week_operator.py took 2.871 seconds
[2024-06-12T20:29:38.304+0000] {processor.py:153} INFO - Started process (PID=2963) to work on /home/airflow/.local/lib/python3.7/site-packages/airflow/example_dags/example_branch_day_of_week_operator.py
[2024-06-12T20:29:38.314+0000] {processor.py:743} INFO - Processing file /home/airflow/.local/lib/python3.7/site-packages/airflow/example_dags/example_branch_day_of_week_operator.py for tasks to queue
[2024-06-12T20:29:38.316+0000] {logging_mixin.py:137} INFO - [2024-06-12T20:29:38.316+0000] {dagbag.py:538} INFO - Filling up the DagBag from /home/airflow/.local/lib/python3.7/site-packages/airflow/example_dags/example_branch_day_of_week_operator.py
[2024-06-12T20:29:38.418+0000] {processor.py:753} INFO - DAG(s) dict_keys(['example_weekday_branch_operator']) retrieved from /home/airflow/.local/lib/python3.7/site-packages/airflow/example_dags/example_branch_day_of_week_operator.py
[2024-06-12T20:29:38.574+0000] {logging_mixin.py:137} INFO - [2024-06-12T20:29:38.573+0000] {dag.py:2690} INFO - Sync 1 DAGs
[2024-06-12T20:29:38.923+0000] {logging_mixin.py:137} INFO - [2024-06-12T20:29:38.923+0000] {dag.py:3441} INFO - Setting next_dagrun for example_weekday_branch_operator to 2024-06-11T00:00:00+00:00, run_after=2024-06-12T00:00:00+00:00
[2024-06-12T20:29:39.133+0000] {processor.py:175} INFO - Processing /home/airflow/.local/lib/python3.7/site-packages/airflow/example_dags/example_branch_day_of_week_operator.py took 0.869 seconds
[2024-06-12T20:30:39.746+0000] {processor.py:153} INFO - Started process (PID=3037) to work on /home/airflow/.local/lib/python3.7/site-packages/airflow/example_dags/example_branch_day_of_week_operator.py
[2024-06-12T20:30:39.760+0000] {processor.py:743} INFO - Processing file /home/airflow/.local/lib/python3.7/site-packages/airflow/example_dags/example_branch_day_of_week_operator.py for tasks to queue
[2024-06-12T20:30:39.780+0000] {logging_mixin.py:137} INFO - [2024-06-12T20:30:39.779+0000] {dagbag.py:538} INFO - Filling up the DagBag from /home/airflow/.local/lib/python3.7/site-packages/airflow/example_dags/example_branch_day_of_week_operator.py
[2024-06-12T20:30:40.018+0000] {processor.py:753} INFO - DAG(s) dict_keys(['example_weekday_branch_operator']) retrieved from /home/airflow/.local/lib/python3.7/site-packages/airflow/example_dags/example_branch_day_of_week_operator.py
[2024-06-12T20:30:40.370+0000] {logging_mixin.py:137} INFO - [2024-06-12T20:30:40.370+0000] {dag.py:2690} INFO - Sync 1 DAGs
[2024-06-12T20:30:40.827+0000] {logging_mixin.py:137} INFO - [2024-06-12T20:30:40.827+0000] {dag.py:3441} INFO - Setting next_dagrun for example_weekday_branch_operator to 2024-06-11T00:00:00+00:00, run_after=2024-06-12T00:00:00+00:00
[2024-06-12T20:30:41.194+0000] {processor.py:175} INFO - Processing /home/airflow/.local/lib/python3.7/site-packages/airflow/example_dags/example_branch_day_of_week_operator.py took 1.467 seconds
[2024-06-12T20:31:51.283+0000] {processor.py:153} INFO - Started process (PID=3114) to work on /home/airflow/.local/lib/python3.7/site-packages/airflow/example_dags/example_branch_day_of_week_operator.py
[2024-06-12T20:31:51.297+0000] {processor.py:743} INFO - Processing file /home/airflow/.local/lib/python3.7/site-packages/airflow/example_dags/example_branch_day_of_week_operator.py for tasks to queue
[2024-06-12T20:31:51.300+0000] {logging_mixin.py:137} INFO - [2024-06-12T20:31:51.300+0000] {dagbag.py:538} INFO - Filling up the DagBag from /home/airflow/.local/lib/python3.7/site-packages/airflow/example_dags/example_branch_day_of_week_operator.py
[2024-06-12T20:31:52.121+0000] {processor.py:753} INFO - DAG(s) dict_keys(['example_weekday_branch_operator']) retrieved from /home/airflow/.local/lib/python3.7/site-packages/airflow/example_dags/example_branch_day_of_week_operator.py
[2024-06-12T20:31:52.637+0000] {logging_mixin.py:137} INFO - [2024-06-12T20:31:52.637+0000] {dag.py:2690} INFO - Sync 1 DAGs
[2024-06-12T20:31:53.480+0000] {logging_mixin.py:137} INFO - [2024-06-12T20:31:53.480+0000] {dag.py:3441} INFO - Setting next_dagrun for example_weekday_branch_operator to 2024-06-11T00:00:00+00:00, run_after=2024-06-12T00:00:00+00:00
[2024-06-12T20:31:53.974+0000] {processor.py:175} INFO - Processing /home/airflow/.local/lib/python3.7/site-packages/airflow/example_dags/example_branch_day_of_week_operator.py took 2.740 seconds
[2024-06-12T20:33:29.707+0000] {processor.py:153} INFO - Started process (PID=3217) to work on /home/airflow/.local/lib/python3.7/site-packages/airflow/example_dags/example_branch_day_of_week_operator.py
[2024-06-12T20:33:29.719+0000] {processor.py:743} INFO - Processing file /home/airflow/.local/lib/python3.7/site-packages/airflow/example_dags/example_branch_day_of_week_operator.py for tasks to queue
[2024-06-12T20:33:29.737+0000] {logging_mixin.py:137} INFO - [2024-06-12T20:33:29.737+0000] {dagbag.py:538} INFO - Filling up the DagBag from /home/airflow/.local/lib/python3.7/site-packages/airflow/example_dags/example_branch_day_of_week_operator.py
[2024-06-12T20:33:29.999+0000] {processor.py:753} INFO - DAG(s) dict_keys(['example_weekday_branch_operator']) retrieved from /home/airflow/.local/lib/python3.7/site-packages/airflow/example_dags/example_branch_day_of_week_operator.py
[2024-06-12T20:33:30.492+0000] {logging_mixin.py:137} INFO - [2024-06-12T20:33:30.491+0000] {dag.py:2690} INFO - Sync 1 DAGs
[2024-06-12T20:33:31.971+0000] {logging_mixin.py:137} INFO - [2024-06-12T20:33:31.971+0000] {dag.py:3441} INFO - Setting next_dagrun for example_weekday_branch_operator to 2024-06-11T00:00:00+00:00, run_after=2024-06-12T00:00:00+00:00
[2024-06-12T20:33:32.657+0000] {processor.py:175} INFO - Processing /home/airflow/.local/lib/python3.7/site-packages/airflow/example_dags/example_branch_day_of_week_operator.py took 3.071 seconds
[2024-06-12T20:34:28.231+0000] {processor.py:153} INFO - Started process (PID=3270) to work on /home/airflow/.local/lib/python3.7/site-packages/airflow/example_dags/example_branch_day_of_week_operator.py
[2024-06-12T20:34:28.265+0000] {processor.py:743} INFO - Processing file /home/airflow/.local/lib/python3.7/site-packages/airflow/example_dags/example_branch_day_of_week_operator.py for tasks to queue
[2024-06-12T20:34:28.297+0000] {logging_mixin.py:137} INFO - [2024-06-12T20:34:28.296+0000] {dagbag.py:538} INFO - Filling up the DagBag from /home/airflow/.local/lib/python3.7/site-packages/airflow/example_dags/example_branch_day_of_week_operator.py
[2024-06-12T20:34:29.070+0000] {processor.py:753} INFO - DAG(s) dict_keys(['example_weekday_branch_operator']) retrieved from /home/airflow/.local/lib/python3.7/site-packages/airflow/example_dags/example_branch_day_of_week_operator.py
[2024-06-12T20:34:29.937+0000] {logging_mixin.py:137} INFO - [2024-06-12T20:34:29.937+0000] {dag.py:2690} INFO - Sync 1 DAGs
[2024-06-12T20:34:31.180+0000] {logging_mixin.py:137} INFO - [2024-06-12T20:34:31.084+0000] {dag.py:3441} INFO - Setting next_dagrun for example_weekday_branch_operator to 2024-06-11T00:00:00+00:00, run_after=2024-06-12T00:00:00+00:00
[2024-06-12T20:34:32.219+0000] {processor.py:175} INFO - Processing /home/airflow/.local/lib/python3.7/site-packages/airflow/example_dags/example_branch_day_of_week_operator.py took 4.299 seconds
[2024-06-12T20:35:35.685+0000] {processor.py:153} INFO - Started process (PID=3330) to work on /home/airflow/.local/lib/python3.7/site-packages/airflow/example_dags/example_branch_day_of_week_operator.py
[2024-06-12T20:35:35.700+0000] {processor.py:743} INFO - Processing file /home/airflow/.local/lib/python3.7/site-packages/airflow/example_dags/example_branch_day_of_week_operator.py for tasks to queue
[2024-06-12T20:35:35.733+0000] {logging_mixin.py:137} INFO - [2024-06-12T20:35:35.733+0000] {dagbag.py:538} INFO - Filling up the DagBag from /home/airflow/.local/lib/python3.7/site-packages/airflow/example_dags/example_branch_day_of_week_operator.py
[2024-06-12T20:35:36.453+0000] {processor.py:753} INFO - DAG(s) dict_keys(['example_weekday_branch_operator']) retrieved from /home/airflow/.local/lib/python3.7/site-packages/airflow/example_dags/example_branch_day_of_week_operator.py
[2024-06-12T20:35:37.596+0000] {logging_mixin.py:137} INFO - [2024-06-12T20:35:37.595+0000] {dag.py:2690} INFO - Sync 1 DAGs
[2024-06-12T20:35:39.074+0000] {logging_mixin.py:137} INFO - [2024-06-12T20:35:39.074+0000] {dag.py:3441} INFO - Setting next_dagrun for example_weekday_branch_operator to 2024-06-11T00:00:00+00:00, run_after=2024-06-12T00:00:00+00:00
[2024-06-12T20:35:41.248+0000] {processor.py:175} INFO - Processing /home/airflow/.local/lib/python3.7/site-packages/airflow/example_dags/example_branch_day_of_week_operator.py took 5.641 seconds
[2024-06-12T20:36:54.825+0000] {processor.py:153} INFO - Started process (PID=3405) to work on /home/airflow/.local/lib/python3.7/site-packages/airflow/example_dags/example_branch_day_of_week_operator.py
[2024-06-12T20:36:54.921+0000] {processor.py:743} INFO - Processing file /home/airflow/.local/lib/python3.7/site-packages/airflow/example_dags/example_branch_day_of_week_operator.py for tasks to queue
[2024-06-12T20:36:55.082+0000] {logging_mixin.py:137} INFO - [2024-06-12T20:36:55.081+0000] {dagbag.py:538} INFO - Filling up the DagBag from /home/airflow/.local/lib/python3.7/site-packages/airflow/example_dags/example_branch_day_of_week_operator.py
[2024-06-12T20:36:55.502+0000] {processor.py:753} INFO - DAG(s) dict_keys(['example_weekday_branch_operator']) retrieved from /home/airflow/.local/lib/python3.7/site-packages/airflow/example_dags/example_branch_day_of_week_operator.py
[2024-06-12T20:36:56.594+0000] {logging_mixin.py:137} INFO - [2024-06-12T20:36:56.561+0000] {dag.py:2690} INFO - Sync 1 DAGs
[2024-06-12T20:36:57.461+0000] {logging_mixin.py:137} INFO - [2024-06-12T20:36:57.461+0000] {dag.py:3441} INFO - Setting next_dagrun for example_weekday_branch_operator to 2024-06-11T00:00:00+00:00, run_after=2024-06-12T00:00:00+00:00
[2024-06-12T20:36:58.355+0000] {processor.py:175} INFO - Processing /home/airflow/.local/lib/python3.7/site-packages/airflow/example_dags/example_branch_day_of_week_operator.py took 3.736 seconds
[2024-06-12T20:38:14.510+0000] {processor.py:153} INFO - Started process (PID=3479) to work on /home/airflow/.local/lib/python3.7/site-packages/airflow/example_dags/example_branch_day_of_week_operator.py
[2024-06-12T20:38:14.525+0000] {processor.py:743} INFO - Processing file /home/airflow/.local/lib/python3.7/site-packages/airflow/example_dags/example_branch_day_of_week_operator.py for tasks to queue
[2024-06-12T20:38:14.529+0000] {logging_mixin.py:137} INFO - [2024-06-12T20:38:14.528+0000] {dagbag.py:538} INFO - Filling up the DagBag from /home/airflow/.local/lib/python3.7/site-packages/airflow/example_dags/example_branch_day_of_week_operator.py
[2024-06-12T20:38:15.066+0000] {processor.py:753} INFO - DAG(s) dict_keys(['example_weekday_branch_operator']) retrieved from /home/airflow/.local/lib/python3.7/site-packages/airflow/example_dags/example_branch_day_of_week_operator.py
[2024-06-12T20:38:16.037+0000] {logging_mixin.py:137} INFO - [2024-06-12T20:38:16.036+0000] {dag.py:2690} INFO - Sync 1 DAGs
[2024-06-12T20:38:16.980+0000] {logging_mixin.py:137} INFO - [2024-06-12T20:38:16.979+0000] {dag.py:3441} INFO - Setting next_dagrun for example_weekday_branch_operator to 2024-06-11T00:00:00+00:00, run_after=2024-06-12T00:00:00+00:00
[2024-06-12T20:38:17.538+0000] {processor.py:175} INFO - Processing /home/airflow/.local/lib/python3.7/site-packages/airflow/example_dags/example_branch_day_of_week_operator.py took 3.083 seconds
[2024-06-12T20:38:59.613+0000] {processor.py:153} INFO - Started process (PID=3527) to work on /home/airflow/.local/lib/python3.7/site-packages/airflow/example_dags/example_branch_day_of_week_operator.py
[2024-06-12T20:38:59.626+0000] {processor.py:743} INFO - Processing file /home/airflow/.local/lib/python3.7/site-packages/airflow/example_dags/example_branch_day_of_week_operator.py for tasks to queue
[2024-06-12T20:38:59.633+0000] {logging_mixin.py:137} INFO - [2024-06-12T20:38:59.633+0000] {dagbag.py:538} INFO - Filling up the DagBag from /home/airflow/.local/lib/python3.7/site-packages/airflow/example_dags/example_branch_day_of_week_operator.py
[2024-06-12T20:38:59.781+0000] {processor.py:753} INFO - DAG(s) dict_keys(['example_weekday_branch_operator']) retrieved from /home/airflow/.local/lib/python3.7/site-packages/airflow/example_dags/example_branch_day_of_week_operator.py
[2024-06-12T20:39:00.106+0000] {logging_mixin.py:137} INFO - [2024-06-12T20:39:00.106+0000] {dag.py:2690} INFO - Sync 1 DAGs
[2024-06-12T20:39:00.471+0000] {logging_mixin.py:137} INFO - [2024-06-12T20:39:00.471+0000] {dag.py:3441} INFO - Setting next_dagrun for example_weekday_branch_operator to 2024-06-11T00:00:00+00:00, run_after=2024-06-12T00:00:00+00:00
[2024-06-12T20:39:00.863+0000] {processor.py:175} INFO - Processing /home/airflow/.local/lib/python3.7/site-packages/airflow/example_dags/example_branch_day_of_week_operator.py took 1.263 seconds
[2024-06-12T20:39:54.849+0000] {processor.py:153} INFO - Started process (PID=3595) to work on /home/airflow/.local/lib/python3.7/site-packages/airflow/example_dags/example_branch_day_of_week_operator.py
[2024-06-12T20:39:54.912+0000] {processor.py:743} INFO - Processing file /home/airflow/.local/lib/python3.7/site-packages/airflow/example_dags/example_branch_day_of_week_operator.py for tasks to queue
[2024-06-12T20:39:54.929+0000] {logging_mixin.py:137} INFO - [2024-06-12T20:39:54.928+0000] {dagbag.py:538} INFO - Filling up the DagBag from /home/airflow/.local/lib/python3.7/site-packages/airflow/example_dags/example_branch_day_of_week_operator.py
[2024-06-12T20:39:55.212+0000] {processor.py:753} INFO - DAG(s) dict_keys(['example_weekday_branch_operator']) retrieved from /home/airflow/.local/lib/python3.7/site-packages/airflow/example_dags/example_branch_day_of_week_operator.py
[2024-06-12T20:39:55.786+0000] {logging_mixin.py:137} INFO - [2024-06-12T20:39:55.786+0000] {dag.py:2690} INFO - Sync 1 DAGs
[2024-06-12T20:39:56.313+0000] {logging_mixin.py:137} INFO - [2024-06-12T20:39:56.313+0000] {dag.py:3441} INFO - Setting next_dagrun for example_weekday_branch_operator to 2024-06-11T00:00:00+00:00, run_after=2024-06-12T00:00:00+00:00
[2024-06-12T20:39:56.958+0000] {processor.py:175} INFO - Processing /home/airflow/.local/lib/python3.7/site-packages/airflow/example_dags/example_branch_day_of_week_operator.py took 2.267 seconds
[2024-06-12T20:40:57.992+0000] {processor.py:153} INFO - Started process (PID=3670) to work on /home/airflow/.local/lib/python3.7/site-packages/airflow/example_dags/example_branch_day_of_week_operator.py
[2024-06-12T20:40:58.005+0000] {processor.py:743} INFO - Processing file /home/airflow/.local/lib/python3.7/site-packages/airflow/example_dags/example_branch_day_of_week_operator.py for tasks to queue
[2024-06-12T20:40:58.038+0000] {logging_mixin.py:137} INFO - [2024-06-12T20:40:58.037+0000] {dagbag.py:538} INFO - Filling up the DagBag from /home/airflow/.local/lib/python3.7/site-packages/airflow/example_dags/example_branch_day_of_week_operator.py
[2024-06-12T20:40:58.395+0000] {processor.py:753} INFO - DAG(s) dict_keys(['example_weekday_branch_operator']) retrieved from /home/airflow/.local/lib/python3.7/site-packages/airflow/example_dags/example_branch_day_of_week_operator.py
[2024-06-12T20:40:58.972+0000] {logging_mixin.py:137} INFO - [2024-06-12T20:40:58.972+0000] {dag.py:2690} INFO - Sync 1 DAGs
[2024-06-12T20:40:59.513+0000] {logging_mixin.py:137} INFO - [2024-06-12T20:40:59.512+0000] {dag.py:3441} INFO - Setting next_dagrun for example_weekday_branch_operator to 2024-06-11T00:00:00+00:00, run_after=2024-06-12T00:00:00+00:00
[2024-06-12T20:40:59.995+0000] {processor.py:175} INFO - Processing /home/airflow/.local/lib/python3.7/site-packages/airflow/example_dags/example_branch_day_of_week_operator.py took 2.027 seconds
[2024-06-12T20:41:57.849+0000] {processor.py:153} INFO - Started process (PID=3736) to work on /home/airflow/.local/lib/python3.7/site-packages/airflow/example_dags/example_branch_day_of_week_operator.py
[2024-06-12T20:41:57.871+0000] {processor.py:743} INFO - Processing file /home/airflow/.local/lib/python3.7/site-packages/airflow/example_dags/example_branch_day_of_week_operator.py for tasks to queue
[2024-06-12T20:41:57.901+0000] {logging_mixin.py:137} INFO - [2024-06-12T20:41:57.901+0000] {dagbag.py:538} INFO - Filling up the DagBag from /home/airflow/.local/lib/python3.7/site-packages/airflow/example_dags/example_branch_day_of_week_operator.py
[2024-06-12T20:41:58.332+0000] {processor.py:753} INFO - DAG(s) dict_keys(['example_weekday_branch_operator']) retrieved from /home/airflow/.local/lib/python3.7/site-packages/airflow/example_dags/example_branch_day_of_week_operator.py
[2024-06-12T20:41:59.067+0000] {logging_mixin.py:137} INFO - [2024-06-12T20:41:59.067+0000] {dag.py:2690} INFO - Sync 1 DAGs
[2024-06-12T20:41:59.916+0000] {logging_mixin.py:137} INFO - [2024-06-12T20:41:59.915+0000] {dag.py:3441} INFO - Setting next_dagrun for example_weekday_branch_operator to 2024-06-11T00:00:00+00:00, run_after=2024-06-12T00:00:00+00:00
[2024-06-12T20:42:00.277+0000] {processor.py:175} INFO - Processing /home/airflow/.local/lib/python3.7/site-packages/airflow/example_dags/example_branch_day_of_week_operator.py took 2.478 seconds
[2024-06-12T20:42:55.043+0000] {processor.py:153} INFO - Started process (PID=3799) to work on /home/airflow/.local/lib/python3.7/site-packages/airflow/example_dags/example_branch_day_of_week_operator.py
[2024-06-12T20:42:55.057+0000] {processor.py:743} INFO - Processing file /home/airflow/.local/lib/python3.7/site-packages/airflow/example_dags/example_branch_day_of_week_operator.py for tasks to queue
[2024-06-12T20:42:55.073+0000] {logging_mixin.py:137} INFO - [2024-06-12T20:42:55.073+0000] {dagbag.py:538} INFO - Filling up the DagBag from /home/airflow/.local/lib/python3.7/site-packages/airflow/example_dags/example_branch_day_of_week_operator.py
[2024-06-12T20:42:55.441+0000] {processor.py:753} INFO - DAG(s) dict_keys(['example_weekday_branch_operator']) retrieved from /home/airflow/.local/lib/python3.7/site-packages/airflow/example_dags/example_branch_day_of_week_operator.py
[2024-06-12T20:42:56.093+0000] {logging_mixin.py:137} INFO - [2024-06-12T20:42:56.093+0000] {dag.py:2690} INFO - Sync 1 DAGs
[2024-06-12T20:42:56.737+0000] {logging_mixin.py:137} INFO - [2024-06-12T20:42:56.736+0000] {dag.py:3441} INFO - Setting next_dagrun for example_weekday_branch_operator to 2024-06-11T00:00:00+00:00, run_after=2024-06-12T00:00:00+00:00
[2024-06-12T20:42:57.152+0000] {processor.py:175} INFO - Processing /home/airflow/.local/lib/python3.7/site-packages/airflow/example_dags/example_branch_day_of_week_operator.py took 2.189 seconds
[2024-06-12T20:44:13.986+0000] {processor.py:153} INFO - Started process (PID=3889) to work on /home/airflow/.local/lib/python3.7/site-packages/airflow/example_dags/example_branch_day_of_week_operator.py
[2024-06-12T20:44:14.013+0000] {processor.py:743} INFO - Processing file /home/airflow/.local/lib/python3.7/site-packages/airflow/example_dags/example_branch_day_of_week_operator.py for tasks to queue
[2024-06-12T20:44:14.047+0000] {logging_mixin.py:137} INFO - [2024-06-12T20:44:14.046+0000] {dagbag.py:538} INFO - Filling up the DagBag from /home/airflow/.local/lib/python3.7/site-packages/airflow/example_dags/example_branch_day_of_week_operator.py
[2024-06-12T20:44:14.660+0000] {processor.py:753} INFO - DAG(s) dict_keys(['example_weekday_branch_operator']) retrieved from /home/airflow/.local/lib/python3.7/site-packages/airflow/example_dags/example_branch_day_of_week_operator.py
[2024-06-12T20:44:15.373+0000] {logging_mixin.py:137} INFO - [2024-06-12T20:44:15.346+0000] {dag.py:2690} INFO - Sync 1 DAGs
[2024-06-12T20:44:16.323+0000] {logging_mixin.py:137} INFO - [2024-06-12T20:44:16.323+0000] {dag.py:3441} INFO - Setting next_dagrun for example_weekday_branch_operator to 2024-06-11T00:00:00+00:00, run_after=2024-06-12T00:00:00+00:00
[2024-06-12T20:44:16.819+0000] {processor.py:175} INFO - Processing /home/airflow/.local/lib/python3.7/site-packages/airflow/example_dags/example_branch_day_of_week_operator.py took 2.939 seconds
[2024-06-12T20:45:14.502+0000] {processor.py:153} INFO - Started process (PID=3965) to work on /home/airflow/.local/lib/python3.7/site-packages/airflow/example_dags/example_branch_day_of_week_operator.py
[2024-06-12T20:45:14.520+0000] {processor.py:743} INFO - Processing file /home/airflow/.local/lib/python3.7/site-packages/airflow/example_dags/example_branch_day_of_week_operator.py for tasks to queue
[2024-06-12T20:45:14.542+0000] {logging_mixin.py:137} INFO - [2024-06-12T20:45:14.541+0000] {dagbag.py:538} INFO - Filling up the DagBag from /home/airflow/.local/lib/python3.7/site-packages/airflow/example_dags/example_branch_day_of_week_operator.py
[2024-06-12T20:45:14.921+0000] {processor.py:753} INFO - DAG(s) dict_keys(['example_weekday_branch_operator']) retrieved from /home/airflow/.local/lib/python3.7/site-packages/airflow/example_dags/example_branch_day_of_week_operator.py
[2024-06-12T20:45:15.409+0000] {logging_mixin.py:137} INFO - [2024-06-12T20:45:15.409+0000] {dag.py:2690} INFO - Sync 1 DAGs
[2024-06-12T20:45:15.900+0000] {logging_mixin.py:137} INFO - [2024-06-12T20:45:15.899+0000] {dag.py:3441} INFO - Setting next_dagrun for example_weekday_branch_operator to 2024-06-11T00:00:00+00:00, run_after=2024-06-12T00:00:00+00:00
[2024-06-12T20:45:16.620+0000] {processor.py:175} INFO - Processing /home/airflow/.local/lib/python3.7/site-packages/airflow/example_dags/example_branch_day_of_week_operator.py took 2.124 seconds
[2024-06-12T20:46:06.819+0000] {processor.py:153} INFO - Started process (PID=4033) to work on /home/airflow/.local/lib/python3.7/site-packages/airflow/example_dags/example_branch_day_of_week_operator.py
[2024-06-12T20:46:06.837+0000] {processor.py:743} INFO - Processing file /home/airflow/.local/lib/python3.7/site-packages/airflow/example_dags/example_branch_day_of_week_operator.py for tasks to queue
[2024-06-12T20:46:06.905+0000] {logging_mixin.py:137} INFO - [2024-06-12T20:46:06.845+0000] {dagbag.py:538} INFO - Filling up the DagBag from /home/airflow/.local/lib/python3.7/site-packages/airflow/example_dags/example_branch_day_of_week_operator.py
[2024-06-12T20:46:07.363+0000] {processor.py:753} INFO - DAG(s) dict_keys(['example_weekday_branch_operator']) retrieved from /home/airflow/.local/lib/python3.7/site-packages/airflow/example_dags/example_branch_day_of_week_operator.py
[2024-06-12T20:46:07.730+0000] {logging_mixin.py:137} INFO - [2024-06-12T20:46:07.649+0000] {dag.py:2690} INFO - Sync 1 DAGs
[2024-06-12T20:46:08.536+0000] {logging_mixin.py:137} INFO - [2024-06-12T20:46:08.536+0000] {dag.py:3441} INFO - Setting next_dagrun for example_weekday_branch_operator to 2024-06-11T00:00:00+00:00, run_after=2024-06-12T00:00:00+00:00
[2024-06-12T20:46:09.104+0000] {processor.py:175} INFO - Processing /home/airflow/.local/lib/python3.7/site-packages/airflow/example_dags/example_branch_day_of_week_operator.py took 2.339 seconds
[2024-06-12T20:47:13.519+0000] {processor.py:153} INFO - Started process (PID=4107) to work on /home/airflow/.local/lib/python3.7/site-packages/airflow/example_dags/example_branch_day_of_week_operator.py
[2024-06-12T20:47:13.539+0000] {processor.py:743} INFO - Processing file /home/airflow/.local/lib/python3.7/site-packages/airflow/example_dags/example_branch_day_of_week_operator.py for tasks to queue
[2024-06-12T20:47:13.632+0000] {logging_mixin.py:137} INFO - [2024-06-12T20:47:13.632+0000] {dagbag.py:538} INFO - Filling up the DagBag from /home/airflow/.local/lib/python3.7/site-packages/airflow/example_dags/example_branch_day_of_week_operator.py
[2024-06-12T20:47:14.107+0000] {processor.py:753} INFO - DAG(s) dict_keys(['example_weekday_branch_operator']) retrieved from /home/airflow/.local/lib/python3.7/site-packages/airflow/example_dags/example_branch_day_of_week_operator.py
[2024-06-12T20:47:14.408+0000] {logging_mixin.py:137} INFO - [2024-06-12T20:47:14.395+0000] {dag.py:2690} INFO - Sync 1 DAGs
[2024-06-12T20:47:15.255+0000] {logging_mixin.py:137} INFO - [2024-06-12T20:47:15.254+0000] {dag.py:3441} INFO - Setting next_dagrun for example_weekday_branch_operator to 2024-06-11T00:00:00+00:00, run_after=2024-06-12T00:00:00+00:00
[2024-06-12T20:47:16.086+0000] {processor.py:175} INFO - Processing /home/airflow/.local/lib/python3.7/site-packages/airflow/example_dags/example_branch_day_of_week_operator.py took 2.676 seconds
