[2024-06-12T19:43:48.877+0000] {processor.py:153} INFO - Started process (PID=188) to work on /home/airflow/.local/lib/python3.7/site-packages/airflow/example_dags/example_subdag_operator.py
[2024-06-12T19:43:48.892+0000] {processor.py:743} INFO - Processing file /home/airflow/.local/lib/python3.7/site-packages/airflow/example_dags/example_subdag_operator.py for tasks to queue
[2024-06-12T19:43:48.929+0000] {logging_mixin.py:137} INFO - [2024-06-12T19:43:48.929+0000] {dagbag.py:538} INFO - Filling up the DagBag from /home/airflow/.local/lib/python3.7/site-packages/airflow/example_dags/example_subdag_operator.py
[2024-06-12T19:43:49.759+0000] {processor.py:753} INFO - DAG(s) dict_keys(['example_subdag_operator.section-1', 'example_subdag_operator.section-2', 'example_subdag_operator']) retrieved from /home/airflow/.local/lib/python3.7/site-packages/airflow/example_dags/example_subdag_operator.py
[2024-06-12T19:43:50.538+0000] {logging_mixin.py:137} INFO - [2024-06-12T19:43:50.538+0000] {dag.py:2690} INFO - Sync 3 DAGs
[2024-06-12T19:43:51.050+0000] {logging_mixin.py:137} INFO - [2024-06-12T19:43:51.050+0000] {dag.py:3441} INFO - Setting next_dagrun for example_subdag_operator to 2022-01-01T00:00:00+00:00, run_after=2022-01-01T00:00:00+00:00
[2024-06-12T19:43:51.095+0000] {logging_mixin.py:137} INFO - [2024-06-12T19:43:51.095+0000] {dag.py:3441} INFO - Setting next_dagrun for example_subdag_operator.section-1 to None, run_after=None
[2024-06-12T19:43:51.112+0000] {logging_mixin.py:137} INFO - [2024-06-12T19:43:51.111+0000] {dag.py:3441} INFO - Setting next_dagrun for example_subdag_operator.section-2 to None, run_after=None
[2024-06-12T19:43:51.352+0000] {logging_mixin.py:137} INFO - [2024-06-12T19:43:51.352+0000] {dag.py:2690} INFO - Sync 2 DAGs
[2024-06-12T19:43:51.622+0000] {logging_mixin.py:137} INFO - [2024-06-12T19:43:51.621+0000] {dag.py:3441} INFO - Setting next_dagrun for example_subdag_operator.section-1 to None, run_after=None
[2024-06-12T19:43:51.698+0000] {logging_mixin.py:137} INFO - [2024-06-12T19:43:51.697+0000] {dag.py:3441} INFO - Setting next_dagrun for example_subdag_operator.section-2 to None, run_after=None
[2024-06-12T19:43:52.167+0000] {processor.py:175} INFO - Processing /home/airflow/.local/lib/python3.7/site-packages/airflow/example_dags/example_subdag_operator.py took 3.372 seconds
[2024-06-12T19:46:11.495+0000] {processor.py:153} INFO - Started process (PID=306) to work on /home/airflow/.local/lib/python3.7/site-packages/airflow/example_dags/example_subdag_operator.py
[2024-06-12T19:46:11.956+0000] {processor.py:743} INFO - Processing file /home/airflow/.local/lib/python3.7/site-packages/airflow/example_dags/example_subdag_operator.py for tasks to queue
[2024-06-12T19:46:12.470+0000] {logging_mixin.py:137} INFO - [2024-06-12T19:46:12.469+0000] {dagbag.py:538} INFO - Filling up the DagBag from /home/airflow/.local/lib/python3.7/site-packages/airflow/example_dags/example_subdag_operator.py
[2024-06-12T19:46:15.628+0000] {processor.py:753} INFO - DAG(s) dict_keys(['example_subdag_operator.section-1', 'example_subdag_operator.section-2', 'example_subdag_operator']) retrieved from /home/airflow/.local/lib/python3.7/site-packages/airflow/example_dags/example_subdag_operator.py
[2024-06-12T19:46:17.370+0000] {logging_mixin.py:137} INFO - [2024-06-12T19:46:17.369+0000] {dag.py:2690} INFO - Sync 3 DAGs
[2024-06-12T19:46:19.874+0000] {logging_mixin.py:137} INFO - [2024-06-12T19:46:19.874+0000] {dag.py:3441} INFO - Setting next_dagrun for example_subdag_operator to 2022-01-01T00:00:00+00:00, run_after=2022-01-01T00:00:00+00:00
[2024-06-12T19:46:20.436+0000] {logging_mixin.py:137} INFO - [2024-06-12T19:46:20.436+0000] {dag.py:3441} INFO - Setting next_dagrun for example_subdag_operator.section-1 to None, run_after=None
[2024-06-12T19:46:20.637+0000] {logging_mixin.py:137} INFO - [2024-06-12T19:46:20.636+0000] {dag.py:3441} INFO - Setting next_dagrun for example_subdag_operator.section-2 to None, run_after=None
[2024-06-12T19:46:21.094+0000] {logging_mixin.py:137} INFO - [2024-06-12T19:46:21.093+0000] {dag.py:2690} INFO - Sync 2 DAGs
[2024-06-12T19:46:21.536+0000] {logging_mixin.py:137} INFO - [2024-06-12T19:46:21.536+0000] {dag.py:3441} INFO - Setting next_dagrun for example_subdag_operator.section-1 to None, run_after=None
[2024-06-12T19:46:21.870+0000] {logging_mixin.py:137} INFO - [2024-06-12T19:46:21.731+0000] {dag.py:3441} INFO - Setting next_dagrun for example_subdag_operator.section-2 to None, run_after=None
[2024-06-12T19:46:23.158+0000] {processor.py:175} INFO - Processing /home/airflow/.local/lib/python3.7/site-packages/airflow/example_dags/example_subdag_operator.py took 12.285 seconds
[2024-06-12T19:48:21.304+0000] {processor.py:153} INFO - Started process (PID=443) to work on /home/airflow/.local/lib/python3.7/site-packages/airflow/example_dags/example_subdag_operator.py
[2024-06-12T19:48:21.318+0000] {processor.py:743} INFO - Processing file /home/airflow/.local/lib/python3.7/site-packages/airflow/example_dags/example_subdag_operator.py for tasks to queue
[2024-06-12T19:48:21.322+0000] {logging_mixin.py:137} INFO - [2024-06-12T19:48:21.322+0000] {dagbag.py:538} INFO - Filling up the DagBag from /home/airflow/.local/lib/python3.7/site-packages/airflow/example_dags/example_subdag_operator.py
[2024-06-12T19:48:21.921+0000] {processor.py:753} INFO - DAG(s) dict_keys(['example_subdag_operator.section-1', 'example_subdag_operator.section-2', 'example_subdag_operator']) retrieved from /home/airflow/.local/lib/python3.7/site-packages/airflow/example_dags/example_subdag_operator.py
[2024-06-12T19:48:22.167+0000] {logging_mixin.py:137} INFO - [2024-06-12T19:48:22.167+0000] {dag.py:2690} INFO - Sync 3 DAGs
[2024-06-12T19:48:22.411+0000] {logging_mixin.py:137} INFO - [2024-06-12T19:48:22.410+0000] {dag.py:3441} INFO - Setting next_dagrun for example_subdag_operator to 2022-01-01T00:00:00+00:00, run_after=2022-01-01T00:00:00+00:00
[2024-06-12T19:48:22.447+0000] {logging_mixin.py:137} INFO - [2024-06-12T19:48:22.447+0000] {dag.py:3441} INFO - Setting next_dagrun for example_subdag_operator.section-1 to None, run_after=None
[2024-06-12T19:48:22.466+0000] {logging_mixin.py:137} INFO - [2024-06-12T19:48:22.466+0000] {dag.py:3441} INFO - Setting next_dagrun for example_subdag_operator.section-2 to None, run_after=None
[2024-06-12T19:48:22.528+0000] {logging_mixin.py:137} INFO - [2024-06-12T19:48:22.527+0000] {dag.py:2690} INFO - Sync 2 DAGs
[2024-06-12T19:48:22.581+0000] {logging_mixin.py:137} INFO - [2024-06-12T19:48:22.580+0000] {dag.py:3441} INFO - Setting next_dagrun for example_subdag_operator.section-1 to None, run_after=None
[2024-06-12T19:48:22.582+0000] {logging_mixin.py:137} INFO - [2024-06-12T19:48:22.582+0000] {dag.py:3441} INFO - Setting next_dagrun for example_subdag_operator.section-2 to None, run_after=None
[2024-06-12T19:48:22.688+0000] {processor.py:175} INFO - Processing /home/airflow/.local/lib/python3.7/site-packages/airflow/example_dags/example_subdag_operator.py took 1.421 seconds
[2024-06-12T19:48:53.266+0000] {processor.py:153} INFO - Started process (PID=507) to work on /home/airflow/.local/lib/python3.7/site-packages/airflow/example_dags/example_subdag_operator.py
[2024-06-12T19:48:53.290+0000] {processor.py:743} INFO - Processing file /home/airflow/.local/lib/python3.7/site-packages/airflow/example_dags/example_subdag_operator.py for tasks to queue
[2024-06-12T19:48:53.320+0000] {logging_mixin.py:137} INFO - [2024-06-12T19:48:53.320+0000] {dagbag.py:538} INFO - Filling up the DagBag from /home/airflow/.local/lib/python3.7/site-packages/airflow/example_dags/example_subdag_operator.py
[2024-06-12T19:48:53.829+0000] {processor.py:753} INFO - DAG(s) dict_keys(['example_subdag_operator.section-1', 'example_subdag_operator.section-2', 'example_subdag_operator']) retrieved from /home/airflow/.local/lib/python3.7/site-packages/airflow/example_dags/example_subdag_operator.py
[2024-06-12T19:48:54.164+0000] {logging_mixin.py:137} INFO - [2024-06-12T19:48:54.164+0000] {dag.py:2690} INFO - Sync 3 DAGs
[2024-06-12T19:48:54.530+0000] {logging_mixin.py:137} INFO - [2024-06-12T19:48:54.503+0000] {dag.py:3441} INFO - Setting next_dagrun for example_subdag_operator to 2022-01-01T00:00:00+00:00, run_after=2022-01-01T00:00:00+00:00
[2024-06-12T19:48:54.683+0000] {logging_mixin.py:137} INFO - [2024-06-12T19:48:54.683+0000] {dag.py:3441} INFO - Setting next_dagrun for example_subdag_operator.section-1 to None, run_after=None
[2024-06-12T19:48:54.716+0000] {logging_mixin.py:137} INFO - [2024-06-12T19:48:54.715+0000] {dag.py:3441} INFO - Setting next_dagrun for example_subdag_operator.section-2 to None, run_after=None
[2024-06-12T19:48:54.803+0000] {logging_mixin.py:137} INFO - [2024-06-12T19:48:54.802+0000] {dag.py:2690} INFO - Sync 2 DAGs
[2024-06-12T19:48:54.946+0000] {logging_mixin.py:137} INFO - [2024-06-12T19:48:54.946+0000] {dag.py:3441} INFO - Setting next_dagrun for example_subdag_operator.section-1 to None, run_after=None
[2024-06-12T19:48:54.953+0000] {logging_mixin.py:137} INFO - [2024-06-12T19:48:54.952+0000] {dag.py:3441} INFO - Setting next_dagrun for example_subdag_operator.section-2 to None, run_after=None
[2024-06-12T19:48:55.130+0000] {processor.py:175} INFO - Processing /home/airflow/.local/lib/python3.7/site-packages/airflow/example_dags/example_subdag_operator.py took 1.910 seconds
[2024-06-12T19:49:28.045+0000] {processor.py:153} INFO - Started process (PID=562) to work on /home/airflow/.local/lib/python3.7/site-packages/airflow/example_dags/example_subdag_operator.py
[2024-06-12T19:49:28.049+0000] {processor.py:743} INFO - Processing file /home/airflow/.local/lib/python3.7/site-packages/airflow/example_dags/example_subdag_operator.py for tasks to queue
[2024-06-12T19:49:28.076+0000] {logging_mixin.py:137} INFO - [2024-06-12T19:49:28.074+0000] {dagbag.py:538} INFO - Filling up the DagBag from /home/airflow/.local/lib/python3.7/site-packages/airflow/example_dags/example_subdag_operator.py
[2024-06-12T19:49:28.316+0000] {processor.py:753} INFO - DAG(s) dict_keys(['example_subdag_operator.section-1', 'example_subdag_operator.section-2', 'example_subdag_operator']) retrieved from /home/airflow/.local/lib/python3.7/site-packages/airflow/example_dags/example_subdag_operator.py
[2024-06-12T19:49:28.710+0000] {logging_mixin.py:137} INFO - [2024-06-12T19:49:28.709+0000] {dag.py:2690} INFO - Sync 3 DAGs
[2024-06-12T19:49:28.933+0000] {logging_mixin.py:137} INFO - [2024-06-12T19:49:28.933+0000] {dag.py:3441} INFO - Setting next_dagrun for example_subdag_operator to 2022-01-01T00:00:00+00:00, run_after=2022-01-01T00:00:00+00:00
[2024-06-12T19:49:28.962+0000] {logging_mixin.py:137} INFO - [2024-06-12T19:49:28.962+0000] {dag.py:3441} INFO - Setting next_dagrun for example_subdag_operator.section-1 to None, run_after=None
[2024-06-12T19:49:28.971+0000] {logging_mixin.py:137} INFO - [2024-06-12T19:49:28.970+0000] {dag.py:3441} INFO - Setting next_dagrun for example_subdag_operator.section-2 to None, run_after=None
[2024-06-12T19:49:29.085+0000] {logging_mixin.py:137} INFO - [2024-06-12T19:49:29.084+0000] {dag.py:2690} INFO - Sync 2 DAGs
[2024-06-12T19:49:29.131+0000] {logging_mixin.py:137} INFO - [2024-06-12T19:49:29.127+0000] {dag.py:3441} INFO - Setting next_dagrun for example_subdag_operator.section-1 to None, run_after=None
[2024-06-12T19:49:29.137+0000] {logging_mixin.py:137} INFO - [2024-06-12T19:49:29.137+0000] {dag.py:3441} INFO - Setting next_dagrun for example_subdag_operator.section-2 to None, run_after=None
[2024-06-12T19:49:29.212+0000] {processor.py:175} INFO - Processing /home/airflow/.local/lib/python3.7/site-packages/airflow/example_dags/example_subdag_operator.py took 1.218 seconds
[2024-06-12T19:50:00.533+0000] {processor.py:153} INFO - Started process (PID=623) to work on /home/airflow/.local/lib/python3.7/site-packages/airflow/example_dags/example_subdag_operator.py
[2024-06-12T19:50:00.536+0000] {processor.py:743} INFO - Processing file /home/airflow/.local/lib/python3.7/site-packages/airflow/example_dags/example_subdag_operator.py for tasks to queue
[2024-06-12T19:50:00.582+0000] {logging_mixin.py:137} INFO - [2024-06-12T19:50:00.581+0000] {dagbag.py:538} INFO - Filling up the DagBag from /home/airflow/.local/lib/python3.7/site-packages/airflow/example_dags/example_subdag_operator.py
[2024-06-12T19:50:01.042+0000] {processor.py:753} INFO - DAG(s) dict_keys(['example_subdag_operator.section-1', 'example_subdag_operator.section-2', 'example_subdag_operator']) retrieved from /home/airflow/.local/lib/python3.7/site-packages/airflow/example_dags/example_subdag_operator.py
[2024-06-12T19:50:01.277+0000] {logging_mixin.py:137} INFO - [2024-06-12T19:50:01.276+0000] {dag.py:2690} INFO - Sync 3 DAGs
[2024-06-12T19:50:01.893+0000] {logging_mixin.py:137} INFO - [2024-06-12T19:50:01.892+0000] {dag.py:3441} INFO - Setting next_dagrun for example_subdag_operator to 2022-01-01T00:00:00+00:00, run_after=2022-01-01T00:00:00+00:00
[2024-06-12T19:50:01.958+0000] {logging_mixin.py:137} INFO - [2024-06-12T19:50:01.958+0000] {dag.py:3441} INFO - Setting next_dagrun for example_subdag_operator.section-1 to None, run_after=None
[2024-06-12T19:50:02.007+0000] {logging_mixin.py:137} INFO - [2024-06-12T19:50:02.001+0000] {dag.py:3441} INFO - Setting next_dagrun for example_subdag_operator.section-2 to None, run_after=None
[2024-06-12T19:50:02.224+0000] {logging_mixin.py:137} INFO - [2024-06-12T19:50:02.223+0000] {dag.py:2690} INFO - Sync 2 DAGs
[2024-06-12T19:50:02.318+0000] {logging_mixin.py:137} INFO - [2024-06-12T19:50:02.317+0000] {dag.py:3441} INFO - Setting next_dagrun for example_subdag_operator.section-1 to None, run_after=None
[2024-06-12T19:50:02.333+0000] {logging_mixin.py:137} INFO - [2024-06-12T19:50:02.333+0000] {dag.py:3441} INFO - Setting next_dagrun for example_subdag_operator.section-2 to None, run_after=None
[2024-06-12T19:50:02.688+0000] {processor.py:175} INFO - Processing /home/airflow/.local/lib/python3.7/site-packages/airflow/example_dags/example_subdag_operator.py took 2.169 seconds
[2024-06-12T19:51:14.836+0000] {processor.py:153} INFO - Started process (PID=704) to work on /home/airflow/.local/lib/python3.7/site-packages/airflow/example_dags/example_subdag_operator.py
[2024-06-12T19:51:14.859+0000] {processor.py:743} INFO - Processing file /home/airflow/.local/lib/python3.7/site-packages/airflow/example_dags/example_subdag_operator.py for tasks to queue
[2024-06-12T19:51:14.861+0000] {logging_mixin.py:137} INFO - [2024-06-12T19:51:14.861+0000] {dagbag.py:538} INFO - Filling up the DagBag from /home/airflow/.local/lib/python3.7/site-packages/airflow/example_dags/example_subdag_operator.py
[2024-06-12T19:51:15.570+0000] {processor.py:753} INFO - DAG(s) dict_keys(['example_subdag_operator.section-1', 'example_subdag_operator.section-2', 'example_subdag_operator']) retrieved from /home/airflow/.local/lib/python3.7/site-packages/airflow/example_dags/example_subdag_operator.py
[2024-06-12T19:51:16.119+0000] {logging_mixin.py:137} INFO - [2024-06-12T19:51:16.118+0000] {dag.py:2690} INFO - Sync 3 DAGs
[2024-06-12T19:51:17.105+0000] {logging_mixin.py:137} INFO - [2024-06-12T19:51:17.105+0000] {dag.py:3441} INFO - Setting next_dagrun for example_subdag_operator to 2022-01-01T00:00:00+00:00, run_after=2022-01-01T00:00:00+00:00
[2024-06-12T19:51:17.296+0000] {logging_mixin.py:137} INFO - [2024-06-12T19:51:17.296+0000] {dag.py:3441} INFO - Setting next_dagrun for example_subdag_operator.section-1 to None, run_after=None
[2024-06-12T19:51:17.488+0000] {logging_mixin.py:137} INFO - [2024-06-12T19:51:17.488+0000] {dag.py:3441} INFO - Setting next_dagrun for example_subdag_operator.section-2 to None, run_after=None
[2024-06-12T19:51:17.652+0000] {logging_mixin.py:137} INFO - [2024-06-12T19:51:17.651+0000] {dag.py:2690} INFO - Sync 2 DAGs
[2024-06-12T19:51:17.841+0000] {logging_mixin.py:137} INFO - [2024-06-12T19:51:17.840+0000] {dag.py:3441} INFO - Setting next_dagrun for example_subdag_operator.section-1 to None, run_after=None
[2024-06-12T19:51:17.859+0000] {logging_mixin.py:137} INFO - [2024-06-12T19:51:17.859+0000] {dag.py:3441} INFO - Setting next_dagrun for example_subdag_operator.section-2 to None, run_after=None
[2024-06-12T19:51:18.267+0000] {processor.py:175} INFO - Processing /home/airflow/.local/lib/python3.7/site-packages/airflow/example_dags/example_subdag_operator.py took 3.460 seconds
[2024-06-12T19:52:12.416+0000] {processor.py:153} INFO - Started process (PID=780) to work on /home/airflow/.local/lib/python3.7/site-packages/airflow/example_dags/example_subdag_operator.py
[2024-06-12T19:52:12.431+0000] {processor.py:743} INFO - Processing file /home/airflow/.local/lib/python3.7/site-packages/airflow/example_dags/example_subdag_operator.py for tasks to queue
[2024-06-12T19:52:12.435+0000] {logging_mixin.py:137} INFO - [2024-06-12T19:52:12.434+0000] {dagbag.py:538} INFO - Filling up the DagBag from /home/airflow/.local/lib/python3.7/site-packages/airflow/example_dags/example_subdag_operator.py
[2024-06-12T19:52:12.562+0000] {processor.py:753} INFO - DAG(s) dict_keys(['example_subdag_operator.section-1', 'example_subdag_operator.section-2', 'example_subdag_operator']) retrieved from /home/airflow/.local/lib/python3.7/site-packages/airflow/example_dags/example_subdag_operator.py
[2024-06-12T19:52:12.632+0000] {logging_mixin.py:137} INFO - [2024-06-12T19:52:12.632+0000] {dag.py:2690} INFO - Sync 3 DAGs
[2024-06-12T19:52:12.799+0000] {logging_mixin.py:137} INFO - [2024-06-12T19:52:12.799+0000] {dag.py:3441} INFO - Setting next_dagrun for example_subdag_operator to 2022-01-01T00:00:00+00:00, run_after=2022-01-01T00:00:00+00:00
[2024-06-12T19:52:12.826+0000] {logging_mixin.py:137} INFO - [2024-06-12T19:52:12.825+0000] {dag.py:3441} INFO - Setting next_dagrun for example_subdag_operator.section-1 to None, run_after=None
[2024-06-12T19:52:12.834+0000] {logging_mixin.py:137} INFO - [2024-06-12T19:52:12.834+0000] {dag.py:3441} INFO - Setting next_dagrun for example_subdag_operator.section-2 to None, run_after=None
[2024-06-12T19:52:12.919+0000] {logging_mixin.py:137} INFO - [2024-06-12T19:52:12.919+0000] {dag.py:2690} INFO - Sync 2 DAGs
[2024-06-12T19:52:12.987+0000] {logging_mixin.py:137} INFO - [2024-06-12T19:52:12.986+0000] {dag.py:3441} INFO - Setting next_dagrun for example_subdag_operator.section-1 to None, run_after=None
[2024-06-12T19:52:13.034+0000] {logging_mixin.py:137} INFO - [2024-06-12T19:52:13.034+0000] {dag.py:3441} INFO - Setting next_dagrun for example_subdag_operator.section-2 to None, run_after=None
[2024-06-12T19:52:13.252+0000] {processor.py:175} INFO - Processing /home/airflow/.local/lib/python3.7/site-packages/airflow/example_dags/example_subdag_operator.py took 0.874 seconds
[2024-06-12T19:52:58.888+0000] {processor.py:153} INFO - Started process (PID=845) to work on /home/airflow/.local/lib/python3.7/site-packages/airflow/example_dags/example_subdag_operator.py
[2024-06-12T19:52:58.934+0000] {processor.py:743} INFO - Processing file /home/airflow/.local/lib/python3.7/site-packages/airflow/example_dags/example_subdag_operator.py for tasks to queue
[2024-06-12T19:52:58.995+0000] {logging_mixin.py:137} INFO - [2024-06-12T19:52:58.959+0000] {dagbag.py:538} INFO - Filling up the DagBag from /home/airflow/.local/lib/python3.7/site-packages/airflow/example_dags/example_subdag_operator.py
[2024-06-12T19:52:59.379+0000] {processor.py:753} INFO - DAG(s) dict_keys(['example_subdag_operator.section-1', 'example_subdag_operator.section-2', 'example_subdag_operator']) retrieved from /home/airflow/.local/lib/python3.7/site-packages/airflow/example_dags/example_subdag_operator.py
[2024-06-12T19:52:59.615+0000] {logging_mixin.py:137} INFO - [2024-06-12T19:52:59.614+0000] {dag.py:2690} INFO - Sync 3 DAGs
[2024-06-12T19:53:00.322+0000] {logging_mixin.py:137} INFO - [2024-06-12T19:53:00.305+0000] {dag.py:3441} INFO - Setting next_dagrun for example_subdag_operator to 2022-01-01T00:00:00+00:00, run_after=2022-01-01T00:00:00+00:00
[2024-06-12T19:53:00.485+0000] {logging_mixin.py:137} INFO - [2024-06-12T19:53:00.484+0000] {dag.py:3441} INFO - Setting next_dagrun for example_subdag_operator.section-1 to None, run_after=None
[2024-06-12T19:53:00.519+0000] {logging_mixin.py:137} INFO - [2024-06-12T19:53:00.518+0000] {dag.py:3441} INFO - Setting next_dagrun for example_subdag_operator.section-2 to None, run_after=None
[2024-06-12T19:53:00.646+0000] {logging_mixin.py:137} INFO - [2024-06-12T19:53:00.646+0000] {dag.py:2690} INFO - Sync 2 DAGs
[2024-06-12T19:53:00.718+0000] {logging_mixin.py:137} INFO - [2024-06-12T19:53:00.718+0000] {dag.py:3441} INFO - Setting next_dagrun for example_subdag_operator.section-1 to None, run_after=None
[2024-06-12T19:53:00.722+0000] {logging_mixin.py:137} INFO - [2024-06-12T19:53:00.722+0000] {dag.py:3441} INFO - Setting next_dagrun for example_subdag_operator.section-2 to None, run_after=None
[2024-06-12T19:53:00.960+0000] {processor.py:175} INFO - Processing /home/airflow/.local/lib/python3.7/site-packages/airflow/example_dags/example_subdag_operator.py took 2.144 seconds
[2024-06-12T19:53:40.697+0000] {processor.py:153} INFO - Started process (PID=908) to work on /home/airflow/.local/lib/python3.7/site-packages/airflow/example_dags/example_subdag_operator.py
[2024-06-12T19:53:40.712+0000] {processor.py:743} INFO - Processing file /home/airflow/.local/lib/python3.7/site-packages/airflow/example_dags/example_subdag_operator.py for tasks to queue
[2024-06-12T19:53:40.730+0000] {logging_mixin.py:137} INFO - [2024-06-12T19:53:40.729+0000] {dagbag.py:538} INFO - Filling up the DagBag from /home/airflow/.local/lib/python3.7/site-packages/airflow/example_dags/example_subdag_operator.py
[2024-06-12T19:53:41.295+0000] {processor.py:753} INFO - DAG(s) dict_keys(['example_subdag_operator.section-1', 'example_subdag_operator.section-2', 'example_subdag_operator']) retrieved from /home/airflow/.local/lib/python3.7/site-packages/airflow/example_dags/example_subdag_operator.py
[2024-06-12T19:53:41.524+0000] {logging_mixin.py:137} INFO - [2024-06-12T19:53:41.524+0000] {dag.py:2690} INFO - Sync 3 DAGs
[2024-06-12T19:53:41.807+0000] {logging_mixin.py:137} INFO - [2024-06-12T19:53:41.807+0000] {dag.py:3441} INFO - Setting next_dagrun for example_subdag_operator to 2022-01-01T00:00:00+00:00, run_after=2022-01-01T00:00:00+00:00
[2024-06-12T19:53:41.874+0000] {logging_mixin.py:137} INFO - [2024-06-12T19:53:41.874+0000] {dag.py:3441} INFO - Setting next_dagrun for example_subdag_operator.section-1 to None, run_after=None
[2024-06-12T19:53:41.890+0000] {logging_mixin.py:137} INFO - [2024-06-12T19:53:41.889+0000] {dag.py:3441} INFO - Setting next_dagrun for example_subdag_operator.section-2 to None, run_after=None
[2024-06-12T19:53:41.938+0000] {logging_mixin.py:137} INFO - [2024-06-12T19:53:41.937+0000] {dag.py:2690} INFO - Sync 2 DAGs
[2024-06-12T19:53:41.978+0000] {logging_mixin.py:137} INFO - [2024-06-12T19:53:41.978+0000] {dag.py:3441} INFO - Setting next_dagrun for example_subdag_operator.section-1 to None, run_after=None
[2024-06-12T19:53:41.986+0000] {logging_mixin.py:137} INFO - [2024-06-12T19:53:41.986+0000] {dag.py:3441} INFO - Setting next_dagrun for example_subdag_operator.section-2 to None, run_after=None
[2024-06-12T19:53:42.117+0000] {processor.py:175} INFO - Processing /home/airflow/.local/lib/python3.7/site-packages/airflow/example_dags/example_subdag_operator.py took 1.439 seconds
[2024-06-12T19:54:19.052+0000] {processor.py:153} INFO - Started process (PID=972) to work on /home/airflow/.local/lib/python3.7/site-packages/airflow/example_dags/example_subdag_operator.py
[2024-06-12T19:54:19.061+0000] {processor.py:743} INFO - Processing file /home/airflow/.local/lib/python3.7/site-packages/airflow/example_dags/example_subdag_operator.py for tasks to queue
[2024-06-12T19:54:19.076+0000] {logging_mixin.py:137} INFO - [2024-06-12T19:54:19.075+0000] {dagbag.py:538} INFO - Filling up the DagBag from /home/airflow/.local/lib/python3.7/site-packages/airflow/example_dags/example_subdag_operator.py
[2024-06-12T19:54:19.659+0000] {processor.py:753} INFO - DAG(s) dict_keys(['example_subdag_operator.section-1', 'example_subdag_operator.section-2', 'example_subdag_operator']) retrieved from /home/airflow/.local/lib/python3.7/site-packages/airflow/example_dags/example_subdag_operator.py
[2024-06-12T19:54:19.880+0000] {logging_mixin.py:137} INFO - [2024-06-12T19:54:19.879+0000] {dag.py:2690} INFO - Sync 3 DAGs
[2024-06-12T19:54:20.094+0000] {logging_mixin.py:137} INFO - [2024-06-12T19:54:20.093+0000] {dag.py:3441} INFO - Setting next_dagrun for example_subdag_operator to 2022-01-01T00:00:00+00:00, run_after=2022-01-01T00:00:00+00:00
[2024-06-12T19:54:20.173+0000] {logging_mixin.py:137} INFO - [2024-06-12T19:54:20.173+0000] {dag.py:3441} INFO - Setting next_dagrun for example_subdag_operator.section-1 to None, run_after=None
[2024-06-12T19:54:20.249+0000] {logging_mixin.py:137} INFO - [2024-06-12T19:54:20.196+0000] {dag.py:3441} INFO - Setting next_dagrun for example_subdag_operator.section-2 to None, run_after=None
[2024-06-12T19:54:20.355+0000] {logging_mixin.py:137} INFO - [2024-06-12T19:54:20.355+0000] {dag.py:2690} INFO - Sync 2 DAGs
[2024-06-12T19:54:20.399+0000] {logging_mixin.py:137} INFO - [2024-06-12T19:54:20.398+0000] {dag.py:3441} INFO - Setting next_dagrun for example_subdag_operator.section-1 to None, run_after=None
[2024-06-12T19:54:20.400+0000] {logging_mixin.py:137} INFO - [2024-06-12T19:54:20.400+0000] {dag.py:3441} INFO - Setting next_dagrun for example_subdag_operator.section-2 to None, run_after=None
[2024-06-12T19:54:20.531+0000] {processor.py:175} INFO - Processing /home/airflow/.local/lib/python3.7/site-packages/airflow/example_dags/example_subdag_operator.py took 1.582 seconds
[2024-06-12T19:55:11.870+0000] {processor.py:153} INFO - Started process (PID=1039) to work on /home/airflow/.local/lib/python3.7/site-packages/airflow/example_dags/example_subdag_operator.py
[2024-06-12T19:55:11.880+0000] {processor.py:743} INFO - Processing file /home/airflow/.local/lib/python3.7/site-packages/airflow/example_dags/example_subdag_operator.py for tasks to queue
[2024-06-12T19:55:11.895+0000] {logging_mixin.py:137} INFO - [2024-06-12T19:55:11.895+0000] {dagbag.py:538} INFO - Filling up the DagBag from /home/airflow/.local/lib/python3.7/site-packages/airflow/example_dags/example_subdag_operator.py
[2024-06-12T19:55:12.429+0000] {processor.py:753} INFO - DAG(s) dict_keys(['example_subdag_operator.section-1', 'example_subdag_operator.section-2', 'example_subdag_operator']) retrieved from /home/airflow/.local/lib/python3.7/site-packages/airflow/example_dags/example_subdag_operator.py
[2024-06-12T19:55:12.699+0000] {logging_mixin.py:137} INFO - [2024-06-12T19:55:12.698+0000] {dag.py:2690} INFO - Sync 3 DAGs
[2024-06-12T19:55:13.425+0000] {logging_mixin.py:137} INFO - [2024-06-12T19:55:13.425+0000] {dag.py:3441} INFO - Setting next_dagrun for example_subdag_operator to 2022-01-01T00:00:00+00:00, run_after=2022-01-01T00:00:00+00:00
[2024-06-12T19:55:13.618+0000] {logging_mixin.py:137} INFO - [2024-06-12T19:55:13.617+0000] {dag.py:3441} INFO - Setting next_dagrun for example_subdag_operator.section-1 to None, run_after=None
[2024-06-12T19:55:13.712+0000] {logging_mixin.py:137} INFO - [2024-06-12T19:55:13.712+0000] {dag.py:3441} INFO - Setting next_dagrun for example_subdag_operator.section-2 to None, run_after=None
[2024-06-12T19:55:13.965+0000] {logging_mixin.py:137} INFO - [2024-06-12T19:55:13.965+0000] {dag.py:2690} INFO - Sync 2 DAGs
[2024-06-12T19:55:14.126+0000] {logging_mixin.py:137} INFO - [2024-06-12T19:55:14.126+0000] {dag.py:3441} INFO - Setting next_dagrun for example_subdag_operator.section-1 to None, run_after=None
[2024-06-12T19:55:14.180+0000] {logging_mixin.py:137} INFO - [2024-06-12T19:55:14.178+0000] {dag.py:3441} INFO - Setting next_dagrun for example_subdag_operator.section-2 to None, run_after=None
[2024-06-12T19:55:14.670+0000] {processor.py:175} INFO - Processing /home/airflow/.local/lib/python3.7/site-packages/airflow/example_dags/example_subdag_operator.py took 2.826 seconds
[2024-06-12T19:56:03.276+0000] {processor.py:153} INFO - Started process (PID=1102) to work on /home/airflow/.local/lib/python3.7/site-packages/airflow/example_dags/example_subdag_operator.py
[2024-06-12T19:56:03.278+0000] {processor.py:743} INFO - Processing file /home/airflow/.local/lib/python3.7/site-packages/airflow/example_dags/example_subdag_operator.py for tasks to queue
[2024-06-12T19:56:03.281+0000] {logging_mixin.py:137} INFO - [2024-06-12T19:56:03.280+0000] {dagbag.py:538} INFO - Filling up the DagBag from /home/airflow/.local/lib/python3.7/site-packages/airflow/example_dags/example_subdag_operator.py
[2024-06-12T19:56:03.855+0000] {processor.py:753} INFO - DAG(s) dict_keys(['example_subdag_operator.section-1', 'example_subdag_operator.section-2', 'example_subdag_operator']) retrieved from /home/airflow/.local/lib/python3.7/site-packages/airflow/example_dags/example_subdag_operator.py
[2024-06-12T19:56:04.260+0000] {logging_mixin.py:137} INFO - [2024-06-12T19:56:04.260+0000] {dag.py:2690} INFO - Sync 3 DAGs
[2024-06-12T19:56:04.620+0000] {logging_mixin.py:137} INFO - [2024-06-12T19:56:04.615+0000] {dag.py:3441} INFO - Setting next_dagrun for example_subdag_operator to 2022-01-01T00:00:00+00:00, run_after=2022-01-01T00:00:00+00:00
[2024-06-12T19:56:04.647+0000] {logging_mixin.py:137} INFO - [2024-06-12T19:56:04.647+0000] {dag.py:3441} INFO - Setting next_dagrun for example_subdag_operator.section-1 to None, run_after=None
[2024-06-12T19:56:04.664+0000] {logging_mixin.py:137} INFO - [2024-06-12T19:56:04.664+0000] {dag.py:3441} INFO - Setting next_dagrun for example_subdag_operator.section-2 to None, run_after=None
[2024-06-12T19:56:04.801+0000] {logging_mixin.py:137} INFO - [2024-06-12T19:56:04.801+0000] {dag.py:2690} INFO - Sync 2 DAGs
[2024-06-12T19:56:05.047+0000] {logging_mixin.py:137} INFO - [2024-06-12T19:56:05.047+0000] {dag.py:3441} INFO - Setting next_dagrun for example_subdag_operator.section-1 to None, run_after=None
[2024-06-12T19:56:05.069+0000] {logging_mixin.py:137} INFO - [2024-06-12T19:56:05.069+0000] {dag.py:3441} INFO - Setting next_dagrun for example_subdag_operator.section-2 to None, run_after=None
[2024-06-12T19:56:05.264+0000] {processor.py:175} INFO - Processing /home/airflow/.local/lib/python3.7/site-packages/airflow/example_dags/example_subdag_operator.py took 2.063 seconds
[2024-06-12T19:56:37.485+0000] {processor.py:153} INFO - Started process (PID=1171) to work on /home/airflow/.local/lib/python3.7/site-packages/airflow/example_dags/example_subdag_operator.py
[2024-06-12T19:56:37.514+0000] {processor.py:743} INFO - Processing file /home/airflow/.local/lib/python3.7/site-packages/airflow/example_dags/example_subdag_operator.py for tasks to queue
[2024-06-12T19:56:37.530+0000] {logging_mixin.py:137} INFO - [2024-06-12T19:56:37.529+0000] {dagbag.py:538} INFO - Filling up the DagBag from /home/airflow/.local/lib/python3.7/site-packages/airflow/example_dags/example_subdag_operator.py
[2024-06-12T19:56:38.148+0000] {processor.py:753} INFO - DAG(s) dict_keys(['example_subdag_operator.section-1', 'example_subdag_operator.section-2', 'example_subdag_operator']) retrieved from /home/airflow/.local/lib/python3.7/site-packages/airflow/example_dags/example_subdag_operator.py
[2024-06-12T19:56:38.483+0000] {logging_mixin.py:137} INFO - [2024-06-12T19:56:38.482+0000] {dag.py:2690} INFO - Sync 3 DAGs
[2024-06-12T19:56:38.819+0000] {logging_mixin.py:137} INFO - [2024-06-12T19:56:38.819+0000] {dag.py:3441} INFO - Setting next_dagrun for example_subdag_operator to 2022-01-01T00:00:00+00:00, run_after=2022-01-01T00:00:00+00:00
[2024-06-12T19:56:38.885+0000] {logging_mixin.py:137} INFO - [2024-06-12T19:56:38.884+0000] {dag.py:3441} INFO - Setting next_dagrun for example_subdag_operator.section-1 to None, run_after=None
[2024-06-12T19:56:39.215+0000] {logging_mixin.py:137} INFO - [2024-06-12T19:56:39.215+0000] {dag.py:3441} INFO - Setting next_dagrun for example_subdag_operator.section-2 to None, run_after=None
[2024-06-12T19:56:39.341+0000] {logging_mixin.py:137} INFO - [2024-06-12T19:56:39.341+0000] {dag.py:2690} INFO - Sync 2 DAGs
[2024-06-12T19:56:39.391+0000] {logging_mixin.py:137} INFO - [2024-06-12T19:56:39.391+0000] {dag.py:3441} INFO - Setting next_dagrun for example_subdag_operator.section-1 to None, run_after=None
[2024-06-12T19:56:39.402+0000] {logging_mixin.py:137} INFO - [2024-06-12T19:56:39.402+0000] {dag.py:3441} INFO - Setting next_dagrun for example_subdag_operator.section-2 to None, run_after=None
[2024-06-12T19:56:39.525+0000] {processor.py:175} INFO - Processing /home/airflow/.local/lib/python3.7/site-packages/airflow/example_dags/example_subdag_operator.py took 2.105 seconds
[2024-06-12T19:58:02.375+0000] {processor.py:153} INFO - Started process (PID=1251) to work on /home/airflow/.local/lib/python3.7/site-packages/airflow/example_dags/example_subdag_operator.py
[2024-06-12T19:58:02.568+0000] {processor.py:743} INFO - Processing file /home/airflow/.local/lib/python3.7/site-packages/airflow/example_dags/example_subdag_operator.py for tasks to queue
[2024-06-12T19:58:02.739+0000] {logging_mixin.py:137} INFO - [2024-06-12T19:58:02.738+0000] {dagbag.py:538} INFO - Filling up the DagBag from /home/airflow/.local/lib/python3.7/site-packages/airflow/example_dags/example_subdag_operator.py
[2024-06-12T19:58:04.536+0000] {processor.py:753} INFO - DAG(s) dict_keys(['example_subdag_operator.section-1', 'example_subdag_operator.section-2', 'example_subdag_operator']) retrieved from /home/airflow/.local/lib/python3.7/site-packages/airflow/example_dags/example_subdag_operator.py
[2024-06-12T19:58:05.615+0000] {logging_mixin.py:137} INFO - [2024-06-12T19:58:05.614+0000] {dag.py:2690} INFO - Sync 3 DAGs
[2024-06-12T19:58:07.142+0000] {logging_mixin.py:137} INFO - [2024-06-12T19:58:07.142+0000] {dag.py:3441} INFO - Setting next_dagrun for example_subdag_operator to 2022-01-01T00:00:00+00:00, run_after=2022-01-01T00:00:00+00:00
[2024-06-12T19:58:07.324+0000] {logging_mixin.py:137} INFO - [2024-06-12T19:58:07.277+0000] {dag.py:3441} INFO - Setting next_dagrun for example_subdag_operator.section-1 to None, run_after=None
[2024-06-12T19:58:07.372+0000] {logging_mixin.py:137} INFO - [2024-06-12T19:58:07.343+0000] {dag.py:3441} INFO - Setting next_dagrun for example_subdag_operator.section-2 to None, run_after=None
[2024-06-12T19:58:07.828+0000] {logging_mixin.py:137} INFO - [2024-06-12T19:58:07.828+0000] {dag.py:2690} INFO - Sync 2 DAGs
[2024-06-12T19:58:08.065+0000] {logging_mixin.py:137} INFO - [2024-06-12T19:58:08.065+0000] {dag.py:3441} INFO - Setting next_dagrun for example_subdag_operator.section-1 to None, run_after=None
[2024-06-12T19:58:08.077+0000] {logging_mixin.py:137} INFO - [2024-06-12T19:58:08.076+0000] {dag.py:3441} INFO - Setting next_dagrun for example_subdag_operator.section-2 to None, run_after=None
[2024-06-12T19:58:08.465+0000] {processor.py:175} INFO - Processing /home/airflow/.local/lib/python3.7/site-packages/airflow/example_dags/example_subdag_operator.py took 6.207 seconds
[2024-06-12T20:02:11.521+0000] {processor.py:153} INFO - Started process (PID=1447) to work on /home/airflow/.local/lib/python3.7/site-packages/airflow/example_dags/example_subdag_operator.py
[2024-06-12T20:02:11.536+0000] {processor.py:743} INFO - Processing file /home/airflow/.local/lib/python3.7/site-packages/airflow/example_dags/example_subdag_operator.py for tasks to queue
[2024-06-12T20:02:11.586+0000] {logging_mixin.py:137} INFO - [2024-06-12T20:02:11.585+0000] {dagbag.py:538} INFO - Filling up the DagBag from /home/airflow/.local/lib/python3.7/site-packages/airflow/example_dags/example_subdag_operator.py
[2024-06-12T20:02:13.430+0000] {processor.py:753} INFO - DAG(s) dict_keys(['example_subdag_operator.section-1', 'example_subdag_operator.section-2', 'example_subdag_operator']) retrieved from /home/airflow/.local/lib/python3.7/site-packages/airflow/example_dags/example_subdag_operator.py
[2024-06-12T20:02:14.961+0000] {logging_mixin.py:137} INFO - [2024-06-12T20:02:14.960+0000] {dag.py:2690} INFO - Sync 3 DAGs
[2024-06-12T20:02:16.785+0000] {logging_mixin.py:137} INFO - [2024-06-12T20:02:16.758+0000] {dag.py:3441} INFO - Setting next_dagrun for example_subdag_operator to 2022-01-01T00:00:00+00:00, run_after=2022-01-01T00:00:00+00:00
[2024-06-12T20:02:16.843+0000] {logging_mixin.py:137} INFO - [2024-06-12T20:02:16.843+0000] {dag.py:3441} INFO - Setting next_dagrun for example_subdag_operator.section-1 to None, run_after=None
[2024-06-12T20:02:16.867+0000] {logging_mixin.py:137} INFO - [2024-06-12T20:02:16.867+0000] {dag.py:3441} INFO - Setting next_dagrun for example_subdag_operator.section-2 to None, run_after=None
[2024-06-12T20:02:17.341+0000] {logging_mixin.py:137} INFO - [2024-06-12T20:02:17.340+0000] {dag.py:2690} INFO - Sync 2 DAGs
[2024-06-12T20:02:17.585+0000] {logging_mixin.py:137} INFO - [2024-06-12T20:02:17.585+0000] {dag.py:3441} INFO - Setting next_dagrun for example_subdag_operator.section-1 to None, run_after=None
[2024-06-12T20:02:17.601+0000] {logging_mixin.py:137} INFO - [2024-06-12T20:02:17.600+0000] {dag.py:3441} INFO - Setting next_dagrun for example_subdag_operator.section-2 to None, run_after=None
[2024-06-12T20:02:18.686+0000] {processor.py:175} INFO - Processing /home/airflow/.local/lib/python3.7/site-packages/airflow/example_dags/example_subdag_operator.py took 7.187 seconds
[2024-06-12T20:07:50.116+0000] {processor.py:153} INFO - Started process (PID=1696) to work on /home/airflow/.local/lib/python3.7/site-packages/airflow/example_dags/example_subdag_operator.py
[2024-06-12T20:07:50.230+0000] {processor.py:743} INFO - Processing file /home/airflow/.local/lib/python3.7/site-packages/airflow/example_dags/example_subdag_operator.py for tasks to queue
[2024-06-12T20:07:50.262+0000] {logging_mixin.py:137} INFO - [2024-06-12T20:07:50.261+0000] {dagbag.py:538} INFO - Filling up the DagBag from /home/airflow/.local/lib/python3.7/site-packages/airflow/example_dags/example_subdag_operator.py
[2024-06-12T20:07:53.824+0000] {processor.py:753} INFO - DAG(s) dict_keys(['example_subdag_operator.section-1', 'example_subdag_operator.section-2', 'example_subdag_operator']) retrieved from /home/airflow/.local/lib/python3.7/site-packages/airflow/example_dags/example_subdag_operator.py
[2024-06-12T20:07:55.954+0000] {logging_mixin.py:137} INFO - [2024-06-12T20:07:55.954+0000] {dag.py:2690} INFO - Sync 3 DAGs
[2024-06-12T20:07:58.986+0000] {logging_mixin.py:137} INFO - [2024-06-12T20:07:58.986+0000] {dag.py:3441} INFO - Setting next_dagrun for example_subdag_operator to 2022-01-01T00:00:00+00:00, run_after=2022-01-01T00:00:00+00:00
[2024-06-12T20:07:59.426+0000] {logging_mixin.py:137} INFO - [2024-06-12T20:07:59.426+0000] {dag.py:3441} INFO - Setting next_dagrun for example_subdag_operator.section-1 to None, run_after=None
[2024-06-12T20:07:59.507+0000] {logging_mixin.py:137} INFO - [2024-06-12T20:07:59.506+0000] {dag.py:3441} INFO - Setting next_dagrun for example_subdag_operator.section-2 to None, run_after=None
[2024-06-12T20:08:00.247+0000] {logging_mixin.py:137} INFO - [2024-06-12T20:08:00.085+0000] {dag.py:2690} INFO - Sync 2 DAGs
[2024-06-12T20:08:00.633+0000] {logging_mixin.py:137} INFO - [2024-06-12T20:08:00.632+0000] {dag.py:3441} INFO - Setting next_dagrun for example_subdag_operator.section-1 to None, run_after=None
[2024-06-12T20:08:00.713+0000] {logging_mixin.py:137} INFO - [2024-06-12T20:08:00.712+0000] {dag.py:3441} INFO - Setting next_dagrun for example_subdag_operator.section-2 to None, run_after=None
[2024-06-12T20:08:01.262+0000] {processor.py:175} INFO - Processing /home/airflow/.local/lib/python3.7/site-packages/airflow/example_dags/example_subdag_operator.py took 11.386 seconds
[2024-06-12T20:11:06.443+0000] {processor.py:153} INFO - Started process (PID=1840) to work on /home/airflow/.local/lib/python3.7/site-packages/airflow/example_dags/example_subdag_operator.py
[2024-06-12T20:11:06.766+0000] {processor.py:743} INFO - Processing file /home/airflow/.local/lib/python3.7/site-packages/airflow/example_dags/example_subdag_operator.py for tasks to queue
[2024-06-12T20:11:06.880+0000] {logging_mixin.py:137} INFO - [2024-06-12T20:11:06.880+0000] {dagbag.py:538} INFO - Filling up the DagBag from /home/airflow/.local/lib/python3.7/site-packages/airflow/example_dags/example_subdag_operator.py
[2024-06-12T20:11:11.207+0000] {processor.py:753} INFO - DAG(s) dict_keys(['example_subdag_operator.section-1', 'example_subdag_operator.section-2', 'example_subdag_operator']) retrieved from /home/airflow/.local/lib/python3.7/site-packages/airflow/example_dags/example_subdag_operator.py
[2024-06-12T20:11:13.484+0000] {logging_mixin.py:137} INFO - [2024-06-12T20:11:13.483+0000] {dag.py:2690} INFO - Sync 3 DAGs
[2024-06-12T20:11:17.355+0000] {logging_mixin.py:137} INFO - [2024-06-12T20:11:17.354+0000] {dag.py:3441} INFO - Setting next_dagrun for example_subdag_operator to 2022-01-01T00:00:00+00:00, run_after=2022-01-01T00:00:00+00:00
[2024-06-12T20:11:17.759+0000] {logging_mixin.py:137} INFO - [2024-06-12T20:11:17.759+0000] {dag.py:3441} INFO - Setting next_dagrun for example_subdag_operator.section-1 to None, run_after=None
[2024-06-12T20:11:17.876+0000] {logging_mixin.py:137} INFO - [2024-06-12T20:11:17.875+0000] {dag.py:3441} INFO - Setting next_dagrun for example_subdag_operator.section-2 to None, run_after=None
[2024-06-12T20:11:19.028+0000] {logging_mixin.py:137} INFO - [2024-06-12T20:11:19.027+0000] {dag.py:2690} INFO - Sync 2 DAGs
[2024-06-12T20:11:19.409+0000] {logging_mixin.py:137} INFO - [2024-06-12T20:11:19.408+0000] {dag.py:3441} INFO - Setting next_dagrun for example_subdag_operator.section-1 to None, run_after=None
[2024-06-12T20:11:19.440+0000] {logging_mixin.py:137} INFO - [2024-06-12T20:11:19.440+0000] {dag.py:3441} INFO - Setting next_dagrun for example_subdag_operator.section-2 to None, run_after=None
[2024-06-12T20:11:20.722+0000] {processor.py:175} INFO - Processing /home/airflow/.local/lib/python3.7/site-packages/airflow/example_dags/example_subdag_operator.py took 14.318 seconds
[2024-06-12T20:13:35.659+0000] {processor.py:153} INFO - Started process (PID=1964) to work on /home/airflow/.local/lib/python3.7/site-packages/airflow/example_dags/example_subdag_operator.py
[2024-06-12T20:13:35.759+0000] {processor.py:743} INFO - Processing file /home/airflow/.local/lib/python3.7/site-packages/airflow/example_dags/example_subdag_operator.py for tasks to queue
[2024-06-12T20:13:35.763+0000] {logging_mixin.py:137} INFO - [2024-06-12T20:13:35.763+0000] {dagbag.py:538} INFO - Filling up the DagBag from /home/airflow/.local/lib/python3.7/site-packages/airflow/example_dags/example_subdag_operator.py
[2024-06-12T20:13:37.472+0000] {processor.py:753} INFO - DAG(s) dict_keys(['example_subdag_operator.section-1', 'example_subdag_operator.section-2', 'example_subdag_operator']) retrieved from /home/airflow/.local/lib/python3.7/site-packages/airflow/example_dags/example_subdag_operator.py
[2024-06-12T20:13:37.907+0000] {logging_mixin.py:137} INFO - [2024-06-12T20:13:37.905+0000] {dag.py:2690} INFO - Sync 3 DAGs
[2024-06-12T20:13:39.087+0000] {logging_mixin.py:137} INFO - [2024-06-12T20:13:39.087+0000] {dag.py:3441} INFO - Setting next_dagrun for example_subdag_operator to 2022-01-01T00:00:00+00:00, run_after=2022-01-01T00:00:00+00:00
[2024-06-12T20:13:39.311+0000] {logging_mixin.py:137} INFO - [2024-06-12T20:13:39.311+0000] {dag.py:3441} INFO - Setting next_dagrun for example_subdag_operator.section-1 to None, run_after=None
[2024-06-12T20:13:39.325+0000] {logging_mixin.py:137} INFO - [2024-06-12T20:13:39.325+0000] {dag.py:3441} INFO - Setting next_dagrun for example_subdag_operator.section-2 to None, run_after=None
[2024-06-12T20:13:39.468+0000] {logging_mixin.py:137} INFO - [2024-06-12T20:13:39.468+0000] {dag.py:2690} INFO - Sync 2 DAGs
[2024-06-12T20:13:39.684+0000] {logging_mixin.py:137} INFO - [2024-06-12T20:13:39.684+0000] {dag.py:3441} INFO - Setting next_dagrun for example_subdag_operator.section-1 to None, run_after=None
[2024-06-12T20:13:39.704+0000] {logging_mixin.py:137} INFO - [2024-06-12T20:13:39.704+0000] {dag.py:3441} INFO - Setting next_dagrun for example_subdag_operator.section-2 to None, run_after=None
[2024-06-12T20:13:40.319+0000] {processor.py:175} INFO - Processing /home/airflow/.local/lib/python3.7/site-packages/airflow/example_dags/example_subdag_operator.py took 4.789 seconds
[2024-06-12T20:15:10.949+0000] {processor.py:153} INFO - Started process (PID=2065) to work on /home/airflow/.local/lib/python3.7/site-packages/airflow/example_dags/example_subdag_operator.py
[2024-06-12T20:15:10.997+0000] {processor.py:743} INFO - Processing file /home/airflow/.local/lib/python3.7/site-packages/airflow/example_dags/example_subdag_operator.py for tasks to queue
[2024-06-12T20:15:10.999+0000] {logging_mixin.py:137} INFO - [2024-06-12T20:15:10.999+0000] {dagbag.py:538} INFO - Filling up the DagBag from /home/airflow/.local/lib/python3.7/site-packages/airflow/example_dags/example_subdag_operator.py
[2024-06-12T20:15:11.745+0000] {processor.py:753} INFO - DAG(s) dict_keys(['example_subdag_operator.section-1', 'example_subdag_operator.section-2', 'example_subdag_operator']) retrieved from /home/airflow/.local/lib/python3.7/site-packages/airflow/example_dags/example_subdag_operator.py
[2024-06-12T20:15:12.407+0000] {logging_mixin.py:137} INFO - [2024-06-12T20:15:12.407+0000] {dag.py:2690} INFO - Sync 3 DAGs
[2024-06-12T20:15:12.656+0000] {logging_mixin.py:137} INFO - [2024-06-12T20:15:12.656+0000] {dag.py:3441} INFO - Setting next_dagrun for example_subdag_operator to 2022-01-01T00:00:00+00:00, run_after=2022-01-01T00:00:00+00:00
[2024-06-12T20:15:12.724+0000] {logging_mixin.py:137} INFO - [2024-06-12T20:15:12.723+0000] {dag.py:3441} INFO - Setting next_dagrun for example_subdag_operator.section-1 to None, run_after=None
[2024-06-12T20:15:12.765+0000] {logging_mixin.py:137} INFO - [2024-06-12T20:15:12.765+0000] {dag.py:3441} INFO - Setting next_dagrun for example_subdag_operator.section-2 to None, run_after=None
[2024-06-12T20:15:12.874+0000] {logging_mixin.py:137} INFO - [2024-06-12T20:15:12.873+0000] {dag.py:2690} INFO - Sync 2 DAGs
[2024-06-12T20:15:13.032+0000] {logging_mixin.py:137} INFO - [2024-06-12T20:15:13.032+0000] {dag.py:3441} INFO - Setting next_dagrun for example_subdag_operator.section-1 to None, run_after=None
[2024-06-12T20:15:13.056+0000] {logging_mixin.py:137} INFO - [2024-06-12T20:15:13.051+0000] {dag.py:3441} INFO - Setting next_dagrun for example_subdag_operator.section-2 to None, run_after=None
[2024-06-12T20:15:13.301+0000] {processor.py:175} INFO - Processing /home/airflow/.local/lib/python3.7/site-packages/airflow/example_dags/example_subdag_operator.py took 2.436 seconds
[2024-06-12T20:16:17.133+0000] {processor.py:153} INFO - Started process (PID=2143) to work on /home/airflow/.local/lib/python3.7/site-packages/airflow/example_dags/example_subdag_operator.py
[2024-06-12T20:16:17.149+0000] {processor.py:743} INFO - Processing file /home/airflow/.local/lib/python3.7/site-packages/airflow/example_dags/example_subdag_operator.py for tasks to queue
[2024-06-12T20:16:17.153+0000] {logging_mixin.py:137} INFO - [2024-06-12T20:16:17.153+0000] {dagbag.py:538} INFO - Filling up the DagBag from /home/airflow/.local/lib/python3.7/site-packages/airflow/example_dags/example_subdag_operator.py
[2024-06-12T20:16:17.629+0000] {processor.py:753} INFO - DAG(s) dict_keys(['example_subdag_operator.section-1', 'example_subdag_operator.section-2', 'example_subdag_operator']) retrieved from /home/airflow/.local/lib/python3.7/site-packages/airflow/example_dags/example_subdag_operator.py
[2024-06-12T20:16:17.782+0000] {logging_mixin.py:137} INFO - [2024-06-12T20:16:17.782+0000] {dag.py:2690} INFO - Sync 3 DAGs
[2024-06-12T20:16:18.579+0000] {logging_mixin.py:137} INFO - [2024-06-12T20:16:18.578+0000] {dag.py:3441} INFO - Setting next_dagrun for example_subdag_operator to 2022-01-01T00:00:00+00:00, run_after=2022-01-01T00:00:00+00:00
[2024-06-12T20:16:18.716+0000] {logging_mixin.py:137} INFO - [2024-06-12T20:16:18.716+0000] {dag.py:3441} INFO - Setting next_dagrun for example_subdag_operator.section-1 to None, run_after=None
[2024-06-12T20:16:18.824+0000] {logging_mixin.py:137} INFO - [2024-06-12T20:16:18.824+0000] {dag.py:3441} INFO - Setting next_dagrun for example_subdag_operator.section-2 to None, run_after=None
[2024-06-12T20:16:19.085+0000] {logging_mixin.py:137} INFO - [2024-06-12T20:16:19.084+0000] {dag.py:2690} INFO - Sync 2 DAGs
[2024-06-12T20:16:19.168+0000] {logging_mixin.py:137} INFO - [2024-06-12T20:16:19.167+0000] {dag.py:3441} INFO - Setting next_dagrun for example_subdag_operator.section-1 to None, run_after=None
[2024-06-12T20:16:19.183+0000] {logging_mixin.py:137} INFO - [2024-06-12T20:16:19.183+0000] {dag.py:3441} INFO - Setting next_dagrun for example_subdag_operator.section-2 to None, run_after=None
[2024-06-12T20:16:19.328+0000] {processor.py:175} INFO - Processing /home/airflow/.local/lib/python3.7/site-packages/airflow/example_dags/example_subdag_operator.py took 2.250 seconds
[2024-06-12T20:17:07.961+0000] {processor.py:153} INFO - Started process (PID=2211) to work on /home/airflow/.local/lib/python3.7/site-packages/airflow/example_dags/example_subdag_operator.py
[2024-06-12T20:17:07.993+0000] {processor.py:743} INFO - Processing file /home/airflow/.local/lib/python3.7/site-packages/airflow/example_dags/example_subdag_operator.py for tasks to queue
[2024-06-12T20:17:08.004+0000] {logging_mixin.py:137} INFO - [2024-06-12T20:17:08.003+0000] {dagbag.py:538} INFO - Filling up the DagBag from /home/airflow/.local/lib/python3.7/site-packages/airflow/example_dags/example_subdag_operator.py
[2024-06-12T20:17:08.651+0000] {processor.py:753} INFO - DAG(s) dict_keys(['example_subdag_operator.section-1', 'example_subdag_operator.section-2', 'example_subdag_operator']) retrieved from /home/airflow/.local/lib/python3.7/site-packages/airflow/example_dags/example_subdag_operator.py
[2024-06-12T20:17:09.199+0000] {logging_mixin.py:137} INFO - [2024-06-12T20:17:09.199+0000] {dag.py:2690} INFO - Sync 3 DAGs
[2024-06-12T20:17:09.828+0000] {logging_mixin.py:137} INFO - [2024-06-12T20:17:09.828+0000] {dag.py:3441} INFO - Setting next_dagrun for example_subdag_operator to 2022-01-01T00:00:00+00:00, run_after=2022-01-01T00:00:00+00:00
[2024-06-12T20:17:09.874+0000] {logging_mixin.py:137} INFO - [2024-06-12T20:17:09.873+0000] {dag.py:3441} INFO - Setting next_dagrun for example_subdag_operator.section-1 to None, run_after=None
[2024-06-12T20:17:09.892+0000] {logging_mixin.py:137} INFO - [2024-06-12T20:17:09.891+0000] {dag.py:3441} INFO - Setting next_dagrun for example_subdag_operator.section-2 to None, run_after=None
[2024-06-12T20:17:10.184+0000] {logging_mixin.py:137} INFO - [2024-06-12T20:17:10.181+0000] {dag.py:2690} INFO - Sync 2 DAGs
[2024-06-12T20:17:10.309+0000] {logging_mixin.py:137} INFO - [2024-06-12T20:17:10.308+0000] {dag.py:3441} INFO - Setting next_dagrun for example_subdag_operator.section-1 to None, run_after=None
[2024-06-12T20:17:10.346+0000] {logging_mixin.py:137} INFO - [2024-06-12T20:17:10.345+0000] {dag.py:3441} INFO - Setting next_dagrun for example_subdag_operator.section-2 to None, run_after=None
[2024-06-12T20:17:10.610+0000] {processor.py:175} INFO - Processing /home/airflow/.local/lib/python3.7/site-packages/airflow/example_dags/example_subdag_operator.py took 2.772 seconds
[2024-06-12T20:18:55.436+0000] {processor.py:153} INFO - Started process (PID=2307) to work on /home/airflow/.local/lib/python3.7/site-packages/airflow/example_dags/example_subdag_operator.py
[2024-06-12T20:18:55.515+0000] {processor.py:743} INFO - Processing file /home/airflow/.local/lib/python3.7/site-packages/airflow/example_dags/example_subdag_operator.py for tasks to queue
[2024-06-12T20:18:55.553+0000] {logging_mixin.py:137} INFO - [2024-06-12T20:18:55.552+0000] {dagbag.py:538} INFO - Filling up the DagBag from /home/airflow/.local/lib/python3.7/site-packages/airflow/example_dags/example_subdag_operator.py
[2024-06-12T20:18:56.055+0000] {processor.py:753} INFO - DAG(s) dict_keys(['example_subdag_operator.section-1', 'example_subdag_operator.section-2', 'example_subdag_operator']) retrieved from /home/airflow/.local/lib/python3.7/site-packages/airflow/example_dags/example_subdag_operator.py
[2024-06-12T20:18:56.825+0000] {logging_mixin.py:137} INFO - [2024-06-12T20:18:56.825+0000] {dag.py:2690} INFO - Sync 3 DAGs
[2024-06-12T20:18:57.868+0000] {logging_mixin.py:137} INFO - [2024-06-12T20:18:57.865+0000] {dag.py:3441} INFO - Setting next_dagrun for example_subdag_operator to 2022-01-01T00:00:00+00:00, run_after=2022-01-01T00:00:00+00:00
[2024-06-12T20:18:58.052+0000] {logging_mixin.py:137} INFO - [2024-06-12T20:18:58.052+0000] {dag.py:3441} INFO - Setting next_dagrun for example_subdag_operator.section-1 to None, run_after=None
[2024-06-12T20:18:58.068+0000] {logging_mixin.py:137} INFO - [2024-06-12T20:18:58.067+0000] {dag.py:3441} INFO - Setting next_dagrun for example_subdag_operator.section-2 to None, run_after=None
[2024-06-12T20:18:58.231+0000] {logging_mixin.py:137} INFO - [2024-06-12T20:18:58.220+0000] {dag.py:2690} INFO - Sync 2 DAGs
[2024-06-12T20:18:58.406+0000] {logging_mixin.py:137} INFO - [2024-06-12T20:18:58.404+0000] {dag.py:3441} INFO - Setting next_dagrun for example_subdag_operator.section-1 to None, run_after=None
[2024-06-12T20:18:58.426+0000] {logging_mixin.py:137} INFO - [2024-06-12T20:18:58.425+0000] {dag.py:3441} INFO - Setting next_dagrun for example_subdag_operator.section-2 to None, run_after=None
[2024-06-12T20:18:58.831+0000] {processor.py:175} INFO - Processing /home/airflow/.local/lib/python3.7/site-packages/airflow/example_dags/example_subdag_operator.py took 3.418 seconds
[2024-06-12T20:20:52.481+0000] {processor.py:153} INFO - Started process (PID=2432) to work on /home/airflow/.local/lib/python3.7/site-packages/airflow/example_dags/example_subdag_operator.py
[2024-06-12T20:20:52.498+0000] {processor.py:743} INFO - Processing file /home/airflow/.local/lib/python3.7/site-packages/airflow/example_dags/example_subdag_operator.py for tasks to queue
[2024-06-12T20:20:52.516+0000] {logging_mixin.py:137} INFO - [2024-06-12T20:20:52.515+0000] {dagbag.py:538} INFO - Filling up the DagBag from /home/airflow/.local/lib/python3.7/site-packages/airflow/example_dags/example_subdag_operator.py
[2024-06-12T20:20:54.068+0000] {processor.py:753} INFO - DAG(s) dict_keys(['example_subdag_operator.section-1', 'example_subdag_operator.section-2', 'example_subdag_operator']) retrieved from /home/airflow/.local/lib/python3.7/site-packages/airflow/example_dags/example_subdag_operator.py
[2024-06-12T20:20:55.079+0000] {logging_mixin.py:137} INFO - [2024-06-12T20:20:55.079+0000] {dag.py:2690} INFO - Sync 3 DAGs
[2024-06-12T20:20:56.861+0000] {logging_mixin.py:137} INFO - [2024-06-12T20:20:56.860+0000] {dag.py:3441} INFO - Setting next_dagrun for example_subdag_operator to 2022-01-01T00:00:00+00:00, run_after=2022-01-01T00:00:00+00:00
[2024-06-12T20:20:57.100+0000] {logging_mixin.py:137} INFO - [2024-06-12T20:20:57.100+0000] {dag.py:3441} INFO - Setting next_dagrun for example_subdag_operator.section-1 to None, run_after=None
[2024-06-12T20:20:57.164+0000] {logging_mixin.py:137} INFO - [2024-06-12T20:20:57.164+0000] {dag.py:3441} INFO - Setting next_dagrun for example_subdag_operator.section-2 to None, run_after=None
[2024-06-12T20:20:57.278+0000] {logging_mixin.py:137} INFO - [2024-06-12T20:20:57.278+0000] {dag.py:2690} INFO - Sync 2 DAGs
[2024-06-12T20:20:57.404+0000] {logging_mixin.py:137} INFO - [2024-06-12T20:20:57.403+0000] {dag.py:3441} INFO - Setting next_dagrun for example_subdag_operator.section-1 to None, run_after=None
[2024-06-12T20:20:57.406+0000] {logging_mixin.py:137} INFO - [2024-06-12T20:20:57.405+0000] {dag.py:3441} INFO - Setting next_dagrun for example_subdag_operator.section-2 to None, run_after=None
[2024-06-12T20:20:58.010+0000] {processor.py:175} INFO - Processing /home/airflow/.local/lib/python3.7/site-packages/airflow/example_dags/example_subdag_operator.py took 5.562 seconds
[2024-06-12T20:22:54.675+0000] {processor.py:153} INFO - Started process (PID=2556) to work on /home/airflow/.local/lib/python3.7/site-packages/airflow/example_dags/example_subdag_operator.py
[2024-06-12T20:22:54.737+0000] {processor.py:743} INFO - Processing file /home/airflow/.local/lib/python3.7/site-packages/airflow/example_dags/example_subdag_operator.py for tasks to queue
[2024-06-12T20:22:54.755+0000] {logging_mixin.py:137} INFO - [2024-06-12T20:22:54.754+0000] {dagbag.py:538} INFO - Filling up the DagBag from /home/airflow/.local/lib/python3.7/site-packages/airflow/example_dags/example_subdag_operator.py
[2024-06-12T20:22:55.418+0000] {processor.py:753} INFO - DAG(s) dict_keys(['example_subdag_operator.section-1', 'example_subdag_operator.section-2', 'example_subdag_operator']) retrieved from /home/airflow/.local/lib/python3.7/site-packages/airflow/example_dags/example_subdag_operator.py
[2024-06-12T20:22:56.224+0000] {logging_mixin.py:137} INFO - [2024-06-12T20:22:56.224+0000] {dag.py:2690} INFO - Sync 3 DAGs
[2024-06-12T20:22:57.353+0000] {logging_mixin.py:137} INFO - [2024-06-12T20:22:57.353+0000] {dag.py:3441} INFO - Setting next_dagrun for example_subdag_operator to 2022-01-01T00:00:00+00:00, run_after=2022-01-01T00:00:00+00:00
[2024-06-12T20:22:57.643+0000] {logging_mixin.py:137} INFO - [2024-06-12T20:22:57.643+0000] {dag.py:3441} INFO - Setting next_dagrun for example_subdag_operator.section-1 to None, run_after=None
[2024-06-12T20:22:57.763+0000] {logging_mixin.py:137} INFO - [2024-06-12T20:22:57.763+0000] {dag.py:3441} INFO - Setting next_dagrun for example_subdag_operator.section-2 to None, run_after=None
[2024-06-12T20:22:58.205+0000] {logging_mixin.py:137} INFO - [2024-06-12T20:22:58.205+0000] {dag.py:2690} INFO - Sync 2 DAGs
[2024-06-12T20:22:58.445+0000] {logging_mixin.py:137} INFO - [2024-06-12T20:22:58.444+0000] {dag.py:3441} INFO - Setting next_dagrun for example_subdag_operator.section-1 to None, run_after=None
[2024-06-12T20:22:58.461+0000] {logging_mixin.py:137} INFO - [2024-06-12T20:22:58.460+0000] {dag.py:3441} INFO - Setting next_dagrun for example_subdag_operator.section-2 to None, run_after=None
[2024-06-12T20:22:58.646+0000] {processor.py:175} INFO - Processing /home/airflow/.local/lib/python3.7/site-packages/airflow/example_dags/example_subdag_operator.py took 3.995 seconds
[2024-06-12T20:25:09.654+0000] {processor.py:153} INFO - Started process (PID=2681) to work on /home/airflow/.local/lib/python3.7/site-packages/airflow/example_dags/example_subdag_operator.py
[2024-06-12T20:25:09.667+0000] {processor.py:743} INFO - Processing file /home/airflow/.local/lib/python3.7/site-packages/airflow/example_dags/example_subdag_operator.py for tasks to queue
[2024-06-12T20:25:09.684+0000] {logging_mixin.py:137} INFO - [2024-06-12T20:25:09.683+0000] {dagbag.py:538} INFO - Filling up the DagBag from /home/airflow/.local/lib/python3.7/site-packages/airflow/example_dags/example_subdag_operator.py
[2024-06-12T20:25:10.582+0000] {processor.py:753} INFO - DAG(s) dict_keys(['example_subdag_operator.section-1', 'example_subdag_operator.section-2', 'example_subdag_operator']) retrieved from /home/airflow/.local/lib/python3.7/site-packages/airflow/example_dags/example_subdag_operator.py
[2024-06-12T20:25:11.393+0000] {logging_mixin.py:137} INFO - [2024-06-12T20:25:11.393+0000] {dag.py:2690} INFO - Sync 3 DAGs
[2024-06-12T20:25:11.978+0000] {logging_mixin.py:137} INFO - [2024-06-12T20:25:11.978+0000] {dag.py:3441} INFO - Setting next_dagrun for example_subdag_operator to 2022-01-01T00:00:00+00:00, run_after=2022-01-01T00:00:00+00:00
[2024-06-12T20:25:12.142+0000] {logging_mixin.py:137} INFO - [2024-06-12T20:25:12.141+0000] {dag.py:3441} INFO - Setting next_dagrun for example_subdag_operator.section-1 to None, run_after=None
[2024-06-12T20:25:12.159+0000] {logging_mixin.py:137} INFO - [2024-06-12T20:25:12.159+0000] {dag.py:3441} INFO - Setting next_dagrun for example_subdag_operator.section-2 to None, run_after=None
[2024-06-12T20:25:12.381+0000] {logging_mixin.py:137} INFO - [2024-06-12T20:25:12.381+0000] {dag.py:2690} INFO - Sync 2 DAGs
[2024-06-12T20:25:12.742+0000] {logging_mixin.py:137} INFO - [2024-06-12T20:25:12.741+0000] {dag.py:3441} INFO - Setting next_dagrun for example_subdag_operator.section-1 to None, run_after=None
[2024-06-12T20:25:12.798+0000] {logging_mixin.py:137} INFO - [2024-06-12T20:25:12.798+0000] {dag.py:3441} INFO - Setting next_dagrun for example_subdag_operator.section-2 to None, run_after=None
[2024-06-12T20:25:13.221+0000] {processor.py:175} INFO - Processing /home/airflow/.local/lib/python3.7/site-packages/airflow/example_dags/example_subdag_operator.py took 3.693 seconds
[2024-06-12T20:27:06.091+0000] {processor.py:153} INFO - Started process (PID=2796) to work on /home/airflow/.local/lib/python3.7/site-packages/airflow/example_dags/example_subdag_operator.py
[2024-06-12T20:27:06.106+0000] {processor.py:743} INFO - Processing file /home/airflow/.local/lib/python3.7/site-packages/airflow/example_dags/example_subdag_operator.py for tasks to queue
[2024-06-12T20:27:06.141+0000] {logging_mixin.py:137} INFO - [2024-06-12T20:27:06.141+0000] {dagbag.py:538} INFO - Filling up the DagBag from /home/airflow/.local/lib/python3.7/site-packages/airflow/example_dags/example_subdag_operator.py
[2024-06-12T20:27:07.185+0000] {processor.py:753} INFO - DAG(s) dict_keys(['example_subdag_operator.section-1', 'example_subdag_operator.section-2', 'example_subdag_operator']) retrieved from /home/airflow/.local/lib/python3.7/site-packages/airflow/example_dags/example_subdag_operator.py
[2024-06-12T20:27:07.845+0000] {logging_mixin.py:137} INFO - [2024-06-12T20:27:07.844+0000] {dag.py:2690} INFO - Sync 3 DAGs
[2024-06-12T20:27:08.281+0000] {logging_mixin.py:137} INFO - [2024-06-12T20:27:08.281+0000] {dag.py:3441} INFO - Setting next_dagrun for example_subdag_operator to 2022-01-01T00:00:00+00:00, run_after=2022-01-01T00:00:00+00:00
[2024-06-12T20:27:08.347+0000] {logging_mixin.py:137} INFO - [2024-06-12T20:27:08.347+0000] {dag.py:3441} INFO - Setting next_dagrun for example_subdag_operator.section-1 to None, run_after=None
[2024-06-12T20:27:08.378+0000] {logging_mixin.py:137} INFO - [2024-06-12T20:27:08.377+0000] {dag.py:3441} INFO - Setting next_dagrun for example_subdag_operator.section-2 to None, run_after=None
[2024-06-12T20:27:08.685+0000] {logging_mixin.py:137} INFO - [2024-06-12T20:27:08.684+0000] {dag.py:2690} INFO - Sync 2 DAGs
[2024-06-12T20:27:08.878+0000] {logging_mixin.py:137} INFO - [2024-06-12T20:27:08.877+0000] {dag.py:3441} INFO - Setting next_dagrun for example_subdag_operator.section-1 to None, run_after=None
[2024-06-12T20:27:08.894+0000] {logging_mixin.py:137} INFO - [2024-06-12T20:27:08.893+0000] {dag.py:3441} INFO - Setting next_dagrun for example_subdag_operator.section-2 to None, run_after=None
[2024-06-12T20:27:09.390+0000] {processor.py:175} INFO - Processing /home/airflow/.local/lib/python3.7/site-packages/airflow/example_dags/example_subdag_operator.py took 3.323 seconds
[2024-06-12T20:28:31.603+0000] {processor.py:153} INFO - Started process (PID=2888) to work on /home/airflow/.local/lib/python3.7/site-packages/airflow/example_dags/example_subdag_operator.py
[2024-06-12T20:28:31.622+0000] {processor.py:743} INFO - Processing file /home/airflow/.local/lib/python3.7/site-packages/airflow/example_dags/example_subdag_operator.py for tasks to queue
[2024-06-12T20:28:31.639+0000] {logging_mixin.py:137} INFO - [2024-06-12T20:28:31.639+0000] {dagbag.py:538} INFO - Filling up the DagBag from /home/airflow/.local/lib/python3.7/site-packages/airflow/example_dags/example_subdag_operator.py
[2024-06-12T20:28:32.511+0000] {processor.py:753} INFO - DAG(s) dict_keys(['example_subdag_operator.section-1', 'example_subdag_operator.section-2', 'example_subdag_operator']) retrieved from /home/airflow/.local/lib/python3.7/site-packages/airflow/example_dags/example_subdag_operator.py
[2024-06-12T20:28:32.739+0000] {logging_mixin.py:137} INFO - [2024-06-12T20:28:32.739+0000] {dag.py:2690} INFO - Sync 3 DAGs
[2024-06-12T20:28:33.483+0000] {logging_mixin.py:137} INFO - [2024-06-12T20:28:33.482+0000] {dag.py:3441} INFO - Setting next_dagrun for example_subdag_operator to 2022-01-01T00:00:00+00:00, run_after=2022-01-01T00:00:00+00:00
[2024-06-12T20:28:33.827+0000] {logging_mixin.py:137} INFO - [2024-06-12T20:28:33.827+0000] {dag.py:3441} INFO - Setting next_dagrun for example_subdag_operator.section-1 to None, run_after=None
[2024-06-12T20:28:33.882+0000] {logging_mixin.py:137} INFO - [2024-06-12T20:28:33.882+0000] {dag.py:3441} INFO - Setting next_dagrun for example_subdag_operator.section-2 to None, run_after=None
[2024-06-12T20:28:34.072+0000] {logging_mixin.py:137} INFO - [2024-06-12T20:28:34.071+0000] {dag.py:2690} INFO - Sync 2 DAGs
[2024-06-12T20:28:34.325+0000] {logging_mixin.py:137} INFO - [2024-06-12T20:28:34.325+0000] {dag.py:3441} INFO - Setting next_dagrun for example_subdag_operator.section-1 to None, run_after=None
[2024-06-12T20:28:34.340+0000] {logging_mixin.py:137} INFO - [2024-06-12T20:28:34.340+0000] {dag.py:3441} INFO - Setting next_dagrun for example_subdag_operator.section-2 to None, run_after=None
[2024-06-12T20:28:34.603+0000] {processor.py:175} INFO - Processing /home/airflow/.local/lib/python3.7/site-packages/airflow/example_dags/example_subdag_operator.py took 3.055 seconds
[2024-06-12T20:29:46.164+0000] {processor.py:153} INFO - Started process (PID=2974) to work on /home/airflow/.local/lib/python3.7/site-packages/airflow/example_dags/example_subdag_operator.py
[2024-06-12T20:29:46.206+0000] {processor.py:743} INFO - Processing file /home/airflow/.local/lib/python3.7/site-packages/airflow/example_dags/example_subdag_operator.py for tasks to queue
[2024-06-12T20:29:46.209+0000] {logging_mixin.py:137} INFO - [2024-06-12T20:29:46.208+0000] {dagbag.py:538} INFO - Filling up the DagBag from /home/airflow/.local/lib/python3.7/site-packages/airflow/example_dags/example_subdag_operator.py
[2024-06-12T20:29:47.015+0000] {processor.py:753} INFO - DAG(s) dict_keys(['example_subdag_operator.section-1', 'example_subdag_operator.section-2', 'example_subdag_operator']) retrieved from /home/airflow/.local/lib/python3.7/site-packages/airflow/example_dags/example_subdag_operator.py
[2024-06-12T20:29:47.554+0000] {logging_mixin.py:137} INFO - [2024-06-12T20:29:47.554+0000] {dag.py:2690} INFO - Sync 3 DAGs
[2024-06-12T20:29:48.289+0000] {logging_mixin.py:137} INFO - [2024-06-12T20:29:48.289+0000] {dag.py:3441} INFO - Setting next_dagrun for example_subdag_operator to 2022-01-01T00:00:00+00:00, run_after=2022-01-01T00:00:00+00:00
[2024-06-12T20:29:48.463+0000] {logging_mixin.py:137} INFO - [2024-06-12T20:29:48.462+0000] {dag.py:3441} INFO - Setting next_dagrun for example_subdag_operator.section-1 to None, run_after=None
[2024-06-12T20:29:48.556+0000] {logging_mixin.py:137} INFO - [2024-06-12T20:29:48.556+0000] {dag.py:3441} INFO - Setting next_dagrun for example_subdag_operator.section-2 to None, run_after=None
[2024-06-12T20:29:48.770+0000] {logging_mixin.py:137} INFO - [2024-06-12T20:29:48.769+0000] {dag.py:2690} INFO - Sync 2 DAGs
[2024-06-12T20:29:48.962+0000] {logging_mixin.py:137} INFO - [2024-06-12T20:29:48.962+0000] {dag.py:3441} INFO - Setting next_dagrun for example_subdag_operator.section-1 to None, run_after=None
[2024-06-12T20:29:49.009+0000] {logging_mixin.py:137} INFO - [2024-06-12T20:29:49.009+0000] {dag.py:3441} INFO - Setting next_dagrun for example_subdag_operator.section-2 to None, run_after=None
[2024-06-12T20:29:49.322+0000] {processor.py:175} INFO - Processing /home/airflow/.local/lib/python3.7/site-packages/airflow/example_dags/example_subdag_operator.py took 3.272 seconds
[2024-06-12T20:30:50.465+0000] {processor.py:153} INFO - Started process (PID=3045) to work on /home/airflow/.local/lib/python3.7/site-packages/airflow/example_dags/example_subdag_operator.py
[2024-06-12T20:30:50.496+0000] {processor.py:743} INFO - Processing file /home/airflow/.local/lib/python3.7/site-packages/airflow/example_dags/example_subdag_operator.py for tasks to queue
[2024-06-12T20:30:50.531+0000] {logging_mixin.py:137} INFO - [2024-06-12T20:30:50.531+0000] {dagbag.py:538} INFO - Filling up the DagBag from /home/airflow/.local/lib/python3.7/site-packages/airflow/example_dags/example_subdag_operator.py
[2024-06-12T20:30:51.218+0000] {processor.py:753} INFO - DAG(s) dict_keys(['example_subdag_operator.section-1', 'example_subdag_operator.section-2', 'example_subdag_operator']) retrieved from /home/airflow/.local/lib/python3.7/site-packages/airflow/example_dags/example_subdag_operator.py
[2024-06-12T20:30:52.261+0000] {logging_mixin.py:137} INFO - [2024-06-12T20:30:52.261+0000] {dag.py:2690} INFO - Sync 3 DAGs
[2024-06-12T20:30:53.016+0000] {logging_mixin.py:137} INFO - [2024-06-12T20:30:53.016+0000] {dag.py:3441} INFO - Setting next_dagrun for example_subdag_operator to 2022-01-01T00:00:00+00:00, run_after=2022-01-01T00:00:00+00:00
[2024-06-12T20:30:53.111+0000] {logging_mixin.py:137} INFO - [2024-06-12T20:30:53.111+0000] {dag.py:3441} INFO - Setting next_dagrun for example_subdag_operator.section-1 to None, run_after=None
[2024-06-12T20:30:53.143+0000] {logging_mixin.py:137} INFO - [2024-06-12T20:30:53.143+0000] {dag.py:3441} INFO - Setting next_dagrun for example_subdag_operator.section-2 to None, run_after=None
[2024-06-12T20:30:53.421+0000] {logging_mixin.py:137} INFO - [2024-06-12T20:30:53.421+0000] {dag.py:2690} INFO - Sync 2 DAGs
[2024-06-12T20:30:53.551+0000] {logging_mixin.py:137} INFO - [2024-06-12T20:30:53.551+0000] {dag.py:3441} INFO - Setting next_dagrun for example_subdag_operator.section-1 to None, run_after=None
[2024-06-12T20:30:53.662+0000] {logging_mixin.py:137} INFO - [2024-06-12T20:30:53.661+0000] {dag.py:3441} INFO - Setting next_dagrun for example_subdag_operator.section-2 to None, run_after=None
[2024-06-12T20:30:54.291+0000] {processor.py:175} INFO - Processing /home/airflow/.local/lib/python3.7/site-packages/airflow/example_dags/example_subdag_operator.py took 4.021 seconds
[2024-06-12T20:32:09.378+0000] {processor.py:153} INFO - Started process (PID=3134) to work on /home/airflow/.local/lib/python3.7/site-packages/airflow/example_dags/example_subdag_operator.py
[2024-06-12T20:32:09.458+0000] {processor.py:743} INFO - Processing file /home/airflow/.local/lib/python3.7/site-packages/airflow/example_dags/example_subdag_operator.py for tasks to queue
[2024-06-12T20:32:09.587+0000] {logging_mixin.py:137} INFO - [2024-06-12T20:32:09.528+0000] {dagbag.py:538} INFO - Filling up the DagBag from /home/airflow/.local/lib/python3.7/site-packages/airflow/example_dags/example_subdag_operator.py
[2024-06-12T20:32:09.907+0000] {processor.py:753} INFO - DAG(s) dict_keys(['example_subdag_operator.section-1', 'example_subdag_operator.section-2', 'example_subdag_operator']) retrieved from /home/airflow/.local/lib/python3.7/site-packages/airflow/example_dags/example_subdag_operator.py
[2024-06-12T20:32:10.710+0000] {logging_mixin.py:137} INFO - [2024-06-12T20:32:10.709+0000] {dag.py:2690} INFO - Sync 3 DAGs
[2024-06-12T20:32:11.403+0000] {logging_mixin.py:137} INFO - [2024-06-12T20:32:11.403+0000] {dag.py:3441} INFO - Setting next_dagrun for example_subdag_operator to 2022-01-01T00:00:00+00:00, run_after=2022-01-01T00:00:00+00:00
[2024-06-12T20:32:11.501+0000] {logging_mixin.py:137} INFO - [2024-06-12T20:32:11.501+0000] {dag.py:3441} INFO - Setting next_dagrun for example_subdag_operator.section-1 to None, run_after=None
[2024-06-12T20:32:11.533+0000] {logging_mixin.py:137} INFO - [2024-06-12T20:32:11.532+0000] {dag.py:3441} INFO - Setting next_dagrun for example_subdag_operator.section-2 to None, run_after=None
[2024-06-12T20:32:11.740+0000] {logging_mixin.py:137} INFO - [2024-06-12T20:32:11.740+0000] {dag.py:2690} INFO - Sync 2 DAGs
[2024-06-12T20:32:11.919+0000] {logging_mixin.py:137} INFO - [2024-06-12T20:32:11.919+0000] {dag.py:3441} INFO - Setting next_dagrun for example_subdag_operator.section-1 to None, run_after=None
[2024-06-12T20:32:12.073+0000] {logging_mixin.py:137} INFO - [2024-06-12T20:32:12.073+0000] {dag.py:3441} INFO - Setting next_dagrun for example_subdag_operator.section-2 to None, run_after=None
[2024-06-12T20:32:13.052+0000] {processor.py:175} INFO - Processing /home/airflow/.local/lib/python3.7/site-packages/airflow/example_dags/example_subdag_operator.py took 3.737 seconds
[2024-06-12T20:33:57.005+0000] {processor.py:153} INFO - Started process (PID=3245) to work on /home/airflow/.local/lib/python3.7/site-packages/airflow/example_dags/example_subdag_operator.py
[2024-06-12T20:33:57.021+0000] {processor.py:743} INFO - Processing file /home/airflow/.local/lib/python3.7/site-packages/airflow/example_dags/example_subdag_operator.py for tasks to queue
[2024-06-12T20:33:57.039+0000] {logging_mixin.py:137} INFO - [2024-06-12T20:33:57.038+0000] {dagbag.py:538} INFO - Filling up the DagBag from /home/airflow/.local/lib/python3.7/site-packages/airflow/example_dags/example_subdag_operator.py
[2024-06-12T20:33:58.483+0000] {processor.py:753} INFO - DAG(s) dict_keys(['example_subdag_operator.section-1', 'example_subdag_operator.section-2', 'example_subdag_operator']) retrieved from /home/airflow/.local/lib/python3.7/site-packages/airflow/example_dags/example_subdag_operator.py
[2024-06-12T20:33:59.254+0000] {logging_mixin.py:137} INFO - [2024-06-12T20:33:59.254+0000] {dag.py:2690} INFO - Sync 3 DAGs
[2024-06-12T20:34:00.666+0000] {logging_mixin.py:137} INFO - [2024-06-12T20:34:00.665+0000] {dag.py:3441} INFO - Setting next_dagrun for example_subdag_operator to 2022-01-01T00:00:00+00:00, run_after=2022-01-01T00:00:00+00:00
[2024-06-12T20:34:00.780+0000] {logging_mixin.py:137} INFO - [2024-06-12T20:34:00.779+0000] {dag.py:3441} INFO - Setting next_dagrun for example_subdag_operator.section-1 to None, run_after=None
[2024-06-12T20:34:00.797+0000] {logging_mixin.py:137} INFO - [2024-06-12T20:34:00.796+0000] {dag.py:3441} INFO - Setting next_dagrun for example_subdag_operator.section-2 to None, run_after=None
[2024-06-12T20:34:01.031+0000] {logging_mixin.py:137} INFO - [2024-06-12T20:34:00.956+0000] {dag.py:2690} INFO - Sync 2 DAGs
[2024-06-12T20:34:01.323+0000] {logging_mixin.py:137} INFO - [2024-06-12T20:34:01.322+0000] {dag.py:3441} INFO - Setting next_dagrun for example_subdag_operator.section-1 to None, run_after=None
[2024-06-12T20:34:01.338+0000] {logging_mixin.py:137} INFO - [2024-06-12T20:34:01.338+0000] {dag.py:3441} INFO - Setting next_dagrun for example_subdag_operator.section-2 to None, run_after=None
[2024-06-12T20:34:01.568+0000] {processor.py:175} INFO - Processing /home/airflow/.local/lib/python3.7/site-packages/airflow/example_dags/example_subdag_operator.py took 4.626 seconds
[2024-06-12T20:36:21.153+0000] {processor.py:153} INFO - Started process (PID=3376) to work on /home/airflow/.local/lib/python3.7/site-packages/airflow/example_dags/example_subdag_operator.py
[2024-06-12T20:36:21.169+0000] {processor.py:743} INFO - Processing file /home/airflow/.local/lib/python3.7/site-packages/airflow/example_dags/example_subdag_operator.py for tasks to queue
[2024-06-12T20:36:21.174+0000] {logging_mixin.py:137} INFO - [2024-06-12T20:36:21.174+0000] {dagbag.py:538} INFO - Filling up the DagBag from /home/airflow/.local/lib/python3.7/site-packages/airflow/example_dags/example_subdag_operator.py
[2024-06-12T20:36:23.075+0000] {processor.py:753} INFO - DAG(s) dict_keys(['example_subdag_operator.section-1', 'example_subdag_operator.section-2', 'example_subdag_operator']) retrieved from /home/airflow/.local/lib/python3.7/site-packages/airflow/example_dags/example_subdag_operator.py
[2024-06-12T20:36:24.149+0000] {logging_mixin.py:137} INFO - [2024-06-12T20:36:24.149+0000] {dag.py:2690} INFO - Sync 3 DAGs
[2024-06-12T20:36:24.905+0000] {logging_mixin.py:137} INFO - [2024-06-12T20:36:24.905+0000] {dag.py:3441} INFO - Setting next_dagrun for example_subdag_operator to 2022-01-01T00:00:00+00:00, run_after=2022-01-01T00:00:00+00:00
[2024-06-12T20:36:24.975+0000] {logging_mixin.py:137} INFO - [2024-06-12T20:36:24.974+0000] {dag.py:3441} INFO - Setting next_dagrun for example_subdag_operator.section-1 to None, run_after=None
[2024-06-12T20:36:24.989+0000] {logging_mixin.py:137} INFO - [2024-06-12T20:36:24.989+0000] {dag.py:3441} INFO - Setting next_dagrun for example_subdag_operator.section-2 to None, run_after=None
[2024-06-12T20:36:25.250+0000] {logging_mixin.py:137} INFO - [2024-06-12T20:36:25.250+0000] {dag.py:2690} INFO - Sync 2 DAGs
[2024-06-12T20:36:25.737+0000] {logging_mixin.py:137} INFO - [2024-06-12T20:36:25.677+0000] {dag.py:3441} INFO - Setting next_dagrun for example_subdag_operator.section-1 to None, run_after=None
[2024-06-12T20:36:25.769+0000] {logging_mixin.py:137} INFO - [2024-06-12T20:36:25.769+0000] {dag.py:3441} INFO - Setting next_dagrun for example_subdag_operator.section-2 to None, run_after=None
[2024-06-12T20:36:26.813+0000] {processor.py:175} INFO - Processing /home/airflow/.local/lib/python3.7/site-packages/airflow/example_dags/example_subdag_operator.py took 5.679 seconds
[2024-06-12T20:38:41.036+0000] {processor.py:153} INFO - Started process (PID=3504) to work on /home/airflow/.local/lib/python3.7/site-packages/airflow/example_dags/example_subdag_operator.py
[2024-06-12T20:38:41.056+0000] {processor.py:743} INFO - Processing file /home/airflow/.local/lib/python3.7/site-packages/airflow/example_dags/example_subdag_operator.py for tasks to queue
[2024-06-12T20:38:41.074+0000] {logging_mixin.py:137} INFO - [2024-06-12T20:38:41.074+0000] {dagbag.py:538} INFO - Filling up the DagBag from /home/airflow/.local/lib/python3.7/site-packages/airflow/example_dags/example_subdag_operator.py
[2024-06-12T20:38:41.859+0000] {processor.py:753} INFO - DAG(s) dict_keys(['example_subdag_operator.section-1', 'example_subdag_operator.section-2', 'example_subdag_operator']) retrieved from /home/airflow/.local/lib/python3.7/site-packages/airflow/example_dags/example_subdag_operator.py
[2024-06-12T20:38:42.448+0000] {logging_mixin.py:137} INFO - [2024-06-12T20:38:42.448+0000] {dag.py:2690} INFO - Sync 3 DAGs
[2024-06-12T20:38:43.227+0000] {logging_mixin.py:137} INFO - [2024-06-12T20:38:43.226+0000] {dag.py:3441} INFO - Setting next_dagrun for example_subdag_operator to 2022-01-01T00:00:00+00:00, run_after=2022-01-01T00:00:00+00:00
[2024-06-12T20:38:43.396+0000] {logging_mixin.py:137} INFO - [2024-06-12T20:38:43.395+0000] {dag.py:3441} INFO - Setting next_dagrun for example_subdag_operator.section-1 to None, run_after=None
[2024-06-12T20:38:43.415+0000] {logging_mixin.py:137} INFO - [2024-06-12T20:38:43.414+0000] {dag.py:3441} INFO - Setting next_dagrun for example_subdag_operator.section-2 to None, run_after=None
[2024-06-12T20:38:43.657+0000] {logging_mixin.py:137} INFO - [2024-06-12T20:38:43.657+0000] {dag.py:2690} INFO - Sync 2 DAGs
[2024-06-12T20:38:43.836+0000] {logging_mixin.py:137} INFO - [2024-06-12T20:38:43.835+0000] {dag.py:3441} INFO - Setting next_dagrun for example_subdag_operator.section-1 to None, run_after=None
[2024-06-12T20:38:43.850+0000] {logging_mixin.py:137} INFO - [2024-06-12T20:38:43.849+0000] {dag.py:3441} INFO - Setting next_dagrun for example_subdag_operator.section-2 to None, run_after=None
[2024-06-12T20:38:44.060+0000] {processor.py:175} INFO - Processing /home/airflow/.local/lib/python3.7/site-packages/airflow/example_dags/example_subdag_operator.py took 3.059 seconds
[2024-06-12T20:39:39.320+0000] {processor.py:153} INFO - Started process (PID=3581) to work on /home/airflow/.local/lib/python3.7/site-packages/airflow/example_dags/example_subdag_operator.py
[2024-06-12T20:39:39.350+0000] {processor.py:743} INFO - Processing file /home/airflow/.local/lib/python3.7/site-packages/airflow/example_dags/example_subdag_operator.py for tasks to queue
[2024-06-12T20:39:39.398+0000] {logging_mixin.py:137} INFO - [2024-06-12T20:39:39.398+0000] {dagbag.py:538} INFO - Filling up the DagBag from /home/airflow/.local/lib/python3.7/site-packages/airflow/example_dags/example_subdag_operator.py
[2024-06-12T20:39:39.942+0000] {processor.py:753} INFO - DAG(s) dict_keys(['example_subdag_operator.section-1', 'example_subdag_operator.section-2', 'example_subdag_operator']) retrieved from /home/airflow/.local/lib/python3.7/site-packages/airflow/example_dags/example_subdag_operator.py
[2024-06-12T20:39:40.312+0000] {logging_mixin.py:137} INFO - [2024-06-12T20:39:40.312+0000] {dag.py:2690} INFO - Sync 3 DAGs
[2024-06-12T20:39:41.598+0000] {logging_mixin.py:137} INFO - [2024-06-12T20:39:41.597+0000] {dag.py:3441} INFO - Setting next_dagrun for example_subdag_operator to 2022-01-01T00:00:00+00:00, run_after=2022-01-01T00:00:00+00:00
[2024-06-12T20:39:41.726+0000] {logging_mixin.py:137} INFO - [2024-06-12T20:39:41.726+0000] {dag.py:3441} INFO - Setting next_dagrun for example_subdag_operator.section-1 to None, run_after=None
[2024-06-12T20:39:41.757+0000] {logging_mixin.py:137} INFO - [2024-06-12T20:39:41.757+0000] {dag.py:3441} INFO - Setting next_dagrun for example_subdag_operator.section-2 to None, run_after=None
[2024-06-12T20:39:42.061+0000] {logging_mixin.py:137} INFO - [2024-06-12T20:39:42.060+0000] {dag.py:2690} INFO - Sync 2 DAGs
[2024-06-12T20:39:42.256+0000] {logging_mixin.py:137} INFO - [2024-06-12T20:39:42.256+0000] {dag.py:3441} INFO - Setting next_dagrun for example_subdag_operator.section-1 to None, run_after=None
[2024-06-12T20:39:42.284+0000] {logging_mixin.py:137} INFO - [2024-06-12T20:39:42.284+0000] {dag.py:3441} INFO - Setting next_dagrun for example_subdag_operator.section-2 to None, run_after=None
[2024-06-12T20:39:42.524+0000] {processor.py:175} INFO - Processing /home/airflow/.local/lib/python3.7/site-packages/airflow/example_dags/example_subdag_operator.py took 3.328 seconds
[2024-06-12T20:41:04.427+0000] {processor.py:153} INFO - Started process (PID=3676) to work on /home/airflow/.local/lib/python3.7/site-packages/airflow/example_dags/example_subdag_operator.py
[2024-06-12T20:41:04.442+0000] {processor.py:743} INFO - Processing file /home/airflow/.local/lib/python3.7/site-packages/airflow/example_dags/example_subdag_operator.py for tasks to queue
[2024-06-12T20:41:04.452+0000] {logging_mixin.py:137} INFO - [2024-06-12T20:41:04.451+0000] {dagbag.py:538} INFO - Filling up the DagBag from /home/airflow/.local/lib/python3.7/site-packages/airflow/example_dags/example_subdag_operator.py
[2024-06-12T20:41:04.700+0000] {processor.py:753} INFO - DAG(s) dict_keys(['example_subdag_operator.section-1', 'example_subdag_operator.section-2', 'example_subdag_operator']) retrieved from /home/airflow/.local/lib/python3.7/site-packages/airflow/example_dags/example_subdag_operator.py
[2024-06-12T20:41:05.163+0000] {logging_mixin.py:137} INFO - [2024-06-12T20:41:05.160+0000] {dag.py:2690} INFO - Sync 3 DAGs
[2024-06-12T20:41:05.767+0000] {logging_mixin.py:137} INFO - [2024-06-12T20:41:05.765+0000] {dag.py:3441} INFO - Setting next_dagrun for example_subdag_operator to 2022-01-01T00:00:00+00:00, run_after=2022-01-01T00:00:00+00:00
[2024-06-12T20:41:05.953+0000] {logging_mixin.py:137} INFO - [2024-06-12T20:41:05.952+0000] {dag.py:3441} INFO - Setting next_dagrun for example_subdag_operator.section-1 to None, run_after=None
[2024-06-12T20:41:05.971+0000] {logging_mixin.py:137} INFO - [2024-06-12T20:41:05.971+0000] {dag.py:3441} INFO - Setting next_dagrun for example_subdag_operator.section-2 to None, run_after=None
[2024-06-12T20:41:06.073+0000] {logging_mixin.py:137} INFO - [2024-06-12T20:41:06.073+0000] {dag.py:2690} INFO - Sync 2 DAGs
[2024-06-12T20:41:06.157+0000] {logging_mixin.py:137} INFO - [2024-06-12T20:41:06.157+0000] {dag.py:3441} INFO - Setting next_dagrun for example_subdag_operator.section-1 to None, run_after=None
[2024-06-12T20:41:06.161+0000] {logging_mixin.py:137} INFO - [2024-06-12T20:41:06.161+0000] {dag.py:3441} INFO - Setting next_dagrun for example_subdag_operator.section-2 to None, run_after=None
[2024-06-12T20:41:06.389+0000] {processor.py:175} INFO - Processing /home/airflow/.local/lib/python3.7/site-packages/airflow/example_dags/example_subdag_operator.py took 2.038 seconds
[2024-06-12T20:42:04.747+0000] {processor.py:153} INFO - Started process (PID=3748) to work on /home/airflow/.local/lib/python3.7/site-packages/airflow/example_dags/example_subdag_operator.py
[2024-06-12T20:42:04.754+0000] {processor.py:743} INFO - Processing file /home/airflow/.local/lib/python3.7/site-packages/airflow/example_dags/example_subdag_operator.py for tasks to queue
[2024-06-12T20:42:04.768+0000] {logging_mixin.py:137} INFO - [2024-06-12T20:42:04.768+0000] {dagbag.py:538} INFO - Filling up the DagBag from /home/airflow/.local/lib/python3.7/site-packages/airflow/example_dags/example_subdag_operator.py
[2024-06-12T20:42:05.168+0000] {processor.py:753} INFO - DAG(s) dict_keys(['example_subdag_operator.section-1', 'example_subdag_operator.section-2', 'example_subdag_operator']) retrieved from /home/airflow/.local/lib/python3.7/site-packages/airflow/example_dags/example_subdag_operator.py
[2024-06-12T20:42:05.415+0000] {logging_mixin.py:137} INFO - [2024-06-12T20:42:05.414+0000] {dag.py:2690} INFO - Sync 3 DAGs
[2024-06-12T20:42:05.906+0000] {logging_mixin.py:137} INFO - [2024-06-12T20:42:05.904+0000] {dag.py:3441} INFO - Setting next_dagrun for example_subdag_operator to 2022-01-01T00:00:00+00:00, run_after=2022-01-01T00:00:00+00:00
[2024-06-12T20:42:05.935+0000] {logging_mixin.py:137} INFO - [2024-06-12T20:42:05.935+0000] {dag.py:3441} INFO - Setting next_dagrun for example_subdag_operator.section-1 to None, run_after=None
[2024-06-12T20:42:05.943+0000] {logging_mixin.py:137} INFO - [2024-06-12T20:42:05.941+0000] {dag.py:3441} INFO - Setting next_dagrun for example_subdag_operator.section-2 to None, run_after=None
[2024-06-12T20:42:06.083+0000] {logging_mixin.py:137} INFO - [2024-06-12T20:42:06.082+0000] {dag.py:2690} INFO - Sync 2 DAGs
[2024-06-12T20:42:06.167+0000] {logging_mixin.py:137} INFO - [2024-06-12T20:42:06.166+0000] {dag.py:3441} INFO - Setting next_dagrun for example_subdag_operator.section-1 to None, run_after=None
[2024-06-12T20:42:06.177+0000] {logging_mixin.py:137} INFO - [2024-06-12T20:42:06.177+0000] {dag.py:3441} INFO - Setting next_dagrun for example_subdag_operator.section-2 to None, run_after=None
[2024-06-12T20:42:06.412+0000] {processor.py:175} INFO - Processing /home/airflow/.local/lib/python3.7/site-packages/airflow/example_dags/example_subdag_operator.py took 1.742 seconds
[2024-06-12T20:43:05.077+0000] {processor.py:153} INFO - Started process (PID=3816) to work on /home/airflow/.local/lib/python3.7/site-packages/airflow/example_dags/example_subdag_operator.py
[2024-06-12T20:43:05.082+0000] {processor.py:743} INFO - Processing file /home/airflow/.local/lib/python3.7/site-packages/airflow/example_dags/example_subdag_operator.py for tasks to queue
[2024-06-12T20:43:05.086+0000] {logging_mixin.py:137} INFO - [2024-06-12T20:43:05.086+0000] {dagbag.py:538} INFO - Filling up the DagBag from /home/airflow/.local/lib/python3.7/site-packages/airflow/example_dags/example_subdag_operator.py
[2024-06-12T20:43:05.587+0000] {processor.py:753} INFO - DAG(s) dict_keys(['example_subdag_operator.section-1', 'example_subdag_operator.section-2', 'example_subdag_operator']) retrieved from /home/airflow/.local/lib/python3.7/site-packages/airflow/example_dags/example_subdag_operator.py
[2024-06-12T20:43:05.993+0000] {logging_mixin.py:137} INFO - [2024-06-12T20:43:05.993+0000] {dag.py:2690} INFO - Sync 3 DAGs
[2024-06-12T20:43:06.793+0000] {logging_mixin.py:137} INFO - [2024-06-12T20:43:06.793+0000] {dag.py:3441} INFO - Setting next_dagrun for example_subdag_operator to 2022-01-01T00:00:00+00:00, run_after=2022-01-01T00:00:00+00:00
[2024-06-12T20:43:06.885+0000] {logging_mixin.py:137} INFO - [2024-06-12T20:43:06.885+0000] {dag.py:3441} INFO - Setting next_dagrun for example_subdag_operator.section-1 to None, run_after=None
[2024-06-12T20:43:06.932+0000] {logging_mixin.py:137} INFO - [2024-06-12T20:43:06.903+0000] {dag.py:3441} INFO - Setting next_dagrun for example_subdag_operator.section-2 to None, run_after=None
[2024-06-12T20:43:07.152+0000] {logging_mixin.py:137} INFO - [2024-06-12T20:43:07.151+0000] {dag.py:2690} INFO - Sync 2 DAGs
[2024-06-12T20:43:07.242+0000] {logging_mixin.py:137} INFO - [2024-06-12T20:43:07.241+0000] {dag.py:3441} INFO - Setting next_dagrun for example_subdag_operator.section-1 to None, run_after=None
[2024-06-12T20:43:07.276+0000] {logging_mixin.py:137} INFO - [2024-06-12T20:43:07.250+0000] {dag.py:3441} INFO - Setting next_dagrun for example_subdag_operator.section-2 to None, run_after=None
[2024-06-12T20:43:07.473+0000] {processor.py:175} INFO - Processing /home/airflow/.local/lib/python3.7/site-packages/airflow/example_dags/example_subdag_operator.py took 2.459 seconds
[2024-06-12T20:44:25.100+0000] {processor.py:153} INFO - Started process (PID=3903) to work on /home/airflow/.local/lib/python3.7/site-packages/airflow/example_dags/example_subdag_operator.py
[2024-06-12T20:44:25.117+0000] {processor.py:743} INFO - Processing file /home/airflow/.local/lib/python3.7/site-packages/airflow/example_dags/example_subdag_operator.py for tasks to queue
[2024-06-12T20:44:25.217+0000] {logging_mixin.py:137} INFO - [2024-06-12T20:44:25.217+0000] {dagbag.py:538} INFO - Filling up the DagBag from /home/airflow/.local/lib/python3.7/site-packages/airflow/example_dags/example_subdag_operator.py
[2024-06-12T20:44:25.960+0000] {processor.py:753} INFO - DAG(s) dict_keys(['example_subdag_operator.section-1', 'example_subdag_operator.section-2', 'example_subdag_operator']) retrieved from /home/airflow/.local/lib/python3.7/site-packages/airflow/example_dags/example_subdag_operator.py
[2024-06-12T20:44:26.600+0000] {logging_mixin.py:137} INFO - [2024-06-12T20:44:26.600+0000] {dag.py:2690} INFO - Sync 3 DAGs
[2024-06-12T20:44:27.072+0000] {logging_mixin.py:137} INFO - [2024-06-12T20:44:27.071+0000] {dag.py:3441} INFO - Setting next_dagrun for example_subdag_operator to 2022-01-01T00:00:00+00:00, run_after=2022-01-01T00:00:00+00:00
[2024-06-12T20:44:27.135+0000] {logging_mixin.py:137} INFO - [2024-06-12T20:44:27.134+0000] {dag.py:3441} INFO - Setting next_dagrun for example_subdag_operator.section-1 to None, run_after=None
[2024-06-12T20:44:27.152+0000] {logging_mixin.py:137} INFO - [2024-06-12T20:44:27.152+0000] {dag.py:3441} INFO - Setting next_dagrun for example_subdag_operator.section-2 to None, run_after=None
[2024-06-12T20:44:27.327+0000] {logging_mixin.py:137} INFO - [2024-06-12T20:44:27.327+0000] {dag.py:2690} INFO - Sync 2 DAGs
[2024-06-12T20:44:27.443+0000] {logging_mixin.py:137} INFO - [2024-06-12T20:44:27.442+0000] {dag.py:3441} INFO - Setting next_dagrun for example_subdag_operator.section-1 to None, run_after=None
[2024-06-12T20:44:27.454+0000] {logging_mixin.py:137} INFO - [2024-06-12T20:44:27.452+0000] {dag.py:3441} INFO - Setting next_dagrun for example_subdag_operator.section-2 to None, run_after=None
[2024-06-12T20:44:27.707+0000] {processor.py:175} INFO - Processing /home/airflow/.local/lib/python3.7/site-packages/airflow/example_dags/example_subdag_operator.py took 2.885 seconds
[2024-06-12T20:45:23.118+0000] {processor.py:153} INFO - Started process (PID=3972) to work on /home/airflow/.local/lib/python3.7/site-packages/airflow/example_dags/example_subdag_operator.py
[2024-06-12T20:45:23.153+0000] {processor.py:743} INFO - Processing file /home/airflow/.local/lib/python3.7/site-packages/airflow/example_dags/example_subdag_operator.py for tasks to queue
[2024-06-12T20:45:23.177+0000] {logging_mixin.py:137} INFO - [2024-06-12T20:45:23.176+0000] {dagbag.py:538} INFO - Filling up the DagBag from /home/airflow/.local/lib/python3.7/site-packages/airflow/example_dags/example_subdag_operator.py
[2024-06-12T20:45:23.713+0000] {processor.py:753} INFO - DAG(s) dict_keys(['example_subdag_operator.section-1', 'example_subdag_operator.section-2', 'example_subdag_operator']) retrieved from /home/airflow/.local/lib/python3.7/site-packages/airflow/example_dags/example_subdag_operator.py
[2024-06-12T20:45:24.195+0000] {logging_mixin.py:137} INFO - [2024-06-12T20:45:24.194+0000] {dag.py:2690} INFO - Sync 3 DAGs
[2024-06-12T20:45:25.296+0000] {logging_mixin.py:137} INFO - [2024-06-12T20:45:25.295+0000] {dag.py:3441} INFO - Setting next_dagrun for example_subdag_operator to 2022-01-01T00:00:00+00:00, run_after=2022-01-01T00:00:00+00:00
[2024-06-12T20:45:25.419+0000] {logging_mixin.py:137} INFO - [2024-06-12T20:45:25.418+0000] {dag.py:3441} INFO - Setting next_dagrun for example_subdag_operator.section-1 to None, run_after=None
[2024-06-12T20:45:25.487+0000] {logging_mixin.py:137} INFO - [2024-06-12T20:45:25.487+0000] {dag.py:3441} INFO - Setting next_dagrun for example_subdag_operator.section-2 to None, run_after=None
[2024-06-12T20:45:25.787+0000] {logging_mixin.py:137} INFO - [2024-06-12T20:45:25.786+0000] {dag.py:2690} INFO - Sync 2 DAGs
[2024-06-12T20:45:25.968+0000] {logging_mixin.py:137} INFO - [2024-06-12T20:45:25.967+0000] {dag.py:3441} INFO - Setting next_dagrun for example_subdag_operator.section-1 to None, run_after=None
[2024-06-12T20:45:26.003+0000] {logging_mixin.py:137} INFO - [2024-06-12T20:45:26.002+0000] {dag.py:3441} INFO - Setting next_dagrun for example_subdag_operator.section-2 to None, run_after=None
[2024-06-12T20:45:26.368+0000] {processor.py:175} INFO - Processing /home/airflow/.local/lib/python3.7/site-packages/airflow/example_dags/example_subdag_operator.py took 3.337 seconds
[2024-06-12T20:46:19.468+0000] {processor.py:153} INFO - Started process (PID=4045) to work on /home/airflow/.local/lib/python3.7/site-packages/airflow/example_dags/example_subdag_operator.py
[2024-06-12T20:46:19.499+0000] {processor.py:743} INFO - Processing file /home/airflow/.local/lib/python3.7/site-packages/airflow/example_dags/example_subdag_operator.py for tasks to queue
[2024-06-12T20:46:19.521+0000] {logging_mixin.py:137} INFO - [2024-06-12T20:46:19.520+0000] {dagbag.py:538} INFO - Filling up the DagBag from /home/airflow/.local/lib/python3.7/site-packages/airflow/example_dags/example_subdag_operator.py
[2024-06-12T20:46:20.442+0000] {processor.py:753} INFO - DAG(s) dict_keys(['example_subdag_operator.section-1', 'example_subdag_operator.section-2', 'example_subdag_operator']) retrieved from /home/airflow/.local/lib/python3.7/site-packages/airflow/example_dags/example_subdag_operator.py
[2024-06-12T20:46:20.859+0000] {logging_mixin.py:137} INFO - [2024-06-12T20:46:20.858+0000] {dag.py:2690} INFO - Sync 3 DAGs
[2024-06-12T20:46:21.371+0000] {logging_mixin.py:137} INFO - [2024-06-12T20:46:21.371+0000] {dag.py:3441} INFO - Setting next_dagrun for example_subdag_operator to 2022-01-01T00:00:00+00:00, run_after=2022-01-01T00:00:00+00:00
[2024-06-12T20:46:21.461+0000] {logging_mixin.py:137} INFO - [2024-06-12T20:46:21.460+0000] {dag.py:3441} INFO - Setting next_dagrun for example_subdag_operator.section-1 to None, run_after=None
[2024-06-12T20:46:21.507+0000] {logging_mixin.py:137} INFO - [2024-06-12T20:46:21.495+0000] {dag.py:3441} INFO - Setting next_dagrun for example_subdag_operator.section-2 to None, run_after=None
[2024-06-12T20:46:21.742+0000] {logging_mixin.py:137} INFO - [2024-06-12T20:46:21.741+0000] {dag.py:2690} INFO - Sync 2 DAGs
[2024-06-12T20:46:21.856+0000] {logging_mixin.py:137} INFO - [2024-06-12T20:46:21.855+0000] {dag.py:3441} INFO - Setting next_dagrun for example_subdag_operator.section-1 to None, run_after=None
[2024-06-12T20:46:21.870+0000] {logging_mixin.py:137} INFO - [2024-06-12T20:46:21.869+0000] {dag.py:3441} INFO - Setting next_dagrun for example_subdag_operator.section-2 to None, run_after=None
[2024-06-12T20:46:22.152+0000] {processor.py:175} INFO - Processing /home/airflow/.local/lib/python3.7/site-packages/airflow/example_dags/example_subdag_operator.py took 2.748 seconds
[2024-06-12T20:47:26.973+0000] {processor.py:153} INFO - Started process (PID=4119) to work on /home/airflow/.local/lib/python3.7/site-packages/airflow/example_dags/example_subdag_operator.py
[2024-06-12T20:47:27.003+0000] {processor.py:743} INFO - Processing file /home/airflow/.local/lib/python3.7/site-packages/airflow/example_dags/example_subdag_operator.py for tasks to queue
[2024-06-12T20:47:27.013+0000] {logging_mixin.py:137} INFO - [2024-06-12T20:47:27.013+0000] {dagbag.py:538} INFO - Filling up the DagBag from /home/airflow/.local/lib/python3.7/site-packages/airflow/example_dags/example_subdag_operator.py
[2024-06-12T20:47:28.530+0000] {processor.py:753} INFO - DAG(s) dict_keys(['example_subdag_operator.section-1', 'example_subdag_operator.section-2', 'example_subdag_operator']) retrieved from /home/airflow/.local/lib/python3.7/site-packages/airflow/example_dags/example_subdag_operator.py
[2024-06-12T20:47:29.266+0000] {logging_mixin.py:137} INFO - [2024-06-12T20:47:29.266+0000] {dag.py:2690} INFO - Sync 3 DAGs
[2024-06-12T20:47:30.185+0000] {logging_mixin.py:137} INFO - [2024-06-12T20:47:30.156+0000] {dag.py:3441} INFO - Setting next_dagrun for example_subdag_operator to 2022-01-01T00:00:00+00:00, run_after=2022-01-01T00:00:00+00:00
[2024-06-12T20:47:30.323+0000] {logging_mixin.py:137} INFO - [2024-06-12T20:47:30.301+0000] {dag.py:3441} INFO - Setting next_dagrun for example_subdag_operator.section-1 to None, run_after=None
[2024-06-12T20:47:30.385+0000] {logging_mixin.py:137} INFO - [2024-06-12T20:47:30.384+0000] {dag.py:3441} INFO - Setting next_dagrun for example_subdag_operator.section-2 to None, run_after=None
[2024-06-12T20:47:30.818+0000] {logging_mixin.py:137} INFO - [2024-06-12T20:47:30.818+0000] {dag.py:2690} INFO - Sync 2 DAGs
[2024-06-12T20:47:31.238+0000] {logging_mixin.py:137} INFO - [2024-06-12T20:47:31.237+0000] {dag.py:3441} INFO - Setting next_dagrun for example_subdag_operator.section-1 to None, run_after=None
[2024-06-12T20:47:31.265+0000] {logging_mixin.py:137} INFO - [2024-06-12T20:47:31.265+0000] {dag.py:3441} INFO - Setting next_dagrun for example_subdag_operator.section-2 to None, run_after=None
[2024-06-12T20:47:31.581+0000] {processor.py:175} INFO - Processing /home/airflow/.local/lib/python3.7/site-packages/airflow/example_dags/example_subdag_operator.py took 4.641 seconds
