[2024-06-12T19:43:24.733+0000] {processor.py:153} INFO - Started process (PID=166) to work on /home/airflow/.local/lib/python3.7/site-packages/airflow/example_dags/example_branch_operator_decorator.py
[2024-06-12T19:43:24.892+0000] {processor.py:743} INFO - Processing file /home/airflow/.local/lib/python3.7/site-packages/airflow/example_dags/example_branch_operator_decorator.py for tasks to queue
[2024-06-12T19:43:24.991+0000] {logging_mixin.py:137} INFO - [2024-06-12T19:43:24.991+0000] {dagbag.py:538} INFO - Filling up the DagBag from /home/airflow/.local/lib/python3.7/site-packages/airflow/example_dags/example_branch_operator_decorator.py
[2024-06-12T19:43:25.584+0000] {processor.py:753} INFO - DAG(s) dict_keys(['example_branch_python_operator_decorator']) retrieved from /home/airflow/.local/lib/python3.7/site-packages/airflow/example_dags/example_branch_operator_decorator.py
[2024-06-12T19:43:27.146+0000] {logging_mixin.py:137} INFO - [2024-06-12T19:43:27.146+0000] {dag.py:2690} INFO - Sync 1 DAGs
[2024-06-12T19:43:29.170+0000] {logging_mixin.py:137} INFO - [2024-06-12T19:43:29.170+0000] {dag.py:3441} INFO - Setting next_dagrun for example_branch_python_operator_decorator to 2024-06-11T00:00:00+00:00, run_after=2024-06-12T00:00:00+00:00
[2024-06-12T19:43:30.376+0000] {processor.py:175} INFO - Processing /home/airflow/.local/lib/python3.7/site-packages/airflow/example_dags/example_branch_operator_decorator.py took 5.785 seconds
[2024-06-12T19:45:22.860+0000] {processor.py:153} INFO - Started process (PID=274) to work on /home/airflow/.local/lib/python3.7/site-packages/airflow/example_dags/example_branch_operator_decorator.py
[2024-06-12T19:45:22.921+0000] {processor.py:743} INFO - Processing file /home/airflow/.local/lib/python3.7/site-packages/airflow/example_dags/example_branch_operator_decorator.py for tasks to queue
[2024-06-12T19:45:23.112+0000] {logging_mixin.py:137} INFO - [2024-06-12T19:45:23.112+0000] {dagbag.py:538} INFO - Filling up the DagBag from /home/airflow/.local/lib/python3.7/site-packages/airflow/example_dags/example_branch_operator_decorator.py
[2024-06-12T19:45:25.264+0000] {processor.py:753} INFO - DAG(s) dict_keys(['example_branch_python_operator_decorator']) retrieved from /home/airflow/.local/lib/python3.7/site-packages/airflow/example_dags/example_branch_operator_decorator.py
[2024-06-12T19:45:26.612+0000] {logging_mixin.py:137} INFO - [2024-06-12T19:45:26.612+0000] {dag.py:2690} INFO - Sync 1 DAGs
[2024-06-12T19:45:27.698+0000] {logging_mixin.py:137} INFO - [2024-06-12T19:45:27.698+0000] {dag.py:3441} INFO - Setting next_dagrun for example_branch_python_operator_decorator to 2024-06-11T00:00:00+00:00, run_after=2024-06-12T00:00:00+00:00
[2024-06-12T19:45:28.726+0000] {processor.py:175} INFO - Processing /home/airflow/.local/lib/python3.7/site-packages/airflow/example_dags/example_branch_operator_decorator.py took 5.899 seconds
[2024-06-12T19:47:22.657+0000] {processor.py:153} INFO - Started process (PID=361) to work on /home/airflow/.local/lib/python3.7/site-packages/airflow/example_dags/example_branch_operator_decorator.py
[2024-06-12T19:47:22.691+0000] {processor.py:743} INFO - Processing file /home/airflow/.local/lib/python3.7/site-packages/airflow/example_dags/example_branch_operator_decorator.py for tasks to queue
[2024-06-12T19:47:22.864+0000] {logging_mixin.py:137} INFO - [2024-06-12T19:47:22.776+0000] {dagbag.py:538} INFO - Filling up the DagBag from /home/airflow/.local/lib/python3.7/site-packages/airflow/example_dags/example_branch_operator_decorator.py
[2024-06-12T19:47:23.656+0000] {processor.py:753} INFO - DAG(s) dict_keys(['example_branch_python_operator_decorator']) retrieved from /home/airflow/.local/lib/python3.7/site-packages/airflow/example_dags/example_branch_operator_decorator.py
[2024-06-12T19:47:24.618+0000] {logging_mixin.py:137} INFO - [2024-06-12T19:47:24.618+0000] {dag.py:2690} INFO - Sync 1 DAGs
[2024-06-12T19:47:25.791+0000] {logging_mixin.py:137} INFO - [2024-06-12T19:47:25.789+0000] {dag.py:3441} INFO - Setting next_dagrun for example_branch_python_operator_decorator to 2024-06-11T00:00:00+00:00, run_after=2024-06-12T00:00:00+00:00
[2024-06-12T19:47:26.562+0000] {processor.py:175} INFO - Processing /home/airflow/.local/lib/python3.7/site-packages/airflow/example_dags/example_branch_operator_decorator.py took 4.093 seconds
[2024-06-12T19:48:16.900+0000] {processor.py:153} INFO - Started process (PID=438) to work on /home/airflow/.local/lib/python3.7/site-packages/airflow/example_dags/example_branch_operator_decorator.py
[2024-06-12T19:48:16.919+0000] {processor.py:743} INFO - Processing file /home/airflow/.local/lib/python3.7/site-packages/airflow/example_dags/example_branch_operator_decorator.py for tasks to queue
[2024-06-12T19:48:16.927+0000] {logging_mixin.py:137} INFO - [2024-06-12T19:48:16.927+0000] {dagbag.py:538} INFO - Filling up the DagBag from /home/airflow/.local/lib/python3.7/site-packages/airflow/example_dags/example_branch_operator_decorator.py
[2024-06-12T19:48:17.242+0000] {processor.py:753} INFO - DAG(s) dict_keys(['example_branch_python_operator_decorator']) retrieved from /home/airflow/.local/lib/python3.7/site-packages/airflow/example_dags/example_branch_operator_decorator.py
[2024-06-12T19:48:17.488+0000] {logging_mixin.py:137} INFO - [2024-06-12T19:48:17.488+0000] {dag.py:2690} INFO - Sync 1 DAGs
[2024-06-12T19:48:18.031+0000] {logging_mixin.py:137} INFO - [2024-06-12T19:48:18.030+0000] {dag.py:3441} INFO - Setting next_dagrun for example_branch_python_operator_decorator to 2024-06-11T00:00:00+00:00, run_after=2024-06-12T00:00:00+00:00
[2024-06-12T19:48:18.272+0000] {processor.py:175} INFO - Processing /home/airflow/.local/lib/python3.7/site-packages/airflow/example_dags/example_branch_operator_decorator.py took 1.398 seconds
[2024-06-12T19:48:48.725+0000] {processor.py:153} INFO - Started process (PID=493) to work on /home/airflow/.local/lib/python3.7/site-packages/airflow/example_dags/example_branch_operator_decorator.py
[2024-06-12T19:48:48.738+0000] {processor.py:743} INFO - Processing file /home/airflow/.local/lib/python3.7/site-packages/airflow/example_dags/example_branch_operator_decorator.py for tasks to queue
[2024-06-12T19:48:48.753+0000] {logging_mixin.py:137} INFO - [2024-06-12T19:48:48.752+0000] {dagbag.py:538} INFO - Filling up the DagBag from /home/airflow/.local/lib/python3.7/site-packages/airflow/example_dags/example_branch_operator_decorator.py
[2024-06-12T19:48:48.905+0000] {processor.py:753} INFO - DAG(s) dict_keys(['example_branch_python_operator_decorator']) retrieved from /home/airflow/.local/lib/python3.7/site-packages/airflow/example_dags/example_branch_operator_decorator.py
[2024-06-12T19:48:48.989+0000] {logging_mixin.py:137} INFO - [2024-06-12T19:48:48.989+0000] {dag.py:2690} INFO - Sync 1 DAGs
[2024-06-12T19:48:49.081+0000] {logging_mixin.py:137} INFO - [2024-06-12T19:48:49.080+0000] {dag.py:3441} INFO - Setting next_dagrun for example_branch_python_operator_decorator to 2024-06-11T00:00:00+00:00, run_after=2024-06-12T00:00:00+00:00
[2024-06-12T19:48:49.154+0000] {processor.py:175} INFO - Processing /home/airflow/.local/lib/python3.7/site-packages/airflow/example_dags/example_branch_operator_decorator.py took 0.450 seconds
[2024-06-12T19:49:24.242+0000] {processor.py:153} INFO - Started process (PID=557) to work on /home/airflow/.local/lib/python3.7/site-packages/airflow/example_dags/example_branch_operator_decorator.py
[2024-06-12T19:49:24.243+0000] {processor.py:743} INFO - Processing file /home/airflow/.local/lib/python3.7/site-packages/airflow/example_dags/example_branch_operator_decorator.py for tasks to queue
[2024-06-12T19:49:24.264+0000] {logging_mixin.py:137} INFO - [2024-06-12T19:49:24.264+0000] {dagbag.py:538} INFO - Filling up the DagBag from /home/airflow/.local/lib/python3.7/site-packages/airflow/example_dags/example_branch_operator_decorator.py
[2024-06-12T19:49:24.531+0000] {processor.py:753} INFO - DAG(s) dict_keys(['example_branch_python_operator_decorator']) retrieved from /home/airflow/.local/lib/python3.7/site-packages/airflow/example_dags/example_branch_operator_decorator.py
[2024-06-12T19:49:24.747+0000] {logging_mixin.py:137} INFO - [2024-06-12T19:49:24.746+0000] {dag.py:2690} INFO - Sync 1 DAGs
[2024-06-12T19:49:25.042+0000] {logging_mixin.py:137} INFO - [2024-06-12T19:49:25.042+0000] {dag.py:3441} INFO - Setting next_dagrun for example_branch_python_operator_decorator to 2024-06-11T00:00:00+00:00, run_after=2024-06-12T00:00:00+00:00
[2024-06-12T19:49:25.216+0000] {processor.py:175} INFO - Processing /home/airflow/.local/lib/python3.7/site-packages/airflow/example_dags/example_branch_operator_decorator.py took 1.011 seconds
[2024-06-12T19:49:56.719+0000] {processor.py:153} INFO - Started process (PID=618) to work on /home/airflow/.local/lib/python3.7/site-packages/airflow/example_dags/example_branch_operator_decorator.py
[2024-06-12T19:49:56.738+0000] {processor.py:743} INFO - Processing file /home/airflow/.local/lib/python3.7/site-packages/airflow/example_dags/example_branch_operator_decorator.py for tasks to queue
[2024-06-12T19:49:56.758+0000] {logging_mixin.py:137} INFO - [2024-06-12T19:49:56.741+0000] {dagbag.py:538} INFO - Filling up the DagBag from /home/airflow/.local/lib/python3.7/site-packages/airflow/example_dags/example_branch_operator_decorator.py
[2024-06-12T19:49:57.142+0000] {processor.py:753} INFO - DAG(s) dict_keys(['example_branch_python_operator_decorator']) retrieved from /home/airflow/.local/lib/python3.7/site-packages/airflow/example_dags/example_branch_operator_decorator.py
[2024-06-12T19:49:57.371+0000] {logging_mixin.py:137} INFO - [2024-06-12T19:49:57.370+0000] {dag.py:2690} INFO - Sync 1 DAGs
[2024-06-12T19:49:57.611+0000] {logging_mixin.py:137} INFO - [2024-06-12T19:49:57.611+0000] {dag.py:3441} INFO - Setting next_dagrun for example_branch_python_operator_decorator to 2024-06-11T00:00:00+00:00, run_after=2024-06-12T00:00:00+00:00
[2024-06-12T19:49:57.758+0000] {processor.py:175} INFO - Processing /home/airflow/.local/lib/python3.7/site-packages/airflow/example_dags/example_branch_operator_decorator.py took 1.060 seconds
[2024-06-12T19:50:59.558+0000] {processor.py:153} INFO - Started process (PID=689) to work on /home/airflow/.local/lib/python3.7/site-packages/airflow/example_dags/example_branch_operator_decorator.py
[2024-06-12T19:50:59.561+0000] {processor.py:743} INFO - Processing file /home/airflow/.local/lib/python3.7/site-packages/airflow/example_dags/example_branch_operator_decorator.py for tasks to queue
[2024-06-12T19:50:59.594+0000] {logging_mixin.py:137} INFO - [2024-06-12T19:50:59.593+0000] {dagbag.py:538} INFO - Filling up the DagBag from /home/airflow/.local/lib/python3.7/site-packages/airflow/example_dags/example_branch_operator_decorator.py
[2024-06-12T19:51:00.672+0000] {processor.py:753} INFO - DAG(s) dict_keys(['example_branch_python_operator_decorator']) retrieved from /home/airflow/.local/lib/python3.7/site-packages/airflow/example_dags/example_branch_operator_decorator.py
[2024-06-12T19:51:01.407+0000] {logging_mixin.py:137} INFO - [2024-06-12T19:51:01.407+0000] {dag.py:2690} INFO - Sync 1 DAGs
[2024-06-12T19:51:01.898+0000] {logging_mixin.py:137} INFO - [2024-06-12T19:51:01.898+0000] {dag.py:3441} INFO - Setting next_dagrun for example_branch_python_operator_decorator to 2024-06-11T00:00:00+00:00, run_after=2024-06-12T00:00:00+00:00
[2024-06-12T19:51:02.306+0000] {processor.py:175} INFO - Processing /home/airflow/.local/lib/python3.7/site-packages/airflow/example_dags/example_branch_operator_decorator.py took 2.813 seconds
[2024-06-12T19:52:04.063+0000] {processor.py:153} INFO - Started process (PID=772) to work on /home/airflow/.local/lib/python3.7/site-packages/airflow/example_dags/example_branch_operator_decorator.py
[2024-06-12T19:52:04.068+0000] {processor.py:743} INFO - Processing file /home/airflow/.local/lib/python3.7/site-packages/airflow/example_dags/example_branch_operator_decorator.py for tasks to queue
[2024-06-12T19:52:04.072+0000] {logging_mixin.py:137} INFO - [2024-06-12T19:52:04.071+0000] {dagbag.py:538} INFO - Filling up the DagBag from /home/airflow/.local/lib/python3.7/site-packages/airflow/example_dags/example_branch_operator_decorator.py
[2024-06-12T19:52:04.274+0000] {processor.py:753} INFO - DAG(s) dict_keys(['example_branch_python_operator_decorator']) retrieved from /home/airflow/.local/lib/python3.7/site-packages/airflow/example_dags/example_branch_operator_decorator.py
[2024-06-12T19:52:04.410+0000] {logging_mixin.py:137} INFO - [2024-06-12T19:52:04.410+0000] {dag.py:2690} INFO - Sync 1 DAGs
[2024-06-12T19:52:04.578+0000] {logging_mixin.py:137} INFO - [2024-06-12T19:52:04.578+0000] {dag.py:3441} INFO - Setting next_dagrun for example_branch_python_operator_decorator to 2024-06-11T00:00:00+00:00, run_after=2024-06-12T00:00:00+00:00
[2024-06-12T19:52:05.007+0000] {processor.py:175} INFO - Processing /home/airflow/.local/lib/python3.7/site-packages/airflow/example_dags/example_branch_operator_decorator.py took 1.040 seconds
[2024-06-12T19:52:52.143+0000] {processor.py:153} INFO - Started process (PID=834) to work on /home/airflow/.local/lib/python3.7/site-packages/airflow/example_dags/example_branch_operator_decorator.py
[2024-06-12T19:52:52.171+0000] {processor.py:743} INFO - Processing file /home/airflow/.local/lib/python3.7/site-packages/airflow/example_dags/example_branch_operator_decorator.py for tasks to queue
[2024-06-12T19:52:52.188+0000] {logging_mixin.py:137} INFO - [2024-06-12T19:52:52.187+0000] {dagbag.py:538} INFO - Filling up the DagBag from /home/airflow/.local/lib/python3.7/site-packages/airflow/example_dags/example_branch_operator_decorator.py
[2024-06-12T19:52:52.445+0000] {processor.py:753} INFO - DAG(s) dict_keys(['example_branch_python_operator_decorator']) retrieved from /home/airflow/.local/lib/python3.7/site-packages/airflow/example_dags/example_branch_operator_decorator.py
[2024-06-12T19:52:52.695+0000] {logging_mixin.py:137} INFO - [2024-06-12T19:52:52.695+0000] {dag.py:2690} INFO - Sync 1 DAGs
[2024-06-12T19:52:52.980+0000] {logging_mixin.py:137} INFO - [2024-06-12T19:52:52.980+0000] {dag.py:3441} INFO - Setting next_dagrun for example_branch_python_operator_decorator to 2024-06-11T00:00:00+00:00, run_after=2024-06-12T00:00:00+00:00
[2024-06-12T19:52:53.089+0000] {processor.py:175} INFO - Processing /home/airflow/.local/lib/python3.7/site-packages/airflow/example_dags/example_branch_operator_decorator.py took 0.997 seconds
[2024-06-12T19:53:34.723+0000] {processor.py:153} INFO - Started process (PID=897) to work on /home/airflow/.local/lib/python3.7/site-packages/airflow/example_dags/example_branch_operator_decorator.py
[2024-06-12T19:53:34.729+0000] {processor.py:743} INFO - Processing file /home/airflow/.local/lib/python3.7/site-packages/airflow/example_dags/example_branch_operator_decorator.py for tasks to queue
[2024-06-12T19:53:34.733+0000] {logging_mixin.py:137} INFO - [2024-06-12T19:53:34.732+0000] {dagbag.py:538} INFO - Filling up the DagBag from /home/airflow/.local/lib/python3.7/site-packages/airflow/example_dags/example_branch_operator_decorator.py
[2024-06-12T19:53:35.026+0000] {processor.py:753} INFO - DAG(s) dict_keys(['example_branch_python_operator_decorator']) retrieved from /home/airflow/.local/lib/python3.7/site-packages/airflow/example_dags/example_branch_operator_decorator.py
[2024-06-12T19:53:35.248+0000] {logging_mixin.py:137} INFO - [2024-06-12T19:53:35.248+0000] {dag.py:2690} INFO - Sync 1 DAGs
[2024-06-12T19:53:35.499+0000] {logging_mixin.py:137} INFO - [2024-06-12T19:53:35.498+0000] {dag.py:3441} INFO - Setting next_dagrun for example_branch_python_operator_decorator to 2024-06-11T00:00:00+00:00, run_after=2024-06-12T00:00:00+00:00
[2024-06-12T19:53:35.596+0000] {processor.py:175} INFO - Processing /home/airflow/.local/lib/python3.7/site-packages/airflow/example_dags/example_branch_operator_decorator.py took 0.907 seconds
[2024-06-12T19:54:07.517+0000] {processor.py:153} INFO - Started process (PID=960) to work on /home/airflow/.local/lib/python3.7/site-packages/airflow/example_dags/example_branch_operator_decorator.py
[2024-06-12T19:54:07.564+0000] {processor.py:743} INFO - Processing file /home/airflow/.local/lib/python3.7/site-packages/airflow/example_dags/example_branch_operator_decorator.py for tasks to queue
[2024-06-12T19:54:07.610+0000] {logging_mixin.py:137} INFO - [2024-06-12T19:54:07.609+0000] {dagbag.py:538} INFO - Filling up the DagBag from /home/airflow/.local/lib/python3.7/site-packages/airflow/example_dags/example_branch_operator_decorator.py
[2024-06-12T19:54:07.997+0000] {processor.py:753} INFO - DAG(s) dict_keys(['example_branch_python_operator_decorator']) retrieved from /home/airflow/.local/lib/python3.7/site-packages/airflow/example_dags/example_branch_operator_decorator.py
[2024-06-12T19:54:08.497+0000] {logging_mixin.py:137} INFO - [2024-06-12T19:54:08.497+0000] {dag.py:2690} INFO - Sync 1 DAGs
[2024-06-12T19:54:09.024+0000] {logging_mixin.py:137} INFO - [2024-06-12T19:54:09.020+0000] {dag.py:3441} INFO - Setting next_dagrun for example_branch_python_operator_decorator to 2024-06-11T00:00:00+00:00, run_after=2024-06-12T00:00:00+00:00
[2024-06-12T19:54:09.418+0000] {processor.py:175} INFO - Processing /home/airflow/.local/lib/python3.7/site-packages/airflow/example_dags/example_branch_operator_decorator.py took 2.016 seconds
[2024-06-12T19:55:00.429+0000] {processor.py:153} INFO - Started process (PID=1020) to work on /home/airflow/.local/lib/python3.7/site-packages/airflow/example_dags/example_branch_operator_decorator.py
[2024-06-12T19:55:00.431+0000] {processor.py:743} INFO - Processing file /home/airflow/.local/lib/python3.7/site-packages/airflow/example_dags/example_branch_operator_decorator.py for tasks to queue
[2024-06-12T19:55:00.435+0000] {logging_mixin.py:137} INFO - [2024-06-12T19:55:00.435+0000] {dagbag.py:538} INFO - Filling up the DagBag from /home/airflow/.local/lib/python3.7/site-packages/airflow/example_dags/example_branch_operator_decorator.py
[2024-06-12T19:55:00.770+0000] {processor.py:753} INFO - DAG(s) dict_keys(['example_branch_python_operator_decorator']) retrieved from /home/airflow/.local/lib/python3.7/site-packages/airflow/example_dags/example_branch_operator_decorator.py
[2024-06-12T19:55:00.977+0000] {logging_mixin.py:137} INFO - [2024-06-12T19:55:00.977+0000] {dag.py:2690} INFO - Sync 1 DAGs
[2024-06-12T19:55:01.383+0000] {logging_mixin.py:137} INFO - [2024-06-12T19:55:01.382+0000] {dag.py:3441} INFO - Setting next_dagrun for example_branch_python_operator_decorator to 2024-06-11T00:00:00+00:00, run_after=2024-06-12T00:00:00+00:00
[2024-06-12T19:55:01.743+0000] {processor.py:175} INFO - Processing /home/airflow/.local/lib/python3.7/site-packages/airflow/example_dags/example_branch_operator_decorator.py took 1.343 seconds
[2024-06-12T19:55:55.465+0000] {processor.py:153} INFO - Started process (PID=1094) to work on /home/airflow/.local/lib/python3.7/site-packages/airflow/example_dags/example_branch_operator_decorator.py
[2024-06-12T19:55:55.550+0000] {processor.py:743} INFO - Processing file /home/airflow/.local/lib/python3.7/site-packages/airflow/example_dags/example_branch_operator_decorator.py for tasks to queue
[2024-06-12T19:55:55.562+0000] {logging_mixin.py:137} INFO - [2024-06-12T19:55:55.561+0000] {dagbag.py:538} INFO - Filling up the DagBag from /home/airflow/.local/lib/python3.7/site-packages/airflow/example_dags/example_branch_operator_decorator.py
[2024-06-12T19:55:55.918+0000] {processor.py:753} INFO - DAG(s) dict_keys(['example_branch_python_operator_decorator']) retrieved from /home/airflow/.local/lib/python3.7/site-packages/airflow/example_dags/example_branch_operator_decorator.py
[2024-06-12T19:55:56.282+0000] {logging_mixin.py:137} INFO - [2024-06-12T19:55:56.281+0000] {dag.py:2690} INFO - Sync 1 DAGs
[2024-06-12T19:55:56.775+0000] {logging_mixin.py:137} INFO - [2024-06-12T19:55:56.744+0000] {dag.py:3441} INFO - Setting next_dagrun for example_branch_python_operator_decorator to 2024-06-11T00:00:00+00:00, run_after=2024-06-12T00:00:00+00:00
[2024-06-12T19:55:57.325+0000] {processor.py:175} INFO - Processing /home/airflow/.local/lib/python3.7/site-packages/airflow/example_dags/example_branch_operator_decorator.py took 1.916 seconds
[2024-06-12T19:56:27.839+0000] {processor.py:153} INFO - Started process (PID=1159) to work on /home/airflow/.local/lib/python3.7/site-packages/airflow/example_dags/example_branch_operator_decorator.py
[2024-06-12T19:56:27.853+0000] {processor.py:743} INFO - Processing file /home/airflow/.local/lib/python3.7/site-packages/airflow/example_dags/example_branch_operator_decorator.py for tasks to queue
[2024-06-12T19:56:27.857+0000] {logging_mixin.py:137} INFO - [2024-06-12T19:56:27.857+0000] {dagbag.py:538} INFO - Filling up the DagBag from /home/airflow/.local/lib/python3.7/site-packages/airflow/example_dags/example_branch_operator_decorator.py
[2024-06-12T19:56:28.189+0000] {processor.py:753} INFO - DAG(s) dict_keys(['example_branch_python_operator_decorator']) retrieved from /home/airflow/.local/lib/python3.7/site-packages/airflow/example_dags/example_branch_operator_decorator.py
[2024-06-12T19:56:28.281+0000] {logging_mixin.py:137} INFO - [2024-06-12T19:56:28.281+0000] {dag.py:2690} INFO - Sync 1 DAGs
[2024-06-12T19:56:28.389+0000] {logging_mixin.py:137} INFO - [2024-06-12T19:56:28.387+0000] {dag.py:3441} INFO - Setting next_dagrun for example_branch_python_operator_decorator to 2024-06-11T00:00:00+00:00, run_after=2024-06-12T00:00:00+00:00
[2024-06-12T19:56:28.475+0000] {processor.py:175} INFO - Processing /home/airflow/.local/lib/python3.7/site-packages/airflow/example_dags/example_branch_operator_decorator.py took 0.662 seconds
[2024-06-12T19:57:16.405+0000] {processor.py:153} INFO - Started process (PID=1212) to work on /home/airflow/.local/lib/python3.7/site-packages/airflow/example_dags/example_branch_operator_decorator.py
[2024-06-12T19:57:16.419+0000] {processor.py:743} INFO - Processing file /home/airflow/.local/lib/python3.7/site-packages/airflow/example_dags/example_branch_operator_decorator.py for tasks to queue
[2024-06-12T19:57:16.471+0000] {logging_mixin.py:137} INFO - [2024-06-12T19:57:16.471+0000] {dagbag.py:538} INFO - Filling up the DagBag from /home/airflow/.local/lib/python3.7/site-packages/airflow/example_dags/example_branch_operator_decorator.py
[2024-06-12T19:57:17.328+0000] {processor.py:753} INFO - DAG(s) dict_keys(['example_branch_python_operator_decorator']) retrieved from /home/airflow/.local/lib/python3.7/site-packages/airflow/example_dags/example_branch_operator_decorator.py
[2024-06-12T19:57:18.068+0000] {logging_mixin.py:137} INFO - [2024-06-12T19:57:18.068+0000] {dag.py:2690} INFO - Sync 1 DAGs
[2024-06-12T19:57:18.809+0000] {logging_mixin.py:137} INFO - [2024-06-12T19:57:18.808+0000] {dag.py:3441} INFO - Setting next_dagrun for example_branch_python_operator_decorator to 2024-06-11T00:00:00+00:00, run_after=2024-06-12T00:00:00+00:00
[2024-06-12T19:57:19.528+0000] {processor.py:175} INFO - Processing /home/airflow/.local/lib/python3.7/site-packages/airflow/example_dags/example_branch_operator_decorator.py took 3.204 seconds
[2024-06-12T19:59:20.808+0000] {processor.py:153} INFO - Started process (PID=1315) to work on /home/airflow/.local/lib/python3.7/site-packages/airflow/example_dags/example_branch_operator_decorator.py
[2024-06-12T19:59:20.839+0000] {processor.py:743} INFO - Processing file /home/airflow/.local/lib/python3.7/site-packages/airflow/example_dags/example_branch_operator_decorator.py for tasks to queue
[2024-06-12T19:59:20.936+0000] {logging_mixin.py:137} INFO - [2024-06-12T19:59:20.936+0000] {dagbag.py:538} INFO - Filling up the DagBag from /home/airflow/.local/lib/python3.7/site-packages/airflow/example_dags/example_branch_operator_decorator.py
[2024-06-12T19:59:22.521+0000] {processor.py:753} INFO - DAG(s) dict_keys(['example_branch_python_operator_decorator']) retrieved from /home/airflow/.local/lib/python3.7/site-packages/airflow/example_dags/example_branch_operator_decorator.py
[2024-06-12T19:59:23.584+0000] {logging_mixin.py:137} INFO - [2024-06-12T19:59:23.583+0000] {dag.py:2690} INFO - Sync 1 DAGs
[2024-06-12T19:59:25.636+0000] {logging_mixin.py:137} INFO - [2024-06-12T19:59:25.636+0000] {dag.py:3441} INFO - Setting next_dagrun for example_branch_python_operator_decorator to 2024-06-11T00:00:00+00:00, run_after=2024-06-12T00:00:00+00:00
[2024-06-12T19:59:26.824+0000] {processor.py:175} INFO - Processing /home/airflow/.local/lib/python3.7/site-packages/airflow/example_dags/example_branch_operator_decorator.py took 6.095 seconds
[2024-06-12T20:01:36.986+0000] {processor.py:153} INFO - Started process (PID=1417) to work on /home/airflow/.local/lib/python3.7/site-packages/airflow/example_dags/example_branch_operator_decorator.py
[2024-06-12T20:01:37.083+0000] {processor.py:743} INFO - Processing file /home/airflow/.local/lib/python3.7/site-packages/airflow/example_dags/example_branch_operator_decorator.py for tasks to queue
[2024-06-12T20:01:37.278+0000] {logging_mixin.py:137} INFO - [2024-06-12T20:01:37.278+0000] {dagbag.py:538} INFO - Filling up the DagBag from /home/airflow/.local/lib/python3.7/site-packages/airflow/example_dags/example_branch_operator_decorator.py
[2024-06-12T20:01:38.542+0000] {processor.py:753} INFO - DAG(s) dict_keys(['example_branch_python_operator_decorator']) retrieved from /home/airflow/.local/lib/python3.7/site-packages/airflow/example_dags/example_branch_operator_decorator.py
[2024-06-12T20:01:40.748+0000] {logging_mixin.py:137} INFO - [2024-06-12T20:01:40.747+0000] {dag.py:2690} INFO - Sync 1 DAGs
[2024-06-12T20:01:42.159+0000] {logging_mixin.py:137} INFO - [2024-06-12T20:01:42.158+0000] {dag.py:3441} INFO - Setting next_dagrun for example_branch_python_operator_decorator to 2024-06-11T00:00:00+00:00, run_after=2024-06-12T00:00:00+00:00
[2024-06-12T20:01:44.659+0000] {processor.py:175} INFO - Processing /home/airflow/.local/lib/python3.7/site-packages/airflow/example_dags/example_branch_operator_decorator.py took 7.838 seconds
[2024-06-12T20:04:16.372+0000] {processor.py:153} INFO - Started process (PID=1540) to work on /home/airflow/.local/lib/python3.7/site-packages/airflow/example_dags/example_branch_operator_decorator.py
[2024-06-12T20:04:16.595+0000] {processor.py:743} INFO - Processing file /home/airflow/.local/lib/python3.7/site-packages/airflow/example_dags/example_branch_operator_decorator.py for tasks to queue
[2024-06-12T20:04:16.943+0000] {logging_mixin.py:137} INFO - [2024-06-12T20:04:16.943+0000] {dagbag.py:538} INFO - Filling up the DagBag from /home/airflow/.local/lib/python3.7/site-packages/airflow/example_dags/example_branch_operator_decorator.py
[2024-06-12T20:04:19.004+0000] {processor.py:753} INFO - DAG(s) dict_keys(['example_branch_python_operator_decorator']) retrieved from /home/airflow/.local/lib/python3.7/site-packages/airflow/example_dags/example_branch_operator_decorator.py
[2024-06-12T20:04:20.131+0000] {logging_mixin.py:137} INFO - [2024-06-12T20:04:20.130+0000] {dag.py:2690} INFO - Sync 1 DAGs
[2024-06-12T20:04:22.220+0000] {logging_mixin.py:137} INFO - [2024-06-12T20:04:22.220+0000] {dag.py:3441} INFO - Setting next_dagrun for example_branch_python_operator_decorator to 2024-06-11T00:00:00+00:00, run_after=2024-06-12T00:00:00+00:00
[2024-06-12T20:04:23.904+0000] {processor.py:175} INFO - Processing /home/airflow/.local/lib/python3.7/site-packages/airflow/example_dags/example_branch_operator_decorator.py took 7.780 seconds
[2024-06-12T20:07:04.510+0000] {processor.py:153} INFO - Started process (PID=1661) to work on /home/airflow/.local/lib/python3.7/site-packages/airflow/example_dags/example_branch_operator_decorator.py
[2024-06-12T20:07:04.556+0000] {processor.py:743} INFO - Processing file /home/airflow/.local/lib/python3.7/site-packages/airflow/example_dags/example_branch_operator_decorator.py for tasks to queue
[2024-06-12T20:07:04.588+0000] {logging_mixin.py:137} INFO - [2024-06-12T20:07:04.588+0000] {dagbag.py:538} INFO - Filling up the DagBag from /home/airflow/.local/lib/python3.7/site-packages/airflow/example_dags/example_branch_operator_decorator.py
[2024-06-12T20:07:06.129+0000] {processor.py:753} INFO - DAG(s) dict_keys(['example_branch_python_operator_decorator']) retrieved from /home/airflow/.local/lib/python3.7/site-packages/airflow/example_dags/example_branch_operator_decorator.py
[2024-06-12T20:07:08.447+0000] {logging_mixin.py:137} INFO - [2024-06-12T20:07:08.447+0000] {dag.py:2690} INFO - Sync 1 DAGs
[2024-06-12T20:07:10.673+0000] {logging_mixin.py:137} INFO - [2024-06-12T20:07:10.673+0000] {dag.py:3441} INFO - Setting next_dagrun for example_branch_python_operator_decorator to 2024-06-11T00:00:00+00:00, run_after=2024-06-12T00:00:00+00:00
[2024-06-12T20:07:11.623+0000] {processor.py:175} INFO - Processing /home/airflow/.local/lib/python3.7/site-packages/airflow/example_dags/example_branch_operator_decorator.py took 7.203 seconds
[2024-06-12T20:10:24.773+0000] {processor.py:153} INFO - Started process (PID=1810) to work on /home/airflow/.local/lib/python3.7/site-packages/airflow/example_dags/example_branch_operator_decorator.py
[2024-06-12T20:10:24.850+0000] {processor.py:743} INFO - Processing file /home/airflow/.local/lib/python3.7/site-packages/airflow/example_dags/example_branch_operator_decorator.py for tasks to queue
[2024-06-12T20:10:24.880+0000] {logging_mixin.py:137} INFO - [2024-06-12T20:10:24.880+0000] {dagbag.py:538} INFO - Filling up the DagBag from /home/airflow/.local/lib/python3.7/site-packages/airflow/example_dags/example_branch_operator_decorator.py
[2024-06-12T20:10:27.199+0000] {processor.py:753} INFO - DAG(s) dict_keys(['example_branch_python_operator_decorator']) retrieved from /home/airflow/.local/lib/python3.7/site-packages/airflow/example_dags/example_branch_operator_decorator.py
[2024-06-12T20:10:29.004+0000] {logging_mixin.py:137} INFO - [2024-06-12T20:10:28.970+0000] {dag.py:2690} INFO - Sync 1 DAGs
[2024-06-12T20:10:31.420+0000] {logging_mixin.py:137} INFO - [2024-06-12T20:10:31.418+0000] {dag.py:3441} INFO - Setting next_dagrun for example_branch_python_operator_decorator to 2024-06-11T00:00:00+00:00, run_after=2024-06-12T00:00:00+00:00
[2024-06-12T20:10:32.606+0000] {processor.py:175} INFO - Processing /home/airflow/.local/lib/python3.7/site-packages/airflow/example_dags/example_branch_operator_decorator.py took 7.841 seconds
[2024-06-12T20:13:07.794+0000] {processor.py:153} INFO - Started process (PID=1934) to work on /home/airflow/.local/lib/python3.7/site-packages/airflow/example_dags/example_branch_operator_decorator.py
[2024-06-12T20:13:07.916+0000] {processor.py:743} INFO - Processing file /home/airflow/.local/lib/python3.7/site-packages/airflow/example_dags/example_branch_operator_decorator.py for tasks to queue
[2024-06-12T20:13:08.022+0000] {logging_mixin.py:137} INFO - [2024-06-12T20:13:08.014+0000] {dagbag.py:538} INFO - Filling up the DagBag from /home/airflow/.local/lib/python3.7/site-packages/airflow/example_dags/example_branch_operator_decorator.py
[2024-06-12T20:13:09.868+0000] {processor.py:753} INFO - DAG(s) dict_keys(['example_branch_python_operator_decorator']) retrieved from /home/airflow/.local/lib/python3.7/site-packages/airflow/example_dags/example_branch_operator_decorator.py
[2024-06-12T20:13:11.009+0000] {logging_mixin.py:137} INFO - [2024-06-12T20:13:11.008+0000] {dag.py:2690} INFO - Sync 1 DAGs
[2024-06-12T20:13:11.959+0000] {logging_mixin.py:137} INFO - [2024-06-12T20:13:11.959+0000] {dag.py:3441} INFO - Setting next_dagrun for example_branch_python_operator_decorator to 2024-06-11T00:00:00+00:00, run_after=2024-06-12T00:00:00+00:00
[2024-06-12T20:13:13.048+0000] {processor.py:175} INFO - Processing /home/airflow/.local/lib/python3.7/site-packages/airflow/example_dags/example_branch_operator_decorator.py took 5.308 seconds
[2024-06-12T20:14:19.467+0000] {processor.py:153} INFO - Started process (PID=2018) to work on /home/airflow/.local/lib/python3.7/site-packages/airflow/example_dags/example_branch_operator_decorator.py
[2024-06-12T20:14:19.521+0000] {processor.py:743} INFO - Processing file /home/airflow/.local/lib/python3.7/site-packages/airflow/example_dags/example_branch_operator_decorator.py for tasks to queue
[2024-06-12T20:14:19.541+0000] {logging_mixin.py:137} INFO - [2024-06-12T20:14:19.541+0000] {dagbag.py:538} INFO - Filling up the DagBag from /home/airflow/.local/lib/python3.7/site-packages/airflow/example_dags/example_branch_operator_decorator.py
[2024-06-12T20:14:20.260+0000] {processor.py:753} INFO - DAG(s) dict_keys(['example_branch_python_operator_decorator']) retrieved from /home/airflow/.local/lib/python3.7/site-packages/airflow/example_dags/example_branch_operator_decorator.py
[2024-06-12T20:14:20.998+0000] {logging_mixin.py:137} INFO - [2024-06-12T20:14:20.998+0000] {dag.py:2690} INFO - Sync 1 DAGs
[2024-06-12T20:14:21.865+0000] {logging_mixin.py:137} INFO - [2024-06-12T20:14:21.865+0000] {dag.py:3441} INFO - Setting next_dagrun for example_branch_python_operator_decorator to 2024-06-11T00:00:00+00:00, run_after=2024-06-12T00:00:00+00:00
[2024-06-12T20:14:22.764+0000] {processor.py:175} INFO - Processing /home/airflow/.local/lib/python3.7/site-packages/airflow/example_dags/example_branch_operator_decorator.py took 3.438 seconds
[2024-06-12T20:15:50.140+0000] {processor.py:153} INFO - Started process (PID=2115) to work on /home/airflow/.local/lib/python3.7/site-packages/airflow/example_dags/example_branch_operator_decorator.py
[2024-06-12T20:15:50.177+0000] {processor.py:743} INFO - Processing file /home/airflow/.local/lib/python3.7/site-packages/airflow/example_dags/example_branch_operator_decorator.py for tasks to queue
[2024-06-12T20:15:50.184+0000] {logging_mixin.py:137} INFO - [2024-06-12T20:15:50.184+0000] {dagbag.py:538} INFO - Filling up the DagBag from /home/airflow/.local/lib/python3.7/site-packages/airflow/example_dags/example_branch_operator_decorator.py
[2024-06-12T20:15:50.770+0000] {processor.py:753} INFO - DAG(s) dict_keys(['example_branch_python_operator_decorator']) retrieved from /home/airflow/.local/lib/python3.7/site-packages/airflow/example_dags/example_branch_operator_decorator.py
[2024-06-12T20:15:51.512+0000] {logging_mixin.py:137} INFO - [2024-06-12T20:15:51.511+0000] {dag.py:2690} INFO - Sync 1 DAGs
[2024-06-12T20:15:52.464+0000] {logging_mixin.py:137} INFO - [2024-06-12T20:15:52.463+0000] {dag.py:3441} INFO - Setting next_dagrun for example_branch_python_operator_decorator to 2024-06-11T00:00:00+00:00, run_after=2024-06-12T00:00:00+00:00
[2024-06-12T20:15:52.730+0000] {processor.py:175} INFO - Processing /home/airflow/.local/lib/python3.7/site-packages/airflow/example_dags/example_branch_operator_decorator.py took 2.611 seconds
[2024-06-12T20:16:46.458+0000] {processor.py:153} INFO - Started process (PID=2188) to work on /home/airflow/.local/lib/python3.7/site-packages/airflow/example_dags/example_branch_operator_decorator.py
[2024-06-12T20:16:46.471+0000] {processor.py:743} INFO - Processing file /home/airflow/.local/lib/python3.7/site-packages/airflow/example_dags/example_branch_operator_decorator.py for tasks to queue
[2024-06-12T20:16:46.502+0000] {logging_mixin.py:137} INFO - [2024-06-12T20:16:46.501+0000] {dagbag.py:538} INFO - Filling up the DagBag from /home/airflow/.local/lib/python3.7/site-packages/airflow/example_dags/example_branch_operator_decorator.py
[2024-06-12T20:16:47.106+0000] {processor.py:753} INFO - DAG(s) dict_keys(['example_branch_python_operator_decorator']) retrieved from /home/airflow/.local/lib/python3.7/site-packages/airflow/example_dags/example_branch_operator_decorator.py
[2024-06-12T20:16:47.867+0000] {logging_mixin.py:137} INFO - [2024-06-12T20:16:47.866+0000] {dag.py:2690} INFO - Sync 1 DAGs
[2024-06-12T20:16:48.399+0000] {logging_mixin.py:137} INFO - [2024-06-12T20:16:48.399+0000] {dag.py:3441} INFO - Setting next_dagrun for example_branch_python_operator_decorator to 2024-06-11T00:00:00+00:00, run_after=2024-06-12T00:00:00+00:00
[2024-06-12T20:16:48.842+0000] {processor.py:175} INFO - Processing /home/airflow/.local/lib/python3.7/site-packages/airflow/example_dags/example_branch_operator_decorator.py took 2.490 seconds
[2024-06-12T20:17:43.838+0000] {processor.py:153} INFO - Started process (PID=2248) to work on /home/airflow/.local/lib/python3.7/site-packages/airflow/example_dags/example_branch_operator_decorator.py
[2024-06-12T20:17:43.853+0000] {processor.py:743} INFO - Processing file /home/airflow/.local/lib/python3.7/site-packages/airflow/example_dags/example_branch_operator_decorator.py for tasks to queue
[2024-06-12T20:17:43.873+0000] {logging_mixin.py:137} INFO - [2024-06-12T20:17:43.873+0000] {dagbag.py:538} INFO - Filling up the DagBag from /home/airflow/.local/lib/python3.7/site-packages/airflow/example_dags/example_branch_operator_decorator.py
[2024-06-12T20:17:44.610+0000] {processor.py:753} INFO - DAG(s) dict_keys(['example_branch_python_operator_decorator']) retrieved from /home/airflow/.local/lib/python3.7/site-packages/airflow/example_dags/example_branch_operator_decorator.py
[2024-06-12T20:17:45.146+0000] {logging_mixin.py:137} INFO - [2024-06-12T20:17:45.146+0000] {dag.py:2690} INFO - Sync 1 DAGs
[2024-06-12T20:17:46.177+0000] {logging_mixin.py:137} INFO - [2024-06-12T20:17:46.166+0000] {dag.py:3441} INFO - Setting next_dagrun for example_branch_python_operator_decorator to 2024-06-11T00:00:00+00:00, run_after=2024-06-12T00:00:00+00:00
[2024-06-12T20:17:46.741+0000] {processor.py:175} INFO - Processing /home/airflow/.local/lib/python3.7/site-packages/airflow/example_dags/example_branch_operator_decorator.py took 2.969 seconds
[2024-06-12T20:19:36.799+0000] {processor.py:153} INFO - Started process (PID=2356) to work on /home/airflow/.local/lib/python3.7/site-packages/airflow/example_dags/example_branch_operator_decorator.py
[2024-06-12T20:19:36.827+0000] {processor.py:743} INFO - Processing file /home/airflow/.local/lib/python3.7/site-packages/airflow/example_dags/example_branch_operator_decorator.py for tasks to queue
[2024-06-12T20:19:36.845+0000] {logging_mixin.py:137} INFO - [2024-06-12T20:19:36.844+0000] {dagbag.py:538} INFO - Filling up the DagBag from /home/airflow/.local/lib/python3.7/site-packages/airflow/example_dags/example_branch_operator_decorator.py
[2024-06-12T20:19:37.141+0000] {processor.py:753} INFO - DAG(s) dict_keys(['example_branch_python_operator_decorator']) retrieved from /home/airflow/.local/lib/python3.7/site-packages/airflow/example_dags/example_branch_operator_decorator.py
[2024-06-12T20:19:37.624+0000] {logging_mixin.py:137} INFO - [2024-06-12T20:19:37.624+0000] {dag.py:2690} INFO - Sync 1 DAGs
[2024-06-12T20:19:39.287+0000] {logging_mixin.py:137} INFO - [2024-06-12T20:19:39.286+0000] {dag.py:3441} INFO - Setting next_dagrun for example_branch_python_operator_decorator to 2024-06-11T00:00:00+00:00, run_after=2024-06-12T00:00:00+00:00
[2024-06-12T20:19:40.935+0000] {processor.py:175} INFO - Processing /home/airflow/.local/lib/python3.7/site-packages/airflow/example_dags/example_branch_operator_decorator.py took 4.216 seconds
[2024-06-12T20:21:38.092+0000] {processor.py:153} INFO - Started process (PID=2480) to work on /home/airflow/.local/lib/python3.7/site-packages/airflow/example_dags/example_branch_operator_decorator.py
[2024-06-12T20:21:38.110+0000] {processor.py:743} INFO - Processing file /home/airflow/.local/lib/python3.7/site-packages/airflow/example_dags/example_branch_operator_decorator.py for tasks to queue
[2024-06-12T20:21:38.176+0000] {logging_mixin.py:137} INFO - [2024-06-12T20:21:38.175+0000] {dagbag.py:538} INFO - Filling up the DagBag from /home/airflow/.local/lib/python3.7/site-packages/airflow/example_dags/example_branch_operator_decorator.py
[2024-06-12T20:21:39.727+0000] {processor.py:753} INFO - DAG(s) dict_keys(['example_branch_python_operator_decorator']) retrieved from /home/airflow/.local/lib/python3.7/site-packages/airflow/example_dags/example_branch_operator_decorator.py
[2024-06-12T20:21:41.739+0000] {logging_mixin.py:137} INFO - [2024-06-12T20:21:41.738+0000] {dag.py:2690} INFO - Sync 1 DAGs
[2024-06-12T20:21:43.268+0000] {logging_mixin.py:137} INFO - [2024-06-12T20:21:43.267+0000] {dag.py:3441} INFO - Setting next_dagrun for example_branch_python_operator_decorator to 2024-06-11T00:00:00+00:00, run_after=2024-06-12T00:00:00+00:00
[2024-06-12T20:21:43.919+0000] {processor.py:175} INFO - Processing /home/airflow/.local/lib/python3.7/site-packages/airflow/example_dags/example_branch_operator_decorator.py took 6.072 seconds
[2024-06-12T20:23:53.089+0000] {processor.py:153} INFO - Started process (PID=2613) to work on /home/airflow/.local/lib/python3.7/site-packages/airflow/example_dags/example_branch_operator_decorator.py
[2024-06-12T20:23:53.120+0000] {processor.py:743} INFO - Processing file /home/airflow/.local/lib/python3.7/site-packages/airflow/example_dags/example_branch_operator_decorator.py for tasks to queue
[2024-06-12T20:23:53.154+0000] {logging_mixin.py:137} INFO - [2024-06-12T20:23:53.153+0000] {dagbag.py:538} INFO - Filling up the DagBag from /home/airflow/.local/lib/python3.7/site-packages/airflow/example_dags/example_branch_operator_decorator.py
[2024-06-12T20:23:54.350+0000] {processor.py:753} INFO - DAG(s) dict_keys(['example_branch_python_operator_decorator']) retrieved from /home/airflow/.local/lib/python3.7/site-packages/airflow/example_dags/example_branch_operator_decorator.py
[2024-06-12T20:23:55.824+0000] {logging_mixin.py:137} INFO - [2024-06-12T20:23:55.824+0000] {dag.py:2690} INFO - Sync 1 DAGs
[2024-06-12T20:23:57.361+0000] {logging_mixin.py:137} INFO - [2024-06-12T20:23:57.267+0000] {dag.py:3441} INFO - Setting next_dagrun for example_branch_python_operator_decorator to 2024-06-11T00:00:00+00:00, run_after=2024-06-12T00:00:00+00:00
[2024-06-12T20:23:58.051+0000] {processor.py:175} INFO - Processing /home/airflow/.local/lib/python3.7/site-packages/airflow/example_dags/example_branch_operator_decorator.py took 5.125 seconds
[2024-06-12T20:25:40.432+0000] {processor.py:153} INFO - Started process (PID=2719) to work on /home/airflow/.local/lib/python3.7/site-packages/airflow/example_dags/example_branch_operator_decorator.py
[2024-06-12T20:25:40.480+0000] {processor.py:743} INFO - Processing file /home/airflow/.local/lib/python3.7/site-packages/airflow/example_dags/example_branch_operator_decorator.py for tasks to queue
[2024-06-12T20:25:40.499+0000] {logging_mixin.py:137} INFO - [2024-06-12T20:25:40.498+0000] {dagbag.py:538} INFO - Filling up the DagBag from /home/airflow/.local/lib/python3.7/site-packages/airflow/example_dags/example_branch_operator_decorator.py
[2024-06-12T20:25:41.136+0000] {processor.py:753} INFO - DAG(s) dict_keys(['example_branch_python_operator_decorator']) retrieved from /home/airflow/.local/lib/python3.7/site-packages/airflow/example_dags/example_branch_operator_decorator.py
[2024-06-12T20:25:42.671+0000] {logging_mixin.py:137} INFO - [2024-06-12T20:25:42.670+0000] {dag.py:2690} INFO - Sync 1 DAGs
[2024-06-12T20:25:43.501+0000] {logging_mixin.py:137} INFO - [2024-06-12T20:25:43.501+0000] {dag.py:3441} INFO - Setting next_dagrun for example_branch_python_operator_decorator to 2024-06-11T00:00:00+00:00, run_after=2024-06-12T00:00:00+00:00
[2024-06-12T20:25:44.034+0000] {processor.py:175} INFO - Processing /home/airflow/.local/lib/python3.7/site-packages/airflow/example_dags/example_branch_operator_decorator.py took 3.721 seconds
[2024-06-12T20:27:40.319+0000] {processor.py:153} INFO - Started process (PID=2831) to work on /home/airflow/.local/lib/python3.7/site-packages/airflow/example_dags/example_branch_operator_decorator.py
[2024-06-12T20:27:40.336+0000] {processor.py:743} INFO - Processing file /home/airflow/.local/lib/python3.7/site-packages/airflow/example_dags/example_branch_operator_decorator.py for tasks to queue
[2024-06-12T20:27:40.354+0000] {logging_mixin.py:137} INFO - [2024-06-12T20:27:40.354+0000] {dagbag.py:538} INFO - Filling up the DagBag from /home/airflow/.local/lib/python3.7/site-packages/airflow/example_dags/example_branch_operator_decorator.py
[2024-06-12T20:27:41.017+0000] {processor.py:753} INFO - DAG(s) dict_keys(['example_branch_python_operator_decorator']) retrieved from /home/airflow/.local/lib/python3.7/site-packages/airflow/example_dags/example_branch_operator_decorator.py
[2024-06-12T20:27:41.450+0000] {logging_mixin.py:137} INFO - [2024-06-12T20:27:41.450+0000] {dag.py:2690} INFO - Sync 1 DAGs
[2024-06-12T20:27:42.837+0000] {logging_mixin.py:137} INFO - [2024-06-12T20:27:42.837+0000] {dag.py:3441} INFO - Setting next_dagrun for example_branch_python_operator_decorator to 2024-06-11T00:00:00+00:00, run_after=2024-06-12T00:00:00+00:00
[2024-06-12T20:27:43.349+0000] {processor.py:175} INFO - Processing /home/airflow/.local/lib/python3.7/site-packages/airflow/example_dags/example_branch_operator_decorator.py took 3.110 seconds
[2024-06-12T20:29:07.516+0000] {processor.py:153} INFO - Started process (PID=2929) to work on /home/airflow/.local/lib/python3.7/site-packages/airflow/example_dags/example_branch_operator_decorator.py
[2024-06-12T20:29:07.692+0000] {processor.py:743} INFO - Processing file /home/airflow/.local/lib/python3.7/site-packages/airflow/example_dags/example_branch_operator_decorator.py for tasks to queue
[2024-06-12T20:29:07.918+0000] {logging_mixin.py:137} INFO - [2024-06-12T20:29:07.917+0000] {dagbag.py:538} INFO - Filling up the DagBag from /home/airflow/.local/lib/python3.7/site-packages/airflow/example_dags/example_branch_operator_decorator.py
[2024-06-12T20:29:08.917+0000] {processor.py:753} INFO - DAG(s) dict_keys(['example_branch_python_operator_decorator']) retrieved from /home/airflow/.local/lib/python3.7/site-packages/airflow/example_dags/example_branch_operator_decorator.py
[2024-06-12T20:29:09.341+0000] {logging_mixin.py:137} INFO - [2024-06-12T20:29:09.341+0000] {dag.py:2690} INFO - Sync 1 DAGs
[2024-06-12T20:29:09.964+0000] {logging_mixin.py:137} INFO - [2024-06-12T20:29:09.964+0000] {dag.py:3441} INFO - Setting next_dagrun for example_branch_python_operator_decorator to 2024-06-11T00:00:00+00:00, run_after=2024-06-12T00:00:00+00:00
[2024-06-12T20:29:10.319+0000] {processor.py:175} INFO - Processing /home/airflow/.local/lib/python3.7/site-packages/airflow/example_dags/example_branch_operator_decorator.py took 2.945 seconds
[2024-06-12T20:30:06.708+0000] {processor.py:153} INFO - Started process (PID=2997) to work on /home/airflow/.local/lib/python3.7/site-packages/airflow/example_dags/example_branch_operator_decorator.py
[2024-06-12T20:30:06.735+0000] {processor.py:743} INFO - Processing file /home/airflow/.local/lib/python3.7/site-packages/airflow/example_dags/example_branch_operator_decorator.py for tasks to queue
[2024-06-12T20:30:06.800+0000] {logging_mixin.py:137} INFO - [2024-06-12T20:30:06.799+0000] {dagbag.py:538} INFO - Filling up the DagBag from /home/airflow/.local/lib/python3.7/site-packages/airflow/example_dags/example_branch_operator_decorator.py
[2024-06-12T20:30:07.540+0000] {processor.py:753} INFO - DAG(s) dict_keys(['example_branch_python_operator_decorator']) retrieved from /home/airflow/.local/lib/python3.7/site-packages/airflow/example_dags/example_branch_operator_decorator.py
[2024-06-12T20:30:07.863+0000] {logging_mixin.py:137} INFO - [2024-06-12T20:30:07.862+0000] {dag.py:2690} INFO - Sync 1 DAGs
[2024-06-12T20:30:08.859+0000] {logging_mixin.py:137} INFO - [2024-06-12T20:30:08.858+0000] {dag.py:3441} INFO - Setting next_dagrun for example_branch_python_operator_decorator to 2024-06-11T00:00:00+00:00, run_after=2024-06-12T00:00:00+00:00
[2024-06-12T20:30:09.617+0000] {processor.py:175} INFO - Processing /home/airflow/.local/lib/python3.7/site-packages/airflow/example_dags/example_branch_operator_decorator.py took 2.927 seconds
[2024-06-12T20:31:08.346+0000] {processor.py:153} INFO - Started process (PID=3068) to work on /home/airflow/.local/lib/python3.7/site-packages/airflow/example_dags/example_branch_operator_decorator.py
[2024-06-12T20:31:08.356+0000] {processor.py:743} INFO - Processing file /home/airflow/.local/lib/python3.7/site-packages/airflow/example_dags/example_branch_operator_decorator.py for tasks to queue
[2024-06-12T20:31:08.360+0000] {logging_mixin.py:137} INFO - [2024-06-12T20:31:08.360+0000] {dagbag.py:538} INFO - Filling up the DagBag from /home/airflow/.local/lib/python3.7/site-packages/airflow/example_dags/example_branch_operator_decorator.py
[2024-06-12T20:31:09.022+0000] {processor.py:753} INFO - DAG(s) dict_keys(['example_branch_python_operator_decorator']) retrieved from /home/airflow/.local/lib/python3.7/site-packages/airflow/example_dags/example_branch_operator_decorator.py
[2024-06-12T20:31:09.523+0000] {logging_mixin.py:137} INFO - [2024-06-12T20:31:09.523+0000] {dag.py:2690} INFO - Sync 1 DAGs
[2024-06-12T20:31:10.203+0000] {logging_mixin.py:137} INFO - [2024-06-12T20:31:10.203+0000] {dag.py:3441} INFO - Setting next_dagrun for example_branch_python_operator_decorator to 2024-06-11T00:00:00+00:00, run_after=2024-06-12T00:00:00+00:00
[2024-06-12T20:31:10.669+0000] {processor.py:175} INFO - Processing /home/airflow/.local/lib/python3.7/site-packages/airflow/example_dags/example_branch_operator_decorator.py took 2.452 seconds
[2024-06-12T20:32:40.198+0000] {processor.py:153} INFO - Started process (PID=3169) to work on /home/airflow/.local/lib/python3.7/site-packages/airflow/example_dags/example_branch_operator_decorator.py
[2024-06-12T20:32:40.224+0000] {processor.py:743} INFO - Processing file /home/airflow/.local/lib/python3.7/site-packages/airflow/example_dags/example_branch_operator_decorator.py for tasks to queue
[2024-06-12T20:32:40.246+0000] {logging_mixin.py:137} INFO - [2024-06-12T20:32:40.245+0000] {dagbag.py:538} INFO - Filling up the DagBag from /home/airflow/.local/lib/python3.7/site-packages/airflow/example_dags/example_branch_operator_decorator.py
[2024-06-12T20:32:40.525+0000] {processor.py:753} INFO - DAG(s) dict_keys(['example_branch_python_operator_decorator']) retrieved from /home/airflow/.local/lib/python3.7/site-packages/airflow/example_dags/example_branch_operator_decorator.py
[2024-06-12T20:32:40.911+0000] {logging_mixin.py:137} INFO - [2024-06-12T20:32:40.911+0000] {dag.py:2690} INFO - Sync 1 DAGs
[2024-06-12T20:32:41.390+0000] {logging_mixin.py:137} INFO - [2024-06-12T20:32:41.389+0000] {dag.py:3441} INFO - Setting next_dagrun for example_branch_python_operator_decorator to 2024-06-11T00:00:00+00:00, run_after=2024-06-12T00:00:00+00:00
[2024-06-12T20:32:41.724+0000] {processor.py:175} INFO - Processing /home/airflow/.local/lib/python3.7/site-packages/airflow/example_dags/example_branch_operator_decorator.py took 1.580 seconds
[2024-06-12T20:34:33.119+0000] {processor.py:153} INFO - Started process (PID=3272) to work on /home/airflow/.local/lib/python3.7/site-packages/airflow/example_dags/example_branch_operator_decorator.py
[2024-06-12T20:34:33.146+0000] {processor.py:743} INFO - Processing file /home/airflow/.local/lib/python3.7/site-packages/airflow/example_dags/example_branch_operator_decorator.py for tasks to queue
[2024-06-12T20:34:33.196+0000] {logging_mixin.py:137} INFO - [2024-06-12T20:34:33.195+0000] {dagbag.py:538} INFO - Filling up the DagBag from /home/airflow/.local/lib/python3.7/site-packages/airflow/example_dags/example_branch_operator_decorator.py
[2024-06-12T20:34:34.450+0000] {processor.py:753} INFO - DAG(s) dict_keys(['example_branch_python_operator_decorator']) retrieved from /home/airflow/.local/lib/python3.7/site-packages/airflow/example_dags/example_branch_operator_decorator.py
[2024-06-12T20:34:35.122+0000] {logging_mixin.py:137} INFO - [2024-06-12T20:34:35.122+0000] {dag.py:2690} INFO - Sync 1 DAGs
[2024-06-12T20:34:35.860+0000] {logging_mixin.py:137} INFO - [2024-06-12T20:34:35.860+0000] {dag.py:3441} INFO - Setting next_dagrun for example_branch_python_operator_decorator to 2024-06-11T00:00:00+00:00, run_after=2024-06-12T00:00:00+00:00
[2024-06-12T20:34:36.165+0000] {processor.py:175} INFO - Processing /home/airflow/.local/lib/python3.7/site-packages/airflow/example_dags/example_branch_operator_decorator.py took 3.174 seconds
[2024-06-12T20:36:00.741+0000] {processor.py:153} INFO - Started process (PID=3358) to work on /home/airflow/.local/lib/python3.7/site-packages/airflow/example_dags/example_branch_operator_decorator.py
[2024-06-12T20:36:00.755+0000] {processor.py:743} INFO - Processing file /home/airflow/.local/lib/python3.7/site-packages/airflow/example_dags/example_branch_operator_decorator.py for tasks to queue
[2024-06-12T20:36:00.772+0000] {logging_mixin.py:137} INFO - [2024-06-12T20:36:00.771+0000] {dagbag.py:538} INFO - Filling up the DagBag from /home/airflow/.local/lib/python3.7/site-packages/airflow/example_dags/example_branch_operator_decorator.py
[2024-06-12T20:36:02.315+0000] {processor.py:753} INFO - DAG(s) dict_keys(['example_branch_python_operator_decorator']) retrieved from /home/airflow/.local/lib/python3.7/site-packages/airflow/example_dags/example_branch_operator_decorator.py
[2024-06-12T20:36:03.814+0000] {logging_mixin.py:137} INFO - [2024-06-12T20:36:03.691+0000] {dag.py:2690} INFO - Sync 1 DAGs
[2024-06-12T20:36:05.139+0000] {logging_mixin.py:137} INFO - [2024-06-12T20:36:05.138+0000] {dag.py:3441} INFO - Setting next_dagrun for example_branch_python_operator_decorator to 2024-06-11T00:00:00+00:00, run_after=2024-06-12T00:00:00+00:00
[2024-06-12T20:36:05.900+0000] {processor.py:175} INFO - Processing /home/airflow/.local/lib/python3.7/site-packages/airflow/example_dags/example_branch_operator_decorator.py took 5.210 seconds
[2024-06-12T20:37:18.464+0000] {processor.py:153} INFO - Started process (PID=3425) to work on /home/airflow/.local/lib/python3.7/site-packages/airflow/example_dags/example_branch_operator_decorator.py
[2024-06-12T20:37:18.545+0000] {processor.py:743} INFO - Processing file /home/airflow/.local/lib/python3.7/site-packages/airflow/example_dags/example_branch_operator_decorator.py for tasks to queue
[2024-06-12T20:37:18.578+0000] {logging_mixin.py:137} INFO - [2024-06-12T20:37:18.577+0000] {dagbag.py:538} INFO - Filling up the DagBag from /home/airflow/.local/lib/python3.7/site-packages/airflow/example_dags/example_branch_operator_decorator.py
[2024-06-12T20:37:19.817+0000] {processor.py:753} INFO - DAG(s) dict_keys(['example_branch_python_operator_decorator']) retrieved from /home/airflow/.local/lib/python3.7/site-packages/airflow/example_dags/example_branch_operator_decorator.py
[2024-06-12T20:37:21.281+0000] {logging_mixin.py:137} INFO - [2024-06-12T20:37:21.280+0000] {dag.py:2690} INFO - Sync 1 DAGs
[2024-06-12T20:37:22.468+0000] {logging_mixin.py:137} INFO - [2024-06-12T20:37:22.342+0000] {dag.py:3441} INFO - Setting next_dagrun for example_branch_python_operator_decorator to 2024-06-11T00:00:00+00:00, run_after=2024-06-12T00:00:00+00:00
[2024-06-12T20:37:23.457+0000] {processor.py:175} INFO - Processing /home/airflow/.local/lib/python3.7/site-packages/airflow/example_dags/example_branch_operator_decorator.py took 5.023 seconds
[2024-06-12T20:38:27.447+0000] {processor.py:153} INFO - Started process (PID=3489) to work on /home/airflow/.local/lib/python3.7/site-packages/airflow/example_dags/example_branch_operator_decorator.py
[2024-06-12T20:38:27.482+0000] {processor.py:743} INFO - Processing file /home/airflow/.local/lib/python3.7/site-packages/airflow/example_dags/example_branch_operator_decorator.py for tasks to queue
[2024-06-12T20:38:27.503+0000] {logging_mixin.py:137} INFO - [2024-06-12T20:38:27.503+0000] {dagbag.py:538} INFO - Filling up the DagBag from /home/airflow/.local/lib/python3.7/site-packages/airflow/example_dags/example_branch_operator_decorator.py
[2024-06-12T20:38:28.618+0000] {processor.py:753} INFO - DAG(s) dict_keys(['example_branch_python_operator_decorator']) retrieved from /home/airflow/.local/lib/python3.7/site-packages/airflow/example_dags/example_branch_operator_decorator.py
[2024-06-12T20:38:29.517+0000] {logging_mixin.py:137} INFO - [2024-06-12T20:38:29.516+0000] {dag.py:2690} INFO - Sync 1 DAGs
[2024-06-12T20:38:31.283+0000] {logging_mixin.py:137} INFO - [2024-06-12T20:38:31.255+0000] {dag.py:3441} INFO - Setting next_dagrun for example_branch_python_operator_decorator to 2024-06-11T00:00:00+00:00, run_after=2024-06-12T00:00:00+00:00
[2024-06-12T20:38:31.937+0000] {processor.py:175} INFO - Processing /home/airflow/.local/lib/python3.7/site-packages/airflow/example_dags/example_branch_operator_decorator.py took 4.581 seconds
[2024-06-12T20:39:25.009+0000] {processor.py:153} INFO - Started process (PID=3562) to work on /home/airflow/.local/lib/python3.7/site-packages/airflow/example_dags/example_branch_operator_decorator.py
[2024-06-12T20:39:25.089+0000] {processor.py:743} INFO - Processing file /home/airflow/.local/lib/python3.7/site-packages/airflow/example_dags/example_branch_operator_decorator.py for tasks to queue
[2024-06-12T20:39:25.119+0000] {logging_mixin.py:137} INFO - [2024-06-12T20:39:25.119+0000] {dagbag.py:538} INFO - Filling up the DagBag from /home/airflow/.local/lib/python3.7/site-packages/airflow/example_dags/example_branch_operator_decorator.py
[2024-06-12T20:39:25.730+0000] {processor.py:753} INFO - DAG(s) dict_keys(['example_branch_python_operator_decorator']) retrieved from /home/airflow/.local/lib/python3.7/site-packages/airflow/example_dags/example_branch_operator_decorator.py
[2024-06-12T20:39:26.440+0000] {logging_mixin.py:137} INFO - [2024-06-12T20:39:26.440+0000] {dag.py:2690} INFO - Sync 1 DAGs
[2024-06-12T20:39:26.871+0000] {logging_mixin.py:137} INFO - [2024-06-12T20:39:26.870+0000] {dag.py:3441} INFO - Setting next_dagrun for example_branch_python_operator_decorator to 2024-06-11T00:00:00+00:00, run_after=2024-06-12T00:00:00+00:00
[2024-06-12T20:39:27.338+0000] {processor.py:175} INFO - Processing /home/airflow/.local/lib/python3.7/site-packages/airflow/example_dags/example_branch_operator_decorator.py took 2.441 seconds
[2024-06-12T20:40:29.059+0000] {processor.py:153} INFO - Started process (PID=3631) to work on /home/airflow/.local/lib/python3.7/site-packages/airflow/example_dags/example_branch_operator_decorator.py
[2024-06-12T20:40:29.071+0000] {processor.py:743} INFO - Processing file /home/airflow/.local/lib/python3.7/site-packages/airflow/example_dags/example_branch_operator_decorator.py for tasks to queue
[2024-06-12T20:40:29.093+0000] {logging_mixin.py:137} INFO - [2024-06-12T20:40:29.093+0000] {dagbag.py:538} INFO - Filling up the DagBag from /home/airflow/.local/lib/python3.7/site-packages/airflow/example_dags/example_branch_operator_decorator.py
[2024-06-12T20:40:29.724+0000] {processor.py:753} INFO - DAG(s) dict_keys(['example_branch_python_operator_decorator']) retrieved from /home/airflow/.local/lib/python3.7/site-packages/airflow/example_dags/example_branch_operator_decorator.py
[2024-06-12T20:40:30.213+0000] {logging_mixin.py:137} INFO - [2024-06-12T20:40:30.212+0000] {dag.py:2690} INFO - Sync 1 DAGs
[2024-06-12T20:40:30.951+0000] {logging_mixin.py:137} INFO - [2024-06-12T20:40:30.951+0000] {dag.py:3441} INFO - Setting next_dagrun for example_branch_python_operator_decorator to 2024-06-11T00:00:00+00:00, run_after=2024-06-12T00:00:00+00:00
[2024-06-12T20:40:31.297+0000] {processor.py:175} INFO - Processing /home/airflow/.local/lib/python3.7/site-packages/airflow/example_dags/example_branch_operator_decorator.py took 2.337 seconds
[2024-06-12T20:41:34.233+0000] {processor.py:153} INFO - Started process (PID=3708) to work on /home/airflow/.local/lib/python3.7/site-packages/airflow/example_dags/example_branch_operator_decorator.py
[2024-06-12T20:41:34.247+0000] {processor.py:743} INFO - Processing file /home/airflow/.local/lib/python3.7/site-packages/airflow/example_dags/example_branch_operator_decorator.py for tasks to queue
[2024-06-12T20:41:34.276+0000] {logging_mixin.py:137} INFO - [2024-06-12T20:41:34.276+0000] {dagbag.py:538} INFO - Filling up the DagBag from /home/airflow/.local/lib/python3.7/site-packages/airflow/example_dags/example_branch_operator_decorator.py
[2024-06-12T20:41:34.985+0000] {processor.py:753} INFO - DAG(s) dict_keys(['example_branch_python_operator_decorator']) retrieved from /home/airflow/.local/lib/python3.7/site-packages/airflow/example_dags/example_branch_operator_decorator.py
[2024-06-12T20:41:35.421+0000] {logging_mixin.py:137} INFO - [2024-06-12T20:41:35.421+0000] {dag.py:2690} INFO - Sync 1 DAGs
[2024-06-12T20:41:36.051+0000] {logging_mixin.py:137} INFO - [2024-06-12T20:41:36.051+0000] {dag.py:3441} INFO - Setting next_dagrun for example_branch_python_operator_decorator to 2024-06-11T00:00:00+00:00, run_after=2024-06-12T00:00:00+00:00
[2024-06-12T20:41:36.615+0000] {processor.py:175} INFO - Processing /home/airflow/.local/lib/python3.7/site-packages/airflow/example_dags/example_branch_operator_decorator.py took 2.401 seconds
[2024-06-12T20:42:29.736+0000] {processor.py:153} INFO - Started process (PID=3777) to work on /home/airflow/.local/lib/python3.7/site-packages/airflow/example_dags/example_branch_operator_decorator.py
[2024-06-12T20:42:29.784+0000] {processor.py:743} INFO - Processing file /home/airflow/.local/lib/python3.7/site-packages/airflow/example_dags/example_branch_operator_decorator.py for tasks to queue
[2024-06-12T20:42:29.851+0000] {logging_mixin.py:137} INFO - [2024-06-12T20:42:29.851+0000] {dagbag.py:538} INFO - Filling up the DagBag from /home/airflow/.local/lib/python3.7/site-packages/airflow/example_dags/example_branch_operator_decorator.py
[2024-06-12T20:42:30.439+0000] {processor.py:753} INFO - DAG(s) dict_keys(['example_branch_python_operator_decorator']) retrieved from /home/airflow/.local/lib/python3.7/site-packages/airflow/example_dags/example_branch_operator_decorator.py
[2024-06-12T20:42:31.065+0000] {logging_mixin.py:137} INFO - [2024-06-12T20:42:31.064+0000] {dag.py:2690} INFO - Sync 1 DAGs
[2024-06-12T20:42:31.557+0000] {logging_mixin.py:137} INFO - [2024-06-12T20:42:31.557+0000] {dag.py:3441} INFO - Setting next_dagrun for example_branch_python_operator_decorator to 2024-06-11T00:00:00+00:00, run_after=2024-06-12T00:00:00+00:00
[2024-06-12T20:42:32.290+0000] {processor.py:175} INFO - Processing /home/airflow/.local/lib/python3.7/site-packages/airflow/example_dags/example_branch_operator_decorator.py took 2.583 seconds
[2024-06-12T20:43:53.510+0000] {processor.py:153} INFO - Started process (PID=3867) to work on /home/airflow/.local/lib/python3.7/site-packages/airflow/example_dags/example_branch_operator_decorator.py
[2024-06-12T20:43:53.543+0000] {processor.py:743} INFO - Processing file /home/airflow/.local/lib/python3.7/site-packages/airflow/example_dags/example_branch_operator_decorator.py for tasks to queue
[2024-06-12T20:43:53.575+0000] {logging_mixin.py:137} INFO - [2024-06-12T20:43:53.575+0000] {dagbag.py:538} INFO - Filling up the DagBag from /home/airflow/.local/lib/python3.7/site-packages/airflow/example_dags/example_branch_operator_decorator.py
[2024-06-12T20:43:54.661+0000] {processor.py:753} INFO - DAG(s) dict_keys(['example_branch_python_operator_decorator']) retrieved from /home/airflow/.local/lib/python3.7/site-packages/airflow/example_dags/example_branch_operator_decorator.py
[2024-06-12T20:43:55.334+0000] {logging_mixin.py:137} INFO - [2024-06-12T20:43:55.334+0000] {dag.py:2690} INFO - Sync 1 DAGs
[2024-06-12T20:43:56.088+0000] {logging_mixin.py:137} INFO - [2024-06-12T20:43:56.087+0000] {dag.py:3441} INFO - Setting next_dagrun for example_branch_python_operator_decorator to 2024-06-11T00:00:00+00:00, run_after=2024-06-12T00:00:00+00:00
[2024-06-12T20:43:56.679+0000] {processor.py:175} INFO - Processing /home/airflow/.local/lib/python3.7/site-packages/airflow/example_dags/example_branch_operator_decorator.py took 3.201 seconds
[2024-06-12T20:44:56.000+0000] {processor.py:153} INFO - Started process (PID=3943) to work on /home/airflow/.local/lib/python3.7/site-packages/airflow/example_dags/example_branch_operator_decorator.py
[2024-06-12T20:44:56.018+0000] {processor.py:743} INFO - Processing file /home/airflow/.local/lib/python3.7/site-packages/airflow/example_dags/example_branch_operator_decorator.py for tasks to queue
[2024-06-12T20:44:56.032+0000] {logging_mixin.py:137} INFO - [2024-06-12T20:44:56.031+0000] {dagbag.py:538} INFO - Filling up the DagBag from /home/airflow/.local/lib/python3.7/site-packages/airflow/example_dags/example_branch_operator_decorator.py
[2024-06-12T20:44:56.940+0000] {processor.py:753} INFO - DAG(s) dict_keys(['example_branch_python_operator_decorator']) retrieved from /home/airflow/.local/lib/python3.7/site-packages/airflow/example_dags/example_branch_operator_decorator.py
[2024-06-12T20:44:57.532+0000] {logging_mixin.py:137} INFO - [2024-06-12T20:44:57.532+0000] {dag.py:2690} INFO - Sync 1 DAGs
[2024-06-12T20:44:58.124+0000] {logging_mixin.py:137} INFO - [2024-06-12T20:44:58.124+0000] {dag.py:3441} INFO - Setting next_dagrun for example_branch_python_operator_decorator to 2024-06-11T00:00:00+00:00, run_after=2024-06-12T00:00:00+00:00
[2024-06-12T20:44:58.787+0000] {processor.py:175} INFO - Processing /home/airflow/.local/lib/python3.7/site-packages/airflow/example_dags/example_branch_operator_decorator.py took 2.865 seconds
[2024-06-12T20:45:52.441+0000] {processor.py:153} INFO - Started process (PID=4016) to work on /home/airflow/.local/lib/python3.7/site-packages/airflow/example_dags/example_branch_operator_decorator.py
[2024-06-12T20:45:52.460+0000] {processor.py:743} INFO - Processing file /home/airflow/.local/lib/python3.7/site-packages/airflow/example_dags/example_branch_operator_decorator.py for tasks to queue
[2024-06-12T20:45:52.477+0000] {logging_mixin.py:137} INFO - [2024-06-12T20:45:52.476+0000] {dagbag.py:538} INFO - Filling up the DagBag from /home/airflow/.local/lib/python3.7/site-packages/airflow/example_dags/example_branch_operator_decorator.py
[2024-06-12T20:45:53.263+0000] {processor.py:753} INFO - DAG(s) dict_keys(['example_branch_python_operator_decorator']) retrieved from /home/airflow/.local/lib/python3.7/site-packages/airflow/example_dags/example_branch_operator_decorator.py
[2024-06-12T20:45:54.471+0000] {logging_mixin.py:137} INFO - [2024-06-12T20:45:54.471+0000] {dag.py:2690} INFO - Sync 1 DAGs
[2024-06-12T20:45:55.369+0000] {logging_mixin.py:137} INFO - [2024-06-12T20:45:55.368+0000] {dag.py:3441} INFO - Setting next_dagrun for example_branch_python_operator_decorator to 2024-06-11T00:00:00+00:00, run_after=2024-06-12T00:00:00+00:00
[2024-06-12T20:45:55.656+0000] {processor.py:175} INFO - Processing /home/airflow/.local/lib/python3.7/site-packages/airflow/example_dags/example_branch_operator_decorator.py took 3.344 seconds
[2024-06-12T20:46:47.180+0000] {processor.py:153} INFO - Started process (PID=4075) to work on /home/airflow/.local/lib/python3.7/site-packages/airflow/example_dags/example_branch_operator_decorator.py
[2024-06-12T20:46:47.208+0000] {processor.py:743} INFO - Processing file /home/airflow/.local/lib/python3.7/site-packages/airflow/example_dags/example_branch_operator_decorator.py for tasks to queue
[2024-06-12T20:46:47.226+0000] {logging_mixin.py:137} INFO - [2024-06-12T20:46:47.225+0000] {dagbag.py:538} INFO - Filling up the DagBag from /home/airflow/.local/lib/python3.7/site-packages/airflow/example_dags/example_branch_operator_decorator.py
[2024-06-12T20:46:48.269+0000] {processor.py:753} INFO - DAG(s) dict_keys(['example_branch_python_operator_decorator']) retrieved from /home/airflow/.local/lib/python3.7/site-packages/airflow/example_dags/example_branch_operator_decorator.py
[2024-06-12T20:46:48.680+0000] {logging_mixin.py:137} INFO - [2024-06-12T20:46:48.680+0000] {dag.py:2690} INFO - Sync 1 DAGs
[2024-06-12T20:46:49.424+0000] {logging_mixin.py:137} INFO - [2024-06-12T20:46:49.424+0000] {dag.py:3441} INFO - Setting next_dagrun for example_branch_python_operator_decorator to 2024-06-11T00:00:00+00:00, run_after=2024-06-12T00:00:00+00:00
[2024-06-12T20:46:49.936+0000] {processor.py:175} INFO - Processing /home/airflow/.local/lib/python3.7/site-packages/airflow/example_dags/example_branch_operator_decorator.py took 2.808 seconds
