[2024-06-12T19:42:36.195+0000] {processor.py:153} INFO - Started process (PID=131) to work on /home/airflow/.local/lib/python3.7/site-packages/airflow/example_dags/example_sensor_decorator.py
[2024-06-12T19:42:36.221+0000] {processor.py:743} INFO - Processing file /home/airflow/.local/lib/python3.7/site-packages/airflow/example_dags/example_sensor_decorator.py for tasks to queue
[2024-06-12T19:42:36.255+0000] {logging_mixin.py:137} INFO - [2024-06-12T19:42:36.254+0000] {dagbag.py:538} INFO - Filling up the DagBag from /home/airflow/.local/lib/python3.7/site-packages/airflow/example_dags/example_sensor_decorator.py
[2024-06-12T19:42:38.056+0000] {processor.py:753} INFO - DAG(s) dict_keys(['example_sensor_decorator']) retrieved from /home/airflow/.local/lib/python3.7/site-packages/airflow/example_dags/example_sensor_decorator.py
[2024-06-12T19:42:39.354+0000] {logging_mixin.py:137} INFO - [2024-06-12T19:42:39.353+0000] {dag.py:2690} INFO - Sync 1 DAGs
[2024-06-12T19:42:40.096+0000] {logging_mixin.py:137} INFO - [2024-06-12T19:42:40.095+0000] {dag.py:3441} INFO - Setting next_dagrun for example_sensor_decorator to None, run_after=None
[2024-06-12T19:42:40.759+0000] {processor.py:175} INFO - Processing /home/airflow/.local/lib/python3.7/site-packages/airflow/example_dags/example_sensor_decorator.py took 4.648 seconds
[2024-06-12T19:44:33.612+0000] {processor.py:153} INFO - Started process (PID=231) to work on /home/airflow/.local/lib/python3.7/site-packages/airflow/example_dags/example_sensor_decorator.py
[2024-06-12T19:44:33.690+0000] {processor.py:743} INFO - Processing file /home/airflow/.local/lib/python3.7/site-packages/airflow/example_dags/example_sensor_decorator.py for tasks to queue
[2024-06-12T19:44:33.787+0000] {logging_mixin.py:137} INFO - [2024-06-12T19:44:33.786+0000] {dagbag.py:538} INFO - Filling up the DagBag from /home/airflow/.local/lib/python3.7/site-packages/airflow/example_dags/example_sensor_decorator.py
[2024-06-12T19:44:35.263+0000] {processor.py:753} INFO - DAG(s) dict_keys(['example_sensor_decorator']) retrieved from /home/airflow/.local/lib/python3.7/site-packages/airflow/example_dags/example_sensor_decorator.py
[2024-06-12T19:44:35.889+0000] {logging_mixin.py:137} INFO - [2024-06-12T19:44:35.889+0000] {dag.py:2690} INFO - Sync 1 DAGs
[2024-06-12T19:44:36.988+0000] {logging_mixin.py:137} INFO - [2024-06-12T19:44:36.987+0000] {dag.py:3441} INFO - Setting next_dagrun for example_sensor_decorator to None, run_after=None
[2024-06-12T19:44:37.616+0000] {processor.py:175} INFO - Processing /home/airflow/.local/lib/python3.7/site-packages/airflow/example_dags/example_sensor_decorator.py took 4.213 seconds
[2024-06-12T19:46:37.743+0000] {processor.py:153} INFO - Started process (PID=319) to work on /home/airflow/.local/lib/python3.7/site-packages/airflow/example_dags/example_sensor_decorator.py
[2024-06-12T19:46:37.852+0000] {processor.py:743} INFO - Processing file /home/airflow/.local/lib/python3.7/site-packages/airflow/example_dags/example_sensor_decorator.py for tasks to queue
[2024-06-12T19:46:37.900+0000] {logging_mixin.py:137} INFO - [2024-06-12T19:46:37.900+0000] {dagbag.py:538} INFO - Filling up the DagBag from /home/airflow/.local/lib/python3.7/site-packages/airflow/example_dags/example_sensor_decorator.py
[2024-06-12T19:46:39.454+0000] {processor.py:753} INFO - DAG(s) dict_keys(['example_sensor_decorator']) retrieved from /home/airflow/.local/lib/python3.7/site-packages/airflow/example_dags/example_sensor_decorator.py
[2024-06-12T19:46:40.285+0000] {logging_mixin.py:137} INFO - [2024-06-12T19:46:40.285+0000] {dag.py:2690} INFO - Sync 1 DAGs
[2024-06-12T19:46:41.230+0000] {logging_mixin.py:137} INFO - [2024-06-12T19:46:41.229+0000] {dag.py:3441} INFO - Setting next_dagrun for example_sensor_decorator to None, run_after=None
[2024-06-12T19:46:41.985+0000] {processor.py:175} INFO - Processing /home/airflow/.local/lib/python3.7/site-packages/airflow/example_dags/example_sensor_decorator.py took 4.319 seconds
[2024-06-12T19:48:01.765+0000] {processor.py:153} INFO - Started process (PID=409) to work on /home/airflow/.local/lib/python3.7/site-packages/airflow/example_dags/example_sensor_decorator.py
[2024-06-12T19:48:01.832+0000] {processor.py:743} INFO - Processing file /home/airflow/.local/lib/python3.7/site-packages/airflow/example_dags/example_sensor_decorator.py for tasks to queue
[2024-06-12T19:48:01.837+0000] {logging_mixin.py:137} INFO - [2024-06-12T19:48:01.837+0000] {dagbag.py:538} INFO - Filling up the DagBag from /home/airflow/.local/lib/python3.7/site-packages/airflow/example_dags/example_sensor_decorator.py
[2024-06-12T19:48:02.366+0000] {processor.py:753} INFO - DAG(s) dict_keys(['example_sensor_decorator']) retrieved from /home/airflow/.local/lib/python3.7/site-packages/airflow/example_dags/example_sensor_decorator.py
[2024-06-12T19:48:02.920+0000] {logging_mixin.py:137} INFO - [2024-06-12T19:48:02.920+0000] {dag.py:2690} INFO - Sync 1 DAGs
[2024-06-12T19:48:03.308+0000] {logging_mixin.py:137} INFO - [2024-06-12T19:48:03.308+0000] {dag.py:3441} INFO - Setting next_dagrun for example_sensor_decorator to None, run_after=None
[2024-06-12T19:48:03.556+0000] {processor.py:175} INFO - Processing /home/airflow/.local/lib/python3.7/site-packages/airflow/example_dags/example_sensor_decorator.py took 1.874 seconds
[2024-06-12T19:48:33.716+0000] {processor.py:153} INFO - Started process (PID=476) to work on /home/airflow/.local/lib/python3.7/site-packages/airflow/example_dags/example_sensor_decorator.py
[2024-06-12T19:48:33.719+0000] {processor.py:743} INFO - Processing file /home/airflow/.local/lib/python3.7/site-packages/airflow/example_dags/example_sensor_decorator.py for tasks to queue
[2024-06-12T19:48:33.721+0000] {logging_mixin.py:137} INFO - [2024-06-12T19:48:33.721+0000] {dagbag.py:538} INFO - Filling up the DagBag from /home/airflow/.local/lib/python3.7/site-packages/airflow/example_dags/example_sensor_decorator.py
[2024-06-12T19:48:33.834+0000] {processor.py:753} INFO - DAG(s) dict_keys(['example_sensor_decorator']) retrieved from /home/airflow/.local/lib/python3.7/site-packages/airflow/example_dags/example_sensor_decorator.py
[2024-06-12T19:48:33.960+0000] {logging_mixin.py:137} INFO - [2024-06-12T19:48:33.960+0000] {dag.py:2690} INFO - Sync 1 DAGs
[2024-06-12T19:48:34.081+0000] {logging_mixin.py:137} INFO - [2024-06-12T19:48:34.081+0000] {dag.py:3441} INFO - Setting next_dagrun for example_sensor_decorator to None, run_after=None
[2024-06-12T19:48:34.218+0000] {processor.py:175} INFO - Processing /home/airflow/.local/lib/python3.7/site-packages/airflow/example_dags/example_sensor_decorator.py took 0.522 seconds
[2024-06-12T19:49:07.793+0000] {processor.py:153} INFO - Started process (PID=526) to work on /home/airflow/.local/lib/python3.7/site-packages/airflow/example_dags/example_sensor_decorator.py
[2024-06-12T19:49:07.808+0000] {processor.py:743} INFO - Processing file /home/airflow/.local/lib/python3.7/site-packages/airflow/example_dags/example_sensor_decorator.py for tasks to queue
[2024-06-12T19:49:07.815+0000] {logging_mixin.py:137} INFO - [2024-06-12T19:49:07.815+0000] {dagbag.py:538} INFO - Filling up the DagBag from /home/airflow/.local/lib/python3.7/site-packages/airflow/example_dags/example_sensor_decorator.py
[2024-06-12T19:49:08.202+0000] {processor.py:753} INFO - DAG(s) dict_keys(['example_sensor_decorator']) retrieved from /home/airflow/.local/lib/python3.7/site-packages/airflow/example_dags/example_sensor_decorator.py
[2024-06-12T19:49:08.641+0000] {logging_mixin.py:137} INFO - [2024-06-12T19:49:08.641+0000] {dag.py:2690} INFO - Sync 1 DAGs
[2024-06-12T19:49:09.027+0000] {logging_mixin.py:137} INFO - [2024-06-12T19:49:09.026+0000] {dag.py:3441} INFO - Setting next_dagrun for example_sensor_decorator to None, run_after=None
[2024-06-12T19:49:09.385+0000] {processor.py:175} INFO - Processing /home/airflow/.local/lib/python3.7/site-packages/airflow/example_dags/example_sensor_decorator.py took 1.603 seconds
[2024-06-12T19:49:39.536+0000] {processor.py:153} INFO - Started process (PID=586) to work on /home/airflow/.local/lib/python3.7/site-packages/airflow/example_dags/example_sensor_decorator.py
[2024-06-12T19:49:39.546+0000] {processor.py:743} INFO - Processing file /home/airflow/.local/lib/python3.7/site-packages/airflow/example_dags/example_sensor_decorator.py for tasks to queue
[2024-06-12T19:49:39.563+0000] {logging_mixin.py:137} INFO - [2024-06-12T19:49:39.562+0000] {dagbag.py:538} INFO - Filling up the DagBag from /home/airflow/.local/lib/python3.7/site-packages/airflow/example_dags/example_sensor_decorator.py
[2024-06-12T19:49:39.768+0000] {processor.py:753} INFO - DAG(s) dict_keys(['example_sensor_decorator']) retrieved from /home/airflow/.local/lib/python3.7/site-packages/airflow/example_dags/example_sensor_decorator.py
[2024-06-12T19:49:40.029+0000] {logging_mixin.py:137} INFO - [2024-06-12T19:49:40.029+0000] {dag.py:2690} INFO - Sync 1 DAGs
[2024-06-12T19:49:40.370+0000] {logging_mixin.py:137} INFO - [2024-06-12T19:49:40.370+0000] {dag.py:3441} INFO - Setting next_dagrun for example_sensor_decorator to None, run_after=None
[2024-06-12T19:49:40.548+0000] {processor.py:175} INFO - Processing /home/airflow/.local/lib/python3.7/site-packages/airflow/example_dags/example_sensor_decorator.py took 1.023 seconds
[2024-06-12T19:50:13.967+0000] {processor.py:153} INFO - Started process (PID=640) to work on /home/airflow/.local/lib/python3.7/site-packages/airflow/example_dags/example_sensor_decorator.py
[2024-06-12T19:50:14.048+0000] {processor.py:743} INFO - Processing file /home/airflow/.local/lib/python3.7/site-packages/airflow/example_dags/example_sensor_decorator.py for tasks to queue
[2024-06-12T19:50:14.208+0000] {logging_mixin.py:137} INFO - [2024-06-12T19:50:14.208+0000] {dagbag.py:538} INFO - Filling up the DagBag from /home/airflow/.local/lib/python3.7/site-packages/airflow/example_dags/example_sensor_decorator.py
[2024-06-12T19:50:14.689+0000] {processor.py:753} INFO - DAG(s) dict_keys(['example_sensor_decorator']) retrieved from /home/airflow/.local/lib/python3.7/site-packages/airflow/example_dags/example_sensor_decorator.py
[2024-06-12T19:50:15.414+0000] {logging_mixin.py:137} INFO - [2024-06-12T19:50:15.414+0000] {dag.py:2690} INFO - Sync 1 DAGs
[2024-06-12T19:50:15.895+0000] {logging_mixin.py:137} INFO - [2024-06-12T19:50:15.895+0000] {dag.py:3441} INFO - Setting next_dagrun for example_sensor_decorator to None, run_after=None
[2024-06-12T19:50:16.354+0000] {processor.py:175} INFO - Processing /home/airflow/.local/lib/python3.7/site-packages/airflow/example_dags/example_sensor_decorator.py took 2.449 seconds
[2024-06-12T19:51:04.866+0000] {processor.py:153} INFO - Started process (PID=694) to work on /home/airflow/.local/lib/python3.7/site-packages/airflow/example_dags/example_sensor_decorator.py
[2024-06-12T19:51:04.886+0000] {processor.py:743} INFO - Processing file /home/airflow/.local/lib/python3.7/site-packages/airflow/example_dags/example_sensor_decorator.py for tasks to queue
[2024-06-12T19:51:04.917+0000] {logging_mixin.py:137} INFO - [2024-06-12T19:51:04.917+0000] {dagbag.py:538} INFO - Filling up the DagBag from /home/airflow/.local/lib/python3.7/site-packages/airflow/example_dags/example_sensor_decorator.py
[2024-06-12T19:51:05.510+0000] {processor.py:753} INFO - DAG(s) dict_keys(['example_sensor_decorator']) retrieved from /home/airflow/.local/lib/python3.7/site-packages/airflow/example_dags/example_sensor_decorator.py
[2024-06-12T19:51:06.831+0000] {logging_mixin.py:137} INFO - [2024-06-12T19:51:06.831+0000] {dag.py:2690} INFO - Sync 1 DAGs
[2024-06-12T19:51:07.168+0000] {logging_mixin.py:137} INFO - [2024-06-12T19:51:07.167+0000] {dag.py:3441} INFO - Setting next_dagrun for example_sensor_decorator to None, run_after=None
[2024-06-12T19:51:07.411+0000] {processor.py:175} INFO - Processing /home/airflow/.local/lib/python3.7/site-packages/airflow/example_dags/example_sensor_decorator.py took 2.672 seconds
[2024-06-12T19:51:46.843+0000] {processor.py:153} INFO - Started process (PID=747) to work on /home/airflow/.local/lib/python3.7/site-packages/airflow/example_dags/example_sensor_decorator.py
[2024-06-12T19:51:46.856+0000] {processor.py:743} INFO - Processing file /home/airflow/.local/lib/python3.7/site-packages/airflow/example_dags/example_sensor_decorator.py for tasks to queue
[2024-06-12T19:51:46.881+0000] {logging_mixin.py:137} INFO - [2024-06-12T19:51:46.881+0000] {dagbag.py:538} INFO - Filling up the DagBag from /home/airflow/.local/lib/python3.7/site-packages/airflow/example_dags/example_sensor_decorator.py
[2024-06-12T19:51:47.517+0000] {processor.py:753} INFO - DAG(s) dict_keys(['example_sensor_decorator']) retrieved from /home/airflow/.local/lib/python3.7/site-packages/airflow/example_dags/example_sensor_decorator.py
[2024-06-12T19:51:48.046+0000] {logging_mixin.py:137} INFO - [2024-06-12T19:51:48.030+0000] {dag.py:2690} INFO - Sync 1 DAGs
[2024-06-12T19:51:49.151+0000] {logging_mixin.py:137} INFO - [2024-06-12T19:51:49.150+0000] {dag.py:3441} INFO - Setting next_dagrun for example_sensor_decorator to None, run_after=None
[2024-06-12T19:51:49.488+0000] {processor.py:175} INFO - Processing /home/airflow/.local/lib/python3.7/site-packages/airflow/example_dags/example_sensor_decorator.py took 2.671 seconds
[2024-06-12T19:52:31.483+0000] {processor.py:153} INFO - Started process (PID=807) to work on /home/airflow/.local/lib/python3.7/site-packages/airflow/example_dags/example_sensor_decorator.py
[2024-06-12T19:52:31.498+0000] {processor.py:743} INFO - Processing file /home/airflow/.local/lib/python3.7/site-packages/airflow/example_dags/example_sensor_decorator.py for tasks to queue
[2024-06-12T19:52:31.516+0000] {logging_mixin.py:137} INFO - [2024-06-12T19:52:31.515+0000] {dagbag.py:538} INFO - Filling up the DagBag from /home/airflow/.local/lib/python3.7/site-packages/airflow/example_dags/example_sensor_decorator.py
[2024-06-12T19:52:31.841+0000] {processor.py:753} INFO - DAG(s) dict_keys(['example_sensor_decorator']) retrieved from /home/airflow/.local/lib/python3.7/site-packages/airflow/example_dags/example_sensor_decorator.py
[2024-06-12T19:52:32.317+0000] {logging_mixin.py:137} INFO - [2024-06-12T19:52:32.316+0000] {dag.py:2690} INFO - Sync 1 DAGs
[2024-06-12T19:52:33.356+0000] {logging_mixin.py:137} INFO - [2024-06-12T19:52:33.296+0000] {dag.py:3441} INFO - Setting next_dagrun for example_sensor_decorator to None, run_after=None
[2024-06-12T19:52:33.793+0000] {processor.py:175} INFO - Processing /home/airflow/.local/lib/python3.7/site-packages/airflow/example_dags/example_sensor_decorator.py took 2.423 seconds
[2024-06-12T19:53:12.542+0000] {processor.py:153} INFO - Started process (PID=867) to work on /home/airflow/.local/lib/python3.7/site-packages/airflow/example_dags/example_sensor_decorator.py
[2024-06-12T19:53:12.546+0000] {processor.py:743} INFO - Processing file /home/airflow/.local/lib/python3.7/site-packages/airflow/example_dags/example_sensor_decorator.py for tasks to queue
[2024-06-12T19:53:12.563+0000] {logging_mixin.py:137} INFO - [2024-06-12T19:53:12.562+0000] {dagbag.py:538} INFO - Filling up the DagBag from /home/airflow/.local/lib/python3.7/site-packages/airflow/example_dags/example_sensor_decorator.py
[2024-06-12T19:53:12.928+0000] {processor.py:753} INFO - DAG(s) dict_keys(['example_sensor_decorator']) retrieved from /home/airflow/.local/lib/python3.7/site-packages/airflow/example_dags/example_sensor_decorator.py
[2024-06-12T19:53:13.384+0000] {logging_mixin.py:137} INFO - [2024-06-12T19:53:13.383+0000] {dag.py:2690} INFO - Sync 1 DAGs
[2024-06-12T19:53:13.565+0000] {logging_mixin.py:137} INFO - [2024-06-12T19:53:13.564+0000] {dag.py:3441} INFO - Setting next_dagrun for example_sensor_decorator to None, run_after=None
[2024-06-12T19:53:13.958+0000] {processor.py:175} INFO - Processing /home/airflow/.local/lib/python3.7/site-packages/airflow/example_dags/example_sensor_decorator.py took 1.520 seconds
[2024-06-12T19:53:51.892+0000] {processor.py:153} INFO - Started process (PID=931) to work on /home/airflow/.local/lib/python3.7/site-packages/airflow/example_dags/example_sensor_decorator.py
[2024-06-12T19:53:51.924+0000] {processor.py:743} INFO - Processing file /home/airflow/.local/lib/python3.7/site-packages/airflow/example_dags/example_sensor_decorator.py for tasks to queue
[2024-06-12T19:53:51.958+0000] {logging_mixin.py:137} INFO - [2024-06-12T19:53:51.958+0000] {dagbag.py:538} INFO - Filling up the DagBag from /home/airflow/.local/lib/python3.7/site-packages/airflow/example_dags/example_sensor_decorator.py
[2024-06-12T19:53:52.212+0000] {processor.py:753} INFO - DAG(s) dict_keys(['example_sensor_decorator']) retrieved from /home/airflow/.local/lib/python3.7/site-packages/airflow/example_dags/example_sensor_decorator.py
[2024-06-12T19:53:52.434+0000] {logging_mixin.py:137} INFO - [2024-06-12T19:53:52.434+0000] {dag.py:2690} INFO - Sync 1 DAGs
[2024-06-12T19:53:52.736+0000] {logging_mixin.py:137} INFO - [2024-06-12T19:53:52.736+0000] {dag.py:3441} INFO - Setting next_dagrun for example_sensor_decorator to None, run_after=None
[2024-06-12T19:53:53.078+0000] {processor.py:175} INFO - Processing /home/airflow/.local/lib/python3.7/site-packages/airflow/example_dags/example_sensor_decorator.py took 1.203 seconds
[2024-06-12T19:54:38.224+0000] {processor.py:153} INFO - Started process (PID=995) to work on /home/airflow/.local/lib/python3.7/site-packages/airflow/example_dags/example_sensor_decorator.py
[2024-06-12T19:54:38.284+0000] {processor.py:743} INFO - Processing file /home/airflow/.local/lib/python3.7/site-packages/airflow/example_dags/example_sensor_decorator.py for tasks to queue
[2024-06-12T19:54:38.316+0000] {logging_mixin.py:137} INFO - [2024-06-12T19:54:38.304+0000] {dagbag.py:538} INFO - Filling up the DagBag from /home/airflow/.local/lib/python3.7/site-packages/airflow/example_dags/example_sensor_decorator.py
[2024-06-12T19:54:38.558+0000] {processor.py:753} INFO - DAG(s) dict_keys(['example_sensor_decorator']) retrieved from /home/airflow/.local/lib/python3.7/site-packages/airflow/example_dags/example_sensor_decorator.py
[2024-06-12T19:54:39.093+0000] {logging_mixin.py:137} INFO - [2024-06-12T19:54:39.092+0000] {dag.py:2690} INFO - Sync 1 DAGs
[2024-06-12T19:54:39.727+0000] {logging_mixin.py:137} INFO - [2024-06-12T19:54:39.701+0000] {dag.py:3441} INFO - Setting next_dagrun for example_sensor_decorator to None, run_after=None
[2024-06-12T19:54:40.417+0000] {processor.py:175} INFO - Processing /home/airflow/.local/lib/python3.7/site-packages/airflow/example_dags/example_sensor_decorator.py took 2.211 seconds
[2024-06-12T19:55:31.033+0000] {processor.py:153} INFO - Started process (PID=1062) to work on /home/airflow/.local/lib/python3.7/site-packages/airflow/example_dags/example_sensor_decorator.py
[2024-06-12T19:55:31.042+0000] {processor.py:743} INFO - Processing file /home/airflow/.local/lib/python3.7/site-packages/airflow/example_dags/example_sensor_decorator.py for tasks to queue
[2024-06-12T19:55:31.065+0000] {logging_mixin.py:137} INFO - [2024-06-12T19:55:31.065+0000] {dagbag.py:538} INFO - Filling up the DagBag from /home/airflow/.local/lib/python3.7/site-packages/airflow/example_dags/example_sensor_decorator.py
[2024-06-12T19:55:31.635+0000] {processor.py:753} INFO - DAG(s) dict_keys(['example_sensor_decorator']) retrieved from /home/airflow/.local/lib/python3.7/site-packages/airflow/example_dags/example_sensor_decorator.py
[2024-06-12T19:55:31.993+0000] {logging_mixin.py:137} INFO - [2024-06-12T19:55:31.992+0000] {dag.py:2690} INFO - Sync 1 DAGs
[2024-06-12T19:55:32.197+0000] {logging_mixin.py:137} INFO - [2024-06-12T19:55:32.197+0000] {dag.py:3441} INFO - Setting next_dagrun for example_sensor_decorator to None, run_after=None
[2024-06-12T19:55:32.430+0000] {processor.py:175} INFO - Processing /home/airflow/.local/lib/python3.7/site-packages/airflow/example_dags/example_sensor_decorator.py took 1.499 seconds
[2024-06-12T19:56:08.190+0000] {processor.py:153} INFO - Started process (PID=1118) to work on /home/airflow/.local/lib/python3.7/site-packages/airflow/example_dags/example_sensor_decorator.py
[2024-06-12T19:56:08.212+0000] {processor.py:743} INFO - Processing file /home/airflow/.local/lib/python3.7/site-packages/airflow/example_dags/example_sensor_decorator.py for tasks to queue
[2024-06-12T19:56:08.228+0000] {logging_mixin.py:137} INFO - [2024-06-12T19:56:08.227+0000] {dagbag.py:538} INFO - Filling up the DagBag from /home/airflow/.local/lib/python3.7/site-packages/airflow/example_dags/example_sensor_decorator.py
[2024-06-12T19:56:08.541+0000] {processor.py:753} INFO - DAG(s) dict_keys(['example_sensor_decorator']) retrieved from /home/airflow/.local/lib/python3.7/site-packages/airflow/example_dags/example_sensor_decorator.py
[2024-06-12T19:56:08.934+0000] {logging_mixin.py:137} INFO - [2024-06-12T19:56:08.934+0000] {dag.py:2690} INFO - Sync 1 DAGs
[2024-06-12T19:56:09.120+0000] {logging_mixin.py:137} INFO - [2024-06-12T19:56:09.119+0000] {dag.py:3441} INFO - Setting next_dagrun for example_sensor_decorator to None, run_after=None
[2024-06-12T19:56:09.496+0000] {processor.py:175} INFO - Processing /home/airflow/.local/lib/python3.7/site-packages/airflow/example_dags/example_sensor_decorator.py took 1.361 seconds
[2024-06-12T19:56:43.354+0000] {processor.py:153} INFO - Started process (PID=1175) to work on /home/airflow/.local/lib/python3.7/site-packages/airflow/example_dags/example_sensor_decorator.py
[2024-06-12T19:56:43.482+0000] {processor.py:743} INFO - Processing file /home/airflow/.local/lib/python3.7/site-packages/airflow/example_dags/example_sensor_decorator.py for tasks to queue
[2024-06-12T19:56:43.659+0000] {logging_mixin.py:137} INFO - [2024-06-12T19:56:43.659+0000] {dagbag.py:538} INFO - Filling up the DagBag from /home/airflow/.local/lib/python3.7/site-packages/airflow/example_dags/example_sensor_decorator.py
[2024-06-12T19:56:44.032+0000] {processor.py:753} INFO - DAG(s) dict_keys(['example_sensor_decorator']) retrieved from /home/airflow/.local/lib/python3.7/site-packages/airflow/example_dags/example_sensor_decorator.py
[2024-06-12T19:56:44.573+0000] {logging_mixin.py:137} INFO - [2024-06-12T19:56:44.545+0000] {dag.py:2690} INFO - Sync 1 DAGs
[2024-06-12T19:56:44.982+0000] {logging_mixin.py:137} INFO - [2024-06-12T19:56:44.981+0000] {dag.py:3441} INFO - Setting next_dagrun for example_sensor_decorator to None, run_after=None
[2024-06-12T19:56:45.244+0000] {processor.py:175} INFO - Processing /home/airflow/.local/lib/python3.7/site-packages/airflow/example_dags/example_sensor_decorator.py took 1.920 seconds
[2024-06-12T19:57:29.961+0000] {processor.py:153} INFO - Started process (PID=1231) to work on /home/airflow/.local/lib/python3.7/site-packages/airflow/example_dags/example_sensor_decorator.py
[2024-06-12T19:57:30.172+0000] {processor.py:743} INFO - Processing file /home/airflow/.local/lib/python3.7/site-packages/airflow/example_dags/example_sensor_decorator.py for tasks to queue
[2024-06-12T19:57:30.394+0000] {logging_mixin.py:137} INFO - [2024-06-12T19:57:30.394+0000] {dagbag.py:538} INFO - Filling up the DagBag from /home/airflow/.local/lib/python3.7/site-packages/airflow/example_dags/example_sensor_decorator.py
[2024-06-12T19:57:31.014+0000] {processor.py:753} INFO - DAG(s) dict_keys(['example_sensor_decorator']) retrieved from /home/airflow/.local/lib/python3.7/site-packages/airflow/example_dags/example_sensor_decorator.py
[2024-06-12T19:57:32.063+0000] {logging_mixin.py:137} INFO - [2024-06-12T19:57:32.062+0000] {dag.py:2690} INFO - Sync 1 DAGs
[2024-06-12T19:57:32.465+0000] {logging_mixin.py:137} INFO - [2024-06-12T19:57:32.465+0000] {dag.py:3441} INFO - Setting next_dagrun for example_sensor_decorator to None, run_after=None
[2024-06-12T19:57:33.165+0000] {processor.py:175} INFO - Processing /home/airflow/.local/lib/python3.7/site-packages/airflow/example_dags/example_sensor_decorator.py took 3.254 seconds
[2024-06-12T19:58:27.842+0000] {processor.py:153} INFO - Started process (PID=1272) to work on /home/airflow/.local/lib/python3.7/site-packages/airflow/example_dags/example_sensor_decorator.py
[2024-06-12T19:58:27.887+0000] {processor.py:743} INFO - Processing file /home/airflow/.local/lib/python3.7/site-packages/airflow/example_dags/example_sensor_decorator.py for tasks to queue
[2024-06-12T19:58:28.032+0000] {logging_mixin.py:137} INFO - [2024-06-12T19:58:28.032+0000] {dagbag.py:538} INFO - Filling up the DagBag from /home/airflow/.local/lib/python3.7/site-packages/airflow/example_dags/example_sensor_decorator.py
[2024-06-12T19:58:29.178+0000] {processor.py:753} INFO - DAG(s) dict_keys(['example_sensor_decorator']) retrieved from /home/airflow/.local/lib/python3.7/site-packages/airflow/example_dags/example_sensor_decorator.py
[2024-06-12T19:58:29.700+0000] {logging_mixin.py:137} INFO - [2024-06-12T19:58:29.700+0000] {dag.py:2690} INFO - Sync 1 DAGs
[2024-06-12T19:58:30.865+0000] {logging_mixin.py:137} INFO - [2024-06-12T19:58:30.865+0000] {dag.py:3441} INFO - Setting next_dagrun for example_sensor_decorator to None, run_after=None
[2024-06-12T19:58:31.565+0000] {processor.py:175} INFO - Processing /home/airflow/.local/lib/python3.7/site-packages/airflow/example_dags/example_sensor_decorator.py took 3.820 seconds
[2024-06-12T20:00:28.098+0000] {processor.py:153} INFO - Started process (PID=1367) to work on /home/airflow/.local/lib/python3.7/site-packages/airflow/example_dags/example_sensor_decorator.py
[2024-06-12T20:00:28.129+0000] {processor.py:743} INFO - Processing file /home/airflow/.local/lib/python3.7/site-packages/airflow/example_dags/example_sensor_decorator.py for tasks to queue
[2024-06-12T20:00:28.281+0000] {logging_mixin.py:137} INFO - [2024-06-12T20:00:28.281+0000] {dagbag.py:538} INFO - Filling up the DagBag from /home/airflow/.local/lib/python3.7/site-packages/airflow/example_dags/example_sensor_decorator.py
[2024-06-12T20:00:29.861+0000] {processor.py:753} INFO - DAG(s) dict_keys(['example_sensor_decorator']) retrieved from /home/airflow/.local/lib/python3.7/site-packages/airflow/example_dags/example_sensor_decorator.py
[2024-06-12T20:00:31.113+0000] {logging_mixin.py:137} INFO - [2024-06-12T20:00:31.113+0000] {dag.py:2690} INFO - Sync 1 DAGs
[2024-06-12T20:00:34.223+0000] {logging_mixin.py:137} INFO - [2024-06-12T20:00:33.948+0000] {dag.py:3441} INFO - Setting next_dagrun for example_sensor_decorator to None, run_after=None
[2024-06-12T20:00:36.865+0000] {processor.py:175} INFO - Processing /home/airflow/.local/lib/python3.7/site-packages/airflow/example_dags/example_sensor_decorator.py took 9.004 seconds
[2024-06-12T20:03:00.820+0000] {processor.py:153} INFO - Started process (PID=1480) to work on /home/airflow/.local/lib/python3.7/site-packages/airflow/example_dags/example_sensor_decorator.py
[2024-06-12T20:03:00.854+0000] {processor.py:743} INFO - Processing file /home/airflow/.local/lib/python3.7/site-packages/airflow/example_dags/example_sensor_decorator.py for tasks to queue
[2024-06-12T20:03:00.887+0000] {logging_mixin.py:137} INFO - [2024-06-12T20:03:00.887+0000] {dagbag.py:538} INFO - Filling up the DagBag from /home/airflow/.local/lib/python3.7/site-packages/airflow/example_dags/example_sensor_decorator.py
[2024-06-12T20:03:02.705+0000] {processor.py:753} INFO - DAG(s) dict_keys(['example_sensor_decorator']) retrieved from /home/airflow/.local/lib/python3.7/site-packages/airflow/example_dags/example_sensor_decorator.py
[2024-06-12T20:03:04.364+0000] {logging_mixin.py:137} INFO - [2024-06-12T20:03:04.353+0000] {dag.py:2690} INFO - Sync 1 DAGs
[2024-06-12T20:03:06.192+0000] {logging_mixin.py:137} INFO - [2024-06-12T20:03:06.191+0000] {dag.py:3441} INFO - Setting next_dagrun for example_sensor_decorator to None, run_after=None
[2024-06-12T20:03:08.881+0000] {processor.py:175} INFO - Processing /home/airflow/.local/lib/python3.7/site-packages/airflow/example_dags/example_sensor_decorator.py took 8.374 seconds
[2024-06-12T20:05:49.201+0000] {processor.py:153} INFO - Started process (PID=1604) to work on /home/airflow/.local/lib/python3.7/site-packages/airflow/example_dags/example_sensor_decorator.py
[2024-06-12T20:05:49.237+0000] {processor.py:743} INFO - Processing file /home/airflow/.local/lib/python3.7/site-packages/airflow/example_dags/example_sensor_decorator.py for tasks to queue
[2024-06-12T20:05:49.254+0000] {logging_mixin.py:137} INFO - [2024-06-12T20:05:49.253+0000] {dagbag.py:538} INFO - Filling up the DagBag from /home/airflow/.local/lib/python3.7/site-packages/airflow/example_dags/example_sensor_decorator.py
[2024-06-12T20:05:50.706+0000] {processor.py:753} INFO - DAG(s) dict_keys(['example_sensor_decorator']) retrieved from /home/airflow/.local/lib/python3.7/site-packages/airflow/example_dags/example_sensor_decorator.py
[2024-06-12T20:05:52.169+0000] {logging_mixin.py:137} INFO - [2024-06-12T20:05:52.169+0000] {dag.py:2690} INFO - Sync 1 DAGs
[2024-06-12T20:05:54.740+0000] {logging_mixin.py:137} INFO - [2024-06-12T20:05:54.740+0000] {dag.py:3441} INFO - Setting next_dagrun for example_sensor_decorator to None, run_after=None
[2024-06-12T20:05:55.752+0000] {processor.py:175} INFO - Processing /home/airflow/.local/lib/python3.7/site-packages/airflow/example_dags/example_sensor_decorator.py took 6.742 seconds
[2024-06-12T20:09:02.929+0000] {processor.py:153} INFO - Started process (PID=1746) to work on /home/airflow/.local/lib/python3.7/site-packages/airflow/example_dags/example_sensor_decorator.py
[2024-06-12T20:09:03.011+0000] {processor.py:743} INFO - Processing file /home/airflow/.local/lib/python3.7/site-packages/airflow/example_dags/example_sensor_decorator.py for tasks to queue
[2024-06-12T20:09:03.075+0000] {logging_mixin.py:137} INFO - [2024-06-12T20:09:03.075+0000] {dagbag.py:538} INFO - Filling up the DagBag from /home/airflow/.local/lib/python3.7/site-packages/airflow/example_dags/example_sensor_decorator.py
[2024-06-12T20:09:04.781+0000] {processor.py:753} INFO - DAG(s) dict_keys(['example_sensor_decorator']) retrieved from /home/airflow/.local/lib/python3.7/site-packages/airflow/example_dags/example_sensor_decorator.py
[2024-06-12T20:09:06.065+0000] {logging_mixin.py:137} INFO - [2024-06-12T20:09:06.065+0000] {dag.py:2690} INFO - Sync 1 DAGs
[2024-06-12T20:09:09.164+0000] {logging_mixin.py:137} INFO - [2024-06-12T20:09:09.162+0000] {dag.py:3441} INFO - Setting next_dagrun for example_sensor_decorator to None, run_after=None
[2024-06-12T20:09:11.169+0000] {processor.py:175} INFO - Processing /home/airflow/.local/lib/python3.7/site-packages/airflow/example_dags/example_sensor_decorator.py took 8.241 seconds
[2024-06-12T20:12:12.054+0000] {processor.py:153} INFO - Started process (PID=1891) to work on /home/airflow/.local/lib/python3.7/site-packages/airflow/example_dags/example_sensor_decorator.py
[2024-06-12T20:12:12.405+0000] {processor.py:743} INFO - Processing file /home/airflow/.local/lib/python3.7/site-packages/airflow/example_dags/example_sensor_decorator.py for tasks to queue
[2024-06-12T20:12:12.423+0000] {logging_mixin.py:137} INFO - [2024-06-12T20:12:12.423+0000] {dagbag.py:538} INFO - Filling up the DagBag from /home/airflow/.local/lib/python3.7/site-packages/airflow/example_dags/example_sensor_decorator.py
[2024-06-12T20:12:14.480+0000] {processor.py:753} INFO - DAG(s) dict_keys(['example_sensor_decorator']) retrieved from /home/airflow/.local/lib/python3.7/site-packages/airflow/example_dags/example_sensor_decorator.py
[2024-06-12T20:12:15.865+0000] {logging_mixin.py:137} INFO - [2024-06-12T20:12:15.865+0000] {dag.py:2690} INFO - Sync 1 DAGs
[2024-06-12T20:12:19.652+0000] {logging_mixin.py:137} INFO - [2024-06-12T20:12:19.642+0000] {dag.py:3441} INFO - Setting next_dagrun for example_sensor_decorator to None, run_after=None
[2024-06-12T20:12:21.092+0000] {processor.py:175} INFO - Processing /home/airflow/.local/lib/python3.7/site-packages/airflow/example_dags/example_sensor_decorator.py took 9.459 seconds
[2024-06-12T20:13:56.786+0000] {processor.py:153} INFO - Started process (PID=1988) to work on /home/airflow/.local/lib/python3.7/site-packages/airflow/example_dags/example_sensor_decorator.py
[2024-06-12T20:13:56.831+0000] {processor.py:743} INFO - Processing file /home/airflow/.local/lib/python3.7/site-packages/airflow/example_dags/example_sensor_decorator.py for tasks to queue
[2024-06-12T20:13:56.884+0000] {logging_mixin.py:137} INFO - [2024-06-12T20:13:56.883+0000] {dagbag.py:538} INFO - Filling up the DagBag from /home/airflow/.local/lib/python3.7/site-packages/airflow/example_dags/example_sensor_decorator.py
[2024-06-12T20:13:57.844+0000] {processor.py:753} INFO - DAG(s) dict_keys(['example_sensor_decorator']) retrieved from /home/airflow/.local/lib/python3.7/site-packages/airflow/example_dags/example_sensor_decorator.py
[2024-06-12T20:13:58.207+0000] {logging_mixin.py:137} INFO - [2024-06-12T20:13:58.207+0000] {dag.py:2690} INFO - Sync 1 DAGs
[2024-06-12T20:13:58.848+0000] {logging_mixin.py:137} INFO - [2024-06-12T20:13:58.848+0000] {dag.py:3441} INFO - Setting next_dagrun for example_sensor_decorator to None, run_after=None
[2024-06-12T20:13:59.354+0000] {processor.py:175} INFO - Processing /home/airflow/.local/lib/python3.7/site-packages/airflow/example_dags/example_sensor_decorator.py took 2.632 seconds
[2024-06-12T20:14:44.453+0000] {processor.py:153} INFO - Started process (PID=2038) to work on /home/airflow/.local/lib/python3.7/site-packages/airflow/example_dags/example_sensor_decorator.py
[2024-06-12T20:14:44.468+0000] {processor.py:743} INFO - Processing file /home/airflow/.local/lib/python3.7/site-packages/airflow/example_dags/example_sensor_decorator.py for tasks to queue
[2024-06-12T20:14:44.517+0000] {logging_mixin.py:137} INFO - [2024-06-12T20:14:44.517+0000] {dagbag.py:538} INFO - Filling up the DagBag from /home/airflow/.local/lib/python3.7/site-packages/airflow/example_dags/example_sensor_decorator.py
[2024-06-12T20:14:45.349+0000] {processor.py:753} INFO - DAG(s) dict_keys(['example_sensor_decorator']) retrieved from /home/airflow/.local/lib/python3.7/site-packages/airflow/example_dags/example_sensor_decorator.py
[2024-06-12T20:14:46.282+0000] {logging_mixin.py:137} INFO - [2024-06-12T20:14:46.282+0000] {dag.py:2690} INFO - Sync 1 DAGs
[2024-06-12T20:14:47.075+0000] {logging_mixin.py:137} INFO - [2024-06-12T20:14:47.075+0000] {dag.py:3441} INFO - Setting next_dagrun for example_sensor_decorator to None, run_after=None
[2024-06-12T20:14:47.403+0000] {processor.py:175} INFO - Processing /home/airflow/.local/lib/python3.7/site-packages/airflow/example_dags/example_sensor_decorator.py took 3.055 seconds
[2024-06-12T20:15:31.737+0000] {processor.py:153} INFO - Started process (PID=2092) to work on /home/airflow/.local/lib/python3.7/site-packages/airflow/example_dags/example_sensor_decorator.py
[2024-06-12T20:15:31.744+0000] {processor.py:743} INFO - Processing file /home/airflow/.local/lib/python3.7/site-packages/airflow/example_dags/example_sensor_decorator.py for tasks to queue
[2024-06-12T20:15:31.746+0000] {logging_mixin.py:137} INFO - [2024-06-12T20:15:31.745+0000] {dagbag.py:538} INFO - Filling up the DagBag from /home/airflow/.local/lib/python3.7/site-packages/airflow/example_dags/example_sensor_decorator.py
[2024-06-12T20:15:32.515+0000] {processor.py:753} INFO - DAG(s) dict_keys(['example_sensor_decorator']) retrieved from /home/airflow/.local/lib/python3.7/site-packages/airflow/example_dags/example_sensor_decorator.py
[2024-06-12T20:15:33.084+0000] {logging_mixin.py:137} INFO - [2024-06-12T20:15:33.083+0000] {dag.py:2690} INFO - Sync 1 DAGs
[2024-06-12T20:15:33.918+0000] {logging_mixin.py:137} INFO - [2024-06-12T20:15:33.918+0000] {dag.py:3441} INFO - Setting next_dagrun for example_sensor_decorator to None, run_after=None
[2024-06-12T20:15:34.684+0000] {processor.py:175} INFO - Processing /home/airflow/.local/lib/python3.7/site-packages/airflow/example_dags/example_sensor_decorator.py took 3.008 seconds
[2024-06-12T20:16:06.308+0000] {processor.py:153} INFO - Started process (PID=2135) to work on /home/airflow/.local/lib/python3.7/site-packages/airflow/example_dags/example_sensor_decorator.py
[2024-06-12T20:16:06.324+0000] {processor.py:743} INFO - Processing file /home/airflow/.local/lib/python3.7/site-packages/airflow/example_dags/example_sensor_decorator.py for tasks to queue
[2024-06-12T20:16:06.340+0000] {logging_mixin.py:137} INFO - [2024-06-12T20:16:06.339+0000] {dagbag.py:538} INFO - Filling up the DagBag from /home/airflow/.local/lib/python3.7/site-packages/airflow/example_dags/example_sensor_decorator.py
[2024-06-12T20:16:06.778+0000] {processor.py:753} INFO - DAG(s) dict_keys(['example_sensor_decorator']) retrieved from /home/airflow/.local/lib/python3.7/site-packages/airflow/example_dags/example_sensor_decorator.py
[2024-06-12T20:16:07.168+0000] {logging_mixin.py:137} INFO - [2024-06-12T20:16:07.168+0000] {dag.py:2690} INFO - Sync 1 DAGs
[2024-06-12T20:16:07.679+0000] {logging_mixin.py:137} INFO - [2024-06-12T20:16:07.679+0000] {dag.py:3441} INFO - Setting next_dagrun for example_sensor_decorator to None, run_after=None
[2024-06-12T20:16:07.839+0000] {processor.py:175} INFO - Processing /home/airflow/.local/lib/python3.7/site-packages/airflow/example_dags/example_sensor_decorator.py took 1.604 seconds
[2024-06-12T20:16:52.634+0000] {processor.py:153} INFO - Started process (PID=2192) to work on /home/airflow/.local/lib/python3.7/site-packages/airflow/example_dags/example_sensor_decorator.py
[2024-06-12T20:16:52.650+0000] {processor.py:743} INFO - Processing file /home/airflow/.local/lib/python3.7/site-packages/airflow/example_dags/example_sensor_decorator.py for tasks to queue
[2024-06-12T20:16:52.668+0000] {logging_mixin.py:137} INFO - [2024-06-12T20:16:52.667+0000] {dagbag.py:538} INFO - Filling up the DagBag from /home/airflow/.local/lib/python3.7/site-packages/airflow/example_dags/example_sensor_decorator.py
[2024-06-12T20:16:53.196+0000] {processor.py:753} INFO - DAG(s) dict_keys(['example_sensor_decorator']) retrieved from /home/airflow/.local/lib/python3.7/site-packages/airflow/example_dags/example_sensor_decorator.py
[2024-06-12T20:16:53.644+0000] {logging_mixin.py:137} INFO - [2024-06-12T20:16:53.633+0000] {dag.py:2690} INFO - Sync 1 DAGs
[2024-06-12T20:16:54.219+0000] {logging_mixin.py:137} INFO - [2024-06-12T20:16:54.218+0000] {dag.py:3441} INFO - Setting next_dagrun for example_sensor_decorator to None, run_after=None
[2024-06-12T20:16:54.573+0000] {processor.py:175} INFO - Processing /home/airflow/.local/lib/python3.7/site-packages/airflow/example_dags/example_sensor_decorator.py took 1.992 seconds
[2024-06-12T20:18:12.798+0000] {processor.py:153} INFO - Started process (PID=2272) to work on /home/airflow/.local/lib/python3.7/site-packages/airflow/example_dags/example_sensor_decorator.py
[2024-06-12T20:18:12.861+0000] {processor.py:743} INFO - Processing file /home/airflow/.local/lib/python3.7/site-packages/airflow/example_dags/example_sensor_decorator.py for tasks to queue
[2024-06-12T20:18:12.891+0000] {logging_mixin.py:137} INFO - [2024-06-12T20:18:12.891+0000] {dagbag.py:538} INFO - Filling up the DagBag from /home/airflow/.local/lib/python3.7/site-packages/airflow/example_dags/example_sensor_decorator.py
[2024-06-12T20:18:14.580+0000] {processor.py:753} INFO - DAG(s) dict_keys(['example_sensor_decorator']) retrieved from /home/airflow/.local/lib/python3.7/site-packages/airflow/example_dags/example_sensor_decorator.py
[2024-06-12T20:18:15.498+0000] {logging_mixin.py:137} INFO - [2024-06-12T20:18:15.498+0000] {dag.py:2690} INFO - Sync 1 DAGs
[2024-06-12T20:18:16.503+0000] {logging_mixin.py:137} INFO - [2024-06-12T20:18:16.503+0000] {dag.py:3441} INFO - Setting next_dagrun for example_sensor_decorator to None, run_after=None
[2024-06-12T20:18:17.422+0000] {processor.py:175} INFO - Processing /home/airflow/.local/lib/python3.7/site-packages/airflow/example_dags/example_sensor_decorator.py took 4.683 seconds
[2024-06-12T20:19:13.134+0000] {processor.py:153} INFO - Started process (PID=2332) to work on /home/airflow/.local/lib/python3.7/site-packages/airflow/example_dags/example_sensor_decorator.py
[2024-06-12T20:19:13.165+0000] {processor.py:743} INFO - Processing file /home/airflow/.local/lib/python3.7/site-packages/airflow/example_dags/example_sensor_decorator.py for tasks to queue
[2024-06-12T20:19:13.181+0000] {logging_mixin.py:137} INFO - [2024-06-12T20:19:13.176+0000] {dagbag.py:538} INFO - Filling up the DagBag from /home/airflow/.local/lib/python3.7/site-packages/airflow/example_dags/example_sensor_decorator.py
[2024-06-12T20:19:13.775+0000] {processor.py:753} INFO - DAG(s) dict_keys(['example_sensor_decorator']) retrieved from /home/airflow/.local/lib/python3.7/site-packages/airflow/example_dags/example_sensor_decorator.py
[2024-06-12T20:19:14.156+0000] {logging_mixin.py:137} INFO - [2024-06-12T20:19:14.155+0000] {dag.py:2690} INFO - Sync 1 DAGs
[2024-06-12T20:19:15.045+0000] {logging_mixin.py:137} INFO - [2024-06-12T20:19:15.044+0000] {dag.py:3441} INFO - Setting next_dagrun for example_sensor_decorator to None, run_after=None
[2024-06-12T20:19:15.514+0000] {processor.py:175} INFO - Processing /home/airflow/.local/lib/python3.7/site-packages/airflow/example_dags/example_sensor_decorator.py took 2.444 seconds
[2024-06-12T20:20:05.133+0000] {processor.py:153} INFO - Started process (PID=2388) to work on /home/airflow/.local/lib/python3.7/site-packages/airflow/example_dags/example_sensor_decorator.py
[2024-06-12T20:20:05.169+0000] {processor.py:743} INFO - Processing file /home/airflow/.local/lib/python3.7/site-packages/airflow/example_dags/example_sensor_decorator.py for tasks to queue
[2024-06-12T20:20:05.191+0000] {logging_mixin.py:137} INFO - [2024-06-12T20:20:05.191+0000] {dagbag.py:538} INFO - Filling up the DagBag from /home/airflow/.local/lib/python3.7/site-packages/airflow/example_dags/example_sensor_decorator.py
[2024-06-12T20:20:06.265+0000] {processor.py:753} INFO - DAG(s) dict_keys(['example_sensor_decorator']) retrieved from /home/airflow/.local/lib/python3.7/site-packages/airflow/example_dags/example_sensor_decorator.py
[2024-06-12T20:20:06.729+0000] {logging_mixin.py:137} INFO - [2024-06-12T20:20:06.729+0000] {dag.py:2690} INFO - Sync 1 DAGs
[2024-06-12T20:20:07.461+0000] {logging_mixin.py:137} INFO - [2024-06-12T20:20:07.450+0000] {dag.py:3441} INFO - Setting next_dagrun for example_sensor_decorator to None, run_after=None
[2024-06-12T20:20:07.988+0000] {processor.py:175} INFO - Processing /home/airflow/.local/lib/python3.7/site-packages/airflow/example_dags/example_sensor_decorator.py took 2.932 seconds
[2024-06-12T20:21:14.134+0000] {processor.py:153} INFO - Started process (PID=2453) to work on /home/airflow/.local/lib/python3.7/site-packages/airflow/example_dags/example_sensor_decorator.py
[2024-06-12T20:21:14.144+0000] {processor.py:743} INFO - Processing file /home/airflow/.local/lib/python3.7/site-packages/airflow/example_dags/example_sensor_decorator.py for tasks to queue
[2024-06-12T20:21:14.149+0000] {logging_mixin.py:137} INFO - [2024-06-12T20:21:14.148+0000] {dagbag.py:538} INFO - Filling up the DagBag from /home/airflow/.local/lib/python3.7/site-packages/airflow/example_dags/example_sensor_decorator.py
[2024-06-12T20:21:14.743+0000] {processor.py:753} INFO - DAG(s) dict_keys(['example_sensor_decorator']) retrieved from /home/airflow/.local/lib/python3.7/site-packages/airflow/example_dags/example_sensor_decorator.py
[2024-06-12T20:21:15.240+0000] {logging_mixin.py:137} INFO - [2024-06-12T20:21:15.218+0000] {dag.py:2690} INFO - Sync 1 DAGs
[2024-06-12T20:21:16.058+0000] {logging_mixin.py:137} INFO - [2024-06-12T20:21:16.057+0000] {dag.py:3441} INFO - Setting next_dagrun for example_sensor_decorator to None, run_after=None
[2024-06-12T20:21:16.352+0000] {processor.py:175} INFO - Processing /home/airflow/.local/lib/python3.7/site-packages/airflow/example_dags/example_sensor_decorator.py took 2.271 seconds
[2024-06-12T20:22:13.667+0000] {processor.py:153} INFO - Started process (PID=2516) to work on /home/airflow/.local/lib/python3.7/site-packages/airflow/example_dags/example_sensor_decorator.py
[2024-06-12T20:22:13.706+0000] {processor.py:743} INFO - Processing file /home/airflow/.local/lib/python3.7/site-packages/airflow/example_dags/example_sensor_decorator.py for tasks to queue
[2024-06-12T20:22:13.731+0000] {logging_mixin.py:137} INFO - [2024-06-12T20:22:13.730+0000] {dagbag.py:538} INFO - Filling up the DagBag from /home/airflow/.local/lib/python3.7/site-packages/airflow/example_dags/example_sensor_decorator.py
[2024-06-12T20:22:14.895+0000] {processor.py:753} INFO - DAG(s) dict_keys(['example_sensor_decorator']) retrieved from /home/airflow/.local/lib/python3.7/site-packages/airflow/example_dags/example_sensor_decorator.py
[2024-06-12T20:22:15.496+0000] {logging_mixin.py:137} INFO - [2024-06-12T20:22:15.495+0000] {dag.py:2690} INFO - Sync 1 DAGs
[2024-06-12T20:22:16.964+0000] {logging_mixin.py:137} INFO - [2024-06-12T20:22:16.964+0000] {dag.py:3441} INFO - Setting next_dagrun for example_sensor_decorator to None, run_after=None
[2024-06-12T20:22:17.570+0000] {processor.py:175} INFO - Processing /home/airflow/.local/lib/python3.7/site-packages/airflow/example_dags/example_sensor_decorator.py took 3.926 seconds
[2024-06-12T20:23:15.859+0000] {processor.py:153} INFO - Started process (PID=2577) to work on /home/airflow/.local/lib/python3.7/site-packages/airflow/example_dags/example_sensor_decorator.py
[2024-06-12T20:23:15.886+0000] {processor.py:743} INFO - Processing file /home/airflow/.local/lib/python3.7/site-packages/airflow/example_dags/example_sensor_decorator.py for tasks to queue
[2024-06-12T20:23:15.902+0000] {logging_mixin.py:137} INFO - [2024-06-12T20:23:15.901+0000] {dagbag.py:538} INFO - Filling up the DagBag from /home/airflow/.local/lib/python3.7/site-packages/airflow/example_dags/example_sensor_decorator.py
[2024-06-12T20:23:16.524+0000] {processor.py:753} INFO - DAG(s) dict_keys(['example_sensor_decorator']) retrieved from /home/airflow/.local/lib/python3.7/site-packages/airflow/example_dags/example_sensor_decorator.py
[2024-06-12T20:23:17.419+0000] {logging_mixin.py:137} INFO - [2024-06-12T20:23:17.418+0000] {dag.py:2690} INFO - Sync 1 DAGs
[2024-06-12T20:23:18.076+0000] {logging_mixin.py:137} INFO - [2024-06-12T20:23:18.075+0000] {dag.py:3441} INFO - Setting next_dagrun for example_sensor_decorator to None, run_after=None
[2024-06-12T20:23:18.913+0000] {processor.py:175} INFO - Processing /home/airflow/.local/lib/python3.7/site-packages/airflow/example_dags/example_sensor_decorator.py took 3.076 seconds
[2024-06-12T20:24:31.140+0000] {processor.py:153} INFO - Started process (PID=2641) to work on /home/airflow/.local/lib/python3.7/site-packages/airflow/example_dags/example_sensor_decorator.py
[2024-06-12T20:24:31.155+0000] {processor.py:743} INFO - Processing file /home/airflow/.local/lib/python3.7/site-packages/airflow/example_dags/example_sensor_decorator.py for tasks to queue
[2024-06-12T20:24:31.255+0000] {logging_mixin.py:137} INFO - [2024-06-12T20:24:31.255+0000] {dagbag.py:538} INFO - Filling up the DagBag from /home/airflow/.local/lib/python3.7/site-packages/airflow/example_dags/example_sensor_decorator.py
[2024-06-12T20:24:32.043+0000] {processor.py:753} INFO - DAG(s) dict_keys(['example_sensor_decorator']) retrieved from /home/airflow/.local/lib/python3.7/site-packages/airflow/example_dags/example_sensor_decorator.py
[2024-06-12T20:24:32.985+0000] {logging_mixin.py:137} INFO - [2024-06-12T20:24:32.984+0000] {dag.py:2690} INFO - Sync 1 DAGs
[2024-06-12T20:24:33.989+0000] {logging_mixin.py:137} INFO - [2024-06-12T20:24:33.988+0000] {dag.py:3441} INFO - Setting next_dagrun for example_sensor_decorator to None, run_after=None
[2024-06-12T20:24:34.940+0000] {processor.py:175} INFO - Processing /home/airflow/.local/lib/python3.7/site-packages/airflow/example_dags/example_sensor_decorator.py took 3.847 seconds
[2024-06-12T20:25:26.072+0000] {processor.py:153} INFO - Started process (PID=2702) to work on /home/airflow/.local/lib/python3.7/site-packages/airflow/example_dags/example_sensor_decorator.py
[2024-06-12T20:25:26.103+0000] {processor.py:743} INFO - Processing file /home/airflow/.local/lib/python3.7/site-packages/airflow/example_dags/example_sensor_decorator.py for tasks to queue
[2024-06-12T20:25:26.127+0000] {logging_mixin.py:137} INFO - [2024-06-12T20:25:26.126+0000] {dagbag.py:538} INFO - Filling up the DagBag from /home/airflow/.local/lib/python3.7/site-packages/airflow/example_dags/example_sensor_decorator.py
[2024-06-12T20:25:26.416+0000] {processor.py:753} INFO - DAG(s) dict_keys(['example_sensor_decorator']) retrieved from /home/airflow/.local/lib/python3.7/site-packages/airflow/example_dags/example_sensor_decorator.py
[2024-06-12T20:25:27.362+0000] {logging_mixin.py:137} INFO - [2024-06-12T20:25:27.362+0000] {dag.py:2690} INFO - Sync 1 DAGs
[2024-06-12T20:25:28.445+0000] {logging_mixin.py:137} INFO - [2024-06-12T20:25:28.444+0000] {dag.py:3441} INFO - Setting next_dagrun for example_sensor_decorator to None, run_after=None
[2024-06-12T20:25:29.257+0000] {processor.py:175} INFO - Processing /home/airflow/.local/lib/python3.7/site-packages/airflow/example_dags/example_sensor_decorator.py took 3.263 seconds
[2024-06-12T20:26:14.977+0000] {processor.py:153} INFO - Started process (PID=2747) to work on /home/airflow/.local/lib/python3.7/site-packages/airflow/example_dags/example_sensor_decorator.py
[2024-06-12T20:26:15.012+0000] {processor.py:743} INFO - Processing file /home/airflow/.local/lib/python3.7/site-packages/airflow/example_dags/example_sensor_decorator.py for tasks to queue
[2024-06-12T20:26:15.027+0000] {logging_mixin.py:137} INFO - [2024-06-12T20:26:15.027+0000] {dagbag.py:538} INFO - Filling up the DagBag from /home/airflow/.local/lib/python3.7/site-packages/airflow/example_dags/example_sensor_decorator.py
[2024-06-12T20:26:16.086+0000] {processor.py:753} INFO - DAG(s) dict_keys(['example_sensor_decorator']) retrieved from /home/airflow/.local/lib/python3.7/site-packages/airflow/example_dags/example_sensor_decorator.py
[2024-06-12T20:26:16.543+0000] {logging_mixin.py:137} INFO - [2024-06-12T20:26:16.543+0000] {dag.py:2690} INFO - Sync 1 DAGs
[2024-06-12T20:26:17.076+0000] {logging_mixin.py:137} INFO - [2024-06-12T20:26:17.075+0000] {dag.py:3441} INFO - Setting next_dagrun for example_sensor_decorator to None, run_after=None
[2024-06-12T20:26:17.529+0000] {processor.py:175} INFO - Processing /home/airflow/.local/lib/python3.7/site-packages/airflow/example_dags/example_sensor_decorator.py took 2.676 seconds
[2024-06-12T20:27:21.293+0000] {processor.py:153} INFO - Started process (PID=2811) to work on /home/airflow/.local/lib/python3.7/site-packages/airflow/example_dags/example_sensor_decorator.py
[2024-06-12T20:27:21.310+0000] {processor.py:743} INFO - Processing file /home/airflow/.local/lib/python3.7/site-packages/airflow/example_dags/example_sensor_decorator.py for tasks to queue
[2024-06-12T20:27:21.324+0000] {logging_mixin.py:137} INFO - [2024-06-12T20:27:21.324+0000] {dagbag.py:538} INFO - Filling up the DagBag from /home/airflow/.local/lib/python3.7/site-packages/airflow/example_dags/example_sensor_decorator.py
[2024-06-12T20:27:22.149+0000] {processor.py:753} INFO - DAG(s) dict_keys(['example_sensor_decorator']) retrieved from /home/airflow/.local/lib/python3.7/site-packages/airflow/example_dags/example_sensor_decorator.py
[2024-06-12T20:27:22.929+0000] {logging_mixin.py:137} INFO - [2024-06-12T20:27:22.928+0000] {dag.py:2690} INFO - Sync 1 DAGs
[2024-06-12T20:27:23.480+0000] {logging_mixin.py:137} INFO - [2024-06-12T20:27:23.480+0000] {dag.py:3441} INFO - Setting next_dagrun for example_sensor_decorator to None, run_after=None
[2024-06-12T20:27:23.863+0000] {processor.py:175} INFO - Processing /home/airflow/.local/lib/python3.7/site-packages/airflow/example_dags/example_sensor_decorator.py took 2.698 seconds
[2024-06-12T20:28:09.939+0000] {processor.py:153} INFO - Started process (PID=2866) to work on /home/airflow/.local/lib/python3.7/site-packages/airflow/example_dags/example_sensor_decorator.py
[2024-06-12T20:28:09.955+0000] {processor.py:743} INFO - Processing file /home/airflow/.local/lib/python3.7/site-packages/airflow/example_dags/example_sensor_decorator.py for tasks to queue
[2024-06-12T20:28:09.974+0000] {logging_mixin.py:137} INFO - [2024-06-12T20:28:09.973+0000] {dagbag.py:538} INFO - Filling up the DagBag from /home/airflow/.local/lib/python3.7/site-packages/airflow/example_dags/example_sensor_decorator.py
[2024-06-12T20:28:10.386+0000] {processor.py:753} INFO - DAG(s) dict_keys(['example_sensor_decorator']) retrieved from /home/airflow/.local/lib/python3.7/site-packages/airflow/example_dags/example_sensor_decorator.py
[2024-06-12T20:28:10.589+0000] {logging_mixin.py:137} INFO - [2024-06-12T20:28:10.589+0000] {dag.py:2690} INFO - Sync 1 DAGs
[2024-06-12T20:28:10.936+0000] {logging_mixin.py:137} INFO - [2024-06-12T20:28:10.935+0000] {dag.py:3441} INFO - Setting next_dagrun for example_sensor_decorator to None, run_after=None
[2024-06-12T20:28:11.558+0000] {processor.py:175} INFO - Processing /home/airflow/.local/lib/python3.7/site-packages/airflow/example_dags/example_sensor_decorator.py took 1.639 seconds
[2024-06-12T20:28:50.817+0000] {processor.py:153} INFO - Started process (PID=2910) to work on /home/airflow/.local/lib/python3.7/site-packages/airflow/example_dags/example_sensor_decorator.py
[2024-06-12T20:28:50.833+0000] {processor.py:743} INFO - Processing file /home/airflow/.local/lib/python3.7/site-packages/airflow/example_dags/example_sensor_decorator.py for tasks to queue
[2024-06-12T20:28:50.850+0000] {logging_mixin.py:137} INFO - [2024-06-12T20:28:50.849+0000] {dagbag.py:538} INFO - Filling up the DagBag from /home/airflow/.local/lib/python3.7/site-packages/airflow/example_dags/example_sensor_decorator.py
[2024-06-12T20:28:51.360+0000] {processor.py:753} INFO - DAG(s) dict_keys(['example_sensor_decorator']) retrieved from /home/airflow/.local/lib/python3.7/site-packages/airflow/example_dags/example_sensor_decorator.py
[2024-06-12T20:28:51.695+0000] {logging_mixin.py:137} INFO - [2024-06-12T20:28:51.695+0000] {dag.py:2690} INFO - Sync 1 DAGs
[2024-06-12T20:28:52.343+0000] {logging_mixin.py:137} INFO - [2024-06-12T20:28:52.342+0000] {dag.py:3441} INFO - Setting next_dagrun for example_sensor_decorator to None, run_after=None
[2024-06-12T20:28:52.787+0000] {processor.py:175} INFO - Processing /home/airflow/.local/lib/python3.7/site-packages/airflow/example_dags/example_sensor_decorator.py took 2.000 seconds
[2024-06-12T20:29:32.119+0000] {processor.py:153} INFO - Started process (PID=2957) to work on /home/airflow/.local/lib/python3.7/site-packages/airflow/example_dags/example_sensor_decorator.py
[2024-06-12T20:29:32.127+0000] {processor.py:743} INFO - Processing file /home/airflow/.local/lib/python3.7/site-packages/airflow/example_dags/example_sensor_decorator.py for tasks to queue
[2024-06-12T20:29:32.131+0000] {logging_mixin.py:137} INFO - [2024-06-12T20:29:32.131+0000] {dagbag.py:538} INFO - Filling up the DagBag from /home/airflow/.local/lib/python3.7/site-packages/airflow/example_dags/example_sensor_decorator.py
[2024-06-12T20:29:32.455+0000] {processor.py:753} INFO - DAG(s) dict_keys(['example_sensor_decorator']) retrieved from /home/airflow/.local/lib/python3.7/site-packages/airflow/example_dags/example_sensor_decorator.py
[2024-06-12T20:29:32.908+0000] {logging_mixin.py:137} INFO - [2024-06-12T20:29:32.907+0000] {dag.py:2690} INFO - Sync 1 DAGs
[2024-06-12T20:29:33.326+0000] {logging_mixin.py:137} INFO - [2024-06-12T20:29:33.325+0000] {dag.py:3441} INFO - Setting next_dagrun for example_sensor_decorator to None, run_after=None
[2024-06-12T20:29:33.849+0000] {processor.py:175} INFO - Processing /home/airflow/.local/lib/python3.7/site-packages/airflow/example_dags/example_sensor_decorator.py took 1.780 seconds
[2024-06-12T20:30:30.925+0000] {processor.py:153} INFO - Started process (PID=3028) to work on /home/airflow/.local/lib/python3.7/site-packages/airflow/example_dags/example_sensor_decorator.py
[2024-06-12T20:30:30.937+0000] {processor.py:743} INFO - Processing file /home/airflow/.local/lib/python3.7/site-packages/airflow/example_dags/example_sensor_decorator.py for tasks to queue
[2024-06-12T20:30:30.980+0000] {logging_mixin.py:137} INFO - [2024-06-12T20:30:30.968+0000] {dagbag.py:538} INFO - Filling up the DagBag from /home/airflow/.local/lib/python3.7/site-packages/airflow/example_dags/example_sensor_decorator.py
[2024-06-12T20:30:31.837+0000] {processor.py:753} INFO - DAG(s) dict_keys(['example_sensor_decorator']) retrieved from /home/airflow/.local/lib/python3.7/site-packages/airflow/example_dags/example_sensor_decorator.py
[2024-06-12T20:30:32.289+0000] {logging_mixin.py:137} INFO - [2024-06-12T20:30:32.289+0000] {dag.py:2690} INFO - Sync 1 DAGs
[2024-06-12T20:30:33.692+0000] {logging_mixin.py:137} INFO - [2024-06-12T20:30:33.692+0000] {dag.py:3441} INFO - Setting next_dagrun for example_sensor_decorator to None, run_after=None
[2024-06-12T20:30:34.309+0000] {processor.py:175} INFO - Processing /home/airflow/.local/lib/python3.7/site-packages/airflow/example_dags/example_sensor_decorator.py took 3.454 seconds
[2024-06-12T20:31:39.600+0000] {processor.py:153} INFO - Started process (PID=3109) to work on /home/airflow/.local/lib/python3.7/site-packages/airflow/example_dags/example_sensor_decorator.py
[2024-06-12T20:31:39.647+0000] {processor.py:743} INFO - Processing file /home/airflow/.local/lib/python3.7/site-packages/airflow/example_dags/example_sensor_decorator.py for tasks to queue
[2024-06-12T20:31:39.695+0000] {logging_mixin.py:137} INFO - [2024-06-12T20:31:39.694+0000] {dagbag.py:538} INFO - Filling up the DagBag from /home/airflow/.local/lib/python3.7/site-packages/airflow/example_dags/example_sensor_decorator.py
[2024-06-12T20:31:40.454+0000] {processor.py:753} INFO - DAG(s) dict_keys(['example_sensor_decorator']) retrieved from /home/airflow/.local/lib/python3.7/site-packages/airflow/example_dags/example_sensor_decorator.py
[2024-06-12T20:31:41.415+0000] {logging_mixin.py:137} INFO - [2024-06-12T20:31:41.414+0000] {dag.py:2690} INFO - Sync 1 DAGs
[2024-06-12T20:31:41.913+0000] {logging_mixin.py:137} INFO - [2024-06-12T20:31:41.912+0000] {dag.py:3441} INFO - Setting next_dagrun for example_sensor_decorator to None, run_after=None
[2024-06-12T20:31:42.267+0000] {processor.py:175} INFO - Processing /home/airflow/.local/lib/python3.7/site-packages/airflow/example_dags/example_sensor_decorator.py took 2.701 seconds
[2024-06-12T20:32:25.328+0000] {processor.py:153} INFO - Started process (PID=3152) to work on /home/airflow/.local/lib/python3.7/site-packages/airflow/example_dags/example_sensor_decorator.py
[2024-06-12T20:32:25.356+0000] {processor.py:743} INFO - Processing file /home/airflow/.local/lib/python3.7/site-packages/airflow/example_dags/example_sensor_decorator.py for tasks to queue
[2024-06-12T20:32:25.360+0000] {logging_mixin.py:137} INFO - [2024-06-12T20:32:25.360+0000] {dagbag.py:538} INFO - Filling up the DagBag from /home/airflow/.local/lib/python3.7/site-packages/airflow/example_dags/example_sensor_decorator.py
[2024-06-12T20:32:26.328+0000] {processor.py:753} INFO - DAG(s) dict_keys(['example_sensor_decorator']) retrieved from /home/airflow/.local/lib/python3.7/site-packages/airflow/example_dags/example_sensor_decorator.py
[2024-06-12T20:32:26.810+0000] {logging_mixin.py:137} INFO - [2024-06-12T20:32:26.809+0000] {dag.py:2690} INFO - Sync 1 DAGs
[2024-06-12T20:32:27.678+0000] {logging_mixin.py:137} INFO - [2024-06-12T20:32:27.678+0000] {dag.py:3441} INFO - Setting next_dagrun for example_sensor_decorator to None, run_after=None
[2024-06-12T20:32:28.160+0000] {processor.py:175} INFO - Processing /home/airflow/.local/lib/python3.7/site-packages/airflow/example_dags/example_sensor_decorator.py took 3.055 seconds
[2024-06-12T20:33:14.472+0000] {processor.py:153} INFO - Started process (PID=3200) to work on /home/airflow/.local/lib/python3.7/site-packages/airflow/example_dags/example_sensor_decorator.py
[2024-06-12T20:33:14.501+0000] {processor.py:743} INFO - Processing file /home/airflow/.local/lib/python3.7/site-packages/airflow/example_dags/example_sensor_decorator.py for tasks to queue
[2024-06-12T20:33:14.534+0000] {logging_mixin.py:137} INFO - [2024-06-12T20:33:14.534+0000] {dagbag.py:538} INFO - Filling up the DagBag from /home/airflow/.local/lib/python3.7/site-packages/airflow/example_dags/example_sensor_decorator.py
[2024-06-12T20:33:15.290+0000] {processor.py:753} INFO - DAG(s) dict_keys(['example_sensor_decorator']) retrieved from /home/airflow/.local/lib/python3.7/site-packages/airflow/example_dags/example_sensor_decorator.py
[2024-06-12T20:33:16.189+0000] {logging_mixin.py:137} INFO - [2024-06-12T20:33:16.188+0000] {dag.py:2690} INFO - Sync 1 DAGs
[2024-06-12T20:33:16.909+0000] {logging_mixin.py:137} INFO - [2024-06-12T20:33:16.909+0000] {dag.py:3441} INFO - Setting next_dagrun for example_sensor_decorator to None, run_after=None
[2024-06-12T20:33:17.546+0000] {processor.py:175} INFO - Processing /home/airflow/.local/lib/python3.7/site-packages/airflow/example_dags/example_sensor_decorator.py took 3.116 seconds
[2024-06-12T20:34:11.863+0000] {processor.py:153} INFO - Started process (PID=3254) to work on /home/airflow/.local/lib/python3.7/site-packages/airflow/example_dags/example_sensor_decorator.py
[2024-06-12T20:34:11.892+0000] {processor.py:743} INFO - Processing file /home/airflow/.local/lib/python3.7/site-packages/airflow/example_dags/example_sensor_decorator.py for tasks to queue
[2024-06-12T20:34:11.909+0000] {logging_mixin.py:137} INFO - [2024-06-12T20:34:11.908+0000] {dagbag.py:538} INFO - Filling up the DagBag from /home/airflow/.local/lib/python3.7/site-packages/airflow/example_dags/example_sensor_decorator.py
[2024-06-12T20:34:13.129+0000] {processor.py:753} INFO - DAG(s) dict_keys(['example_sensor_decorator']) retrieved from /home/airflow/.local/lib/python3.7/site-packages/airflow/example_dags/example_sensor_decorator.py
[2024-06-12T20:34:13.888+0000] {logging_mixin.py:137} INFO - [2024-06-12T20:34:13.888+0000] {dag.py:2690} INFO - Sync 1 DAGs
[2024-06-12T20:34:14.903+0000] {logging_mixin.py:137} INFO - [2024-06-12T20:34:14.903+0000] {dag.py:3441} INFO - Setting next_dagrun for example_sensor_decorator to None, run_after=None
[2024-06-12T20:34:15.640+0000] {processor.py:175} INFO - Processing /home/airflow/.local/lib/python3.7/site-packages/airflow/example_dags/example_sensor_decorator.py took 3.899 seconds
[2024-06-12T20:35:15.502+0000] {processor.py:153} INFO - Started process (PID=3316) to work on /home/airflow/.local/lib/python3.7/site-packages/airflow/example_dags/example_sensor_decorator.py
[2024-06-12T20:35:15.533+0000] {processor.py:743} INFO - Processing file /home/airflow/.local/lib/python3.7/site-packages/airflow/example_dags/example_sensor_decorator.py for tasks to queue
[2024-06-12T20:35:15.550+0000] {logging_mixin.py:137} INFO - [2024-06-12T20:35:15.550+0000] {dagbag.py:538} INFO - Filling up the DagBag from /home/airflow/.local/lib/python3.7/site-packages/airflow/example_dags/example_sensor_decorator.py
[2024-06-12T20:35:16.177+0000] {processor.py:753} INFO - DAG(s) dict_keys(['example_sensor_decorator']) retrieved from /home/airflow/.local/lib/python3.7/site-packages/airflow/example_dags/example_sensor_decorator.py
[2024-06-12T20:35:16.671+0000] {logging_mixin.py:137} INFO - [2024-06-12T20:35:16.671+0000] {dag.py:2690} INFO - Sync 1 DAGs
[2024-06-12T20:35:17.442+0000] {logging_mixin.py:137} INFO - [2024-06-12T20:35:17.442+0000] {dag.py:3441} INFO - Setting next_dagrun for example_sensor_decorator to None, run_after=None
[2024-06-12T20:35:18.059+0000] {processor.py:175} INFO - Processing /home/airflow/.local/lib/python3.7/site-packages/airflow/example_dags/example_sensor_decorator.py took 2.621 seconds
[2024-06-12T20:36:41.086+0000] {processor.py:153} INFO - Started process (PID=3388) to work on /home/airflow/.local/lib/python3.7/site-packages/airflow/example_dags/example_sensor_decorator.py
[2024-06-12T20:36:41.104+0000] {processor.py:743} INFO - Processing file /home/airflow/.local/lib/python3.7/site-packages/airflow/example_dags/example_sensor_decorator.py for tasks to queue
[2024-06-12T20:36:41.115+0000] {logging_mixin.py:137} INFO - [2024-06-12T20:36:41.115+0000] {dagbag.py:538} INFO - Filling up the DagBag from /home/airflow/.local/lib/python3.7/site-packages/airflow/example_dags/example_sensor_decorator.py
[2024-06-12T20:36:41.476+0000] {processor.py:753} INFO - DAG(s) dict_keys(['example_sensor_decorator']) retrieved from /home/airflow/.local/lib/python3.7/site-packages/airflow/example_dags/example_sensor_decorator.py
[2024-06-12T20:36:42.123+0000] {logging_mixin.py:137} INFO - [2024-06-12T20:36:42.123+0000] {dag.py:2690} INFO - Sync 1 DAGs
[2024-06-12T20:36:43.635+0000] {logging_mixin.py:137} INFO - [2024-06-12T20:36:43.634+0000] {dag.py:3441} INFO - Setting next_dagrun for example_sensor_decorator to None, run_after=None
[2024-06-12T20:36:44.129+0000] {processor.py:175} INFO - Processing /home/airflow/.local/lib/python3.7/site-packages/airflow/example_dags/example_sensor_decorator.py took 3.160 seconds
[2024-06-12T20:38:00.212+0000] {processor.py:153} INFO - Started process (PID=3464) to work on /home/airflow/.local/lib/python3.7/site-packages/airflow/example_dags/example_sensor_decorator.py
[2024-06-12T20:38:00.222+0000] {processor.py:743} INFO - Processing file /home/airflow/.local/lib/python3.7/site-packages/airflow/example_dags/example_sensor_decorator.py for tasks to queue
[2024-06-12T20:38:00.240+0000] {logging_mixin.py:137} INFO - [2024-06-12T20:38:00.228+0000] {dagbag.py:538} INFO - Filling up the DagBag from /home/airflow/.local/lib/python3.7/site-packages/airflow/example_dags/example_sensor_decorator.py
[2024-06-12T20:38:00.747+0000] {processor.py:753} INFO - DAG(s) dict_keys(['example_sensor_decorator']) retrieved from /home/airflow/.local/lib/python3.7/site-packages/airflow/example_dags/example_sensor_decorator.py
[2024-06-12T20:38:01.310+0000] {logging_mixin.py:137} INFO - [2024-06-12T20:38:01.310+0000] {dag.py:2690} INFO - Sync 1 DAGs
[2024-06-12T20:38:01.860+0000] {logging_mixin.py:137} INFO - [2024-06-12T20:38:01.859+0000] {dag.py:3441} INFO - Setting next_dagrun for example_sensor_decorator to None, run_after=None
[2024-06-12T20:38:02.314+0000] {processor.py:175} INFO - Processing /home/airflow/.local/lib/python3.7/site-packages/airflow/example_dags/example_sensor_decorator.py took 2.209 seconds
[2024-06-12T20:38:52.261+0000] {processor.py:153} INFO - Started process (PID=3520) to work on /home/airflow/.local/lib/python3.7/site-packages/airflow/example_dags/example_sensor_decorator.py
[2024-06-12T20:38:52.280+0000] {processor.py:743} INFO - Processing file /home/airflow/.local/lib/python3.7/site-packages/airflow/example_dags/example_sensor_decorator.py for tasks to queue
[2024-06-12T20:38:52.290+0000] {logging_mixin.py:137} INFO - [2024-06-12T20:38:52.289+0000] {dagbag.py:538} INFO - Filling up the DagBag from /home/airflow/.local/lib/python3.7/site-packages/airflow/example_dags/example_sensor_decorator.py
[2024-06-12T20:38:52.477+0000] {processor.py:753} INFO - DAG(s) dict_keys(['example_sensor_decorator']) retrieved from /home/airflow/.local/lib/python3.7/site-packages/airflow/example_dags/example_sensor_decorator.py
[2024-06-12T20:38:52.698+0000] {logging_mixin.py:137} INFO - [2024-06-12T20:38:52.697+0000] {dag.py:2690} INFO - Sync 1 DAGs
[2024-06-12T20:38:52.946+0000] {logging_mixin.py:137} INFO - [2024-06-12T20:38:52.946+0000] {dag.py:3441} INFO - Setting next_dagrun for example_sensor_decorator to None, run_after=None
[2024-06-12T20:38:53.404+0000] {processor.py:175} INFO - Processing /home/airflow/.local/lib/python3.7/site-packages/airflow/example_dags/example_sensor_decorator.py took 1.150 seconds
[2024-06-12T20:39:43.905+0000] {processor.py:153} INFO - Started process (PID=3584) to work on /home/airflow/.local/lib/python3.7/site-packages/airflow/example_dags/example_sensor_decorator.py
[2024-06-12T20:39:43.918+0000] {processor.py:743} INFO - Processing file /home/airflow/.local/lib/python3.7/site-packages/airflow/example_dags/example_sensor_decorator.py for tasks to queue
[2024-06-12T20:39:43.934+0000] {logging_mixin.py:137} INFO - [2024-06-12T20:39:43.922+0000] {dagbag.py:538} INFO - Filling up the DagBag from /home/airflow/.local/lib/python3.7/site-packages/airflow/example_dags/example_sensor_decorator.py
[2024-06-12T20:39:44.470+0000] {processor.py:753} INFO - DAG(s) dict_keys(['example_sensor_decorator']) retrieved from /home/airflow/.local/lib/python3.7/site-packages/airflow/example_dags/example_sensor_decorator.py
[2024-06-12T20:39:45.155+0000] {logging_mixin.py:137} INFO - [2024-06-12T20:39:45.154+0000] {dag.py:2690} INFO - Sync 1 DAGs
[2024-06-12T20:39:45.493+0000] {logging_mixin.py:137} INFO - [2024-06-12T20:39:45.493+0000] {dag.py:3441} INFO - Setting next_dagrun for example_sensor_decorator to None, run_after=None
[2024-06-12T20:39:45.773+0000] {processor.py:175} INFO - Processing /home/airflow/.local/lib/python3.7/site-packages/airflow/example_dags/example_sensor_decorator.py took 1.900 seconds
[2024-06-12T20:40:49.386+0000] {processor.py:153} INFO - Started process (PID=3655) to work on /home/airflow/.local/lib/python3.7/site-packages/airflow/example_dags/example_sensor_decorator.py
[2024-06-12T20:40:49.403+0000] {processor.py:743} INFO - Processing file /home/airflow/.local/lib/python3.7/site-packages/airflow/example_dags/example_sensor_decorator.py for tasks to queue
[2024-06-12T20:40:49.406+0000] {logging_mixin.py:137} INFO - [2024-06-12T20:40:49.406+0000] {dagbag.py:538} INFO - Filling up the DagBag from /home/airflow/.local/lib/python3.7/site-packages/airflow/example_dags/example_sensor_decorator.py
[2024-06-12T20:40:49.584+0000] {processor.py:753} INFO - DAG(s) dict_keys(['example_sensor_decorator']) retrieved from /home/airflow/.local/lib/python3.7/site-packages/airflow/example_dags/example_sensor_decorator.py
[2024-06-12T20:40:49.799+0000] {logging_mixin.py:137} INFO - [2024-06-12T20:40:49.799+0000] {dag.py:2690} INFO - Sync 1 DAGs
[2024-06-12T20:40:50.655+0000] {logging_mixin.py:137} INFO - [2024-06-12T20:40:50.654+0000] {dag.py:3441} INFO - Setting next_dagrun for example_sensor_decorator to None, run_after=None
[2024-06-12T20:40:51.279+0000] {processor.py:175} INFO - Processing /home/airflow/.local/lib/python3.7/site-packages/airflow/example_dags/example_sensor_decorator.py took 1.922 seconds
[2024-06-12T20:41:25.982+0000] {processor.py:153} INFO - Started process (PID=3701) to work on /home/airflow/.local/lib/python3.7/site-packages/airflow/example_dags/example_sensor_decorator.py
[2024-06-12T20:41:25.998+0000] {processor.py:743} INFO - Processing file /home/airflow/.local/lib/python3.7/site-packages/airflow/example_dags/example_sensor_decorator.py for tasks to queue
[2024-06-12T20:41:26.014+0000] {logging_mixin.py:137} INFO - [2024-06-12T20:41:26.014+0000] {dagbag.py:538} INFO - Filling up the DagBag from /home/airflow/.local/lib/python3.7/site-packages/airflow/example_dags/example_sensor_decorator.py
[2024-06-12T20:41:26.275+0000] {processor.py:753} INFO - DAG(s) dict_keys(['example_sensor_decorator']) retrieved from /home/airflow/.local/lib/python3.7/site-packages/airflow/example_dags/example_sensor_decorator.py
[2024-06-12T20:41:26.763+0000] {logging_mixin.py:137} INFO - [2024-06-12T20:41:26.763+0000] {dag.py:2690} INFO - Sync 1 DAGs
[2024-06-12T20:41:27.138+0000] {logging_mixin.py:137} INFO - [2024-06-12T20:41:27.138+0000] {dag.py:3441} INFO - Setting next_dagrun for example_sensor_decorator to None, run_after=None
[2024-06-12T20:41:27.674+0000] {processor.py:175} INFO - Processing /home/airflow/.local/lib/python3.7/site-packages/airflow/example_dags/example_sensor_decorator.py took 1.717 seconds
[2024-06-12T20:42:16.517+0000] {processor.py:153} INFO - Started process (PID=3758) to work on /home/airflow/.local/lib/python3.7/site-packages/airflow/example_dags/example_sensor_decorator.py
[2024-06-12T20:42:16.538+0000] {processor.py:743} INFO - Processing file /home/airflow/.local/lib/python3.7/site-packages/airflow/example_dags/example_sensor_decorator.py for tasks to queue
[2024-06-12T20:42:16.555+0000] {logging_mixin.py:137} INFO - [2024-06-12T20:42:16.554+0000] {dagbag.py:538} INFO - Filling up the DagBag from /home/airflow/.local/lib/python3.7/site-packages/airflow/example_dags/example_sensor_decorator.py
[2024-06-12T20:42:16.960+0000] {processor.py:753} INFO - DAG(s) dict_keys(['example_sensor_decorator']) retrieved from /home/airflow/.local/lib/python3.7/site-packages/airflow/example_dags/example_sensor_decorator.py
[2024-06-12T20:42:17.410+0000] {logging_mixin.py:137} INFO - [2024-06-12T20:42:17.409+0000] {dag.py:2690} INFO - Sync 1 DAGs
[2024-06-12T20:42:17.863+0000] {logging_mixin.py:137} INFO - [2024-06-12T20:42:17.863+0000] {dag.py:3441} INFO - Setting next_dagrun for example_sensor_decorator to None, run_after=None
[2024-06-12T20:42:18.204+0000] {processor.py:175} INFO - Processing /home/airflow/.local/lib/python3.7/site-packages/airflow/example_dags/example_sensor_decorator.py took 1.709 seconds
[2024-06-12T20:43:29.767+0000] {processor.py:153} INFO - Started process (PID=3844) to work on /home/airflow/.local/lib/python3.7/site-packages/airflow/example_dags/example_sensor_decorator.py
[2024-06-12T20:43:29.784+0000] {processor.py:743} INFO - Processing file /home/airflow/.local/lib/python3.7/site-packages/airflow/example_dags/example_sensor_decorator.py for tasks to queue
[2024-06-12T20:43:29.788+0000] {logging_mixin.py:137} INFO - [2024-06-12T20:43:29.788+0000] {dagbag.py:538} INFO - Filling up the DagBag from /home/airflow/.local/lib/python3.7/site-packages/airflow/example_dags/example_sensor_decorator.py
[2024-06-12T20:43:30.157+0000] {processor.py:753} INFO - DAG(s) dict_keys(['example_sensor_decorator']) retrieved from /home/airflow/.local/lib/python3.7/site-packages/airflow/example_dags/example_sensor_decorator.py
[2024-06-12T20:43:30.883+0000] {logging_mixin.py:137} INFO - [2024-06-12T20:43:30.882+0000] {dag.py:2690} INFO - Sync 1 DAGs
[2024-06-12T20:43:31.674+0000] {logging_mixin.py:137} INFO - [2024-06-12T20:43:31.673+0000] {dag.py:3441} INFO - Setting next_dagrun for example_sensor_decorator to None, run_after=None
[2024-06-12T20:43:32.337+0000] {processor.py:175} INFO - Processing /home/airflow/.local/lib/python3.7/site-packages/airflow/example_dags/example_sensor_decorator.py took 2.662 seconds
[2024-06-12T20:44:10.236+0000] {processor.py:153} INFO - Started process (PID=3885) to work on /home/airflow/.local/lib/python3.7/site-packages/airflow/example_dags/example_sensor_decorator.py
[2024-06-12T20:44:10.299+0000] {processor.py:743} INFO - Processing file /home/airflow/.local/lib/python3.7/site-packages/airflow/example_dags/example_sensor_decorator.py for tasks to queue
[2024-06-12T20:44:10.331+0000] {logging_mixin.py:137} INFO - [2024-06-12T20:44:10.331+0000] {dagbag.py:538} INFO - Filling up the DagBag from /home/airflow/.local/lib/python3.7/site-packages/airflow/example_dags/example_sensor_decorator.py
[2024-06-12T20:44:10.939+0000] {processor.py:753} INFO - DAG(s) dict_keys(['example_sensor_decorator']) retrieved from /home/airflow/.local/lib/python3.7/site-packages/airflow/example_dags/example_sensor_decorator.py
[2024-06-12T20:44:11.402+0000] {logging_mixin.py:137} INFO - [2024-06-12T20:44:11.402+0000] {dag.py:2690} INFO - Sync 1 DAGs
[2024-06-12T20:44:11.951+0000] {logging_mixin.py:137} INFO - [2024-06-12T20:44:11.950+0000] {dag.py:3441} INFO - Setting next_dagrun for example_sensor_decorator to None, run_after=None
[2024-06-12T20:44:12.496+0000] {processor.py:175} INFO - Processing /home/airflow/.local/lib/python3.7/site-packages/airflow/example_dags/example_sensor_decorator.py took 2.323 seconds
[2024-06-12T20:45:12.267+0000] {processor.py:153} INFO - Started process (PID=3964) to work on /home/airflow/.local/lib/python3.7/site-packages/airflow/example_dags/example_sensor_decorator.py
[2024-06-12T20:45:12.312+0000] {processor.py:743} INFO - Processing file /home/airflow/.local/lib/python3.7/site-packages/airflow/example_dags/example_sensor_decorator.py for tasks to queue
[2024-06-12T20:45:12.331+0000] {logging_mixin.py:137} INFO - [2024-06-12T20:45:12.330+0000] {dagbag.py:538} INFO - Filling up the DagBag from /home/airflow/.local/lib/python3.7/site-packages/airflow/example_dags/example_sensor_decorator.py
[2024-06-12T20:45:12.675+0000] {processor.py:753} INFO - DAG(s) dict_keys(['example_sensor_decorator']) retrieved from /home/airflow/.local/lib/python3.7/site-packages/airflow/example_dags/example_sensor_decorator.py
[2024-06-12T20:45:13.006+0000] {logging_mixin.py:137} INFO - [2024-06-12T20:45:13.005+0000] {dag.py:2690} INFO - Sync 1 DAGs
[2024-06-12T20:45:13.426+0000] {logging_mixin.py:137} INFO - [2024-06-12T20:45:13.426+0000] {dag.py:3441} INFO - Setting next_dagrun for example_sensor_decorator to None, run_after=None
[2024-06-12T20:45:13.751+0000] {processor.py:175} INFO - Processing /home/airflow/.local/lib/python3.7/site-packages/airflow/example_dags/example_sensor_decorator.py took 1.514 seconds
[2024-06-12T20:46:03.816+0000] {processor.py:153} INFO - Started process (PID=4025) to work on /home/airflow/.local/lib/python3.7/site-packages/airflow/example_dags/example_sensor_decorator.py
[2024-06-12T20:46:03.830+0000] {processor.py:743} INFO - Processing file /home/airflow/.local/lib/python3.7/site-packages/airflow/example_dags/example_sensor_decorator.py for tasks to queue
[2024-06-12T20:46:03.849+0000] {logging_mixin.py:137} INFO - [2024-06-12T20:46:03.849+0000] {dagbag.py:538} INFO - Filling up the DagBag from /home/airflow/.local/lib/python3.7/site-packages/airflow/example_dags/example_sensor_decorator.py
[2024-06-12T20:46:04.595+0000] {processor.py:753} INFO - DAG(s) dict_keys(['example_sensor_decorator']) retrieved from /home/airflow/.local/lib/python3.7/site-packages/airflow/example_dags/example_sensor_decorator.py
[2024-06-12T20:46:05.252+0000] {logging_mixin.py:137} INFO - [2024-06-12T20:46:05.252+0000] {dag.py:2690} INFO - Sync 1 DAGs
[2024-06-12T20:46:05.720+0000] {logging_mixin.py:137} INFO - [2024-06-12T20:46:05.719+0000] {dag.py:3441} INFO - Setting next_dagrun for example_sensor_decorator to None, run_after=None
[2024-06-12T20:46:06.078+0000] {processor.py:175} INFO - Processing /home/airflow/.local/lib/python3.7/site-packages/airflow/example_dags/example_sensor_decorator.py took 2.377 seconds
[2024-06-12T20:47:08.355+0000] {processor.py:153} INFO - Started process (PID=4099) to work on /home/airflow/.local/lib/python3.7/site-packages/airflow/example_dags/example_sensor_decorator.py
[2024-06-12T20:47:08.416+0000] {processor.py:743} INFO - Processing file /home/airflow/.local/lib/python3.7/site-packages/airflow/example_dags/example_sensor_decorator.py for tasks to queue
[2024-06-12T20:47:08.450+0000] {logging_mixin.py:137} INFO - [2024-06-12T20:47:08.449+0000] {dagbag.py:538} INFO - Filling up the DagBag from /home/airflow/.local/lib/python3.7/site-packages/airflow/example_dags/example_sensor_decorator.py
[2024-06-12T20:47:09.077+0000] {processor.py:753} INFO - DAG(s) dict_keys(['example_sensor_decorator']) retrieved from /home/airflow/.local/lib/python3.7/site-packages/airflow/example_dags/example_sensor_decorator.py
[2024-06-12T20:47:10.118+0000] {logging_mixin.py:137} INFO - [2024-06-12T20:47:10.117+0000] {dag.py:2690} INFO - Sync 1 DAGs
[2024-06-12T20:47:11.037+0000] {logging_mixin.py:137} INFO - [2024-06-12T20:47:11.037+0000] {dag.py:3441} INFO - Setting next_dagrun for example_sensor_decorator to None, run_after=None
[2024-06-12T20:47:11.901+0000] {processor.py:175} INFO - Processing /home/airflow/.local/lib/python3.7/site-packages/airflow/example_dags/example_sensor_decorator.py took 3.610 seconds
[2024-06-12T20:47:47.809+0000] {processor.py:153} INFO - Started process (PID=4142) to work on /home/airflow/.local/lib/python3.7/site-packages/airflow/example_dags/example_sensor_decorator.py
[2024-06-12T20:47:47.838+0000] {processor.py:743} INFO - Processing file /home/airflow/.local/lib/python3.7/site-packages/airflow/example_dags/example_sensor_decorator.py for tasks to queue
[2024-06-12T20:47:47.950+0000] {logging_mixin.py:137} INFO - [2024-06-12T20:47:47.950+0000] {dagbag.py:538} INFO - Filling up the DagBag from /home/airflow/.local/lib/python3.7/site-packages/airflow/example_dags/example_sensor_decorator.py
[2024-06-12T20:47:48.569+0000] {processor.py:753} INFO - DAG(s) dict_keys(['example_sensor_decorator']) retrieved from /home/airflow/.local/lib/python3.7/site-packages/airflow/example_dags/example_sensor_decorator.py
[2024-06-12T20:47:49.838+0000] {logging_mixin.py:137} INFO - [2024-06-12T20:47:49.837+0000] {dag.py:2690} INFO - Sync 1 DAGs
[2024-06-12T20:47:51.005+0000] {logging_mixin.py:137} INFO - [2024-06-12T20:47:51.005+0000] {dag.py:3441} INFO - Setting next_dagrun for example_sensor_decorator to None, run_after=None
[2024-06-12T20:47:52.388+0000] {processor.py:175} INFO - Processing /home/airflow/.local/lib/python3.7/site-packages/airflow/example_dags/example_sensor_decorator.py took 4.660 seconds
