[2024-06-12T19:43:37.373+0000] {processor.py:153} INFO - Started process (PID=178) to work on /home/airflow/.local/lib/python3.7/site-packages/airflow/example_dags/example_sla_dag.py
[2024-06-12T19:43:37.388+0000] {processor.py:743} INFO - Processing file /home/airflow/.local/lib/python3.7/site-packages/airflow/example_dags/example_sla_dag.py for tasks to queue
[2024-06-12T19:43:37.422+0000] {logging_mixin.py:137} INFO - [2024-06-12T19:43:37.422+0000] {dagbag.py:538} INFO - Filling up the DagBag from /home/airflow/.local/lib/python3.7/site-packages/airflow/example_dags/example_sla_dag.py
[2024-06-12T19:43:38.220+0000] {processor.py:753} INFO - DAG(s) dict_keys(['example_sla_dag']) retrieved from /home/airflow/.local/lib/python3.7/site-packages/airflow/example_dags/example_sla_dag.py
[2024-06-12T19:43:39.057+0000] {logging_mixin.py:137} INFO - [2024-06-12T19:43:39.057+0000] {dag.py:2690} INFO - Sync 1 DAGs
[2024-06-12T19:43:40.567+0000] {logging_mixin.py:137} INFO - [2024-06-12T19:43:40.567+0000] {dag.py:3441} INFO - Setting next_dagrun for example_sla_dag to 2024-06-12T19:40:00+00:00, run_after=2024-06-12T19:42:00+00:00
[2024-06-12T19:43:41.909+0000] {processor.py:175} INFO - Processing /home/airflow/.local/lib/python3.7/site-packages/airflow/example_dags/example_sla_dag.py took 4.706 seconds
[2024-06-12T19:45:39.663+0000] {processor.py:153} INFO - Started process (PID=282) to work on /home/airflow/.local/lib/python3.7/site-packages/airflow/example_dags/example_sla_dag.py
[2024-06-12T19:45:39.709+0000] {processor.py:743} INFO - Processing file /home/airflow/.local/lib/python3.7/site-packages/airflow/example_dags/example_sla_dag.py for tasks to queue
[2024-06-12T19:45:39.742+0000] {logging_mixin.py:137} INFO - [2024-06-12T19:45:39.741+0000] {dagbag.py:538} INFO - Filling up the DagBag from /home/airflow/.local/lib/python3.7/site-packages/airflow/example_dags/example_sla_dag.py
[2024-06-12T19:45:40.933+0000] {processor.py:753} INFO - DAG(s) dict_keys(['example_sla_dag']) retrieved from /home/airflow/.local/lib/python3.7/site-packages/airflow/example_dags/example_sla_dag.py
[2024-06-12T19:45:42.441+0000] {logging_mixin.py:137} INFO - [2024-06-12T19:45:42.440+0000] {dag.py:2690} INFO - Sync 1 DAGs
[2024-06-12T19:45:44.677+0000] {logging_mixin.py:137} INFO - [2024-06-12T19:45:44.677+0000] {dag.py:3441} INFO - Setting next_dagrun for example_sla_dag to 2024-06-12T19:42:00+00:00, run_after=2024-06-12T19:44:00+00:00
[2024-06-12T19:45:46.558+0000] {processor.py:175} INFO - Processing /home/airflow/.local/lib/python3.7/site-packages/airflow/example_dags/example_sla_dag.py took 6.954 seconds
[2024-06-12T19:47:31.611+0000] {processor.py:153} INFO - Started process (PID=374) to work on /home/airflow/.local/lib/python3.7/site-packages/airflow/example_dags/example_sla_dag.py
[2024-06-12T19:47:31.637+0000] {processor.py:743} INFO - Processing file /home/airflow/.local/lib/python3.7/site-packages/airflow/example_dags/example_sla_dag.py for tasks to queue
[2024-06-12T19:47:31.643+0000] {logging_mixin.py:137} INFO - [2024-06-12T19:47:31.643+0000] {dagbag.py:538} INFO - Filling up the DagBag from /home/airflow/.local/lib/python3.7/site-packages/airflow/example_dags/example_sla_dag.py
[2024-06-12T19:47:32.235+0000] {processor.py:753} INFO - DAG(s) dict_keys(['example_sla_dag']) retrieved from /home/airflow/.local/lib/python3.7/site-packages/airflow/example_dags/example_sla_dag.py
[2024-06-12T19:47:33.003+0000] {logging_mixin.py:137} INFO - [2024-06-12T19:47:33.002+0000] {dag.py:2690} INFO - Sync 1 DAGs
[2024-06-12T19:47:34.441+0000] {logging_mixin.py:137} INFO - [2024-06-12T19:47:34.440+0000] {dag.py:3441} INFO - Setting next_dagrun for example_sla_dag to 2024-06-12T19:44:00+00:00, run_after=2024-06-12T19:46:00+00:00
[2024-06-12T19:47:35.586+0000] {processor.py:175} INFO - Processing /home/airflow/.local/lib/python3.7/site-packages/airflow/example_dags/example_sla_dag.py took 4.268 seconds
[2024-06-12T19:48:24.206+0000] {processor.py:153} INFO - Started process (PID=447) to work on /home/airflow/.local/lib/python3.7/site-packages/airflow/example_dags/example_sla_dag.py
[2024-06-12T19:48:24.247+0000] {processor.py:743} INFO - Processing file /home/airflow/.local/lib/python3.7/site-packages/airflow/example_dags/example_sla_dag.py for tasks to queue
[2024-06-12T19:48:24.265+0000] {logging_mixin.py:137} INFO - [2024-06-12T19:48:24.264+0000] {dagbag.py:538} INFO - Filling up the DagBag from /home/airflow/.local/lib/python3.7/site-packages/airflow/example_dags/example_sla_dag.py
[2024-06-12T19:48:24.463+0000] {processor.py:753} INFO - DAG(s) dict_keys(['example_sla_dag']) retrieved from /home/airflow/.local/lib/python3.7/site-packages/airflow/example_dags/example_sla_dag.py
[2024-06-12T19:48:24.713+0000] {logging_mixin.py:137} INFO - [2024-06-12T19:48:24.711+0000] {dag.py:2690} INFO - Sync 1 DAGs
[2024-06-12T19:48:25.113+0000] {logging_mixin.py:137} INFO - [2024-06-12T19:48:25.112+0000] {dag.py:3441} INFO - Setting next_dagrun for example_sla_dag to 2024-06-12T19:46:00+00:00, run_after=2024-06-12T19:48:00+00:00
[2024-06-12T19:48:25.305+0000] {processor.py:175} INFO - Processing /home/airflow/.local/lib/python3.7/site-packages/airflow/example_dags/example_sla_dag.py took 1.137 seconds
[2024-06-12T19:48:57.235+0000] {processor.py:153} INFO - Started process (PID=511) to work on /home/airflow/.local/lib/python3.7/site-packages/airflow/example_dags/example_sla_dag.py
[2024-06-12T19:48:57.266+0000] {processor.py:743} INFO - Processing file /home/airflow/.local/lib/python3.7/site-packages/airflow/example_dags/example_sla_dag.py for tasks to queue
[2024-06-12T19:48:57.331+0000] {logging_mixin.py:137} INFO - [2024-06-12T19:48:57.330+0000] {dagbag.py:538} INFO - Filling up the DagBag from /home/airflow/.local/lib/python3.7/site-packages/airflow/example_dags/example_sla_dag.py
[2024-06-12T19:48:57.700+0000] {processor.py:753} INFO - DAG(s) dict_keys(['example_sla_dag']) retrieved from /home/airflow/.local/lib/python3.7/site-packages/airflow/example_dags/example_sla_dag.py
[2024-06-12T19:48:58.418+0000] {logging_mixin.py:137} INFO - [2024-06-12T19:48:58.417+0000] {dag.py:2690} INFO - Sync 1 DAGs
[2024-06-12T19:48:59.305+0000] {logging_mixin.py:137} INFO - [2024-06-12T19:48:59.291+0000] {dag.py:3441} INFO - Setting next_dagrun for example_sla_dag to 2024-06-12T19:46:00+00:00, run_after=2024-06-12T19:48:00+00:00
[2024-06-12T19:48:59.810+0000] {processor.py:175} INFO - Processing /home/airflow/.local/lib/python3.7/site-packages/airflow/example_dags/example_sla_dag.py took 2.638 seconds
[2024-06-12T19:49:30.228+0000] {processor.py:153} INFO - Started process (PID=565) to work on /home/airflow/.local/lib/python3.7/site-packages/airflow/example_dags/example_sla_dag.py
[2024-06-12T19:49:30.242+0000] {processor.py:743} INFO - Processing file /home/airflow/.local/lib/python3.7/site-packages/airflow/example_dags/example_sla_dag.py for tasks to queue
[2024-06-12T19:49:30.245+0000] {logging_mixin.py:137} INFO - [2024-06-12T19:49:30.244+0000] {dagbag.py:538} INFO - Filling up the DagBag from /home/airflow/.local/lib/python3.7/site-packages/airflow/example_dags/example_sla_dag.py
[2024-06-12T19:49:30.360+0000] {processor.py:753} INFO - DAG(s) dict_keys(['example_sla_dag']) retrieved from /home/airflow/.local/lib/python3.7/site-packages/airflow/example_dags/example_sla_dag.py
[2024-06-12T19:49:30.474+0000] {logging_mixin.py:137} INFO - [2024-06-12T19:49:30.474+0000] {dag.py:2690} INFO - Sync 1 DAGs
[2024-06-12T19:49:30.716+0000] {logging_mixin.py:137} INFO - [2024-06-12T19:49:30.716+0000] {dag.py:3441} INFO - Setting next_dagrun for example_sla_dag to 2024-06-12T19:46:00+00:00, run_after=2024-06-12T19:48:00+00:00
[2024-06-12T19:49:30.839+0000] {processor.py:175} INFO - Processing /home/airflow/.local/lib/python3.7/site-packages/airflow/example_dags/example_sla_dag.py took 0.629 seconds
[2024-06-12T19:50:04.581+0000] {processor.py:153} INFO - Started process (PID=627) to work on /home/airflow/.local/lib/python3.7/site-packages/airflow/example_dags/example_sla_dag.py
[2024-06-12T19:50:04.586+0000] {processor.py:743} INFO - Processing file /home/airflow/.local/lib/python3.7/site-packages/airflow/example_dags/example_sla_dag.py for tasks to queue
[2024-06-12T19:50:04.601+0000] {logging_mixin.py:137} INFO - [2024-06-12T19:50:04.600+0000] {dagbag.py:538} INFO - Filling up the DagBag from /home/airflow/.local/lib/python3.7/site-packages/airflow/example_dags/example_sla_dag.py
[2024-06-12T19:50:04.983+0000] {processor.py:753} INFO - DAG(s) dict_keys(['example_sla_dag']) retrieved from /home/airflow/.local/lib/python3.7/site-packages/airflow/example_dags/example_sla_dag.py
[2024-06-12T19:50:05.366+0000] {logging_mixin.py:137} INFO - [2024-06-12T19:50:05.366+0000] {dag.py:2690} INFO - Sync 1 DAGs
[2024-06-12T19:50:05.948+0000] {logging_mixin.py:137} INFO - [2024-06-12T19:50:05.946+0000] {dag.py:3441} INFO - Setting next_dagrun for example_sla_dag to 2024-06-12T19:48:00+00:00, run_after=2024-06-12T19:50:00+00:00
[2024-06-12T19:50:06.125+0000] {processor.py:175} INFO - Processing /home/airflow/.local/lib/python3.7/site-packages/airflow/example_dags/example_sla_dag.py took 1.655 seconds
[2024-06-12T19:51:09.714+0000] {processor.py:153} INFO - Started process (PID=700) to work on /home/airflow/.local/lib/python3.7/site-packages/airflow/example_dags/example_sla_dag.py
[2024-06-12T19:51:09.744+0000] {processor.py:743} INFO - Processing file /home/airflow/.local/lib/python3.7/site-packages/airflow/example_dags/example_sla_dag.py for tasks to queue
[2024-06-12T19:51:09.780+0000] {logging_mixin.py:137} INFO - [2024-06-12T19:51:09.764+0000] {dagbag.py:538} INFO - Filling up the DagBag from /home/airflow/.local/lib/python3.7/site-packages/airflow/example_dags/example_sla_dag.py
[2024-06-12T19:51:10.593+0000] {processor.py:753} INFO - DAG(s) dict_keys(['example_sla_dag']) retrieved from /home/airflow/.local/lib/python3.7/site-packages/airflow/example_dags/example_sla_dag.py
[2024-06-12T19:51:10.832+0000] {logging_mixin.py:137} INFO - [2024-06-12T19:51:10.832+0000] {dag.py:2690} INFO - Sync 1 DAGs
[2024-06-12T19:51:11.472+0000] {logging_mixin.py:137} INFO - [2024-06-12T19:51:11.472+0000] {dag.py:3441} INFO - Setting next_dagrun for example_sla_dag to 2024-06-12T19:48:00+00:00, run_after=2024-06-12T19:50:00+00:00
[2024-06-12T19:51:12.050+0000] {processor.py:175} INFO - Processing /home/airflow/.local/lib/python3.7/site-packages/airflow/example_dags/example_sla_dag.py took 2.389 seconds
[2024-06-12T19:52:07.977+0000] {processor.py:153} INFO - Started process (PID=775) to work on /home/airflow/.local/lib/python3.7/site-packages/airflow/example_dags/example_sla_dag.py
[2024-06-12T19:52:07.980+0000] {processor.py:743} INFO - Processing file /home/airflow/.local/lib/python3.7/site-packages/airflow/example_dags/example_sla_dag.py for tasks to queue
[2024-06-12T19:52:07.983+0000] {logging_mixin.py:137} INFO - [2024-06-12T19:52:07.982+0000] {dagbag.py:538} INFO - Filling up the DagBag from /home/airflow/.local/lib/python3.7/site-packages/airflow/example_dags/example_sla_dag.py
[2024-06-12T19:52:08.183+0000] {processor.py:753} INFO - DAG(s) dict_keys(['example_sla_dag']) retrieved from /home/airflow/.local/lib/python3.7/site-packages/airflow/example_dags/example_sla_dag.py
[2024-06-12T19:52:08.338+0000] {logging_mixin.py:137} INFO - [2024-06-12T19:52:08.336+0000] {dag.py:2690} INFO - Sync 1 DAGs
[2024-06-12T19:52:08.592+0000] {logging_mixin.py:137} INFO - [2024-06-12T19:52:08.591+0000] {dag.py:3441} INFO - Setting next_dagrun for example_sla_dag to 2024-06-12T19:50:00+00:00, run_after=2024-06-12T19:52:00+00:00
[2024-06-12T19:52:08.976+0000] {processor.py:175} INFO - Processing /home/airflow/.local/lib/python3.7/site-packages/airflow/example_dags/example_sla_dag.py took 1.020 seconds
[2024-06-12T19:52:55.447+0000] {processor.py:153} INFO - Started process (PID=840) to work on /home/airflow/.local/lib/python3.7/site-packages/airflow/example_dags/example_sla_dag.py
[2024-06-12T19:52:55.451+0000] {processor.py:743} INFO - Processing file /home/airflow/.local/lib/python3.7/site-packages/airflow/example_dags/example_sla_dag.py for tasks to queue
[2024-06-12T19:52:55.456+0000] {logging_mixin.py:137} INFO - [2024-06-12T19:52:55.456+0000] {dagbag.py:538} INFO - Filling up the DagBag from /home/airflow/.local/lib/python3.7/site-packages/airflow/example_dags/example_sla_dag.py
[2024-06-12T19:52:55.856+0000] {processor.py:753} INFO - DAG(s) dict_keys(['example_sla_dag']) retrieved from /home/airflow/.local/lib/python3.7/site-packages/airflow/example_dags/example_sla_dag.py
[2024-06-12T19:52:56.256+0000] {logging_mixin.py:137} INFO - [2024-06-12T19:52:56.255+0000] {dag.py:2690} INFO - Sync 1 DAGs
[2024-06-12T19:52:56.736+0000] {logging_mixin.py:137} INFO - [2024-06-12T19:52:56.736+0000] {dag.py:3441} INFO - Setting next_dagrun for example_sla_dag to 2024-06-12T19:50:00+00:00, run_after=2024-06-12T19:52:00+00:00
[2024-06-12T19:52:56.987+0000] {processor.py:175} INFO - Processing /home/airflow/.local/lib/python3.7/site-packages/airflow/example_dags/example_sla_dag.py took 1.563 seconds
[2024-06-12T19:53:36.909+0000] {processor.py:153} INFO - Started process (PID=903) to work on /home/airflow/.local/lib/python3.7/site-packages/airflow/example_dags/example_sla_dag.py
[2024-06-12T19:53:36.937+0000] {processor.py:743} INFO - Processing file /home/airflow/.local/lib/python3.7/site-packages/airflow/example_dags/example_sla_dag.py for tasks to queue
[2024-06-12T19:53:36.947+0000] {logging_mixin.py:137} INFO - [2024-06-12T19:53:36.946+0000] {dagbag.py:538} INFO - Filling up the DagBag from /home/airflow/.local/lib/python3.7/site-packages/airflow/example_dags/example_sla_dag.py
[2024-06-12T19:53:37.267+0000] {processor.py:753} INFO - DAG(s) dict_keys(['example_sla_dag']) retrieved from /home/airflow/.local/lib/python3.7/site-packages/airflow/example_dags/example_sla_dag.py
[2024-06-12T19:53:37.424+0000] {logging_mixin.py:137} INFO - [2024-06-12T19:53:37.423+0000] {dag.py:2690} INFO - Sync 1 DAGs
[2024-06-12T19:53:37.680+0000] {logging_mixin.py:137} INFO - [2024-06-12T19:53:37.680+0000] {dag.py:3441} INFO - Setting next_dagrun for example_sla_dag to 2024-06-12T19:50:00+00:00, run_after=2024-06-12T19:52:00+00:00
[2024-06-12T19:53:37.935+0000] {processor.py:175} INFO - Processing /home/airflow/.local/lib/python3.7/site-packages/airflow/example_dags/example_sla_dag.py took 1.043 seconds
[2024-06-12T19:54:13.316+0000] {processor.py:153} INFO - Started process (PID=964) to work on /home/airflow/.local/lib/python3.7/site-packages/airflow/example_dags/example_sla_dag.py
[2024-06-12T19:54:13.328+0000] {processor.py:743} INFO - Processing file /home/airflow/.local/lib/python3.7/site-packages/airflow/example_dags/example_sla_dag.py for tasks to queue
[2024-06-12T19:54:13.349+0000] {logging_mixin.py:137} INFO - [2024-06-12T19:54:13.349+0000] {dagbag.py:538} INFO - Filling up the DagBag from /home/airflow/.local/lib/python3.7/site-packages/airflow/example_dags/example_sla_dag.py
[2024-06-12T19:54:13.567+0000] {processor.py:753} INFO - DAG(s) dict_keys(['example_sla_dag']) retrieved from /home/airflow/.local/lib/python3.7/site-packages/airflow/example_dags/example_sla_dag.py
[2024-06-12T19:54:13.808+0000] {logging_mixin.py:137} INFO - [2024-06-12T19:54:13.808+0000] {dag.py:2690} INFO - Sync 1 DAGs
[2024-06-12T19:54:14.238+0000] {logging_mixin.py:137} INFO - [2024-06-12T19:54:14.225+0000] {dag.py:3441} INFO - Setting next_dagrun for example_sla_dag to 2024-06-12T19:52:00+00:00, run_after=2024-06-12T19:54:00+00:00
[2024-06-12T19:54:14.853+0000] {processor.py:175} INFO - Processing /home/airflow/.local/lib/python3.7/site-packages/airflow/example_dags/example_sla_dag.py took 1.674 seconds
[2024-06-12T19:55:05.079+0000] {processor.py:153} INFO - Started process (PID=1029) to work on /home/airflow/.local/lib/python3.7/site-packages/airflow/example_dags/example_sla_dag.py
[2024-06-12T19:55:05.085+0000] {processor.py:743} INFO - Processing file /home/airflow/.local/lib/python3.7/site-packages/airflow/example_dags/example_sla_dag.py for tasks to queue
[2024-06-12T19:55:05.222+0000] {logging_mixin.py:137} INFO - [2024-06-12T19:55:05.222+0000] {dagbag.py:538} INFO - Filling up the DagBag from /home/airflow/.local/lib/python3.7/site-packages/airflow/example_dags/example_sla_dag.py
[2024-06-12T19:55:05.603+0000] {processor.py:753} INFO - DAG(s) dict_keys(['example_sla_dag']) retrieved from /home/airflow/.local/lib/python3.7/site-packages/airflow/example_dags/example_sla_dag.py
[2024-06-12T19:55:06.218+0000] {logging_mixin.py:137} INFO - [2024-06-12T19:55:06.218+0000] {dag.py:2690} INFO - Sync 1 DAGs
[2024-06-12T19:55:06.665+0000] {logging_mixin.py:137} INFO - [2024-06-12T19:55:06.665+0000] {dag.py:3441} INFO - Setting next_dagrun for example_sla_dag to 2024-06-12T19:52:00+00:00, run_after=2024-06-12T19:54:00+00:00
[2024-06-12T19:55:07.075+0000] {processor.py:175} INFO - Processing /home/airflow/.local/lib/python3.7/site-packages/airflow/example_dags/example_sla_dag.py took 2.045 seconds
[2024-06-12T19:55:58.433+0000] {processor.py:153} INFO - Started process (PID=1097) to work on /home/airflow/.local/lib/python3.7/site-packages/airflow/example_dags/example_sla_dag.py
[2024-06-12T19:55:58.467+0000] {processor.py:743} INFO - Processing file /home/airflow/.local/lib/python3.7/site-packages/airflow/example_dags/example_sla_dag.py for tasks to queue
[2024-06-12T19:55:58.502+0000] {logging_mixin.py:137} INFO - [2024-06-12T19:55:58.502+0000] {dagbag.py:538} INFO - Filling up the DagBag from /home/airflow/.local/lib/python3.7/site-packages/airflow/example_dags/example_sla_dag.py
[2024-06-12T19:55:58.821+0000] {processor.py:753} INFO - DAG(s) dict_keys(['example_sla_dag']) retrieved from /home/airflow/.local/lib/python3.7/site-packages/airflow/example_dags/example_sla_dag.py
[2024-06-12T19:55:59.035+0000] {logging_mixin.py:137} INFO - [2024-06-12T19:55:59.035+0000] {dag.py:2690} INFO - Sync 1 DAGs
[2024-06-12T19:55:59.483+0000] {logging_mixin.py:137} INFO - [2024-06-12T19:55:59.483+0000] {dag.py:3441} INFO - Setting next_dagrun for example_sla_dag to 2024-06-12T19:52:00+00:00, run_after=2024-06-12T19:54:00+00:00
[2024-06-12T19:55:59.882+0000] {processor.py:175} INFO - Processing /home/airflow/.local/lib/python3.7/site-packages/airflow/example_dags/example_sla_dag.py took 1.480 seconds
[2024-06-12T19:56:30.754+0000] {processor.py:153} INFO - Started process (PID=1162) to work on /home/airflow/.local/lib/python3.7/site-packages/airflow/example_dags/example_sla_dag.py
[2024-06-12T19:56:30.770+0000] {processor.py:743} INFO - Processing file /home/airflow/.local/lib/python3.7/site-packages/airflow/example_dags/example_sla_dag.py for tasks to queue
[2024-06-12T19:56:30.773+0000] {logging_mixin.py:137} INFO - [2024-06-12T19:56:30.772+0000] {dagbag.py:538} INFO - Filling up the DagBag from /home/airflow/.local/lib/python3.7/site-packages/airflow/example_dags/example_sla_dag.py
[2024-06-12T19:56:31.024+0000] {processor.py:753} INFO - DAG(s) dict_keys(['example_sla_dag']) retrieved from /home/airflow/.local/lib/python3.7/site-packages/airflow/example_dags/example_sla_dag.py
[2024-06-12T19:56:31.171+0000] {logging_mixin.py:137} INFO - [2024-06-12T19:56:31.171+0000] {dag.py:2690} INFO - Sync 1 DAGs
[2024-06-12T19:56:31.288+0000] {logging_mixin.py:137} INFO - [2024-06-12T19:56:31.288+0000] {dag.py:3441} INFO - Setting next_dagrun for example_sla_dag to 2024-06-12T19:54:00+00:00, run_after=2024-06-12T19:56:00+00:00
[2024-06-12T19:56:31.358+0000] {processor.py:175} INFO - Processing /home/airflow/.local/lib/python3.7/site-packages/airflow/example_dags/example_sla_dag.py took 0.637 seconds
[2024-06-12T19:57:46.662+0000] {processor.py:153} INFO - Started process (PID=1238) to work on /home/airflow/.local/lib/python3.7/site-packages/airflow/example_dags/example_sla_dag.py
[2024-06-12T19:57:46.743+0000] {processor.py:743} INFO - Processing file /home/airflow/.local/lib/python3.7/site-packages/airflow/example_dags/example_sla_dag.py for tasks to queue
[2024-06-12T19:57:46.854+0000] {logging_mixin.py:137} INFO - [2024-06-12T19:57:46.854+0000] {dagbag.py:538} INFO - Filling up the DagBag from /home/airflow/.local/lib/python3.7/site-packages/airflow/example_dags/example_sla_dag.py
[2024-06-12T19:57:47.826+0000] {processor.py:753} INFO - DAG(s) dict_keys(['example_sla_dag']) retrieved from /home/airflow/.local/lib/python3.7/site-packages/airflow/example_dags/example_sla_dag.py
[2024-06-12T19:57:49.022+0000] {logging_mixin.py:137} INFO - [2024-06-12T19:57:48.960+0000] {dag.py:2690} INFO - Sync 1 DAGs
[2024-06-12T19:57:51.134+0000] {logging_mixin.py:137} INFO - [2024-06-12T19:57:51.133+0000] {dag.py:3441} INFO - Setting next_dagrun for example_sla_dag to 2024-06-12T19:54:00+00:00, run_after=2024-06-12T19:56:00+00:00
[2024-06-12T19:57:52.085+0000] {processor.py:175} INFO - Processing /home/airflow/.local/lib/python3.7/site-packages/airflow/example_dags/example_sla_dag.py took 5.521 seconds
[2024-06-12T19:59:38.032+0000] {processor.py:153} INFO - Started process (PID=1323) to work on /home/airflow/.local/lib/python3.7/site-packages/airflow/example_dags/example_sla_dag.py
[2024-06-12T19:59:38.802+0000] {processor.py:743} INFO - Processing file /home/airflow/.local/lib/python3.7/site-packages/airflow/example_dags/example_sla_dag.py for tasks to queue
[2024-06-12T19:59:39.173+0000] {logging_mixin.py:137} INFO - [2024-06-12T19:59:39.172+0000] {dagbag.py:538} INFO - Filling up the DagBag from /home/airflow/.local/lib/python3.7/site-packages/airflow/example_dags/example_sla_dag.py
[2024-06-12T19:59:40.333+0000] {processor.py:753} INFO - DAG(s) dict_keys(['example_sla_dag']) retrieved from /home/airflow/.local/lib/python3.7/site-packages/airflow/example_dags/example_sla_dag.py
[2024-06-12T19:59:41.586+0000] {logging_mixin.py:137} INFO - [2024-06-12T19:59:41.585+0000] {dag.py:2690} INFO - Sync 1 DAGs
[2024-06-12T19:59:42.965+0000] {logging_mixin.py:137} INFO - [2024-06-12T19:59:42.964+0000] {dag.py:3441} INFO - Setting next_dagrun for example_sla_dag to 2024-06-12T19:56:00+00:00, run_after=2024-06-12T19:58:00+00:00
[2024-06-12T19:59:44.186+0000] {processor.py:175} INFO - Processing /home/airflow/.local/lib/python3.7/site-packages/airflow/example_dags/example_sla_dag.py took 6.309 seconds
[2024-06-12T20:01:55.309+0000] {processor.py:153} INFO - Started process (PID=1432) to work on /home/airflow/.local/lib/python3.7/site-packages/airflow/example_dags/example_sla_dag.py
[2024-06-12T20:01:55.420+0000] {processor.py:743} INFO - Processing file /home/airflow/.local/lib/python3.7/site-packages/airflow/example_dags/example_sla_dag.py for tasks to queue
[2024-06-12T20:01:55.469+0000] {logging_mixin.py:137} INFO - [2024-06-12T20:01:55.469+0000] {dagbag.py:538} INFO - Filling up the DagBag from /home/airflow/.local/lib/python3.7/site-packages/airflow/example_dags/example_sla_dag.py
[2024-06-12T20:01:57.130+0000] {processor.py:753} INFO - DAG(s) dict_keys(['example_sla_dag']) retrieved from /home/airflow/.local/lib/python3.7/site-packages/airflow/example_dags/example_sla_dag.py
[2024-06-12T20:01:58.567+0000] {logging_mixin.py:137} INFO - [2024-06-12T20:01:58.566+0000] {dag.py:2690} INFO - Sync 1 DAGs
[2024-06-12T20:02:00.190+0000] {logging_mixin.py:137} INFO - [2024-06-12T20:02:00.189+0000] {dag.py:3441} INFO - Setting next_dagrun for example_sla_dag to 2024-06-12T19:58:00+00:00, run_after=2024-06-12T20:00:00+00:00
[2024-06-12T20:02:02.263+0000] {processor.py:175} INFO - Processing /home/airflow/.local/lib/python3.7/site-packages/airflow/example_dags/example_sla_dag.py took 7.080 seconds
[2024-06-12T20:04:41.227+0000] {processor.py:153} INFO - Started process (PID=1554) to work on /home/airflow/.local/lib/python3.7/site-packages/airflow/example_dags/example_sla_dag.py
[2024-06-12T20:04:41.577+0000] {processor.py:743} INFO - Processing file /home/airflow/.local/lib/python3.7/site-packages/airflow/example_dags/example_sla_dag.py for tasks to queue
[2024-06-12T20:04:41.734+0000] {logging_mixin.py:137} INFO - [2024-06-12T20:04:41.733+0000] {dagbag.py:538} INFO - Filling up the DagBag from /home/airflow/.local/lib/python3.7/site-packages/airflow/example_dags/example_sla_dag.py
[2024-06-12T20:04:44.162+0000] {processor.py:753} INFO - DAG(s) dict_keys(['example_sla_dag']) retrieved from /home/airflow/.local/lib/python3.7/site-packages/airflow/example_dags/example_sla_dag.py
[2024-06-12T20:04:46.193+0000] {logging_mixin.py:137} INFO - [2024-06-12T20:04:46.192+0000] {dag.py:2690} INFO - Sync 1 DAGs
[2024-06-12T20:04:49.091+0000] {logging_mixin.py:137} INFO - [2024-06-12T20:04:49.090+0000] {dag.py:3441} INFO - Setting next_dagrun for example_sla_dag to 2024-06-12T20:02:00+00:00, run_after=2024-06-12T20:04:00+00:00
[2024-06-12T20:04:50.714+0000] {processor.py:175} INFO - Processing /home/airflow/.local/lib/python3.7/site-packages/airflow/example_dags/example_sla_dag.py took 9.567 seconds
[2024-06-12T20:07:27.399+0000] {processor.py:153} INFO - Started process (PID=1676) to work on /home/airflow/.local/lib/python3.7/site-packages/airflow/example_dags/example_sla_dag.py
[2024-06-12T20:07:27.414+0000] {processor.py:743} INFO - Processing file /home/airflow/.local/lib/python3.7/site-packages/airflow/example_dags/example_sla_dag.py for tasks to queue
[2024-06-12T20:07:27.446+0000] {logging_mixin.py:137} INFO - [2024-06-12T20:07:27.445+0000] {dagbag.py:538} INFO - Filling up the DagBag from /home/airflow/.local/lib/python3.7/site-packages/airflow/example_dags/example_sla_dag.py
[2024-06-12T20:07:29.531+0000] {processor.py:753} INFO - DAG(s) dict_keys(['example_sla_dag']) retrieved from /home/airflow/.local/lib/python3.7/site-packages/airflow/example_dags/example_sla_dag.py
[2024-06-12T20:07:31.403+0000] {logging_mixin.py:137} INFO - [2024-06-12T20:07:31.403+0000] {dag.py:2690} INFO - Sync 1 DAGs
[2024-06-12T20:07:33.533+0000] {logging_mixin.py:137} INFO - [2024-06-12T20:07:33.533+0000] {dag.py:3441} INFO - Setting next_dagrun for example_sla_dag to 2024-06-12T20:04:00+00:00, run_after=2024-06-12T20:06:00+00:00
[2024-06-12T20:07:35.064+0000] {processor.py:175} INFO - Processing /home/airflow/.local/lib/python3.7/site-packages/airflow/example_dags/example_sla_dag.py took 7.732 seconds
[2024-06-12T20:10:42.544+0000] {processor.py:153} INFO - Started process (PID=1819) to work on /home/airflow/.local/lib/python3.7/site-packages/airflow/example_dags/example_sla_dag.py
[2024-06-12T20:10:42.548+0000] {processor.py:743} INFO - Processing file /home/airflow/.local/lib/python3.7/site-packages/airflow/example_dags/example_sla_dag.py for tasks to queue
[2024-06-12T20:10:42.637+0000] {logging_mixin.py:137} INFO - [2024-06-12T20:10:42.636+0000] {dagbag.py:538} INFO - Filling up the DagBag from /home/airflow/.local/lib/python3.7/site-packages/airflow/example_dags/example_sla_dag.py
[2024-06-12T20:10:44.130+0000] {processor.py:753} INFO - DAG(s) dict_keys(['example_sla_dag']) retrieved from /home/airflow/.local/lib/python3.7/site-packages/airflow/example_dags/example_sla_dag.py
[2024-06-12T20:10:46.637+0000] {logging_mixin.py:137} INFO - [2024-06-12T20:10:46.637+0000] {dag.py:2690} INFO - Sync 1 DAGs
[2024-06-12T20:10:49.882+0000] {logging_mixin.py:137} INFO - [2024-06-12T20:10:49.881+0000] {dag.py:3441} INFO - Setting next_dagrun for example_sla_dag to 2024-06-12T20:08:00+00:00, run_after=2024-06-12T20:10:00+00:00
[2024-06-12T20:10:51.281+0000] {processor.py:175} INFO - Processing /home/airflow/.local/lib/python3.7/site-packages/airflow/example_dags/example_sla_dag.py took 9.247 seconds
[2024-06-12T20:13:22.151+0000] {processor.py:153} INFO - Started process (PID=1947) to work on /home/airflow/.local/lib/python3.7/site-packages/airflow/example_dags/example_sla_dag.py
[2024-06-12T20:13:22.158+0000] {processor.py:743} INFO - Processing file /home/airflow/.local/lib/python3.7/site-packages/airflow/example_dags/example_sla_dag.py for tasks to queue
[2024-06-12T20:13:22.169+0000] {logging_mixin.py:137} INFO - [2024-06-12T20:13:22.169+0000] {dagbag.py:538} INFO - Filling up the DagBag from /home/airflow/.local/lib/python3.7/site-packages/airflow/example_dags/example_sla_dag.py
[2024-06-12T20:13:23.309+0000] {processor.py:753} INFO - DAG(s) dict_keys(['example_sla_dag']) retrieved from /home/airflow/.local/lib/python3.7/site-packages/airflow/example_dags/example_sla_dag.py
[2024-06-12T20:13:24.649+0000] {logging_mixin.py:137} INFO - [2024-06-12T20:13:24.605+0000] {dag.py:2690} INFO - Sync 1 DAGs
[2024-06-12T20:13:26.702+0000] {logging_mixin.py:137} INFO - [2024-06-12T20:13:26.702+0000] {dag.py:3441} INFO - Setting next_dagrun for example_sla_dag to 2024-06-12T20:10:00+00:00, run_after=2024-06-12T20:12:00+00:00
[2024-06-12T20:13:27.745+0000] {processor.py:175} INFO - Processing /home/airflow/.local/lib/python3.7/site-packages/airflow/example_dags/example_sla_dag.py took 5.775 seconds
[2024-06-12T20:14:59.694+0000] {processor.py:153} INFO - Started process (PID=2058) to work on /home/airflow/.local/lib/python3.7/site-packages/airflow/example_dags/example_sla_dag.py
[2024-06-12T20:14:59.746+0000] {processor.py:743} INFO - Processing file /home/airflow/.local/lib/python3.7/site-packages/airflow/example_dags/example_sla_dag.py for tasks to queue
[2024-06-12T20:14:59.888+0000] {logging_mixin.py:137} INFO - [2024-06-12T20:14:59.887+0000] {dagbag.py:538} INFO - Filling up the DagBag from /home/airflow/.local/lib/python3.7/site-packages/airflow/example_dags/example_sla_dag.py
[2024-06-12T20:15:01.427+0000] {processor.py:753} INFO - DAG(s) dict_keys(['example_sla_dag']) retrieved from /home/airflow/.local/lib/python3.7/site-packages/airflow/example_dags/example_sla_dag.py
[2024-06-12T20:15:02.295+0000] {logging_mixin.py:137} INFO - [2024-06-12T20:15:02.295+0000] {dag.py:2690} INFO - Sync 1 DAGs
[2024-06-12T20:15:03.995+0000] {logging_mixin.py:137} INFO - [2024-06-12T20:15:03.994+0000] {dag.py:3441} INFO - Setting next_dagrun for example_sla_dag to 2024-06-12T20:12:00+00:00, run_after=2024-06-12T20:14:00+00:00
[2024-06-12T20:15:04.779+0000] {processor.py:175} INFO - Processing /home/airflow/.local/lib/python3.7/site-packages/airflow/example_dags/example_sla_dag.py took 5.105 seconds
[2024-06-12T20:16:10.886+0000] {processor.py:153} INFO - Started process (PID=2138) to work on /home/airflow/.local/lib/python3.7/site-packages/airflow/example_dags/example_sla_dag.py
[2024-06-12T20:16:10.914+0000] {processor.py:743} INFO - Processing file /home/airflow/.local/lib/python3.7/site-packages/airflow/example_dags/example_sla_dag.py for tasks to queue
[2024-06-12T20:16:10.967+0000] {logging_mixin.py:137} INFO - [2024-06-12T20:16:10.967+0000] {dagbag.py:538} INFO - Filling up the DagBag from /home/airflow/.local/lib/python3.7/site-packages/airflow/example_dags/example_sla_dag.py
[2024-06-12T20:16:11.485+0000] {processor.py:753} INFO - DAG(s) dict_keys(['example_sla_dag']) retrieved from /home/airflow/.local/lib/python3.7/site-packages/airflow/example_dags/example_sla_dag.py
[2024-06-12T20:16:12.098+0000] {logging_mixin.py:137} INFO - [2024-06-12T20:16:12.098+0000] {dag.py:2690} INFO - Sync 1 DAGs
[2024-06-12T20:16:13.027+0000] {logging_mixin.py:137} INFO - [2024-06-12T20:16:13.027+0000] {dag.py:3441} INFO - Setting next_dagrun for example_sla_dag to 2024-06-12T20:14:00+00:00, run_after=2024-06-12T20:16:00+00:00
[2024-06-12T20:16:13.372+0000] {processor.py:175} INFO - Processing /home/airflow/.local/lib/python3.7/site-packages/airflow/example_dags/example_sla_dag.py took 2.562 seconds
[2024-06-12T20:16:58.123+0000] {processor.py:153} INFO - Started process (PID=2201) to work on /home/airflow/.local/lib/python3.7/site-packages/airflow/example_dags/example_sla_dag.py
[2024-06-12T20:16:58.128+0000] {processor.py:743} INFO - Processing file /home/airflow/.local/lib/python3.7/site-packages/airflow/example_dags/example_sla_dag.py for tasks to queue
[2024-06-12T20:16:58.153+0000] {logging_mixin.py:137} INFO - [2024-06-12T20:16:58.153+0000] {dagbag.py:538} INFO - Filling up the DagBag from /home/airflow/.local/lib/python3.7/site-packages/airflow/example_dags/example_sla_dag.py
[2024-06-12T20:16:59.044+0000] {processor.py:753} INFO - DAG(s) dict_keys(['example_sla_dag']) retrieved from /home/airflow/.local/lib/python3.7/site-packages/airflow/example_dags/example_sla_dag.py
[2024-06-12T20:16:59.452+0000] {logging_mixin.py:137} INFO - [2024-06-12T20:16:59.451+0000] {dag.py:2690} INFO - Sync 1 DAGs
[2024-06-12T20:17:00.431+0000] {logging_mixin.py:137} INFO - [2024-06-12T20:17:00.430+0000] {dag.py:3441} INFO - Setting next_dagrun for example_sla_dag to 2024-06-12T20:14:00+00:00, run_after=2024-06-12T20:16:00+00:00
[2024-06-12T20:17:01.489+0000] {processor.py:175} INFO - Processing /home/airflow/.local/lib/python3.7/site-packages/airflow/example_dags/example_sla_dag.py took 3.532 seconds
[2024-06-12T20:18:44.437+0000] {processor.py:153} INFO - Started process (PID=2300) to work on /home/airflow/.local/lib/python3.7/site-packages/airflow/example_dags/example_sla_dag.py
[2024-06-12T20:18:44.662+0000] {processor.py:743} INFO - Processing file /home/airflow/.local/lib/python3.7/site-packages/airflow/example_dags/example_sla_dag.py for tasks to queue
[2024-06-12T20:18:44.932+0000] {logging_mixin.py:137} INFO - [2024-06-12T20:18:44.931+0000] {dagbag.py:538} INFO - Filling up the DagBag from /home/airflow/.local/lib/python3.7/site-packages/airflow/example_dags/example_sla_dag.py
[2024-06-12T20:18:45.701+0000] {processor.py:753} INFO - DAG(s) dict_keys(['example_sla_dag']) retrieved from /home/airflow/.local/lib/python3.7/site-packages/airflow/example_dags/example_sla_dag.py
[2024-06-12T20:18:46.277+0000] {logging_mixin.py:137} INFO - [2024-06-12T20:18:46.277+0000] {dag.py:2690} INFO - Sync 1 DAGs
[2024-06-12T20:18:47.709+0000] {logging_mixin.py:137} INFO - [2024-06-12T20:18:47.709+0000] {dag.py:3441} INFO - Setting next_dagrun for example_sla_dag to 2024-06-12T20:16:00+00:00, run_after=2024-06-12T20:18:00+00:00
[2024-06-12T20:18:48.235+0000] {processor.py:175} INFO - Processing /home/airflow/.local/lib/python3.7/site-packages/airflow/example_dags/example_sla_dag.py took 3.884 seconds
[2024-06-12T20:20:32.617+0000] {processor.py:153} INFO - Started process (PID=2415) to work on /home/airflow/.local/lib/python3.7/site-packages/airflow/example_dags/example_sla_dag.py
[2024-06-12T20:20:32.663+0000] {processor.py:743} INFO - Processing file /home/airflow/.local/lib/python3.7/site-packages/airflow/example_dags/example_sla_dag.py for tasks to queue
[2024-06-12T20:20:32.696+0000] {logging_mixin.py:137} INFO - [2024-06-12T20:20:32.696+0000] {dagbag.py:538} INFO - Filling up the DagBag from /home/airflow/.local/lib/python3.7/site-packages/airflow/example_dags/example_sla_dag.py
[2024-06-12T20:20:33.372+0000] {processor.py:753} INFO - DAG(s) dict_keys(['example_sla_dag']) retrieved from /home/airflow/.local/lib/python3.7/site-packages/airflow/example_dags/example_sla_dag.py
[2024-06-12T20:20:34.508+0000] {logging_mixin.py:137} INFO - [2024-06-12T20:20:34.507+0000] {dag.py:2690} INFO - Sync 1 DAGs
[2024-06-12T20:20:36.120+0000] {logging_mixin.py:137} INFO - [2024-06-12T20:20:36.119+0000] {dag.py:3441} INFO - Setting next_dagrun for example_sla_dag to 2024-06-12T20:18:00+00:00, run_after=2024-06-12T20:20:00+00:00
[2024-06-12T20:20:36.952+0000] {processor.py:175} INFO - Processing /home/airflow/.local/lib/python3.7/site-packages/airflow/example_dags/example_sla_dag.py took 4.474 seconds
[2024-06-12T20:21:51.225+0000] {processor.py:153} INFO - Started process (PID=2492) to work on /home/airflow/.local/lib/python3.7/site-packages/airflow/example_dags/example_sla_dag.py
[2024-06-12T20:21:51.240+0000] {processor.py:743} INFO - Processing file /home/airflow/.local/lib/python3.7/site-packages/airflow/example_dags/example_sla_dag.py for tasks to queue
[2024-06-12T20:21:51.257+0000] {logging_mixin.py:137} INFO - [2024-06-12T20:21:51.257+0000] {dagbag.py:538} INFO - Filling up the DagBag from /home/airflow/.local/lib/python3.7/site-packages/airflow/example_dags/example_sla_dag.py
[2024-06-12T20:21:52.210+0000] {processor.py:753} INFO - DAG(s) dict_keys(['example_sla_dag']) retrieved from /home/airflow/.local/lib/python3.7/site-packages/airflow/example_dags/example_sla_dag.py
[2024-06-12T20:21:53.004+0000] {logging_mixin.py:137} INFO - [2024-06-12T20:21:53.004+0000] {dag.py:2690} INFO - Sync 1 DAGs
[2024-06-12T20:21:54.373+0000] {logging_mixin.py:137} INFO - [2024-06-12T20:21:54.373+0000] {dag.py:3441} INFO - Setting next_dagrun for example_sla_dag to 2024-06-12T20:18:00+00:00, run_after=2024-06-12T20:20:00+00:00
[2024-06-12T20:21:55.187+0000] {processor.py:175} INFO - Processing /home/airflow/.local/lib/python3.7/site-packages/airflow/example_dags/example_sla_dag.py took 4.026 seconds
[2024-06-12T20:24:03.638+0000] {processor.py:153} INFO - Started process (PID=2616) to work on /home/airflow/.local/lib/python3.7/site-packages/airflow/example_dags/example_sla_dag.py
[2024-06-12T20:24:03.651+0000] {processor.py:743} INFO - Processing file /home/airflow/.local/lib/python3.7/site-packages/airflow/example_dags/example_sla_dag.py for tasks to queue
[2024-06-12T20:24:03.668+0000] {logging_mixin.py:137} INFO - [2024-06-12T20:24:03.667+0000] {dagbag.py:538} INFO - Filling up the DagBag from /home/airflow/.local/lib/python3.7/site-packages/airflow/example_dags/example_sla_dag.py
[2024-06-12T20:24:04.348+0000] {processor.py:753} INFO - DAG(s) dict_keys(['example_sla_dag']) retrieved from /home/airflow/.local/lib/python3.7/site-packages/airflow/example_dags/example_sla_dag.py
[2024-06-12T20:24:04.838+0000] {logging_mixin.py:137} INFO - [2024-06-12T20:24:04.838+0000] {dag.py:2690} INFO - Sync 1 DAGs
[2024-06-12T20:24:06.690+0000] {logging_mixin.py:137} INFO - [2024-06-12T20:24:06.690+0000] {dag.py:3441} INFO - Setting next_dagrun for example_sla_dag to 2024-06-12T20:22:00+00:00, run_after=2024-06-12T20:24:00+00:00
[2024-06-12T20:24:07.476+0000] {processor.py:175} INFO - Processing /home/airflow/.local/lib/python3.7/site-packages/airflow/example_dags/example_sla_dag.py took 3.936 seconds
[2024-06-12T20:25:49.887+0000] {processor.py:153} INFO - Started process (PID=2727) to work on /home/airflow/.local/lib/python3.7/site-packages/airflow/example_dags/example_sla_dag.py
[2024-06-12T20:25:49.916+0000] {processor.py:743} INFO - Processing file /home/airflow/.local/lib/python3.7/site-packages/airflow/example_dags/example_sla_dag.py for tasks to queue
[2024-06-12T20:25:49.934+0000] {logging_mixin.py:137} INFO - [2024-06-12T20:25:49.933+0000] {dagbag.py:538} INFO - Filling up the DagBag from /home/airflow/.local/lib/python3.7/site-packages/airflow/example_dags/example_sla_dag.py
[2024-06-12T20:25:51.171+0000] {processor.py:753} INFO - DAG(s) dict_keys(['example_sla_dag']) retrieved from /home/airflow/.local/lib/python3.7/site-packages/airflow/example_dags/example_sla_dag.py
[2024-06-12T20:25:52.147+0000] {logging_mixin.py:137} INFO - [2024-06-12T20:25:52.147+0000] {dag.py:2690} INFO - Sync 1 DAGs
[2024-06-12T20:25:53.125+0000] {logging_mixin.py:137} INFO - [2024-06-12T20:25:53.081+0000] {dag.py:3441} INFO - Setting next_dagrun for example_sla_dag to 2024-06-12T20:22:00+00:00, run_after=2024-06-12T20:24:00+00:00
[2024-06-12T20:25:54.046+0000] {processor.py:175} INFO - Processing /home/airflow/.local/lib/python3.7/site-packages/airflow/example_dags/example_sla_dag.py took 4.287 seconds
[2024-06-12T20:27:48.124+0000] {processor.py:153} INFO - Started process (PID=2841) to work on /home/airflow/.local/lib/python3.7/site-packages/airflow/example_dags/example_sla_dag.py
[2024-06-12T20:27:48.196+0000] {processor.py:743} INFO - Processing file /home/airflow/.local/lib/python3.7/site-packages/airflow/example_dags/example_sla_dag.py for tasks to queue
[2024-06-12T20:27:48.244+0000] {logging_mixin.py:137} INFO - [2024-06-12T20:27:48.243+0000] {dagbag.py:538} INFO - Filling up the DagBag from /home/airflow/.local/lib/python3.7/site-packages/airflow/example_dags/example_sla_dag.py
[2024-06-12T20:27:48.967+0000] {processor.py:753} INFO - DAG(s) dict_keys(['example_sla_dag']) retrieved from /home/airflow/.local/lib/python3.7/site-packages/airflow/example_dags/example_sla_dag.py
[2024-06-12T20:27:49.270+0000] {logging_mixin.py:137} INFO - [2024-06-12T20:27:49.270+0000] {dag.py:2690} INFO - Sync 1 DAGs
[2024-06-12T20:27:50.008+0000] {logging_mixin.py:137} INFO - [2024-06-12T20:27:50.007+0000] {dag.py:3441} INFO - Setting next_dagrun for example_sla_dag to 2024-06-12T20:24:00+00:00, run_after=2024-06-12T20:26:00+00:00
[2024-06-12T20:27:50.389+0000] {processor.py:175} INFO - Processing /home/airflow/.local/lib/python3.7/site-packages/airflow/example_dags/example_sla_dag.py took 2.299 seconds
[2024-06-12T20:29:14.194+0000] {processor.py:153} INFO - Started process (PID=2937) to work on /home/airflow/.local/lib/python3.7/site-packages/airflow/example_dags/example_sla_dag.py
[2024-06-12T20:29:14.362+0000] {processor.py:743} INFO - Processing file /home/airflow/.local/lib/python3.7/site-packages/airflow/example_dags/example_sla_dag.py for tasks to queue
[2024-06-12T20:29:14.769+0000] {logging_mixin.py:137} INFO - [2024-06-12T20:29:14.769+0000] {dagbag.py:538} INFO - Filling up the DagBag from /home/airflow/.local/lib/python3.7/site-packages/airflow/example_dags/example_sla_dag.py
[2024-06-12T20:29:15.496+0000] {processor.py:753} INFO - DAG(s) dict_keys(['example_sla_dag']) retrieved from /home/airflow/.local/lib/python3.7/site-packages/airflow/example_dags/example_sla_dag.py
[2024-06-12T20:29:15.775+0000] {logging_mixin.py:137} INFO - [2024-06-12T20:29:15.774+0000] {dag.py:2690} INFO - Sync 1 DAGs
[2024-06-12T20:29:16.412+0000] {logging_mixin.py:137} INFO - [2024-06-12T20:29:16.388+0000] {dag.py:3441} INFO - Setting next_dagrun for example_sla_dag to 2024-06-12T20:26:00+00:00, run_after=2024-06-12T20:28:00+00:00
[2024-06-12T20:29:16.667+0000] {processor.py:175} INFO - Processing /home/airflow/.local/lib/python3.7/site-packages/airflow/example_dags/example_sla_dag.py took 2.515 seconds
[2024-06-12T20:30:14.756+0000] {processor.py:153} INFO - Started process (PID=3009) to work on /home/airflow/.local/lib/python3.7/site-packages/airflow/example_dags/example_sla_dag.py
[2024-06-12T20:30:14.819+0000] {processor.py:743} INFO - Processing file /home/airflow/.local/lib/python3.7/site-packages/airflow/example_dags/example_sla_dag.py for tasks to queue
[2024-06-12T20:30:14.923+0000] {logging_mixin.py:137} INFO - [2024-06-12T20:30:14.923+0000] {dagbag.py:538} INFO - Filling up the DagBag from /home/airflow/.local/lib/python3.7/site-packages/airflow/example_dags/example_sla_dag.py
[2024-06-12T20:30:15.797+0000] {processor.py:753} INFO - DAG(s) dict_keys(['example_sla_dag']) retrieved from /home/airflow/.local/lib/python3.7/site-packages/airflow/example_dags/example_sla_dag.py
[2024-06-12T20:30:16.055+0000] {logging_mixin.py:137} INFO - [2024-06-12T20:30:16.054+0000] {dag.py:2690} INFO - Sync 1 DAGs
[2024-06-12T20:30:16.805+0000] {logging_mixin.py:137} INFO - [2024-06-12T20:30:16.804+0000] {dag.py:3441} INFO - Setting next_dagrun for example_sla_dag to 2024-06-12T20:28:00+00:00, run_after=2024-06-12T20:30:00+00:00
[2024-06-12T20:30:17.396+0000] {processor.py:175} INFO - Processing /home/airflow/.local/lib/python3.7/site-packages/airflow/example_dags/example_sla_dag.py took 2.729 seconds
[2024-06-12T20:31:15.995+0000] {processor.py:153} INFO - Started process (PID=3081) to work on /home/airflow/.local/lib/python3.7/site-packages/airflow/example_dags/example_sla_dag.py
[2024-06-12T20:31:16.025+0000] {processor.py:743} INFO - Processing file /home/airflow/.local/lib/python3.7/site-packages/airflow/example_dags/example_sla_dag.py for tasks to queue
[2024-06-12T20:31:16.042+0000] {logging_mixin.py:137} INFO - [2024-06-12T20:31:16.041+0000] {dagbag.py:538} INFO - Filling up the DagBag from /home/airflow/.local/lib/python3.7/site-packages/airflow/example_dags/example_sla_dag.py
[2024-06-12T20:31:16.593+0000] {processor.py:753} INFO - DAG(s) dict_keys(['example_sla_dag']) retrieved from /home/airflow/.local/lib/python3.7/site-packages/airflow/example_dags/example_sla_dag.py
[2024-06-12T20:31:17.316+0000] {logging_mixin.py:137} INFO - [2024-06-12T20:31:17.315+0000] {dag.py:2690} INFO - Sync 1 DAGs
[2024-06-12T20:31:18.509+0000] {logging_mixin.py:137} INFO - [2024-06-12T20:31:18.508+0000] {dag.py:3441} INFO - Setting next_dagrun for example_sla_dag to 2024-06-12T20:28:00+00:00, run_after=2024-06-12T20:30:00+00:00
[2024-06-12T20:31:18.980+0000] {processor.py:175} INFO - Processing /home/airflow/.local/lib/python3.7/site-packages/airflow/example_dags/example_sla_dag.py took 3.066 seconds
[2024-06-12T20:32:46.439+0000] {processor.py:153} INFO - Started process (PID=3175) to work on /home/airflow/.local/lib/python3.7/site-packages/airflow/example_dags/example_sla_dag.py
[2024-06-12T20:32:46.519+0000] {processor.py:743} INFO - Processing file /home/airflow/.local/lib/python3.7/site-packages/airflow/example_dags/example_sla_dag.py for tasks to queue
[2024-06-12T20:32:46.568+0000] {logging_mixin.py:137} INFO - [2024-06-12T20:32:46.568+0000] {dagbag.py:538} INFO - Filling up the DagBag from /home/airflow/.local/lib/python3.7/site-packages/airflow/example_dags/example_sla_dag.py
[2024-06-12T20:32:47.269+0000] {processor.py:753} INFO - DAG(s) dict_keys(['example_sla_dag']) retrieved from /home/airflow/.local/lib/python3.7/site-packages/airflow/example_dags/example_sla_dag.py
[2024-06-12T20:32:48.075+0000] {logging_mixin.py:137} INFO - [2024-06-12T20:32:48.075+0000] {dag.py:2690} INFO - Sync 1 DAGs
[2024-06-12T20:32:49.014+0000] {logging_mixin.py:137} INFO - [2024-06-12T20:32:49.014+0000] {dag.py:3441} INFO - Setting next_dagrun for example_sla_dag to 2024-06-12T20:30:00+00:00, run_after=2024-06-12T20:32:00+00:00
[2024-06-12T20:32:49.181+0000] {processor.py:175} INFO - Processing /home/airflow/.local/lib/python3.7/site-packages/airflow/example_dags/example_sla_dag.py took 2.821 seconds
[2024-06-12T20:34:41.257+0000] {processor.py:153} INFO - Started process (PID=3285) to work on /home/airflow/.local/lib/python3.7/site-packages/airflow/example_dags/example_sla_dag.py
[2024-06-12T20:34:41.320+0000] {processor.py:743} INFO - Processing file /home/airflow/.local/lib/python3.7/site-packages/airflow/example_dags/example_sla_dag.py for tasks to queue
[2024-06-12T20:34:41.384+0000] {logging_mixin.py:137} INFO - [2024-06-12T20:34:41.384+0000] {dagbag.py:538} INFO - Filling up the DagBag from /home/airflow/.local/lib/python3.7/site-packages/airflow/example_dags/example_sla_dag.py
[2024-06-12T20:34:42.511+0000] {processor.py:753} INFO - DAG(s) dict_keys(['example_sla_dag']) retrieved from /home/airflow/.local/lib/python3.7/site-packages/airflow/example_dags/example_sla_dag.py
[2024-06-12T20:34:43.412+0000] {logging_mixin.py:137} INFO - [2024-06-12T20:34:43.412+0000] {dag.py:2690} INFO - Sync 1 DAGs
[2024-06-12T20:34:44.516+0000] {logging_mixin.py:137} INFO - [2024-06-12T20:34:44.464+0000] {dag.py:3441} INFO - Setting next_dagrun for example_sla_dag to 2024-06-12T20:32:00+00:00, run_after=2024-06-12T20:34:00+00:00
[2024-06-12T20:34:45.269+0000] {processor.py:175} INFO - Processing /home/airflow/.local/lib/python3.7/site-packages/airflow/example_dags/example_sla_dag.py took 3.999 seconds
[2024-06-12T20:37:25.310+0000] {processor.py:153} INFO - Started process (PID=3437) to work on /home/airflow/.local/lib/python3.7/site-packages/airflow/example_dags/example_sla_dag.py
[2024-06-12T20:37:25.324+0000] {processor.py:743} INFO - Processing file /home/airflow/.local/lib/python3.7/site-packages/airflow/example_dags/example_sla_dag.py for tasks to queue
[2024-06-12T20:37:25.327+0000] {logging_mixin.py:137} INFO - [2024-06-12T20:37:25.326+0000] {dagbag.py:538} INFO - Filling up the DagBag from /home/airflow/.local/lib/python3.7/site-packages/airflow/example_dags/example_sla_dag.py
[2024-06-12T20:37:26.410+0000] {processor.py:753} INFO - DAG(s) dict_keys(['example_sla_dag']) retrieved from /home/airflow/.local/lib/python3.7/site-packages/airflow/example_dags/example_sla_dag.py
[2024-06-12T20:37:27.074+0000] {logging_mixin.py:137} INFO - [2024-06-12T20:37:27.074+0000] {dag.py:2690} INFO - Sync 1 DAGs
[2024-06-12T20:37:28.199+0000] {logging_mixin.py:137} INFO - [2024-06-12T20:37:28.199+0000] {dag.py:3441} INFO - Setting next_dagrun for example_sla_dag to 2024-06-12T20:34:00+00:00, run_after=2024-06-12T20:36:00+00:00
[2024-06-12T20:37:28.897+0000] {processor.py:175} INFO - Processing /home/airflow/.local/lib/python3.7/site-packages/airflow/example_dags/example_sla_dag.py took 3.605 seconds
[2024-06-12T20:39:01.212+0000] {processor.py:153} INFO - Started process (PID=3529) to work on /home/airflow/.local/lib/python3.7/site-packages/airflow/example_dags/example_sla_dag.py
[2024-06-12T20:39:01.226+0000] {processor.py:743} INFO - Processing file /home/airflow/.local/lib/python3.7/site-packages/airflow/example_dags/example_sla_dag.py for tasks to queue
[2024-06-12T20:39:01.259+0000] {logging_mixin.py:137} INFO - [2024-06-12T20:39:01.259+0000] {dagbag.py:538} INFO - Filling up the DagBag from /home/airflow/.local/lib/python3.7/site-packages/airflow/example_dags/example_sla_dag.py
[2024-06-12T20:39:01.532+0000] {processor.py:753} INFO - DAG(s) dict_keys(['example_sla_dag']) retrieved from /home/airflow/.local/lib/python3.7/site-packages/airflow/example_dags/example_sla_dag.py
[2024-06-12T20:39:02.109+0000] {logging_mixin.py:137} INFO - [2024-06-12T20:39:02.109+0000] {dag.py:2690} INFO - Sync 1 DAGs
[2024-06-12T20:39:02.507+0000] {logging_mixin.py:137} INFO - [2024-06-12T20:39:02.506+0000] {dag.py:3441} INFO - Setting next_dagrun for example_sla_dag to 2024-06-12T20:36:00+00:00, run_after=2024-06-12T20:38:00+00:00
[2024-06-12T20:39:02.686+0000] {processor.py:175} INFO - Processing /home/airflow/.local/lib/python3.7/site-packages/airflow/example_dags/example_sla_dag.py took 1.511 seconds
[2024-06-12T20:39:57.820+0000] {processor.py:153} INFO - Started process (PID=3600) to work on /home/airflow/.local/lib/python3.7/site-packages/airflow/example_dags/example_sla_dag.py
[2024-06-12T20:39:57.854+0000] {processor.py:743} INFO - Processing file /home/airflow/.local/lib/python3.7/site-packages/airflow/example_dags/example_sla_dag.py for tasks to queue
[2024-06-12T20:39:57.871+0000] {logging_mixin.py:137} INFO - [2024-06-12T20:39:57.870+0000] {dagbag.py:538} INFO - Filling up the DagBag from /home/airflow/.local/lib/python3.7/site-packages/airflow/example_dags/example_sla_dag.py
[2024-06-12T20:39:58.656+0000] {processor.py:753} INFO - DAG(s) dict_keys(['example_sla_dag']) retrieved from /home/airflow/.local/lib/python3.7/site-packages/airflow/example_dags/example_sla_dag.py
[2024-06-12T20:39:59.643+0000] {logging_mixin.py:137} INFO - [2024-06-12T20:39:59.643+0000] {dag.py:2690} INFO - Sync 1 DAGs
[2024-06-12T20:40:00.381+0000] {logging_mixin.py:137} INFO - [2024-06-12T20:40:00.380+0000] {dag.py:3441} INFO - Setting next_dagrun for example_sla_dag to 2024-06-12T20:38:00+00:00, run_after=2024-06-12T20:40:00+00:00
[2024-06-12T20:40:00.903+0000] {processor.py:175} INFO - Processing /home/airflow/.local/lib/python3.7/site-packages/airflow/example_dags/example_sla_dag.py took 3.117 seconds
[2024-06-12T20:41:03.177+0000] {processor.py:153} INFO - Started process (PID=3675) to work on /home/airflow/.local/lib/python3.7/site-packages/airflow/example_dags/example_sla_dag.py
[2024-06-12T20:41:03.186+0000] {processor.py:743} INFO - Processing file /home/airflow/.local/lib/python3.7/site-packages/airflow/example_dags/example_sla_dag.py for tasks to queue
[2024-06-12T20:41:03.189+0000] {logging_mixin.py:137} INFO - [2024-06-12T20:41:03.188+0000] {dagbag.py:538} INFO - Filling up the DagBag from /home/airflow/.local/lib/python3.7/site-packages/airflow/example_dags/example_sla_dag.py
[2024-06-12T20:41:03.617+0000] {processor.py:753} INFO - DAG(s) dict_keys(['example_sla_dag']) retrieved from /home/airflow/.local/lib/python3.7/site-packages/airflow/example_dags/example_sla_dag.py
[2024-06-12T20:41:04.142+0000] {logging_mixin.py:137} INFO - [2024-06-12T20:41:04.142+0000] {dag.py:2690} INFO - Sync 1 DAGs
[2024-06-12T20:41:04.629+0000] {logging_mixin.py:137} INFO - [2024-06-12T20:41:04.628+0000] {dag.py:3441} INFO - Setting next_dagrun for example_sla_dag to 2024-06-12T20:38:00+00:00, run_after=2024-06-12T20:40:00+00:00
[2024-06-12T20:41:05.082+0000] {processor.py:175} INFO - Processing /home/airflow/.local/lib/python3.7/site-packages/airflow/example_dags/example_sla_dag.py took 1.998 seconds
[2024-06-12T20:42:01.735+0000] {processor.py:153} INFO - Started process (PID=3745) to work on /home/airflow/.local/lib/python3.7/site-packages/airflow/example_dags/example_sla_dag.py
[2024-06-12T20:42:01.754+0000] {processor.py:743} INFO - Processing file /home/airflow/.local/lib/python3.7/site-packages/airflow/example_dags/example_sla_dag.py for tasks to queue
[2024-06-12T20:42:01.771+0000] {logging_mixin.py:137} INFO - [2024-06-12T20:42:01.771+0000] {dagbag.py:538} INFO - Filling up the DagBag from /home/airflow/.local/lib/python3.7/site-packages/airflow/example_dags/example_sla_dag.py
[2024-06-12T20:42:02.184+0000] {processor.py:753} INFO - DAG(s) dict_keys(['example_sla_dag']) retrieved from /home/airflow/.local/lib/python3.7/site-packages/airflow/example_dags/example_sla_dag.py
[2024-06-12T20:42:02.855+0000] {logging_mixin.py:137} INFO - [2024-06-12T20:42:02.855+0000] {dag.py:2690} INFO - Sync 1 DAGs
[2024-06-12T20:42:03.509+0000] {logging_mixin.py:137} INFO - [2024-06-12T20:42:03.509+0000] {dag.py:3441} INFO - Setting next_dagrun for example_sla_dag to 2024-06-12T20:40:00+00:00, run_after=2024-06-12T20:42:00+00:00
[2024-06-12T20:42:04.026+0000] {processor.py:175} INFO - Processing /home/airflow/.local/lib/python3.7/site-packages/airflow/example_dags/example_sla_dag.py took 2.374 seconds
[2024-06-12T20:42:59.449+0000] {processor.py:153} INFO - Started process (PID=3802) to work on /home/airflow/.local/lib/python3.7/site-packages/airflow/example_dags/example_sla_dag.py
[2024-06-12T20:42:59.466+0000] {processor.py:743} INFO - Processing file /home/airflow/.local/lib/python3.7/site-packages/airflow/example_dags/example_sla_dag.py for tasks to queue
[2024-06-12T20:42:59.527+0000] {logging_mixin.py:137} INFO - [2024-06-12T20:42:59.526+0000] {dagbag.py:538} INFO - Filling up the DagBag from /home/airflow/.local/lib/python3.7/site-packages/airflow/example_dags/example_sla_dag.py
[2024-06-12T20:43:00.001+0000] {processor.py:753} INFO - DAG(s) dict_keys(['example_sla_dag']) retrieved from /home/airflow/.local/lib/python3.7/site-packages/airflow/example_dags/example_sla_dag.py
[2024-06-12T20:43:00.568+0000] {logging_mixin.py:137} INFO - [2024-06-12T20:43:00.567+0000] {dag.py:2690} INFO - Sync 1 DAGs
[2024-06-12T20:43:01.773+0000] {logging_mixin.py:137} INFO - [2024-06-12T20:43:01.768+0000] {dag.py:3441} INFO - Setting next_dagrun for example_sla_dag to 2024-06-12T20:40:00+00:00, run_after=2024-06-12T20:42:00+00:00
[2024-06-12T20:43:02.058+0000] {processor.py:175} INFO - Processing /home/airflow/.local/lib/python3.7/site-packages/airflow/example_dags/example_sla_dag.py took 2.721 seconds
[2024-06-12T20:44:17.888+0000] {processor.py:153} INFO - Started process (PID=3892) to work on /home/airflow/.local/lib/python3.7/site-packages/airflow/example_dags/example_sla_dag.py
[2024-06-12T20:44:17.917+0000] {processor.py:743} INFO - Processing file /home/airflow/.local/lib/python3.7/site-packages/airflow/example_dags/example_sla_dag.py for tasks to queue
[2024-06-12T20:44:17.933+0000] {logging_mixin.py:137} INFO - [2024-06-12T20:44:17.933+0000] {dagbag.py:538} INFO - Filling up the DagBag from /home/airflow/.local/lib/python3.7/site-packages/airflow/example_dags/example_sla_dag.py
[2024-06-12T20:44:18.575+0000] {processor.py:753} INFO - DAG(s) dict_keys(['example_sla_dag']) retrieved from /home/airflow/.local/lib/python3.7/site-packages/airflow/example_dags/example_sla_dag.py
[2024-06-12T20:44:19.687+0000] {logging_mixin.py:137} INFO - [2024-06-12T20:44:19.652+0000] {dag.py:2690} INFO - Sync 1 DAGs
[2024-06-12T20:44:20.710+0000] {logging_mixin.py:137} INFO - [2024-06-12T20:44:20.650+0000] {dag.py:3441} INFO - Setting next_dagrun for example_sla_dag to 2024-06-12T20:42:00+00:00, run_after=2024-06-12T20:44:00+00:00
[2024-06-12T20:44:21.259+0000] {processor.py:175} INFO - Processing /home/airflow/.local/lib/python3.7/site-packages/airflow/example_dags/example_sla_dag.py took 3.443 seconds
[2024-06-12T20:45:17.594+0000] {processor.py:153} INFO - Started process (PID=3968) to work on /home/airflow/.local/lib/python3.7/site-packages/airflow/example_dags/example_sla_dag.py
[2024-06-12T20:45:17.609+0000] {processor.py:743} INFO - Processing file /home/airflow/.local/lib/python3.7/site-packages/airflow/example_dags/example_sla_dag.py for tasks to queue
[2024-06-12T20:45:17.628+0000] {logging_mixin.py:137} INFO - [2024-06-12T20:45:17.627+0000] {dagbag.py:538} INFO - Filling up the DagBag from /home/airflow/.local/lib/python3.7/site-packages/airflow/example_dags/example_sla_dag.py
[2024-06-12T20:45:18.310+0000] {processor.py:753} INFO - DAG(s) dict_keys(['example_sla_dag']) retrieved from /home/airflow/.local/lib/python3.7/site-packages/airflow/example_dags/example_sla_dag.py
[2024-06-12T20:45:19.093+0000] {logging_mixin.py:137} INFO - [2024-06-12T20:45:19.093+0000] {dag.py:2690} INFO - Sync 1 DAGs
[2024-06-12T20:45:19.694+0000] {logging_mixin.py:137} INFO - [2024-06-12T20:45:19.694+0000] {dag.py:3441} INFO - Setting next_dagrun for example_sla_dag to 2024-06-12T20:42:00+00:00, run_after=2024-06-12T20:44:00+00:00
[2024-06-12T20:45:20.081+0000] {processor.py:175} INFO - Processing /home/airflow/.local/lib/python3.7/site-packages/airflow/example_dags/example_sla_dag.py took 2.583 seconds
[2024-06-12T20:46:12.733+0000] {processor.py:153} INFO - Started process (PID=4039) to work on /home/airflow/.local/lib/python3.7/site-packages/airflow/example_dags/example_sla_dag.py
[2024-06-12T20:46:12.763+0000] {processor.py:743} INFO - Processing file /home/airflow/.local/lib/python3.7/site-packages/airflow/example_dags/example_sla_dag.py for tasks to queue
[2024-06-12T20:46:12.780+0000] {logging_mixin.py:137} INFO - [2024-06-12T20:46:12.778+0000] {dagbag.py:538} INFO - Filling up the DagBag from /home/airflow/.local/lib/python3.7/site-packages/airflow/example_dags/example_sla_dag.py
[2024-06-12T20:46:13.373+0000] {processor.py:753} INFO - DAG(s) dict_keys(['example_sla_dag']) retrieved from /home/airflow/.local/lib/python3.7/site-packages/airflow/example_dags/example_sla_dag.py
[2024-06-12T20:46:13.890+0000] {logging_mixin.py:137} INFO - [2024-06-12T20:46:13.889+0000] {dag.py:2690} INFO - Sync 1 DAGs
[2024-06-12T20:46:14.636+0000] {logging_mixin.py:137} INFO - [2024-06-12T20:46:14.636+0000] {dag.py:3441} INFO - Setting next_dagrun for example_sla_dag to 2024-06-12T20:44:00+00:00, run_after=2024-06-12T20:46:00+00:00
[2024-06-12T20:46:15.252+0000] {processor.py:175} INFO - Processing /home/airflow/.local/lib/python3.7/site-packages/airflow/example_dags/example_sla_dag.py took 2.579 seconds
[2024-06-12T20:47:18.829+0000] {processor.py:153} INFO - Started process (PID=4115) to work on /home/airflow/.local/lib/python3.7/site-packages/airflow/example_dags/example_sla_dag.py
[2024-06-12T20:47:18.940+0000] {processor.py:743} INFO - Processing file /home/airflow/.local/lib/python3.7/site-packages/airflow/example_dags/example_sla_dag.py for tasks to queue
[2024-06-12T20:47:19.006+0000] {logging_mixin.py:137} INFO - [2024-06-12T20:47:19.005+0000] {dagbag.py:538} INFO - Filling up the DagBag from /home/airflow/.local/lib/python3.7/site-packages/airflow/example_dags/example_sla_dag.py
[2024-06-12T20:47:19.954+0000] {processor.py:753} INFO - DAG(s) dict_keys(['example_sla_dag']) retrieved from /home/airflow/.local/lib/python3.7/site-packages/airflow/example_dags/example_sla_dag.py
[2024-06-12T20:47:20.454+0000] {logging_mixin.py:137} INFO - [2024-06-12T20:47:20.454+0000] {dag.py:2690} INFO - Sync 1 DAGs
[2024-06-12T20:47:20.868+0000] {logging_mixin.py:137} INFO - [2024-06-12T20:47:20.868+0000] {dag.py:3441} INFO - Setting next_dagrun for example_sla_dag to 2024-06-12T20:44:00+00:00, run_after=2024-06-12T20:46:00+00:00
[2024-06-12T20:47:21.586+0000] {processor.py:175} INFO - Processing /home/airflow/.local/lib/python3.7/site-packages/airflow/example_dags/example_sla_dag.py took 2.837 seconds
