[2024-06-12T19:43:07.626+0000] {processor.py:153} INFO - Started process (PID=151) to work on /home/airflow/.local/lib/python3.7/site-packages/airflow/example_dags/example_sensors.py
[2024-06-12T19:43:07.658+0000] {processor.py:743} INFO - Processing file /home/airflow/.local/lib/python3.7/site-packages/airflow/example_dags/example_sensors.py for tasks to queue
[2024-06-12T19:43:07.660+0000] {logging_mixin.py:137} INFO - [2024-06-12T19:43:07.660+0000] {dagbag.py:538} INFO - Filling up the DagBag from /home/airflow/.local/lib/python3.7/site-packages/airflow/example_dags/example_sensors.py
[2024-06-12T19:43:08.422+0000] {processor.py:753} INFO - DAG(s) dict_keys(['example_sensors']) retrieved from /home/airflow/.local/lib/python3.7/site-packages/airflow/example_dags/example_sensors.py
[2024-06-12T19:43:09.797+0000] {logging_mixin.py:137} INFO - [2024-06-12T19:43:09.795+0000] {dag.py:2690} INFO - Sync 1 DAGs
[2024-06-12T19:43:10.495+0000] {logging_mixin.py:137} INFO - [2024-06-12T19:43:10.494+0000] {dag.py:3441} INFO - Setting next_dagrun for example_sensors to None, run_after=None
[2024-06-12T19:43:11.234+0000] {processor.py:175} INFO - Processing /home/airflow/.local/lib/python3.7/site-packages/airflow/example_dags/example_sensors.py took 3.749 seconds
[2024-06-12T19:45:00.982+0000] {processor.py:153} INFO - Started process (PID=257) to work on /home/airflow/.local/lib/python3.7/site-packages/airflow/example_dags/example_sensors.py
[2024-06-12T19:45:01.061+0000] {processor.py:743} INFO - Processing file /home/airflow/.local/lib/python3.7/site-packages/airflow/example_dags/example_sensors.py for tasks to queue
[2024-06-12T19:45:01.159+0000] {logging_mixin.py:137} INFO - [2024-06-12T19:45:01.159+0000] {dagbag.py:538} INFO - Filling up the DagBag from /home/airflow/.local/lib/python3.7/site-packages/airflow/example_dags/example_sensors.py
[2024-06-12T19:45:02.762+0000] {processor.py:753} INFO - DAG(s) dict_keys(['example_sensors']) retrieved from /home/airflow/.local/lib/python3.7/site-packages/airflow/example_dags/example_sensors.py
[2024-06-12T19:45:04.008+0000] {logging_mixin.py:137} INFO - [2024-06-12T19:45:04.007+0000] {dag.py:2690} INFO - Sync 1 DAGs
[2024-06-12T19:45:05.616+0000] {logging_mixin.py:137} INFO - [2024-06-12T19:45:05.616+0000] {dag.py:3441} INFO - Setting next_dagrun for example_sensors to None, run_after=None
[2024-06-12T19:45:06.369+0000] {processor.py:175} INFO - Processing /home/airflow/.local/lib/python3.7/site-packages/airflow/example_dags/example_sensors.py took 5.534 seconds
[2024-06-12T19:47:04.467+0000] {processor.py:153} INFO - Started process (PID=343) to work on /home/airflow/.local/lib/python3.7/site-packages/airflow/example_dags/example_sensors.py
[2024-06-12T19:47:04.498+0000] {processor.py:743} INFO - Processing file /home/airflow/.local/lib/python3.7/site-packages/airflow/example_dags/example_sensors.py for tasks to queue
[2024-06-12T19:47:04.571+0000] {logging_mixin.py:137} INFO - [2024-06-12T19:47:04.571+0000] {dagbag.py:538} INFO - Filling up the DagBag from /home/airflow/.local/lib/python3.7/site-packages/airflow/example_dags/example_sensors.py
[2024-06-12T19:47:05.385+0000] {processor.py:753} INFO - DAG(s) dict_keys(['example_sensors']) retrieved from /home/airflow/.local/lib/python3.7/site-packages/airflow/example_dags/example_sensors.py
[2024-06-12T19:47:06.733+0000] {logging_mixin.py:137} INFO - [2024-06-12T19:47:06.733+0000] {dag.py:2690} INFO - Sync 1 DAGs
[2024-06-12T19:47:08.033+0000] {logging_mixin.py:137} INFO - [2024-06-12T19:47:08.033+0000] {dag.py:3441} INFO - Setting next_dagrun for example_sensors to None, run_after=None
[2024-06-12T19:47:08.867+0000] {processor.py:175} INFO - Processing /home/airflow/.local/lib/python3.7/site-packages/airflow/example_dags/example_sensors.py took 4.453 seconds
[2024-06-12T19:48:11.222+0000] {processor.py:153} INFO - Started process (PID=427) to work on /home/airflow/.local/lib/python3.7/site-packages/airflow/example_dags/example_sensors.py
[2024-06-12T19:48:11.239+0000] {processor.py:743} INFO - Processing file /home/airflow/.local/lib/python3.7/site-packages/airflow/example_dags/example_sensors.py for tasks to queue
[2024-06-12T19:48:11.257+0000] {logging_mixin.py:137} INFO - [2024-06-12T19:48:11.256+0000] {dagbag.py:538} INFO - Filling up the DagBag from /home/airflow/.local/lib/python3.7/site-packages/airflow/example_dags/example_sensors.py
[2024-06-12T19:48:11.515+0000] {processor.py:753} INFO - DAG(s) dict_keys(['example_sensors']) retrieved from /home/airflow/.local/lib/python3.7/site-packages/airflow/example_dags/example_sensors.py
[2024-06-12T19:48:11.962+0000] {logging_mixin.py:137} INFO - [2024-06-12T19:48:11.962+0000] {dag.py:2690} INFO - Sync 1 DAGs
[2024-06-12T19:48:12.375+0000] {logging_mixin.py:137} INFO - [2024-06-12T19:48:12.375+0000] {dag.py:3441} INFO - Setting next_dagrun for example_sensors to None, run_after=None
[2024-06-12T19:48:12.672+0000] {processor.py:175} INFO - Processing /home/airflow/.local/lib/python3.7/site-packages/airflow/example_dags/example_sensors.py took 1.482 seconds
[2024-06-12T19:48:42.926+0000] {processor.py:153} INFO - Started process (PID=487) to work on /home/airflow/.local/lib/python3.7/site-packages/airflow/example_dags/example_sensors.py
[2024-06-12T19:48:42.933+0000] {processor.py:743} INFO - Processing file /home/airflow/.local/lib/python3.7/site-packages/airflow/example_dags/example_sensors.py for tasks to queue
[2024-06-12T19:48:42.940+0000] {logging_mixin.py:137} INFO - [2024-06-12T19:48:42.939+0000] {dagbag.py:538} INFO - Filling up the DagBag from /home/airflow/.local/lib/python3.7/site-packages/airflow/example_dags/example_sensors.py
[2024-06-12T19:48:43.013+0000] {processor.py:753} INFO - DAG(s) dict_keys(['example_sensors']) retrieved from /home/airflow/.local/lib/python3.7/site-packages/airflow/example_dags/example_sensors.py
[2024-06-12T19:48:43.084+0000] {logging_mixin.py:137} INFO - [2024-06-12T19:48:43.083+0000] {dag.py:2690} INFO - Sync 1 DAGs
[2024-06-12T19:48:43.156+0000] {logging_mixin.py:137} INFO - [2024-06-12T19:48:43.156+0000] {dag.py:3441} INFO - Setting next_dagrun for example_sensors to None, run_after=None
[2024-06-12T19:48:43.216+0000] {processor.py:175} INFO - Processing /home/airflow/.local/lib/python3.7/site-packages/airflow/example_dags/example_sensors.py took 0.300 seconds
[2024-06-12T19:49:19.776+0000] {processor.py:153} INFO - Started process (PID=548) to work on /home/airflow/.local/lib/python3.7/site-packages/airflow/example_dags/example_sensors.py
[2024-06-12T19:49:19.779+0000] {processor.py:743} INFO - Processing file /home/airflow/.local/lib/python3.7/site-packages/airflow/example_dags/example_sensors.py for tasks to queue
[2024-06-12T19:49:19.791+0000] {logging_mixin.py:137} INFO - [2024-06-12T19:49:19.784+0000] {dagbag.py:538} INFO - Filling up the DagBag from /home/airflow/.local/lib/python3.7/site-packages/airflow/example_dags/example_sensors.py
[2024-06-12T19:49:19.938+0000] {processor.py:753} INFO - DAG(s) dict_keys(['example_sensors']) retrieved from /home/airflow/.local/lib/python3.7/site-packages/airflow/example_dags/example_sensors.py
[2024-06-12T19:49:20.496+0000] {logging_mixin.py:137} INFO - [2024-06-12T19:49:20.496+0000] {dag.py:2690} INFO - Sync 1 DAGs
[2024-06-12T19:49:20.859+0000] {logging_mixin.py:137} INFO - [2024-06-12T19:49:20.859+0000] {dag.py:3441} INFO - Setting next_dagrun for example_sensors to None, run_after=None
[2024-06-12T19:49:21.123+0000] {processor.py:175} INFO - Processing /home/airflow/.local/lib/python3.7/site-packages/airflow/example_dags/example_sensors.py took 1.376 seconds
[2024-06-12T19:49:51.769+0000] {processor.py:153} INFO - Started process (PID=603) to work on /home/airflow/.local/lib/python3.7/site-packages/airflow/example_dags/example_sensors.py
[2024-06-12T19:49:51.786+0000] {processor.py:743} INFO - Processing file /home/airflow/.local/lib/python3.7/site-packages/airflow/example_dags/example_sensors.py for tasks to queue
[2024-06-12T19:49:51.812+0000] {logging_mixin.py:137} INFO - [2024-06-12T19:49:51.811+0000] {dagbag.py:538} INFO - Filling up the DagBag from /home/airflow/.local/lib/python3.7/site-packages/airflow/example_dags/example_sensors.py
[2024-06-12T19:49:51.882+0000] {processor.py:753} INFO - DAG(s) dict_keys(['example_sensors']) retrieved from /home/airflow/.local/lib/python3.7/site-packages/airflow/example_dags/example_sensors.py
[2024-06-12T19:49:51.971+0000] {logging_mixin.py:137} INFO - [2024-06-12T19:49:51.971+0000] {dag.py:2690} INFO - Sync 1 DAGs
[2024-06-12T19:49:52.055+0000] {logging_mixin.py:137} INFO - [2024-06-12T19:49:52.055+0000] {dag.py:3441} INFO - Setting next_dagrun for example_sensors to None, run_after=None
[2024-06-12T19:49:52.208+0000] {processor.py:175} INFO - Processing /home/airflow/.local/lib/python3.7/site-packages/airflow/example_dags/example_sensors.py took 0.454 seconds
[2024-06-12T19:50:48.500+0000] {processor.py:153} INFO - Started process (PID=676) to work on /home/airflow/.local/lib/python3.7/site-packages/airflow/example_dags/example_sensors.py
[2024-06-12T19:50:48.564+0000] {processor.py:743} INFO - Processing file /home/airflow/.local/lib/python3.7/site-packages/airflow/example_dags/example_sensors.py for tasks to queue
[2024-06-12T19:50:48.597+0000] {logging_mixin.py:137} INFO - [2024-06-12T19:50:48.597+0000] {dagbag.py:538} INFO - Filling up the DagBag from /home/airflow/.local/lib/python3.7/site-packages/airflow/example_dags/example_sensors.py
[2024-06-12T19:50:48.960+0000] {processor.py:753} INFO - DAG(s) dict_keys(['example_sensors']) retrieved from /home/airflow/.local/lib/python3.7/site-packages/airflow/example_dags/example_sensors.py
[2024-06-12T19:50:49.790+0000] {logging_mixin.py:137} INFO - [2024-06-12T19:50:49.790+0000] {dag.py:2690} INFO - Sync 1 DAGs
[2024-06-12T19:50:50.512+0000] {logging_mixin.py:137} INFO - [2024-06-12T19:50:50.512+0000] {dag.py:3441} INFO - Setting next_dagrun for example_sensors to None, run_after=None
[2024-06-12T19:50:50.997+0000] {processor.py:175} INFO - Processing /home/airflow/.local/lib/python3.7/site-packages/airflow/example_dags/example_sensors.py took 2.581 seconds
[2024-06-12T19:51:56.130+0000] {processor.py:153} INFO - Started process (PID=754) to work on /home/airflow/.local/lib/python3.7/site-packages/airflow/example_dags/example_sensors.py
[2024-06-12T19:51:56.133+0000] {processor.py:743} INFO - Processing file /home/airflow/.local/lib/python3.7/site-packages/airflow/example_dags/example_sensors.py for tasks to queue
[2024-06-12T19:51:56.134+0000] {logging_mixin.py:137} INFO - [2024-06-12T19:51:56.134+0000] {dagbag.py:538} INFO - Filling up the DagBag from /home/airflow/.local/lib/python3.7/site-packages/airflow/example_dags/example_sensors.py
[2024-06-12T19:51:56.306+0000] {processor.py:753} INFO - DAG(s) dict_keys(['example_sensors']) retrieved from /home/airflow/.local/lib/python3.7/site-packages/airflow/example_dags/example_sensors.py
[2024-06-12T19:51:56.913+0000] {logging_mixin.py:137} INFO - [2024-06-12T19:51:56.913+0000] {dag.py:2690} INFO - Sync 1 DAGs
[2024-06-12T19:51:57.452+0000] {logging_mixin.py:137} INFO - [2024-06-12T19:51:57.451+0000] {dag.py:3441} INFO - Setting next_dagrun for example_sensors to None, run_after=None
[2024-06-12T19:51:58.011+0000] {processor.py:175} INFO - Processing /home/airflow/.local/lib/python3.7/site-packages/airflow/example_dags/example_sensors.py took 1.915 seconds
[2024-06-12T19:52:47.392+0000] {processor.py:153} INFO - Started process (PID=828) to work on /home/airflow/.local/lib/python3.7/site-packages/airflow/example_dags/example_sensors.py
[2024-06-12T19:52:47.406+0000] {processor.py:743} INFO - Processing file /home/airflow/.local/lib/python3.7/site-packages/airflow/example_dags/example_sensors.py for tasks to queue
[2024-06-12T19:52:47.420+0000] {logging_mixin.py:137} INFO - [2024-06-12T19:52:47.419+0000] {dagbag.py:538} INFO - Filling up the DagBag from /home/airflow/.local/lib/python3.7/site-packages/airflow/example_dags/example_sensors.py
[2024-06-12T19:52:47.652+0000] {processor.py:753} INFO - DAG(s) dict_keys(['example_sensors']) retrieved from /home/airflow/.local/lib/python3.7/site-packages/airflow/example_dags/example_sensors.py
[2024-06-12T19:52:47.968+0000] {logging_mixin.py:137} INFO - [2024-06-12T19:52:47.967+0000] {dag.py:2690} INFO - Sync 1 DAGs
[2024-06-12T19:52:48.465+0000] {logging_mixin.py:137} INFO - [2024-06-12T19:52:48.462+0000] {dag.py:3441} INFO - Setting next_dagrun for example_sensors to None, run_after=None
[2024-06-12T19:52:48.665+0000] {processor.py:175} INFO - Processing /home/airflow/.local/lib/python3.7/site-packages/airflow/example_dags/example_sensors.py took 1.292 seconds
[2024-06-12T19:53:26.547+0000] {processor.py:153} INFO - Started process (PID=884) to work on /home/airflow/.local/lib/python3.7/site-packages/airflow/example_dags/example_sensors.py
[2024-06-12T19:53:26.561+0000] {processor.py:743} INFO - Processing file /home/airflow/.local/lib/python3.7/site-packages/airflow/example_dags/example_sensors.py for tasks to queue
[2024-06-12T19:53:26.648+0000] {logging_mixin.py:137} INFO - [2024-06-12T19:53:26.647+0000] {dagbag.py:538} INFO - Filling up the DagBag from /home/airflow/.local/lib/python3.7/site-packages/airflow/example_dags/example_sensors.py
[2024-06-12T19:53:26.784+0000] {processor.py:753} INFO - DAG(s) dict_keys(['example_sensors']) retrieved from /home/airflow/.local/lib/python3.7/site-packages/airflow/example_dags/example_sensors.py
[2024-06-12T19:53:27.077+0000] {logging_mixin.py:137} INFO - [2024-06-12T19:53:27.077+0000] {dag.py:2690} INFO - Sync 1 DAGs
[2024-06-12T19:53:27.380+0000] {logging_mixin.py:137} INFO - [2024-06-12T19:53:27.379+0000] {dag.py:3441} INFO - Setting next_dagrun for example_sensors to None, run_after=None
[2024-06-12T19:53:27.572+0000] {processor.py:175} INFO - Processing /home/airflow/.local/lib/python3.7/site-packages/airflow/example_dags/example_sensors.py took 1.241 seconds
[2024-06-12T19:53:58.427+0000] {processor.py:153} INFO - Started process (PID=941) to work on /home/airflow/.local/lib/python3.7/site-packages/airflow/example_dags/example_sensors.py
[2024-06-12T19:53:58.439+0000] {processor.py:743} INFO - Processing file /home/airflow/.local/lib/python3.7/site-packages/airflow/example_dags/example_sensors.py for tasks to queue
[2024-06-12T19:53:58.444+0000] {logging_mixin.py:137} INFO - [2024-06-12T19:53:58.442+0000] {dagbag.py:538} INFO - Filling up the DagBag from /home/airflow/.local/lib/python3.7/site-packages/airflow/example_dags/example_sensors.py
[2024-06-12T19:53:58.604+0000] {processor.py:753} INFO - DAG(s) dict_keys(['example_sensors']) retrieved from /home/airflow/.local/lib/python3.7/site-packages/airflow/example_dags/example_sensors.py
[2024-06-12T19:53:58.783+0000] {logging_mixin.py:137} INFO - [2024-06-12T19:53:58.783+0000] {dag.py:2690} INFO - Sync 1 DAGs
[2024-06-12T19:53:58.950+0000] {logging_mixin.py:137} INFO - [2024-06-12T19:53:58.950+0000] {dag.py:3441} INFO - Setting next_dagrun for example_sensors to None, run_after=None
[2024-06-12T19:53:59.281+0000] {processor.py:175} INFO - Processing /home/airflow/.local/lib/python3.7/site-packages/airflow/example_dags/example_sensors.py took 0.873 seconds
[2024-06-12T19:54:53.274+0000] {processor.py:153} INFO - Started process (PID=1014) to work on /home/airflow/.local/lib/python3.7/site-packages/airflow/example_dags/example_sensors.py
[2024-06-12T19:54:53.321+0000] {processor.py:743} INFO - Processing file /home/airflow/.local/lib/python3.7/site-packages/airflow/example_dags/example_sensors.py for tasks to queue
[2024-06-12T19:54:53.387+0000] {logging_mixin.py:137} INFO - [2024-06-12T19:54:53.386+0000] {dagbag.py:538} INFO - Filling up the DagBag from /home/airflow/.local/lib/python3.7/site-packages/airflow/example_dags/example_sensors.py
[2024-06-12T19:54:53.994+0000] {processor.py:753} INFO - DAG(s) dict_keys(['example_sensors']) retrieved from /home/airflow/.local/lib/python3.7/site-packages/airflow/example_dags/example_sensors.py
[2024-06-12T19:54:55.202+0000] {logging_mixin.py:137} INFO - [2024-06-12T19:54:55.201+0000] {dag.py:2690} INFO - Sync 1 DAGs
[2024-06-12T19:54:55.823+0000] {logging_mixin.py:137} INFO - [2024-06-12T19:54:55.822+0000] {dag.py:3441} INFO - Setting next_dagrun for example_sensors to None, run_after=None
[2024-06-12T19:54:56.170+0000] {processor.py:175} INFO - Processing /home/airflow/.local/lib/python3.7/site-packages/airflow/example_dags/example_sensors.py took 2.942 seconds
[2024-06-12T19:55:39.284+0000] {processor.py:153} INFO - Started process (PID=1071) to work on /home/airflow/.local/lib/python3.7/site-packages/airflow/example_dags/example_sensors.py
[2024-06-12T19:55:39.293+0000] {processor.py:743} INFO - Processing file /home/airflow/.local/lib/python3.7/site-packages/airflow/example_dags/example_sensors.py for tasks to queue
[2024-06-12T19:55:39.304+0000] {logging_mixin.py:137} INFO - [2024-06-12T19:55:39.303+0000] {dagbag.py:538} INFO - Filling up the DagBag from /home/airflow/.local/lib/python3.7/site-packages/airflow/example_dags/example_sensors.py
[2024-06-12T19:55:39.580+0000] {processor.py:753} INFO - DAG(s) dict_keys(['example_sensors']) retrieved from /home/airflow/.local/lib/python3.7/site-packages/airflow/example_dags/example_sensors.py
[2024-06-12T19:55:40.101+0000] {logging_mixin.py:137} INFO - [2024-06-12T19:55:40.100+0000] {dag.py:2690} INFO - Sync 1 DAGs
[2024-06-12T19:55:40.644+0000] {logging_mixin.py:137} INFO - [2024-06-12T19:55:40.643+0000] {dag.py:3441} INFO - Setting next_dagrun for example_sensors to None, run_after=None
[2024-06-12T19:55:41.282+0000] {processor.py:175} INFO - Processing /home/airflow/.local/lib/python3.7/site-packages/airflow/example_dags/example_sensors.py took 2.051 seconds
[2024-06-12T19:56:19.367+0000] {processor.py:153} INFO - Started process (PID=1138) to work on /home/airflow/.local/lib/python3.7/site-packages/airflow/example_dags/example_sensors.py
[2024-06-12T19:56:19.389+0000] {processor.py:743} INFO - Processing file /home/airflow/.local/lib/python3.7/site-packages/airflow/example_dags/example_sensors.py for tasks to queue
[2024-06-12T19:56:19.394+0000] {logging_mixin.py:137} INFO - [2024-06-12T19:56:19.393+0000] {dagbag.py:538} INFO - Filling up the DagBag from /home/airflow/.local/lib/python3.7/site-packages/airflow/example_dags/example_sensors.py
[2024-06-12T19:56:19.499+0000] {processor.py:753} INFO - DAG(s) dict_keys(['example_sensors']) retrieved from /home/airflow/.local/lib/python3.7/site-packages/airflow/example_dags/example_sensors.py
[2024-06-12T19:56:19.751+0000] {logging_mixin.py:137} INFO - [2024-06-12T19:56:19.750+0000] {dag.py:2690} INFO - Sync 1 DAGs
[2024-06-12T19:56:19.888+0000] {logging_mixin.py:137} INFO - [2024-06-12T19:56:19.888+0000] {dag.py:3441} INFO - Setting next_dagrun for example_sensors to None, run_after=None
[2024-06-12T19:56:19.958+0000] {processor.py:175} INFO - Processing /home/airflow/.local/lib/python3.7/site-packages/airflow/example_dags/example_sensors.py took 0.614 seconds
[2024-06-12T19:57:06.210+0000] {processor.py:153} INFO - Started process (PID=1197) to work on /home/airflow/.local/lib/python3.7/site-packages/airflow/example_dags/example_sensors.py
[2024-06-12T19:57:06.288+0000] {processor.py:743} INFO - Processing file /home/airflow/.local/lib/python3.7/site-packages/airflow/example_dags/example_sensors.py for tasks to queue
[2024-06-12T19:57:06.340+0000] {logging_mixin.py:137} INFO - [2024-06-12T19:57:06.339+0000] {dagbag.py:538} INFO - Filling up the DagBag from /home/airflow/.local/lib/python3.7/site-packages/airflow/example_dags/example_sensors.py
[2024-06-12T19:57:06.787+0000] {processor.py:753} INFO - DAG(s) dict_keys(['example_sensors']) retrieved from /home/airflow/.local/lib/python3.7/site-packages/airflow/example_dags/example_sensors.py
[2024-06-12T19:57:07.397+0000] {logging_mixin.py:137} INFO - [2024-06-12T19:57:07.396+0000] {dag.py:2690} INFO - Sync 1 DAGs
[2024-06-12T19:57:08.046+0000] {logging_mixin.py:137} INFO - [2024-06-12T19:57:08.046+0000] {dag.py:3441} INFO - Setting next_dagrun for example_sensors to None, run_after=None
[2024-06-12T19:57:08.717+0000] {processor.py:175} INFO - Processing /home/airflow/.local/lib/python3.7/site-packages/airflow/example_dags/example_sensors.py took 2.608 seconds
[2024-06-12T19:59:00.123+0000] {processor.py:153} INFO - Started process (PID=1301) to work on /home/airflow/.local/lib/python3.7/site-packages/airflow/example_dags/example_sensors.py
[2024-06-12T19:59:00.216+0000] {processor.py:743} INFO - Processing file /home/airflow/.local/lib/python3.7/site-packages/airflow/example_dags/example_sensors.py for tasks to queue
[2024-06-12T19:59:00.249+0000] {logging_mixin.py:137} INFO - [2024-06-12T19:59:00.249+0000] {dagbag.py:538} INFO - Filling up the DagBag from /home/airflow/.local/lib/python3.7/site-packages/airflow/example_dags/example_sensors.py
[2024-06-12T19:59:01.788+0000] {processor.py:753} INFO - DAG(s) dict_keys(['example_sensors']) retrieved from /home/airflow/.local/lib/python3.7/site-packages/airflow/example_dags/example_sensors.py
[2024-06-12T19:59:03.185+0000] {logging_mixin.py:137} INFO - [2024-06-12T19:59:03.184+0000] {dag.py:2690} INFO - Sync 1 DAGs
[2024-06-12T19:59:04.148+0000] {logging_mixin.py:137} INFO - [2024-06-12T19:59:04.147+0000] {dag.py:3441} INFO - Setting next_dagrun for example_sensors to None, run_after=None
[2024-06-12T19:59:05.885+0000] {processor.py:175} INFO - Processing /home/airflow/.local/lib/python3.7/site-packages/airflow/example_dags/example_sensors.py took 5.793 seconds
[2024-06-12T20:01:07.687+0000] {processor.py:153} INFO - Started process (PID=1397) to work on /home/airflow/.local/lib/python3.7/site-packages/airflow/example_dags/example_sensors.py
[2024-06-12T20:01:07.747+0000] {processor.py:743} INFO - Processing file /home/airflow/.local/lib/python3.7/site-packages/airflow/example_dags/example_sensors.py for tasks to queue
[2024-06-12T20:01:07.795+0000] {logging_mixin.py:137} INFO - [2024-06-12T20:01:07.795+0000] {dagbag.py:538} INFO - Filling up the DagBag from /home/airflow/.local/lib/python3.7/site-packages/airflow/example_dags/example_sensors.py
[2024-06-12T20:01:08.840+0000] {processor.py:753} INFO - DAG(s) dict_keys(['example_sensors']) retrieved from /home/airflow/.local/lib/python3.7/site-packages/airflow/example_dags/example_sensors.py
[2024-06-12T20:01:09.403+0000] {logging_mixin.py:137} INFO - [2024-06-12T20:01:09.402+0000] {dag.py:2690} INFO - Sync 1 DAGs
[2024-06-12T20:01:11.878+0000] {logging_mixin.py:137} INFO - [2024-06-12T20:01:11.877+0000] {dag.py:3441} INFO - Setting next_dagrun for example_sensors to None, run_after=None
[2024-06-12T20:01:13.972+0000] {processor.py:175} INFO - Processing /home/airflow/.local/lib/python3.7/site-packages/airflow/example_dags/example_sensors.py took 6.329 seconds
[2024-06-12T20:03:44.271+0000] {processor.py:153} INFO - Started process (PID=1510) to work on /home/airflow/.local/lib/python3.7/site-packages/airflow/example_dags/example_sensors.py
[2024-06-12T20:03:44.350+0000] {processor.py:743} INFO - Processing file /home/airflow/.local/lib/python3.7/site-packages/airflow/example_dags/example_sensors.py for tasks to queue
[2024-06-12T20:03:44.478+0000] {logging_mixin.py:137} INFO - [2024-06-12T20:03:44.478+0000] {dagbag.py:538} INFO - Filling up the DagBag from /home/airflow/.local/lib/python3.7/site-packages/airflow/example_dags/example_sensors.py
[2024-06-12T20:03:45.749+0000] {processor.py:753} INFO - DAG(s) dict_keys(['example_sensors']) retrieved from /home/airflow/.local/lib/python3.7/site-packages/airflow/example_dags/example_sensors.py
[2024-06-12T20:03:46.704+0000] {logging_mixin.py:137} INFO - [2024-06-12T20:03:46.703+0000] {dag.py:2690} INFO - Sync 1 DAGs
[2024-06-12T20:03:49.581+0000] {logging_mixin.py:137} INFO - [2024-06-12T20:03:49.581+0000] {dag.py:3441} INFO - Setting next_dagrun for example_sensors to None, run_after=None
[2024-06-12T20:03:51.647+0000] {processor.py:175} INFO - Processing /home/airflow/.local/lib/python3.7/site-packages/airflow/example_dags/example_sensors.py took 7.544 seconds
[2024-06-12T20:06:34.268+0000] {processor.py:153} INFO - Started process (PID=1640) to work on /home/airflow/.local/lib/python3.7/site-packages/airflow/example_dags/example_sensors.py
[2024-06-12T20:06:34.334+0000] {processor.py:743} INFO - Processing file /home/airflow/.local/lib/python3.7/site-packages/airflow/example_dags/example_sensors.py for tasks to queue
[2024-06-12T20:06:34.415+0000] {logging_mixin.py:137} INFO - [2024-06-12T20:06:34.414+0000] {dagbag.py:538} INFO - Filling up the DagBag from /home/airflow/.local/lib/python3.7/site-packages/airflow/example_dags/example_sensors.py
[2024-06-12T20:06:36.141+0000] {processor.py:753} INFO - DAG(s) dict_keys(['example_sensors']) retrieved from /home/airflow/.local/lib/python3.7/site-packages/airflow/example_dags/example_sensors.py
[2024-06-12T20:06:38.961+0000] {logging_mixin.py:137} INFO - [2024-06-12T20:06:38.960+0000] {dag.py:2690} INFO - Sync 1 DAGs
[2024-06-12T20:06:40.596+0000] {logging_mixin.py:137} INFO - [2024-06-12T20:06:40.596+0000] {dag.py:3441} INFO - Setting next_dagrun for example_sensors to None, run_after=None
[2024-06-12T20:06:42.157+0000] {processor.py:175} INFO - Processing /home/airflow/.local/lib/python3.7/site-packages/airflow/example_dags/example_sensors.py took 8.128 seconds
[2024-06-12T20:09:49.674+0000] {processor.py:153} INFO - Started process (PID=1779) to work on /home/airflow/.local/lib/python3.7/site-packages/airflow/example_dags/example_sensors.py
[2024-06-12T20:09:49.720+0000] {processor.py:743} INFO - Processing file /home/airflow/.local/lib/python3.7/site-packages/airflow/example_dags/example_sensors.py for tasks to queue
[2024-06-12T20:09:49.831+0000] {logging_mixin.py:137} INFO - [2024-06-12T20:09:49.830+0000] {dagbag.py:538} INFO - Filling up the DagBag from /home/airflow/.local/lib/python3.7/site-packages/airflow/example_dags/example_sensors.py
[2024-06-12T20:09:51.023+0000] {processor.py:753} INFO - DAG(s) dict_keys(['example_sensors']) retrieved from /home/airflow/.local/lib/python3.7/site-packages/airflow/example_dags/example_sensors.py
[2024-06-12T20:09:53.635+0000] {logging_mixin.py:137} INFO - [2024-06-12T20:09:53.634+0000] {dag.py:2690} INFO - Sync 1 DAGs
[2024-06-12T20:09:56.348+0000] {logging_mixin.py:137} INFO - [2024-06-12T20:09:56.347+0000] {dag.py:3441} INFO - Setting next_dagrun for example_sensors to None, run_after=None
[2024-06-12T20:09:57.975+0000] {processor.py:175} INFO - Processing /home/airflow/.local/lib/python3.7/site-packages/airflow/example_dags/example_sensors.py took 8.388 seconds
[2024-06-12T20:12:47.898+0000] {processor.py:153} INFO - Started process (PID=1914) to work on /home/airflow/.local/lib/python3.7/site-packages/airflow/example_dags/example_sensors.py
[2024-06-12T20:12:47.927+0000] {processor.py:743} INFO - Processing file /home/airflow/.local/lib/python3.7/site-packages/airflow/example_dags/example_sensors.py for tasks to queue
[2024-06-12T20:12:47.991+0000] {logging_mixin.py:137} INFO - [2024-06-12T20:12:47.990+0000] {dagbag.py:538} INFO - Filling up the DagBag from /home/airflow/.local/lib/python3.7/site-packages/airflow/example_dags/example_sensors.py
[2024-06-12T20:12:49.230+0000] {processor.py:753} INFO - DAG(s) dict_keys(['example_sensors']) retrieved from /home/airflow/.local/lib/python3.7/site-packages/airflow/example_dags/example_sensors.py
[2024-06-12T20:12:50.736+0000] {logging_mixin.py:137} INFO - [2024-06-12T20:12:50.735+0000] {dag.py:2690} INFO - Sync 1 DAGs
[2024-06-12T20:12:52.717+0000] {logging_mixin.py:137} INFO - [2024-06-12T20:12:52.717+0000] {dag.py:3441} INFO - Setting next_dagrun for example_sensors to None, run_after=None
[2024-06-12T20:12:54.004+0000] {processor.py:175} INFO - Processing /home/airflow/.local/lib/python3.7/site-packages/airflow/example_dags/example_sensors.py took 6.115 seconds
[2024-06-12T20:14:09.815+0000] {processor.py:153} INFO - Started process (PID=2000) to work on /home/airflow/.local/lib/python3.7/site-packages/airflow/example_dags/example_sensors.py
[2024-06-12T20:14:09.828+0000] {processor.py:743} INFO - Processing file /home/airflow/.local/lib/python3.7/site-packages/airflow/example_dags/example_sensors.py for tasks to queue
[2024-06-12T20:14:09.845+0000] {logging_mixin.py:137} INFO - [2024-06-12T20:14:09.845+0000] {dagbag.py:538} INFO - Filling up the DagBag from /home/airflow/.local/lib/python3.7/site-packages/airflow/example_dags/example_sensors.py
[2024-06-12T20:14:10.749+0000] {processor.py:753} INFO - DAG(s) dict_keys(['example_sensors']) retrieved from /home/airflow/.local/lib/python3.7/site-packages/airflow/example_dags/example_sensors.py
[2024-06-12T20:14:12.132+0000] {logging_mixin.py:137} INFO - [2024-06-12T20:14:12.132+0000] {dag.py:2690} INFO - Sync 1 DAGs
[2024-06-12T20:14:13.280+0000] {logging_mixin.py:137} INFO - [2024-06-12T20:14:13.280+0000] {dag.py:3441} INFO - Setting next_dagrun for example_sensors to None, run_after=None
[2024-06-12T20:14:13.710+0000] {processor.py:175} INFO - Processing /home/airflow/.local/lib/python3.7/site-packages/airflow/example_dags/example_sensors.py took 4.052 seconds
[2024-06-12T20:15:41.997+0000] {processor.py:153} INFO - Started process (PID=2104) to work on /home/airflow/.local/lib/python3.7/site-packages/airflow/example_dags/example_sensors.py
[2024-06-12T20:15:42.009+0000] {processor.py:743} INFO - Processing file /home/airflow/.local/lib/python3.7/site-packages/airflow/example_dags/example_sensors.py for tasks to queue
[2024-06-12T20:15:42.026+0000] {logging_mixin.py:137} INFO - [2024-06-12T20:15:42.025+0000] {dagbag.py:538} INFO - Filling up the DagBag from /home/airflow/.local/lib/python3.7/site-packages/airflow/example_dags/example_sensors.py
[2024-06-12T20:15:42.708+0000] {processor.py:753} INFO - DAG(s) dict_keys(['example_sensors']) retrieved from /home/airflow/.local/lib/python3.7/site-packages/airflow/example_dags/example_sensors.py
[2024-06-12T20:15:44.347+0000] {logging_mixin.py:137} INFO - [2024-06-12T20:15:44.347+0000] {dag.py:2690} INFO - Sync 1 DAGs
[2024-06-12T20:15:45.206+0000] {logging_mixin.py:137} INFO - [2024-06-12T20:15:45.193+0000] {dag.py:3441} INFO - Setting next_dagrun for example_sensors to None, run_after=None
[2024-06-12T20:15:45.508+0000] {processor.py:175} INFO - Processing /home/airflow/.local/lib/python3.7/site-packages/airflow/example_dags/example_sensors.py took 3.566 seconds
[2024-06-12T20:16:37.152+0000] {processor.py:153} INFO - Started process (PID=2170) to work on /home/airflow/.local/lib/python3.7/site-packages/airflow/example_dags/example_sensors.py
[2024-06-12T20:16:37.204+0000] {processor.py:743} INFO - Processing file /home/airflow/.local/lib/python3.7/site-packages/airflow/example_dags/example_sensors.py for tasks to queue
[2024-06-12T20:16:37.222+0000] {logging_mixin.py:137} INFO - [2024-06-12T20:16:37.221+0000] {dagbag.py:538} INFO - Filling up the DagBag from /home/airflow/.local/lib/python3.7/site-packages/airflow/example_dags/example_sensors.py
[2024-06-12T20:16:38.225+0000] {processor.py:753} INFO - DAG(s) dict_keys(['example_sensors']) retrieved from /home/airflow/.local/lib/python3.7/site-packages/airflow/example_dags/example_sensors.py
[2024-06-12T20:16:39.303+0000] {logging_mixin.py:137} INFO - [2024-06-12T20:16:39.303+0000] {dag.py:2690} INFO - Sync 1 DAGs
[2024-06-12T20:16:40.133+0000] {logging_mixin.py:137} INFO - [2024-06-12T20:16:40.133+0000] {dag.py:3441} INFO - Setting next_dagrun for example_sensors to None, run_after=None
[2024-06-12T20:16:40.586+0000] {processor.py:175} INFO - Processing /home/airflow/.local/lib/python3.7/site-packages/airflow/example_dags/example_sensors.py took 3.573 seconds
[2024-06-12T20:17:31.705+0000] {processor.py:153} INFO - Started process (PID=2233) to work on /home/airflow/.local/lib/python3.7/site-packages/airflow/example_dags/example_sensors.py
[2024-06-12T20:17:31.749+0000] {processor.py:743} INFO - Processing file /home/airflow/.local/lib/python3.7/site-packages/airflow/example_dags/example_sensors.py for tasks to queue
[2024-06-12T20:17:31.785+0000] {logging_mixin.py:137} INFO - [2024-06-12T20:17:31.784+0000] {dagbag.py:538} INFO - Filling up the DagBag from /home/airflow/.local/lib/python3.7/site-packages/airflow/example_dags/example_sensors.py
[2024-06-12T20:17:32.854+0000] {processor.py:753} INFO - DAG(s) dict_keys(['example_sensors']) retrieved from /home/airflow/.local/lib/python3.7/site-packages/airflow/example_dags/example_sensors.py
[2024-06-12T20:17:33.413+0000] {logging_mixin.py:137} INFO - [2024-06-12T20:17:33.412+0000] {dag.py:2690} INFO - Sync 1 DAGs
[2024-06-12T20:17:33.673+0000] {logging_mixin.py:137} INFO - [2024-06-12T20:17:33.673+0000] {dag.py:3441} INFO - Setting next_dagrun for example_sensors to None, run_after=None
[2024-06-12T20:17:34.043+0000] {processor.py:175} INFO - Processing /home/airflow/.local/lib/python3.7/site-packages/airflow/example_dags/example_sensors.py took 2.363 seconds
[2024-06-12T20:19:25.970+0000] {processor.py:153} INFO - Started process (PID=2348) to work on /home/airflow/.local/lib/python3.7/site-packages/airflow/example_dags/example_sensors.py
[2024-06-12T20:19:25.996+0000] {processor.py:743} INFO - Processing file /home/airflow/.local/lib/python3.7/site-packages/airflow/example_dags/example_sensors.py for tasks to queue
[2024-06-12T20:19:26.040+0000] {logging_mixin.py:137} INFO - [2024-06-12T20:19:26.040+0000] {dagbag.py:538} INFO - Filling up the DagBag from /home/airflow/.local/lib/python3.7/site-packages/airflow/example_dags/example_sensors.py
[2024-06-12T20:19:26.647+0000] {processor.py:753} INFO - DAG(s) dict_keys(['example_sensors']) retrieved from /home/airflow/.local/lib/python3.7/site-packages/airflow/example_dags/example_sensors.py
[2024-06-12T20:19:27.314+0000] {logging_mixin.py:137} INFO - [2024-06-12T20:19:27.314+0000] {dag.py:2690} INFO - Sync 1 DAGs
[2024-06-12T20:19:28.703+0000] {logging_mixin.py:137} INFO - [2024-06-12T20:19:28.702+0000] {dag.py:3441} INFO - Setting next_dagrun for example_sensors to None, run_after=None
[2024-06-12T20:19:29.184+0000] {processor.py:175} INFO - Processing /home/airflow/.local/lib/python3.7/site-packages/airflow/example_dags/example_sensors.py took 3.318 seconds
[2024-06-12T20:20:20.075+0000] {processor.py:153} INFO - Started process (PID=2403) to work on /home/airflow/.local/lib/python3.7/site-packages/airflow/example_dags/example_sensors.py
[2024-06-12T20:20:20.106+0000] {processor.py:743} INFO - Processing file /home/airflow/.local/lib/python3.7/site-packages/airflow/example_dags/example_sensors.py for tasks to queue
[2024-06-12T20:20:20.267+0000] {logging_mixin.py:137} INFO - [2024-06-12T20:20:20.266+0000] {dagbag.py:538} INFO - Filling up the DagBag from /home/airflow/.local/lib/python3.7/site-packages/airflow/example_dags/example_sensors.py
[2024-06-12T20:20:20.716+0000] {processor.py:753} INFO - DAG(s) dict_keys(['example_sensors']) retrieved from /home/airflow/.local/lib/python3.7/site-packages/airflow/example_dags/example_sensors.py
[2024-06-12T20:20:21.754+0000] {logging_mixin.py:137} INFO - [2024-06-12T20:20:21.753+0000] {dag.py:2690} INFO - Sync 1 DAGs
[2024-06-12T20:20:22.185+0000] {logging_mixin.py:137} INFO - [2024-06-12T20:20:22.184+0000] {dag.py:3441} INFO - Setting next_dagrun for example_sensors to None, run_after=None
[2024-06-12T20:20:22.781+0000] {processor.py:175} INFO - Processing /home/airflow/.local/lib/python3.7/site-packages/airflow/example_dags/example_sensors.py took 2.743 seconds
[2024-06-12T20:21:27.360+0000] {processor.py:153} INFO - Started process (PID=2472) to work on /home/airflow/.local/lib/python3.7/site-packages/airflow/example_dags/example_sensors.py
[2024-06-12T20:21:27.364+0000] {processor.py:743} INFO - Processing file /home/airflow/.local/lib/python3.7/site-packages/airflow/example_dags/example_sensors.py for tasks to queue
[2024-06-12T20:21:27.391+0000] {logging_mixin.py:137} INFO - [2024-06-12T20:21:27.390+0000] {dagbag.py:538} INFO - Filling up the DagBag from /home/airflow/.local/lib/python3.7/site-packages/airflow/example_dags/example_sensors.py
[2024-06-12T20:21:28.043+0000] {processor.py:753} INFO - DAG(s) dict_keys(['example_sensors']) retrieved from /home/airflow/.local/lib/python3.7/site-packages/airflow/example_dags/example_sensors.py
[2024-06-12T20:21:28.477+0000] {logging_mixin.py:137} INFO - [2024-06-12T20:21:28.476+0000] {dag.py:2690} INFO - Sync 1 DAGs
[2024-06-12T20:21:29.233+0000] {logging_mixin.py:137} INFO - [2024-06-12T20:21:29.232+0000] {dag.py:3441} INFO - Setting next_dagrun for example_sensors to None, run_after=None
[2024-06-12T20:21:29.824+0000] {processor.py:175} INFO - Processing /home/airflow/.local/lib/python3.7/site-packages/airflow/example_dags/example_sensors.py took 2.481 seconds
[2024-06-12T20:22:33.538+0000] {processor.py:153} INFO - Started process (PID=2535) to work on /home/airflow/.local/lib/python3.7/site-packages/airflow/example_dags/example_sensors.py
[2024-06-12T20:22:33.552+0000] {processor.py:743} INFO - Processing file /home/airflow/.local/lib/python3.7/site-packages/airflow/example_dags/example_sensors.py for tasks to queue
[2024-06-12T20:22:33.584+0000] {logging_mixin.py:137} INFO - [2024-06-12T20:22:33.584+0000] {dagbag.py:538} INFO - Filling up the DagBag from /home/airflow/.local/lib/python3.7/site-packages/airflow/example_dags/example_sensors.py
[2024-06-12T20:22:34.829+0000] {processor.py:753} INFO - DAG(s) dict_keys(['example_sensors']) retrieved from /home/airflow/.local/lib/python3.7/site-packages/airflow/example_dags/example_sensors.py
[2024-06-12T20:22:35.747+0000] {logging_mixin.py:137} INFO - [2024-06-12T20:22:35.747+0000] {dag.py:2690} INFO - Sync 1 DAGs
[2024-06-12T20:22:36.684+0000] {logging_mixin.py:137} INFO - [2024-06-12T20:22:36.684+0000] {dag.py:3441} INFO - Setting next_dagrun for example_sensors to None, run_after=None
[2024-06-12T20:22:37.030+0000] {processor.py:175} INFO - Processing /home/airflow/.local/lib/python3.7/site-packages/airflow/example_dags/example_sensors.py took 3.698 seconds
[2024-06-12T20:23:40.438+0000] {processor.py:153} INFO - Started process (PID=2596) to work on /home/airflow/.local/lib/python3.7/site-packages/airflow/example_dags/example_sensors.py
[2024-06-12T20:23:40.515+0000] {processor.py:743} INFO - Processing file /home/airflow/.local/lib/python3.7/site-packages/airflow/example_dags/example_sensors.py for tasks to queue
[2024-06-12T20:23:40.533+0000] {logging_mixin.py:137} INFO - [2024-06-12T20:23:40.532+0000] {dagbag.py:538} INFO - Filling up the DagBag from /home/airflow/.local/lib/python3.7/site-packages/airflow/example_dags/example_sensors.py
[2024-06-12T20:23:40.975+0000] {processor.py:753} INFO - DAG(s) dict_keys(['example_sensors']) retrieved from /home/airflow/.local/lib/python3.7/site-packages/airflow/example_dags/example_sensors.py
[2024-06-12T20:23:41.866+0000] {logging_mixin.py:137} INFO - [2024-06-12T20:23:41.865+0000] {dag.py:2690} INFO - Sync 1 DAGs
[2024-06-12T20:23:43.007+0000] {logging_mixin.py:137} INFO - [2024-06-12T20:23:43.007+0000] {dag.py:3441} INFO - Setting next_dagrun for example_sensors to None, run_after=None
[2024-06-12T20:23:43.570+0000] {processor.py:175} INFO - Processing /home/airflow/.local/lib/python3.7/site-packages/airflow/example_dags/example_sensors.py took 3.163 seconds
[2024-06-12T20:24:52.084+0000] {processor.py:153} INFO - Started process (PID=2663) to work on /home/airflow/.local/lib/python3.7/site-packages/airflow/example_dags/example_sensors.py
[2024-06-12T20:24:52.147+0000] {processor.py:743} INFO - Processing file /home/airflow/.local/lib/python3.7/site-packages/airflow/example_dags/example_sensors.py for tasks to queue
[2024-06-12T20:24:52.205+0000] {logging_mixin.py:137} INFO - [2024-06-12T20:24:52.204+0000] {dagbag.py:538} INFO - Filling up the DagBag from /home/airflow/.local/lib/python3.7/site-packages/airflow/example_dags/example_sensors.py
[2024-06-12T20:24:52.820+0000] {processor.py:753} INFO - DAG(s) dict_keys(['example_sensors']) retrieved from /home/airflow/.local/lib/python3.7/site-packages/airflow/example_dags/example_sensors.py
[2024-06-12T20:24:53.588+0000] {logging_mixin.py:137} INFO - [2024-06-12T20:24:53.587+0000] {dag.py:2690} INFO - Sync 1 DAGs
[2024-06-12T20:24:55.058+0000] {logging_mixin.py:137} INFO - [2024-06-12T20:24:55.058+0000] {dag.py:3441} INFO - Setting next_dagrun for example_sensors to None, run_after=None
[2024-06-12T20:24:56.235+0000] {processor.py:175} INFO - Processing /home/airflow/.local/lib/python3.7/site-packages/airflow/example_dags/example_sensors.py took 4.189 seconds
[2024-06-12T20:26:33.574+0000] {processor.py:153} INFO - Started process (PID=2768) to work on /home/airflow/.local/lib/python3.7/site-packages/airflow/example_dags/example_sensors.py
[2024-06-12T20:26:33.606+0000] {processor.py:743} INFO - Processing file /home/airflow/.local/lib/python3.7/site-packages/airflow/example_dags/example_sensors.py for tasks to queue
[2024-06-12T20:26:33.671+0000] {logging_mixin.py:137} INFO - [2024-06-12T20:26:33.671+0000] {dagbag.py:538} INFO - Filling up the DagBag from /home/airflow/.local/lib/python3.7/site-packages/airflow/example_dags/example_sensors.py
[2024-06-12T20:26:33.998+0000] {processor.py:753} INFO - DAG(s) dict_keys(['example_sensors']) retrieved from /home/airflow/.local/lib/python3.7/site-packages/airflow/example_dags/example_sensors.py
[2024-06-12T20:26:35.036+0000] {logging_mixin.py:137} INFO - [2024-06-12T20:26:35.036+0000] {dag.py:2690} INFO - Sync 1 DAGs
[2024-06-12T20:26:36.246+0000] {logging_mixin.py:137} INFO - [2024-06-12T20:26:36.232+0000] {dag.py:3441} INFO - Setting next_dagrun for example_sensors to None, run_after=None
[2024-06-12T20:26:37.015+0000] {processor.py:175} INFO - Processing /home/airflow/.local/lib/python3.7/site-packages/airflow/example_dags/example_sensors.py took 3.535 seconds
[2024-06-12T20:27:34.052+0000] {processor.py:153} INFO - Started process (PID=2827) to work on /home/airflow/.local/lib/python3.7/site-packages/airflow/example_dags/example_sensors.py
[2024-06-12T20:27:34.131+0000] {processor.py:743} INFO - Processing file /home/airflow/.local/lib/python3.7/site-packages/airflow/example_dags/example_sensors.py for tasks to queue
[2024-06-12T20:27:34.212+0000] {logging_mixin.py:137} INFO - [2024-06-12T20:27:34.211+0000] {dagbag.py:538} INFO - Filling up the DagBag from /home/airflow/.local/lib/python3.7/site-packages/airflow/example_dags/example_sensors.py
[2024-06-12T20:27:34.849+0000] {processor.py:753} INFO - DAG(s) dict_keys(['example_sensors']) retrieved from /home/airflow/.local/lib/python3.7/site-packages/airflow/example_dags/example_sensors.py
[2024-06-12T20:27:35.539+0000] {logging_mixin.py:137} INFO - [2024-06-12T20:27:35.539+0000] {dag.py:2690} INFO - Sync 1 DAGs
[2024-06-12T20:27:36.100+0000] {logging_mixin.py:137} INFO - [2024-06-12T20:27:36.100+0000] {dag.py:3441} INFO - Setting next_dagrun for example_sensors to None, run_after=None
[2024-06-12T20:27:36.725+0000] {processor.py:175} INFO - Processing /home/airflow/.local/lib/python3.7/site-packages/airflow/example_dags/example_sensors.py took 2.783 seconds
[2024-06-12T20:29:00.564+0000] {processor.py:153} INFO - Started process (PID=2919) to work on /home/airflow/.local/lib/python3.7/site-packages/airflow/example_dags/example_sensors.py
[2024-06-12T20:29:00.664+0000] {processor.py:743} INFO - Processing file /home/airflow/.local/lib/python3.7/site-packages/airflow/example_dags/example_sensors.py for tasks to queue
[2024-06-12T20:29:00.738+0000] {logging_mixin.py:137} INFO - [2024-06-12T20:29:00.737+0000] {dagbag.py:538} INFO - Filling up the DagBag from /home/airflow/.local/lib/python3.7/site-packages/airflow/example_dags/example_sensors.py
[2024-06-12T20:29:01.576+0000] {processor.py:753} INFO - DAG(s) dict_keys(['example_sensors']) retrieved from /home/airflow/.local/lib/python3.7/site-packages/airflow/example_dags/example_sensors.py
[2024-06-12T20:29:02.054+0000] {logging_mixin.py:137} INFO - [2024-06-12T20:29:02.053+0000] {dag.py:2690} INFO - Sync 1 DAGs
[2024-06-12T20:29:02.387+0000] {logging_mixin.py:137} INFO - [2024-06-12T20:29:02.386+0000] {dag.py:3441} INFO - Setting next_dagrun for example_sensors to None, run_after=None
[2024-06-12T20:29:02.600+0000] {processor.py:175} INFO - Processing /home/airflow/.local/lib/python3.7/site-packages/airflow/example_dags/example_sensors.py took 2.054 seconds
[2024-06-12T20:30:02.158+0000] {processor.py:153} INFO - Started process (PID=2993) to work on /home/airflow/.local/lib/python3.7/site-packages/airflow/example_dags/example_sensors.py
[2024-06-12T20:30:02.183+0000] {processor.py:743} INFO - Processing file /home/airflow/.local/lib/python3.7/site-packages/airflow/example_dags/example_sensors.py for tasks to queue
[2024-06-12T20:30:02.206+0000] {logging_mixin.py:137} INFO - [2024-06-12T20:30:02.205+0000] {dagbag.py:538} INFO - Filling up the DagBag from /home/airflow/.local/lib/python3.7/site-packages/airflow/example_dags/example_sensors.py
[2024-06-12T20:30:02.520+0000] {processor.py:753} INFO - DAG(s) dict_keys(['example_sensors']) retrieved from /home/airflow/.local/lib/python3.7/site-packages/airflow/example_dags/example_sensors.py
[2024-06-12T20:30:02.946+0000] {logging_mixin.py:137} INFO - [2024-06-12T20:30:02.928+0000] {dag.py:2690} INFO - Sync 1 DAGs
[2024-06-12T20:30:03.303+0000] {logging_mixin.py:137} INFO - [2024-06-12T20:30:03.290+0000] {dag.py:3441} INFO - Setting next_dagrun for example_sensors to None, run_after=None
[2024-06-12T20:30:03.864+0000] {processor.py:175} INFO - Processing /home/airflow/.local/lib/python3.7/site-packages/airflow/example_dags/example_sensors.py took 1.731 seconds
[2024-06-12T20:31:03.572+0000] {processor.py:153} INFO - Started process (PID=3064) to work on /home/airflow/.local/lib/python3.7/site-packages/airflow/example_dags/example_sensors.py
[2024-06-12T20:31:03.600+0000] {processor.py:743} INFO - Processing file /home/airflow/.local/lib/python3.7/site-packages/airflow/example_dags/example_sensors.py for tasks to queue
[2024-06-12T20:31:03.633+0000] {logging_mixin.py:137} INFO - [2024-06-12T20:31:03.633+0000] {dagbag.py:538} INFO - Filling up the DagBag from /home/airflow/.local/lib/python3.7/site-packages/airflow/example_dags/example_sensors.py
[2024-06-12T20:31:04.221+0000] {processor.py:753} INFO - DAG(s) dict_keys(['example_sensors']) retrieved from /home/airflow/.local/lib/python3.7/site-packages/airflow/example_dags/example_sensors.py
[2024-06-12T20:31:04.654+0000] {logging_mixin.py:137} INFO - [2024-06-12T20:31:04.654+0000] {dag.py:2690} INFO - Sync 1 DAGs
[2024-06-12T20:31:05.311+0000] {logging_mixin.py:137} INFO - [2024-06-12T20:31:05.311+0000] {dag.py:3441} INFO - Setting next_dagrun for example_sensors to None, run_after=None
[2024-06-12T20:31:05.791+0000] {processor.py:175} INFO - Processing /home/airflow/.local/lib/python3.7/site-packages/airflow/example_dags/example_sensors.py took 2.251 seconds
[2024-06-12T20:32:33.933+0000] {processor.py:153} INFO - Started process (PID=3163) to work on /home/airflow/.local/lib/python3.7/site-packages/airflow/example_dags/example_sensors.py
[2024-06-12T20:32:33.949+0000] {processor.py:743} INFO - Processing file /home/airflow/.local/lib/python3.7/site-packages/airflow/example_dags/example_sensors.py for tasks to queue
[2024-06-12T20:32:34.014+0000] {logging_mixin.py:137} INFO - [2024-06-12T20:32:34.014+0000] {dagbag.py:538} INFO - Filling up the DagBag from /home/airflow/.local/lib/python3.7/site-packages/airflow/example_dags/example_sensors.py
[2024-06-12T20:32:34.717+0000] {processor.py:753} INFO - DAG(s) dict_keys(['example_sensors']) retrieved from /home/airflow/.local/lib/python3.7/site-packages/airflow/example_dags/example_sensors.py
[2024-06-12T20:32:35.267+0000] {logging_mixin.py:137} INFO - [2024-06-12T20:32:35.267+0000] {dag.py:2690} INFO - Sync 1 DAGs
[2024-06-12T20:32:35.595+0000] {logging_mixin.py:137} INFO - [2024-06-12T20:32:35.594+0000] {dag.py:3441} INFO - Setting next_dagrun for example_sensors to None, run_after=None
[2024-06-12T20:32:35.973+0000] {processor.py:175} INFO - Processing /home/airflow/.local/lib/python3.7/site-packages/airflow/example_dags/example_sensors.py took 2.118 seconds
[2024-06-12T20:33:33.995+0000] {processor.py:153} INFO - Started process (PID=3219) to work on /home/airflow/.local/lib/python3.7/site-packages/airflow/example_dags/example_sensors.py
[2024-06-12T20:33:34.017+0000] {processor.py:743} INFO - Processing file /home/airflow/.local/lib/python3.7/site-packages/airflow/example_dags/example_sensors.py for tasks to queue
[2024-06-12T20:33:34.049+0000] {logging_mixin.py:137} INFO - [2024-06-12T20:33:34.049+0000] {dagbag.py:538} INFO - Filling up the DagBag from /home/airflow/.local/lib/python3.7/site-packages/airflow/example_dags/example_sensors.py
[2024-06-12T20:33:34.871+0000] {processor.py:753} INFO - DAG(s) dict_keys(['example_sensors']) retrieved from /home/airflow/.local/lib/python3.7/site-packages/airflow/example_dags/example_sensors.py
[2024-06-12T20:33:36.181+0000] {logging_mixin.py:137} INFO - [2024-06-12T20:33:36.181+0000] {dag.py:2690} INFO - Sync 1 DAGs
[2024-06-12T20:33:37.012+0000] {logging_mixin.py:137} INFO - [2024-06-12T20:33:37.012+0000] {dag.py:3441} INFO - Setting next_dagrun for example_sensors to None, run_after=None
[2024-06-12T20:33:37.783+0000] {processor.py:175} INFO - Processing /home/airflow/.local/lib/python3.7/site-packages/airflow/example_dags/example_sensors.py took 3.860 seconds
[2024-06-12T20:35:42.861+0000] {processor.py:153} INFO - Started process (PID=3342) to work on /home/airflow/.local/lib/python3.7/site-packages/airflow/example_dags/example_sensors.py
[2024-06-12T20:35:42.979+0000] {processor.py:743} INFO - Processing file /home/airflow/.local/lib/python3.7/site-packages/airflow/example_dags/example_sensors.py for tasks to queue
[2024-06-12T20:35:42.995+0000] {logging_mixin.py:137} INFO - [2024-06-12T20:35:42.994+0000] {dagbag.py:538} INFO - Filling up the DagBag from /home/airflow/.local/lib/python3.7/site-packages/airflow/example_dags/example_sensors.py
[2024-06-12T20:35:44.262+0000] {processor.py:753} INFO - DAG(s) dict_keys(['example_sensors']) retrieved from /home/airflow/.local/lib/python3.7/site-packages/airflow/example_dags/example_sensors.py
[2024-06-12T20:35:45.541+0000] {logging_mixin.py:137} INFO - [2024-06-12T20:35:45.427+0000] {dag.py:2690} INFO - Sync 1 DAGs
[2024-06-12T20:35:47.128+0000] {logging_mixin.py:137} INFO - [2024-06-12T20:35:47.128+0000] {dag.py:3441} INFO - Setting next_dagrun for example_sensors to None, run_after=None
[2024-06-12T20:35:48.042+0000] {processor.py:175} INFO - Processing /home/airflow/.local/lib/python3.7/site-packages/airflow/example_dags/example_sensors.py took 5.316 seconds
[2024-06-12T20:36:58.753+0000] {processor.py:153} INFO - Started process (PID=3407) to work on /home/airflow/.local/lib/python3.7/site-packages/airflow/example_dags/example_sensors.py
[2024-06-12T20:36:58.763+0000] {processor.py:743} INFO - Processing file /home/airflow/.local/lib/python3.7/site-packages/airflow/example_dags/example_sensors.py for tasks to queue
[2024-06-12T20:36:58.767+0000] {logging_mixin.py:137} INFO - [2024-06-12T20:36:58.767+0000] {dagbag.py:538} INFO - Filling up the DagBag from /home/airflow/.local/lib/python3.7/site-packages/airflow/example_dags/example_sensors.py
[2024-06-12T20:36:59.503+0000] {processor.py:753} INFO - DAG(s) dict_keys(['example_sensors']) retrieved from /home/airflow/.local/lib/python3.7/site-packages/airflow/example_dags/example_sensors.py
[2024-06-12T20:37:00.058+0000] {logging_mixin.py:137} INFO - [2024-06-12T20:37:00.057+0000] {dag.py:2690} INFO - Sync 1 DAGs
[2024-06-12T20:37:00.847+0000] {logging_mixin.py:137} INFO - [2024-06-12T20:37:00.847+0000] {dag.py:3441} INFO - Setting next_dagrun for example_sensors to None, run_after=None
[2024-06-12T20:37:01.546+0000] {processor.py:175} INFO - Processing /home/airflow/.local/lib/python3.7/site-packages/airflow/example_dags/example_sensors.py took 2.789 seconds
[2024-06-12T20:38:19.568+0000] {processor.py:153} INFO - Started process (PID=3483) to work on /home/airflow/.local/lib/python3.7/site-packages/airflow/example_dags/example_sensors.py
[2024-06-12T20:38:19.620+0000] {processor.py:743} INFO - Processing file /home/airflow/.local/lib/python3.7/site-packages/airflow/example_dags/example_sensors.py for tasks to queue
[2024-06-12T20:38:19.627+0000] {logging_mixin.py:137} INFO - [2024-06-12T20:38:19.627+0000] {dagbag.py:538} INFO - Filling up the DagBag from /home/airflow/.local/lib/python3.7/site-packages/airflow/example_dags/example_sensors.py
[2024-06-12T20:38:20.138+0000] {processor.py:753} INFO - DAG(s) dict_keys(['example_sensors']) retrieved from /home/airflow/.local/lib/python3.7/site-packages/airflow/example_dags/example_sensors.py
[2024-06-12T20:38:21.101+0000] {logging_mixin.py:137} INFO - [2024-06-12T20:38:21.100+0000] {dag.py:2690} INFO - Sync 1 DAGs
[2024-06-12T20:38:21.529+0000] {logging_mixin.py:137} INFO - [2024-06-12T20:38:21.529+0000] {dag.py:3441} INFO - Setting next_dagrun for example_sensors to None, run_after=None
[2024-06-12T20:38:21.987+0000] {processor.py:175} INFO - Processing /home/airflow/.local/lib/python3.7/site-packages/airflow/example_dags/example_sensors.py took 2.451 seconds
[2024-06-12T20:39:17.473+0000] {processor.py:153} INFO - Started process (PID=3556) to work on /home/airflow/.local/lib/python3.7/site-packages/airflow/example_dags/example_sensors.py
[2024-06-12T20:39:17.488+0000] {processor.py:743} INFO - Processing file /home/airflow/.local/lib/python3.7/site-packages/airflow/example_dags/example_sensors.py for tasks to queue
[2024-06-12T20:39:17.543+0000] {logging_mixin.py:137} INFO - [2024-06-12T20:39:17.542+0000] {dagbag.py:538} INFO - Filling up the DagBag from /home/airflow/.local/lib/python3.7/site-packages/airflow/example_dags/example_sensors.py
[2024-06-12T20:39:17.814+0000] {processor.py:753} INFO - DAG(s) dict_keys(['example_sensors']) retrieved from /home/airflow/.local/lib/python3.7/site-packages/airflow/example_dags/example_sensors.py
[2024-06-12T20:39:18.352+0000] {logging_mixin.py:137} INFO - [2024-06-12T20:39:18.352+0000] {dag.py:2690} INFO - Sync 1 DAGs
[2024-06-12T20:39:19.106+0000] {logging_mixin.py:137} INFO - [2024-06-12T20:39:19.106+0000] {dag.py:3441} INFO - Setting next_dagrun for example_sensors to None, run_after=None
[2024-06-12T20:39:19.474+0000] {processor.py:175} INFO - Processing /home/airflow/.local/lib/python3.7/site-packages/airflow/example_dags/example_sensors.py took 2.029 seconds
[2024-06-12T20:40:17.002+0000] {processor.py:153} INFO - Started process (PID=3625) to work on /home/airflow/.local/lib/python3.7/site-packages/airflow/example_dags/example_sensors.py
[2024-06-12T20:40:17.048+0000] {processor.py:743} INFO - Processing file /home/airflow/.local/lib/python3.7/site-packages/airflow/example_dags/example_sensors.py for tasks to queue
[2024-06-12T20:40:17.112+0000] {logging_mixin.py:137} INFO - [2024-06-12T20:40:17.112+0000] {dagbag.py:538} INFO - Filling up the DagBag from /home/airflow/.local/lib/python3.7/site-packages/airflow/example_dags/example_sensors.py
[2024-06-12T20:40:17.688+0000] {processor.py:753} INFO - DAG(s) dict_keys(['example_sensors']) retrieved from /home/airflow/.local/lib/python3.7/site-packages/airflow/example_dags/example_sensors.py
[2024-06-12T20:40:18.271+0000] {logging_mixin.py:137} INFO - [2024-06-12T20:40:18.270+0000] {dag.py:2690} INFO - Sync 1 DAGs
[2024-06-12T20:40:19.284+0000] {logging_mixin.py:137} INFO - [2024-06-12T20:40:19.284+0000] {dag.py:3441} INFO - Setting next_dagrun for example_sensors to None, run_after=None
[2024-06-12T20:40:20.197+0000] {processor.py:175} INFO - Processing /home/airflow/.local/lib/python3.7/site-packages/airflow/example_dags/example_sensors.py took 3.228 seconds
[2024-06-12T20:41:28.012+0000] {processor.py:153} INFO - Started process (PID=3702) to work on /home/airflow/.local/lib/python3.7/site-packages/airflow/example_dags/example_sensors.py
[2024-06-12T20:41:28.025+0000] {processor.py:743} INFO - Processing file /home/airflow/.local/lib/python3.7/site-packages/airflow/example_dags/example_sensors.py for tasks to queue
[2024-06-12T20:41:28.042+0000] {logging_mixin.py:137} INFO - [2024-06-12T20:41:28.042+0000] {dagbag.py:538} INFO - Filling up the DagBag from /home/airflow/.local/lib/python3.7/site-packages/airflow/example_dags/example_sensors.py
[2024-06-12T20:41:28.440+0000] {processor.py:753} INFO - DAG(s) dict_keys(['example_sensors']) retrieved from /home/airflow/.local/lib/python3.7/site-packages/airflow/example_dags/example_sensors.py
[2024-06-12T20:41:28.913+0000] {logging_mixin.py:137} INFO - [2024-06-12T20:41:28.912+0000] {dag.py:2690} INFO - Sync 1 DAGs
[2024-06-12T20:41:29.362+0000] {logging_mixin.py:137} INFO - [2024-06-12T20:41:29.361+0000] {dag.py:3441} INFO - Setting next_dagrun for example_sensors to None, run_after=None
[2024-06-12T20:41:29.732+0000] {processor.py:175} INFO - Processing /home/airflow/.local/lib/python3.7/site-packages/airflow/example_dags/example_sensors.py took 1.755 seconds
[2024-06-12T20:42:19.363+0000] {processor.py:153} INFO - Started process (PID=3762) to work on /home/airflow/.local/lib/python3.7/site-packages/airflow/example_dags/example_sensors.py
[2024-06-12T20:42:19.393+0000] {processor.py:743} INFO - Processing file /home/airflow/.local/lib/python3.7/site-packages/airflow/example_dags/example_sensors.py for tasks to queue
[2024-06-12T20:42:19.458+0000] {logging_mixin.py:137} INFO - [2024-06-12T20:42:19.457+0000] {dagbag.py:538} INFO - Filling up the DagBag from /home/airflow/.local/lib/python3.7/site-packages/airflow/example_dags/example_sensors.py
[2024-06-12T20:42:19.701+0000] {processor.py:753} INFO - DAG(s) dict_keys(['example_sensors']) retrieved from /home/airflow/.local/lib/python3.7/site-packages/airflow/example_dags/example_sensors.py
[2024-06-12T20:42:20.856+0000] {logging_mixin.py:137} INFO - [2024-06-12T20:42:20.828+0000] {dag.py:2690} INFO - Sync 1 DAGs
[2024-06-12T20:42:21.628+0000] {logging_mixin.py:137} INFO - [2024-06-12T20:42:21.628+0000] {dag.py:3441} INFO - Setting next_dagrun for example_sensors to None, run_after=None
[2024-06-12T20:42:22.070+0000] {processor.py:175} INFO - Processing /home/airflow/.local/lib/python3.7/site-packages/airflow/example_dags/example_sensors.py took 2.740 seconds
[2024-06-12T20:43:42.142+0000] {processor.py:153} INFO - Started process (PID=3854) to work on /home/airflow/.local/lib/python3.7/site-packages/airflow/example_dags/example_sensors.py
[2024-06-12T20:43:42.328+0000] {processor.py:743} INFO - Processing file /home/airflow/.local/lib/python3.7/site-packages/airflow/example_dags/example_sensors.py for tasks to queue
[2024-06-12T20:43:42.393+0000] {logging_mixin.py:137} INFO - [2024-06-12T20:43:42.393+0000] {dagbag.py:538} INFO - Filling up the DagBag from /home/airflow/.local/lib/python3.7/site-packages/airflow/example_dags/example_sensors.py
[2024-06-12T20:43:43.332+0000] {processor.py:753} INFO - DAG(s) dict_keys(['example_sensors']) retrieved from /home/airflow/.local/lib/python3.7/site-packages/airflow/example_dags/example_sensors.py
[2024-06-12T20:43:44.751+0000] {logging_mixin.py:137} INFO - [2024-06-12T20:43:44.750+0000] {dag.py:2690} INFO - Sync 1 DAGs
[2024-06-12T20:43:45.993+0000] {logging_mixin.py:137} INFO - [2024-06-12T20:43:45.993+0000] {dag.py:3441} INFO - Setting next_dagrun for example_sensors to None, run_after=None
[2024-06-12T20:43:46.560+0000] {processor.py:175} INFO - Processing /home/airflow/.local/lib/python3.7/site-packages/airflow/example_dags/example_sensors.py took 4.462 seconds
[2024-06-12T20:44:48.004+0000] {processor.py:153} INFO - Started process (PID=3935) to work on /home/airflow/.local/lib/python3.7/site-packages/airflow/example_dags/example_sensors.py
[2024-06-12T20:44:48.020+0000] {processor.py:743} INFO - Processing file /home/airflow/.local/lib/python3.7/site-packages/airflow/example_dags/example_sensors.py for tasks to queue
[2024-06-12T20:44:48.040+0000] {logging_mixin.py:137} INFO - [2024-06-12T20:44:48.040+0000] {dagbag.py:538} INFO - Filling up the DagBag from /home/airflow/.local/lib/python3.7/site-packages/airflow/example_dags/example_sensors.py
[2024-06-12T20:44:48.688+0000] {processor.py:753} INFO - DAG(s) dict_keys(['example_sensors']) retrieved from /home/airflow/.local/lib/python3.7/site-packages/airflow/example_dags/example_sensors.py
[2024-06-12T20:44:49.354+0000] {logging_mixin.py:137} INFO - [2024-06-12T20:44:49.353+0000] {dag.py:2690} INFO - Sync 1 DAGs
[2024-06-12T20:44:49.852+0000] {logging_mixin.py:137} INFO - [2024-06-12T20:44:49.852+0000] {dag.py:3441} INFO - Setting next_dagrun for example_sensors to None, run_after=None
[2024-06-12T20:44:50.148+0000] {processor.py:175} INFO - Processing /home/airflow/.local/lib/python3.7/site-packages/airflow/example_dags/example_sensors.py took 2.269 seconds
[2024-06-12T20:45:40.372+0000] {processor.py:153} INFO - Started process (PID=3998) to work on /home/airflow/.local/lib/python3.7/site-packages/airflow/example_dags/example_sensors.py
[2024-06-12T20:45:40.388+0000] {processor.py:743} INFO - Processing file /home/airflow/.local/lib/python3.7/site-packages/airflow/example_dags/example_sensors.py for tasks to queue
[2024-06-12T20:45:40.405+0000] {logging_mixin.py:137} INFO - [2024-06-12T20:45:40.404+0000] {dagbag.py:538} INFO - Filling up the DagBag from /home/airflow/.local/lib/python3.7/site-packages/airflow/example_dags/example_sensors.py
[2024-06-12T20:45:40.847+0000] {processor.py:753} INFO - DAG(s) dict_keys(['example_sensors']) retrieved from /home/airflow/.local/lib/python3.7/site-packages/airflow/example_dags/example_sensors.py
[2024-06-12T20:45:41.638+0000] {logging_mixin.py:137} INFO - [2024-06-12T20:45:41.627+0000] {dag.py:2690} INFO - Sync 1 DAGs
[2024-06-12T20:45:42.680+0000] {logging_mixin.py:137} INFO - [2024-06-12T20:45:42.680+0000] {dag.py:3441} INFO - Setting next_dagrun for example_sensors to None, run_after=None
[2024-06-12T20:45:43.296+0000] {processor.py:175} INFO - Processing /home/airflow/.local/lib/python3.7/site-packages/airflow/example_dags/example_sensors.py took 2.986 seconds
[2024-06-12T20:46:40.015+0000] {processor.py:153} INFO - Started process (PID=4069) to work on /home/airflow/.local/lib/python3.7/site-packages/airflow/example_dags/example_sensors.py
[2024-06-12T20:46:40.029+0000] {processor.py:743} INFO - Processing file /home/airflow/.local/lib/python3.7/site-packages/airflow/example_dags/example_sensors.py for tasks to queue
[2024-06-12T20:46:40.047+0000] {logging_mixin.py:137} INFO - [2024-06-12T20:46:40.046+0000] {dagbag.py:538} INFO - Filling up the DagBag from /home/airflow/.local/lib/python3.7/site-packages/airflow/example_dags/example_sensors.py
[2024-06-12T20:46:40.493+0000] {processor.py:753} INFO - DAG(s) dict_keys(['example_sensors']) retrieved from /home/airflow/.local/lib/python3.7/site-packages/airflow/example_dags/example_sensors.py
[2024-06-12T20:46:40.934+0000] {logging_mixin.py:137} INFO - [2024-06-12T20:46:40.933+0000] {dag.py:2690} INFO - Sync 1 DAGs
[2024-06-12T20:46:41.516+0000] {logging_mixin.py:137} INFO - [2024-06-12T20:46:41.516+0000] {dag.py:3441} INFO - Setting next_dagrun for example_sensors to None, run_after=None
[2024-06-12T20:46:41.759+0000] {processor.py:175} INFO - Processing /home/airflow/.local/lib/python3.7/site-packages/airflow/example_dags/example_sensors.py took 1.800 seconds
[2024-06-12T20:48:02.535+0000] {processor.py:153} INFO - Started process (PID=4155) to work on /home/airflow/.local/lib/python3.7/site-packages/airflow/example_dags/example_sensors.py
[2024-06-12T20:48:02.536+0000] {processor.py:743} INFO - Processing file /home/airflow/.local/lib/python3.7/site-packages/airflow/example_dags/example_sensors.py for tasks to queue
[2024-06-12T20:48:02.551+0000] {logging_mixin.py:137} INFO - [2024-06-12T20:48:02.551+0000] {dagbag.py:538} INFO - Filling up the DagBag from /home/airflow/.local/lib/python3.7/site-packages/airflow/example_dags/example_sensors.py
[2024-06-12T20:48:03.354+0000] {processor.py:753} INFO - DAG(s) dict_keys(['example_sensors']) retrieved from /home/airflow/.local/lib/python3.7/site-packages/airflow/example_dags/example_sensors.py
[2024-06-12T20:48:04.200+0000] {logging_mixin.py:137} INFO - [2024-06-12T20:48:04.200+0000] {dag.py:2690} INFO - Sync 1 DAGs
[2024-06-12T20:48:06.274+0000] {logging_mixin.py:137} INFO - [2024-06-12T20:48:06.274+0000] {dag.py:3441} INFO - Setting next_dagrun for example_sensors to None, run_after=None
