[2024-06-12T19:43:53.703+0000] {processor.py:153} INFO - Started process (PID=190) to work on /home/airflow/.local/lib/python3.7/site-packages/airflow/example_dags/example_latest_only_with_trigger.py
[2024-06-12T19:43:53.767+0000] {processor.py:743} INFO - Processing file /home/airflow/.local/lib/python3.7/site-packages/airflow/example_dags/example_latest_only_with_trigger.py for tasks to queue
[2024-06-12T19:43:53.800+0000] {logging_mixin.py:137} INFO - [2024-06-12T19:43:53.799+0000] {dagbag.py:538} INFO - Filling up the DagBag from /home/airflow/.local/lib/python3.7/site-packages/airflow/example_dags/example_latest_only_with_trigger.py
[2024-06-12T19:43:54.297+0000] {processor.py:753} INFO - DAG(s) dict_keys(['latest_only_with_trigger']) retrieved from /home/airflow/.local/lib/python3.7/site-packages/airflow/example_dags/example_latest_only_with_trigger.py
[2024-06-12T19:43:54.935+0000] {logging_mixin.py:137} INFO - [2024-06-12T19:43:54.934+0000] {dag.py:2690} INFO - Sync 1 DAGs
[2024-06-12T19:43:56.015+0000] {logging_mixin.py:137} INFO - [2024-06-12T19:43:56.014+0000] {dag.py:3441} INFO - Setting next_dagrun for latest_only_with_trigger to 2024-06-12T15:43:56.014319+00:00, run_after=2024-06-12T19:43:56.014319+00:00
[2024-06-12T19:43:56.495+0000] {processor.py:175} INFO - Processing /home/airflow/.local/lib/python3.7/site-packages/airflow/example_dags/example_latest_only_with_trigger.py took 2.825 seconds
[2024-06-12T19:46:26.205+0000] {processor.py:153} INFO - Started process (PID=310) to work on /home/airflow/.local/lib/python3.7/site-packages/airflow/example_dags/example_latest_only_with_trigger.py
[2024-06-12T19:46:26.216+0000] {processor.py:743} INFO - Processing file /home/airflow/.local/lib/python3.7/site-packages/airflow/example_dags/example_latest_only_with_trigger.py for tasks to queue
[2024-06-12T19:46:26.247+0000] {logging_mixin.py:137} INFO - [2024-06-12T19:46:26.232+0000] {dagbag.py:538} INFO - Filling up the DagBag from /home/airflow/.local/lib/python3.7/site-packages/airflow/example_dags/example_latest_only_with_trigger.py
[2024-06-12T19:46:28.544+0000] {processor.py:753} INFO - DAG(s) dict_keys(['latest_only_with_trigger']) retrieved from /home/airflow/.local/lib/python3.7/site-packages/airflow/example_dags/example_latest_only_with_trigger.py
[2024-06-12T19:46:31.554+0000] {logging_mixin.py:137} INFO - [2024-06-12T19:46:31.554+0000] {dag.py:2690} INFO - Sync 1 DAGs
[2024-06-12T19:46:33.402+0000] {logging_mixin.py:137} INFO - [2024-06-12T19:46:33.401+0000] {dag.py:3441} INFO - Setting next_dagrun for latest_only_with_trigger to 2024-06-12T15:46:33.400922+00:00, run_after=2024-06-12T19:46:33.400922+00:00
[2024-06-12T19:46:34.720+0000] {processor.py:175} INFO - Processing /home/airflow/.local/lib/python3.7/site-packages/airflow/example_dags/example_latest_only_with_trigger.py took 8.661 seconds
[2024-06-12T19:48:23.003+0000] {processor.py:153} INFO - Started process (PID=445) to work on /home/airflow/.local/lib/python3.7/site-packages/airflow/example_dags/example_latest_only_with_trigger.py
[2024-06-12T19:48:23.013+0000] {processor.py:743} INFO - Processing file /home/airflow/.local/lib/python3.7/site-packages/airflow/example_dags/example_latest_only_with_trigger.py for tasks to queue
[2024-06-12T19:48:23.104+0000] {logging_mixin.py:137} INFO - [2024-06-12T19:48:23.104+0000] {dagbag.py:538} INFO - Filling up the DagBag from /home/airflow/.local/lib/python3.7/site-packages/airflow/example_dags/example_latest_only_with_trigger.py
[2024-06-12T19:48:23.201+0000] {processor.py:753} INFO - DAG(s) dict_keys(['latest_only_with_trigger']) retrieved from /home/airflow/.local/lib/python3.7/site-packages/airflow/example_dags/example_latest_only_with_trigger.py
[2024-06-12T19:48:23.445+0000] {logging_mixin.py:137} INFO - [2024-06-12T19:48:23.438+0000] {dag.py:2690} INFO - Sync 1 DAGs
[2024-06-12T19:48:23.720+0000] {logging_mixin.py:137} INFO - [2024-06-12T19:48:23.720+0000] {dag.py:3441} INFO - Setting next_dagrun for latest_only_with_trigger to 2024-06-12T15:48:23.719813+00:00, run_after=2024-06-12T19:48:23.719813+00:00
[2024-06-12T19:48:23.941+0000] {processor.py:175} INFO - Processing /home/airflow/.local/lib/python3.7/site-packages/airflow/example_dags/example_latest_only_with_trigger.py took 0.960 seconds
[2024-06-12T19:48:55.349+0000] {processor.py:153} INFO - Started process (PID=509) to work on /home/airflow/.local/lib/python3.7/site-packages/airflow/example_dags/example_latest_only_with_trigger.py
[2024-06-12T19:48:55.362+0000] {processor.py:743} INFO - Processing file /home/airflow/.local/lib/python3.7/site-packages/airflow/example_dags/example_latest_only_with_trigger.py for tasks to queue
[2024-06-12T19:48:55.380+0000] {logging_mixin.py:137} INFO - [2024-06-12T19:48:55.380+0000] {dagbag.py:538} INFO - Filling up the DagBag from /home/airflow/.local/lib/python3.7/site-packages/airflow/example_dags/example_latest_only_with_trigger.py
[2024-06-12T19:48:55.587+0000] {processor.py:753} INFO - DAG(s) dict_keys(['latest_only_with_trigger']) retrieved from /home/airflow/.local/lib/python3.7/site-packages/airflow/example_dags/example_latest_only_with_trigger.py
[2024-06-12T19:48:55.842+0000] {logging_mixin.py:137} INFO - [2024-06-12T19:48:55.842+0000] {dag.py:2690} INFO - Sync 1 DAGs
[2024-06-12T19:48:56.217+0000] {logging_mixin.py:137} INFO - [2024-06-12T19:48:56.217+0000] {dag.py:3441} INFO - Setting next_dagrun for latest_only_with_trigger to 2024-06-12T15:48:56.216701+00:00, run_after=2024-06-12T19:48:56.216701+00:00
[2024-06-12T19:48:56.528+0000] {processor.py:175} INFO - Processing /home/airflow/.local/lib/python3.7/site-packages/airflow/example_dags/example_latest_only_with_trigger.py took 1.196 seconds
[2024-06-12T19:49:29.394+0000] {processor.py:153} INFO - Started process (PID=564) to work on /home/airflow/.local/lib/python3.7/site-packages/airflow/example_dags/example_latest_only_with_trigger.py
[2024-06-12T19:49:29.409+0000] {processor.py:743} INFO - Processing file /home/airflow/.local/lib/python3.7/site-packages/airflow/example_dags/example_latest_only_with_trigger.py for tasks to queue
[2024-06-12T19:49:29.414+0000] {logging_mixin.py:137} INFO - [2024-06-12T19:49:29.414+0000] {dagbag.py:538} INFO - Filling up the DagBag from /home/airflow/.local/lib/python3.7/site-packages/airflow/example_dags/example_latest_only_with_trigger.py
[2024-06-12T19:49:29.486+0000] {processor.py:753} INFO - DAG(s) dict_keys(['latest_only_with_trigger']) retrieved from /home/airflow/.local/lib/python3.7/site-packages/airflow/example_dags/example_latest_only_with_trigger.py
[2024-06-12T19:49:29.616+0000] {logging_mixin.py:137} INFO - [2024-06-12T19:49:29.615+0000] {dag.py:2690} INFO - Sync 1 DAGs
[2024-06-12T19:49:29.810+0000] {logging_mixin.py:137} INFO - [2024-06-12T19:49:29.809+0000] {dag.py:3441} INFO - Setting next_dagrun for latest_only_with_trigger to 2024-06-12T15:49:29.808979+00:00, run_after=2024-06-12T19:49:29.808979+00:00
[2024-06-12T19:49:30.017+0000] {processor.py:175} INFO - Processing /home/airflow/.local/lib/python3.7/site-packages/airflow/example_dags/example_latest_only_with_trigger.py took 0.631 seconds
[2024-06-12T19:50:03.516+0000] {processor.py:153} INFO - Started process (PID=625) to work on /home/airflow/.local/lib/python3.7/site-packages/airflow/example_dags/example_latest_only_with_trigger.py
[2024-06-12T19:50:03.518+0000] {processor.py:743} INFO - Processing file /home/airflow/.local/lib/python3.7/site-packages/airflow/example_dags/example_latest_only_with_trigger.py for tasks to queue
[2024-06-12T19:50:03.535+0000] {logging_mixin.py:137} INFO - [2024-06-12T19:50:03.535+0000] {dagbag.py:538} INFO - Filling up the DagBag from /home/airflow/.local/lib/python3.7/site-packages/airflow/example_dags/example_latest_only_with_trigger.py
[2024-06-12T19:50:03.668+0000] {processor.py:753} INFO - DAG(s) dict_keys(['latest_only_with_trigger']) retrieved from /home/airflow/.local/lib/python3.7/site-packages/airflow/example_dags/example_latest_only_with_trigger.py
[2024-06-12T19:50:03.801+0000] {logging_mixin.py:137} INFO - [2024-06-12T19:50:03.800+0000] {dag.py:2690} INFO - Sync 1 DAGs
[2024-06-12T19:50:04.015+0000] {logging_mixin.py:137} INFO - [2024-06-12T19:50:04.015+0000] {dag.py:3441} INFO - Setting next_dagrun for latest_only_with_trigger to 2024-06-12T15:50:04.014534+00:00, run_after=2024-06-12T19:50:04.014534+00:00
[2024-06-12T19:50:04.251+0000] {processor.py:175} INFO - Processing /home/airflow/.local/lib/python3.7/site-packages/airflow/example_dags/example_latest_only_with_trigger.py took 0.800 seconds
[2024-06-12T19:51:18.936+0000] {processor.py:153} INFO - Started process (PID=713) to work on /home/airflow/.local/lib/python3.7/site-packages/airflow/example_dags/example_latest_only_with_trigger.py
[2024-06-12T19:51:18.987+0000] {processor.py:743} INFO - Processing file /home/airflow/.local/lib/python3.7/site-packages/airflow/example_dags/example_latest_only_with_trigger.py for tasks to queue
[2024-06-12T19:51:19.003+0000] {logging_mixin.py:137} INFO - [2024-06-12T19:51:18.997+0000] {dagbag.py:538} INFO - Filling up the DagBag from /home/airflow/.local/lib/python3.7/site-packages/airflow/example_dags/example_latest_only_with_trigger.py
[2024-06-12T19:51:19.365+0000] {processor.py:753} INFO - DAG(s) dict_keys(['latest_only_with_trigger']) retrieved from /home/airflow/.local/lib/python3.7/site-packages/airflow/example_dags/example_latest_only_with_trigger.py
[2024-06-12T19:51:19.998+0000] {logging_mixin.py:137} INFO - [2024-06-12T19:51:19.997+0000] {dag.py:2690} INFO - Sync 1 DAGs
[2024-06-12T19:51:21.306+0000] {logging_mixin.py:137} INFO - [2024-06-12T19:51:21.305+0000] {dag.py:3441} INFO - Setting next_dagrun for latest_only_with_trigger to 2024-06-12T15:51:21.304466+00:00, run_after=2024-06-12T19:51:21.304466+00:00
[2024-06-12T19:51:21.903+0000] {processor.py:175} INFO - Processing /home/airflow/.local/lib/python3.7/site-packages/airflow/example_dags/example_latest_only_with_trigger.py took 3.005 seconds
[2024-06-12T19:52:14.216+0000] {processor.py:153} INFO - Started process (PID=785) to work on /home/airflow/.local/lib/python3.7/site-packages/airflow/example_dags/example_latest_only_with_trigger.py
[2024-06-12T19:52:14.304+0000] {processor.py:743} INFO - Processing file /home/airflow/.local/lib/python3.7/site-packages/airflow/example_dags/example_latest_only_with_trigger.py for tasks to queue
[2024-06-12T19:52:14.336+0000] {logging_mixin.py:137} INFO - [2024-06-12T19:52:14.333+0000] {dagbag.py:538} INFO - Filling up the DagBag from /home/airflow/.local/lib/python3.7/site-packages/airflow/example_dags/example_latest_only_with_trigger.py
[2024-06-12T19:52:14.722+0000] {processor.py:753} INFO - DAG(s) dict_keys(['latest_only_with_trigger']) retrieved from /home/airflow/.local/lib/python3.7/site-packages/airflow/example_dags/example_latest_only_with_trigger.py
[2024-06-12T19:52:15.048+0000] {logging_mixin.py:137} INFO - [2024-06-12T19:52:15.047+0000] {dag.py:2690} INFO - Sync 1 DAGs
[2024-06-12T19:52:15.394+0000] {logging_mixin.py:137} INFO - [2024-06-12T19:52:15.394+0000] {dag.py:3441} INFO - Setting next_dagrun for latest_only_with_trigger to 2024-06-12T15:52:15.394002+00:00, run_after=2024-06-12T19:52:15.394002+00:00
[2024-06-12T19:52:15.706+0000] {processor.py:175} INFO - Processing /home/airflow/.local/lib/python3.7/site-packages/airflow/example_dags/example_latest_only_with_trigger.py took 1.499 seconds
[2024-06-12T19:53:01.337+0000] {processor.py:153} INFO - Started process (PID=853) to work on /home/airflow/.local/lib/python3.7/site-packages/airflow/example_dags/example_latest_only_with_trigger.py
[2024-06-12T19:53:01.353+0000] {processor.py:743} INFO - Processing file /home/airflow/.local/lib/python3.7/site-packages/airflow/example_dags/example_latest_only_with_trigger.py for tasks to queue
[2024-06-12T19:53:01.369+0000] {logging_mixin.py:137} INFO - [2024-06-12T19:53:01.369+0000] {dagbag.py:538} INFO - Filling up the DagBag from /home/airflow/.local/lib/python3.7/site-packages/airflow/example_dags/example_latest_only_with_trigger.py
[2024-06-12T19:53:01.616+0000] {processor.py:753} INFO - DAG(s) dict_keys(['latest_only_with_trigger']) retrieved from /home/airflow/.local/lib/python3.7/site-packages/airflow/example_dags/example_latest_only_with_trigger.py
[2024-06-12T19:53:01.803+0000] {logging_mixin.py:137} INFO - [2024-06-12T19:53:01.803+0000] {dag.py:2690} INFO - Sync 1 DAGs
[2024-06-12T19:53:02.054+0000] {logging_mixin.py:137} INFO - [2024-06-12T19:53:02.053+0000] {dag.py:3441} INFO - Setting next_dagrun for latest_only_with_trigger to 2024-06-12T15:53:02.053305+00:00, run_after=2024-06-12T19:53:02.053305+00:00
[2024-06-12T19:53:02.363+0000] {processor.py:175} INFO - Processing /home/airflow/.local/lib/python3.7/site-packages/airflow/example_dags/example_latest_only_with_trigger.py took 1.088 seconds
[2024-06-12T19:53:42.530+0000] {processor.py:153} INFO - Started process (PID=917) to work on /home/airflow/.local/lib/python3.7/site-packages/airflow/example_dags/example_latest_only_with_trigger.py
[2024-06-12T19:53:42.532+0000] {processor.py:743} INFO - Processing file /home/airflow/.local/lib/python3.7/site-packages/airflow/example_dags/example_latest_only_with_trigger.py for tasks to queue
[2024-06-12T19:53:42.540+0000] {logging_mixin.py:137} INFO - [2024-06-12T19:53:42.540+0000] {dagbag.py:538} INFO - Filling up the DagBag from /home/airflow/.local/lib/python3.7/site-packages/airflow/example_dags/example_latest_only_with_trigger.py
[2024-06-12T19:53:42.709+0000] {processor.py:753} INFO - DAG(s) dict_keys(['latest_only_with_trigger']) retrieved from /home/airflow/.local/lib/python3.7/site-packages/airflow/example_dags/example_latest_only_with_trigger.py
[2024-06-12T19:53:42.953+0000] {logging_mixin.py:137} INFO - [2024-06-12T19:53:42.953+0000] {dag.py:2690} INFO - Sync 1 DAGs
[2024-06-12T19:53:43.451+0000] {logging_mixin.py:137} INFO - [2024-06-12T19:53:43.451+0000] {dag.py:3441} INFO - Setting next_dagrun for latest_only_with_trigger to 2024-06-12T15:53:43.450751+00:00, run_after=2024-06-12T19:53:43.450751+00:00
[2024-06-12T19:53:43.628+0000] {processor.py:175} INFO - Processing /home/airflow/.local/lib/python3.7/site-packages/airflow/example_dags/example_latest_only_with_trigger.py took 1.130 seconds
[2024-06-12T19:54:20.871+0000] {processor.py:153} INFO - Started process (PID=974) to work on /home/airflow/.local/lib/python3.7/site-packages/airflow/example_dags/example_latest_only_with_trigger.py
[2024-06-12T19:54:20.882+0000] {processor.py:743} INFO - Processing file /home/airflow/.local/lib/python3.7/site-packages/airflow/example_dags/example_latest_only_with_trigger.py for tasks to queue
[2024-06-12T19:54:20.884+0000] {logging_mixin.py:137} INFO - [2024-06-12T19:54:20.883+0000] {dagbag.py:538} INFO - Filling up the DagBag from /home/airflow/.local/lib/python3.7/site-packages/airflow/example_dags/example_latest_only_with_trigger.py
[2024-06-12T19:54:21.007+0000] {processor.py:753} INFO - DAG(s) dict_keys(['latest_only_with_trigger']) retrieved from /home/airflow/.local/lib/python3.7/site-packages/airflow/example_dags/example_latest_only_with_trigger.py
[2024-06-12T19:54:21.153+0000] {logging_mixin.py:137} INFO - [2024-06-12T19:54:21.153+0000] {dag.py:2690} INFO - Sync 1 DAGs
[2024-06-12T19:54:21.346+0000] {logging_mixin.py:137} INFO - [2024-06-12T19:54:21.346+0000] {dag.py:3441} INFO - Setting next_dagrun for latest_only_with_trigger to 2024-06-12T15:54:21.344859+00:00, run_after=2024-06-12T19:54:21.344859+00:00
[2024-06-12T19:54:21.511+0000] {processor.py:175} INFO - Processing /home/airflow/.local/lib/python3.7/site-packages/airflow/example_dags/example_latest_only_with_trigger.py took 0.688 seconds
[2024-06-12T19:55:15.093+0000] {processor.py:153} INFO - Started process (PID=1041) to work on /home/airflow/.local/lib/python3.7/site-packages/airflow/example_dags/example_latest_only_with_trigger.py
[2024-06-12T19:55:15.106+0000] {processor.py:743} INFO - Processing file /home/airflow/.local/lib/python3.7/site-packages/airflow/example_dags/example_latest_only_with_trigger.py for tasks to queue
[2024-06-12T19:55:15.123+0000] {logging_mixin.py:137} INFO - [2024-06-12T19:55:15.122+0000] {dagbag.py:538} INFO - Filling up the DagBag from /home/airflow/.local/lib/python3.7/site-packages/airflow/example_dags/example_latest_only_with_trigger.py
[2024-06-12T19:55:15.461+0000] {processor.py:753} INFO - DAG(s) dict_keys(['latest_only_with_trigger']) retrieved from /home/airflow/.local/lib/python3.7/site-packages/airflow/example_dags/example_latest_only_with_trigger.py
[2024-06-12T19:55:15.741+0000] {logging_mixin.py:137} INFO - [2024-06-12T19:55:15.740+0000] {dag.py:2690} INFO - Sync 1 DAGs
[2024-06-12T19:55:16.255+0000] {logging_mixin.py:137} INFO - [2024-06-12T19:55:16.255+0000] {dag.py:3441} INFO - Setting next_dagrun for latest_only_with_trigger to 2024-06-12T15:55:16.254871+00:00, run_after=2024-06-12T19:55:16.254871+00:00
[2024-06-12T19:55:16.915+0000] {processor.py:175} INFO - Processing /home/airflow/.local/lib/python3.7/site-packages/airflow/example_dags/example_latest_only_with_trigger.py took 1.879 seconds
[2024-06-12T19:56:05.443+0000] {processor.py:153} INFO - Started process (PID=1114) to work on /home/airflow/.local/lib/python3.7/site-packages/airflow/example_dags/example_latest_only_with_trigger.py
[2024-06-12T19:56:05.484+0000] {processor.py:743} INFO - Processing file /home/airflow/.local/lib/python3.7/site-packages/airflow/example_dags/example_latest_only_with_trigger.py for tasks to queue
[2024-06-12T19:56:05.503+0000] {logging_mixin.py:137} INFO - [2024-06-12T19:56:05.502+0000] {dagbag.py:538} INFO - Filling up the DagBag from /home/airflow/.local/lib/python3.7/site-packages/airflow/example_dags/example_latest_only_with_trigger.py
[2024-06-12T19:56:05.776+0000] {processor.py:753} INFO - DAG(s) dict_keys(['latest_only_with_trigger']) retrieved from /home/airflow/.local/lib/python3.7/site-packages/airflow/example_dags/example_latest_only_with_trigger.py
[2024-06-12T19:56:06.125+0000] {logging_mixin.py:137} INFO - [2024-06-12T19:56:06.125+0000] {dag.py:2690} INFO - Sync 1 DAGs
[2024-06-12T19:56:06.460+0000] {logging_mixin.py:137} INFO - [2024-06-12T19:56:06.460+0000] {dag.py:3441} INFO - Setting next_dagrun for latest_only_with_trigger to 2024-06-12T15:56:06.459741+00:00, run_after=2024-06-12T19:56:06.459741+00:00
[2024-06-12T19:56:06.682+0000] {processor.py:175} INFO - Processing /home/airflow/.local/lib/python3.7/site-packages/airflow/example_dags/example_latest_only_with_trigger.py took 1.331 seconds
[2024-06-12T19:56:39.487+0000] {processor.py:153} INFO - Started process (PID=1172) to work on /home/airflow/.local/lib/python3.7/site-packages/airflow/example_dags/example_latest_only_with_trigger.py
[2024-06-12T19:56:39.513+0000] {processor.py:743} INFO - Processing file /home/airflow/.local/lib/python3.7/site-packages/airflow/example_dags/example_latest_only_with_trigger.py for tasks to queue
[2024-06-12T19:56:39.518+0000] {logging_mixin.py:137} INFO - [2024-06-12T19:56:39.517+0000] {dagbag.py:538} INFO - Filling up the DagBag from /home/airflow/.local/lib/python3.7/site-packages/airflow/example_dags/example_latest_only_with_trigger.py
[2024-06-12T19:56:39.699+0000] {processor.py:753} INFO - DAG(s) dict_keys(['latest_only_with_trigger']) retrieved from /home/airflow/.local/lib/python3.7/site-packages/airflow/example_dags/example_latest_only_with_trigger.py
[2024-06-12T19:56:39.978+0000] {logging_mixin.py:137} INFO - [2024-06-12T19:56:39.977+0000] {dag.py:2690} INFO - Sync 1 DAGs
[2024-06-12T19:56:40.357+0000] {logging_mixin.py:137} INFO - [2024-06-12T19:56:40.357+0000] {dag.py:3441} INFO - Setting next_dagrun for latest_only_with_trigger to 2024-06-12T15:56:40.356864+00:00, run_after=2024-06-12T19:56:40.356864+00:00
[2024-06-12T19:56:40.618+0000] {processor.py:175} INFO - Processing /home/airflow/.local/lib/python3.7/site-packages/airflow/example_dags/example_latest_only_with_trigger.py took 1.162 seconds
[2024-06-12T19:58:08.585+0000] {processor.py:153} INFO - Started process (PID=1256) to work on /home/airflow/.local/lib/python3.7/site-packages/airflow/example_dags/example_latest_only_with_trigger.py
[2024-06-12T19:58:08.712+0000] {processor.py:743} INFO - Processing file /home/airflow/.local/lib/python3.7/site-packages/airflow/example_dags/example_latest_only_with_trigger.py for tasks to queue
[2024-06-12T19:58:08.791+0000] {logging_mixin.py:137} INFO - [2024-06-12T19:58:08.790+0000] {dagbag.py:538} INFO - Filling up the DagBag from /home/airflow/.local/lib/python3.7/site-packages/airflow/example_dags/example_latest_only_with_trigger.py
[2024-06-12T19:58:09.149+0000] {processor.py:753} INFO - DAG(s) dict_keys(['latest_only_with_trigger']) retrieved from /home/airflow/.local/lib/python3.7/site-packages/airflow/example_dags/example_latest_only_with_trigger.py
[2024-06-12T19:58:10.036+0000] {logging_mixin.py:137} INFO - [2024-06-12T19:58:10.036+0000] {dag.py:2690} INFO - Sync 1 DAGs
[2024-06-12T19:58:10.679+0000] {logging_mixin.py:137} INFO - [2024-06-12T19:58:10.678+0000] {dag.py:3441} INFO - Setting next_dagrun for latest_only_with_trigger to 2024-06-12T15:58:10.678391+00:00, run_after=2024-06-12T19:58:10.678391+00:00
[2024-06-12T19:58:12.451+0000] {processor.py:175} INFO - Processing /home/airflow/.local/lib/python3.7/site-packages/airflow/example_dags/example_latest_only_with_trigger.py took 4.040 seconds
[2024-06-12T20:02:19.989+0000] {processor.py:153} INFO - Started process (PID=1452) to work on /home/airflow/.local/lib/python3.7/site-packages/airflow/example_dags/example_latest_only_with_trigger.py
[2024-06-12T20:02:20.001+0000] {processor.py:743} INFO - Processing file /home/airflow/.local/lib/python3.7/site-packages/airflow/example_dags/example_latest_only_with_trigger.py for tasks to queue
[2024-06-12T20:02:20.019+0000] {logging_mixin.py:137} INFO - [2024-06-12T20:02:20.018+0000] {dagbag.py:538} INFO - Filling up the DagBag from /home/airflow/.local/lib/python3.7/site-packages/airflow/example_dags/example_latest_only_with_trigger.py
[2024-06-12T20:02:20.540+0000] {processor.py:753} INFO - DAG(s) dict_keys(['latest_only_with_trigger']) retrieved from /home/airflow/.local/lib/python3.7/site-packages/airflow/example_dags/example_latest_only_with_trigger.py
[2024-06-12T20:02:21.821+0000] {logging_mixin.py:137} INFO - [2024-06-12T20:02:21.809+0000] {dag.py:2690} INFO - Sync 1 DAGs
[2024-06-12T20:02:23.964+0000] {logging_mixin.py:137} INFO - [2024-06-12T20:02:23.964+0000] {dag.py:3441} INFO - Setting next_dagrun for latest_only_with_trigger to 2024-06-12T16:02:23.872009+00:00, run_after=2024-06-12T20:02:23.872009+00:00
[2024-06-12T20:02:25.941+0000] {processor.py:175} INFO - Processing /home/airflow/.local/lib/python3.7/site-packages/airflow/example_dags/example_latest_only_with_trigger.py took 5.971 seconds
[2024-06-12T20:08:03.499+0000] {processor.py:153} INFO - Started process (PID=1705) to work on /home/airflow/.local/lib/python3.7/site-packages/airflow/example_dags/example_latest_only_with_trigger.py
[2024-06-12T20:08:03.688+0000] {processor.py:743} INFO - Processing file /home/airflow/.local/lib/python3.7/site-packages/airflow/example_dags/example_latest_only_with_trigger.py for tasks to queue
[2024-06-12T20:08:03.753+0000] {logging_mixin.py:137} INFO - [2024-06-12T20:08:03.753+0000] {dagbag.py:538} INFO - Filling up the DagBag from /home/airflow/.local/lib/python3.7/site-packages/airflow/example_dags/example_latest_only_with_trigger.py
[2024-06-12T20:08:05.584+0000] {processor.py:753} INFO - DAG(s) dict_keys(['latest_only_with_trigger']) retrieved from /home/airflow/.local/lib/python3.7/site-packages/airflow/example_dags/example_latest_only_with_trigger.py
[2024-06-12T20:08:07.533+0000] {logging_mixin.py:137} INFO - [2024-06-12T20:08:07.533+0000] {dag.py:2690} INFO - Sync 1 DAGs
[2024-06-12T20:08:11.374+0000] {logging_mixin.py:137} INFO - [2024-06-12T20:08:11.374+0000] {dag.py:3441} INFO - Setting next_dagrun for latest_only_with_trigger to 2024-06-12T16:08:11.373722+00:00, run_after=2024-06-12T20:08:11.373722+00:00
[2024-06-12T20:08:12.269+0000] {processor.py:175} INFO - Processing /home/airflow/.local/lib/python3.7/site-packages/airflow/example_dags/example_latest_only_with_trigger.py took 9.324 seconds
[2024-06-12T20:11:21.586+0000] {processor.py:153} INFO - Started process (PID=1847) to work on /home/airflow/.local/lib/python3.7/site-packages/airflow/example_dags/example_latest_only_with_trigger.py
[2024-06-12T20:11:21.761+0000] {processor.py:743} INFO - Processing file /home/airflow/.local/lib/python3.7/site-packages/airflow/example_dags/example_latest_only_with_trigger.py for tasks to queue
[2024-06-12T20:11:21.874+0000] {logging_mixin.py:137} INFO - [2024-06-12T20:11:21.874+0000] {dagbag.py:538} INFO - Filling up the DagBag from /home/airflow/.local/lib/python3.7/site-packages/airflow/example_dags/example_latest_only_with_trigger.py
[2024-06-12T20:11:23.137+0000] {processor.py:753} INFO - DAG(s) dict_keys(['latest_only_with_trigger']) retrieved from /home/airflow/.local/lib/python3.7/site-packages/airflow/example_dags/example_latest_only_with_trigger.py
[2024-06-12T20:11:24.851+0000] {logging_mixin.py:137} INFO - [2024-06-12T20:11:24.851+0000] {dag.py:2690} INFO - Sync 1 DAGs
[2024-06-12T20:11:28.226+0000] {logging_mixin.py:137} INFO - [2024-06-12T20:11:28.225+0000] {dag.py:3441} INFO - Setting next_dagrun for latest_only_with_trigger to 2024-06-12T16:11:28.225411+00:00, run_after=2024-06-12T20:11:28.225411+00:00
[2024-06-12T20:11:30.699+0000] {processor.py:175} INFO - Processing /home/airflow/.local/lib/python3.7/site-packages/airflow/example_dags/example_latest_only_with_trigger.py took 9.287 seconds
[2024-06-12T20:13:41.010+0000] {processor.py:153} INFO - Started process (PID=1966) to work on /home/airflow/.local/lib/python3.7/site-packages/airflow/example_dags/example_latest_only_with_trigger.py
[2024-06-12T20:13:41.091+0000] {processor.py:743} INFO - Processing file /home/airflow/.local/lib/python3.7/site-packages/airflow/example_dags/example_latest_only_with_trigger.py for tasks to queue
[2024-06-12T20:13:41.104+0000] {logging_mixin.py:137} INFO - [2024-06-12T20:13:41.103+0000] {dagbag.py:538} INFO - Filling up the DagBag from /home/airflow/.local/lib/python3.7/site-packages/airflow/example_dags/example_latest_only_with_trigger.py
[2024-06-12T20:13:41.445+0000] {processor.py:753} INFO - DAG(s) dict_keys(['latest_only_with_trigger']) retrieved from /home/airflow/.local/lib/python3.7/site-packages/airflow/example_dags/example_latest_only_with_trigger.py
[2024-06-12T20:13:41.955+0000] {logging_mixin.py:137} INFO - [2024-06-12T20:13:41.954+0000] {dag.py:2690} INFO - Sync 1 DAGs
[2024-06-12T20:13:42.993+0000] {logging_mixin.py:137} INFO - [2024-06-12T20:13:42.993+0000] {dag.py:3441} INFO - Setting next_dagrun for latest_only_with_trigger to 2024-06-12T16:13:42.993010+00:00, run_after=2024-06-12T20:13:42.993010+00:00
[2024-06-12T20:13:43.201+0000] {processor.py:175} INFO - Processing /home/airflow/.local/lib/python3.7/site-packages/airflow/example_dags/example_latest_only_with_trigger.py took 2.258 seconds
[2024-06-12T20:15:13.799+0000] {processor.py:153} INFO - Started process (PID=2067) to work on /home/airflow/.local/lib/python3.7/site-packages/airflow/example_dags/example_latest_only_with_trigger.py
[2024-06-12T20:15:13.820+0000] {processor.py:743} INFO - Processing file /home/airflow/.local/lib/python3.7/site-packages/airflow/example_dags/example_latest_only_with_trigger.py for tasks to queue
[2024-06-12T20:15:13.874+0000] {logging_mixin.py:137} INFO - [2024-06-12T20:15:13.874+0000] {dagbag.py:538} INFO - Filling up the DagBag from /home/airflow/.local/lib/python3.7/site-packages/airflow/example_dags/example_latest_only_with_trigger.py
[2024-06-12T20:15:14.156+0000] {processor.py:753} INFO - DAG(s) dict_keys(['latest_only_with_trigger']) retrieved from /home/airflow/.local/lib/python3.7/site-packages/airflow/example_dags/example_latest_only_with_trigger.py
[2024-06-12T20:15:14.847+0000] {logging_mixin.py:137} INFO - [2024-06-12T20:15:14.847+0000] {dag.py:2690} INFO - Sync 1 DAGs
[2024-06-12T20:15:15.543+0000] {logging_mixin.py:137} INFO - [2024-06-12T20:15:15.541+0000] {dag.py:3441} INFO - Setting next_dagrun for latest_only_with_trigger to 2024-06-12T16:15:15.541348+00:00, run_after=2024-06-12T20:15:15.541348+00:00
[2024-06-12T20:15:16.159+0000] {processor.py:175} INFO - Processing /home/airflow/.local/lib/python3.7/site-packages/airflow/example_dags/example_latest_only_with_trigger.py took 2.442 seconds
[2024-06-12T20:16:20.223+0000] {processor.py:153} INFO - Started process (PID=2155) to work on /home/airflow/.local/lib/python3.7/site-packages/airflow/example_dags/example_latest_only_with_trigger.py
[2024-06-12T20:16:20.237+0000] {processor.py:743} INFO - Processing file /home/airflow/.local/lib/python3.7/site-packages/airflow/example_dags/example_latest_only_with_trigger.py for tasks to queue
[2024-06-12T20:16:20.254+0000] {logging_mixin.py:137} INFO - [2024-06-12T20:16:20.253+0000] {dagbag.py:538} INFO - Filling up the DagBag from /home/airflow/.local/lib/python3.7/site-packages/airflow/example_dags/example_latest_only_with_trigger.py
[2024-06-12T20:16:20.414+0000] {processor.py:753} INFO - DAG(s) dict_keys(['latest_only_with_trigger']) retrieved from /home/airflow/.local/lib/python3.7/site-packages/airflow/example_dags/example_latest_only_with_trigger.py
[2024-06-12T20:16:20.747+0000] {logging_mixin.py:137} INFO - [2024-06-12T20:16:20.747+0000] {dag.py:2690} INFO - Sync 1 DAGs
[2024-06-12T20:16:21.437+0000] {logging_mixin.py:137} INFO - [2024-06-12T20:16:21.437+0000] {dag.py:3441} INFO - Setting next_dagrun for latest_only_with_trigger to 2024-06-12T16:16:21.436815+00:00, run_after=2024-06-12T20:16:21.436815+00:00
[2024-06-12T20:16:21.733+0000] {processor.py:175} INFO - Processing /home/airflow/.local/lib/python3.7/site-packages/airflow/example_dags/example_latest_only_with_trigger.py took 1.545 seconds
[2024-06-12T20:17:48.040+0000] {processor.py:153} INFO - Started process (PID=2252) to work on /home/airflow/.local/lib/python3.7/site-packages/airflow/example_dags/example_latest_only_with_trigger.py
[2024-06-12T20:17:48.052+0000] {processor.py:743} INFO - Processing file /home/airflow/.local/lib/python3.7/site-packages/airflow/example_dags/example_latest_only_with_trigger.py for tasks to queue
[2024-06-12T20:17:48.080+0000] {logging_mixin.py:137} INFO - [2024-06-12T20:17:48.080+0000] {dagbag.py:538} INFO - Filling up the DagBag from /home/airflow/.local/lib/python3.7/site-packages/airflow/example_dags/example_latest_only_with_trigger.py
[2024-06-12T20:17:48.290+0000] {processor.py:753} INFO - DAG(s) dict_keys(['latest_only_with_trigger']) retrieved from /home/airflow/.local/lib/python3.7/site-packages/airflow/example_dags/example_latest_only_with_trigger.py
[2024-06-12T20:17:48.811+0000] {logging_mixin.py:137} INFO - [2024-06-12T20:17:48.810+0000] {dag.py:2690} INFO - Sync 1 DAGs
[2024-06-12T20:17:49.827+0000] {logging_mixin.py:137} INFO - [2024-06-12T20:17:49.826+0000] {dag.py:3441} INFO - Setting next_dagrun for latest_only_with_trigger to 2024-06-12T16:17:49.826424+00:00, run_after=2024-06-12T20:17:49.826424+00:00
[2024-06-12T20:17:50.717+0000] {processor.py:175} INFO - Processing /home/airflow/.local/lib/python3.7/site-packages/airflow/example_dags/example_latest_only_with_trigger.py took 2.786 seconds
[2024-06-12T20:19:42.955+0000] {processor.py:153} INFO - Started process (PID=2361) to work on /home/airflow/.local/lib/python3.7/site-packages/airflow/example_dags/example_latest_only_with_trigger.py
[2024-06-12T20:19:42.986+0000] {processor.py:743} INFO - Processing file /home/airflow/.local/lib/python3.7/site-packages/airflow/example_dags/example_latest_only_with_trigger.py for tasks to queue
[2024-06-12T20:19:43.071+0000] {logging_mixin.py:137} INFO - [2024-06-12T20:19:43.070+0000] {dagbag.py:538} INFO - Filling up the DagBag from /home/airflow/.local/lib/python3.7/site-packages/airflow/example_dags/example_latest_only_with_trigger.py
[2024-06-12T20:19:44.099+0000] {processor.py:753} INFO - DAG(s) dict_keys(['latest_only_with_trigger']) retrieved from /home/airflow/.local/lib/python3.7/site-packages/airflow/example_dags/example_latest_only_with_trigger.py
[2024-06-12T20:19:45.745+0000] {logging_mixin.py:137} INFO - [2024-06-12T20:19:45.744+0000] {dag.py:2690} INFO - Sync 1 DAGs
[2024-06-12T20:19:47.948+0000] {logging_mixin.py:137} INFO - [2024-06-12T20:19:47.948+0000] {dag.py:3441} INFO - Setting next_dagrun for latest_only_with_trigger to 2024-06-12T16:19:47.947529+00:00, run_after=2024-06-12T20:19:47.947529+00:00
[2024-06-12T20:19:48.863+0000] {processor.py:175} INFO - Processing /home/airflow/.local/lib/python3.7/site-packages/airflow/example_dags/example_latest_only_with_trigger.py took 6.466 seconds
[2024-06-12T20:21:53.280+0000] {processor.py:153} INFO - Started process (PID=2493) to work on /home/airflow/.local/lib/python3.7/site-packages/airflow/example_dags/example_latest_only_with_trigger.py
[2024-06-12T20:21:53.282+0000] {processor.py:743} INFO - Processing file /home/airflow/.local/lib/python3.7/site-packages/airflow/example_dags/example_latest_only_with_trigger.py for tasks to queue
[2024-06-12T20:21:53.323+0000] {logging_mixin.py:137} INFO - [2024-06-12T20:21:53.322+0000] {dagbag.py:538} INFO - Filling up the DagBag from /home/airflow/.local/lib/python3.7/site-packages/airflow/example_dags/example_latest_only_with_trigger.py
[2024-06-12T20:21:53.687+0000] {processor.py:753} INFO - DAG(s) dict_keys(['latest_only_with_trigger']) retrieved from /home/airflow/.local/lib/python3.7/site-packages/airflow/example_dags/example_latest_only_with_trigger.py
[2024-06-12T20:21:54.428+0000] {logging_mixin.py:137} INFO - [2024-06-12T20:21:54.428+0000] {dag.py:2690} INFO - Sync 1 DAGs
[2024-06-12T20:21:55.261+0000] {logging_mixin.py:137} INFO - [2024-06-12T20:21:55.261+0000] {dag.py:3441} INFO - Setting next_dagrun for latest_only_with_trigger to 2024-06-12T16:21:55.261068+00:00, run_after=2024-06-12T20:21:55.261068+00:00
[2024-06-12T20:21:56.037+0000] {processor.py:175} INFO - Processing /home/airflow/.local/lib/python3.7/site-packages/airflow/example_dags/example_latest_only_with_trigger.py took 2.803 seconds
[2024-06-12T20:24:05.367+0000] {processor.py:153} INFO - Started process (PID=2619) to work on /home/airflow/.local/lib/python3.7/site-packages/airflow/example_dags/example_latest_only_with_trigger.py
[2024-06-12T20:24:05.399+0000] {processor.py:743} INFO - Processing file /home/airflow/.local/lib/python3.7/site-packages/airflow/example_dags/example_latest_only_with_trigger.py for tasks to queue
[2024-06-12T20:24:05.475+0000] {logging_mixin.py:137} INFO - [2024-06-12T20:24:05.474+0000] {dagbag.py:538} INFO - Filling up the DagBag from /home/airflow/.local/lib/python3.7/site-packages/airflow/example_dags/example_latest_only_with_trigger.py
[2024-06-12T20:24:06.214+0000] {processor.py:753} INFO - DAG(s) dict_keys(['latest_only_with_trigger']) retrieved from /home/airflow/.local/lib/python3.7/site-packages/airflow/example_dags/example_latest_only_with_trigger.py
[2024-06-12T20:24:07.207+0000] {logging_mixin.py:137} INFO - [2024-06-12T20:24:07.207+0000] {dag.py:2690} INFO - Sync 1 DAGs
[2024-06-12T20:24:08.299+0000] {logging_mixin.py:137} INFO - [2024-06-12T20:24:08.299+0000] {dag.py:3441} INFO - Setting next_dagrun for latest_only_with_trigger to 2024-06-12T16:24:08.298579+00:00, run_after=2024-06-12T20:24:08.298579+00:00
[2024-06-12T20:24:08.888+0000] {processor.py:175} INFO - Processing /home/airflow/.local/lib/python3.7/site-packages/airflow/example_dags/example_latest_only_with_trigger.py took 3.799 seconds
[2024-06-12T20:25:51.985+0000] {processor.py:153} INFO - Started process (PID=2728) to work on /home/airflow/.local/lib/python3.7/site-packages/airflow/example_dags/example_latest_only_with_trigger.py
[2024-06-12T20:25:52.017+0000] {processor.py:743} INFO - Processing file /home/airflow/.local/lib/python3.7/site-packages/airflow/example_dags/example_latest_only_with_trigger.py for tasks to queue
[2024-06-12T20:25:52.038+0000] {logging_mixin.py:137} INFO - [2024-06-12T20:25:52.037+0000] {dagbag.py:538} INFO - Filling up the DagBag from /home/airflow/.local/lib/python3.7/site-packages/airflow/example_dags/example_latest_only_with_trigger.py
[2024-06-12T20:25:52.596+0000] {processor.py:753} INFO - DAG(s) dict_keys(['latest_only_with_trigger']) retrieved from /home/airflow/.local/lib/python3.7/site-packages/airflow/example_dags/example_latest_only_with_trigger.py
[2024-06-12T20:25:53.129+0000] {logging_mixin.py:137} INFO - [2024-06-12T20:25:53.128+0000] {dag.py:2690} INFO - Sync 1 DAGs
[2024-06-12T20:25:54.478+0000] {logging_mixin.py:137} INFO - [2024-06-12T20:25:54.478+0000] {dag.py:3441} INFO - Setting next_dagrun for latest_only_with_trigger to 2024-06-12T16:25:54.477829+00:00, run_after=2024-06-12T20:25:54.477829+00:00
[2024-06-12T20:25:55.302+0000] {processor.py:175} INFO - Processing /home/airflow/.local/lib/python3.7/site-packages/airflow/example_dags/example_latest_only_with_trigger.py took 3.443 seconds
[2024-06-12T20:27:48.780+0000] {processor.py:153} INFO - Started process (PID=2845) to work on /home/airflow/.local/lib/python3.7/site-packages/airflow/example_dags/example_latest_only_with_trigger.py
[2024-06-12T20:27:48.794+0000] {processor.py:743} INFO - Processing file /home/airflow/.local/lib/python3.7/site-packages/airflow/example_dags/example_latest_only_with_trigger.py for tasks to queue
[2024-06-12T20:27:48.827+0000] {logging_mixin.py:137} INFO - [2024-06-12T20:27:48.826+0000] {dagbag.py:538} INFO - Filling up the DagBag from /home/airflow/.local/lib/python3.7/site-packages/airflow/example_dags/example_latest_only_with_trigger.py
[2024-06-12T20:27:49.112+0000] {processor.py:753} INFO - DAG(s) dict_keys(['latest_only_with_trigger']) retrieved from /home/airflow/.local/lib/python3.7/site-packages/airflow/example_dags/example_latest_only_with_trigger.py
[2024-06-12T20:27:49.562+0000] {logging_mixin.py:137} INFO - [2024-06-12T20:27:49.562+0000] {dag.py:2690} INFO - Sync 1 DAGs
[2024-06-12T20:27:50.210+0000] {logging_mixin.py:137} INFO - [2024-06-12T20:27:50.209+0000] {dag.py:3441} INFO - Setting next_dagrun for latest_only_with_trigger to 2024-06-12T16:27:50.209147+00:00, run_after=2024-06-12T20:27:50.209147+00:00
[2024-06-12T20:27:50.534+0000] {processor.py:175} INFO - Processing /home/airflow/.local/lib/python3.7/site-packages/airflow/example_dags/example_latest_only_with_trigger.py took 1.833 seconds
[2024-06-12T20:29:16.176+0000] {processor.py:153} INFO - Started process (PID=2938) to work on /home/airflow/.local/lib/python3.7/site-packages/airflow/example_dags/example_latest_only_with_trigger.py
[2024-06-12T20:29:16.189+0000] {processor.py:743} INFO - Processing file /home/airflow/.local/lib/python3.7/site-packages/airflow/example_dags/example_latest_only_with_trigger.py for tasks to queue
[2024-06-12T20:29:16.191+0000] {logging_mixin.py:137} INFO - [2024-06-12T20:29:16.191+0000] {dagbag.py:538} INFO - Filling up the DagBag from /home/airflow/.local/lib/python3.7/site-packages/airflow/example_dags/example_latest_only_with_trigger.py
[2024-06-12T20:29:16.421+0000] {processor.py:753} INFO - DAG(s) dict_keys(['latest_only_with_trigger']) retrieved from /home/airflow/.local/lib/python3.7/site-packages/airflow/example_dags/example_latest_only_with_trigger.py
[2024-06-12T20:29:16.971+0000] {logging_mixin.py:137} INFO - [2024-06-12T20:29:16.971+0000] {dag.py:2690} INFO - Sync 1 DAGs
[2024-06-12T20:29:17.454+0000] {logging_mixin.py:137} INFO - [2024-06-12T20:29:17.454+0000] {dag.py:3441} INFO - Setting next_dagrun for latest_only_with_trigger to 2024-06-12T16:29:17.453355+00:00, run_after=2024-06-12T20:29:17.453355+00:00
[2024-06-12T20:29:17.886+0000] {processor.py:175} INFO - Processing /home/airflow/.local/lib/python3.7/site-packages/airflow/example_dags/example_latest_only_with_trigger.py took 1.743 seconds
[2024-06-12T20:30:15.634+0000] {processor.py:153} INFO - Started process (PID=3010) to work on /home/airflow/.local/lib/python3.7/site-packages/airflow/example_dags/example_latest_only_with_trigger.py
[2024-06-12T20:30:15.702+0000] {processor.py:743} INFO - Processing file /home/airflow/.local/lib/python3.7/site-packages/airflow/example_dags/example_latest_only_with_trigger.py for tasks to queue
[2024-06-12T20:30:15.796+0000] {logging_mixin.py:137} INFO - [2024-06-12T20:30:15.795+0000] {dagbag.py:538} INFO - Filling up the DagBag from /home/airflow/.local/lib/python3.7/site-packages/airflow/example_dags/example_latest_only_with_trigger.py
[2024-06-12T20:30:16.163+0000] {processor.py:753} INFO - DAG(s) dict_keys(['latest_only_with_trigger']) retrieved from /home/airflow/.local/lib/python3.7/site-packages/airflow/example_dags/example_latest_only_with_trigger.py
[2024-06-12T20:30:16.821+0000] {logging_mixin.py:137} INFO - [2024-06-12T20:30:16.821+0000] {dag.py:2690} INFO - Sync 1 DAGs
[2024-06-12T20:30:17.416+0000] {logging_mixin.py:137} INFO - [2024-06-12T20:30:17.416+0000] {dag.py:3441} INFO - Setting next_dagrun for latest_only_with_trigger to 2024-06-12T16:30:17.415585+00:00, run_after=2024-06-12T20:30:17.415585+00:00
[2024-06-12T20:30:17.962+0000] {processor.py:175} INFO - Processing /home/airflow/.local/lib/python3.7/site-packages/airflow/example_dags/example_latest_only_with_trigger.py took 2.441 seconds
[2024-06-12T20:31:16.301+0000] {processor.py:153} INFO - Started process (PID=3082) to work on /home/airflow/.local/lib/python3.7/site-packages/airflow/example_dags/example_latest_only_with_trigger.py
[2024-06-12T20:31:16.346+0000] {processor.py:743} INFO - Processing file /home/airflow/.local/lib/python3.7/site-packages/airflow/example_dags/example_latest_only_with_trigger.py for tasks to queue
[2024-06-12T20:31:16.364+0000] {logging_mixin.py:137} INFO - [2024-06-12T20:31:16.363+0000] {dagbag.py:538} INFO - Filling up the DagBag from /home/airflow/.local/lib/python3.7/site-packages/airflow/example_dags/example_latest_only_with_trigger.py
[2024-06-12T20:31:16.767+0000] {processor.py:753} INFO - DAG(s) dict_keys(['latest_only_with_trigger']) retrieved from /home/airflow/.local/lib/python3.7/site-packages/airflow/example_dags/example_latest_only_with_trigger.py
[2024-06-12T20:31:18.007+0000] {logging_mixin.py:137} INFO - [2024-06-12T20:31:18.007+0000] {dag.py:2690} INFO - Sync 1 DAGs
[2024-06-12T20:31:18.626+0000] {logging_mixin.py:137} INFO - [2024-06-12T20:31:18.625+0000] {dag.py:3441} INFO - Setting next_dagrun for latest_only_with_trigger to 2024-06-12T16:31:18.625035+00:00, run_after=2024-06-12T20:31:18.625035+00:00
[2024-06-12T20:31:19.044+0000] {processor.py:175} INFO - Processing /home/airflow/.local/lib/python3.7/site-packages/airflow/example_dags/example_latest_only_with_trigger.py took 2.776 seconds
[2024-06-12T20:32:47.322+0000] {processor.py:153} INFO - Started process (PID=3176) to work on /home/airflow/.local/lib/python3.7/site-packages/airflow/example_dags/example_latest_only_with_trigger.py
[2024-06-12T20:32:47.336+0000] {processor.py:743} INFO - Processing file /home/airflow/.local/lib/python3.7/site-packages/airflow/example_dags/example_latest_only_with_trigger.py for tasks to queue
[2024-06-12T20:32:47.401+0000] {logging_mixin.py:137} INFO - [2024-06-12T20:32:47.400+0000] {dagbag.py:538} INFO - Filling up the DagBag from /home/airflow/.local/lib/python3.7/site-packages/airflow/example_dags/example_latest_only_with_trigger.py
[2024-06-12T20:32:47.844+0000] {processor.py:753} INFO - DAG(s) dict_keys(['latest_only_with_trigger']) retrieved from /home/airflow/.local/lib/python3.7/site-packages/airflow/example_dags/example_latest_only_with_trigger.py
[2024-06-12T20:32:48.857+0000] {logging_mixin.py:137} INFO - [2024-06-12T20:32:48.857+0000] {dag.py:2690} INFO - Sync 1 DAGs
[2024-06-12T20:32:49.156+0000] {logging_mixin.py:137} INFO - [2024-06-12T20:32:49.156+0000] {dag.py:3441} INFO - Setting next_dagrun for latest_only_with_trigger to 2024-06-12T16:32:49.155335+00:00, run_after=2024-06-12T20:32:49.155335+00:00
[2024-06-12T20:32:49.459+0000] {processor.py:175} INFO - Processing /home/airflow/.local/lib/python3.7/site-packages/airflow/example_dags/example_latest_only_with_trigger.py took 2.231 seconds
[2024-06-12T20:34:44.557+0000] {processor.py:153} INFO - Started process (PID=3286) to work on /home/airflow/.local/lib/python3.7/site-packages/airflow/example_dags/example_latest_only_with_trigger.py
[2024-06-12T20:34:44.606+0000] {processor.py:743} INFO - Processing file /home/airflow/.local/lib/python3.7/site-packages/airflow/example_dags/example_latest_only_with_trigger.py for tasks to queue
[2024-06-12T20:34:44.624+0000] {logging_mixin.py:137} INFO - [2024-06-12T20:34:44.624+0000] {dagbag.py:538} INFO - Filling up the DagBag from /home/airflow/.local/lib/python3.7/site-packages/airflow/example_dags/example_latest_only_with_trigger.py
[2024-06-12T20:34:45.389+0000] {processor.py:753} INFO - DAG(s) dict_keys(['latest_only_with_trigger']) retrieved from /home/airflow/.local/lib/python3.7/site-packages/airflow/example_dags/example_latest_only_with_trigger.py
[2024-06-12T20:34:46.642+0000] {logging_mixin.py:137} INFO - [2024-06-12T20:34:46.642+0000] {dag.py:2690} INFO - Sync 1 DAGs
[2024-06-12T20:34:47.236+0000] {logging_mixin.py:137} INFO - [2024-06-12T20:34:47.236+0000] {dag.py:3441} INFO - Setting next_dagrun for latest_only_with_trigger to 2024-06-12T16:34:47.235528+00:00, run_after=2024-06-12T20:34:47.235528+00:00
[2024-06-12T20:34:47.778+0000] {processor.py:175} INFO - Processing /home/airflow/.local/lib/python3.7/site-packages/airflow/example_dags/example_latest_only_with_trigger.py took 3.402 seconds
[2024-06-12T20:37:30.736+0000] {processor.py:153} INFO - Started process (PID=3438) to work on /home/airflow/.local/lib/python3.7/site-packages/airflow/example_dags/example_latest_only_with_trigger.py
[2024-06-12T20:37:31.509+0000] {processor.py:743} INFO - Processing file /home/airflow/.local/lib/python3.7/site-packages/airflow/example_dags/example_latest_only_with_trigger.py for tasks to queue
[2024-06-12T20:37:31.749+0000] {logging_mixin.py:137} INFO - [2024-06-12T20:37:31.748+0000] {dagbag.py:538} INFO - Filling up the DagBag from /home/airflow/.local/lib/python3.7/site-packages/airflow/example_dags/example_latest_only_with_trigger.py
[2024-06-12T20:37:32.552+0000] {processor.py:753} INFO - DAG(s) dict_keys(['latest_only_with_trigger']) retrieved from /home/airflow/.local/lib/python3.7/site-packages/airflow/example_dags/example_latest_only_with_trigger.py
[2024-06-12T20:37:33.261+0000] {logging_mixin.py:137} INFO - [2024-06-12T20:37:33.260+0000] {dag.py:2690} INFO - Sync 1 DAGs
[2024-06-12T20:37:34.255+0000] {logging_mixin.py:137} INFO - [2024-06-12T20:37:34.255+0000] {dag.py:3441} INFO - Setting next_dagrun for latest_only_with_trigger to 2024-06-12T16:37:34.254764+00:00, run_after=2024-06-12T20:37:34.254764+00:00
[2024-06-12T20:37:34.864+0000] {processor.py:175} INFO - Processing /home/airflow/.local/lib/python3.7/site-packages/airflow/example_dags/example_latest_only_with_trigger.py took 4.407 seconds
[2024-06-12T20:39:02.282+0000] {processor.py:153} INFO - Started process (PID=3530) to work on /home/airflow/.local/lib/python3.7/site-packages/airflow/example_dags/example_latest_only_with_trigger.py
[2024-06-12T20:39:02.288+0000] {processor.py:743} INFO - Processing file /home/airflow/.local/lib/python3.7/site-packages/airflow/example_dags/example_latest_only_with_trigger.py for tasks to queue
[2024-06-12T20:39:02.292+0000] {logging_mixin.py:137} INFO - [2024-06-12T20:39:02.291+0000] {dagbag.py:538} INFO - Filling up the DagBag from /home/airflow/.local/lib/python3.7/site-packages/airflow/example_dags/example_latest_only_with_trigger.py
[2024-06-12T20:39:02.521+0000] {processor.py:753} INFO - DAG(s) dict_keys(['latest_only_with_trigger']) retrieved from /home/airflow/.local/lib/python3.7/site-packages/airflow/example_dags/example_latest_only_with_trigger.py
[2024-06-12T20:39:02.864+0000] {logging_mixin.py:137} INFO - [2024-06-12T20:39:02.864+0000] {dag.py:2690} INFO - Sync 1 DAGs
[2024-06-12T20:39:03.255+0000] {logging_mixin.py:137} INFO - [2024-06-12T20:39:03.253+0000] {dag.py:3441} INFO - Setting next_dagrun for latest_only_with_trigger to 2024-06-12T16:39:03.245012+00:00, run_after=2024-06-12T20:39:03.245012+00:00
[2024-06-12T20:39:03.762+0000] {processor.py:175} INFO - Processing /home/airflow/.local/lib/python3.7/site-packages/airflow/example_dags/example_latest_only_with_trigger.py took 1.516 seconds
[2024-06-12T20:40:01.497+0000] {processor.py:153} INFO - Started process (PID=3603) to work on /home/airflow/.local/lib/python3.7/site-packages/airflow/example_dags/example_latest_only_with_trigger.py
[2024-06-12T20:40:01.499+0000] {processor.py:743} INFO - Processing file /home/airflow/.local/lib/python3.7/site-packages/airflow/example_dags/example_latest_only_with_trigger.py for tasks to queue
[2024-06-12T20:40:01.539+0000] {logging_mixin.py:137} INFO - [2024-06-12T20:40:01.538+0000] {dagbag.py:538} INFO - Filling up the DagBag from /home/airflow/.local/lib/python3.7/site-packages/airflow/example_dags/example_latest_only_with_trigger.py
[2024-06-12T20:40:01.662+0000] {processor.py:753} INFO - DAG(s) dict_keys(['latest_only_with_trigger']) retrieved from /home/airflow/.local/lib/python3.7/site-packages/airflow/example_dags/example_latest_only_with_trigger.py
[2024-06-12T20:40:01.992+0000] {logging_mixin.py:137} INFO - [2024-06-12T20:40:01.992+0000] {dag.py:2690} INFO - Sync 1 DAGs
[2024-06-12T20:40:02.336+0000] {logging_mixin.py:137} INFO - [2024-06-12T20:40:02.335+0000] {dag.py:3441} INFO - Setting next_dagrun for latest_only_with_trigger to 2024-06-12T16:40:02.335457+00:00, run_after=2024-06-12T20:40:02.335457+00:00
[2024-06-12T20:40:02.674+0000] {processor.py:175} INFO - Processing /home/airflow/.local/lib/python3.7/site-packages/airflow/example_dags/example_latest_only_with_trigger.py took 1.207 seconds
[2024-06-12T20:41:06.917+0000] {processor.py:153} INFO - Started process (PID=3678) to work on /home/airflow/.local/lib/python3.7/site-packages/airflow/example_dags/example_latest_only_with_trigger.py
[2024-06-12T20:41:06.931+0000] {processor.py:743} INFO - Processing file /home/airflow/.local/lib/python3.7/site-packages/airflow/example_dags/example_latest_only_with_trigger.py for tasks to queue
[2024-06-12T20:41:07.009+0000] {logging_mixin.py:137} INFO - [2024-06-12T20:41:07.009+0000] {dagbag.py:538} INFO - Filling up the DagBag from /home/airflow/.local/lib/python3.7/site-packages/airflow/example_dags/example_latest_only_with_trigger.py
[2024-06-12T20:41:07.140+0000] {processor.py:753} INFO - DAG(s) dict_keys(['latest_only_with_trigger']) retrieved from /home/airflow/.local/lib/python3.7/site-packages/airflow/example_dags/example_latest_only_with_trigger.py
[2024-06-12T20:41:07.475+0000] {logging_mixin.py:137} INFO - [2024-06-12T20:41:07.463+0000] {dag.py:2690} INFO - Sync 1 DAGs
[2024-06-12T20:41:07.860+0000] {logging_mixin.py:137} INFO - [2024-06-12T20:41:07.859+0000] {dag.py:3441} INFO - Setting next_dagrun for latest_only_with_trigger to 2024-06-12T16:41:07.859403+00:00, run_after=2024-06-12T20:41:07.859403+00:00
[2024-06-12T20:41:08.504+0000] {processor.py:175} INFO - Processing /home/airflow/.local/lib/python3.7/site-packages/airflow/example_dags/example_latest_only_with_trigger.py took 1.605 seconds
[2024-06-12T20:42:07.025+0000] {processor.py:153} INFO - Started process (PID=3750) to work on /home/airflow/.local/lib/python3.7/site-packages/airflow/example_dags/example_latest_only_with_trigger.py
[2024-06-12T20:42:07.040+0000] {processor.py:743} INFO - Processing file /home/airflow/.local/lib/python3.7/site-packages/airflow/example_dags/example_latest_only_with_trigger.py for tasks to queue
[2024-06-12T20:42:07.057+0000] {logging_mixin.py:137} INFO - [2024-06-12T20:42:07.056+0000] {dagbag.py:538} INFO - Filling up the DagBag from /home/airflow/.local/lib/python3.7/site-packages/airflow/example_dags/example_latest_only_with_trigger.py
[2024-06-12T20:42:07.173+0000] {processor.py:753} INFO - DAG(s) dict_keys(['latest_only_with_trigger']) retrieved from /home/airflow/.local/lib/python3.7/site-packages/airflow/example_dags/example_latest_only_with_trigger.py
[2024-06-12T20:42:07.403+0000] {logging_mixin.py:137} INFO - [2024-06-12T20:42:07.402+0000] {dag.py:2690} INFO - Sync 1 DAGs
[2024-06-12T20:42:07.763+0000] {logging_mixin.py:137} INFO - [2024-06-12T20:42:07.762+0000] {dag.py:3441} INFO - Setting next_dagrun for latest_only_with_trigger to 2024-06-12T16:42:07.762242+00:00, run_after=2024-06-12T20:42:07.762242+00:00
[2024-06-12T20:42:07.975+0000] {processor.py:175} INFO - Processing /home/airflow/.local/lib/python3.7/site-packages/airflow/example_dags/example_latest_only_with_trigger.py took 0.995 seconds
[2024-06-12T20:43:08.072+0000] {processor.py:153} INFO - Started process (PID=3820) to work on /home/airflow/.local/lib/python3.7/site-packages/airflow/example_dags/example_latest_only_with_trigger.py
[2024-06-12T20:43:08.090+0000] {processor.py:743} INFO - Processing file /home/airflow/.local/lib/python3.7/site-packages/airflow/example_dags/example_latest_only_with_trigger.py for tasks to queue
[2024-06-12T20:43:08.107+0000] {logging_mixin.py:137} INFO - [2024-06-12T20:43:08.106+0000] {dagbag.py:538} INFO - Filling up the DagBag from /home/airflow/.local/lib/python3.7/site-packages/airflow/example_dags/example_latest_only_with_trigger.py
[2024-06-12T20:43:08.565+0000] {processor.py:753} INFO - DAG(s) dict_keys(['latest_only_with_trigger']) retrieved from /home/airflow/.local/lib/python3.7/site-packages/airflow/example_dags/example_latest_only_with_trigger.py
[2024-06-12T20:43:09.001+0000] {logging_mixin.py:137} INFO - [2024-06-12T20:43:09.000+0000] {dag.py:2690} INFO - Sync 1 DAGs
[2024-06-12T20:43:09.670+0000] {logging_mixin.py:137} INFO - [2024-06-12T20:43:09.670+0000] {dag.py:3441} INFO - Setting next_dagrun for latest_only_with_trigger to 2024-06-12T16:43:09.669753+00:00, run_after=2024-06-12T20:43:09.669753+00:00
[2024-06-12T20:43:10.085+0000] {processor.py:175} INFO - Processing /home/airflow/.local/lib/python3.7/site-packages/airflow/example_dags/example_latest_only_with_trigger.py took 2.190 seconds
[2024-06-12T20:44:28.107+0000] {processor.py:153} INFO - Started process (PID=3905) to work on /home/airflow/.local/lib/python3.7/site-packages/airflow/example_dags/example_latest_only_with_trigger.py
[2024-06-12T20:44:28.118+0000] {processor.py:743} INFO - Processing file /home/airflow/.local/lib/python3.7/site-packages/airflow/example_dags/example_latest_only_with_trigger.py for tasks to queue
[2024-06-12T20:44:28.123+0000] {logging_mixin.py:137} INFO - [2024-06-12T20:44:28.122+0000] {dagbag.py:538} INFO - Filling up the DagBag from /home/airflow/.local/lib/python3.7/site-packages/airflow/example_dags/example_latest_only_with_trigger.py
[2024-06-12T20:44:28.407+0000] {processor.py:753} INFO - DAG(s) dict_keys(['latest_only_with_trigger']) retrieved from /home/airflow/.local/lib/python3.7/site-packages/airflow/example_dags/example_latest_only_with_trigger.py
[2024-06-12T20:44:28.801+0000] {logging_mixin.py:137} INFO - [2024-06-12T20:44:28.801+0000] {dag.py:2690} INFO - Sync 1 DAGs
[2024-06-12T20:44:29.493+0000] {logging_mixin.py:137} INFO - [2024-06-12T20:44:29.492+0000] {dag.py:3441} INFO - Setting next_dagrun for latest_only_with_trigger to 2024-06-12T16:44:29.491789+00:00, run_after=2024-06-12T20:44:29.491789+00:00
[2024-06-12T20:44:29.863+0000] {processor.py:175} INFO - Processing /home/airflow/.local/lib/python3.7/site-packages/airflow/example_dags/example_latest_only_with_trigger.py took 1.827 seconds
[2024-06-12T20:45:27.142+0000] {processor.py:153} INFO - Started process (PID=3982) to work on /home/airflow/.local/lib/python3.7/site-packages/airflow/example_dags/example_latest_only_with_trigger.py
[2024-06-12T20:45:27.171+0000] {processor.py:743} INFO - Processing file /home/airflow/.local/lib/python3.7/site-packages/airflow/example_dags/example_latest_only_with_trigger.py for tasks to queue
[2024-06-12T20:45:27.182+0000] {logging_mixin.py:137} INFO - [2024-06-12T20:45:27.181+0000] {dagbag.py:538} INFO - Filling up the DagBag from /home/airflow/.local/lib/python3.7/site-packages/airflow/example_dags/example_latest_only_with_trigger.py
[2024-06-12T20:45:27.369+0000] {processor.py:753} INFO - DAG(s) dict_keys(['latest_only_with_trigger']) retrieved from /home/airflow/.local/lib/python3.7/site-packages/airflow/example_dags/example_latest_only_with_trigger.py
[2024-06-12T20:45:27.880+0000] {logging_mixin.py:137} INFO - [2024-06-12T20:45:27.880+0000] {dag.py:2690} INFO - Sync 1 DAGs
[2024-06-12T20:45:28.772+0000] {logging_mixin.py:137} INFO - [2024-06-12T20:45:28.771+0000] {dag.py:3441} INFO - Setting next_dagrun for latest_only_with_trigger to 2024-06-12T16:45:28.768863+00:00, run_after=2024-06-12T20:45:28.768863+00:00
[2024-06-12T20:45:29.111+0000] {processor.py:175} INFO - Processing /home/airflow/.local/lib/python3.7/site-packages/airflow/example_dags/example_latest_only_with_trigger.py took 2.020 seconds
[2024-06-12T20:46:22.246+0000] {processor.py:153} INFO - Started process (PID=4047) to work on /home/airflow/.local/lib/python3.7/site-packages/airflow/example_dags/example_latest_only_with_trigger.py
[2024-06-12T20:46:22.281+0000] {processor.py:743} INFO - Processing file /home/airflow/.local/lib/python3.7/site-packages/airflow/example_dags/example_latest_only_with_trigger.py for tasks to queue
[2024-06-12T20:46:22.315+0000] {logging_mixin.py:137} INFO - [2024-06-12T20:46:22.315+0000] {dagbag.py:538} INFO - Filling up the DagBag from /home/airflow/.local/lib/python3.7/site-packages/airflow/example_dags/example_latest_only_with_trigger.py
[2024-06-12T20:46:22.528+0000] {processor.py:753} INFO - DAG(s) dict_keys(['latest_only_with_trigger']) retrieved from /home/airflow/.local/lib/python3.7/site-packages/airflow/example_dags/example_latest_only_with_trigger.py
[2024-06-12T20:46:23.149+0000] {logging_mixin.py:137} INFO - [2024-06-12T20:46:23.136+0000] {dag.py:2690} INFO - Sync 1 DAGs
[2024-06-12T20:46:23.626+0000] {logging_mixin.py:137} INFO - [2024-06-12T20:46:23.626+0000] {dag.py:3441} INFO - Setting next_dagrun for latest_only_with_trigger to 2024-06-12T16:46:23.625920+00:00, run_after=2024-06-12T20:46:23.625920+00:00
[2024-06-12T20:46:24.316+0000] {processor.py:175} INFO - Processing /home/airflow/.local/lib/python3.7/site-packages/airflow/example_dags/example_latest_only_with_trigger.py took 2.101 seconds
[2024-06-12T20:47:32.163+0000] {processor.py:153} INFO - Started process (PID=4128) to work on /home/airflow/.local/lib/python3.7/site-packages/airflow/example_dags/example_latest_only_with_trigger.py
[2024-06-12T20:47:32.185+0000] {processor.py:743} INFO - Processing file /home/airflow/.local/lib/python3.7/site-packages/airflow/example_dags/example_latest_only_with_trigger.py for tasks to queue
[2024-06-12T20:47:32.190+0000] {logging_mixin.py:137} INFO - [2024-06-12T20:47:32.189+0000] {dagbag.py:538} INFO - Filling up the DagBag from /home/airflow/.local/lib/python3.7/site-packages/airflow/example_dags/example_latest_only_with_trigger.py
[2024-06-12T20:47:32.633+0000] {processor.py:753} INFO - DAG(s) dict_keys(['latest_only_with_trigger']) retrieved from /home/airflow/.local/lib/python3.7/site-packages/airflow/example_dags/example_latest_only_with_trigger.py
[2024-06-12T20:47:33.346+0000] {logging_mixin.py:137} INFO - [2024-06-12T20:47:33.345+0000] {dag.py:2690} INFO - Sync 1 DAGs
[2024-06-12T20:47:33.982+0000] {logging_mixin.py:137} INFO - [2024-06-12T20:47:33.982+0000] {dag.py:3441} INFO - Setting next_dagrun for latest_only_with_trigger to 2024-06-12T16:47:33.982247+00:00, run_after=2024-06-12T20:47:33.982247+00:00
[2024-06-12T20:47:34.313+0000] {processor.py:175} INFO - Processing /home/airflow/.local/lib/python3.7/site-packages/airflow/example_dags/example_latest_only_with_trigger.py took 2.213 seconds
