[2024-06-12T19:42:41.595+0000] {processor.py:153} INFO - Started process (PID=134) to work on /home/airflow/.local/lib/python3.7/site-packages/airflow/example_dags/example_branch_python_dop_operator_3.py
[2024-06-12T19:42:41.612+0000] {processor.py:743} INFO - Processing file /home/airflow/.local/lib/python3.7/site-packages/airflow/example_dags/example_branch_python_dop_operator_3.py for tasks to queue
[2024-06-12T19:42:41.624+0000] {logging_mixin.py:137} INFO - [2024-06-12T19:42:41.624+0000] {dagbag.py:538} INFO - Filling up the DagBag from /home/airflow/.local/lib/python3.7/site-packages/airflow/example_dags/example_branch_python_dop_operator_3.py
[2024-06-12T19:42:42.047+0000] {processor.py:753} INFO - DAG(s) dict_keys(['example_branch_dop_operator_v3']) retrieved from /home/airflow/.local/lib/python3.7/site-packages/airflow/example_dags/example_branch_python_dop_operator_3.py
[2024-06-12T19:42:42.387+0000] {logging_mixin.py:137} INFO - [2024-06-12T19:42:42.387+0000] {dag.py:2690} INFO - Sync 1 DAGs
[2024-06-12T19:42:43.216+0000] {logging_mixin.py:137} INFO - [2024-06-12T19:42:43.215+0000] {dag.py:3441} INFO - Setting next_dagrun for example_branch_dop_operator_v3 to 2024-06-12T19:41:00+00:00, run_after=2024-06-12T19:42:00+00:00
[2024-06-12T19:42:43.904+0000] {processor.py:175} INFO - Processing /home/airflow/.local/lib/python3.7/site-packages/airflow/example_dags/example_branch_python_dop_operator_3.py took 2.422 seconds
[2024-06-12T19:44:41.132+0000] {processor.py:153} INFO - Started process (PID=239) to work on /home/airflow/.local/lib/python3.7/site-packages/airflow/example_dags/example_branch_python_dop_operator_3.py
[2024-06-12T19:44:41.185+0000] {processor.py:743} INFO - Processing file /home/airflow/.local/lib/python3.7/site-packages/airflow/example_dags/example_branch_python_dop_operator_3.py for tasks to queue
[2024-06-12T19:44:41.233+0000] {logging_mixin.py:137} INFO - [2024-06-12T19:44:41.232+0000] {dagbag.py:538} INFO - Filling up the DagBag from /home/airflow/.local/lib/python3.7/site-packages/airflow/example_dags/example_branch_python_dop_operator_3.py
[2024-06-12T19:44:41.970+0000] {processor.py:753} INFO - DAG(s) dict_keys(['example_branch_dop_operator_v3']) retrieved from /home/airflow/.local/lib/python3.7/site-packages/airflow/example_dags/example_branch_python_dop_operator_3.py
[2024-06-12T19:44:42.962+0000] {logging_mixin.py:137} INFO - [2024-06-12T19:44:42.962+0000] {dag.py:2690} INFO - Sync 1 DAGs
[2024-06-12T19:44:44.062+0000] {logging_mixin.py:137} INFO - [2024-06-12T19:44:44.061+0000] {dag.py:3441} INFO - Setting next_dagrun for example_branch_dop_operator_v3 to 2024-06-12T19:43:00+00:00, run_after=2024-06-12T19:44:00+00:00
[2024-06-12T19:44:44.468+0000] {processor.py:175} INFO - Processing /home/airflow/.local/lib/python3.7/site-packages/airflow/example_dags/example_branch_python_dop_operator_3.py took 3.752 seconds
[2024-06-12T19:46:43.971+0000] {processor.py:153} INFO - Started process (PID=326) to work on /home/airflow/.local/lib/python3.7/site-packages/airflow/example_dags/example_branch_python_dop_operator_3.py
[2024-06-12T19:46:43.974+0000] {processor.py:743} INFO - Processing file /home/airflow/.local/lib/python3.7/site-packages/airflow/example_dags/example_branch_python_dop_operator_3.py for tasks to queue
[2024-06-12T19:46:43.976+0000] {logging_mixin.py:137} INFO - [2024-06-12T19:46:43.976+0000] {dagbag.py:538} INFO - Filling up the DagBag from /home/airflow/.local/lib/python3.7/site-packages/airflow/example_dags/example_branch_python_dop_operator_3.py
[2024-06-12T19:46:45.586+0000] {processor.py:753} INFO - DAG(s) dict_keys(['example_branch_dop_operator_v3']) retrieved from /home/airflow/.local/lib/python3.7/site-packages/airflow/example_dags/example_branch_python_dop_operator_3.py
[2024-06-12T19:46:47.024+0000] {logging_mixin.py:137} INFO - [2024-06-12T19:46:47.024+0000] {dag.py:2690} INFO - Sync 1 DAGs
[2024-06-12T19:46:48.354+0000] {logging_mixin.py:137} INFO - [2024-06-12T19:46:48.353+0000] {dag.py:3441} INFO - Setting next_dagrun for example_branch_dop_operator_v3 to 2024-06-12T19:45:00+00:00, run_after=2024-06-12T19:46:00+00:00
[2024-06-12T19:46:49.113+0000] {processor.py:175} INFO - Processing /home/airflow/.local/lib/python3.7/site-packages/airflow/example_dags/example_branch_python_dop_operator_3.py took 5.421 seconds
[2024-06-12T19:48:03.780+0000] {processor.py:153} INFO - Started process (PID=410) to work on /home/airflow/.local/lib/python3.7/site-packages/airflow/example_dags/example_branch_python_dop_operator_3.py
[2024-06-12T19:48:03.797+0000] {processor.py:743} INFO - Processing file /home/airflow/.local/lib/python3.7/site-packages/airflow/example_dags/example_branch_python_dop_operator_3.py for tasks to queue
[2024-06-12T19:48:03.817+0000] {logging_mixin.py:137} INFO - [2024-06-12T19:48:03.816+0000] {dagbag.py:538} INFO - Filling up the DagBag from /home/airflow/.local/lib/python3.7/site-packages/airflow/example_dags/example_branch_python_dop_operator_3.py
[2024-06-12T19:48:04.298+0000] {processor.py:753} INFO - DAG(s) dict_keys(['example_branch_dop_operator_v3']) retrieved from /home/airflow/.local/lib/python3.7/site-packages/airflow/example_dags/example_branch_python_dop_operator_3.py
[2024-06-12T19:48:05.043+0000] {logging_mixin.py:137} INFO - [2024-06-12T19:48:05.042+0000] {dag.py:2690} INFO - Sync 1 DAGs
[2024-06-12T19:48:05.466+0000] {logging_mixin.py:137} INFO - [2024-06-12T19:48:05.465+0000] {dag.py:3441} INFO - Setting next_dagrun for example_branch_dop_operator_v3 to 2024-06-12T19:47:00+00:00, run_after=2024-06-12T19:48:00+00:00
[2024-06-12T19:48:05.841+0000] {processor.py:175} INFO - Processing /home/airflow/.local/lib/python3.7/site-packages/airflow/example_dags/example_branch_python_dop_operator_3.py took 2.104 seconds
[2024-06-12T19:48:36.370+0000] {processor.py:153} INFO - Started process (PID=481) to work on /home/airflow/.local/lib/python3.7/site-packages/airflow/example_dags/example_branch_python_dop_operator_3.py
[2024-06-12T19:48:36.372+0000] {processor.py:743} INFO - Processing file /home/airflow/.local/lib/python3.7/site-packages/airflow/example_dags/example_branch_python_dop_operator_3.py for tasks to queue
[2024-06-12T19:48:36.391+0000] {logging_mixin.py:137} INFO - [2024-06-12T19:48:36.391+0000] {dagbag.py:538} INFO - Filling up the DagBag from /home/airflow/.local/lib/python3.7/site-packages/airflow/example_dags/example_branch_python_dop_operator_3.py
[2024-06-12T19:48:36.500+0000] {processor.py:753} INFO - DAG(s) dict_keys(['example_branch_dop_operator_v3']) retrieved from /home/airflow/.local/lib/python3.7/site-packages/airflow/example_dags/example_branch_python_dop_operator_3.py
[2024-06-12T19:48:36.693+0000] {logging_mixin.py:137} INFO - [2024-06-12T19:48:36.692+0000] {dag.py:2690} INFO - Sync 1 DAGs
[2024-06-12T19:48:36.887+0000] {logging_mixin.py:137} INFO - [2024-06-12T19:48:36.887+0000] {dag.py:3441} INFO - Setting next_dagrun for example_branch_dop_operator_v3 to 2024-06-12T19:47:00+00:00, run_after=2024-06-12T19:48:00+00:00
[2024-06-12T19:48:37.041+0000] {processor.py:175} INFO - Processing /home/airflow/.local/lib/python3.7/site-packages/airflow/example_dags/example_branch_python_dop_operator_3.py took 0.707 seconds
[2024-06-12T19:49:09.460+0000] {processor.py:153} INFO - Started process (PID=527) to work on /home/airflow/.local/lib/python3.7/site-packages/airflow/example_dags/example_branch_python_dop_operator_3.py
[2024-06-12T19:49:09.476+0000] {processor.py:743} INFO - Processing file /home/airflow/.local/lib/python3.7/site-packages/airflow/example_dags/example_branch_python_dop_operator_3.py for tasks to queue
[2024-06-12T19:49:09.492+0000] {logging_mixin.py:137} INFO - [2024-06-12T19:49:09.492+0000] {dagbag.py:538} INFO - Filling up the DagBag from /home/airflow/.local/lib/python3.7/site-packages/airflow/example_dags/example_branch_python_dop_operator_3.py
[2024-06-12T19:49:09.819+0000] {processor.py:753} INFO - DAG(s) dict_keys(['example_branch_dop_operator_v3']) retrieved from /home/airflow/.local/lib/python3.7/site-packages/airflow/example_dags/example_branch_python_dop_operator_3.py
[2024-06-12T19:49:10.409+0000] {logging_mixin.py:137} INFO - [2024-06-12T19:49:10.408+0000] {dag.py:2690} INFO - Sync 1 DAGs
[2024-06-12T19:49:11.063+0000] {logging_mixin.py:137} INFO - [2024-06-12T19:49:11.062+0000] {dag.py:3441} INFO - Setting next_dagrun for example_branch_dop_operator_v3 to 2024-06-12T19:48:00+00:00, run_after=2024-06-12T19:49:00+00:00
[2024-06-12T19:49:11.336+0000] {processor.py:175} INFO - Processing /home/airflow/.local/lib/python3.7/site-packages/airflow/example_dags/example_branch_python_dop_operator_3.py took 1.899 seconds
[2024-06-12T19:49:41.839+0000] {processor.py:153} INFO - Started process (PID=589) to work on /home/airflow/.local/lib/python3.7/site-packages/airflow/example_dags/example_branch_python_dop_operator_3.py
[2024-06-12T19:49:41.851+0000] {processor.py:743} INFO - Processing file /home/airflow/.local/lib/python3.7/site-packages/airflow/example_dags/example_branch_python_dop_operator_3.py for tasks to queue
[2024-06-12T19:49:41.861+0000] {logging_mixin.py:137} INFO - [2024-06-12T19:49:41.860+0000] {dagbag.py:538} INFO - Filling up the DagBag from /home/airflow/.local/lib/python3.7/site-packages/airflow/example_dags/example_branch_python_dop_operator_3.py
[2024-06-12T19:49:42.023+0000] {processor.py:753} INFO - DAG(s) dict_keys(['example_branch_dop_operator_v3']) retrieved from /home/airflow/.local/lib/python3.7/site-packages/airflow/example_dags/example_branch_python_dop_operator_3.py
[2024-06-12T19:49:42.222+0000] {logging_mixin.py:137} INFO - [2024-06-12T19:49:42.221+0000] {dag.py:2690} INFO - Sync 1 DAGs
[2024-06-12T19:49:42.522+0000] {logging_mixin.py:137} INFO - [2024-06-12T19:49:42.511+0000] {dag.py:3441} INFO - Setting next_dagrun for example_branch_dop_operator_v3 to 2024-06-12T19:48:00+00:00, run_after=2024-06-12T19:49:00+00:00
[2024-06-12T19:49:42.744+0000] {processor.py:175} INFO - Processing /home/airflow/.local/lib/python3.7/site-packages/airflow/example_dags/example_branch_python_dop_operator_3.py took 0.925 seconds
[2024-06-12T19:50:20.719+0000] {processor.py:153} INFO - Started process (PID=653) to work on /home/airflow/.local/lib/python3.7/site-packages/airflow/example_dags/example_branch_python_dop_operator_3.py
[2024-06-12T19:50:20.758+0000] {processor.py:743} INFO - Processing file /home/airflow/.local/lib/python3.7/site-packages/airflow/example_dags/example_branch_python_dop_operator_3.py for tasks to queue
[2024-06-12T19:50:20.773+0000] {logging_mixin.py:137} INFO - [2024-06-12T19:50:20.773+0000] {dagbag.py:538} INFO - Filling up the DagBag from /home/airflow/.local/lib/python3.7/site-packages/airflow/example_dags/example_branch_python_dop_operator_3.py
[2024-06-12T19:50:21.208+0000] {processor.py:753} INFO - DAG(s) dict_keys(['example_branch_dop_operator_v3']) retrieved from /home/airflow/.local/lib/python3.7/site-packages/airflow/example_dags/example_branch_python_dop_operator_3.py
[2024-06-12T19:50:21.634+0000] {logging_mixin.py:137} INFO - [2024-06-12T19:50:21.634+0000] {dag.py:2690} INFO - Sync 1 DAGs
[2024-06-12T19:50:22.085+0000] {logging_mixin.py:137} INFO - [2024-06-12T19:50:22.085+0000] {dag.py:3441} INFO - Setting next_dagrun for example_branch_dop_operator_v3 to 2024-06-12T19:49:00+00:00, run_after=2024-06-12T19:50:00+00:00
[2024-06-12T19:50:22.576+0000] {processor.py:175} INFO - Processing /home/airflow/.local/lib/python3.7/site-packages/airflow/example_dags/example_branch_python_dop_operator_3.py took 1.919 seconds
[2024-06-12T19:51:07.056+0000] {processor.py:153} INFO - Started process (PID=698) to work on /home/airflow/.local/lib/python3.7/site-packages/airflow/example_dags/example_branch_python_dop_operator_3.py
[2024-06-12T19:51:07.062+0000] {processor.py:743} INFO - Processing file /home/airflow/.local/lib/python3.7/site-packages/airflow/example_dags/example_branch_python_dop_operator_3.py for tasks to queue
[2024-06-12T19:51:07.087+0000] {logging_mixin.py:137} INFO - [2024-06-12T19:51:07.086+0000] {dagbag.py:538} INFO - Filling up the DagBag from /home/airflow/.local/lib/python3.7/site-packages/airflow/example_dags/example_branch_python_dop_operator_3.py
[2024-06-12T19:51:07.775+0000] {processor.py:753} INFO - DAG(s) dict_keys(['example_branch_dop_operator_v3']) retrieved from /home/airflow/.local/lib/python3.7/site-packages/airflow/example_dags/example_branch_python_dop_operator_3.py
[2024-06-12T19:51:08.210+0000] {logging_mixin.py:137} INFO - [2024-06-12T19:51:08.209+0000] {dag.py:2690} INFO - Sync 1 DAGs
[2024-06-12T19:51:09.125+0000] {logging_mixin.py:137} INFO - [2024-06-12T19:51:09.124+0000] {dag.py:3441} INFO - Setting next_dagrun for example_branch_dop_operator_v3 to 2024-06-12T19:50:00+00:00, run_after=2024-06-12T19:51:00+00:00
[2024-06-12T19:51:09.436+0000] {processor.py:175} INFO - Processing /home/airflow/.local/lib/python3.7/site-packages/airflow/example_dags/example_branch_python_dop_operator_3.py took 2.425 seconds
[2024-06-12T19:51:50.221+0000] {processor.py:153} INFO - Started process (PID=748) to work on /home/airflow/.local/lib/python3.7/site-packages/airflow/example_dags/example_branch_python_dop_operator_3.py
[2024-06-12T19:51:50.251+0000] {processor.py:743} INFO - Processing file /home/airflow/.local/lib/python3.7/site-packages/airflow/example_dags/example_branch_python_dop_operator_3.py for tasks to queue
[2024-06-12T19:51:50.289+0000] {logging_mixin.py:137} INFO - [2024-06-12T19:51:50.288+0000] {dagbag.py:538} INFO - Filling up the DagBag from /home/airflow/.local/lib/python3.7/site-packages/airflow/example_dags/example_branch_python_dop_operator_3.py
[2024-06-12T19:51:50.928+0000] {processor.py:753} INFO - DAG(s) dict_keys(['example_branch_dop_operator_v3']) retrieved from /home/airflow/.local/lib/python3.7/site-packages/airflow/example_dags/example_branch_python_dop_operator_3.py
[2024-06-12T19:51:51.287+0000] {logging_mixin.py:137} INFO - [2024-06-12T19:51:51.287+0000] {dag.py:2690} INFO - Sync 1 DAGs
[2024-06-12T19:51:52.304+0000] {logging_mixin.py:137} INFO - [2024-06-12T19:51:52.303+0000] {dag.py:3441} INFO - Setting next_dagrun for example_branch_dop_operator_v3 to 2024-06-12T19:50:00+00:00, run_after=2024-06-12T19:51:00+00:00
[2024-06-12T19:51:52.890+0000] {processor.py:175} INFO - Processing /home/airflow/.local/lib/python3.7/site-packages/airflow/example_dags/example_branch_python_dop_operator_3.py took 2.746 seconds
[2024-06-12T19:52:35.203+0000] {processor.py:153} INFO - Started process (PID=808) to work on /home/airflow/.local/lib/python3.7/site-packages/airflow/example_dags/example_branch_python_dop_operator_3.py
[2024-06-12T19:52:35.245+0000] {processor.py:743} INFO - Processing file /home/airflow/.local/lib/python3.7/site-packages/airflow/example_dags/example_branch_python_dop_operator_3.py for tasks to queue
[2024-06-12T19:52:35.275+0000] {logging_mixin.py:137} INFO - [2024-06-12T19:52:35.274+0000] {dagbag.py:538} INFO - Filling up the DagBag from /home/airflow/.local/lib/python3.7/site-packages/airflow/example_dags/example_branch_python_dop_operator_3.py
[2024-06-12T19:52:35.531+0000] {processor.py:753} INFO - DAG(s) dict_keys(['example_branch_dop_operator_v3']) retrieved from /home/airflow/.local/lib/python3.7/site-packages/airflow/example_dags/example_branch_python_dop_operator_3.py
[2024-06-12T19:52:36.134+0000] {logging_mixin.py:137} INFO - [2024-06-12T19:52:36.134+0000] {dag.py:2690} INFO - Sync 1 DAGs
[2024-06-12T19:52:37.209+0000] {logging_mixin.py:137} INFO - [2024-06-12T19:52:37.209+0000] {dag.py:3441} INFO - Setting next_dagrun for example_branch_dop_operator_v3 to 2024-06-12T19:51:00+00:00, run_after=2024-06-12T19:52:00+00:00
[2024-06-12T19:52:37.649+0000] {processor.py:175} INFO - Processing /home/airflow/.local/lib/python3.7/site-packages/airflow/example_dags/example_branch_python_dop_operator_3.py took 2.478 seconds
[2024-06-12T19:53:15.592+0000] {processor.py:153} INFO - Started process (PID=871) to work on /home/airflow/.local/lib/python3.7/site-packages/airflow/example_dags/example_branch_python_dop_operator_3.py
[2024-06-12T19:53:15.672+0000] {processor.py:743} INFO - Processing file /home/airflow/.local/lib/python3.7/site-packages/airflow/example_dags/example_branch_python_dop_operator_3.py for tasks to queue
[2024-06-12T19:53:15.689+0000] {logging_mixin.py:137} INFO - [2024-06-12T19:53:15.689+0000] {dagbag.py:538} INFO - Filling up the DagBag from /home/airflow/.local/lib/python3.7/site-packages/airflow/example_dags/example_branch_python_dop_operator_3.py
[2024-06-12T19:53:16.268+0000] {processor.py:753} INFO - DAG(s) dict_keys(['example_branch_dop_operator_v3']) retrieved from /home/airflow/.local/lib/python3.7/site-packages/airflow/example_dags/example_branch_python_dop_operator_3.py
[2024-06-12T19:53:16.548+0000] {logging_mixin.py:137} INFO - [2024-06-12T19:53:16.548+0000] {dag.py:2690} INFO - Sync 1 DAGs
[2024-06-12T19:53:17.141+0000] {logging_mixin.py:137} INFO - [2024-06-12T19:53:17.140+0000] {dag.py:3441} INFO - Setting next_dagrun for example_branch_dop_operator_v3 to 2024-06-12T19:52:00+00:00, run_after=2024-06-12T19:53:00+00:00
[2024-06-12T19:53:21.092+0000] {processor.py:175} INFO - Processing /home/airflow/.local/lib/python3.7/site-packages/airflow/example_dags/example_branch_python_dop_operator_3.py took 5.549 seconds
[2024-06-12T19:53:52.770+0000] {processor.py:153} INFO - Started process (PID=932) to work on /home/airflow/.local/lib/python3.7/site-packages/airflow/example_dags/example_branch_python_dop_operator_3.py
[2024-06-12T19:53:52.772+0000] {processor.py:743} INFO - Processing file /home/airflow/.local/lib/python3.7/site-packages/airflow/example_dags/example_branch_python_dop_operator_3.py for tasks to queue
[2024-06-12T19:53:52.776+0000] {logging_mixin.py:137} INFO - [2024-06-12T19:53:52.775+0000] {dagbag.py:538} INFO - Filling up the DagBag from /home/airflow/.local/lib/python3.7/site-packages/airflow/example_dags/example_branch_python_dop_operator_3.py
[2024-06-12T19:53:53.123+0000] {processor.py:753} INFO - DAG(s) dict_keys(['example_branch_dop_operator_v3']) retrieved from /home/airflow/.local/lib/python3.7/site-packages/airflow/example_dags/example_branch_python_dop_operator_3.py
[2024-06-12T19:53:53.272+0000] {logging_mixin.py:137} INFO - [2024-06-12T19:53:53.271+0000] {dag.py:2690} INFO - Sync 1 DAGs
[2024-06-12T19:53:53.765+0000] {logging_mixin.py:137} INFO - [2024-06-12T19:53:53.765+0000] {dag.py:3441} INFO - Setting next_dagrun for example_branch_dop_operator_v3 to 2024-06-12T19:52:00+00:00, run_after=2024-06-12T19:53:00+00:00
[2024-06-12T19:53:53.978+0000] {processor.py:175} INFO - Processing /home/airflow/.local/lib/python3.7/site-packages/airflow/example_dags/example_branch_python_dop_operator_3.py took 1.237 seconds
[2024-06-12T19:54:42.545+0000] {processor.py:153} INFO - Started process (PID=996) to work on /home/airflow/.local/lib/python3.7/site-packages/airflow/example_dags/example_branch_python_dop_operator_3.py
[2024-06-12T19:54:42.578+0000] {processor.py:743} INFO - Processing file /home/airflow/.local/lib/python3.7/site-packages/airflow/example_dags/example_branch_python_dop_operator_3.py for tasks to queue
[2024-06-12T19:54:42.656+0000] {logging_mixin.py:137} INFO - [2024-06-12T19:54:42.656+0000] {dagbag.py:538} INFO - Filling up the DagBag from /home/airflow/.local/lib/python3.7/site-packages/airflow/example_dags/example_branch_python_dop_operator_3.py
[2024-06-12T19:54:43.779+0000] {processor.py:753} INFO - DAG(s) dict_keys(['example_branch_dop_operator_v3']) retrieved from /home/airflow/.local/lib/python3.7/site-packages/airflow/example_dags/example_branch_python_dop_operator_3.py
[2024-06-12T19:54:44.340+0000] {logging_mixin.py:137} INFO - [2024-06-12T19:54:44.340+0000] {dag.py:2690} INFO - Sync 1 DAGs
[2024-06-12T19:54:45.505+0000] {logging_mixin.py:137} INFO - [2024-06-12T19:54:45.505+0000] {dag.py:3441} INFO - Setting next_dagrun for example_branch_dop_operator_v3 to 2024-06-12T19:53:00+00:00, run_after=2024-06-12T19:54:00+00:00
[2024-06-12T19:54:46.015+0000] {processor.py:175} INFO - Processing /home/airflow/.local/lib/python3.7/site-packages/airflow/example_dags/example_branch_python_dop_operator_3.py took 3.488 seconds
[2024-06-12T19:55:34.168+0000] {processor.py:153} INFO - Started process (PID=1065) to work on /home/airflow/.local/lib/python3.7/site-packages/airflow/example_dags/example_branch_python_dop_operator_3.py
[2024-06-12T19:55:34.181+0000] {processor.py:743} INFO - Processing file /home/airflow/.local/lib/python3.7/site-packages/airflow/example_dags/example_branch_python_dop_operator_3.py for tasks to queue
[2024-06-12T19:55:34.185+0000] {logging_mixin.py:137} INFO - [2024-06-12T19:55:34.184+0000] {dagbag.py:538} INFO - Filling up the DagBag from /home/airflow/.local/lib/python3.7/site-packages/airflow/example_dags/example_branch_python_dop_operator_3.py
[2024-06-12T19:55:34.485+0000] {processor.py:753} INFO - DAG(s) dict_keys(['example_branch_dop_operator_v3']) retrieved from /home/airflow/.local/lib/python3.7/site-packages/airflow/example_dags/example_branch_python_dop_operator_3.py
[2024-06-12T19:55:34.748+0000] {logging_mixin.py:137} INFO - [2024-06-12T19:55:34.747+0000] {dag.py:2690} INFO - Sync 1 DAGs
[2024-06-12T19:55:35.066+0000] {logging_mixin.py:137} INFO - [2024-06-12T19:55:35.065+0000] {dag.py:3441} INFO - Setting next_dagrun for example_branch_dop_operator_v3 to 2024-06-12T19:54:00+00:00, run_after=2024-06-12T19:55:00+00:00
[2024-06-12T19:55:35.456+0000] {processor.py:175} INFO - Processing /home/airflow/.local/lib/python3.7/site-packages/airflow/example_dags/example_branch_python_dop_operator_3.py took 1.408 seconds
[2024-06-12T19:56:09.840+0000] {processor.py:153} INFO - Started process (PID=1121) to work on /home/airflow/.local/lib/python3.7/site-packages/airflow/example_dags/example_branch_python_dop_operator_3.py
[2024-06-12T19:56:09.857+0000] {processor.py:743} INFO - Processing file /home/airflow/.local/lib/python3.7/site-packages/airflow/example_dags/example_branch_python_dop_operator_3.py for tasks to queue
[2024-06-12T19:56:09.867+0000] {logging_mixin.py:137} INFO - [2024-06-12T19:56:09.866+0000] {dagbag.py:538} INFO - Filling up the DagBag from /home/airflow/.local/lib/python3.7/site-packages/airflow/example_dags/example_branch_python_dop_operator_3.py
[2024-06-12T19:56:10.349+0000] {processor.py:753} INFO - DAG(s) dict_keys(['example_branch_dop_operator_v3']) retrieved from /home/airflow/.local/lib/python3.7/site-packages/airflow/example_dags/example_branch_python_dop_operator_3.py
[2024-06-12T19:56:10.673+0000] {logging_mixin.py:137} INFO - [2024-06-12T19:56:10.673+0000] {dag.py:2690} INFO - Sync 1 DAGs
[2024-06-12T19:56:11.129+0000] {logging_mixin.py:137} INFO - [2024-06-12T19:56:11.129+0000] {dag.py:3441} INFO - Setting next_dagrun for example_branch_dop_operator_v3 to 2024-06-12T19:55:00+00:00, run_after=2024-06-12T19:56:00+00:00
[2024-06-12T19:56:11.322+0000] {processor.py:175} INFO - Processing /home/airflow/.local/lib/python3.7/site-packages/airflow/example_dags/example_branch_python_dop_operator_3.py took 1.516 seconds
[2024-06-12T19:56:48.941+0000] {processor.py:153} INFO - Started process (PID=1183) to work on /home/airflow/.local/lib/python3.7/site-packages/airflow/example_dags/example_branch_python_dop_operator_3.py
[2024-06-12T19:56:49.024+0000] {processor.py:743} INFO - Processing file /home/airflow/.local/lib/python3.7/site-packages/airflow/example_dags/example_branch_python_dop_operator_3.py for tasks to queue
[2024-06-12T19:56:49.039+0000] {logging_mixin.py:137} INFO - [2024-06-12T19:56:49.039+0000] {dagbag.py:538} INFO - Filling up the DagBag from /home/airflow/.local/lib/python3.7/site-packages/airflow/example_dags/example_branch_python_dop_operator_3.py
[2024-06-12T19:56:49.283+0000] {processor.py:753} INFO - DAG(s) dict_keys(['example_branch_dop_operator_v3']) retrieved from /home/airflow/.local/lib/python3.7/site-packages/airflow/example_dags/example_branch_python_dop_operator_3.py
[2024-06-12T19:56:49.655+0000] {logging_mixin.py:137} INFO - [2024-06-12T19:56:49.654+0000] {dag.py:2690} INFO - Sync 1 DAGs
[2024-06-12T19:56:50.249+0000] {logging_mixin.py:137} INFO - [2024-06-12T19:56:50.249+0000] {dag.py:3441} INFO - Setting next_dagrun for example_branch_dop_operator_v3 to 2024-06-12T19:55:00+00:00, run_after=2024-06-12T19:56:00+00:00
[2024-06-12T19:56:50.771+0000] {processor.py:175} INFO - Processing /home/airflow/.local/lib/python3.7/site-packages/airflow/example_dags/example_branch_python_dop_operator_3.py took 2.004 seconds
[2024-06-12T19:57:34.665+0000] {processor.py:153} INFO - Started process (PID=1232) to work on /home/airflow/.local/lib/python3.7/site-packages/airflow/example_dags/example_branch_python_dop_operator_3.py
[2024-06-12T19:57:34.696+0000] {processor.py:743} INFO - Processing file /home/airflow/.local/lib/python3.7/site-packages/airflow/example_dags/example_branch_python_dop_operator_3.py for tasks to queue
[2024-06-12T19:57:34.745+0000] {logging_mixin.py:137} INFO - [2024-06-12T19:57:34.744+0000] {dagbag.py:538} INFO - Filling up the DagBag from /home/airflow/.local/lib/python3.7/site-packages/airflow/example_dags/example_branch_python_dop_operator_3.py
[2024-06-12T19:57:35.627+0000] {processor.py:753} INFO - DAG(s) dict_keys(['example_branch_dop_operator_v3']) retrieved from /home/airflow/.local/lib/python3.7/site-packages/airflow/example_dags/example_branch_python_dop_operator_3.py
[2024-06-12T19:57:36.725+0000] {logging_mixin.py:137} INFO - [2024-06-12T19:57:36.724+0000] {dag.py:2690} INFO - Sync 1 DAGs
[2024-06-12T19:57:38.636+0000] {logging_mixin.py:137} INFO - [2024-06-12T19:57:38.636+0000] {dag.py:3441} INFO - Setting next_dagrun for example_branch_dop_operator_v3 to 2024-06-12T19:56:00+00:00, run_after=2024-06-12T19:57:00+00:00
[2024-06-12T19:57:39.554+0000] {processor.py:175} INFO - Processing /home/airflow/.local/lib/python3.7/site-packages/airflow/example_dags/example_branch_python_dop_operator_3.py took 4.909 seconds
[2024-06-12T19:58:36.303+0000] {processor.py:153} INFO - Started process (PID=1283) to work on /home/airflow/.local/lib/python3.7/site-packages/airflow/example_dags/example_branch_python_dop_operator_3.py
[2024-06-12T19:58:36.362+0000] {processor.py:743} INFO - Processing file /home/airflow/.local/lib/python3.7/site-packages/airflow/example_dags/example_branch_python_dop_operator_3.py for tasks to queue
[2024-06-12T19:58:36.396+0000] {logging_mixin.py:137} INFO - [2024-06-12T19:58:36.396+0000] {dagbag.py:538} INFO - Filling up the DagBag from /home/airflow/.local/lib/python3.7/site-packages/airflow/example_dags/example_branch_python_dop_operator_3.py
[2024-06-12T19:58:37.523+0000] {processor.py:753} INFO - DAG(s) dict_keys(['example_branch_dop_operator_v3']) retrieved from /home/airflow/.local/lib/python3.7/site-packages/airflow/example_dags/example_branch_python_dop_operator_3.py
[2024-06-12T19:58:38.728+0000] {logging_mixin.py:137} INFO - [2024-06-12T19:58:38.728+0000] {dag.py:2690} INFO - Sync 1 DAGs
[2024-06-12T19:58:40.792+0000] {logging_mixin.py:137} INFO - [2024-06-12T19:58:40.792+0000] {dag.py:3441} INFO - Setting next_dagrun for example_branch_dop_operator_v3 to 2024-06-12T19:57:00+00:00, run_after=2024-06-12T19:58:00+00:00
[2024-06-12T19:58:42.380+0000] {processor.py:175} INFO - Processing /home/airflow/.local/lib/python3.7/site-packages/airflow/example_dags/example_branch_python_dop_operator_3.py took 6.086 seconds
[2024-06-12T20:00:41.077+0000] {processor.py:153} INFO - Started process (PID=1381) to work on /home/airflow/.local/lib/python3.7/site-packages/airflow/example_dags/example_branch_python_dop_operator_3.py
[2024-06-12T20:00:41.221+0000] {processor.py:743} INFO - Processing file /home/airflow/.local/lib/python3.7/site-packages/airflow/example_dags/example_branch_python_dop_operator_3.py for tasks to queue
[2024-06-12T20:00:41.303+0000] {logging_mixin.py:137} INFO - [2024-06-12T20:00:41.302+0000] {dagbag.py:538} INFO - Filling up the DagBag from /home/airflow/.local/lib/python3.7/site-packages/airflow/example_dags/example_branch_python_dop_operator_3.py
[2024-06-12T20:00:43.314+0000] {processor.py:753} INFO - DAG(s) dict_keys(['example_branch_dop_operator_v3']) retrieved from /home/airflow/.local/lib/python3.7/site-packages/airflow/example_dags/example_branch_python_dop_operator_3.py
[2024-06-12T20:00:44.528+0000] {logging_mixin.py:137} INFO - [2024-06-12T20:00:44.528+0000] {dag.py:2690} INFO - Sync 1 DAGs
[2024-06-12T20:00:46.357+0000] {logging_mixin.py:137} INFO - [2024-06-12T20:00:46.356+0000] {dag.py:3441} INFO - Setting next_dagrun for example_branch_dop_operator_v3 to 2024-06-12T19:59:00+00:00, run_after=2024-06-12T20:00:00+00:00
[2024-06-12T20:00:47.947+0000] {processor.py:175} INFO - Processing /home/airflow/.local/lib/python3.7/site-packages/airflow/example_dags/example_branch_python_dop_operator_3.py took 7.110 seconds
[2024-06-12T20:03:12.042+0000] {processor.py:153} INFO - Started process (PID=1492) to work on /home/airflow/.local/lib/python3.7/site-packages/airflow/example_dags/example_branch_python_dop_operator_3.py
[2024-06-12T20:03:12.105+0000] {processor.py:743} INFO - Processing file /home/airflow/.local/lib/python3.7/site-packages/airflow/example_dags/example_branch_python_dop_operator_3.py for tasks to queue
[2024-06-12T20:03:12.186+0000] {logging_mixin.py:137} INFO - [2024-06-12T20:03:12.186+0000] {dagbag.py:538} INFO - Filling up the DagBag from /home/airflow/.local/lib/python3.7/site-packages/airflow/example_dags/example_branch_python_dop_operator_3.py
[2024-06-12T20:03:14.262+0000] {processor.py:753} INFO - DAG(s) dict_keys(['example_branch_dop_operator_v3']) retrieved from /home/airflow/.local/lib/python3.7/site-packages/airflow/example_dags/example_branch_python_dop_operator_3.py
[2024-06-12T20:03:15.714+0000] {logging_mixin.py:137} INFO - [2024-06-12T20:03:15.713+0000] {dag.py:2690} INFO - Sync 1 DAGs
[2024-06-12T20:03:18.525+0000] {logging_mixin.py:137} INFO - [2024-06-12T20:03:18.524+0000] {dag.py:3441} INFO - Setting next_dagrun for example_branch_dop_operator_v3 to 2024-06-12T20:02:00+00:00, run_after=2024-06-12T20:03:00+00:00
[2024-06-12T20:03:19.612+0000] {processor.py:175} INFO - Processing /home/airflow/.local/lib/python3.7/site-packages/airflow/example_dags/example_branch_python_dop_operator_3.py took 7.735 seconds
[2024-06-12T20:05:58.388+0000] {processor.py:153} INFO - Started process (PID=1614) to work on /home/airflow/.local/lib/python3.7/site-packages/airflow/example_dags/example_branch_python_dop_operator_3.py
[2024-06-12T20:05:58.580+0000] {processor.py:743} INFO - Processing file /home/airflow/.local/lib/python3.7/site-packages/airflow/example_dags/example_branch_python_dop_operator_3.py for tasks to queue
[2024-06-12T20:05:58.608+0000] {logging_mixin.py:137} INFO - [2024-06-12T20:05:58.608+0000] {dagbag.py:538} INFO - Filling up the DagBag from /home/airflow/.local/lib/python3.7/site-packages/airflow/example_dags/example_branch_python_dop_operator_3.py
[2024-06-12T20:05:59.387+0000] {processor.py:753} INFO - DAG(s) dict_keys(['example_branch_dop_operator_v3']) retrieved from /home/airflow/.local/lib/python3.7/site-packages/airflow/example_dags/example_branch_python_dop_operator_3.py
[2024-06-12T20:06:00.982+0000] {logging_mixin.py:137} INFO - [2024-06-12T20:06:00.981+0000] {dag.py:2690} INFO - Sync 1 DAGs
[2024-06-12T20:06:04.546+0000] {logging_mixin.py:137} INFO - [2024-06-12T20:06:04.545+0000] {dag.py:3441} INFO - Setting next_dagrun for example_branch_dop_operator_v3 to 2024-06-12T20:05:00+00:00, run_after=2024-06-12T20:06:00+00:00
[2024-06-12T20:06:06.713+0000] {processor.py:175} INFO - Processing /home/airflow/.local/lib/python3.7/site-packages/airflow/example_dags/example_branch_python_dop_operator_3.py took 8.377 seconds
[2024-06-12T20:09:13.002+0000] {processor.py:153} INFO - Started process (PID=1749) to work on /home/airflow/.local/lib/python3.7/site-packages/airflow/example_dags/example_branch_python_dop_operator_3.py
[2024-06-12T20:09:13.054+0000] {processor.py:743} INFO - Processing file /home/airflow/.local/lib/python3.7/site-packages/airflow/example_dags/example_branch_python_dop_operator_3.py for tasks to queue
[2024-06-12T20:09:13.197+0000] {logging_mixin.py:137} INFO - [2024-06-12T20:09:13.144+0000] {dagbag.py:538} INFO - Filling up the DagBag from /home/airflow/.local/lib/python3.7/site-packages/airflow/example_dags/example_branch_python_dop_operator_3.py
[2024-06-12T20:09:14.875+0000] {processor.py:753} INFO - DAG(s) dict_keys(['example_branch_dop_operator_v3']) retrieved from /home/airflow/.local/lib/python3.7/site-packages/airflow/example_dags/example_branch_python_dop_operator_3.py
[2024-06-12T20:09:17.621+0000] {logging_mixin.py:137} INFO - [2024-06-12T20:09:17.621+0000] {dag.py:2690} INFO - Sync 1 DAGs
[2024-06-12T20:09:21.786+0000] {logging_mixin.py:137} INFO - [2024-06-12T20:09:21.785+0000] {dag.py:3441} INFO - Setting next_dagrun for example_branch_dop_operator_v3 to 2024-06-12T20:08:00+00:00, run_after=2024-06-12T20:09:00+00:00
[2024-06-12T20:09:24.294+0000] {processor.py:175} INFO - Processing /home/airflow/.local/lib/python3.7/site-packages/airflow/example_dags/example_branch_python_dop_operator_3.py took 11.869 seconds
[2024-06-12T20:12:21.995+0000] {processor.py:153} INFO - Started process (PID=1894) to work on /home/airflow/.local/lib/python3.7/site-packages/airflow/example_dags/example_branch_python_dop_operator_3.py
[2024-06-12T20:12:22.146+0000] {processor.py:743} INFO - Processing file /home/airflow/.local/lib/python3.7/site-packages/airflow/example_dags/example_branch_python_dop_operator_3.py for tasks to queue
[2024-06-12T20:12:22.189+0000] {logging_mixin.py:137} INFO - [2024-06-12T20:12:22.189+0000] {dagbag.py:538} INFO - Filling up the DagBag from /home/airflow/.local/lib/python3.7/site-packages/airflow/example_dags/example_branch_python_dop_operator_3.py
[2024-06-12T20:12:24.839+0000] {processor.py:753} INFO - DAG(s) dict_keys(['example_branch_dop_operator_v3']) retrieved from /home/airflow/.local/lib/python3.7/site-packages/airflow/example_dags/example_branch_python_dop_operator_3.py
[2024-06-12T20:12:27.388+0000] {logging_mixin.py:137} INFO - [2024-06-12T20:12:27.387+0000] {dag.py:2690} INFO - Sync 1 DAGs
[2024-06-12T20:12:30.501+0000] {logging_mixin.py:137} INFO - [2024-06-12T20:12:30.500+0000] {dag.py:3441} INFO - Setting next_dagrun for example_branch_dop_operator_v3 to 2024-06-12T20:11:00+00:00, run_after=2024-06-12T20:12:00+00:00
[2024-06-12T20:12:31.614+0000] {processor.py:175} INFO - Processing /home/airflow/.local/lib/python3.7/site-packages/airflow/example_dags/example_branch_python_dop_operator_3.py took 9.641 seconds
[2024-06-12T20:13:58.253+0000] {processor.py:153} INFO - Started process (PID=1994) to work on /home/airflow/.local/lib/python3.7/site-packages/airflow/example_dags/example_branch_python_dop_operator_3.py
[2024-06-12T20:13:58.254+0000] {processor.py:743} INFO - Processing file /home/airflow/.local/lib/python3.7/site-packages/airflow/example_dags/example_branch_python_dop_operator_3.py for tasks to queue
[2024-06-12T20:13:58.276+0000] {logging_mixin.py:137} INFO - [2024-06-12T20:13:58.275+0000] {dagbag.py:538} INFO - Filling up the DagBag from /home/airflow/.local/lib/python3.7/site-packages/airflow/example_dags/example_branch_python_dop_operator_3.py
[2024-06-12T20:13:58.947+0000] {processor.py:753} INFO - DAG(s) dict_keys(['example_branch_dop_operator_v3']) retrieved from /home/airflow/.local/lib/python3.7/site-packages/airflow/example_dags/example_branch_python_dop_operator_3.py
[2024-06-12T20:13:59.500+0000] {logging_mixin.py:137} INFO - [2024-06-12T20:13:59.499+0000] {dag.py:2690} INFO - Sync 1 DAGs
[2024-06-12T20:14:00.646+0000] {logging_mixin.py:137} INFO - [2024-06-12T20:14:00.645+0000] {dag.py:3441} INFO - Setting next_dagrun for example_branch_dop_operator_v3 to 2024-06-12T20:13:00+00:00, run_after=2024-06-12T20:14:00+00:00
[2024-06-12T20:14:01.671+0000] {processor.py:175} INFO - Processing /home/airflow/.local/lib/python3.7/site-packages/airflow/example_dags/example_branch_python_dop_operator_3.py took 3.482 seconds
[2024-06-12T20:14:48.131+0000] {processor.py:153} INFO - Started process (PID=2041) to work on /home/airflow/.local/lib/python3.7/site-packages/airflow/example_dags/example_branch_python_dop_operator_3.py
[2024-06-12T20:14:48.147+0000] {processor.py:743} INFO - Processing file /home/airflow/.local/lib/python3.7/site-packages/airflow/example_dags/example_branch_python_dop_operator_3.py for tasks to queue
[2024-06-12T20:14:48.201+0000] {logging_mixin.py:137} INFO - [2024-06-12T20:14:48.201+0000] {dagbag.py:538} INFO - Filling up the DagBag from /home/airflow/.local/lib/python3.7/site-packages/airflow/example_dags/example_branch_python_dop_operator_3.py
[2024-06-12T20:14:48.990+0000] {processor.py:753} INFO - DAG(s) dict_keys(['example_branch_dop_operator_v3']) retrieved from /home/airflow/.local/lib/python3.7/site-packages/airflow/example_dags/example_branch_python_dop_operator_3.py
[2024-06-12T20:14:49.627+0000] {logging_mixin.py:137} INFO - [2024-06-12T20:14:49.627+0000] {dag.py:2690} INFO - Sync 1 DAGs
[2024-06-12T20:14:50.710+0000] {logging_mixin.py:137} INFO - [2024-06-12T20:14:50.709+0000] {dag.py:3441} INFO - Setting next_dagrun for example_branch_dop_operator_v3 to 2024-06-12T20:13:00+00:00, run_after=2024-06-12T20:14:00+00:00
[2024-06-12T20:14:51.436+0000] {processor.py:175} INFO - Processing /home/airflow/.local/lib/python3.7/site-packages/airflow/example_dags/example_branch_python_dop_operator_3.py took 3.545 seconds
[2024-06-12T20:15:34.552+0000] {processor.py:153} INFO - Started process (PID=2093) to work on /home/airflow/.local/lib/python3.7/site-packages/airflow/example_dags/example_branch_python_dop_operator_3.py
[2024-06-12T20:15:34.615+0000] {processor.py:743} INFO - Processing file /home/airflow/.local/lib/python3.7/site-packages/airflow/example_dags/example_branch_python_dop_operator_3.py for tasks to queue
[2024-06-12T20:15:34.637+0000] {logging_mixin.py:137} INFO - [2024-06-12T20:15:34.636+0000] {dagbag.py:538} INFO - Filling up the DagBag from /home/airflow/.local/lib/python3.7/site-packages/airflow/example_dags/example_branch_python_dop_operator_3.py
[2024-06-12T20:15:35.741+0000] {processor.py:753} INFO - DAG(s) dict_keys(['example_branch_dop_operator_v3']) retrieved from /home/airflow/.local/lib/python3.7/site-packages/airflow/example_dags/example_branch_python_dop_operator_3.py
[2024-06-12T20:15:36.361+0000] {logging_mixin.py:137} INFO - [2024-06-12T20:15:36.361+0000] {dag.py:2690} INFO - Sync 1 DAGs
[2024-06-12T20:15:37.525+0000] {logging_mixin.py:137} INFO - [2024-06-12T20:15:37.525+0000] {dag.py:3441} INFO - Setting next_dagrun for example_branch_dop_operator_v3 to 2024-06-12T20:14:00+00:00, run_after=2024-06-12T20:15:00+00:00
[2024-06-12T20:15:38.843+0000] {processor.py:175} INFO - Processing /home/airflow/.local/lib/python3.7/site-packages/airflow/example_dags/example_branch_python_dop_operator_3.py took 4.310 seconds
[2024-06-12T20:16:30.997+0000] {processor.py:153} INFO - Started process (PID=2166) to work on /home/airflow/.local/lib/python3.7/site-packages/airflow/example_dags/example_branch_python_dop_operator_3.py
[2024-06-12T20:16:31.011+0000] {processor.py:743} INFO - Processing file /home/airflow/.local/lib/python3.7/site-packages/airflow/example_dags/example_branch_python_dop_operator_3.py for tasks to queue
[2024-06-12T20:16:31.015+0000] {logging_mixin.py:137} INFO - [2024-06-12T20:16:31.015+0000] {dagbag.py:538} INFO - Filling up the DagBag from /home/airflow/.local/lib/python3.7/site-packages/airflow/example_dags/example_branch_python_dop_operator_3.py
[2024-06-12T20:16:31.722+0000] {processor.py:753} INFO - DAG(s) dict_keys(['example_branch_dop_operator_v3']) retrieved from /home/airflow/.local/lib/python3.7/site-packages/airflow/example_dags/example_branch_python_dop_operator_3.py
[2024-06-12T20:16:32.373+0000] {logging_mixin.py:137} INFO - [2024-06-12T20:16:32.372+0000] {dag.py:2690} INFO - Sync 1 DAGs
[2024-06-12T20:16:33.172+0000] {logging_mixin.py:137} INFO - [2024-06-12T20:16:33.171+0000] {dag.py:3441} INFO - Setting next_dagrun for example_branch_dop_operator_v3 to 2024-06-12T20:15:00+00:00, run_after=2024-06-12T20:16:00+00:00
[2024-06-12T20:16:33.440+0000] {processor.py:175} INFO - Processing /home/airflow/.local/lib/python3.7/site-packages/airflow/example_dags/example_branch_python_dop_operator_3.py took 2.559 seconds
[2024-06-12T20:17:22.910+0000] {processor.py:153} INFO - Started process (PID=2227) to work on /home/airflow/.local/lib/python3.7/site-packages/airflow/example_dags/example_branch_python_dop_operator_3.py
[2024-06-12T20:17:23.101+0000] {processor.py:743} INFO - Processing file /home/airflow/.local/lib/python3.7/site-packages/airflow/example_dags/example_branch_python_dop_operator_3.py for tasks to queue
[2024-06-12T20:17:23.179+0000] {logging_mixin.py:137} INFO - [2024-06-12T20:17:23.179+0000] {dagbag.py:538} INFO - Filling up the DagBag from /home/airflow/.local/lib/python3.7/site-packages/airflow/example_dags/example_branch_python_dop_operator_3.py
[2024-06-12T20:17:25.010+0000] {processor.py:753} INFO - DAG(s) dict_keys(['example_branch_dop_operator_v3']) retrieved from /home/airflow/.local/lib/python3.7/site-packages/airflow/example_dags/example_branch_python_dop_operator_3.py
[2024-06-12T20:17:26.104+0000] {logging_mixin.py:137} INFO - [2024-06-12T20:17:26.104+0000] {dag.py:2690} INFO - Sync 1 DAGs
[2024-06-12T20:17:27.502+0000] {logging_mixin.py:137} INFO - [2024-06-12T20:17:27.500+0000] {dag.py:3441} INFO - Setting next_dagrun for example_branch_dop_operator_v3 to 2024-06-12T20:16:00+00:00, run_after=2024-06-12T20:17:00+00:00
[2024-06-12T20:17:28.155+0000] {processor.py:175} INFO - Processing /home/airflow/.local/lib/python3.7/site-packages/airflow/example_dags/example_branch_python_dop_operator_3.py took 5.311 seconds
[2024-06-12T20:18:19.776+0000] {processor.py:153} INFO - Started process (PID=2275) to work on /home/airflow/.local/lib/python3.7/site-packages/airflow/example_dags/example_branch_python_dop_operator_3.py
[2024-06-12T20:18:19.790+0000] {processor.py:743} INFO - Processing file /home/airflow/.local/lib/python3.7/site-packages/airflow/example_dags/example_branch_python_dop_operator_3.py for tasks to queue
[2024-06-12T20:18:19.807+0000] {logging_mixin.py:137} INFO - [2024-06-12T20:18:19.807+0000] {dagbag.py:538} INFO - Filling up the DagBag from /home/airflow/.local/lib/python3.7/site-packages/airflow/example_dags/example_branch_python_dop_operator_3.py
[2024-06-12T20:18:20.817+0000] {processor.py:753} INFO - DAG(s) dict_keys(['example_branch_dop_operator_v3']) retrieved from /home/airflow/.local/lib/python3.7/site-packages/airflow/example_dags/example_branch_python_dop_operator_3.py
[2024-06-12T20:18:23.458+0000] {logging_mixin.py:137} INFO - [2024-06-12T20:18:23.457+0000] {dag.py:2690} INFO - Sync 1 DAGs
[2024-06-12T20:18:25.321+0000] {logging_mixin.py:137} INFO - [2024-06-12T20:18:25.320+0000] {dag.py:3441} INFO - Setting next_dagrun for example_branch_dop_operator_v3 to 2024-06-12T20:17:00+00:00, run_after=2024-06-12T20:18:00+00:00
[2024-06-12T20:18:26.465+0000] {processor.py:175} INFO - Processing /home/airflow/.local/lib/python3.7/site-packages/airflow/example_dags/example_branch_python_dop_operator_3.py took 6.778 seconds
[2024-06-12T20:19:16.345+0000] {processor.py:153} INFO - Started process (PID=2333) to work on /home/airflow/.local/lib/python3.7/site-packages/airflow/example_dags/example_branch_python_dop_operator_3.py
[2024-06-12T20:19:16.351+0000] {processor.py:743} INFO - Processing file /home/airflow/.local/lib/python3.7/site-packages/airflow/example_dags/example_branch_python_dop_operator_3.py for tasks to queue
[2024-06-12T20:19:16.371+0000] {logging_mixin.py:137} INFO - [2024-06-12T20:19:16.371+0000] {dagbag.py:538} INFO - Filling up the DagBag from /home/airflow/.local/lib/python3.7/site-packages/airflow/example_dags/example_branch_python_dop_operator_3.py
[2024-06-12T20:19:17.484+0000] {processor.py:753} INFO - DAG(s) dict_keys(['example_branch_dop_operator_v3']) retrieved from /home/airflow/.local/lib/python3.7/site-packages/airflow/example_dags/example_branch_python_dop_operator_3.py
[2024-06-12T20:19:17.610+0000] {logging_mixin.py:137} INFO - [2024-06-12T20:19:17.610+0000] {dag.py:2690} INFO - Sync 1 DAGs
[2024-06-12T20:19:18.415+0000] {logging_mixin.py:137} INFO - [2024-06-12T20:19:18.415+0000] {dag.py:3441} INFO - Setting next_dagrun for example_branch_dop_operator_v3 to 2024-06-12T20:18:00+00:00, run_after=2024-06-12T20:19:00+00:00
[2024-06-12T20:19:18.987+0000] {processor.py:175} INFO - Processing /home/airflow/.local/lib/python3.7/site-packages/airflow/example_dags/example_branch_python_dop_operator_3.py took 2.805 seconds
[2024-06-12T20:20:08.756+0000] {processor.py:153} INFO - Started process (PID=2392) to work on /home/airflow/.local/lib/python3.7/site-packages/airflow/example_dags/example_branch_python_dop_operator_3.py
[2024-06-12T20:20:08.771+0000] {processor.py:743} INFO - Processing file /home/airflow/.local/lib/python3.7/site-packages/airflow/example_dags/example_branch_python_dop_operator_3.py for tasks to queue
[2024-06-12T20:20:08.822+0000] {logging_mixin.py:137} INFO - [2024-06-12T20:20:08.821+0000] {dagbag.py:538} INFO - Filling up the DagBag from /home/airflow/.local/lib/python3.7/site-packages/airflow/example_dags/example_branch_python_dop_operator_3.py
[2024-06-12T20:20:09.794+0000] {processor.py:753} INFO - DAG(s) dict_keys(['example_branch_dop_operator_v3']) retrieved from /home/airflow/.local/lib/python3.7/site-packages/airflow/example_dags/example_branch_python_dop_operator_3.py
[2024-06-12T20:20:10.455+0000] {logging_mixin.py:137} INFO - [2024-06-12T20:20:10.455+0000] {dag.py:2690} INFO - Sync 1 DAGs
[2024-06-12T20:20:11.784+0000] {logging_mixin.py:137} INFO - [2024-06-12T20:20:11.784+0000] {dag.py:3441} INFO - Setting next_dagrun for example_branch_dop_operator_v3 to 2024-06-12T20:19:00+00:00, run_after=2024-06-12T20:20:00+00:00
[2024-06-12T20:20:12.281+0000] {processor.py:175} INFO - Processing /home/airflow/.local/lib/python3.7/site-packages/airflow/example_dags/example_branch_python_dop_operator_3.py took 3.571 seconds
[2024-06-12T20:21:17.083+0000] {processor.py:153} INFO - Started process (PID=2456) to work on /home/airflow/.local/lib/python3.7/site-packages/airflow/example_dags/example_branch_python_dop_operator_3.py
[2024-06-12T20:21:17.221+0000] {processor.py:743} INFO - Processing file /home/airflow/.local/lib/python3.7/site-packages/airflow/example_dags/example_branch_python_dop_operator_3.py for tasks to queue
[2024-06-12T20:21:17.254+0000] {logging_mixin.py:137} INFO - [2024-06-12T20:21:17.254+0000] {dagbag.py:538} INFO - Filling up the DagBag from /home/airflow/.local/lib/python3.7/site-packages/airflow/example_dags/example_branch_python_dop_operator_3.py
[2024-06-12T20:21:18.249+0000] {processor.py:753} INFO - DAG(s) dict_keys(['example_branch_dop_operator_v3']) retrieved from /home/airflow/.local/lib/python3.7/site-packages/airflow/example_dags/example_branch_python_dop_operator_3.py
[2024-06-12T20:21:18.915+0000] {logging_mixin.py:137} INFO - [2024-06-12T20:21:18.915+0000] {dag.py:2690} INFO - Sync 1 DAGs
[2024-06-12T20:21:19.871+0000] {logging_mixin.py:137} INFO - [2024-06-12T20:21:19.871+0000] {dag.py:3441} INFO - Setting next_dagrun for example_branch_dop_operator_v3 to 2024-06-12T20:20:00+00:00, run_after=2024-06-12T20:21:00+00:00
[2024-06-12T20:21:20.279+0000] {processor.py:175} INFO - Processing /home/airflow/.local/lib/python3.7/site-packages/airflow/example_dags/example_branch_python_dop_operator_3.py took 3.490 seconds
[2024-06-12T20:22:18.473+0000] {processor.py:153} INFO - Started process (PID=2517) to work on /home/airflow/.local/lib/python3.7/site-packages/airflow/example_dags/example_branch_python_dop_operator_3.py
[2024-06-12T20:22:18.521+0000] {processor.py:743} INFO - Processing file /home/airflow/.local/lib/python3.7/site-packages/airflow/example_dags/example_branch_python_dop_operator_3.py for tasks to queue
[2024-06-12T20:22:18.525+0000] {logging_mixin.py:137} INFO - [2024-06-12T20:22:18.525+0000] {dagbag.py:538} INFO - Filling up the DagBag from /home/airflow/.local/lib/python3.7/site-packages/airflow/example_dags/example_branch_python_dop_operator_3.py
[2024-06-12T20:22:19.787+0000] {processor.py:753} INFO - DAG(s) dict_keys(['example_branch_dop_operator_v3']) retrieved from /home/airflow/.local/lib/python3.7/site-packages/airflow/example_dags/example_branch_python_dop_operator_3.py
[2024-06-12T20:22:20.314+0000] {logging_mixin.py:137} INFO - [2024-06-12T20:22:20.313+0000] {dag.py:2690} INFO - Sync 1 DAGs
[2024-06-12T20:22:20.866+0000] {logging_mixin.py:137} INFO - [2024-06-12T20:22:20.866+0000] {dag.py:3441} INFO - Setting next_dagrun for example_branch_dop_operator_v3 to 2024-06-12T20:21:00+00:00, run_after=2024-06-12T20:22:00+00:00
[2024-06-12T20:22:21.992+0000] {processor.py:175} INFO - Processing /home/airflow/.local/lib/python3.7/site-packages/airflow/example_dags/example_branch_python_dop_operator_3.py took 3.617 seconds
[2024-06-12T20:23:20.851+0000] {processor.py:153} INFO - Started process (PID=2580) to work on /home/airflow/.local/lib/python3.7/site-packages/airflow/example_dags/example_branch_python_dop_operator_3.py
[2024-06-12T20:23:20.896+0000] {processor.py:743} INFO - Processing file /home/airflow/.local/lib/python3.7/site-packages/airflow/example_dags/example_branch_python_dop_operator_3.py for tasks to queue
[2024-06-12T20:23:20.959+0000] {logging_mixin.py:137} INFO - [2024-06-12T20:23:20.959+0000] {dagbag.py:538} INFO - Filling up the DagBag from /home/airflow/.local/lib/python3.7/site-packages/airflow/example_dags/example_branch_python_dop_operator_3.py
[2024-06-12T20:23:21.588+0000] {processor.py:753} INFO - DAG(s) dict_keys(['example_branch_dop_operator_v3']) retrieved from /home/airflow/.local/lib/python3.7/site-packages/airflow/example_dags/example_branch_python_dop_operator_3.py
[2024-06-12T20:23:22.425+0000] {logging_mixin.py:137} INFO - [2024-06-12T20:23:22.425+0000] {dag.py:2690} INFO - Sync 1 DAGs
[2024-06-12T20:23:23.977+0000] {logging_mixin.py:137} INFO - [2024-06-12T20:23:23.950+0000] {dag.py:3441} INFO - Setting next_dagrun for example_branch_dop_operator_v3 to 2024-06-12T20:22:00+00:00, run_after=2024-06-12T20:23:00+00:00
[2024-06-12T20:23:24.716+0000] {processor.py:175} INFO - Processing /home/airflow/.local/lib/python3.7/site-packages/airflow/example_dags/example_branch_python_dop_operator_3.py took 3.914 seconds
[2024-06-12T20:24:36.974+0000] {processor.py:153} INFO - Started process (PID=2652) to work on /home/airflow/.local/lib/python3.7/site-packages/airflow/example_dags/example_branch_python_dop_operator_3.py
[2024-06-12T20:24:37.180+0000] {processor.py:743} INFO - Processing file /home/airflow/.local/lib/python3.7/site-packages/airflow/example_dags/example_branch_python_dop_operator_3.py for tasks to queue
[2024-06-12T20:24:37.423+0000] {logging_mixin.py:137} INFO - [2024-06-12T20:24:37.423+0000] {dagbag.py:538} INFO - Filling up the DagBag from /home/airflow/.local/lib/python3.7/site-packages/airflow/example_dags/example_branch_python_dop_operator_3.py
[2024-06-12T20:24:38.460+0000] {processor.py:753} INFO - DAG(s) dict_keys(['example_branch_dop_operator_v3']) retrieved from /home/airflow/.local/lib/python3.7/site-packages/airflow/example_dags/example_branch_python_dop_operator_3.py
[2024-06-12T20:24:40.108+0000] {logging_mixin.py:137} INFO - [2024-06-12T20:24:40.108+0000] {dag.py:2690} INFO - Sync 1 DAGs
[2024-06-12T20:24:40.732+0000] {logging_mixin.py:137} INFO - [2024-06-12T20:24:40.732+0000] {dag.py:3441} INFO - Setting next_dagrun for example_branch_dop_operator_v3 to 2024-06-12T20:23:00+00:00, run_after=2024-06-12T20:24:00+00:00
[2024-06-12T20:24:41.504+0000] {processor.py:175} INFO - Processing /home/airflow/.local/lib/python3.7/site-packages/airflow/example_dags/example_branch_python_dop_operator_3.py took 4.563 seconds
[2024-06-12T20:25:29.711+0000] {processor.py:153} INFO - Started process (PID=2706) to work on /home/airflow/.local/lib/python3.7/site-packages/airflow/example_dags/example_branch_python_dop_operator_3.py
[2024-06-12T20:25:29.726+0000] {processor.py:743} INFO - Processing file /home/airflow/.local/lib/python3.7/site-packages/airflow/example_dags/example_branch_python_dop_operator_3.py for tasks to queue
[2024-06-12T20:25:29.745+0000] {logging_mixin.py:137} INFO - [2024-06-12T20:25:29.745+0000] {dagbag.py:538} INFO - Filling up the DagBag from /home/airflow/.local/lib/python3.7/site-packages/airflow/example_dags/example_branch_python_dop_operator_3.py
[2024-06-12T20:25:30.836+0000] {processor.py:753} INFO - DAG(s) dict_keys(['example_branch_dop_operator_v3']) retrieved from /home/airflow/.local/lib/python3.7/site-packages/airflow/example_dags/example_branch_python_dop_operator_3.py
[2024-06-12T20:25:31.328+0000] {logging_mixin.py:137} INFO - [2024-06-12T20:25:31.328+0000] {dag.py:2690} INFO - Sync 1 DAGs
[2024-06-12T20:25:32.035+0000] {logging_mixin.py:137} INFO - [2024-06-12T20:25:32.035+0000] {dag.py:3441} INFO - Setting next_dagrun for example_branch_dop_operator_v3 to 2024-06-12T20:24:00+00:00, run_after=2024-06-12T20:25:00+00:00
[2024-06-12T20:25:32.511+0000] {processor.py:175} INFO - Processing /home/airflow/.local/lib/python3.7/site-packages/airflow/example_dags/example_branch_python_dop_operator_3.py took 2.846 seconds
[2024-06-12T20:26:19.665+0000] {processor.py:153} INFO - Started process (PID=2751) to work on /home/airflow/.local/lib/python3.7/site-packages/airflow/example_dags/example_branch_python_dop_operator_3.py
[2024-06-12T20:26:19.682+0000] {processor.py:743} INFO - Processing file /home/airflow/.local/lib/python3.7/site-packages/airflow/example_dags/example_branch_python_dop_operator_3.py for tasks to queue
[2024-06-12T20:26:19.699+0000] {logging_mixin.py:137} INFO - [2024-06-12T20:26:19.699+0000] {dagbag.py:538} INFO - Filling up the DagBag from /home/airflow/.local/lib/python3.7/site-packages/airflow/example_dags/example_branch_python_dop_operator_3.py
[2024-06-12T20:26:20.819+0000] {processor.py:753} INFO - DAG(s) dict_keys(['example_branch_dop_operator_v3']) retrieved from /home/airflow/.local/lib/python3.7/site-packages/airflow/example_dags/example_branch_python_dop_operator_3.py
[2024-06-12T20:26:21.672+0000] {logging_mixin.py:137} INFO - [2024-06-12T20:26:21.672+0000] {dag.py:2690} INFO - Sync 1 DAGs
[2024-06-12T20:26:22.868+0000] {logging_mixin.py:137} INFO - [2024-06-12T20:26:22.868+0000] {dag.py:3441} INFO - Setting next_dagrun for example_branch_dop_operator_v3 to 2024-06-12T20:25:00+00:00, run_after=2024-06-12T20:26:00+00:00
[2024-06-12T20:26:23.906+0000] {processor.py:175} INFO - Processing /home/airflow/.local/lib/python3.7/site-packages/airflow/example_dags/example_branch_python_dop_operator_3.py took 4.308 seconds
[2024-06-12T20:27:24.734+0000] {processor.py:153} INFO - Started process (PID=2819) to work on /home/airflow/.local/lib/python3.7/site-packages/airflow/example_dags/example_branch_python_dop_operator_3.py
[2024-06-12T20:27:24.747+0000] {processor.py:743} INFO - Processing file /home/airflow/.local/lib/python3.7/site-packages/airflow/example_dags/example_branch_python_dop_operator_3.py for tasks to queue
[2024-06-12T20:27:24.780+0000] {logging_mixin.py:137} INFO - [2024-06-12T20:27:24.780+0000] {dagbag.py:538} INFO - Filling up the DagBag from /home/airflow/.local/lib/python3.7/site-packages/airflow/example_dags/example_branch_python_dop_operator_3.py
[2024-06-12T20:27:25.596+0000] {processor.py:753} INFO - DAG(s) dict_keys(['example_branch_dop_operator_v3']) retrieved from /home/airflow/.local/lib/python3.7/site-packages/airflow/example_dags/example_branch_python_dop_operator_3.py
[2024-06-12T20:27:26.024+0000] {logging_mixin.py:137} INFO - [2024-06-12T20:27:26.024+0000] {dag.py:2690} INFO - Sync 1 DAGs
[2024-06-12T20:27:27.097+0000] {logging_mixin.py:137} INFO - [2024-06-12T20:27:27.096+0000] {dag.py:3441} INFO - Setting next_dagrun for example_branch_dop_operator_v3 to 2024-06-12T20:26:00+00:00, run_after=2024-06-12T20:27:00+00:00
[2024-06-12T20:27:27.624+0000] {processor.py:175} INFO - Processing /home/airflow/.local/lib/python3.7/site-packages/airflow/example_dags/example_branch_python_dop_operator_3.py took 2.912 seconds
[2024-06-12T20:28:12.370+0000] {processor.py:153} INFO - Started process (PID=2869) to work on /home/airflow/.local/lib/python3.7/site-packages/airflow/example_dags/example_branch_python_dop_operator_3.py
[2024-06-12T20:28:12.378+0000] {processor.py:743} INFO - Processing file /home/airflow/.local/lib/python3.7/site-packages/airflow/example_dags/example_branch_python_dop_operator_3.py for tasks to queue
[2024-06-12T20:28:12.395+0000] {logging_mixin.py:137} INFO - [2024-06-12T20:28:12.394+0000] {dagbag.py:538} INFO - Filling up the DagBag from /home/airflow/.local/lib/python3.7/site-packages/airflow/example_dags/example_branch_python_dop_operator_3.py
[2024-06-12T20:28:12.564+0000] {processor.py:753} INFO - DAG(s) dict_keys(['example_branch_dop_operator_v3']) retrieved from /home/airflow/.local/lib/python3.7/site-packages/airflow/example_dags/example_branch_python_dop_operator_3.py
[2024-06-12T20:28:13.120+0000] {logging_mixin.py:137} INFO - [2024-06-12T20:28:13.120+0000] {dag.py:2690} INFO - Sync 1 DAGs
[2024-06-12T20:28:13.727+0000] {logging_mixin.py:137} INFO - [2024-06-12T20:28:13.727+0000] {dag.py:3441} INFO - Setting next_dagrun for example_branch_dop_operator_v3 to 2024-06-12T20:27:00+00:00, run_after=2024-06-12T20:28:00+00:00
[2024-06-12T20:28:14.092+0000] {processor.py:175} INFO - Processing /home/airflow/.local/lib/python3.7/site-packages/airflow/example_dags/example_branch_python_dop_operator_3.py took 1.763 seconds
[2024-06-12T20:28:55.405+0000] {processor.py:153} INFO - Started process (PID=2913) to work on /home/airflow/.local/lib/python3.7/site-packages/airflow/example_dags/example_branch_python_dop_operator_3.py
[2024-06-12T20:28:55.483+0000] {processor.py:743} INFO - Processing file /home/airflow/.local/lib/python3.7/site-packages/airflow/example_dags/example_branch_python_dop_operator_3.py for tasks to queue
[2024-06-12T20:28:55.517+0000] {logging_mixin.py:137} INFO - [2024-06-12T20:28:55.516+0000] {dagbag.py:538} INFO - Filling up the DagBag from /home/airflow/.local/lib/python3.7/site-packages/airflow/example_dags/example_branch_python_dop_operator_3.py
[2024-06-12T20:28:56.490+0000] {processor.py:753} INFO - DAG(s) dict_keys(['example_branch_dop_operator_v3']) retrieved from /home/airflow/.local/lib/python3.7/site-packages/airflow/example_dags/example_branch_python_dop_operator_3.py
[2024-06-12T20:28:56.867+0000] {logging_mixin.py:137} INFO - [2024-06-12T20:28:56.867+0000] {dag.py:2690} INFO - Sync 1 DAGs
[2024-06-12T20:28:57.285+0000] {logging_mixin.py:137} INFO - [2024-06-12T20:28:57.285+0000] {dag.py:3441} INFO - Setting next_dagrun for example_branch_dop_operator_v3 to 2024-06-12T20:27:00+00:00, run_after=2024-06-12T20:28:00+00:00
[2024-06-12T20:28:58.048+0000] {processor.py:175} INFO - Processing /home/airflow/.local/lib/python3.7/site-packages/airflow/example_dags/example_branch_python_dop_operator_3.py took 2.721 seconds
[2024-06-12T20:29:34.184+0000] {processor.py:153} INFO - Started process (PID=2960) to work on /home/airflow/.local/lib/python3.7/site-packages/airflow/example_dags/example_branch_python_dop_operator_3.py
[2024-06-12T20:29:34.204+0000] {processor.py:743} INFO - Processing file /home/airflow/.local/lib/python3.7/site-packages/airflow/example_dags/example_branch_python_dop_operator_3.py for tasks to queue
[2024-06-12T20:29:34.234+0000] {logging_mixin.py:137} INFO - [2024-06-12T20:29:34.234+0000] {dagbag.py:538} INFO - Filling up the DagBag from /home/airflow/.local/lib/python3.7/site-packages/airflow/example_dags/example_branch_python_dop_operator_3.py
[2024-06-12T20:29:34.614+0000] {processor.py:753} INFO - DAG(s) dict_keys(['example_branch_dop_operator_v3']) retrieved from /home/airflow/.local/lib/python3.7/site-packages/airflow/example_dags/example_branch_python_dop_operator_3.py
[2024-06-12T20:29:35.347+0000] {logging_mixin.py:137} INFO - [2024-06-12T20:29:35.347+0000] {dag.py:2690} INFO - Sync 1 DAGs
[2024-06-12T20:29:35.768+0000] {logging_mixin.py:137} INFO - [2024-06-12T20:29:35.767+0000] {dag.py:3441} INFO - Setting next_dagrun for example_branch_dop_operator_v3 to 2024-06-12T20:28:00+00:00, run_after=2024-06-12T20:29:00+00:00
[2024-06-12T20:29:36.213+0000] {processor.py:175} INFO - Processing /home/airflow/.local/lib/python3.7/site-packages/airflow/example_dags/example_branch_python_dop_operator_3.py took 2.143 seconds
[2024-06-12T20:30:35.059+0000] {processor.py:153} INFO - Started process (PID=3032) to work on /home/airflow/.local/lib/python3.7/site-packages/airflow/example_dags/example_branch_python_dop_operator_3.py
[2024-06-12T20:30:35.079+0000] {processor.py:743} INFO - Processing file /home/airflow/.local/lib/python3.7/site-packages/airflow/example_dags/example_branch_python_dop_operator_3.py for tasks to queue
[2024-06-12T20:30:35.098+0000] {logging_mixin.py:137} INFO - [2024-06-12T20:30:35.097+0000] {dagbag.py:538} INFO - Filling up the DagBag from /home/airflow/.local/lib/python3.7/site-packages/airflow/example_dags/example_branch_python_dop_operator_3.py
[2024-06-12T20:30:35.782+0000] {processor.py:753} INFO - DAG(s) dict_keys(['example_branch_dop_operator_v3']) retrieved from /home/airflow/.local/lib/python3.7/site-packages/airflow/example_dags/example_branch_python_dop_operator_3.py
[2024-06-12T20:30:36.391+0000] {logging_mixin.py:137} INFO - [2024-06-12T20:30:36.391+0000] {dag.py:2690} INFO - Sync 1 DAGs
[2024-06-12T20:30:37.223+0000] {logging_mixin.py:137} INFO - [2024-06-12T20:30:37.223+0000] {dag.py:3441} INFO - Setting next_dagrun for example_branch_dop_operator_v3 to 2024-06-12T20:29:00+00:00, run_after=2024-06-12T20:30:00+00:00
[2024-06-12T20:30:37.767+0000] {processor.py:175} INFO - Processing /home/airflow/.local/lib/python3.7/site-packages/airflow/example_dags/example_branch_python_dop_operator_3.py took 2.816 seconds
[2024-06-12T20:31:43.630+0000] {processor.py:153} INFO - Started process (PID=3110) to work on /home/airflow/.local/lib/python3.7/site-packages/airflow/example_dags/example_branch_python_dop_operator_3.py
[2024-06-12T20:31:43.645+0000] {processor.py:743} INFO - Processing file /home/airflow/.local/lib/python3.7/site-packages/airflow/example_dags/example_branch_python_dop_operator_3.py for tasks to queue
[2024-06-12T20:31:43.664+0000] {logging_mixin.py:137} INFO - [2024-06-12T20:31:43.663+0000] {dagbag.py:538} INFO - Filling up the DagBag from /home/airflow/.local/lib/python3.7/site-packages/airflow/example_dags/example_branch_python_dop_operator_3.py
[2024-06-12T20:31:44.001+0000] {processor.py:753} INFO - DAG(s) dict_keys(['example_branch_dop_operator_v3']) retrieved from /home/airflow/.local/lib/python3.7/site-packages/airflow/example_dags/example_branch_python_dop_operator_3.py
[2024-06-12T20:31:44.500+0000] {logging_mixin.py:137} INFO - [2024-06-12T20:31:44.499+0000] {dag.py:2690} INFO - Sync 1 DAGs
[2024-06-12T20:31:45.204+0000] {logging_mixin.py:137} INFO - [2024-06-12T20:31:45.204+0000] {dag.py:3441} INFO - Setting next_dagrun for example_branch_dop_operator_v3 to 2024-06-12T20:30:00+00:00, run_after=2024-06-12T20:31:00+00:00
[2024-06-12T20:31:45.639+0000] {processor.py:175} INFO - Processing /home/airflow/.local/lib/python3.7/site-packages/airflow/example_dags/example_branch_python_dop_operator_3.py took 2.031 seconds
[2024-06-12T20:32:28.851+0000] {processor.py:153} INFO - Started process (PID=3153) to work on /home/airflow/.local/lib/python3.7/site-packages/airflow/example_dags/example_branch_python_dop_operator_3.py
[2024-06-12T20:32:28.886+0000] {processor.py:743} INFO - Processing file /home/airflow/.local/lib/python3.7/site-packages/airflow/example_dags/example_branch_python_dop_operator_3.py for tasks to queue
[2024-06-12T20:32:28.890+0000] {logging_mixin.py:137} INFO - [2024-06-12T20:32:28.890+0000] {dagbag.py:538} INFO - Filling up the DagBag from /home/airflow/.local/lib/python3.7/site-packages/airflow/example_dags/example_branch_python_dop_operator_3.py
[2024-06-12T20:32:29.759+0000] {processor.py:753} INFO - DAG(s) dict_keys(['example_branch_dop_operator_v3']) retrieved from /home/airflow/.local/lib/python3.7/site-packages/airflow/example_dags/example_branch_python_dop_operator_3.py
[2024-06-12T20:32:30.502+0000] {logging_mixin.py:137} INFO - [2024-06-12T20:32:30.501+0000] {dag.py:2690} INFO - Sync 1 DAGs
[2024-06-12T20:32:31.032+0000] {logging_mixin.py:137} INFO - [2024-06-12T20:32:31.030+0000] {dag.py:3441} INFO - Setting next_dagrun for example_branch_dop_operator_v3 to 2024-06-12T20:31:00+00:00, run_after=2024-06-12T20:32:00+00:00
[2024-06-12T20:32:31.734+0000] {processor.py:175} INFO - Processing /home/airflow/.local/lib/python3.7/site-packages/airflow/example_dags/example_branch_python_dop_operator_3.py took 2.952 seconds
[2024-06-12T20:33:18.440+0000] {processor.py:153} INFO - Started process (PID=3208) to work on /home/airflow/.local/lib/python3.7/site-packages/airflow/example_dags/example_branch_python_dop_operator_3.py
[2024-06-12T20:33:18.452+0000] {processor.py:743} INFO - Processing file /home/airflow/.local/lib/python3.7/site-packages/airflow/example_dags/example_branch_python_dop_operator_3.py for tasks to queue
[2024-06-12T20:33:18.469+0000] {logging_mixin.py:137} INFO - [2024-06-12T20:33:18.468+0000] {dagbag.py:538} INFO - Filling up the DagBag from /home/airflow/.local/lib/python3.7/site-packages/airflow/example_dags/example_branch_python_dop_operator_3.py
[2024-06-12T20:33:19.495+0000] {processor.py:753} INFO - DAG(s) dict_keys(['example_branch_dop_operator_v3']) retrieved from /home/airflow/.local/lib/python3.7/site-packages/airflow/example_dags/example_branch_python_dop_operator_3.py
[2024-06-12T20:33:20.213+0000] {logging_mixin.py:137} INFO - [2024-06-12T20:33:20.169+0000] {dag.py:2690} INFO - Sync 1 DAGs
[2024-06-12T20:33:21.182+0000] {logging_mixin.py:137} INFO - [2024-06-12T20:33:21.181+0000] {dag.py:3441} INFO - Setting next_dagrun for example_branch_dop_operator_v3 to 2024-06-12T20:32:00+00:00, run_after=2024-06-12T20:33:00+00:00
[2024-06-12T20:33:21.787+0000] {processor.py:175} INFO - Processing /home/airflow/.local/lib/python3.7/site-packages/airflow/example_dags/example_branch_python_dop_operator_3.py took 3.381 seconds
[2024-06-12T20:34:17.221+0000] {processor.py:153} INFO - Started process (PID=3263) to work on /home/airflow/.local/lib/python3.7/site-packages/airflow/example_dags/example_branch_python_dop_operator_3.py
[2024-06-12T20:34:17.252+0000] {processor.py:743} INFO - Processing file /home/airflow/.local/lib/python3.7/site-packages/airflow/example_dags/example_branch_python_dop_operator_3.py for tasks to queue
[2024-06-12T20:34:17.285+0000] {logging_mixin.py:137} INFO - [2024-06-12T20:34:17.284+0000] {dagbag.py:538} INFO - Filling up the DagBag from /home/airflow/.local/lib/python3.7/site-packages/airflow/example_dags/example_branch_python_dop_operator_3.py
[2024-06-12T20:34:18.476+0000] {processor.py:753} INFO - DAG(s) dict_keys(['example_branch_dop_operator_v3']) retrieved from /home/airflow/.local/lib/python3.7/site-packages/airflow/example_dags/example_branch_python_dop_operator_3.py
[2024-06-12T20:34:19.501+0000] {logging_mixin.py:137} INFO - [2024-06-12T20:34:19.500+0000] {dag.py:2690} INFO - Sync 1 DAGs
[2024-06-12T20:34:20.762+0000] {logging_mixin.py:137} INFO - [2024-06-12T20:34:20.762+0000] {dag.py:3441} INFO - Setting next_dagrun for example_branch_dop_operator_v3 to 2024-06-12T20:33:00+00:00, run_after=2024-06-12T20:34:00+00:00
[2024-06-12T20:34:21.584+0000] {processor.py:175} INFO - Processing /home/airflow/.local/lib/python3.7/site-packages/airflow/example_dags/example_branch_python_dop_operator_3.py took 4.492 seconds
[2024-06-12T20:35:19.754+0000] {processor.py:153} INFO - Started process (PID=3324) to work on /home/airflow/.local/lib/python3.7/site-packages/airflow/example_dags/example_branch_python_dop_operator_3.py
[2024-06-12T20:35:19.783+0000] {processor.py:743} INFO - Processing file /home/airflow/.local/lib/python3.7/site-packages/airflow/example_dags/example_branch_python_dop_operator_3.py for tasks to queue
[2024-06-12T20:35:19.863+0000] {logging_mixin.py:137} INFO - [2024-06-12T20:35:19.862+0000] {dagbag.py:538} INFO - Filling up the DagBag from /home/airflow/.local/lib/python3.7/site-packages/airflow/example_dags/example_branch_python_dop_operator_3.py
[2024-06-12T20:35:22.267+0000] {processor.py:753} INFO - DAG(s) dict_keys(['example_branch_dop_operator_v3']) retrieved from /home/airflow/.local/lib/python3.7/site-packages/airflow/example_dags/example_branch_python_dop_operator_3.py
[2024-06-12T20:35:23.936+0000] {logging_mixin.py:137} INFO - [2024-06-12T20:35:23.935+0000] {dag.py:2690} INFO - Sync 1 DAGs
[2024-06-12T20:35:25.301+0000] {logging_mixin.py:137} INFO - [2024-06-12T20:35:25.290+0000] {dag.py:3441} INFO - Setting next_dagrun for example_branch_dop_operator_v3 to 2024-06-12T20:34:00+00:00, run_after=2024-06-12T20:35:00+00:00
[2024-06-12T20:35:26.704+0000] {processor.py:175} INFO - Processing /home/airflow/.local/lib/python3.7/site-packages/airflow/example_dags/example_branch_python_dop_operator_3.py took 7.064 seconds
[2024-06-12T20:36:44.041+0000] {processor.py:153} INFO - Started process (PID=3396) to work on /home/airflow/.local/lib/python3.7/site-packages/airflow/example_dags/example_branch_python_dop_operator_3.py
[2024-06-12T20:36:44.115+0000] {processor.py:743} INFO - Processing file /home/airflow/.local/lib/python3.7/site-packages/airflow/example_dags/example_branch_python_dop_operator_3.py for tasks to queue
[2024-06-12T20:36:44.137+0000] {logging_mixin.py:137} INFO - [2024-06-12T20:36:44.136+0000] {dagbag.py:538} INFO - Filling up the DagBag from /home/airflow/.local/lib/python3.7/site-packages/airflow/example_dags/example_branch_python_dop_operator_3.py
[2024-06-12T20:36:45.439+0000] {processor.py:753} INFO - DAG(s) dict_keys(['example_branch_dop_operator_v3']) retrieved from /home/airflow/.local/lib/python3.7/site-packages/airflow/example_dags/example_branch_python_dop_operator_3.py
[2024-06-12T20:36:45.797+0000] {logging_mixin.py:137} INFO - [2024-06-12T20:36:45.785+0000] {dag.py:2690} INFO - Sync 1 DAGs
[2024-06-12T20:36:47.628+0000] {logging_mixin.py:137} INFO - [2024-06-12T20:36:47.628+0000] {dag.py:3441} INFO - Setting next_dagrun for example_branch_dop_operator_v3 to 2024-06-12T20:35:00+00:00, run_after=2024-06-12T20:36:00+00:00
[2024-06-12T20:36:48.522+0000] {processor.py:175} INFO - Processing /home/airflow/.local/lib/python3.7/site-packages/airflow/example_dags/example_branch_python_dop_operator_3.py took 4.534 seconds
[2024-06-12T20:38:02.882+0000] {processor.py:153} INFO - Started process (PID=3465) to work on /home/airflow/.local/lib/python3.7/site-packages/airflow/example_dags/example_branch_python_dop_operator_3.py
[2024-06-12T20:38:03.251+0000] {processor.py:743} INFO - Processing file /home/airflow/.local/lib/python3.7/site-packages/airflow/example_dags/example_branch_python_dop_operator_3.py for tasks to queue
[2024-06-12T20:38:03.333+0000] {logging_mixin.py:137} INFO - [2024-06-12T20:38:03.332+0000] {dagbag.py:538} INFO - Filling up the DagBag from /home/airflow/.local/lib/python3.7/site-packages/airflow/example_dags/example_branch_python_dop_operator_3.py
[2024-06-12T20:38:03.971+0000] {processor.py:753} INFO - DAG(s) dict_keys(['example_branch_dop_operator_v3']) retrieved from /home/airflow/.local/lib/python3.7/site-packages/airflow/example_dags/example_branch_python_dop_operator_3.py
[2024-06-12T20:38:05.143+0000] {logging_mixin.py:137} INFO - [2024-06-12T20:38:05.142+0000] {dag.py:2690} INFO - Sync 1 DAGs
[2024-06-12T20:38:06.519+0000] {logging_mixin.py:137} INFO - [2024-06-12T20:38:06.468+0000] {dag.py:3441} INFO - Setting next_dagrun for example_branch_dop_operator_v3 to 2024-06-12T20:37:00+00:00, run_after=2024-06-12T20:38:00+00:00
[2024-06-12T20:38:07.800+0000] {processor.py:175} INFO - Processing /home/airflow/.local/lib/python3.7/site-packages/airflow/example_dags/example_branch_python_dop_operator_3.py took 5.066 seconds
[2024-06-12T20:38:54.222+0000] {processor.py:153} INFO - Started process (PID=3521) to work on /home/airflow/.local/lib/python3.7/site-packages/airflow/example_dags/example_branch_python_dop_operator_3.py
[2024-06-12T20:38:54.242+0000] {processor.py:743} INFO - Processing file /home/airflow/.local/lib/python3.7/site-packages/airflow/example_dags/example_branch_python_dop_operator_3.py for tasks to queue
[2024-06-12T20:38:54.259+0000] {logging_mixin.py:137} INFO - [2024-06-12T20:38:54.258+0000] {dagbag.py:538} INFO - Filling up the DagBag from /home/airflow/.local/lib/python3.7/site-packages/airflow/example_dags/example_branch_python_dop_operator_3.py
[2024-06-12T20:38:54.939+0000] {processor.py:753} INFO - DAG(s) dict_keys(['example_branch_dop_operator_v3']) retrieved from /home/airflow/.local/lib/python3.7/site-packages/airflow/example_dags/example_branch_python_dop_operator_3.py
[2024-06-12T20:38:55.478+0000] {logging_mixin.py:137} INFO - [2024-06-12T20:38:55.477+0000] {dag.py:2690} INFO - Sync 1 DAGs
[2024-06-12T20:38:55.914+0000] {logging_mixin.py:137} INFO - [2024-06-12T20:38:55.914+0000] {dag.py:3441} INFO - Setting next_dagrun for example_branch_dop_operator_v3 to 2024-06-12T20:37:00+00:00, run_after=2024-06-12T20:38:00+00:00
[2024-06-12T20:38:56.215+0000] {processor.py:175} INFO - Processing /home/airflow/.local/lib/python3.7/site-packages/airflow/example_dags/example_branch_python_dop_operator_3.py took 2.063 seconds
[2024-06-12T20:39:46.666+0000] {processor.py:153} INFO - Started process (PID=3585) to work on /home/airflow/.local/lib/python3.7/site-packages/airflow/example_dags/example_branch_python_dop_operator_3.py
[2024-06-12T20:39:46.693+0000] {processor.py:743} INFO - Processing file /home/airflow/.local/lib/python3.7/site-packages/airflow/example_dags/example_branch_python_dop_operator_3.py for tasks to queue
[2024-06-12T20:39:46.749+0000] {logging_mixin.py:137} INFO - [2024-06-12T20:39:46.723+0000] {dagbag.py:538} INFO - Filling up the DagBag from /home/airflow/.local/lib/python3.7/site-packages/airflow/example_dags/example_branch_python_dop_operator_3.py
[2024-06-12T20:39:47.396+0000] {processor.py:753} INFO - DAG(s) dict_keys(['example_branch_dop_operator_v3']) retrieved from /home/airflow/.local/lib/python3.7/site-packages/airflow/example_dags/example_branch_python_dop_operator_3.py
[2024-06-12T20:39:48.039+0000] {logging_mixin.py:137} INFO - [2024-06-12T20:39:48.039+0000] {dag.py:2690} INFO - Sync 1 DAGs
[2024-06-12T20:39:48.729+0000] {logging_mixin.py:137} INFO - [2024-06-12T20:39:48.701+0000] {dag.py:3441} INFO - Setting next_dagrun for example_branch_dop_operator_v3 to 2024-06-12T20:38:00+00:00, run_after=2024-06-12T20:39:00+00:00
[2024-06-12T20:39:49.399+0000] {processor.py:175} INFO - Processing /home/airflow/.local/lib/python3.7/site-packages/airflow/example_dags/example_branch_python_dop_operator_3.py took 2.817 seconds
[2024-06-12T20:40:51.773+0000] {processor.py:153} INFO - Started process (PID=3656) to work on /home/airflow/.local/lib/python3.7/site-packages/airflow/example_dags/example_branch_python_dop_operator_3.py
[2024-06-12T20:40:51.789+0000] {processor.py:743} INFO - Processing file /home/airflow/.local/lib/python3.7/site-packages/airflow/example_dags/example_branch_python_dop_operator_3.py for tasks to queue
[2024-06-12T20:40:51.827+0000] {logging_mixin.py:137} INFO - [2024-06-12T20:40:51.826+0000] {dagbag.py:538} INFO - Filling up the DagBag from /home/airflow/.local/lib/python3.7/site-packages/airflow/example_dags/example_branch_python_dop_operator_3.py
[2024-06-12T20:40:52.464+0000] {processor.py:753} INFO - DAG(s) dict_keys(['example_branch_dop_operator_v3']) retrieved from /home/airflow/.local/lib/python3.7/site-packages/airflow/example_dags/example_branch_python_dop_operator_3.py
[2024-06-12T20:40:53.172+0000] {logging_mixin.py:137} INFO - [2024-06-12T20:40:53.110+0000] {dag.py:2690} INFO - Sync 1 DAGs
[2024-06-12T20:40:53.962+0000] {logging_mixin.py:137} INFO - [2024-06-12T20:40:53.962+0000] {dag.py:3441} INFO - Setting next_dagrun for example_branch_dop_operator_v3 to 2024-06-12T20:39:00+00:00, run_after=2024-06-12T20:40:00+00:00
[2024-06-12T20:40:54.328+0000] {processor.py:175} INFO - Processing /home/airflow/.local/lib/python3.7/site-packages/airflow/example_dags/example_branch_python_dop_operator_3.py took 2.615 seconds
[2024-06-12T20:41:53.303+0000] {processor.py:153} INFO - Started process (PID=3729) to work on /home/airflow/.local/lib/python3.7/site-packages/airflow/example_dags/example_branch_python_dop_operator_3.py
[2024-06-12T20:41:53.317+0000] {processor.py:743} INFO - Processing file /home/airflow/.local/lib/python3.7/site-packages/airflow/example_dags/example_branch_python_dop_operator_3.py for tasks to queue
[2024-06-12T20:41:53.365+0000] {logging_mixin.py:137} INFO - [2024-06-12T20:41:53.365+0000] {dagbag.py:538} INFO - Filling up the DagBag from /home/airflow/.local/lib/python3.7/site-packages/airflow/example_dags/example_branch_python_dop_operator_3.py
[2024-06-12T20:41:53.741+0000] {processor.py:753} INFO - DAG(s) dict_keys(['example_branch_dop_operator_v3']) retrieved from /home/airflow/.local/lib/python3.7/site-packages/airflow/example_dags/example_branch_python_dop_operator_3.py
[2024-06-12T20:41:54.040+0000] {logging_mixin.py:137} INFO - [2024-06-12T20:41:54.040+0000] {dag.py:2690} INFO - Sync 1 DAGs
[2024-06-12T20:41:54.579+0000] {logging_mixin.py:137} INFO - [2024-06-12T20:41:54.578+0000] {dag.py:3441} INFO - Setting next_dagrun for example_branch_dop_operator_v3 to 2024-06-12T20:40:00+00:00, run_after=2024-06-12T20:41:00+00:00
[2024-06-12T20:41:54.923+0000] {processor.py:175} INFO - Processing /home/airflow/.local/lib/python3.7/site-packages/airflow/example_dags/example_branch_python_dop_operator_3.py took 1.655 seconds
[2024-06-12T20:42:48.650+0000] {processor.py:153} INFO - Started process (PID=3795) to work on /home/airflow/.local/lib/python3.7/site-packages/airflow/example_dags/example_branch_python_dop_operator_3.py
[2024-06-12T20:42:48.700+0000] {processor.py:743} INFO - Processing file /home/airflow/.local/lib/python3.7/site-packages/airflow/example_dags/example_branch_python_dop_operator_3.py for tasks to queue
[2024-06-12T20:42:48.719+0000] {logging_mixin.py:137} INFO - [2024-06-12T20:42:48.718+0000] {dagbag.py:538} INFO - Filling up the DagBag from /home/airflow/.local/lib/python3.7/site-packages/airflow/example_dags/example_branch_python_dop_operator_3.py
[2024-06-12T20:42:49.222+0000] {processor.py:753} INFO - DAG(s) dict_keys(['example_branch_dop_operator_v3']) retrieved from /home/airflow/.local/lib/python3.7/site-packages/airflow/example_dags/example_branch_python_dop_operator_3.py
[2024-06-12T20:42:50.068+0000] {logging_mixin.py:137} INFO - [2024-06-12T20:42:50.054+0000] {dag.py:2690} INFO - Sync 1 DAGs
[2024-06-12T20:42:51.706+0000] {logging_mixin.py:137} INFO - [2024-06-12T20:42:51.706+0000] {dag.py:3441} INFO - Setting next_dagrun for example_branch_dop_operator_v3 to 2024-06-12T20:41:00+00:00, run_after=2024-06-12T20:42:00+00:00
[2024-06-12T20:42:52.062+0000] {processor.py:175} INFO - Processing /home/airflow/.local/lib/python3.7/site-packages/airflow/example_dags/example_branch_python_dop_operator_3.py took 3.444 seconds
[2024-06-12T20:43:33.618+0000] {processor.py:153} INFO - Started process (PID=3845) to work on /home/airflow/.local/lib/python3.7/site-packages/airflow/example_dags/example_branch_python_dop_operator_3.py
[2024-06-12T20:43:33.649+0000] {processor.py:743} INFO - Processing file /home/airflow/.local/lib/python3.7/site-packages/airflow/example_dags/example_branch_python_dop_operator_3.py for tasks to queue
[2024-06-12T20:43:33.698+0000] {logging_mixin.py:137} INFO - [2024-06-12T20:43:33.697+0000] {dagbag.py:538} INFO - Filling up the DagBag from /home/airflow/.local/lib/python3.7/site-packages/airflow/example_dags/example_branch_python_dop_operator_3.py
[2024-06-12T20:43:34.154+0000] {processor.py:753} INFO - DAG(s) dict_keys(['example_branch_dop_operator_v3']) retrieved from /home/airflow/.local/lib/python3.7/site-packages/airflow/example_dags/example_branch_python_dop_operator_3.py
[2024-06-12T20:43:34.782+0000] {logging_mixin.py:137} INFO - [2024-06-12T20:43:34.782+0000] {dag.py:2690} INFO - Sync 1 DAGs
[2024-06-12T20:43:35.778+0000] {logging_mixin.py:137} INFO - [2024-06-12T20:43:35.735+0000] {dag.py:3441} INFO - Setting next_dagrun for example_branch_dop_operator_v3 to 2024-06-12T20:42:00+00:00, run_after=2024-06-12T20:43:00+00:00
[2024-06-12T20:43:36.446+0000] {processor.py:175} INFO - Processing /home/airflow/.local/lib/python3.7/site-packages/airflow/example_dags/example_branch_python_dop_operator_3.py took 2.909 seconds
[2024-06-12T20:44:42.210+0000] {processor.py:153} INFO - Started process (PID=3921) to work on /home/airflow/.local/lib/python3.7/site-packages/airflow/example_dags/example_branch_python_dop_operator_3.py
[2024-06-12T20:44:42.219+0000] {processor.py:743} INFO - Processing file /home/airflow/.local/lib/python3.7/site-packages/airflow/example_dags/example_branch_python_dop_operator_3.py for tasks to queue
[2024-06-12T20:44:42.227+0000] {logging_mixin.py:137} INFO - [2024-06-12T20:44:42.227+0000] {dagbag.py:538} INFO - Filling up the DagBag from /home/airflow/.local/lib/python3.7/site-packages/airflow/example_dags/example_branch_python_dop_operator_3.py
[2024-06-12T20:44:42.720+0000] {processor.py:753} INFO - DAG(s) dict_keys(['example_branch_dop_operator_v3']) retrieved from /home/airflow/.local/lib/python3.7/site-packages/airflow/example_dags/example_branch_python_dop_operator_3.py
[2024-06-12T20:44:43.500+0000] {logging_mixin.py:137} INFO - [2024-06-12T20:44:43.499+0000] {dag.py:2690} INFO - Sync 1 DAGs
[2024-06-12T20:44:44.159+0000] {logging_mixin.py:137} INFO - [2024-06-12T20:44:44.148+0000] {dag.py:3441} INFO - Setting next_dagrun for example_branch_dop_operator_v3 to 2024-06-12T20:43:00+00:00, run_after=2024-06-12T20:44:00+00:00
[2024-06-12T20:44:44.635+0000] {processor.py:175} INFO - Processing /home/airflow/.local/lib/python3.7/site-packages/airflow/example_dags/example_branch_python_dop_operator_3.py took 2.460 seconds
[2024-06-12T20:45:36.369+0000] {processor.py:153} INFO - Started process (PID=3994) to work on /home/airflow/.local/lib/python3.7/site-packages/airflow/example_dags/example_branch_python_dop_operator_3.py
[2024-06-12T20:45:36.392+0000] {processor.py:743} INFO - Processing file /home/airflow/.local/lib/python3.7/site-packages/airflow/example_dags/example_branch_python_dop_operator_3.py for tasks to queue
[2024-06-12T20:45:36.406+0000] {logging_mixin.py:137} INFO - [2024-06-12T20:45:36.406+0000] {dagbag.py:538} INFO - Filling up the DagBag from /home/airflow/.local/lib/python3.7/site-packages/airflow/example_dags/example_branch_python_dop_operator_3.py
[2024-06-12T20:45:36.669+0000] {processor.py:753} INFO - DAG(s) dict_keys(['example_branch_dop_operator_v3']) retrieved from /home/airflow/.local/lib/python3.7/site-packages/airflow/example_dags/example_branch_python_dop_operator_3.py
[2024-06-12T20:45:36.952+0000] {logging_mixin.py:137} INFO - [2024-06-12T20:45:36.951+0000] {dag.py:2690} INFO - Sync 1 DAGs
[2024-06-12T20:45:37.431+0000] {logging_mixin.py:137} INFO - [2024-06-12T20:45:37.431+0000] {dag.py:3441} INFO - Setting next_dagrun for example_branch_dop_operator_v3 to 2024-06-12T20:44:00+00:00, run_after=2024-06-12T20:45:00+00:00
[2024-06-12T20:45:37.595+0000] {processor.py:175} INFO - Processing /home/airflow/.local/lib/python3.7/site-packages/airflow/example_dags/example_branch_python_dop_operator_3.py took 1.246 seconds
[2024-06-12T20:46:33.017+0000] {processor.py:153} INFO - Started process (PID=4063) to work on /home/airflow/.local/lib/python3.7/site-packages/airflow/example_dags/example_branch_python_dop_operator_3.py
[2024-06-12T20:46:33.061+0000] {processor.py:743} INFO - Processing file /home/airflow/.local/lib/python3.7/site-packages/airflow/example_dags/example_branch_python_dop_operator_3.py for tasks to queue
[2024-06-12T20:46:33.079+0000] {logging_mixin.py:137} INFO - [2024-06-12T20:46:33.078+0000] {dagbag.py:538} INFO - Filling up the DagBag from /home/airflow/.local/lib/python3.7/site-packages/airflow/example_dags/example_branch_python_dop_operator_3.py
[2024-06-12T20:46:33.827+0000] {processor.py:753} INFO - DAG(s) dict_keys(['example_branch_dop_operator_v3']) retrieved from /home/airflow/.local/lib/python3.7/site-packages/airflow/example_dags/example_branch_python_dop_operator_3.py
[2024-06-12T20:46:34.423+0000] {logging_mixin.py:137} INFO - [2024-06-12T20:46:34.422+0000] {dag.py:2690} INFO - Sync 1 DAGs
[2024-06-12T20:46:36.097+0000] {logging_mixin.py:137} INFO - [2024-06-12T20:46:36.096+0000] {dag.py:3441} INFO - Setting next_dagrun for example_branch_dop_operator_v3 to 2024-06-12T20:45:00+00:00, run_after=2024-06-12T20:46:00+00:00
[2024-06-12T20:46:36.877+0000] {processor.py:175} INFO - Processing /home/airflow/.local/lib/python3.7/site-packages/airflow/example_dags/example_branch_python_dop_operator_3.py took 3.909 seconds
[2024-06-12T20:47:54.231+0000] {processor.py:153} INFO - Started process (PID=4149) to work on /home/airflow/.local/lib/python3.7/site-packages/airflow/example_dags/example_branch_python_dop_operator_3.py
[2024-06-12T20:47:54.456+0000] {processor.py:743} INFO - Processing file /home/airflow/.local/lib/python3.7/site-packages/airflow/example_dags/example_branch_python_dop_operator_3.py for tasks to queue
[2024-06-12T20:47:54.568+0000] {logging_mixin.py:137} INFO - [2024-06-12T20:47:54.568+0000] {dagbag.py:538} INFO - Filling up the DagBag from /home/airflow/.local/lib/python3.7/site-packages/airflow/example_dags/example_branch_python_dop_operator_3.py
[2024-06-12T20:47:55.324+0000] {processor.py:753} INFO - DAG(s) dict_keys(['example_branch_dop_operator_v3']) retrieved from /home/airflow/.local/lib/python3.7/site-packages/airflow/example_dags/example_branch_python_dop_operator_3.py
[2024-06-12T20:47:56.284+0000] {logging_mixin.py:137} INFO - [2024-06-12T20:47:56.283+0000] {dag.py:2690} INFO - Sync 1 DAGs
[2024-06-12T20:47:56.947+0000] {logging_mixin.py:137} INFO - [2024-06-12T20:47:56.947+0000] {dag.py:3441} INFO - Setting next_dagrun for example_branch_dop_operator_v3 to 2024-06-12T20:46:00+00:00, run_after=2024-06-12T20:47:00+00:00
[2024-06-12T20:47:57.520+0000] {processor.py:175} INFO - Processing /home/airflow/.local/lib/python3.7/site-packages/airflow/example_dags/example_branch_python_dop_operator_3.py took 3.365 seconds
