[2024-06-12T19:44:16.477+0000] {processor.py:153} INFO - Started process (PID=212) to work on /home/airflow/.local/lib/python3.7/site-packages/airflow/example_dags/example_short_circuit_decorator.py
[2024-06-12T19:44:16.505+0000] {processor.py:743} INFO - Processing file /home/airflow/.local/lib/python3.7/site-packages/airflow/example_dags/example_short_circuit_decorator.py for tasks to queue
[2024-06-12T19:44:16.525+0000] {logging_mixin.py:137} INFO - [2024-06-12T19:44:16.525+0000] {dagbag.py:538} INFO - Filling up the DagBag from /home/airflow/.local/lib/python3.7/site-packages/airflow/example_dags/example_short_circuit_decorator.py
[2024-06-12T19:44:17.212+0000] {processor.py:753} INFO - DAG(s) dict_keys(['example_short_circuit_decorator']) retrieved from /home/airflow/.local/lib/python3.7/site-packages/airflow/example_dags/example_short_circuit_decorator.py
[2024-06-12T19:44:17.938+0000] {logging_mixin.py:137} INFO - [2024-06-12T19:44:17.937+0000] {dag.py:2690} INFO - Sync 1 DAGs
[2024-06-12T19:44:19.370+0000] {logging_mixin.py:137} INFO - [2024-06-12T19:44:19.370+0000] {dag.py:3441} INFO - Setting next_dagrun for example_short_circuit_decorator to 2024-06-11T19:44:19.369743+00:00, run_after=2024-06-12T19:44:19.369743+00:00
[2024-06-12T19:44:19.871+0000] {processor.py:175} INFO - Processing /home/airflow/.local/lib/python3.7/site-packages/airflow/example_dags/example_short_circuit_decorator.py took 3.504 seconds
[2024-06-12T19:47:54.247+0000] {processor.py:153} INFO - Started process (PID=400) to work on /home/airflow/.local/lib/python3.7/site-packages/airflow/example_dags/example_short_circuit_decorator.py
[2024-06-12T19:47:54.267+0000] {processor.py:743} INFO - Processing file /home/airflow/.local/lib/python3.7/site-packages/airflow/example_dags/example_short_circuit_decorator.py for tasks to queue
[2024-06-12T19:47:54.275+0000] {logging_mixin.py:137} INFO - [2024-06-12T19:47:54.275+0000] {dagbag.py:538} INFO - Filling up the DagBag from /home/airflow/.local/lib/python3.7/site-packages/airflow/example_dags/example_short_circuit_decorator.py
[2024-06-12T19:47:55.108+0000] {processor.py:753} INFO - DAG(s) dict_keys(['example_short_circuit_decorator']) retrieved from /home/airflow/.local/lib/python3.7/site-packages/airflow/example_dags/example_short_circuit_decorator.py
[2024-06-12T19:47:55.647+0000] {logging_mixin.py:137} INFO - [2024-06-12T19:47:55.647+0000] {dag.py:2690} INFO - Sync 1 DAGs
[2024-06-12T19:47:56.238+0000] {logging_mixin.py:137} INFO - [2024-06-12T19:47:56.238+0000] {dag.py:3441} INFO - Setting next_dagrun for example_short_circuit_decorator to 2024-06-11T19:47:56.237476+00:00, run_after=2024-06-12T19:47:56.237476+00:00
[2024-06-12T19:47:56.896+0000] {processor.py:175} INFO - Processing /home/airflow/.local/lib/python3.7/site-packages/airflow/example_dags/example_short_circuit_decorator.py took 2.753 seconds
[2024-06-12T19:48:29.565+0000] {processor.py:153} INFO - Started process (PID=461) to work on /home/airflow/.local/lib/python3.7/site-packages/airflow/example_dags/example_short_circuit_decorator.py
[2024-06-12T19:48:29.568+0000] {processor.py:743} INFO - Processing file /home/airflow/.local/lib/python3.7/site-packages/airflow/example_dags/example_short_circuit_decorator.py for tasks to queue
[2024-06-12T19:48:29.573+0000] {logging_mixin.py:137} INFO - [2024-06-12T19:48:29.572+0000] {dagbag.py:538} INFO - Filling up the DagBag from /home/airflow/.local/lib/python3.7/site-packages/airflow/example_dags/example_short_circuit_decorator.py
[2024-06-12T19:48:29.680+0000] {processor.py:753} INFO - DAG(s) dict_keys(['example_short_circuit_decorator']) retrieved from /home/airflow/.local/lib/python3.7/site-packages/airflow/example_dags/example_short_circuit_decorator.py
[2024-06-12T19:48:29.805+0000] {logging_mixin.py:137} INFO - [2024-06-12T19:48:29.805+0000] {dag.py:2690} INFO - Sync 1 DAGs
[2024-06-12T19:48:29.961+0000] {logging_mixin.py:137} INFO - [2024-06-12T19:48:29.961+0000] {dag.py:3441} INFO - Setting next_dagrun for example_short_circuit_decorator to 2024-06-11T19:48:29.960572+00:00, run_after=2024-06-12T19:48:29.960572+00:00
[2024-06-12T19:48:30.054+0000] {processor.py:175} INFO - Processing /home/airflow/.local/lib/python3.7/site-packages/airflow/example_dags/example_short_circuit_decorator.py took 0.497 seconds
[2024-06-12T19:49:07.544+0000] {processor.py:153} INFO - Started process (PID=525) to work on /home/airflow/.local/lib/python3.7/site-packages/airflow/example_dags/example_short_circuit_decorator.py
[2024-06-12T19:49:07.546+0000] {processor.py:743} INFO - Processing file /home/airflow/.local/lib/python3.7/site-packages/airflow/example_dags/example_short_circuit_decorator.py for tasks to queue
[2024-06-12T19:49:07.553+0000] {logging_mixin.py:137} INFO - [2024-06-12T19:49:07.553+0000] {dagbag.py:538} INFO - Filling up the DagBag from /home/airflow/.local/lib/python3.7/site-packages/airflow/example_dags/example_short_circuit_decorator.py
[2024-06-12T19:49:07.801+0000] {processor.py:753} INFO - DAG(s) dict_keys(['example_short_circuit_decorator']) retrieved from /home/airflow/.local/lib/python3.7/site-packages/airflow/example_dags/example_short_circuit_decorator.py
[2024-06-12T19:49:08.280+0000] {logging_mixin.py:137} INFO - [2024-06-12T19:49:08.279+0000] {dag.py:2690} INFO - Sync 1 DAGs
[2024-06-12T19:49:08.779+0000] {logging_mixin.py:137} INFO - [2024-06-12T19:49:08.779+0000] {dag.py:3441} INFO - Setting next_dagrun for example_short_circuit_decorator to 2024-06-11T19:49:08.778303+00:00, run_after=2024-06-12T19:49:08.778303+00:00
[2024-06-12T19:49:09.033+0000] {processor.py:175} INFO - Processing /home/airflow/.local/lib/python3.7/site-packages/airflow/example_dags/example_short_circuit_decorator.py took 1.501 seconds
[2024-06-12T19:49:40.369+0000] {processor.py:153} INFO - Started process (PID=587) to work on /home/airflow/.local/lib/python3.7/site-packages/airflow/example_dags/example_short_circuit_decorator.py
[2024-06-12T19:49:40.373+0000] {processor.py:743} INFO - Processing file /home/airflow/.local/lib/python3.7/site-packages/airflow/example_dags/example_short_circuit_decorator.py for tasks to queue
[2024-06-12T19:49:40.380+0000] {logging_mixin.py:137} INFO - [2024-06-12T19:49:40.379+0000] {dagbag.py:538} INFO - Filling up the DagBag from /home/airflow/.local/lib/python3.7/site-packages/airflow/example_dags/example_short_circuit_decorator.py
[2024-06-12T19:49:40.566+0000] {processor.py:753} INFO - DAG(s) dict_keys(['example_short_circuit_decorator']) retrieved from /home/airflow/.local/lib/python3.7/site-packages/airflow/example_dags/example_short_circuit_decorator.py
[2024-06-12T19:49:40.737+0000] {logging_mixin.py:137} INFO - [2024-06-12T19:49:40.737+0000] {dag.py:2690} INFO - Sync 1 DAGs
[2024-06-12T19:49:40.995+0000] {logging_mixin.py:137} INFO - [2024-06-12T19:49:40.994+0000] {dag.py:3441} INFO - Setting next_dagrun for example_short_circuit_decorator to 2024-06-11T19:49:40.993947+00:00, run_after=2024-06-12T19:49:40.993947+00:00
[2024-06-12T19:49:41.227+0000] {processor.py:175} INFO - Processing /home/airflow/.local/lib/python3.7/site-packages/airflow/example_dags/example_short_circuit_decorator.py took 0.913 seconds
[2024-06-12T19:50:18.830+0000] {processor.py:153} INFO - Started process (PID=650) to work on /home/airflow/.local/lib/python3.7/site-packages/airflow/example_dags/example_short_circuit_decorator.py
[2024-06-12T19:50:18.893+0000] {processor.py:743} INFO - Processing file /home/airflow/.local/lib/python3.7/site-packages/airflow/example_dags/example_short_circuit_decorator.py for tasks to queue
[2024-06-12T19:50:18.925+0000] {logging_mixin.py:137} INFO - [2024-06-12T19:50:18.925+0000] {dagbag.py:538} INFO - Filling up the DagBag from /home/airflow/.local/lib/python3.7/site-packages/airflow/example_dags/example_short_circuit_decorator.py
[2024-06-12T19:50:19.888+0000] {processor.py:753} INFO - DAG(s) dict_keys(['example_short_circuit_decorator']) retrieved from /home/airflow/.local/lib/python3.7/site-packages/airflow/example_dags/example_short_circuit_decorator.py
[2024-06-12T19:50:20.576+0000] {logging_mixin.py:137} INFO - [2024-06-12T19:50:20.576+0000] {dag.py:2690} INFO - Sync 1 DAGs
[2024-06-12T19:50:21.459+0000] {logging_mixin.py:137} INFO - [2024-06-12T19:50:21.458+0000] {dag.py:3441} INFO - Setting next_dagrun for example_short_circuit_decorator to 2024-06-11T19:50:21.457886+00:00, run_after=2024-06-12T19:50:21.457886+00:00
[2024-06-12T19:50:21.939+0000] {processor.py:175} INFO - Processing /home/airflow/.local/lib/python3.7/site-packages/airflow/example_dags/example_short_circuit_decorator.py took 3.145 seconds
[2024-06-12T19:51:33.266+0000] {processor.py:153} INFO - Started process (PID=728) to work on /home/airflow/.local/lib/python3.7/site-packages/airflow/example_dags/example_short_circuit_decorator.py
[2024-06-12T19:51:33.312+0000] {processor.py:743} INFO - Processing file /home/airflow/.local/lib/python3.7/site-packages/airflow/example_dags/example_short_circuit_decorator.py for tasks to queue
[2024-06-12T19:51:33.352+0000] {logging_mixin.py:137} INFO - [2024-06-12T19:51:33.351+0000] {dagbag.py:538} INFO - Filling up the DagBag from /home/airflow/.local/lib/python3.7/site-packages/airflow/example_dags/example_short_circuit_decorator.py
[2024-06-12T19:51:33.776+0000] {processor.py:753} INFO - DAG(s) dict_keys(['example_short_circuit_decorator']) retrieved from /home/airflow/.local/lib/python3.7/site-packages/airflow/example_dags/example_short_circuit_decorator.py
[2024-06-12T19:51:34.422+0000] {logging_mixin.py:137} INFO - [2024-06-12T19:51:34.422+0000] {dag.py:2690} INFO - Sync 1 DAGs
[2024-06-12T19:51:34.744+0000] {logging_mixin.py:137} INFO - [2024-06-12T19:51:34.743+0000] {dag.py:3441} INFO - Setting next_dagrun for example_short_circuit_decorator to 2024-06-11T19:51:34.743358+00:00, run_after=2024-06-12T19:51:34.743358+00:00
[2024-06-12T19:51:35.162+0000] {processor.py:175} INFO - Processing /home/airflow/.local/lib/python3.7/site-packages/airflow/example_dags/example_short_circuit_decorator.py took 1.916 seconds
[2024-06-12T19:52:28.128+0000] {processor.py:153} INFO - Started process (PID=805) to work on /home/airflow/.local/lib/python3.7/site-packages/airflow/example_dags/example_short_circuit_decorator.py
[2024-06-12T19:52:28.142+0000] {processor.py:743} INFO - Processing file /home/airflow/.local/lib/python3.7/site-packages/airflow/example_dags/example_short_circuit_decorator.py for tasks to queue
[2024-06-12T19:52:28.159+0000] {logging_mixin.py:137} INFO - [2024-06-12T19:52:28.158+0000] {dagbag.py:538} INFO - Filling up the DagBag from /home/airflow/.local/lib/python3.7/site-packages/airflow/example_dags/example_short_circuit_decorator.py
[2024-06-12T19:52:28.962+0000] {processor.py:753} INFO - DAG(s) dict_keys(['example_short_circuit_decorator']) retrieved from /home/airflow/.local/lib/python3.7/site-packages/airflow/example_dags/example_short_circuit_decorator.py
[2024-06-12T19:52:29.353+0000] {logging_mixin.py:137} INFO - [2024-06-12T19:52:29.352+0000] {dag.py:2690} INFO - Sync 1 DAGs
[2024-06-12T19:52:29.668+0000] {logging_mixin.py:137} INFO - [2024-06-12T19:52:29.668+0000] {dag.py:3441} INFO - Setting next_dagrun for example_short_circuit_decorator to 2024-06-11T19:52:29.667983+00:00, run_after=2024-06-12T19:52:29.667983+00:00
[2024-06-12T19:52:30.094+0000] {processor.py:175} INFO - Processing /home/airflow/.local/lib/python3.7/site-packages/airflow/example_dags/example_short_circuit_decorator.py took 2.102 seconds
[2024-06-12T19:53:10.633+0000] {processor.py:153} INFO - Started process (PID=865) to work on /home/airflow/.local/lib/python3.7/site-packages/airflow/example_dags/example_short_circuit_decorator.py
[2024-06-12T19:53:10.637+0000] {processor.py:743} INFO - Processing file /home/airflow/.local/lib/python3.7/site-packages/airflow/example_dags/example_short_circuit_decorator.py for tasks to queue
[2024-06-12T19:53:10.662+0000] {logging_mixin.py:137} INFO - [2024-06-12T19:53:10.661+0000] {dagbag.py:538} INFO - Filling up the DagBag from /home/airflow/.local/lib/python3.7/site-packages/airflow/example_dags/example_short_circuit_decorator.py
[2024-06-12T19:53:11.052+0000] {processor.py:753} INFO - DAG(s) dict_keys(['example_short_circuit_decorator']) retrieved from /home/airflow/.local/lib/python3.7/site-packages/airflow/example_dags/example_short_circuit_decorator.py
[2024-06-12T19:53:11.257+0000] {logging_mixin.py:137} INFO - [2024-06-12T19:53:11.257+0000] {dag.py:2690} INFO - Sync 1 DAGs
[2024-06-12T19:53:11.418+0000] {logging_mixin.py:137} INFO - [2024-06-12T19:53:11.417+0000] {dag.py:3441} INFO - Setting next_dagrun for example_short_circuit_decorator to 2024-06-11T19:53:11.417266+00:00, run_after=2024-06-12T19:53:11.417266+00:00
[2024-06-12T19:53:11.659+0000] {processor.py:175} INFO - Processing /home/airflow/.local/lib/python3.7/site-packages/airflow/example_dags/example_short_circuit_decorator.py took 1.063 seconds
[2024-06-12T19:53:50.628+0000] {processor.py:153} INFO - Started process (PID=929) to work on /home/airflow/.local/lib/python3.7/site-packages/airflow/example_dags/example_short_circuit_decorator.py
[2024-06-12T19:53:50.645+0000] {processor.py:743} INFO - Processing file /home/airflow/.local/lib/python3.7/site-packages/airflow/example_dags/example_short_circuit_decorator.py for tasks to queue
[2024-06-12T19:53:50.660+0000] {logging_mixin.py:137} INFO - [2024-06-12T19:53:50.658+0000] {dagbag.py:538} INFO - Filling up the DagBag from /home/airflow/.local/lib/python3.7/site-packages/airflow/example_dags/example_short_circuit_decorator.py
[2024-06-12T19:53:50.890+0000] {processor.py:753} INFO - DAG(s) dict_keys(['example_short_circuit_decorator']) retrieved from /home/airflow/.local/lib/python3.7/site-packages/airflow/example_dags/example_short_circuit_decorator.py
[2024-06-12T19:53:51.130+0000] {logging_mixin.py:137} INFO - [2024-06-12T19:53:51.130+0000] {dag.py:2690} INFO - Sync 1 DAGs
[2024-06-12T19:53:51.510+0000] {logging_mixin.py:137} INFO - [2024-06-12T19:53:51.510+0000] {dag.py:3441} INFO - Setting next_dagrun for example_short_circuit_decorator to 2024-06-11T19:53:51.509908+00:00, run_after=2024-06-12T19:53:51.509908+00:00
[2024-06-12T19:53:51.685+0000] {processor.py:175} INFO - Processing /home/airflow/.local/lib/python3.7/site-packages/airflow/example_dags/example_short_circuit_decorator.py took 1.078 seconds
[2024-06-12T19:54:33.177+0000] {processor.py:153} INFO - Started process (PID=993) to work on /home/airflow/.local/lib/python3.7/site-packages/airflow/example_dags/example_short_circuit_decorator.py
[2024-06-12T19:54:33.267+0000] {processor.py:743} INFO - Processing file /home/airflow/.local/lib/python3.7/site-packages/airflow/example_dags/example_short_circuit_decorator.py for tasks to queue
[2024-06-12T19:54:33.348+0000] {logging_mixin.py:137} INFO - [2024-06-12T19:54:33.347+0000] {dagbag.py:538} INFO - Filling up the DagBag from /home/airflow/.local/lib/python3.7/site-packages/airflow/example_dags/example_short_circuit_decorator.py
[2024-06-12T19:54:33.785+0000] {processor.py:753} INFO - DAG(s) dict_keys(['example_short_circuit_decorator']) retrieved from /home/airflow/.local/lib/python3.7/site-packages/airflow/example_dags/example_short_circuit_decorator.py
[2024-06-12T19:54:34.249+0000] {logging_mixin.py:137} INFO - [2024-06-12T19:54:34.248+0000] {dag.py:2690} INFO - Sync 1 DAGs
[2024-06-12T19:54:34.881+0000] {logging_mixin.py:137} INFO - [2024-06-12T19:54:34.880+0000] {dag.py:3441} INFO - Setting next_dagrun for example_short_circuit_decorator to 2024-06-11T19:54:34.880078+00:00, run_after=2024-06-12T19:54:34.880078+00:00
[2024-06-12T19:54:36.272+0000] {processor.py:175} INFO - Processing /home/airflow/.local/lib/python3.7/site-packages/airflow/example_dags/example_short_circuit_decorator.py took 3.163 seconds
[2024-06-12T19:55:50.450+0000] {processor.py:153} INFO - Started process (PID=1089) to work on /home/airflow/.local/lib/python3.7/site-packages/airflow/example_dags/example_short_circuit_decorator.py
[2024-06-12T19:55:50.453+0000] {processor.py:743} INFO - Processing file /home/airflow/.local/lib/python3.7/site-packages/airflow/example_dags/example_short_circuit_decorator.py for tasks to queue
[2024-06-12T19:55:50.479+0000] {logging_mixin.py:137} INFO - [2024-06-12T19:55:50.478+0000] {dagbag.py:538} INFO - Filling up the DagBag from /home/airflow/.local/lib/python3.7/site-packages/airflow/example_dags/example_short_circuit_decorator.py
[2024-06-12T19:55:50.810+0000] {processor.py:753} INFO - DAG(s) dict_keys(['example_short_circuit_decorator']) retrieved from /home/airflow/.local/lib/python3.7/site-packages/airflow/example_dags/example_short_circuit_decorator.py
[2024-06-12T19:55:51.555+0000] {logging_mixin.py:137} INFO - [2024-06-12T19:55:51.554+0000] {dag.py:2690} INFO - Sync 1 DAGs
[2024-06-12T19:55:52.469+0000] {logging_mixin.py:137} INFO - [2024-06-12T19:55:52.468+0000] {dag.py:3441} INFO - Setting next_dagrun for example_short_circuit_decorator to 2024-06-11T19:55:52.468215+00:00, run_after=2024-06-12T19:55:52.468215+00:00
[2024-06-12T19:55:53.415+0000] {processor.py:175} INFO - Processing /home/airflow/.local/lib/python3.7/site-packages/airflow/example_dags/example_short_circuit_decorator.py took 2.995 seconds
[2024-06-12T19:56:24.363+0000] {processor.py:153} INFO - Started process (PID=1146) to work on /home/airflow/.local/lib/python3.7/site-packages/airflow/example_dags/example_short_circuit_decorator.py
[2024-06-12T19:56:24.381+0000] {processor.py:743} INFO - Processing file /home/airflow/.local/lib/python3.7/site-packages/airflow/example_dags/example_short_circuit_decorator.py for tasks to queue
[2024-06-12T19:56:24.402+0000] {logging_mixin.py:137} INFO - [2024-06-12T19:56:24.402+0000] {dagbag.py:538} INFO - Filling up the DagBag from /home/airflow/.local/lib/python3.7/site-packages/airflow/example_dags/example_short_circuit_decorator.py
[2024-06-12T19:56:24.882+0000] {processor.py:753} INFO - DAG(s) dict_keys(['example_short_circuit_decorator']) retrieved from /home/airflow/.local/lib/python3.7/site-packages/airflow/example_dags/example_short_circuit_decorator.py
[2024-06-12T19:56:25.062+0000] {logging_mixin.py:137} INFO - [2024-06-12T19:56:25.062+0000] {dag.py:2690} INFO - Sync 1 DAGs
[2024-06-12T19:56:25.553+0000] {logging_mixin.py:137} INFO - [2024-06-12T19:56:25.553+0000] {dag.py:3441} INFO - Setting next_dagrun for example_short_circuit_decorator to 2024-06-11T19:56:25.552542+00:00, run_after=2024-06-12T19:56:25.552542+00:00
[2024-06-12T19:56:25.751+0000] {processor.py:175} INFO - Processing /home/airflow/.local/lib/python3.7/site-packages/airflow/example_dags/example_short_circuit_decorator.py took 1.415 seconds
[2024-06-12T19:57:24.657+0000] {processor.py:153} INFO - Started process (PID=1217) to work on /home/airflow/.local/lib/python3.7/site-packages/airflow/example_dags/example_short_circuit_decorator.py
[2024-06-12T19:57:24.685+0000] {processor.py:743} INFO - Processing file /home/airflow/.local/lib/python3.7/site-packages/airflow/example_dags/example_short_circuit_decorator.py for tasks to queue
[2024-06-12T19:57:24.704+0000] {logging_mixin.py:137} INFO - [2024-06-12T19:57:24.703+0000] {dagbag.py:538} INFO - Filling up the DagBag from /home/airflow/.local/lib/python3.7/site-packages/airflow/example_dags/example_short_circuit_decorator.py
[2024-06-12T19:57:25.377+0000] {processor.py:753} INFO - DAG(s) dict_keys(['example_short_circuit_decorator']) retrieved from /home/airflow/.local/lib/python3.7/site-packages/airflow/example_dags/example_short_circuit_decorator.py
[2024-06-12T19:57:25.942+0000] {logging_mixin.py:137} INFO - [2024-06-12T19:57:25.942+0000] {dag.py:2690} INFO - Sync 1 DAGs
[2024-06-12T19:57:26.572+0000] {logging_mixin.py:137} INFO - [2024-06-12T19:57:26.571+0000] {dag.py:3441} INFO - Setting next_dagrun for example_short_circuit_decorator to 2024-06-11T19:57:26.571256+00:00, run_after=2024-06-12T19:57:26.571256+00:00
[2024-06-12T19:57:27.203+0000] {processor.py:175} INFO - Processing /home/airflow/.local/lib/python3.7/site-packages/airflow/example_dags/example_short_circuit_decorator.py took 2.690 seconds
[2024-06-12T19:59:59.320+0000] {processor.py:153} INFO - Started process (PID=1347) to work on /home/airflow/.local/lib/python3.7/site-packages/airflow/example_dags/example_short_circuit_decorator.py
[2024-06-12T19:59:59.336+0000] {processor.py:743} INFO - Processing file /home/airflow/.local/lib/python3.7/site-packages/airflow/example_dags/example_short_circuit_decorator.py for tasks to queue
[2024-06-12T19:59:59.385+0000] {logging_mixin.py:137} INFO - [2024-06-12T19:59:59.384+0000] {dagbag.py:538} INFO - Filling up the DagBag from /home/airflow/.local/lib/python3.7/site-packages/airflow/example_dags/example_short_circuit_decorator.py
[2024-06-12T20:00:01.249+0000] {processor.py:753} INFO - DAG(s) dict_keys(['example_short_circuit_decorator']) retrieved from /home/airflow/.local/lib/python3.7/site-packages/airflow/example_dags/example_short_circuit_decorator.py
[2024-06-12T20:00:03.796+0000] {logging_mixin.py:137} INFO - [2024-06-12T20:00:03.795+0000] {dag.py:2690} INFO - Sync 1 DAGs
[2024-06-12T20:00:05.776+0000] {logging_mixin.py:137} INFO - [2024-06-12T20:00:05.776+0000] {dag.py:3441} INFO - Setting next_dagrun for example_short_circuit_decorator to 2024-06-11T20:00:05.774538+00:00, run_after=2024-06-12T20:00:05.774538+00:00
[2024-06-12T20:00:06.901+0000] {processor.py:175} INFO - Processing /home/airflow/.local/lib/python3.7/site-packages/airflow/example_dags/example_short_circuit_decorator.py took 7.936 seconds
[2024-06-12T20:05:17.399+0000] {processor.py:153} INFO - Started process (PID=1585) to work on /home/airflow/.local/lib/python3.7/site-packages/airflow/example_dags/example_short_circuit_decorator.py
[2024-06-12T20:05:17.530+0000] {processor.py:743} INFO - Processing file /home/airflow/.local/lib/python3.7/site-packages/airflow/example_dags/example_short_circuit_decorator.py for tasks to queue
[2024-06-12T20:05:17.640+0000] {logging_mixin.py:137} INFO - [2024-06-12T20:05:17.639+0000] {dagbag.py:538} INFO - Filling up the DagBag from /home/airflow/.local/lib/python3.7/site-packages/airflow/example_dags/example_short_circuit_decorator.py
[2024-06-12T20:05:18.362+0000] {processor.py:753} INFO - DAG(s) dict_keys(['example_short_circuit_decorator']) retrieved from /home/airflow/.local/lib/python3.7/site-packages/airflow/example_dags/example_short_circuit_decorator.py
[2024-06-12T20:05:20.173+0000] {logging_mixin.py:137} INFO - [2024-06-12T20:05:20.172+0000] {dag.py:2690} INFO - Sync 1 DAGs
[2024-06-12T20:05:22.147+0000] {logging_mixin.py:137} INFO - [2024-06-12T20:05:22.146+0000] {dag.py:3441} INFO - Setting next_dagrun for example_short_circuit_decorator to 2024-06-11T20:05:22.083702+00:00, run_after=2024-06-12T20:05:22.083702+00:00
[2024-06-12T20:05:23.642+0000] {processor.py:175} INFO - Processing /home/airflow/.local/lib/python3.7/site-packages/airflow/example_dags/example_short_circuit_decorator.py took 6.404 seconds
[2024-06-12T20:11:34.361+0000] {processor.py:153} INFO - Started process (PID=1859) to work on /home/airflow/.local/lib/python3.7/site-packages/airflow/example_dags/example_short_circuit_decorator.py
[2024-06-12T20:11:34.411+0000] {processor.py:743} INFO - Processing file /home/airflow/.local/lib/python3.7/site-packages/airflow/example_dags/example_short_circuit_decorator.py for tasks to queue
[2024-06-12T20:11:34.556+0000] {logging_mixin.py:137} INFO - [2024-06-12T20:11:34.555+0000] {dagbag.py:538} INFO - Filling up the DagBag from /home/airflow/.local/lib/python3.7/site-packages/airflow/example_dags/example_short_circuit_decorator.py
[2024-06-12T20:11:36.766+0000] {processor.py:753} INFO - DAG(s) dict_keys(['example_short_circuit_decorator']) retrieved from /home/airflow/.local/lib/python3.7/site-packages/airflow/example_dags/example_short_circuit_decorator.py
[2024-06-12T20:11:39.478+0000] {logging_mixin.py:137} INFO - [2024-06-12T20:11:39.477+0000] {dag.py:2690} INFO - Sync 1 DAGs
[2024-06-12T20:11:42.858+0000] {logging_mixin.py:137} INFO - [2024-06-12T20:11:42.858+0000] {dag.py:3441} INFO - Setting next_dagrun for example_short_circuit_decorator to 2024-06-11T20:11:42.857786+00:00, run_after=2024-06-12T20:11:42.857786+00:00
[2024-06-12T20:11:45.874+0000] {processor.py:175} INFO - Processing /home/airflow/.local/lib/python3.7/site-packages/airflow/example_dags/example_short_circuit_decorator.py took 11.581 seconds
[2024-06-12T20:14:29.772+0000] {processor.py:153} INFO - Started process (PID=2025) to work on /home/airflow/.local/lib/python3.7/site-packages/airflow/example_dags/example_short_circuit_decorator.py
[2024-06-12T20:14:29.804+0000] {processor.py:743} INFO - Processing file /home/airflow/.local/lib/python3.7/site-packages/airflow/example_dags/example_short_circuit_decorator.py for tasks to queue
[2024-06-12T20:14:29.821+0000] {logging_mixin.py:137} INFO - [2024-06-12T20:14:29.820+0000] {dagbag.py:538} INFO - Filling up the DagBag from /home/airflow/.local/lib/python3.7/site-packages/airflow/example_dags/example_short_circuit_decorator.py
[2024-06-12T20:14:30.635+0000] {processor.py:753} INFO - DAG(s) dict_keys(['example_short_circuit_decorator']) retrieved from /home/airflow/.local/lib/python3.7/site-packages/airflow/example_dags/example_short_circuit_decorator.py
[2024-06-12T20:14:31.775+0000] {logging_mixin.py:137} INFO - [2024-06-12T20:14:31.774+0000] {dag.py:2690} INFO - Sync 1 DAGs
[2024-06-12T20:14:33.296+0000] {logging_mixin.py:137} INFO - [2024-06-12T20:14:33.295+0000] {dag.py:3441} INFO - Setting next_dagrun for example_short_circuit_decorator to 2024-06-11T20:14:33.295209+00:00, run_after=2024-06-12T20:14:33.295209+00:00
[2024-06-12T20:14:34.834+0000] {processor.py:175} INFO - Processing /home/airflow/.local/lib/python3.7/site-packages/airflow/example_dags/example_short_circuit_decorator.py took 5.142 seconds
[2024-06-12T20:15:57.498+0000] {processor.py:153} INFO - Started process (PID=2126) to work on /home/airflow/.local/lib/python3.7/site-packages/airflow/example_dags/example_short_circuit_decorator.py
[2024-06-12T20:15:57.513+0000] {processor.py:743} INFO - Processing file /home/airflow/.local/lib/python3.7/site-packages/airflow/example_dags/example_short_circuit_decorator.py for tasks to queue
[2024-06-12T20:15:57.521+0000] {logging_mixin.py:137} INFO - [2024-06-12T20:15:57.521+0000] {dagbag.py:538} INFO - Filling up the DagBag from /home/airflow/.local/lib/python3.7/site-packages/airflow/example_dags/example_short_circuit_decorator.py
[2024-06-12T20:15:58.414+0000] {processor.py:753} INFO - DAG(s) dict_keys(['example_short_circuit_decorator']) retrieved from /home/airflow/.local/lib/python3.7/site-packages/airflow/example_dags/example_short_circuit_decorator.py
[2024-06-12T20:15:58.809+0000] {logging_mixin.py:137} INFO - [2024-06-12T20:15:58.807+0000] {dag.py:2690} INFO - Sync 1 DAGs
[2024-06-12T20:15:59.479+0000] {logging_mixin.py:137} INFO - [2024-06-12T20:15:59.479+0000] {dag.py:3441} INFO - Setting next_dagrun for example_short_circuit_decorator to 2024-06-11T20:15:59.478847+00:00, run_after=2024-06-12T20:15:59.478847+00:00
[2024-06-12T20:16:00.342+0000] {processor.py:175} INFO - Processing /home/airflow/.local/lib/python3.7/site-packages/airflow/example_dags/example_short_circuit_decorator.py took 2.962 seconds
[2024-06-12T20:17:12.792+0000] {processor.py:153} INFO - Started process (PID=2214) to work on /home/airflow/.local/lib/python3.7/site-packages/airflow/example_dags/example_short_circuit_decorator.py
[2024-06-12T20:17:12.822+0000] {processor.py:743} INFO - Processing file /home/airflow/.local/lib/python3.7/site-packages/airflow/example_dags/example_short_circuit_decorator.py for tasks to queue
[2024-06-12T20:17:12.839+0000] {logging_mixin.py:137} INFO - [2024-06-12T20:17:12.839+0000] {dagbag.py:538} INFO - Filling up the DagBag from /home/airflow/.local/lib/python3.7/site-packages/airflow/example_dags/example_short_circuit_decorator.py
[2024-06-12T20:17:13.319+0000] {processor.py:753} INFO - DAG(s) dict_keys(['example_short_circuit_decorator']) retrieved from /home/airflow/.local/lib/python3.7/site-packages/airflow/example_dags/example_short_circuit_decorator.py
[2024-06-12T20:17:14.052+0000] {logging_mixin.py:137} INFO - [2024-06-12T20:17:14.052+0000] {dag.py:2690} INFO - Sync 1 DAGs
[2024-06-12T20:17:14.860+0000] {logging_mixin.py:137} INFO - [2024-06-12T20:17:14.859+0000] {dag.py:3441} INFO - Setting next_dagrun for example_short_circuit_decorator to 2024-06-11T20:17:14.859051+00:00, run_after=2024-06-12T20:17:14.859051+00:00
[2024-06-12T20:17:15.394+0000] {processor.py:175} INFO - Processing /home/airflow/.local/lib/python3.7/site-packages/airflow/example_dags/example_short_circuit_decorator.py took 2.701 seconds
[2024-06-12T20:19:01.080+0000] {processor.py:153} INFO - Started process (PID=2313) to work on /home/airflow/.local/lib/python3.7/site-packages/airflow/example_dags/example_short_circuit_decorator.py
[2024-06-12T20:19:01.085+0000] {processor.py:743} INFO - Processing file /home/airflow/.local/lib/python3.7/site-packages/airflow/example_dags/example_short_circuit_decorator.py for tasks to queue
[2024-06-12T20:19:01.090+0000] {logging_mixin.py:137} INFO - [2024-06-12T20:19:01.089+0000] {dagbag.py:538} INFO - Filling up the DagBag from /home/airflow/.local/lib/python3.7/site-packages/airflow/example_dags/example_short_circuit_decorator.py
[2024-06-12T20:19:02.196+0000] {processor.py:753} INFO - DAG(s) dict_keys(['example_short_circuit_decorator']) retrieved from /home/airflow/.local/lib/python3.7/site-packages/airflow/example_dags/example_short_circuit_decorator.py
[2024-06-12T20:19:03.044+0000] {logging_mixin.py:137} INFO - [2024-06-12T20:19:03.043+0000] {dag.py:2690} INFO - Sync 1 DAGs
[2024-06-12T20:19:03.946+0000] {logging_mixin.py:137} INFO - [2024-06-12T20:19:03.945+0000] {dag.py:3441} INFO - Setting next_dagrun for example_short_circuit_decorator to 2024-06-11T20:19:03.945057+00:00, run_after=2024-06-12T20:19:03.945057+00:00
[2024-06-12T20:19:04.849+0000] {processor.py:175} INFO - Processing /home/airflow/.local/lib/python3.7/site-packages/airflow/example_dags/example_short_circuit_decorator.py took 3.861 seconds
[2024-06-12T20:21:00.468+0000] {processor.py:153} INFO - Started process (PID=2437) to work on /home/airflow/.local/lib/python3.7/site-packages/airflow/example_dags/example_short_circuit_decorator.py
[2024-06-12T20:21:00.514+0000] {processor.py:743} INFO - Processing file /home/airflow/.local/lib/python3.7/site-packages/airflow/example_dags/example_short_circuit_decorator.py for tasks to queue
[2024-06-12T20:21:00.548+0000] {logging_mixin.py:137} INFO - [2024-06-12T20:21:00.547+0000] {dagbag.py:538} INFO - Filling up the DagBag from /home/airflow/.local/lib/python3.7/site-packages/airflow/example_dags/example_short_circuit_decorator.py
[2024-06-12T20:21:01.555+0000] {processor.py:753} INFO - DAG(s) dict_keys(['example_short_circuit_decorator']) retrieved from /home/airflow/.local/lib/python3.7/site-packages/airflow/example_dags/example_short_circuit_decorator.py
[2024-06-12T20:21:02.402+0000] {logging_mixin.py:137} INFO - [2024-06-12T20:21:02.401+0000] {dag.py:2690} INFO - Sync 1 DAGs
[2024-06-12T20:21:03.389+0000] {logging_mixin.py:137} INFO - [2024-06-12T20:21:03.389+0000] {dag.py:3441} INFO - Setting next_dagrun for example_short_circuit_decorator to 2024-06-11T20:21:03.389138+00:00, run_after=2024-06-12T20:21:03.389138+00:00
[2024-06-12T20:21:03.822+0000] {processor.py:175} INFO - Processing /home/airflow/.local/lib/python3.7/site-packages/airflow/example_dags/example_short_circuit_decorator.py took 3.482 seconds
[2024-06-12T20:22:59.846+0000] {processor.py:153} INFO - Started process (PID=2561) to work on /home/airflow/.local/lib/python3.7/site-packages/airflow/example_dags/example_short_circuit_decorator.py
[2024-06-12T20:22:59.865+0000] {processor.py:743} INFO - Processing file /home/airflow/.local/lib/python3.7/site-packages/airflow/example_dags/example_short_circuit_decorator.py for tasks to queue
[2024-06-12T20:22:59.947+0000] {logging_mixin.py:137} INFO - [2024-06-12T20:22:59.946+0000] {dagbag.py:538} INFO - Filling up the DagBag from /home/airflow/.local/lib/python3.7/site-packages/airflow/example_dags/example_short_circuit_decorator.py
[2024-06-12T20:23:01.272+0000] {processor.py:753} INFO - DAG(s) dict_keys(['example_short_circuit_decorator']) retrieved from /home/airflow/.local/lib/python3.7/site-packages/airflow/example_dags/example_short_circuit_decorator.py
[2024-06-12T20:23:02.314+0000] {logging_mixin.py:137} INFO - [2024-06-12T20:23:02.313+0000] {dag.py:2690} INFO - Sync 1 DAGs
[2024-06-12T20:23:03.303+0000] {logging_mixin.py:137} INFO - [2024-06-12T20:23:03.302+0000] {dag.py:3441} INFO - Setting next_dagrun for example_short_circuit_decorator to 2024-06-11T20:23:03.302121+00:00, run_after=2024-06-12T20:23:03.302121+00:00
[2024-06-12T20:23:04.523+0000] {processor.py:175} INFO - Processing /home/airflow/.local/lib/python3.7/site-packages/airflow/example_dags/example_short_circuit_decorator.py took 4.697 seconds
[2024-06-12T20:25:15.218+0000] {processor.py:153} INFO - Started process (PID=2687) to work on /home/airflow/.local/lib/python3.7/site-packages/airflow/example_dags/example_short_circuit_decorator.py
[2024-06-12T20:25:15.232+0000] {processor.py:743} INFO - Processing file /home/airflow/.local/lib/python3.7/site-packages/airflow/example_dags/example_short_circuit_decorator.py for tasks to queue
[2024-06-12T20:25:15.265+0000] {logging_mixin.py:137} INFO - [2024-06-12T20:25:15.265+0000] {dagbag.py:538} INFO - Filling up the DagBag from /home/airflow/.local/lib/python3.7/site-packages/airflow/example_dags/example_short_circuit_decorator.py
[2024-06-12T20:25:16.192+0000] {processor.py:753} INFO - DAG(s) dict_keys(['example_short_circuit_decorator']) retrieved from /home/airflow/.local/lib/python3.7/site-packages/airflow/example_dags/example_short_circuit_decorator.py
[2024-06-12T20:25:16.612+0000] {logging_mixin.py:137} INFO - [2024-06-12T20:25:16.611+0000] {dag.py:2690} INFO - Sync 1 DAGs
[2024-06-12T20:25:17.514+0000] {logging_mixin.py:137} INFO - [2024-06-12T20:25:17.513+0000] {dag.py:3441} INFO - Setting next_dagrun for example_short_circuit_decorator to 2024-06-11T20:25:17.513318+00:00, run_after=2024-06-12T20:25:17.513318+00:00
[2024-06-12T20:25:18.006+0000] {processor.py:175} INFO - Processing /home/airflow/.local/lib/python3.7/site-packages/airflow/example_dags/example_short_circuit_decorator.py took 2.809 seconds
[2024-06-12T20:27:10.153+0000] {processor.py:153} INFO - Started process (PID=2799) to work on /home/airflow/.local/lib/python3.7/site-packages/airflow/example_dags/example_short_circuit_decorator.py
[2024-06-12T20:27:10.169+0000] {processor.py:743} INFO - Processing file /home/airflow/.local/lib/python3.7/site-packages/airflow/example_dags/example_short_circuit_decorator.py for tasks to queue
[2024-06-12T20:27:10.201+0000] {logging_mixin.py:137} INFO - [2024-06-12T20:27:10.201+0000] {dagbag.py:538} INFO - Filling up the DagBag from /home/airflow/.local/lib/python3.7/site-packages/airflow/example_dags/example_short_circuit_decorator.py
[2024-06-12T20:27:10.731+0000] {processor.py:753} INFO - DAG(s) dict_keys(['example_short_circuit_decorator']) retrieved from /home/airflow/.local/lib/python3.7/site-packages/airflow/example_dags/example_short_circuit_decorator.py
[2024-06-12T20:27:11.457+0000] {logging_mixin.py:137} INFO - [2024-06-12T20:27:11.456+0000] {dag.py:2690} INFO - Sync 1 DAGs
[2024-06-12T20:27:12.107+0000] {logging_mixin.py:137} INFO - [2024-06-12T20:27:12.106+0000] {dag.py:3441} INFO - Setting next_dagrun for example_short_circuit_decorator to 2024-06-11T20:27:12.106175+00:00, run_after=2024-06-12T20:27:12.106175+00:00
[2024-06-12T20:27:12.427+0000] {processor.py:175} INFO - Processing /home/airflow/.local/lib/python3.7/site-packages/airflow/example_dags/example_short_circuit_decorator.py took 2.449 seconds
[2024-06-12T20:28:37.892+0000] {processor.py:153} INFO - Started process (PID=2896) to work on /home/airflow/.local/lib/python3.7/site-packages/airflow/example_dags/example_short_circuit_decorator.py
[2024-06-12T20:28:37.904+0000] {processor.py:743} INFO - Processing file /home/airflow/.local/lib/python3.7/site-packages/airflow/example_dags/example_short_circuit_decorator.py for tasks to queue
[2024-06-12T20:28:37.963+0000] {logging_mixin.py:137} INFO - [2024-06-12T20:28:37.962+0000] {dagbag.py:538} INFO - Filling up the DagBag from /home/airflow/.local/lib/python3.7/site-packages/airflow/example_dags/example_short_circuit_decorator.py
[2024-06-12T20:28:38.760+0000] {processor.py:753} INFO - DAG(s) dict_keys(['example_short_circuit_decorator']) retrieved from /home/airflow/.local/lib/python3.7/site-packages/airflow/example_dags/example_short_circuit_decorator.py
[2024-06-12T20:28:39.756+0000] {logging_mixin.py:137} INFO - [2024-06-12T20:28:39.755+0000] {dag.py:2690} INFO - Sync 1 DAGs
[2024-06-12T20:28:40.684+0000] {logging_mixin.py:137} INFO - [2024-06-12T20:28:40.683+0000] {dag.py:3441} INFO - Setting next_dagrun for example_short_circuit_decorator to 2024-06-11T20:28:40.683134+00:00, run_after=2024-06-12T20:28:40.683134+00:00
[2024-06-12T20:28:40.981+0000] {processor.py:175} INFO - Processing /home/airflow/.local/lib/python3.7/site-packages/airflow/example_dags/example_short_circuit_decorator.py took 3.147 seconds
[2024-06-12T20:29:52.132+0000] {processor.py:153} INFO - Started process (PID=2984) to work on /home/airflow/.local/lib/python3.7/site-packages/airflow/example_dags/example_short_circuit_decorator.py
[2024-06-12T20:29:52.178+0000] {processor.py:743} INFO - Processing file /home/airflow/.local/lib/python3.7/site-packages/airflow/example_dags/example_short_circuit_decorator.py for tasks to queue
[2024-06-12T20:29:52.226+0000] {logging_mixin.py:137} INFO - [2024-06-12T20:29:52.226+0000] {dagbag.py:538} INFO - Filling up the DagBag from /home/airflow/.local/lib/python3.7/site-packages/airflow/example_dags/example_short_circuit_decorator.py
[2024-06-12T20:29:52.631+0000] {processor.py:753} INFO - DAG(s) dict_keys(['example_short_circuit_decorator']) retrieved from /home/airflow/.local/lib/python3.7/site-packages/airflow/example_dags/example_short_circuit_decorator.py
[2024-06-12T20:29:53.254+0000] {logging_mixin.py:137} INFO - [2024-06-12T20:29:53.254+0000] {dag.py:2690} INFO - Sync 1 DAGs
[2024-06-12T20:29:54.054+0000] {logging_mixin.py:137} INFO - [2024-06-12T20:29:54.027+0000] {dag.py:3441} INFO - Setting next_dagrun for example_short_circuit_decorator to 2024-06-11T20:29:54.026771+00:00, run_after=2024-06-12T20:29:54.026771+00:00
[2024-06-12T20:29:54.444+0000] {processor.py:175} INFO - Processing /home/airflow/.local/lib/python3.7/site-packages/airflow/example_dags/example_short_circuit_decorator.py took 2.395 seconds
[2024-06-12T20:30:58.257+0000] {processor.py:153} INFO - Started process (PID=3061) to work on /home/airflow/.local/lib/python3.7/site-packages/airflow/example_dags/example_short_circuit_decorator.py
[2024-06-12T20:30:58.263+0000] {processor.py:743} INFO - Processing file /home/airflow/.local/lib/python3.7/site-packages/airflow/example_dags/example_short_circuit_decorator.py for tasks to queue
[2024-06-12T20:30:58.279+0000] {logging_mixin.py:137} INFO - [2024-06-12T20:30:58.278+0000] {dagbag.py:538} INFO - Filling up the DagBag from /home/airflow/.local/lib/python3.7/site-packages/airflow/example_dags/example_short_circuit_decorator.py
[2024-06-12T20:30:58.782+0000] {processor.py:753} INFO - DAG(s) dict_keys(['example_short_circuit_decorator']) retrieved from /home/airflow/.local/lib/python3.7/site-packages/airflow/example_dags/example_short_circuit_decorator.py
[2024-06-12T20:30:59.311+0000] {logging_mixin.py:137} INFO - [2024-06-12T20:30:59.310+0000] {dag.py:2690} INFO - Sync 1 DAGs
[2024-06-12T20:31:00.155+0000] {logging_mixin.py:137} INFO - [2024-06-12T20:31:00.155+0000] {dag.py:3441} INFO - Setting next_dagrun for example_short_circuit_decorator to 2024-06-11T20:31:00.154937+00:00, run_after=2024-06-12T20:31:00.154937+00:00
[2024-06-12T20:31:00.407+0000] {processor.py:175} INFO - Processing /home/airflow/.local/lib/python3.7/site-packages/airflow/example_dags/example_short_circuit_decorator.py took 2.179 seconds
[2024-06-12T20:32:18.738+0000] {processor.py:153} INFO - Started process (PID=3144) to work on /home/airflow/.local/lib/python3.7/site-packages/airflow/example_dags/example_short_circuit_decorator.py
[2024-06-12T20:32:18.752+0000] {processor.py:743} INFO - Processing file /home/airflow/.local/lib/python3.7/site-packages/airflow/example_dags/example_short_circuit_decorator.py for tasks to queue
[2024-06-12T20:32:18.769+0000] {logging_mixin.py:137} INFO - [2024-06-12T20:32:18.769+0000] {dagbag.py:538} INFO - Filling up the DagBag from /home/airflow/.local/lib/python3.7/site-packages/airflow/example_dags/example_short_circuit_decorator.py
[2024-06-12T20:32:19.736+0000] {processor.py:753} INFO - DAG(s) dict_keys(['example_short_circuit_decorator']) retrieved from /home/airflow/.local/lib/python3.7/site-packages/airflow/example_dags/example_short_circuit_decorator.py
[2024-06-12T20:32:20.266+0000] {logging_mixin.py:137} INFO - [2024-06-12T20:32:20.265+0000] {dag.py:2690} INFO - Sync 1 DAGs
[2024-06-12T20:32:21.252+0000] {logging_mixin.py:137} INFO - [2024-06-12T20:32:21.240+0000] {dag.py:3441} INFO - Setting next_dagrun for example_short_circuit_decorator to 2024-06-11T20:32:21.240314+00:00, run_after=2024-06-12T20:32:21.240314+00:00
[2024-06-12T20:32:21.591+0000] {processor.py:175} INFO - Processing /home/airflow/.local/lib/python3.7/site-packages/airflow/example_dags/example_short_circuit_decorator.py took 2.964 seconds
[2024-06-12T20:34:05.580+0000] {processor.py:153} INFO - Started process (PID=3251) to work on /home/airflow/.local/lib/python3.7/site-packages/airflow/example_dags/example_short_circuit_decorator.py
[2024-06-12T20:34:05.594+0000] {processor.py:743} INFO - Processing file /home/airflow/.local/lib/python3.7/site-packages/airflow/example_dags/example_short_circuit_decorator.py for tasks to queue
[2024-06-12T20:34:05.674+0000] {logging_mixin.py:137} INFO - [2024-06-12T20:34:05.674+0000] {dagbag.py:538} INFO - Filling up the DagBag from /home/airflow/.local/lib/python3.7/site-packages/airflow/example_dags/example_short_circuit_decorator.py
[2024-06-12T20:34:06.943+0000] {processor.py:753} INFO - DAG(s) dict_keys(['example_short_circuit_decorator']) retrieved from /home/airflow/.local/lib/python3.7/site-packages/airflow/example_dags/example_short_circuit_decorator.py
[2024-06-12T20:34:08.608+0000] {logging_mixin.py:137} INFO - [2024-06-12T20:34:08.608+0000] {dag.py:2690} INFO - Sync 1 DAGs
[2024-06-12T20:34:09.776+0000] {logging_mixin.py:137} INFO - [2024-06-12T20:34:09.776+0000] {dag.py:3441} INFO - Setting next_dagrun for example_short_circuit_decorator to 2024-06-11T20:34:09.775184+00:00, run_after=2024-06-12T20:34:09.775184+00:00
[2024-06-12T20:34:10.505+0000] {processor.py:175} INFO - Processing /home/airflow/.local/lib/python3.7/site-packages/airflow/example_dags/example_short_circuit_decorator.py took 4.990 seconds
[2024-06-12T20:36:32.155+0000] {processor.py:153} INFO - Started process (PID=3385) to work on /home/airflow/.local/lib/python3.7/site-packages/airflow/example_dags/example_short_circuit_decorator.py
[2024-06-12T20:36:32.190+0000] {processor.py:743} INFO - Processing file /home/airflow/.local/lib/python3.7/site-packages/airflow/example_dags/example_short_circuit_decorator.py for tasks to queue
[2024-06-12T20:36:32.207+0000] {logging_mixin.py:137} INFO - [2024-06-12T20:36:32.206+0000] {dagbag.py:538} INFO - Filling up the DagBag from /home/airflow/.local/lib/python3.7/site-packages/airflow/example_dags/example_short_circuit_decorator.py
[2024-06-12T20:36:33.037+0000] {processor.py:753} INFO - DAG(s) dict_keys(['example_short_circuit_decorator']) retrieved from /home/airflow/.local/lib/python3.7/site-packages/airflow/example_dags/example_short_circuit_decorator.py
[2024-06-12T20:36:34.389+0000] {logging_mixin.py:137} INFO - [2024-06-12T20:36:34.388+0000] {dag.py:2690} INFO - Sync 1 DAGs
[2024-06-12T20:36:35.604+0000] {logging_mixin.py:137} INFO - [2024-06-12T20:36:35.604+0000] {dag.py:3441} INFO - Setting next_dagrun for example_short_circuit_decorator to 2024-06-11T20:36:35.603928+00:00, run_after=2024-06-12T20:36:35.603928+00:00
[2024-06-12T20:36:36.078+0000] {processor.py:175} INFO - Processing /home/airflow/.local/lib/python3.7/site-packages/airflow/example_dags/example_short_circuit_decorator.py took 3.944 seconds
[2024-06-12T20:38:47.456+0000] {processor.py:153} INFO - Started process (PID=3508) to work on /home/airflow/.local/lib/python3.7/site-packages/airflow/example_dags/example_short_circuit_decorator.py
[2024-06-12T20:38:47.506+0000] {processor.py:743} INFO - Processing file /home/airflow/.local/lib/python3.7/site-packages/airflow/example_dags/example_short_circuit_decorator.py for tasks to queue
[2024-06-12T20:38:47.556+0000] {logging_mixin.py:137} INFO - [2024-06-12T20:38:47.556+0000] {dagbag.py:538} INFO - Filling up the DagBag from /home/airflow/.local/lib/python3.7/site-packages/airflow/example_dags/example_short_circuit_decorator.py
[2024-06-12T20:38:48.022+0000] {processor.py:753} INFO - DAG(s) dict_keys(['example_short_circuit_decorator']) retrieved from /home/airflow/.local/lib/python3.7/site-packages/airflow/example_dags/example_short_circuit_decorator.py
[2024-06-12T20:38:48.318+0000] {logging_mixin.py:137} INFO - [2024-06-12T20:38:48.318+0000] {dag.py:2690} INFO - Sync 1 DAGs
[2024-06-12T20:38:48.801+0000] {logging_mixin.py:137} INFO - [2024-06-12T20:38:48.801+0000] {dag.py:3441} INFO - Setting next_dagrun for example_short_circuit_decorator to 2024-06-11T20:38:48.771647+00:00, run_after=2024-06-12T20:38:48.771647+00:00
[2024-06-12T20:38:49.525+0000] {processor.py:175} INFO - Processing /home/airflow/.local/lib/python3.7/site-packages/airflow/example_dags/example_short_circuit_decorator.py took 2.253 seconds
[2024-06-12T20:40:11.535+0000] {processor.py:153} INFO - Started process (PID=3611) to work on /home/airflow/.local/lib/python3.7/site-packages/airflow/example_dags/example_short_circuit_decorator.py
[2024-06-12T20:40:11.645+0000] {processor.py:743} INFO - Processing file /home/airflow/.local/lib/python3.7/site-packages/airflow/example_dags/example_short_circuit_decorator.py for tasks to queue
[2024-06-12T20:40:11.697+0000] {logging_mixin.py:137} INFO - [2024-06-12T20:40:11.686+0000] {dagbag.py:538} INFO - Filling up the DagBag from /home/airflow/.local/lib/python3.7/site-packages/airflow/example_dags/example_short_circuit_decorator.py
[2024-06-12T20:40:12.190+0000] {processor.py:753} INFO - DAG(s) dict_keys(['example_short_circuit_decorator']) retrieved from /home/airflow/.local/lib/python3.7/site-packages/airflow/example_dags/example_short_circuit_decorator.py
[2024-06-12T20:40:13.109+0000] {logging_mixin.py:137} INFO - [2024-06-12T20:40:13.109+0000] {dag.py:2690} INFO - Sync 1 DAGs
[2024-06-12T20:40:13.963+0000] {logging_mixin.py:137} INFO - [2024-06-12T20:40:13.963+0000] {dag.py:3441} INFO - Setting next_dagrun for example_short_circuit_decorator to 2024-06-11T20:40:13.962911+00:00, run_after=2024-06-12T20:40:13.962911+00:00
[2024-06-12T20:40:14.380+0000] {processor.py:175} INFO - Processing /home/airflow/.local/lib/python3.7/site-packages/airflow/example_dags/example_short_circuit_decorator.py took 2.864 seconds
[2024-06-12T20:41:20.250+0000] {processor.py:153} INFO - Started process (PID=3696) to work on /home/airflow/.local/lib/python3.7/site-packages/airflow/example_dags/example_short_circuit_decorator.py
[2024-06-12T20:41:20.328+0000] {processor.py:743} INFO - Processing file /home/airflow/.local/lib/python3.7/site-packages/airflow/example_dags/example_short_circuit_decorator.py for tasks to queue
[2024-06-12T20:41:20.362+0000] {logging_mixin.py:137} INFO - [2024-06-12T20:41:20.361+0000] {dagbag.py:538} INFO - Filling up the DagBag from /home/airflow/.local/lib/python3.7/site-packages/airflow/example_dags/example_short_circuit_decorator.py
[2024-06-12T20:41:21.790+0000] {processor.py:753} INFO - DAG(s) dict_keys(['example_short_circuit_decorator']) retrieved from /home/airflow/.local/lib/python3.7/site-packages/airflow/example_dags/example_short_circuit_decorator.py
[2024-06-12T20:41:22.237+0000] {logging_mixin.py:137} INFO - [2024-06-12T20:41:22.236+0000] {dag.py:2690} INFO - Sync 1 DAGs
[2024-06-12T20:41:23.043+0000] {logging_mixin.py:137} INFO - [2024-06-12T20:41:23.043+0000] {dag.py:3441} INFO - Setting next_dagrun for example_short_circuit_decorator to 2024-06-11T20:41:23.042977+00:00, run_after=2024-06-12T20:41:23.042977+00:00
[2024-06-12T20:41:23.524+0000] {processor.py:175} INFO - Processing /home/airflow/.local/lib/python3.7/site-packages/airflow/example_dags/example_short_circuit_decorator.py took 3.400 seconds
[2024-06-12T20:42:41.864+0000] {processor.py:153} INFO - Started process (PID=3788) to work on /home/airflow/.local/lib/python3.7/site-packages/airflow/example_dags/example_short_circuit_decorator.py
[2024-06-12T20:42:41.945+0000] {processor.py:743} INFO - Processing file /home/airflow/.local/lib/python3.7/site-packages/airflow/example_dags/example_short_circuit_decorator.py for tasks to queue
[2024-06-12T20:42:42.010+0000] {logging_mixin.py:137} INFO - [2024-06-12T20:42:42.009+0000] {dagbag.py:538} INFO - Filling up the DagBag from /home/airflow/.local/lib/python3.7/site-packages/airflow/example_dags/example_short_circuit_decorator.py
[2024-06-12T20:42:43.261+0000] {processor.py:753} INFO - DAG(s) dict_keys(['example_short_circuit_decorator']) retrieved from /home/airflow/.local/lib/python3.7/site-packages/airflow/example_dags/example_short_circuit_decorator.py
[2024-06-12T20:42:43.857+0000] {logging_mixin.py:137} INFO - [2024-06-12T20:42:43.857+0000] {dag.py:2690} INFO - Sync 1 DAGs
[2024-06-12T20:42:44.626+0000] {logging_mixin.py:137} INFO - [2024-06-12T20:42:44.626+0000] {dag.py:3441} INFO - Setting next_dagrun for example_short_circuit_decorator to 2024-06-11T20:42:44.625704+00:00, run_after=2024-06-12T20:42:44.625704+00:00
[2024-06-12T20:42:45.574+0000] {processor.py:175} INFO - Processing /home/airflow/.local/lib/python3.7/site-packages/airflow/example_dags/example_short_circuit_decorator.py took 3.738 seconds
[2024-06-12T20:44:03.826+0000] {processor.py:153} INFO - Started process (PID=3880) to work on /home/airflow/.local/lib/python3.7/site-packages/airflow/example_dags/example_short_circuit_decorator.py
[2024-06-12T20:44:03.840+0000] {processor.py:743} INFO - Processing file /home/airflow/.local/lib/python3.7/site-packages/airflow/example_dags/example_short_circuit_decorator.py for tasks to queue
[2024-06-12T20:44:03.845+0000] {logging_mixin.py:137} INFO - [2024-06-12T20:44:03.845+0000] {dagbag.py:538} INFO - Filling up the DagBag from /home/airflow/.local/lib/python3.7/site-packages/airflow/example_dags/example_short_circuit_decorator.py
[2024-06-12T20:44:04.148+0000] {processor.py:753} INFO - DAG(s) dict_keys(['example_short_circuit_decorator']) retrieved from /home/airflow/.local/lib/python3.7/site-packages/airflow/example_dags/example_short_circuit_decorator.py
[2024-06-12T20:44:04.669+0000] {logging_mixin.py:137} INFO - [2024-06-12T20:44:04.669+0000] {dag.py:2690} INFO - Sync 1 DAGs
[2024-06-12T20:44:05.152+0000] {logging_mixin.py:137} INFO - [2024-06-12T20:44:05.151+0000] {dag.py:3441} INFO - Setting next_dagrun for example_short_circuit_decorator to 2024-06-11T20:44:05.150753+00:00, run_after=2024-06-12T20:44:05.150753+00:00
[2024-06-12T20:44:05.758+0000] {processor.py:175} INFO - Processing /home/airflow/.local/lib/python3.7/site-packages/airflow/example_dags/example_short_circuit_decorator.py took 1.951 seconds
[2024-06-12T20:45:06.707+0000] {processor.py:153} INFO - Started process (PID=3956) to work on /home/airflow/.local/lib/python3.7/site-packages/airflow/example_dags/example_short_circuit_decorator.py
[2024-06-12T20:45:06.769+0000] {processor.py:743} INFO - Processing file /home/airflow/.local/lib/python3.7/site-packages/airflow/example_dags/example_short_circuit_decorator.py for tasks to queue
[2024-06-12T20:45:06.891+0000] {logging_mixin.py:137} INFO - [2024-06-12T20:45:06.891+0000] {dagbag.py:538} INFO - Filling up the DagBag from /home/airflow/.local/lib/python3.7/site-packages/airflow/example_dags/example_short_circuit_decorator.py
[2024-06-12T20:45:07.682+0000] {processor.py:753} INFO - DAG(s) dict_keys(['example_short_circuit_decorator']) retrieved from /home/airflow/.local/lib/python3.7/site-packages/airflow/example_dags/example_short_circuit_decorator.py
[2024-06-12T20:45:08.186+0000] {logging_mixin.py:137} INFO - [2024-06-12T20:45:08.186+0000] {dag.py:2690} INFO - Sync 1 DAGs
[2024-06-12T20:45:08.671+0000] {logging_mixin.py:137} INFO - [2024-06-12T20:45:08.670+0000] {dag.py:3441} INFO - Setting next_dagrun for example_short_circuit_decorator to 2024-06-11T20:45:08.670075+00:00, run_after=2024-06-12T20:45:08.670075+00:00
[2024-06-12T20:45:09.465+0000] {processor.py:175} INFO - Processing /home/airflow/.local/lib/python3.7/site-packages/airflow/example_dags/example_short_circuit_decorator.py took 2.885 seconds
[2024-06-12T20:46:28.990+0000] {processor.py:153} INFO - Started process (PID=4058) to work on /home/airflow/.local/lib/python3.7/site-packages/airflow/example_dags/example_short_circuit_decorator.py
[2024-06-12T20:46:29.035+0000] {processor.py:743} INFO - Processing file /home/airflow/.local/lib/python3.7/site-packages/airflow/example_dags/example_short_circuit_decorator.py for tasks to queue
[2024-06-12T20:46:29.045+0000] {logging_mixin.py:137} INFO - [2024-06-12T20:46:29.045+0000] {dagbag.py:538} INFO - Filling up the DagBag from /home/airflow/.local/lib/python3.7/site-packages/airflow/example_dags/example_short_circuit_decorator.py
[2024-06-12T20:46:30.157+0000] {processor.py:753} INFO - DAG(s) dict_keys(['example_short_circuit_decorator']) retrieved from /home/airflow/.local/lib/python3.7/site-packages/airflow/example_dags/example_short_circuit_decorator.py
[2024-06-12T20:46:30.495+0000] {logging_mixin.py:137} INFO - [2024-06-12T20:46:30.494+0000] {dag.py:2690} INFO - Sync 1 DAGs
[2024-06-12T20:46:31.524+0000] {logging_mixin.py:137} INFO - [2024-06-12T20:46:31.523+0000] {dag.py:3441} INFO - Setting next_dagrun for example_short_circuit_decorator to 2024-06-11T20:46:31.523483+00:00, run_after=2024-06-12T20:46:31.523483+00:00
[2024-06-12T20:46:32.004+0000] {processor.py:175} INFO - Processing /home/airflow/.local/lib/python3.7/site-packages/airflow/example_dags/example_short_circuit_decorator.py took 3.119 seconds
[2024-06-12T20:47:40.009+0000] {processor.py:153} INFO - Started process (PID=4137) to work on /home/airflow/.local/lib/python3.7/site-packages/airflow/example_dags/example_short_circuit_decorator.py
[2024-06-12T20:47:40.159+0000] {processor.py:743} INFO - Processing file /home/airflow/.local/lib/python3.7/site-packages/airflow/example_dags/example_short_circuit_decorator.py for tasks to queue
[2024-06-12T20:47:40.192+0000] {logging_mixin.py:137} INFO - [2024-06-12T20:47:40.192+0000] {dagbag.py:538} INFO - Filling up the DagBag from /home/airflow/.local/lib/python3.7/site-packages/airflow/example_dags/example_short_circuit_decorator.py
[2024-06-12T20:47:40.748+0000] {processor.py:753} INFO - DAG(s) dict_keys(['example_short_circuit_decorator']) retrieved from /home/airflow/.local/lib/python3.7/site-packages/airflow/example_dags/example_short_circuit_decorator.py
[2024-06-12T20:47:41.116+0000] {logging_mixin.py:137} INFO - [2024-06-12T20:47:41.116+0000] {dag.py:2690} INFO - Sync 1 DAGs
[2024-06-12T20:47:42.853+0000] {logging_mixin.py:137} INFO - [2024-06-12T20:47:42.852+0000] {dag.py:3441} INFO - Setting next_dagrun for example_short_circuit_decorator to 2024-06-11T20:47:42.852079+00:00, run_after=2024-06-12T20:47:42.852079+00:00
[2024-06-12T20:47:43.496+0000] {processor.py:175} INFO - Processing /home/airflow/.local/lib/python3.7/site-packages/airflow/example_dags/example_short_circuit_decorator.py took 3.566 seconds
