[2024-06-12T19:43:30.278+0000] {processor.py:153} INFO - Started process (PID=169) to work on /home/airflow/.local/lib/python3.7/site-packages/airflow/example_dags/example_dag_decorator.py
[2024-06-12T19:43:30.326+0000] {processor.py:743} INFO - Processing file /home/airflow/.local/lib/python3.7/site-packages/airflow/example_dags/example_dag_decorator.py for tasks to queue
[2024-06-12T19:43:30.406+0000] {logging_mixin.py:137} INFO - [2024-06-12T19:43:30.406+0000] {dagbag.py:538} INFO - Filling up the DagBag from /home/airflow/.local/lib/python3.7/site-packages/airflow/example_dags/example_dag_decorator.py
[2024-06-12T19:43:31.193+0000] {logging_mixin.py:137} INFO - [2024-06-12T19:43:31.148+0000] {taskmixin.py:205} WARNING - Dependency <Task(_PythonDecoratedOperator): prepare_email>, send_email already registered for DAG: example_dag_decorator
[2024-06-12T19:43:31.293+0000] {logging_mixin.py:137} INFO - [2024-06-12T19:43:31.293+0000] {taskmixin.py:205} WARNING - Dependency <Task(EmailOperator): send_email>, prepare_email already registered for DAG: example_dag_decorator
[2024-06-12T19:43:31.794+0000] {processor.py:753} INFO - DAG(s) dict_keys(['example_dag_decorator']) retrieved from /home/airflow/.local/lib/python3.7/site-packages/airflow/example_dags/example_dag_decorator.py
[2024-06-12T19:43:35.269+0000] {logging_mixin.py:137} INFO - [2024-06-12T19:43:35.268+0000] {dag.py:2690} INFO - Sync 1 DAGs
[2024-06-12T19:43:36.135+0000] {logging_mixin.py:137} INFO - [2024-06-12T19:43:36.135+0000] {dag.py:3441} INFO - Setting next_dagrun for example_dag_decorator to None, run_after=None
[2024-06-12T19:43:36.850+0000] {processor.py:175} INFO - Processing /home/airflow/.local/lib/python3.7/site-packages/airflow/example_dags/example_dag_decorator.py took 6.850 seconds
[2024-06-12T19:45:29.333+0000] {processor.py:153} INFO - Started process (PID=275) to work on /home/airflow/.local/lib/python3.7/site-packages/airflow/example_dags/example_dag_decorator.py
[2024-06-12T19:45:29.396+0000] {processor.py:743} INFO - Processing file /home/airflow/.local/lib/python3.7/site-packages/airflow/example_dags/example_dag_decorator.py for tasks to queue
[2024-06-12T19:45:29.608+0000] {logging_mixin.py:137} INFO - [2024-06-12T19:45:29.608+0000] {dagbag.py:538} INFO - Filling up the DagBag from /home/airflow/.local/lib/python3.7/site-packages/airflow/example_dags/example_dag_decorator.py
[2024-06-12T19:45:30.574+0000] {logging_mixin.py:137} INFO - [2024-06-12T19:45:30.574+0000] {taskmixin.py:205} WARNING - Dependency <Task(_PythonDecoratedOperator): prepare_email>, send_email already registered for DAG: example_dag_decorator
[2024-06-12T19:45:30.650+0000] {logging_mixin.py:137} INFO - [2024-06-12T19:45:30.649+0000] {taskmixin.py:205} WARNING - Dependency <Task(EmailOperator): send_email>, prepare_email already registered for DAG: example_dag_decorator
[2024-06-12T19:45:31.126+0000] {processor.py:753} INFO - DAG(s) dict_keys(['example_dag_decorator']) retrieved from /home/airflow/.local/lib/python3.7/site-packages/airflow/example_dags/example_dag_decorator.py
[2024-06-12T19:45:34.939+0000] {logging_mixin.py:137} INFO - [2024-06-12T19:45:34.938+0000] {dag.py:2690} INFO - Sync 1 DAGs
[2024-06-12T19:45:36.232+0000] {logging_mixin.py:137} INFO - [2024-06-12T19:45:36.232+0000] {dag.py:3441} INFO - Setting next_dagrun for example_dag_decorator to None, run_after=None
[2024-06-12T19:45:37.290+0000] {processor.py:175} INFO - Processing /home/airflow/.local/lib/python3.7/site-packages/airflow/example_dags/example_dag_decorator.py took 7.998 seconds
[2024-06-12T19:47:24.046+0000] {processor.py:153} INFO - Started process (PID=362) to work on /home/airflow/.local/lib/python3.7/site-packages/airflow/example_dags/example_dag_decorator.py
[2024-06-12T19:47:24.056+0000] {processor.py:743} INFO - Processing file /home/airflow/.local/lib/python3.7/site-packages/airflow/example_dags/example_dag_decorator.py for tasks to queue
[2024-06-12T19:47:24.062+0000] {logging_mixin.py:137} INFO - [2024-06-12T19:47:24.061+0000] {dagbag.py:538} INFO - Filling up the DagBag from /home/airflow/.local/lib/python3.7/site-packages/airflow/example_dags/example_dag_decorator.py
[2024-06-12T19:47:24.850+0000] {logging_mixin.py:137} INFO - [2024-06-12T19:47:24.849+0000] {taskmixin.py:205} WARNING - Dependency <Task(_PythonDecoratedOperator): prepare_email>, send_email already registered for DAG: example_dag_decorator
[2024-06-12T19:47:24.866+0000] {logging_mixin.py:137} INFO - [2024-06-12T19:47:24.866+0000] {taskmixin.py:205} WARNING - Dependency <Task(EmailOperator): send_email>, prepare_email already registered for DAG: example_dag_decorator
[2024-06-12T19:47:25.427+0000] {processor.py:753} INFO - DAG(s) dict_keys(['example_dag_decorator']) retrieved from /home/airflow/.local/lib/python3.7/site-packages/airflow/example_dags/example_dag_decorator.py
[2024-06-12T19:47:28.684+0000] {logging_mixin.py:137} INFO - [2024-06-12T19:47:28.683+0000] {dag.py:2690} INFO - Sync 1 DAGs
[2024-06-12T19:47:29.785+0000] {logging_mixin.py:137} INFO - [2024-06-12T19:47:29.785+0000] {dag.py:3441} INFO - Setting next_dagrun for example_dag_decorator to None, run_after=None
[2024-06-12T19:47:30.576+0000] {processor.py:175} INFO - Processing /home/airflow/.local/lib/python3.7/site-packages/airflow/example_dags/example_dag_decorator.py took 6.683 seconds
[2024-06-12T19:48:17.464+0000] {processor.py:153} INFO - Started process (PID=439) to work on /home/airflow/.local/lib/python3.7/site-packages/airflow/example_dags/example_dag_decorator.py
[2024-06-12T19:48:17.486+0000] {processor.py:743} INFO - Processing file /home/airflow/.local/lib/python3.7/site-packages/airflow/example_dags/example_dag_decorator.py for tasks to queue
[2024-06-12T19:48:17.488+0000] {logging_mixin.py:137} INFO - [2024-06-12T19:48:17.488+0000] {dagbag.py:538} INFO - Filling up the DagBag from /home/airflow/.local/lib/python3.7/site-packages/airflow/example_dags/example_dag_decorator.py
[2024-06-12T19:48:17.832+0000] {logging_mixin.py:137} INFO - [2024-06-12T19:48:17.831+0000] {taskmixin.py:205} WARNING - Dependency <Task(_PythonDecoratedOperator): prepare_email>, send_email already registered for DAG: example_dag_decorator
[2024-06-12T19:48:17.861+0000] {logging_mixin.py:137} INFO - [2024-06-12T19:48:17.860+0000] {taskmixin.py:205} WARNING - Dependency <Task(EmailOperator): send_email>, prepare_email already registered for DAG: example_dag_decorator
[2024-06-12T19:48:17.998+0000] {processor.py:753} INFO - DAG(s) dict_keys(['example_dag_decorator']) retrieved from /home/airflow/.local/lib/python3.7/site-packages/airflow/example_dags/example_dag_decorator.py
[2024-06-12T19:48:19.304+0000] {logging_mixin.py:137} INFO - [2024-06-12T19:48:19.304+0000] {dag.py:2690} INFO - Sync 1 DAGs
[2024-06-12T19:48:19.579+0000] {logging_mixin.py:137} INFO - [2024-06-12T19:48:19.578+0000] {dag.py:3441} INFO - Setting next_dagrun for example_dag_decorator to None, run_after=None
[2024-06-12T19:48:19.769+0000] {processor.py:175} INFO - Processing /home/airflow/.local/lib/python3.7/site-packages/airflow/example_dags/example_dag_decorator.py took 2.315 seconds
[2024-06-12T19:48:50.048+0000] {processor.py:153} INFO - Started process (PID=501) to work on /home/airflow/.local/lib/python3.7/site-packages/airflow/example_dags/example_dag_decorator.py
[2024-06-12T19:48:50.066+0000] {processor.py:743} INFO - Processing file /home/airflow/.local/lib/python3.7/site-packages/airflow/example_dags/example_dag_decorator.py for tasks to queue
[2024-06-12T19:48:50.085+0000] {logging_mixin.py:137} INFO - [2024-06-12T19:48:50.085+0000] {dagbag.py:538} INFO - Filling up the DagBag from /home/airflow/.local/lib/python3.7/site-packages/airflow/example_dags/example_dag_decorator.py
[2024-06-12T19:48:50.180+0000] {logging_mixin.py:137} INFO - [2024-06-12T19:48:50.179+0000] {taskmixin.py:205} WARNING - Dependency <Task(_PythonDecoratedOperator): prepare_email>, send_email already registered for DAG: example_dag_decorator
[2024-06-12T19:48:50.190+0000] {logging_mixin.py:137} INFO - [2024-06-12T19:48:50.189+0000] {taskmixin.py:205} WARNING - Dependency <Task(EmailOperator): send_email>, prepare_email already registered for DAG: example_dag_decorator
[2024-06-12T19:48:50.285+0000] {processor.py:753} INFO - DAG(s) dict_keys(['example_dag_decorator']) retrieved from /home/airflow/.local/lib/python3.7/site-packages/airflow/example_dags/example_dag_decorator.py
[2024-06-12T19:48:50.836+0000] {logging_mixin.py:137} INFO - [2024-06-12T19:48:50.835+0000] {dag.py:2690} INFO - Sync 1 DAGs
[2024-06-12T19:48:51.026+0000] {logging_mixin.py:137} INFO - [2024-06-12T19:48:51.025+0000] {dag.py:3441} INFO - Setting next_dagrun for example_dag_decorator to None, run_after=None
[2024-06-12T19:48:51.130+0000] {processor.py:175} INFO - Processing /home/airflow/.local/lib/python3.7/site-packages/airflow/example_dags/example_dag_decorator.py took 1.118 seconds
[2024-06-12T19:49:25.462+0000] {processor.py:153} INFO - Started process (PID=558) to work on /home/airflow/.local/lib/python3.7/site-packages/airflow/example_dags/example_dag_decorator.py
[2024-06-12T19:49:25.488+0000] {processor.py:743} INFO - Processing file /home/airflow/.local/lib/python3.7/site-packages/airflow/example_dags/example_dag_decorator.py for tasks to queue
[2024-06-12T19:49:25.511+0000] {logging_mixin.py:137} INFO - [2024-06-12T19:49:25.510+0000] {dagbag.py:538} INFO - Filling up the DagBag from /home/airflow/.local/lib/python3.7/site-packages/airflow/example_dags/example_dag_decorator.py
[2024-06-12T19:49:25.862+0000] {logging_mixin.py:137} INFO - [2024-06-12T19:49:25.861+0000] {taskmixin.py:205} WARNING - Dependency <Task(_PythonDecoratedOperator): prepare_email>, send_email already registered for DAG: example_dag_decorator
[2024-06-12T19:49:25.906+0000] {logging_mixin.py:137} INFO - [2024-06-12T19:49:25.905+0000] {taskmixin.py:205} WARNING - Dependency <Task(EmailOperator): send_email>, prepare_email already registered for DAG: example_dag_decorator
[2024-06-12T19:49:26.199+0000] {processor.py:753} INFO - DAG(s) dict_keys(['example_dag_decorator']) retrieved from /home/airflow/.local/lib/python3.7/site-packages/airflow/example_dags/example_dag_decorator.py
[2024-06-12T19:49:27.069+0000] {logging_mixin.py:137} INFO - [2024-06-12T19:49:27.068+0000] {dag.py:2690} INFO - Sync 1 DAGs
[2024-06-12T19:49:27.339+0000] {logging_mixin.py:137} INFO - [2024-06-12T19:49:27.339+0000] {dag.py:3441} INFO - Setting next_dagrun for example_dag_decorator to None, run_after=None
[2024-06-12T19:49:27.647+0000] {processor.py:175} INFO - Processing /home/airflow/.local/lib/python3.7/site-packages/airflow/example_dags/example_dag_decorator.py took 2.210 seconds
[2024-06-12T19:49:58.021+0000] {processor.py:153} INFO - Started process (PID=620) to work on /home/airflow/.local/lib/python3.7/site-packages/airflow/example_dags/example_dag_decorator.py
[2024-06-12T19:49:58.026+0000] {processor.py:743} INFO - Processing file /home/airflow/.local/lib/python3.7/site-packages/airflow/example_dags/example_dag_decorator.py for tasks to queue
[2024-06-12T19:49:58.040+0000] {logging_mixin.py:137} INFO - [2024-06-12T19:49:58.039+0000] {dagbag.py:538} INFO - Filling up the DagBag from /home/airflow/.local/lib/python3.7/site-packages/airflow/example_dags/example_dag_decorator.py
[2024-06-12T19:49:58.212+0000] {logging_mixin.py:137} INFO - [2024-06-12T19:49:58.208+0000] {taskmixin.py:205} WARNING - Dependency <Task(_PythonDecoratedOperator): prepare_email>, send_email already registered for DAG: example_dag_decorator
[2024-06-12T19:49:58.214+0000] {logging_mixin.py:137} INFO - [2024-06-12T19:49:58.214+0000] {taskmixin.py:205} WARNING - Dependency <Task(EmailOperator): send_email>, prepare_email already registered for DAG: example_dag_decorator
[2024-06-12T19:49:58.307+0000] {processor.py:753} INFO - DAG(s) dict_keys(['example_dag_decorator']) retrieved from /home/airflow/.local/lib/python3.7/site-packages/airflow/example_dags/example_dag_decorator.py
[2024-06-12T19:49:58.891+0000] {logging_mixin.py:137} INFO - [2024-06-12T19:49:58.890+0000] {dag.py:2690} INFO - Sync 1 DAGs
[2024-06-12T19:49:59.145+0000] {logging_mixin.py:137} INFO - [2024-06-12T19:49:59.144+0000] {dag.py:3441} INFO - Setting next_dagrun for example_dag_decorator to None, run_after=None
[2024-06-12T19:49:59.470+0000] {processor.py:175} INFO - Processing /home/airflow/.local/lib/python3.7/site-packages/airflow/example_dags/example_dag_decorator.py took 1.492 seconds
[2024-06-12T19:51:02.391+0000] {processor.py:153} INFO - Started process (PID=690) to work on /home/airflow/.local/lib/python3.7/site-packages/airflow/example_dags/example_dag_decorator.py
[2024-06-12T19:51:02.520+0000] {processor.py:743} INFO - Processing file /home/airflow/.local/lib/python3.7/site-packages/airflow/example_dags/example_dag_decorator.py for tasks to queue
[2024-06-12T19:51:02.522+0000] {logging_mixin.py:137} INFO - [2024-06-12T19:51:02.522+0000] {dagbag.py:538} INFO - Filling up the DagBag from /home/airflow/.local/lib/python3.7/site-packages/airflow/example_dags/example_dag_decorator.py
[2024-06-12T19:51:03.104+0000] {logging_mixin.py:137} INFO - [2024-06-12T19:51:03.103+0000] {taskmixin.py:205} WARNING - Dependency <Task(_PythonDecoratedOperator): prepare_email>, send_email already registered for DAG: example_dag_decorator
[2024-06-12T19:51:03.133+0000] {logging_mixin.py:137} INFO - [2024-06-12T19:51:03.133+0000] {taskmixin.py:205} WARNING - Dependency <Task(EmailOperator): send_email>, prepare_email already registered for DAG: example_dag_decorator
[2024-06-12T19:51:03.437+0000] {processor.py:753} INFO - DAG(s) dict_keys(['example_dag_decorator']) retrieved from /home/airflow/.local/lib/python3.7/site-packages/airflow/example_dags/example_dag_decorator.py
[2024-06-12T19:51:05.080+0000] {logging_mixin.py:137} INFO - [2024-06-12T19:51:05.080+0000] {dag.py:2690} INFO - Sync 1 DAGs
[2024-06-12T19:51:05.950+0000] {logging_mixin.py:137} INFO - [2024-06-12T19:51:05.949+0000] {dag.py:3441} INFO - Setting next_dagrun for example_dag_decorator to None, run_after=None
[2024-06-12T19:51:06.863+0000] {processor.py:175} INFO - Processing /home/airflow/.local/lib/python3.7/site-packages/airflow/example_dags/example_dag_decorator.py took 4.488 seconds
[2024-06-12T19:52:04.836+0000] {processor.py:153} INFO - Started process (PID=773) to work on /home/airflow/.local/lib/python3.7/site-packages/airflow/example_dags/example_dag_decorator.py
[2024-06-12T19:52:04.849+0000] {processor.py:743} INFO - Processing file /home/airflow/.local/lib/python3.7/site-packages/airflow/example_dags/example_dag_decorator.py for tasks to queue
[2024-06-12T19:52:04.868+0000] {logging_mixin.py:137} INFO - [2024-06-12T19:52:04.868+0000] {dagbag.py:538} INFO - Filling up the DagBag from /home/airflow/.local/lib/python3.7/site-packages/airflow/example_dags/example_dag_decorator.py
[2024-06-12T19:52:05.116+0000] {logging_mixin.py:137} INFO - [2024-06-12T19:52:05.116+0000] {taskmixin.py:205} WARNING - Dependency <Task(_PythonDecoratedOperator): prepare_email>, send_email already registered for DAG: example_dag_decorator
[2024-06-12T19:52:05.117+0000] {logging_mixin.py:137} INFO - [2024-06-12T19:52:05.117+0000] {taskmixin.py:205} WARNING - Dependency <Task(EmailOperator): send_email>, prepare_email already registered for DAG: example_dag_decorator
[2024-06-12T19:52:05.250+0000] {processor.py:753} INFO - DAG(s) dict_keys(['example_dag_decorator']) retrieved from /home/airflow/.local/lib/python3.7/site-packages/airflow/example_dags/example_dag_decorator.py
[2024-06-12T19:52:06.422+0000] {logging_mixin.py:137} INFO - [2024-06-12T19:52:06.422+0000] {dag.py:2690} INFO - Sync 1 DAGs
[2024-06-12T19:52:06.773+0000] {logging_mixin.py:137} INFO - [2024-06-12T19:52:06.773+0000] {dag.py:3441} INFO - Setting next_dagrun for example_dag_decorator to None, run_after=None
[2024-06-12T19:52:07.231+0000] {processor.py:175} INFO - Processing /home/airflow/.local/lib/python3.7/site-packages/airflow/example_dags/example_dag_decorator.py took 2.416 seconds
[2024-06-12T19:52:53.499+0000] {processor.py:153} INFO - Started process (PID=835) to work on /home/airflow/.local/lib/python3.7/site-packages/airflow/example_dags/example_dag_decorator.py
[2024-06-12T19:52:53.501+0000] {processor.py:743} INFO - Processing file /home/airflow/.local/lib/python3.7/site-packages/airflow/example_dags/example_dag_decorator.py for tasks to queue
[2024-06-12T19:52:53.516+0000] {logging_mixin.py:137} INFO - [2024-06-12T19:52:53.515+0000] {dagbag.py:538} INFO - Filling up the DagBag from /home/airflow/.local/lib/python3.7/site-packages/airflow/example_dags/example_dag_decorator.py
[2024-06-12T19:52:53.693+0000] {logging_mixin.py:137} INFO - [2024-06-12T19:52:53.692+0000] {taskmixin.py:205} WARNING - Dependency <Task(_PythonDecoratedOperator): prepare_email>, send_email already registered for DAG: example_dag_decorator
[2024-06-12T19:52:53.697+0000] {logging_mixin.py:137} INFO - [2024-06-12T19:52:53.696+0000] {taskmixin.py:205} WARNING - Dependency <Task(EmailOperator): send_email>, prepare_email already registered for DAG: example_dag_decorator
[2024-06-12T19:52:53.803+0000] {processor.py:753} INFO - DAG(s) dict_keys(['example_dag_decorator']) retrieved from /home/airflow/.local/lib/python3.7/site-packages/airflow/example_dags/example_dag_decorator.py
[2024-06-12T19:52:54.490+0000] {logging_mixin.py:137} INFO - [2024-06-12T19:52:54.489+0000] {dag.py:2690} INFO - Sync 1 DAGs
[2024-06-12T19:52:54.961+0000] {logging_mixin.py:137} INFO - [2024-06-12T19:52:54.960+0000] {dag.py:3441} INFO - Setting next_dagrun for example_dag_decorator to None, run_after=None
[2024-06-12T19:52:55.358+0000] {processor.py:175} INFO - Processing /home/airflow/.local/lib/python3.7/site-packages/airflow/example_dags/example_dag_decorator.py took 1.926 seconds
[2024-06-12T19:53:35.763+0000] {processor.py:153} INFO - Started process (PID=898) to work on /home/airflow/.local/lib/python3.7/site-packages/airflow/example_dags/example_dag_decorator.py
[2024-06-12T19:53:35.780+0000] {processor.py:743} INFO - Processing file /home/airflow/.local/lib/python3.7/site-packages/airflow/example_dags/example_dag_decorator.py for tasks to queue
[2024-06-12T19:53:35.784+0000] {logging_mixin.py:137} INFO - [2024-06-12T19:53:35.784+0000] {dagbag.py:538} INFO - Filling up the DagBag from /home/airflow/.local/lib/python3.7/site-packages/airflow/example_dags/example_dag_decorator.py
[2024-06-12T19:53:35.851+0000] {logging_mixin.py:137} INFO - [2024-06-12T19:53:35.851+0000] {taskmixin.py:205} WARNING - Dependency <Task(_PythonDecoratedOperator): prepare_email>, send_email already registered for DAG: example_dag_decorator
[2024-06-12T19:53:35.854+0000] {logging_mixin.py:137} INFO - [2024-06-12T19:53:35.854+0000] {taskmixin.py:205} WARNING - Dependency <Task(EmailOperator): send_email>, prepare_email already registered for DAG: example_dag_decorator
[2024-06-12T19:53:35.952+0000] {processor.py:753} INFO - DAG(s) dict_keys(['example_dag_decorator']) retrieved from /home/airflow/.local/lib/python3.7/site-packages/airflow/example_dags/example_dag_decorator.py
[2024-06-12T19:53:36.530+0000] {logging_mixin.py:137} INFO - [2024-06-12T19:53:36.530+0000] {dag.py:2690} INFO - Sync 1 DAGs
[2024-06-12T19:53:36.672+0000] {logging_mixin.py:137} INFO - [2024-06-12T19:53:36.671+0000] {dag.py:3441} INFO - Setting next_dagrun for example_dag_decorator to None, run_after=None
[2024-06-12T19:53:36.780+0000] {processor.py:175} INFO - Processing /home/airflow/.local/lib/python3.7/site-packages/airflow/example_dags/example_dag_decorator.py took 1.029 seconds
[2024-06-12T19:54:09.943+0000] {processor.py:153} INFO - Started process (PID=962) to work on /home/airflow/.local/lib/python3.7/site-packages/airflow/example_dags/example_dag_decorator.py
[2024-06-12T19:54:09.973+0000] {processor.py:743} INFO - Processing file /home/airflow/.local/lib/python3.7/site-packages/airflow/example_dags/example_dag_decorator.py for tasks to queue
[2024-06-12T19:54:10.010+0000] {logging_mixin.py:137} INFO - [2024-06-12T19:54:10.009+0000] {dagbag.py:538} INFO - Filling up the DagBag from /home/airflow/.local/lib/python3.7/site-packages/airflow/example_dags/example_dag_decorator.py
[2024-06-12T19:54:10.270+0000] {logging_mixin.py:137} INFO - [2024-06-12T19:54:10.270+0000] {taskmixin.py:205} WARNING - Dependency <Task(_PythonDecoratedOperator): prepare_email>, send_email already registered for DAG: example_dag_decorator
[2024-06-12T19:54:10.289+0000] {logging_mixin.py:137} INFO - [2024-06-12T19:54:10.288+0000] {taskmixin.py:205} WARNING - Dependency <Task(EmailOperator): send_email>, prepare_email already registered for DAG: example_dag_decorator
[2024-06-12T19:54:10.677+0000] {processor.py:753} INFO - DAG(s) dict_keys(['example_dag_decorator']) retrieved from /home/airflow/.local/lib/python3.7/site-packages/airflow/example_dags/example_dag_decorator.py
[2024-06-12T19:54:11.938+0000] {logging_mixin.py:137} INFO - [2024-06-12T19:54:11.937+0000] {dag.py:2690} INFO - Sync 1 DAGs
[2024-06-12T19:54:12.252+0000] {logging_mixin.py:137} INFO - [2024-06-12T19:54:12.251+0000] {dag.py:3441} INFO - Setting next_dagrun for example_dag_decorator to None, run_after=None
[2024-06-12T19:54:12.544+0000] {processor.py:175} INFO - Processing /home/airflow/.local/lib/python3.7/site-packages/airflow/example_dags/example_dag_decorator.py took 2.634 seconds
[2024-06-12T19:55:02.223+0000] {processor.py:153} INFO - Started process (PID=1021) to work on /home/airflow/.local/lib/python3.7/site-packages/airflow/example_dags/example_dag_decorator.py
[2024-06-12T19:55:02.255+0000] {processor.py:743} INFO - Processing file /home/airflow/.local/lib/python3.7/site-packages/airflow/example_dags/example_dag_decorator.py for tasks to queue
[2024-06-12T19:55:02.261+0000] {logging_mixin.py:137} INFO - [2024-06-12T19:55:02.259+0000] {dagbag.py:538} INFO - Filling up the DagBag from /home/airflow/.local/lib/python3.7/site-packages/airflow/example_dags/example_dag_decorator.py
[2024-06-12T19:55:02.516+0000] {logging_mixin.py:137} INFO - [2024-06-12T19:55:02.516+0000] {taskmixin.py:205} WARNING - Dependency <Task(_PythonDecoratedOperator): prepare_email>, send_email already registered for DAG: example_dag_decorator
[2024-06-12T19:55:02.529+0000] {logging_mixin.py:137} INFO - [2024-06-12T19:55:02.528+0000] {taskmixin.py:205} WARNING - Dependency <Task(EmailOperator): send_email>, prepare_email already registered for DAG: example_dag_decorator
[2024-06-12T19:55:02.710+0000] {processor.py:753} INFO - DAG(s) dict_keys(['example_dag_decorator']) retrieved from /home/airflow/.local/lib/python3.7/site-packages/airflow/example_dags/example_dag_decorator.py
[2024-06-12T19:55:04.033+0000] {logging_mixin.py:137} INFO - [2024-06-12T19:55:04.032+0000] {dag.py:2690} INFO - Sync 1 DAGs
[2024-06-12T19:55:04.412+0000] {logging_mixin.py:137} INFO - [2024-06-12T19:55:04.412+0000] {dag.py:3441} INFO - Setting next_dagrun for example_dag_decorator to None, run_after=None
[2024-06-12T19:55:04.860+0000] {processor.py:175} INFO - Processing /home/airflow/.local/lib/python3.7/site-packages/airflow/example_dags/example_dag_decorator.py took 2.702 seconds
[2024-06-12T19:55:56.404+0000] {processor.py:153} INFO - Started process (PID=1095) to work on /home/airflow/.local/lib/python3.7/site-packages/airflow/example_dags/example_dag_decorator.py
[2024-06-12T19:55:56.412+0000] {processor.py:743} INFO - Processing file /home/airflow/.local/lib/python3.7/site-packages/airflow/example_dags/example_dag_decorator.py for tasks to queue
[2024-06-12T19:55:56.417+0000] {logging_mixin.py:137} INFO - [2024-06-12T19:55:56.417+0000] {dagbag.py:538} INFO - Filling up the DagBag from /home/airflow/.local/lib/python3.7/site-packages/airflow/example_dags/example_dag_decorator.py
[2024-06-12T19:55:56.510+0000] {logging_mixin.py:137} INFO - [2024-06-12T19:55:56.510+0000] {taskmixin.py:205} WARNING - Dependency <Task(_PythonDecoratedOperator): prepare_email>, send_email already registered for DAG: example_dag_decorator
[2024-06-12T19:55:56.531+0000] {logging_mixin.py:137} INFO - [2024-06-12T19:55:56.524+0000] {taskmixin.py:205} WARNING - Dependency <Task(EmailOperator): send_email>, prepare_email already registered for DAG: example_dag_decorator
[2024-06-12T19:55:56.599+0000] {processor.py:753} INFO - DAG(s) dict_keys(['example_dag_decorator']) retrieved from /home/airflow/.local/lib/python3.7/site-packages/airflow/example_dags/example_dag_decorator.py
[2024-06-12T19:55:57.667+0000] {logging_mixin.py:137} INFO - [2024-06-12T19:55:57.667+0000] {dag.py:2690} INFO - Sync 1 DAGs
[2024-06-12T19:55:57.995+0000] {logging_mixin.py:137} INFO - [2024-06-12T19:55:57.975+0000] {dag.py:3441} INFO - Setting next_dagrun for example_dag_decorator to None, run_after=None
[2024-06-12T19:55:58.185+0000] {processor.py:175} INFO - Processing /home/airflow/.local/lib/python3.7/site-packages/airflow/example_dags/example_dag_decorator.py took 1.824 seconds
[2024-06-12T19:56:28.661+0000] {processor.py:153} INFO - Started process (PID=1160) to work on /home/airflow/.local/lib/python3.7/site-packages/airflow/example_dags/example_dag_decorator.py
[2024-06-12T19:56:28.665+0000] {processor.py:743} INFO - Processing file /home/airflow/.local/lib/python3.7/site-packages/airflow/example_dags/example_dag_decorator.py for tasks to queue
[2024-06-12T19:56:28.667+0000] {logging_mixin.py:137} INFO - [2024-06-12T19:56:28.666+0000] {dagbag.py:538} INFO - Filling up the DagBag from /home/airflow/.local/lib/python3.7/site-packages/airflow/example_dags/example_dag_decorator.py
[2024-06-12T19:56:28.778+0000] {logging_mixin.py:137} INFO - [2024-06-12T19:56:28.778+0000] {taskmixin.py:205} WARNING - Dependency <Task(_PythonDecoratedOperator): prepare_email>, send_email already registered for DAG: example_dag_decorator
[2024-06-12T19:56:28.801+0000] {logging_mixin.py:137} INFO - [2024-06-12T19:56:28.800+0000] {taskmixin.py:205} WARNING - Dependency <Task(EmailOperator): send_email>, prepare_email already registered for DAG: example_dag_decorator
[2024-06-12T19:56:28.883+0000] {processor.py:753} INFO - DAG(s) dict_keys(['example_dag_decorator']) retrieved from /home/airflow/.local/lib/python3.7/site-packages/airflow/example_dags/example_dag_decorator.py
[2024-06-12T19:56:30.041+0000] {logging_mixin.py:137} INFO - [2024-06-12T19:56:30.040+0000] {dag.py:2690} INFO - Sync 1 DAGs
[2024-06-12T19:56:30.373+0000] {logging_mixin.py:137} INFO - [2024-06-12T19:56:30.372+0000] {dag.py:3441} INFO - Setting next_dagrun for example_dag_decorator to None, run_after=None
[2024-06-12T19:56:30.598+0000] {processor.py:175} INFO - Processing /home/airflow/.local/lib/python3.7/site-packages/airflow/example_dags/example_dag_decorator.py took 2.009 seconds
[2024-06-12T19:57:40.280+0000] {processor.py:153} INFO - Started process (PID=1236) to work on /home/airflow/.local/lib/python3.7/site-packages/airflow/example_dags/example_dag_decorator.py
[2024-06-12T19:57:40.326+0000] {processor.py:743} INFO - Processing file /home/airflow/.local/lib/python3.7/site-packages/airflow/example_dags/example_dag_decorator.py for tasks to queue
[2024-06-12T19:57:40.377+0000] {logging_mixin.py:137} INFO - [2024-06-12T19:57:40.342+0000] {dagbag.py:538} INFO - Filling up the DagBag from /home/airflow/.local/lib/python3.7/site-packages/airflow/example_dags/example_dag_decorator.py
[2024-06-12T19:57:40.890+0000] {logging_mixin.py:137} INFO - [2024-06-12T19:57:40.889+0000] {taskmixin.py:205} WARNING - Dependency <Task(_PythonDecoratedOperator): prepare_email>, send_email already registered for DAG: example_dag_decorator
[2024-06-12T19:57:41.031+0000] {logging_mixin.py:137} INFO - [2024-06-12T19:57:41.030+0000] {taskmixin.py:205} WARNING - Dependency <Task(EmailOperator): send_email>, prepare_email already registered for DAG: example_dag_decorator
[2024-06-12T19:57:41.516+0000] {processor.py:753} INFO - DAG(s) dict_keys(['example_dag_decorator']) retrieved from /home/airflow/.local/lib/python3.7/site-packages/airflow/example_dags/example_dag_decorator.py
[2024-06-12T19:57:43.722+0000] {logging_mixin.py:137} INFO - [2024-06-12T19:57:43.722+0000] {dag.py:2690} INFO - Sync 1 DAGs
[2024-06-12T19:57:44.622+0000] {logging_mixin.py:137} INFO - [2024-06-12T19:57:44.622+0000] {dag.py:3441} INFO - Setting next_dagrun for example_dag_decorator to None, run_after=None
[2024-06-12T19:57:45.303+0000] {processor.py:175} INFO - Processing /home/airflow/.local/lib/python3.7/site-packages/airflow/example_dags/example_dag_decorator.py took 5.057 seconds
[2024-06-12T19:59:22.248+0000] {processor.py:153} INFO - Started process (PID=1319) to work on /home/airflow/.local/lib/python3.7/site-packages/airflow/example_dags/example_dag_decorator.py
[2024-06-12T19:59:22.280+0000] {processor.py:743} INFO - Processing file /home/airflow/.local/lib/python3.7/site-packages/airflow/example_dags/example_dag_decorator.py for tasks to queue
[2024-06-12T19:59:22.297+0000] {logging_mixin.py:137} INFO - [2024-06-12T19:59:22.296+0000] {dagbag.py:538} INFO - Filling up the DagBag from /home/airflow/.local/lib/python3.7/site-packages/airflow/example_dags/example_dag_decorator.py
[2024-06-12T19:59:22.494+0000] {logging_mixin.py:137} INFO - [2024-06-12T19:59:22.493+0000] {taskmixin.py:205} WARNING - Dependency <Task(_PythonDecoratedOperator): prepare_email>, send_email already registered for DAG: example_dag_decorator
[2024-06-12T19:59:22.615+0000] {logging_mixin.py:137} INFO - [2024-06-12T19:59:22.614+0000] {taskmixin.py:205} WARNING - Dependency <Task(EmailOperator): send_email>, prepare_email already registered for DAG: example_dag_decorator
[2024-06-12T19:59:23.878+0000] {processor.py:753} INFO - DAG(s) dict_keys(['example_dag_decorator']) retrieved from /home/airflow/.local/lib/python3.7/site-packages/airflow/example_dags/example_dag_decorator.py
[2024-06-12T19:59:27.643+0000] {logging_mixin.py:137} INFO - [2024-06-12T19:59:27.643+0000] {dag.py:2690} INFO - Sync 1 DAGs
[2024-06-12T19:59:28.536+0000] {logging_mixin.py:137} INFO - [2024-06-12T19:59:28.535+0000] {dag.py:3441} INFO - Setting next_dagrun for example_dag_decorator to None, run_after=None
[2024-06-12T19:59:29.668+0000] {processor.py:175} INFO - Processing /home/airflow/.local/lib/python3.7/site-packages/airflow/example_dags/example_dag_decorator.py took 7.456 seconds
[2024-06-12T20:01:43.133+0000] {processor.py:153} INFO - Started process (PID=1427) to work on /home/airflow/.local/lib/python3.7/site-packages/airflow/example_dags/example_dag_decorator.py
[2024-06-12T20:01:43.627+0000] {processor.py:743} INFO - Processing file /home/airflow/.local/lib/python3.7/site-packages/airflow/example_dags/example_dag_decorator.py for tasks to queue
[2024-06-12T20:01:43.676+0000] {logging_mixin.py:137} INFO - [2024-06-12T20:01:43.676+0000] {dagbag.py:538} INFO - Filling up the DagBag from /home/airflow/.local/lib/python3.7/site-packages/airflow/example_dags/example_dag_decorator.py
[2024-06-12T20:01:44.738+0000] {logging_mixin.py:137} INFO - [2024-06-12T20:01:44.737+0000] {taskmixin.py:205} WARNING - Dependency <Task(_PythonDecoratedOperator): prepare_email>, send_email already registered for DAG: example_dag_decorator
[2024-06-12T20:01:44.768+0000] {logging_mixin.py:137} INFO - [2024-06-12T20:01:44.767+0000] {taskmixin.py:205} WARNING - Dependency <Task(EmailOperator): send_email>, prepare_email already registered for DAG: example_dag_decorator
[2024-06-12T20:01:45.924+0000] {processor.py:753} INFO - DAG(s) dict_keys(['example_dag_decorator']) retrieved from /home/airflow/.local/lib/python3.7/site-packages/airflow/example_dags/example_dag_decorator.py
[2024-06-12T20:01:49.900+0000] {logging_mixin.py:137} INFO - [2024-06-12T20:01:49.899+0000] {dag.py:2690} INFO - Sync 1 DAGs
[2024-06-12T20:01:52.187+0000] {logging_mixin.py:137} INFO - [2024-06-12T20:01:52.186+0000] {dag.py:3441} INFO - Setting next_dagrun for example_dag_decorator to None, run_after=None
[2024-06-12T20:01:53.725+0000] {processor.py:175} INFO - Processing /home/airflow/.local/lib/python3.7/site-packages/airflow/example_dags/example_dag_decorator.py took 10.768 seconds
[2024-06-12T20:04:26.622+0000] {processor.py:153} INFO - Started process (PID=1543) to work on /home/airflow/.local/lib/python3.7/site-packages/airflow/example_dags/example_dag_decorator.py
[2024-06-12T20:04:26.705+0000] {processor.py:743} INFO - Processing file /home/airflow/.local/lib/python3.7/site-packages/airflow/example_dags/example_dag_decorator.py for tasks to queue
[2024-06-12T20:04:26.879+0000] {logging_mixin.py:137} INFO - [2024-06-12T20:04:26.878+0000] {dagbag.py:538} INFO - Filling up the DagBag from /home/airflow/.local/lib/python3.7/site-packages/airflow/example_dags/example_dag_decorator.py
[2024-06-12T20:04:28.027+0000] {logging_mixin.py:137} INFO - [2024-06-12T20:04:28.026+0000] {taskmixin.py:205} WARNING - Dependency <Task(_PythonDecoratedOperator): prepare_email>, send_email already registered for DAG: example_dag_decorator
[2024-06-12T20:04:28.135+0000] {logging_mixin.py:137} INFO - [2024-06-12T20:04:28.135+0000] {taskmixin.py:205} WARNING - Dependency <Task(EmailOperator): send_email>, prepare_email already registered for DAG: example_dag_decorator
[2024-06-12T20:04:28.630+0000] {processor.py:753} INFO - DAG(s) dict_keys(['example_dag_decorator']) retrieved from /home/airflow/.local/lib/python3.7/site-packages/airflow/example_dags/example_dag_decorator.py
[2024-06-12T20:04:34.236+0000] {logging_mixin.py:137} INFO - [2024-06-12T20:04:34.236+0000] {dag.py:2690} INFO - Sync 1 DAGs
[2024-06-12T20:04:36.388+0000] {logging_mixin.py:137} INFO - [2024-06-12T20:04:36.388+0000] {dag.py:3441} INFO - Setting next_dagrun for example_dag_decorator to None, run_after=None
[2024-06-12T20:04:37.864+0000] {processor.py:175} INFO - Processing /home/airflow/.local/lib/python3.7/site-packages/airflow/example_dags/example_dag_decorator.py took 11.371 seconds
[2024-06-12T20:07:13.731+0000] {processor.py:153} INFO - Started process (PID=1665) to work on /home/airflow/.local/lib/python3.7/site-packages/airflow/example_dags/example_dag_decorator.py
[2024-06-12T20:07:13.966+0000] {processor.py:743} INFO - Processing file /home/airflow/.local/lib/python3.7/site-packages/airflow/example_dags/example_dag_decorator.py for tasks to queue
[2024-06-12T20:07:14.015+0000] {logging_mixin.py:137} INFO - [2024-06-12T20:07:14.014+0000] {dagbag.py:538} INFO - Filling up the DagBag from /home/airflow/.local/lib/python3.7/site-packages/airflow/example_dags/example_dag_decorator.py
[2024-06-12T20:07:16.164+0000] {logging_mixin.py:137} INFO - [2024-06-12T20:07:16.164+0000] {taskmixin.py:205} WARNING - Dependency <Task(_PythonDecoratedOperator): prepare_email>, send_email already registered for DAG: example_dag_decorator
[2024-06-12T20:07:16.179+0000] {logging_mixin.py:137} INFO - [2024-06-12T20:07:16.179+0000] {taskmixin.py:205} WARNING - Dependency <Task(EmailOperator): send_email>, prepare_email already registered for DAG: example_dag_decorator
[2024-06-12T20:07:16.859+0000] {processor.py:753} INFO - DAG(s) dict_keys(['example_dag_decorator']) retrieved from /home/airflow/.local/lib/python3.7/site-packages/airflow/example_dags/example_dag_decorator.py
[2024-06-12T20:07:22.176+0000] {logging_mixin.py:137} INFO - [2024-06-12T20:07:22.175+0000] {dag.py:2690} INFO - Sync 1 DAGs
[2024-06-12T20:07:23.922+0000] {logging_mixin.py:137} INFO - [2024-06-12T20:07:23.922+0000] {dag.py:3441} INFO - Setting next_dagrun for example_dag_decorator to None, run_after=None
[2024-06-12T20:07:25.610+0000] {processor.py:175} INFO - Processing /home/airflow/.local/lib/python3.7/site-packages/airflow/example_dags/example_dag_decorator.py took 11.914 seconds
[2024-06-12T20:10:30.449+0000] {processor.py:153} INFO - Started process (PID=1811) to work on /home/airflow/.local/lib/python3.7/site-packages/airflow/example_dags/example_dag_decorator.py
[2024-06-12T20:10:30.477+0000] {processor.py:743} INFO - Processing file /home/airflow/.local/lib/python3.7/site-packages/airflow/example_dags/example_dag_decorator.py for tasks to queue
[2024-06-12T20:10:30.483+0000] {logging_mixin.py:137} INFO - [2024-06-12T20:10:30.482+0000] {dagbag.py:538} INFO - Filling up the DagBag from /home/airflow/.local/lib/python3.7/site-packages/airflow/example_dags/example_dag_decorator.py
[2024-06-12T20:10:31.499+0000] {logging_mixin.py:137} INFO - [2024-06-12T20:10:31.498+0000] {taskmixin.py:205} WARNING - Dependency <Task(_PythonDecoratedOperator): prepare_email>, send_email already registered for DAG: example_dag_decorator
[2024-06-12T20:10:31.514+0000] {logging_mixin.py:137} INFO - [2024-06-12T20:10:31.507+0000] {taskmixin.py:205} WARNING - Dependency <Task(EmailOperator): send_email>, prepare_email already registered for DAG: example_dag_decorator
[2024-06-12T20:10:32.235+0000] {processor.py:753} INFO - DAG(s) dict_keys(['example_dag_decorator']) retrieved from /home/airflow/.local/lib/python3.7/site-packages/airflow/example_dags/example_dag_decorator.py
[2024-06-12T20:10:36.838+0000] {logging_mixin.py:137} INFO - [2024-06-12T20:10:36.837+0000] {dag.py:2690} INFO - Sync 1 DAGs
[2024-06-12T20:10:38.802+0000] {logging_mixin.py:137} INFO - [2024-06-12T20:10:38.801+0000] {dag.py:3441} INFO - Setting next_dagrun for example_dag_decorator to None, run_after=None
[2024-06-12T20:10:40.868+0000] {processor.py:175} INFO - Processing /home/airflow/.local/lib/python3.7/site-packages/airflow/example_dags/example_dag_decorator.py took 10.771 seconds
[2024-06-12T20:13:11.268+0000] {processor.py:153} INFO - Started process (PID=1942) to work on /home/airflow/.local/lib/python3.7/site-packages/airflow/example_dags/example_dag_decorator.py
[2024-06-12T20:13:11.315+0000] {processor.py:743} INFO - Processing file /home/airflow/.local/lib/python3.7/site-packages/airflow/example_dags/example_dag_decorator.py for tasks to queue
[2024-06-12T20:13:11.318+0000] {logging_mixin.py:137} INFO - [2024-06-12T20:13:11.317+0000] {dagbag.py:538} INFO - Filling up the DagBag from /home/airflow/.local/lib/python3.7/site-packages/airflow/example_dags/example_dag_decorator.py
[2024-06-12T20:13:11.940+0000] {logging_mixin.py:137} INFO - [2024-06-12T20:13:11.940+0000] {taskmixin.py:205} WARNING - Dependency <Task(_PythonDecoratedOperator): prepare_email>, send_email already registered for DAG: example_dag_decorator
[2024-06-12T20:13:11.992+0000] {logging_mixin.py:137} INFO - [2024-06-12T20:13:11.989+0000] {taskmixin.py:205} WARNING - Dependency <Task(EmailOperator): send_email>, prepare_email already registered for DAG: example_dag_decorator
[2024-06-12T20:13:12.749+0000] {processor.py:753} INFO - DAG(s) dict_keys(['example_dag_decorator']) retrieved from /home/airflow/.local/lib/python3.7/site-packages/airflow/example_dags/example_dag_decorator.py
[2024-06-12T20:13:18.076+0000] {logging_mixin.py:137} INFO - [2024-06-12T20:13:18.075+0000] {dag.py:2690} INFO - Sync 1 DAGs
[2024-06-12T20:13:19.843+0000] {logging_mixin.py:137} INFO - [2024-06-12T20:13:19.843+0000] {dag.py:3441} INFO - Setting next_dagrun for example_dag_decorator to None, run_after=None
[2024-06-12T20:13:20.897+0000] {processor.py:175} INFO - Processing /home/airflow/.local/lib/python3.7/site-packages/airflow/example_dags/example_dag_decorator.py took 9.856 seconds
[2024-06-12T20:14:22.765+0000] {processor.py:153} INFO - Started process (PID=2019) to work on /home/airflow/.local/lib/python3.7/site-packages/airflow/example_dags/example_dag_decorator.py
[2024-06-12T20:14:22.781+0000] {processor.py:743} INFO - Processing file /home/airflow/.local/lib/python3.7/site-packages/airflow/example_dags/example_dag_decorator.py for tasks to queue
[2024-06-12T20:14:22.843+0000] {logging_mixin.py:137} INFO - [2024-06-12T20:14:22.842+0000] {dagbag.py:538} INFO - Filling up the DagBag from /home/airflow/.local/lib/python3.7/site-packages/airflow/example_dags/example_dag_decorator.py
[2024-06-12T20:14:23.804+0000] {logging_mixin.py:137} INFO - [2024-06-12T20:14:23.804+0000] {taskmixin.py:205} WARNING - Dependency <Task(_PythonDecoratedOperator): prepare_email>, send_email already registered for DAG: example_dag_decorator
[2024-06-12T20:14:23.837+0000] {logging_mixin.py:137} INFO - [2024-06-12T20:14:23.837+0000] {taskmixin.py:205} WARNING - Dependency <Task(EmailOperator): send_email>, prepare_email already registered for DAG: example_dag_decorator
[2024-06-12T20:14:24.363+0000] {processor.py:753} INFO - DAG(s) dict_keys(['example_dag_decorator']) retrieved from /home/airflow/.local/lib/python3.7/site-packages/airflow/example_dags/example_dag_decorator.py
[2024-06-12T20:14:26.425+0000] {logging_mixin.py:137} INFO - [2024-06-12T20:14:26.425+0000] {dag.py:2690} INFO - Sync 1 DAGs
[2024-06-12T20:14:27.153+0000] {logging_mixin.py:137} INFO - [2024-06-12T20:14:27.153+0000] {dag.py:3441} INFO - Setting next_dagrun for example_dag_decorator to None, run_after=None
[2024-06-12T20:14:27.916+0000] {processor.py:175} INFO - Processing /home/airflow/.local/lib/python3.7/site-packages/airflow/example_dags/example_dag_decorator.py took 5.341 seconds
[2024-06-12T20:15:52.091+0000] {processor.py:153} INFO - Started process (PID=2116) to work on /home/airflow/.local/lib/python3.7/site-packages/airflow/example_dags/example_dag_decorator.py
[2024-06-12T20:15:52.114+0000] {processor.py:743} INFO - Processing file /home/airflow/.local/lib/python3.7/site-packages/airflow/example_dags/example_dag_decorator.py for tasks to queue
[2024-06-12T20:15:52.156+0000] {logging_mixin.py:137} INFO - [2024-06-12T20:15:52.151+0000] {dagbag.py:538} INFO - Filling up the DagBag from /home/airflow/.local/lib/python3.7/site-packages/airflow/example_dags/example_dag_decorator.py
[2024-06-12T20:15:52.973+0000] {logging_mixin.py:137} INFO - [2024-06-12T20:15:52.891+0000] {taskmixin.py:205} WARNING - Dependency <Task(_PythonDecoratedOperator): prepare_email>, send_email already registered for DAG: example_dag_decorator
[2024-06-12T20:15:53.006+0000] {logging_mixin.py:137} INFO - [2024-06-12T20:15:53.006+0000] {taskmixin.py:205} WARNING - Dependency <Task(EmailOperator): send_email>, prepare_email already registered for DAG: example_dag_decorator
[2024-06-12T20:15:53.342+0000] {processor.py:753} INFO - DAG(s) dict_keys(['example_dag_decorator']) retrieved from /home/airflow/.local/lib/python3.7/site-packages/airflow/example_dags/example_dag_decorator.py
[2024-06-12T20:15:56.205+0000] {logging_mixin.py:137} INFO - [2024-06-12T20:15:56.205+0000] {dag.py:2690} INFO - Sync 1 DAGs
[2024-06-12T20:15:56.535+0000] {logging_mixin.py:137} INFO - [2024-06-12T20:15:56.534+0000] {dag.py:3441} INFO - Setting next_dagrun for example_dag_decorator to None, run_after=None
[2024-06-12T20:15:57.072+0000] {processor.py:175} INFO - Processing /home/airflow/.local/lib/python3.7/site-packages/airflow/example_dags/example_dag_decorator.py took 5.084 seconds
[2024-06-12T20:16:47.014+0000] {processor.py:153} INFO - Started process (PID=2189) to work on /home/airflow/.local/lib/python3.7/site-packages/airflow/example_dags/example_dag_decorator.py
[2024-06-12T20:16:47.048+0000] {processor.py:743} INFO - Processing file /home/airflow/.local/lib/python3.7/site-packages/airflow/example_dags/example_dag_decorator.py for tasks to queue
[2024-06-12T20:16:47.126+0000] {logging_mixin.py:137} INFO - [2024-06-12T20:16:47.065+0000] {dagbag.py:538} INFO - Filling up the DagBag from /home/airflow/.local/lib/python3.7/site-packages/airflow/example_dags/example_dag_decorator.py
[2024-06-12T20:16:47.597+0000] {logging_mixin.py:137} INFO - [2024-06-12T20:16:47.595+0000] {taskmixin.py:205} WARNING - Dependency <Task(_PythonDecoratedOperator): prepare_email>, send_email already registered for DAG: example_dag_decorator
[2024-06-12T20:16:47.608+0000] {logging_mixin.py:137} INFO - [2024-06-12T20:16:47.608+0000] {taskmixin.py:205} WARNING - Dependency <Task(EmailOperator): send_email>, prepare_email already registered for DAG: example_dag_decorator
[2024-06-12T20:16:47.737+0000] {processor.py:753} INFO - DAG(s) dict_keys(['example_dag_decorator']) retrieved from /home/airflow/.local/lib/python3.7/site-packages/airflow/example_dags/example_dag_decorator.py
[2024-06-12T20:16:49.293+0000] {logging_mixin.py:137} INFO - [2024-06-12T20:16:49.292+0000] {dag.py:2690} INFO - Sync 1 DAGs
[2024-06-12T20:16:49.768+0000] {logging_mixin.py:137} INFO - [2024-06-12T20:16:49.717+0000] {dag.py:3441} INFO - Setting next_dagrun for example_dag_decorator to None, run_after=None
[2024-06-12T20:16:50.176+0000] {processor.py:175} INFO - Processing /home/airflow/.local/lib/python3.7/site-packages/airflow/example_dags/example_dag_decorator.py took 3.281 seconds
[2024-06-12T20:17:46.610+0000] {processor.py:153} INFO - Started process (PID=2249) to work on /home/airflow/.local/lib/python3.7/site-packages/airflow/example_dags/example_dag_decorator.py
[2024-06-12T20:17:46.708+0000] {processor.py:743} INFO - Processing file /home/airflow/.local/lib/python3.7/site-packages/airflow/example_dags/example_dag_decorator.py for tasks to queue
[2024-06-12T20:17:46.727+0000] {logging_mixin.py:137} INFO - [2024-06-12T20:17:46.727+0000] {dagbag.py:538} INFO - Filling up the DagBag from /home/airflow/.local/lib/python3.7/site-packages/airflow/example_dags/example_dag_decorator.py
[2024-06-12T20:17:47.379+0000] {logging_mixin.py:137} INFO - [2024-06-12T20:17:47.349+0000] {taskmixin.py:205} WARNING - Dependency <Task(_PythonDecoratedOperator): prepare_email>, send_email already registered for DAG: example_dag_decorator
[2024-06-12T20:17:47.397+0000] {logging_mixin.py:137} INFO - [2024-06-12T20:17:47.397+0000] {taskmixin.py:205} WARNING - Dependency <Task(EmailOperator): send_email>, prepare_email already registered for DAG: example_dag_decorator
[2024-06-12T20:17:47.859+0000] {processor.py:753} INFO - DAG(s) dict_keys(['example_dag_decorator']) retrieved from /home/airflow/.local/lib/python3.7/site-packages/airflow/example_dags/example_dag_decorator.py
[2024-06-12T20:17:49.773+0000] {logging_mixin.py:137} INFO - [2024-06-12T20:17:49.772+0000] {dag.py:2690} INFO - Sync 1 DAGs
[2024-06-12T20:17:50.683+0000] {logging_mixin.py:137} INFO - [2024-06-12T20:17:50.683+0000] {dag.py:3441} INFO - Setting next_dagrun for example_dag_decorator to None, run_after=None
[2024-06-12T20:17:51.294+0000] {processor.py:175} INFO - Processing /home/airflow/.local/lib/python3.7/site-packages/airflow/example_dags/example_dag_decorator.py took 4.691 seconds
[2024-06-12T20:19:41.192+0000] {processor.py:153} INFO - Started process (PID=2360) to work on /home/airflow/.local/lib/python3.7/site-packages/airflow/example_dags/example_dag_decorator.py
[2024-06-12T20:19:41.254+0000] {processor.py:743} INFO - Processing file /home/airflow/.local/lib/python3.7/site-packages/airflow/example_dags/example_dag_decorator.py for tasks to queue
[2024-06-12T20:19:41.394+0000] {logging_mixin.py:137} INFO - [2024-06-12T20:19:41.394+0000] {dagbag.py:538} INFO - Filling up the DagBag from /home/airflow/.local/lib/python3.7/site-packages/airflow/example_dags/example_dag_decorator.py
[2024-06-12T20:19:42.681+0000] {logging_mixin.py:137} INFO - [2024-06-12T20:19:42.680+0000] {taskmixin.py:205} WARNING - Dependency <Task(_PythonDecoratedOperator): prepare_email>, send_email already registered for DAG: example_dag_decorator
[2024-06-12T20:19:42.713+0000] {logging_mixin.py:137} INFO - [2024-06-12T20:19:42.710+0000] {taskmixin.py:205} WARNING - Dependency <Task(EmailOperator): send_email>, prepare_email already registered for DAG: example_dag_decorator
[2024-06-12T20:19:43.886+0000] {processor.py:753} INFO - DAG(s) dict_keys(['example_dag_decorator']) retrieved from /home/airflow/.local/lib/python3.7/site-packages/airflow/example_dags/example_dag_decorator.py
[2024-06-12T20:19:47.645+0000] {logging_mixin.py:137} INFO - [2024-06-12T20:19:47.645+0000] {dag.py:2690} INFO - Sync 1 DAGs
[2024-06-12T20:19:49.008+0000] {logging_mixin.py:137} INFO - [2024-06-12T20:19:49.008+0000] {dag.py:3441} INFO - Setting next_dagrun for example_dag_decorator to None, run_after=None
[2024-06-12T20:19:50.451+0000] {processor.py:175} INFO - Processing /home/airflow/.local/lib/python3.7/site-packages/airflow/example_dags/example_dag_decorator.py took 9.391 seconds
[2024-06-12T20:21:44.883+0000] {processor.py:153} INFO - Started process (PID=2481) to work on /home/airflow/.local/lib/python3.7/site-packages/airflow/example_dags/example_dag_decorator.py
[2024-06-12T20:21:44.943+0000] {processor.py:743} INFO - Processing file /home/airflow/.local/lib/python3.7/site-packages/airflow/example_dags/example_dag_decorator.py for tasks to queue
[2024-06-12T20:21:44.961+0000] {logging_mixin.py:137} INFO - [2024-06-12T20:21:44.960+0000] {dagbag.py:538} INFO - Filling up the DagBag from /home/airflow/.local/lib/python3.7/site-packages/airflow/example_dags/example_dag_decorator.py
[2024-06-12T20:21:45.977+0000] {logging_mixin.py:137} INFO - [2024-06-12T20:21:45.976+0000] {taskmixin.py:205} WARNING - Dependency <Task(_PythonDecoratedOperator): prepare_email>, send_email already registered for DAG: example_dag_decorator
[2024-06-12T20:21:46.073+0000] {logging_mixin.py:137} INFO - [2024-06-12T20:21:46.072+0000] {taskmixin.py:205} WARNING - Dependency <Task(EmailOperator): send_email>, prepare_email already registered for DAG: example_dag_decorator
[2024-06-12T20:21:46.811+0000] {processor.py:753} INFO - DAG(s) dict_keys(['example_dag_decorator']) retrieved from /home/airflow/.local/lib/python3.7/site-packages/airflow/example_dags/example_dag_decorator.py
[2024-06-12T20:21:50.002+0000] {logging_mixin.py:137} INFO - [2024-06-12T20:21:50.002+0000] {dag.py:2690} INFO - Sync 1 DAGs
[2024-06-12T20:21:51.301+0000] {logging_mixin.py:137} INFO - [2024-06-12T20:21:51.301+0000] {dag.py:3441} INFO - Setting next_dagrun for example_dag_decorator to None, run_after=None
[2024-06-12T20:21:52.261+0000] {processor.py:175} INFO - Processing /home/airflow/.local/lib/python3.7/site-packages/airflow/example_dags/example_dag_decorator.py took 7.412 seconds
[2024-06-12T20:23:58.302+0000] {processor.py:153} INFO - Started process (PID=2614) to work on /home/airflow/.local/lib/python3.7/site-packages/airflow/example_dags/example_dag_decorator.py
[2024-06-12T20:23:58.318+0000] {processor.py:743} INFO - Processing file /home/airflow/.local/lib/python3.7/site-packages/airflow/example_dags/example_dag_decorator.py for tasks to queue
[2024-06-12T20:23:58.335+0000] {logging_mixin.py:137} INFO - [2024-06-12T20:23:58.335+0000] {dagbag.py:538} INFO - Filling up the DagBag from /home/airflow/.local/lib/python3.7/site-packages/airflow/example_dags/example_dag_decorator.py
[2024-06-12T20:23:58.595+0000] {logging_mixin.py:137} INFO - [2024-06-12T20:23:58.592+0000] {taskmixin.py:205} WARNING - Dependency <Task(_PythonDecoratedOperator): prepare_email>, send_email already registered for DAG: example_dag_decorator
[2024-06-12T20:23:58.651+0000] {logging_mixin.py:137} INFO - [2024-06-12T20:23:58.651+0000] {taskmixin.py:205} WARNING - Dependency <Task(EmailOperator): send_email>, prepare_email already registered for DAG: example_dag_decorator
[2024-06-12T20:23:59.004+0000] {processor.py:753} INFO - DAG(s) dict_keys(['example_dag_decorator']) retrieved from /home/airflow/.local/lib/python3.7/site-packages/airflow/example_dags/example_dag_decorator.py
[2024-06-12T20:24:01.478+0000] {logging_mixin.py:137} INFO - [2024-06-12T20:24:01.477+0000] {dag.py:2690} INFO - Sync 1 DAGs
[2024-06-12T20:24:02.262+0000] {logging_mixin.py:137} INFO - [2024-06-12T20:24:02.261+0000] {dag.py:3441} INFO - Setting next_dagrun for example_dag_decorator to None, run_after=None
[2024-06-12T20:24:02.803+0000] {processor.py:175} INFO - Processing /home/airflow/.local/lib/python3.7/site-packages/airflow/example_dags/example_dag_decorator.py took 4.651 seconds
[2024-06-12T20:25:43.025+0000] {processor.py:153} INFO - Started process (PID=2720) to work on /home/airflow/.local/lib/python3.7/site-packages/airflow/example_dags/example_dag_decorator.py
[2024-06-12T20:25:43.074+0000] {processor.py:743} INFO - Processing file /home/airflow/.local/lib/python3.7/site-packages/airflow/example_dags/example_dag_decorator.py for tasks to queue
[2024-06-12T20:25:43.091+0000] {logging_mixin.py:137} INFO - [2024-06-12T20:25:43.090+0000] {dagbag.py:538} INFO - Filling up the DagBag from /home/airflow/.local/lib/python3.7/site-packages/airflow/example_dags/example_dag_decorator.py
[2024-06-12T20:25:44.021+0000] {logging_mixin.py:137} INFO - [2024-06-12T20:25:44.020+0000] {taskmixin.py:205} WARNING - Dependency <Task(_PythonDecoratedOperator): prepare_email>, send_email already registered for DAG: example_dag_decorator
[2024-06-12T20:25:44.046+0000] {logging_mixin.py:137} INFO - [2024-06-12T20:25:44.045+0000] {taskmixin.py:205} WARNING - Dependency <Task(EmailOperator): send_email>, prepare_email already registered for DAG: example_dag_decorator
[2024-06-12T20:25:44.615+0000] {processor.py:753} INFO - DAG(s) dict_keys(['example_dag_decorator']) retrieved from /home/airflow/.local/lib/python3.7/site-packages/airflow/example_dags/example_dag_decorator.py
[2024-06-12T20:25:47.328+0000] {logging_mixin.py:137} INFO - [2024-06-12T20:25:47.327+0000] {dag.py:2690} INFO - Sync 1 DAGs
[2024-06-12T20:25:48.458+0000] {logging_mixin.py:137} INFO - [2024-06-12T20:25:48.458+0000] {dag.py:3441} INFO - Setting next_dagrun for example_dag_decorator to None, run_after=None
[2024-06-12T20:25:48.904+0000] {processor.py:175} INFO - Processing /home/airflow/.local/lib/python3.7/site-packages/airflow/example_dags/example_dag_decorator.py took 5.978 seconds
[2024-06-12T20:27:42.082+0000] {processor.py:153} INFO - Started process (PID=2832) to work on /home/airflow/.local/lib/python3.7/site-packages/airflow/example_dags/example_dag_decorator.py
[2024-06-12T20:27:42.097+0000] {processor.py:743} INFO - Processing file /home/airflow/.local/lib/python3.7/site-packages/airflow/example_dags/example_dag_decorator.py for tasks to queue
[2024-06-12T20:27:42.114+0000] {logging_mixin.py:137} INFO - [2024-06-12T20:27:42.114+0000] {dagbag.py:538} INFO - Filling up the DagBag from /home/airflow/.local/lib/python3.7/site-packages/airflow/example_dags/example_dag_decorator.py
[2024-06-12T20:27:42.887+0000] {logging_mixin.py:137} INFO - [2024-06-12T20:27:42.887+0000] {taskmixin.py:205} WARNING - Dependency <Task(_PythonDecoratedOperator): prepare_email>, send_email already registered for DAG: example_dag_decorator
[2024-06-12T20:27:42.951+0000] {logging_mixin.py:137} INFO - [2024-06-12T20:27:42.950+0000] {taskmixin.py:205} WARNING - Dependency <Task(EmailOperator): send_email>, prepare_email already registered for DAG: example_dag_decorator
[2024-06-12T20:27:43.270+0000] {processor.py:753} INFO - DAG(s) dict_keys(['example_dag_decorator']) retrieved from /home/airflow/.local/lib/python3.7/site-packages/airflow/example_dags/example_dag_decorator.py
[2024-06-12T20:27:45.938+0000] {logging_mixin.py:137} INFO - [2024-06-12T20:27:45.938+0000] {dag.py:2690} INFO - Sync 1 DAGs
[2024-06-12T20:27:46.551+0000] {logging_mixin.py:137} INFO - [2024-06-12T20:27:46.551+0000] {dag.py:3441} INFO - Setting next_dagrun for example_dag_decorator to None, run_after=None
[2024-06-12T20:27:47.154+0000] {processor.py:175} INFO - Processing /home/airflow/.local/lib/python3.7/site-packages/airflow/example_dags/example_dag_decorator.py took 5.172 seconds
[2024-06-12T20:29:09.728+0000] {processor.py:153} INFO - Started process (PID=2930) to work on /home/airflow/.local/lib/python3.7/site-packages/airflow/example_dags/example_dag_decorator.py
[2024-06-12T20:29:09.744+0000] {processor.py:743} INFO - Processing file /home/airflow/.local/lib/python3.7/site-packages/airflow/example_dags/example_dag_decorator.py for tasks to queue
[2024-06-12T20:29:09.760+0000] {logging_mixin.py:137} INFO - [2024-06-12T20:29:09.760+0000] {dagbag.py:538} INFO - Filling up the DagBag from /home/airflow/.local/lib/python3.7/site-packages/airflow/example_dags/example_dag_decorator.py
[2024-06-12T20:29:09.943+0000] {logging_mixin.py:137} INFO - [2024-06-12T20:29:09.943+0000] {taskmixin.py:205} WARNING - Dependency <Task(_PythonDecoratedOperator): prepare_email>, send_email already registered for DAG: example_dag_decorator
[2024-06-12T20:29:09.955+0000] {logging_mixin.py:137} INFO - [2024-06-12T20:29:09.950+0000] {taskmixin.py:205} WARNING - Dependency <Task(EmailOperator): send_email>, prepare_email already registered for DAG: example_dag_decorator
[2024-06-12T20:29:10.126+0000] {processor.py:753} INFO - DAG(s) dict_keys(['example_dag_decorator']) retrieved from /home/airflow/.local/lib/python3.7/site-packages/airflow/example_dags/example_dag_decorator.py
[2024-06-12T20:29:12.024+0000] {logging_mixin.py:137} INFO - [2024-06-12T20:29:12.024+0000] {dag.py:2690} INFO - Sync 1 DAGs
[2024-06-12T20:29:12.614+0000] {logging_mixin.py:137} INFO - [2024-06-12T20:29:12.614+0000] {dag.py:3441} INFO - Setting next_dagrun for example_dag_decorator to None, run_after=None
[2024-06-12T20:29:13.164+0000] {processor.py:175} INFO - Processing /home/airflow/.local/lib/python3.7/site-packages/airflow/example_dags/example_dag_decorator.py took 3.517 seconds
[2024-06-12T20:30:08.514+0000] {processor.py:153} INFO - Started process (PID=3003) to work on /home/airflow/.local/lib/python3.7/site-packages/airflow/example_dags/example_dag_decorator.py
[2024-06-12T20:30:08.518+0000] {processor.py:743} INFO - Processing file /home/airflow/.local/lib/python3.7/site-packages/airflow/example_dags/example_dag_decorator.py for tasks to queue
[2024-06-12T20:30:08.528+0000] {logging_mixin.py:137} INFO - [2024-06-12T20:30:08.527+0000] {dagbag.py:538} INFO - Filling up the DagBag from /home/airflow/.local/lib/python3.7/site-packages/airflow/example_dags/example_dag_decorator.py
[2024-06-12T20:30:08.926+0000] {logging_mixin.py:137} INFO - [2024-06-12T20:30:08.926+0000] {taskmixin.py:205} WARNING - Dependency <Task(_PythonDecoratedOperator): prepare_email>, send_email already registered for DAG: example_dag_decorator
[2024-06-12T20:30:08.974+0000] {logging_mixin.py:137} INFO - [2024-06-12T20:30:08.972+0000] {taskmixin.py:205} WARNING - Dependency <Task(EmailOperator): send_email>, prepare_email already registered for DAG: example_dag_decorator
[2024-06-12T20:30:09.351+0000] {processor.py:753} INFO - DAG(s) dict_keys(['example_dag_decorator']) retrieved from /home/airflow/.local/lib/python3.7/site-packages/airflow/example_dags/example_dag_decorator.py
[2024-06-12T20:30:12.315+0000] {logging_mixin.py:137} INFO - [2024-06-12T20:30:12.315+0000] {dag.py:2690} INFO - Sync 1 DAGs
[2024-06-12T20:30:12.978+0000] {logging_mixin.py:137} INFO - [2024-06-12T20:30:12.977+0000] {dag.py:3441} INFO - Setting next_dagrun for example_dag_decorator to None, run_after=None
[2024-06-12T20:30:13.602+0000] {processor.py:175} INFO - Processing /home/airflow/.local/lib/python3.7/site-packages/airflow/example_dags/example_dag_decorator.py took 5.129 seconds
[2024-06-12T20:31:10.440+0000] {processor.py:153} INFO - Started process (PID=3069) to work on /home/airflow/.local/lib/python3.7/site-packages/airflow/example_dags/example_dag_decorator.py
[2024-06-12T20:31:10.470+0000] {processor.py:743} INFO - Processing file /home/airflow/.local/lib/python3.7/site-packages/airflow/example_dags/example_dag_decorator.py for tasks to queue
[2024-06-12T20:31:10.509+0000] {logging_mixin.py:137} INFO - [2024-06-12T20:31:10.509+0000] {dagbag.py:538} INFO - Filling up the DagBag from /home/airflow/.local/lib/python3.7/site-packages/airflow/example_dags/example_dag_decorator.py
[2024-06-12T20:31:10.987+0000] {logging_mixin.py:137} INFO - [2024-06-12T20:31:10.987+0000] {taskmixin.py:205} WARNING - Dependency <Task(_PythonDecoratedOperator): prepare_email>, send_email already registered for DAG: example_dag_decorator
[2024-06-12T20:31:11.051+0000] {logging_mixin.py:137} INFO - [2024-06-12T20:31:11.050+0000] {taskmixin.py:205} WARNING - Dependency <Task(EmailOperator): send_email>, prepare_email already registered for DAG: example_dag_decorator
[2024-06-12T20:31:11.228+0000] {processor.py:753} INFO - DAG(s) dict_keys(['example_dag_decorator']) retrieved from /home/airflow/.local/lib/python3.7/site-packages/airflow/example_dags/example_dag_decorator.py
[2024-06-12T20:31:13.247+0000] {logging_mixin.py:137} INFO - [2024-06-12T20:31:13.247+0000] {dag.py:2690} INFO - Sync 1 DAGs
[2024-06-12T20:31:13.822+0000] {logging_mixin.py:137} INFO - [2024-06-12T20:31:13.822+0000] {dag.py:3441} INFO - Setting next_dagrun for example_dag_decorator to None, run_after=None
[2024-06-12T20:31:14.322+0000] {processor.py:175} INFO - Processing /home/airflow/.local/lib/python3.7/site-packages/airflow/example_dags/example_dag_decorator.py took 3.901 seconds
[2024-06-12T20:32:41.405+0000] {processor.py:153} INFO - Started process (PID=3170) to work on /home/airflow/.local/lib/python3.7/site-packages/airflow/example_dags/example_dag_decorator.py
[2024-06-12T20:32:41.416+0000] {processor.py:743} INFO - Processing file /home/airflow/.local/lib/python3.7/site-packages/airflow/example_dags/example_dag_decorator.py for tasks to queue
[2024-06-12T20:32:41.420+0000] {logging_mixin.py:137} INFO - [2024-06-12T20:32:41.419+0000] {dagbag.py:538} INFO - Filling up the DagBag from /home/airflow/.local/lib/python3.7/site-packages/airflow/example_dags/example_dag_decorator.py
[2024-06-12T20:32:41.667+0000] {logging_mixin.py:137} INFO - [2024-06-12T20:32:41.666+0000] {taskmixin.py:205} WARNING - Dependency <Task(_PythonDecoratedOperator): prepare_email>, send_email already registered for DAG: example_dag_decorator
[2024-06-12T20:32:41.671+0000] {logging_mixin.py:137} INFO - [2024-06-12T20:32:41.670+0000] {taskmixin.py:205} WARNING - Dependency <Task(EmailOperator): send_email>, prepare_email already registered for DAG: example_dag_decorator
[2024-06-12T20:32:41.827+0000] {processor.py:753} INFO - DAG(s) dict_keys(['example_dag_decorator']) retrieved from /home/airflow/.local/lib/python3.7/site-packages/airflow/example_dags/example_dag_decorator.py
[2024-06-12T20:32:43.693+0000] {logging_mixin.py:137} INFO - [2024-06-12T20:32:43.692+0000] {dag.py:2690} INFO - Sync 1 DAGs
[2024-06-12T20:32:44.184+0000] {logging_mixin.py:137} INFO - [2024-06-12T20:32:44.184+0000] {dag.py:3441} INFO - Setting next_dagrun for example_dag_decorator to None, run_after=None
[2024-06-12T20:32:44.914+0000] {processor.py:175} INFO - Processing /home/airflow/.local/lib/python3.7/site-packages/airflow/example_dags/example_dag_decorator.py took 3.524 seconds
[2024-06-12T20:34:34.331+0000] {processor.py:153} INFO - Started process (PID=3273) to work on /home/airflow/.local/lib/python3.7/site-packages/airflow/example_dags/example_dag_decorator.py
[2024-06-12T20:34:34.348+0000] {processor.py:743} INFO - Processing file /home/airflow/.local/lib/python3.7/site-packages/airflow/example_dags/example_dag_decorator.py for tasks to queue
[2024-06-12T20:34:34.394+0000] {logging_mixin.py:137} INFO - [2024-06-12T20:34:34.394+0000] {dagbag.py:538} INFO - Filling up the DagBag from /home/airflow/.local/lib/python3.7/site-packages/airflow/example_dags/example_dag_decorator.py
[2024-06-12T20:34:35.364+0000] {logging_mixin.py:137} INFO - [2024-06-12T20:34:35.364+0000] {taskmixin.py:205} WARNING - Dependency <Task(_PythonDecoratedOperator): prepare_email>, send_email already registered for DAG: example_dag_decorator
[2024-06-12T20:34:35.446+0000] {logging_mixin.py:137} INFO - [2024-06-12T20:34:35.445+0000] {taskmixin.py:205} WARNING - Dependency <Task(EmailOperator): send_email>, prepare_email already registered for DAG: example_dag_decorator
[2024-06-12T20:34:35.734+0000] {processor.py:753} INFO - DAG(s) dict_keys(['example_dag_decorator']) retrieved from /home/airflow/.local/lib/python3.7/site-packages/airflow/example_dags/example_dag_decorator.py
[2024-06-12T20:34:37.511+0000] {logging_mixin.py:137} INFO - [2024-06-12T20:34:37.510+0000] {dag.py:2690} INFO - Sync 1 DAGs
[2024-06-12T20:34:38.553+0000] {logging_mixin.py:137} INFO - [2024-06-12T20:34:38.552+0000] {dag.py:3441} INFO - Setting next_dagrun for example_dag_decorator to None, run_after=None
[2024-06-12T20:34:39.318+0000] {processor.py:175} INFO - Processing /home/airflow/.local/lib/python3.7/site-packages/airflow/example_dags/example_dag_decorator.py took 5.109 seconds
[2024-06-12T20:36:03.083+0000] {processor.py:153} INFO - Started process (PID=3359) to work on /home/airflow/.local/lib/python3.7/site-packages/airflow/example_dags/example_dag_decorator.py
[2024-06-12T20:36:03.273+0000] {processor.py:743} INFO - Processing file /home/airflow/.local/lib/python3.7/site-packages/airflow/example_dags/example_dag_decorator.py for tasks to queue
[2024-06-12T20:36:03.335+0000] {logging_mixin.py:137} INFO - [2024-06-12T20:36:03.334+0000] {dagbag.py:538} INFO - Filling up the DagBag from /home/airflow/.local/lib/python3.7/site-packages/airflow/example_dags/example_dag_decorator.py
[2024-06-12T20:36:04.777+0000] {logging_mixin.py:137} INFO - [2024-06-12T20:36:04.776+0000] {taskmixin.py:205} WARNING - Dependency <Task(_PythonDecoratedOperator): prepare_email>, send_email already registered for DAG: example_dag_decorator
[2024-06-12T20:36:04.920+0000] {logging_mixin.py:137} INFO - [2024-06-12T20:36:04.919+0000] {taskmixin.py:205} WARNING - Dependency <Task(EmailOperator): send_email>, prepare_email already registered for DAG: example_dag_decorator
[2024-06-12T20:36:05.934+0000] {processor.py:753} INFO - DAG(s) dict_keys(['example_dag_decorator']) retrieved from /home/airflow/.local/lib/python3.7/site-packages/airflow/example_dags/example_dag_decorator.py
[2024-06-12T20:36:09.540+0000] {logging_mixin.py:137} INFO - [2024-06-12T20:36:09.539+0000] {dag.py:2690} INFO - Sync 1 DAGs
[2024-06-12T20:36:11.070+0000] {logging_mixin.py:137} INFO - [2024-06-12T20:36:11.069+0000] {dag.py:3441} INFO - Setting next_dagrun for example_dag_decorator to None, run_after=None
[2024-06-12T20:36:12.456+0000] {processor.py:175} INFO - Processing /home/airflow/.local/lib/python3.7/site-packages/airflow/example_dags/example_dag_decorator.py took 9.744 seconds
[2024-06-12T20:38:32.549+0000] {processor.py:153} INFO - Started process (PID=3497) to work on /home/airflow/.local/lib/python3.7/site-packages/airflow/example_dags/example_dag_decorator.py
[2024-06-12T20:38:32.557+0000] {processor.py:743} INFO - Processing file /home/airflow/.local/lib/python3.7/site-packages/airflow/example_dags/example_dag_decorator.py for tasks to queue
[2024-06-12T20:38:32.575+0000] {logging_mixin.py:137} INFO - [2024-06-12T20:38:32.574+0000] {dagbag.py:538} INFO - Filling up the DagBag from /home/airflow/.local/lib/python3.7/site-packages/airflow/example_dags/example_dag_decorator.py
[2024-06-12T20:38:33.247+0000] {logging_mixin.py:137} INFO - [2024-06-12T20:38:33.246+0000] {taskmixin.py:205} WARNING - Dependency <Task(_PythonDecoratedOperator): prepare_email>, send_email already registered for DAG: example_dag_decorator
[2024-06-12T20:38:33.274+0000] {logging_mixin.py:137} INFO - [2024-06-12T20:38:33.274+0000] {taskmixin.py:205} WARNING - Dependency <Task(EmailOperator): send_email>, prepare_email already registered for DAG: example_dag_decorator
[2024-06-12T20:38:33.580+0000] {processor.py:753} INFO - DAG(s) dict_keys(['example_dag_decorator']) retrieved from /home/airflow/.local/lib/python3.7/site-packages/airflow/example_dags/example_dag_decorator.py
[2024-06-12T20:38:35.572+0000] {logging_mixin.py:137} INFO - [2024-06-12T20:38:35.572+0000] {dag.py:2690} INFO - Sync 1 DAGs
[2024-06-12T20:38:36.240+0000] {logging_mixin.py:137} INFO - [2024-06-12T20:38:36.239+0000] {dag.py:3441} INFO - Setting next_dagrun for example_dag_decorator to None, run_after=None
[2024-06-12T20:38:36.724+0000] {processor.py:175} INFO - Processing /home/airflow/.local/lib/python3.7/site-packages/airflow/example_dags/example_dag_decorator.py took 4.200 seconds
[2024-06-12T20:39:29.126+0000] {processor.py:153} INFO - Started process (PID=3563) to work on /home/airflow/.local/lib/python3.7/site-packages/airflow/example_dags/example_dag_decorator.py
[2024-06-12T20:39:29.140+0000] {processor.py:743} INFO - Processing file /home/airflow/.local/lib/python3.7/site-packages/airflow/example_dags/example_dag_decorator.py for tasks to queue
[2024-06-12T20:39:29.156+0000] {logging_mixin.py:137} INFO - [2024-06-12T20:39:29.156+0000] {dagbag.py:538} INFO - Filling up the DagBag from /home/airflow/.local/lib/python3.7/site-packages/airflow/example_dags/example_dag_decorator.py
[2024-06-12T20:39:29.760+0000] {logging_mixin.py:137} INFO - [2024-06-12T20:39:29.760+0000] {taskmixin.py:205} WARNING - Dependency <Task(_PythonDecoratedOperator): prepare_email>, send_email already registered for DAG: example_dag_decorator
[2024-06-12T20:39:29.997+0000] {logging_mixin.py:137} INFO - [2024-06-12T20:39:29.997+0000] {taskmixin.py:205} WARNING - Dependency <Task(EmailOperator): send_email>, prepare_email already registered for DAG: example_dag_decorator
[2024-06-12T20:39:30.425+0000] {processor.py:753} INFO - DAG(s) dict_keys(['example_dag_decorator']) retrieved from /home/airflow/.local/lib/python3.7/site-packages/airflow/example_dags/example_dag_decorator.py
[2024-06-12T20:39:32.713+0000] {logging_mixin.py:137} INFO - [2024-06-12T20:39:32.713+0000] {dag.py:2690} INFO - Sync 1 DAGs
[2024-06-12T20:39:33.732+0000] {logging_mixin.py:137} INFO - [2024-06-12T20:39:33.608+0000] {dag.py:3441} INFO - Setting next_dagrun for example_dag_decorator to None, run_after=None
[2024-06-12T20:39:34.087+0000] {processor.py:175} INFO - Processing /home/airflow/.local/lib/python3.7/site-packages/airflow/example_dags/example_dag_decorator.py took 5.168 seconds
[2024-06-12T20:40:31.017+0000] {processor.py:153} INFO - Started process (PID=3632) to work on /home/airflow/.local/lib/python3.7/site-packages/airflow/example_dags/example_dag_decorator.py
[2024-06-12T20:40:31.031+0000] {processor.py:743} INFO - Processing file /home/airflow/.local/lib/python3.7/site-packages/airflow/example_dags/example_dag_decorator.py for tasks to queue
[2024-06-12T20:40:31.034+0000] {logging_mixin.py:137} INFO - [2024-06-12T20:40:31.034+0000] {dagbag.py:538} INFO - Filling up the DagBag from /home/airflow/.local/lib/python3.7/site-packages/airflow/example_dags/example_dag_decorator.py
[2024-06-12T20:40:31.252+0000] {logging_mixin.py:137} INFO - [2024-06-12T20:40:31.251+0000] {taskmixin.py:205} WARNING - Dependency <Task(_PythonDecoratedOperator): prepare_email>, send_email already registered for DAG: example_dag_decorator
[2024-06-12T20:40:31.265+0000] {logging_mixin.py:137} INFO - [2024-06-12T20:40:31.265+0000] {taskmixin.py:205} WARNING - Dependency <Task(EmailOperator): send_email>, prepare_email already registered for DAG: example_dag_decorator
[2024-06-12T20:40:31.641+0000] {processor.py:753} INFO - DAG(s) dict_keys(['example_dag_decorator']) retrieved from /home/airflow/.local/lib/python3.7/site-packages/airflow/example_dags/example_dag_decorator.py
[2024-06-12T20:40:34.019+0000] {logging_mixin.py:137} INFO - [2024-06-12T20:40:34.018+0000] {dag.py:2690} INFO - Sync 1 DAGs
[2024-06-12T20:40:35.052+0000] {logging_mixin.py:137} INFO - [2024-06-12T20:40:35.048+0000] {dag.py:3441} INFO - Setting next_dagrun for example_dag_decorator to None, run_after=None
[2024-06-12T20:40:35.977+0000] {processor.py:175} INFO - Processing /home/airflow/.local/lib/python3.7/site-packages/airflow/example_dags/example_dag_decorator.py took 4.995 seconds
[2024-06-12T20:41:39.931+0000] {processor.py:153} INFO - Started process (PID=3716) to work on /home/airflow/.local/lib/python3.7/site-packages/airflow/example_dags/example_dag_decorator.py
[2024-06-12T20:41:39.992+0000] {processor.py:743} INFO - Processing file /home/airflow/.local/lib/python3.7/site-packages/airflow/example_dags/example_dag_decorator.py for tasks to queue
[2024-06-12T20:41:40.011+0000] {logging_mixin.py:137} INFO - [2024-06-12T20:41:40.011+0000] {dagbag.py:538} INFO - Filling up the DagBag from /home/airflow/.local/lib/python3.7/site-packages/airflow/example_dags/example_dag_decorator.py
[2024-06-12T20:41:40.462+0000] {logging_mixin.py:137} INFO - [2024-06-12T20:41:40.461+0000] {taskmixin.py:205} WARNING - Dependency <Task(_PythonDecoratedOperator): prepare_email>, send_email already registered for DAG: example_dag_decorator
[2024-06-12T20:41:40.476+0000] {logging_mixin.py:137} INFO - [2024-06-12T20:41:40.476+0000] {taskmixin.py:205} WARNING - Dependency <Task(EmailOperator): send_email>, prepare_email already registered for DAG: example_dag_decorator
[2024-06-12T20:41:40.803+0000] {processor.py:753} INFO - DAG(s) dict_keys(['example_dag_decorator']) retrieved from /home/airflow/.local/lib/python3.7/site-packages/airflow/example_dags/example_dag_decorator.py
[2024-06-12T20:41:42.042+0000] {logging_mixin.py:137} INFO - [2024-06-12T20:41:42.041+0000] {dag.py:2690} INFO - Sync 1 DAGs
[2024-06-12T20:41:42.597+0000] {logging_mixin.py:137} INFO - [2024-06-12T20:41:42.597+0000] {dag.py:3441} INFO - Setting next_dagrun for example_dag_decorator to None, run_after=None
[2024-06-12T20:41:43.036+0000] {processor.py:175} INFO - Processing /home/airflow/.local/lib/python3.7/site-packages/airflow/example_dags/example_dag_decorator.py took 3.169 seconds
[2024-06-12T20:42:33.978+0000] {processor.py:153} INFO - Started process (PID=3778) to work on /home/airflow/.local/lib/python3.7/site-packages/airflow/example_dags/example_dag_decorator.py
[2024-06-12T20:42:34.010+0000] {processor.py:743} INFO - Processing file /home/airflow/.local/lib/python3.7/site-packages/airflow/example_dags/example_dag_decorator.py for tasks to queue
[2024-06-12T20:42:34.045+0000] {logging_mixin.py:137} INFO - [2024-06-12T20:42:34.045+0000] {dagbag.py:538} INFO - Filling up the DagBag from /home/airflow/.local/lib/python3.7/site-packages/airflow/example_dags/example_dag_decorator.py
[2024-06-12T20:42:34.543+0000] {logging_mixin.py:137} INFO - [2024-06-12T20:42:34.532+0000] {taskmixin.py:205} WARNING - Dependency <Task(_PythonDecoratedOperator): prepare_email>, send_email already registered for DAG: example_dag_decorator
[2024-06-12T20:42:34.579+0000] {logging_mixin.py:137} INFO - [2024-06-12T20:42:34.579+0000] {taskmixin.py:205} WARNING - Dependency <Task(EmailOperator): send_email>, prepare_email already registered for DAG: example_dag_decorator
[2024-06-12T20:42:34.965+0000] {processor.py:753} INFO - DAG(s) dict_keys(['example_dag_decorator']) retrieved from /home/airflow/.local/lib/python3.7/site-packages/airflow/example_dags/example_dag_decorator.py
[2024-06-12T20:42:36.375+0000] {logging_mixin.py:137} INFO - [2024-06-12T20:42:36.375+0000] {dag.py:2690} INFO - Sync 1 DAGs
[2024-06-12T20:42:37.079+0000] {logging_mixin.py:137} INFO - [2024-06-12T20:42:37.078+0000] {dag.py:3441} INFO - Setting next_dagrun for example_dag_decorator to None, run_after=None
[2024-06-12T20:42:37.941+0000] {processor.py:175} INFO - Processing /home/airflow/.local/lib/python3.7/site-packages/airflow/example_dags/example_dag_decorator.py took 4.027 seconds
[2024-06-12T20:43:56.103+0000] {processor.py:153} INFO - Started process (PID=3868) to work on /home/airflow/.local/lib/python3.7/site-packages/airflow/example_dags/example_dag_decorator.py
[2024-06-12T20:43:56.175+0000] {processor.py:743} INFO - Processing file /home/airflow/.local/lib/python3.7/site-packages/airflow/example_dags/example_dag_decorator.py for tasks to queue
[2024-06-12T20:43:56.192+0000] {logging_mixin.py:137} INFO - [2024-06-12T20:43:56.191+0000] {dagbag.py:538} INFO - Filling up the DagBag from /home/airflow/.local/lib/python3.7/site-packages/airflow/example_dags/example_dag_decorator.py
[2024-06-12T20:43:56.727+0000] {logging_mixin.py:137} INFO - [2024-06-12T20:43:56.727+0000] {taskmixin.py:205} WARNING - Dependency <Task(_PythonDecoratedOperator): prepare_email>, send_email already registered for DAG: example_dag_decorator
[2024-06-12T20:43:56.758+0000] {logging_mixin.py:137} INFO - [2024-06-12T20:43:56.758+0000] {taskmixin.py:205} WARNING - Dependency <Task(EmailOperator): send_email>, prepare_email already registered for DAG: example_dag_decorator
[2024-06-12T20:43:57.030+0000] {processor.py:753} INFO - DAG(s) dict_keys(['example_dag_decorator']) retrieved from /home/airflow/.local/lib/python3.7/site-packages/airflow/example_dags/example_dag_decorator.py
[2024-06-12T20:43:58.638+0000] {logging_mixin.py:137} INFO - [2024-06-12T20:43:58.637+0000] {dag.py:2690} INFO - Sync 1 DAGs
[2024-06-12T20:43:59.091+0000] {logging_mixin.py:137} INFO - [2024-06-12T20:43:59.091+0000] {dag.py:3441} INFO - Setting next_dagrun for example_dag_decorator to None, run_after=None
[2024-06-12T20:43:59.585+0000] {processor.py:175} INFO - Processing /home/airflow/.local/lib/python3.7/site-packages/airflow/example_dags/example_dag_decorator.py took 3.532 seconds
[2024-06-12T20:44:58.559+0000] {processor.py:153} INFO - Started process (PID=3944) to work on /home/airflow/.local/lib/python3.7/site-packages/airflow/example_dags/example_dag_decorator.py
[2024-06-12T20:44:58.590+0000] {processor.py:743} INFO - Processing file /home/airflow/.local/lib/python3.7/site-packages/airflow/example_dags/example_dag_decorator.py for tasks to queue
[2024-06-12T20:44:58.607+0000] {logging_mixin.py:137} INFO - [2024-06-12T20:44:58.606+0000] {dagbag.py:538} INFO - Filling up the DagBag from /home/airflow/.local/lib/python3.7/site-packages/airflow/example_dags/example_dag_decorator.py
[2024-06-12T20:44:58.990+0000] {logging_mixin.py:137} INFO - [2024-06-12T20:44:58.989+0000] {taskmixin.py:205} WARNING - Dependency <Task(_PythonDecoratedOperator): prepare_email>, send_email already registered for DAG: example_dag_decorator
[2024-06-12T20:44:59.007+0000] {logging_mixin.py:137} INFO - [2024-06-12T20:44:59.006+0000] {taskmixin.py:205} WARNING - Dependency <Task(EmailOperator): send_email>, prepare_email already registered for DAG: example_dag_decorator
[2024-06-12T20:44:59.148+0000] {processor.py:753} INFO - DAG(s) dict_keys(['example_dag_decorator']) retrieved from /home/airflow/.local/lib/python3.7/site-packages/airflow/example_dags/example_dag_decorator.py
[2024-06-12T20:45:00.224+0000] {logging_mixin.py:137} INFO - [2024-06-12T20:45:00.224+0000] {dag.py:2690} INFO - Sync 1 DAGs
[2024-06-12T20:45:00.747+0000] {logging_mixin.py:137} INFO - [2024-06-12T20:45:00.747+0000] {dag.py:3441} INFO - Setting next_dagrun for example_dag_decorator to None, run_after=None
[2024-06-12T20:45:01.727+0000] {processor.py:175} INFO - Processing /home/airflow/.local/lib/python3.7/site-packages/airflow/example_dags/example_dag_decorator.py took 3.200 seconds
[2024-06-12T20:45:55.108+0000] {processor.py:153} INFO - Started process (PID=4017) to work on /home/airflow/.local/lib/python3.7/site-packages/airflow/example_dags/example_dag_decorator.py
[2024-06-12T20:45:55.134+0000] {processor.py:743} INFO - Processing file /home/airflow/.local/lib/python3.7/site-packages/airflow/example_dags/example_dag_decorator.py for tasks to queue
[2024-06-12T20:45:55.145+0000] {logging_mixin.py:137} INFO - [2024-06-12T20:45:55.144+0000] {dagbag.py:538} INFO - Filling up the DagBag from /home/airflow/.local/lib/python3.7/site-packages/airflow/example_dags/example_dag_decorator.py
[2024-06-12T20:45:55.556+0000] {logging_mixin.py:137} INFO - [2024-06-12T20:45:55.555+0000] {taskmixin.py:205} WARNING - Dependency <Task(_PythonDecoratedOperator): prepare_email>, send_email already registered for DAG: example_dag_decorator
[2024-06-12T20:45:55.563+0000] {logging_mixin.py:137} INFO - [2024-06-12T20:45:55.562+0000] {taskmixin.py:205} WARNING - Dependency <Task(EmailOperator): send_email>, prepare_email already registered for DAG: example_dag_decorator
[2024-06-12T20:45:55.732+0000] {processor.py:753} INFO - DAG(s) dict_keys(['example_dag_decorator']) retrieved from /home/airflow/.local/lib/python3.7/site-packages/airflow/example_dags/example_dag_decorator.py
[2024-06-12T20:45:57.149+0000] {logging_mixin.py:137} INFO - [2024-06-12T20:45:57.149+0000] {dag.py:2690} INFO - Sync 1 DAGs
[2024-06-12T20:45:57.640+0000] {logging_mixin.py:137} INFO - [2024-06-12T20:45:57.640+0000] {dag.py:3441} INFO - Setting next_dagrun for example_dag_decorator to None, run_after=None
[2024-06-12T20:45:58.051+0000] {processor.py:175} INFO - Processing /home/airflow/.local/lib/python3.7/site-packages/airflow/example_dags/example_dag_decorator.py took 2.995 seconds
[2024-06-12T20:46:48.797+0000] {processor.py:153} INFO - Started process (PID=4083) to work on /home/airflow/.local/lib/python3.7/site-packages/airflow/example_dags/example_dag_decorator.py
[2024-06-12T20:46:48.812+0000] {processor.py:743} INFO - Processing file /home/airflow/.local/lib/python3.7/site-packages/airflow/example_dags/example_dag_decorator.py for tasks to queue
[2024-06-12T20:46:48.849+0000] {logging_mixin.py:137} INFO - [2024-06-12T20:46:48.848+0000] {dagbag.py:538} INFO - Filling up the DagBag from /home/airflow/.local/lib/python3.7/site-packages/airflow/example_dags/example_dag_decorator.py
[2024-06-12T20:46:49.555+0000] {logging_mixin.py:137} INFO - [2024-06-12T20:46:49.555+0000] {taskmixin.py:205} WARNING - Dependency <Task(_PythonDecoratedOperator): prepare_email>, send_email already registered for DAG: example_dag_decorator
[2024-06-12T20:46:49.632+0000] {logging_mixin.py:137} INFO - [2024-06-12T20:46:49.631+0000] {taskmixin.py:205} WARNING - Dependency <Task(EmailOperator): send_email>, prepare_email already registered for DAG: example_dag_decorator
[2024-06-12T20:46:50.036+0000] {processor.py:753} INFO - DAG(s) dict_keys(['example_dag_decorator']) retrieved from /home/airflow/.local/lib/python3.7/site-packages/airflow/example_dags/example_dag_decorator.py
[2024-06-12T20:46:52.096+0000] {logging_mixin.py:137} INFO - [2024-06-12T20:46:52.095+0000] {dag.py:2690} INFO - Sync 1 DAGs
[2024-06-12T20:46:52.934+0000] {logging_mixin.py:137} INFO - [2024-06-12T20:46:52.933+0000] {dag.py:3441} INFO - Setting next_dagrun for example_dag_decorator to None, run_after=None
[2024-06-12T20:46:53.275+0000] {processor.py:175} INFO - Processing /home/airflow/.local/lib/python3.7/site-packages/airflow/example_dags/example_dag_decorator.py took 4.511 seconds
