[2024-06-12T19:44:08.777+0000] {processor.py:153} INFO - Started process (PID=208) to work on /home/airflow/.local/lib/python3.7/site-packages/airflow/example_dags/example_branch_datetime_operator.py
[2024-06-12T19:44:08.811+0000] {processor.py:743} INFO - Processing file /home/airflow/.local/lib/python3.7/site-packages/airflow/example_dags/example_branch_datetime_operator.py for tasks to queue
[2024-06-12T19:44:08.825+0000] {logging_mixin.py:137} INFO - [2024-06-12T19:44:08.825+0000] {dagbag.py:538} INFO - Filling up the DagBag from /home/airflow/.local/lib/python3.7/site-packages/airflow/example_dags/example_branch_datetime_operator.py
[2024-06-12T19:44:09.895+0000] {processor.py:753} INFO - DAG(s) dict_keys(['example_branch_datetime_operator', 'example_branch_datetime_operator_3', 'example_branch_datetime_operator_2']) retrieved from /home/airflow/.local/lib/python3.7/site-packages/airflow/example_dags/example_branch_datetime_operator.py
[2024-06-12T19:44:10.959+0000] {logging_mixin.py:137} INFO - [2024-06-12T19:44:10.958+0000] {dag.py:2690} INFO - Sync 3 DAGs
[2024-06-12T19:44:11.249+0000] {logging_mixin.py:137} INFO - [2024-06-12T19:44:11.249+0000] {dag.py:3441} INFO - Setting next_dagrun for example_branch_datetime_operator to 2024-06-11T00:00:00+00:00, run_after=2024-06-12T00:00:00+00:00
[2024-06-12T19:44:11.358+0000] {logging_mixin.py:137} INFO - [2024-06-12T19:44:11.358+0000] {dag.py:3441} INFO - Setting next_dagrun for example_branch_datetime_operator_2 to 2024-06-11T00:00:00+00:00, run_after=2024-06-12T00:00:00+00:00
[2024-06-12T19:44:11.431+0000] {logging_mixin.py:137} INFO - [2024-06-12T19:44:11.430+0000] {dag.py:3441} INFO - Setting next_dagrun for example_branch_datetime_operator_3 to 2024-06-11T00:00:00+00:00, run_after=2024-06-12T00:00:00+00:00
[2024-06-12T19:44:11.664+0000] {processor.py:175} INFO - Processing /home/airflow/.local/lib/python3.7/site-packages/airflow/example_dags/example_branch_datetime_operator.py took 2.985 seconds
[2024-06-12T19:47:47.786+0000] {processor.py:153} INFO - Started process (PID=386) to work on /home/airflow/.local/lib/python3.7/site-packages/airflow/example_dags/example_branch_datetime_operator.py
[2024-06-12T19:47:47.795+0000] {processor.py:743} INFO - Processing file /home/airflow/.local/lib/python3.7/site-packages/airflow/example_dags/example_branch_datetime_operator.py for tasks to queue
[2024-06-12T19:47:47.798+0000] {logging_mixin.py:137} INFO - [2024-06-12T19:47:47.798+0000] {dagbag.py:538} INFO - Filling up the DagBag from /home/airflow/.local/lib/python3.7/site-packages/airflow/example_dags/example_branch_datetime_operator.py
[2024-06-12T19:47:48.575+0000] {processor.py:753} INFO - DAG(s) dict_keys(['example_branch_datetime_operator', 'example_branch_datetime_operator_3', 'example_branch_datetime_operator_2']) retrieved from /home/airflow/.local/lib/python3.7/site-packages/airflow/example_dags/example_branch_datetime_operator.py
[2024-06-12T19:47:49.653+0000] {logging_mixin.py:137} INFO - [2024-06-12T19:47:49.652+0000] {dag.py:2690} INFO - Sync 3 DAGs
[2024-06-12T19:47:50.755+0000] {logging_mixin.py:137} INFO - [2024-06-12T19:47:50.754+0000] {dag.py:3441} INFO - Setting next_dagrun for example_branch_datetime_operator to 2024-06-11T00:00:00+00:00, run_after=2024-06-12T00:00:00+00:00
[2024-06-12T19:47:50.868+0000] {logging_mixin.py:137} INFO - [2024-06-12T19:47:50.867+0000] {dag.py:3441} INFO - Setting next_dagrun for example_branch_datetime_operator_2 to 2024-06-11T00:00:00+00:00, run_after=2024-06-12T00:00:00+00:00
[2024-06-12T19:47:51.000+0000] {logging_mixin.py:137} INFO - [2024-06-12T19:47:50.985+0000] {dag.py:3441} INFO - Setting next_dagrun for example_branch_datetime_operator_3 to 2024-06-11T00:00:00+00:00, run_after=2024-06-12T00:00:00+00:00
[2024-06-12T19:47:51.318+0000] {processor.py:175} INFO - Processing /home/airflow/.local/lib/python3.7/site-packages/airflow/example_dags/example_branch_datetime_operator.py took 3.593 seconds
[2024-06-12T19:48:28.392+0000] {processor.py:153} INFO - Started process (PID=457) to work on /home/airflow/.local/lib/python3.7/site-packages/airflow/example_dags/example_branch_datetime_operator.py
[2024-06-12T19:48:28.404+0000] {processor.py:743} INFO - Processing file /home/airflow/.local/lib/python3.7/site-packages/airflow/example_dags/example_branch_datetime_operator.py for tasks to queue
[2024-06-12T19:48:28.408+0000] {logging_mixin.py:137} INFO - [2024-06-12T19:48:28.408+0000] {dagbag.py:538} INFO - Filling up the DagBag from /home/airflow/.local/lib/python3.7/site-packages/airflow/example_dags/example_branch_datetime_operator.py
[2024-06-12T19:48:28.487+0000] {processor.py:753} INFO - DAG(s) dict_keys(['example_branch_datetime_operator_3', 'example_branch_datetime_operator', 'example_branch_datetime_operator_2']) retrieved from /home/airflow/.local/lib/python3.7/site-packages/airflow/example_dags/example_branch_datetime_operator.py
[2024-06-12T19:48:28.643+0000] {logging_mixin.py:137} INFO - [2024-06-12T19:48:28.642+0000] {dag.py:2690} INFO - Sync 3 DAGs
[2024-06-12T19:48:28.747+0000] {logging_mixin.py:137} INFO - [2024-06-12T19:48:28.746+0000] {dag.py:3441} INFO - Setting next_dagrun for example_branch_datetime_operator to 2024-06-11T00:00:00+00:00, run_after=2024-06-12T00:00:00+00:00
[2024-06-12T19:48:28.772+0000] {logging_mixin.py:137} INFO - [2024-06-12T19:48:28.771+0000] {dag.py:3441} INFO - Setting next_dagrun for example_branch_datetime_operator_2 to 2024-06-11T00:00:00+00:00, run_after=2024-06-12T00:00:00+00:00
[2024-06-12T19:48:28.792+0000] {logging_mixin.py:137} INFO - [2024-06-12T19:48:28.791+0000] {dag.py:3441} INFO - Setting next_dagrun for example_branch_datetime_operator_3 to 2024-06-11T00:00:00+00:00, run_after=2024-06-12T00:00:00+00:00
[2024-06-12T19:48:28.889+0000] {processor.py:175} INFO - Processing /home/airflow/.local/lib/python3.7/site-packages/airflow/example_dags/example_branch_datetime_operator.py took 0.510 seconds
[2024-06-12T19:49:04.387+0000] {processor.py:153} INFO - Started process (PID=521) to work on /home/airflow/.local/lib/python3.7/site-packages/airflow/example_dags/example_branch_datetime_operator.py
[2024-06-12T19:49:04.396+0000] {processor.py:743} INFO - Processing file /home/airflow/.local/lib/python3.7/site-packages/airflow/example_dags/example_branch_datetime_operator.py for tasks to queue
[2024-06-12T19:49:04.399+0000] {logging_mixin.py:137} INFO - [2024-06-12T19:49:04.398+0000] {dagbag.py:538} INFO - Filling up the DagBag from /home/airflow/.local/lib/python3.7/site-packages/airflow/example_dags/example_branch_datetime_operator.py
[2024-06-12T19:49:04.495+0000] {processor.py:753} INFO - DAG(s) dict_keys(['example_branch_datetime_operator_2', 'example_branch_datetime_operator', 'example_branch_datetime_operator_3']) retrieved from /home/airflow/.local/lib/python3.7/site-packages/airflow/example_dags/example_branch_datetime_operator.py
[2024-06-12T19:49:05.057+0000] {logging_mixin.py:137} INFO - [2024-06-12T19:49:05.056+0000] {dag.py:2690} INFO - Sync 3 DAGs
[2024-06-12T19:49:05.502+0000] {logging_mixin.py:137} INFO - [2024-06-12T19:49:05.495+0000] {dag.py:3441} INFO - Setting next_dagrun for example_branch_datetime_operator to 2024-06-11T00:00:00+00:00, run_after=2024-06-12T00:00:00+00:00
[2024-06-12T19:49:05.598+0000] {logging_mixin.py:137} INFO - [2024-06-12T19:49:05.598+0000] {dag.py:3441} INFO - Setting next_dagrun for example_branch_datetime_operator_2 to 2024-06-11T00:00:00+00:00, run_after=2024-06-12T00:00:00+00:00
[2024-06-12T19:49:05.635+0000] {logging_mixin.py:137} INFO - [2024-06-12T19:49:05.634+0000] {dag.py:3441} INFO - Setting next_dagrun for example_branch_datetime_operator_3 to 2024-06-11T00:00:00+00:00, run_after=2024-06-12T00:00:00+00:00
[2024-06-12T19:49:05.881+0000] {processor.py:175} INFO - Processing /home/airflow/.local/lib/python3.7/site-packages/airflow/example_dags/example_branch_datetime_operator.py took 1.512 seconds
[2024-06-12T19:49:36.466+0000] {processor.py:153} INFO - Started process (PID=582) to work on /home/airflow/.local/lib/python3.7/site-packages/airflow/example_dags/example_branch_datetime_operator.py
[2024-06-12T19:49:36.480+0000] {processor.py:743} INFO - Processing file /home/airflow/.local/lib/python3.7/site-packages/airflow/example_dags/example_branch_datetime_operator.py for tasks to queue
[2024-06-12T19:49:36.494+0000] {logging_mixin.py:137} INFO - [2024-06-12T19:49:36.494+0000] {dagbag.py:538} INFO - Filling up the DagBag from /home/airflow/.local/lib/python3.7/site-packages/airflow/example_dags/example_branch_datetime_operator.py
[2024-06-12T19:49:36.681+0000] {processor.py:753} INFO - DAG(s) dict_keys(['example_branch_datetime_operator_3', 'example_branch_datetime_operator_2', 'example_branch_datetime_operator']) retrieved from /home/airflow/.local/lib/python3.7/site-packages/airflow/example_dags/example_branch_datetime_operator.py
[2024-06-12T19:49:37.148+0000] {logging_mixin.py:137} INFO - [2024-06-12T19:49:37.148+0000] {dag.py:2690} INFO - Sync 3 DAGs
[2024-06-12T19:49:37.538+0000] {logging_mixin.py:137} INFO - [2024-06-12T19:49:37.538+0000] {dag.py:3441} INFO - Setting next_dagrun for example_branch_datetime_operator to 2024-06-11T00:00:00+00:00, run_after=2024-06-12T00:00:00+00:00
[2024-06-12T19:49:37.663+0000] {logging_mixin.py:137} INFO - [2024-06-12T19:49:37.652+0000] {dag.py:3441} INFO - Setting next_dagrun for example_branch_datetime_operator_2 to 2024-06-11T00:00:00+00:00, run_after=2024-06-12T00:00:00+00:00
[2024-06-12T19:49:37.817+0000] {logging_mixin.py:137} INFO - [2024-06-12T19:49:37.817+0000] {dag.py:3441} INFO - Setting next_dagrun for example_branch_datetime_operator_3 to 2024-06-11T00:00:00+00:00, run_after=2024-06-12T00:00:00+00:00
[2024-06-12T19:49:38.033+0000] {processor.py:175} INFO - Processing /home/airflow/.local/lib/python3.7/site-packages/airflow/example_dags/example_branch_datetime_operator.py took 1.609 seconds
[2024-06-12T19:50:09.805+0000] {processor.py:153} INFO - Started process (PID=637) to work on /home/airflow/.local/lib/python3.7/site-packages/airflow/example_dags/example_branch_datetime_operator.py
[2024-06-12T19:50:09.818+0000] {processor.py:743} INFO - Processing file /home/airflow/.local/lib/python3.7/site-packages/airflow/example_dags/example_branch_datetime_operator.py for tasks to queue
[2024-06-12T19:50:09.822+0000] {logging_mixin.py:137} INFO - [2024-06-12T19:50:09.821+0000] {dagbag.py:538} INFO - Filling up the DagBag from /home/airflow/.local/lib/python3.7/site-packages/airflow/example_dags/example_branch_datetime_operator.py
[2024-06-12T19:50:10.119+0000] {processor.py:753} INFO - DAG(s) dict_keys(['example_branch_datetime_operator_2', 'example_branch_datetime_operator', 'example_branch_datetime_operator_3']) retrieved from /home/airflow/.local/lib/python3.7/site-packages/airflow/example_dags/example_branch_datetime_operator.py
[2024-06-12T19:50:10.444+0000] {logging_mixin.py:137} INFO - [2024-06-12T19:50:10.433+0000] {dag.py:2690} INFO - Sync 3 DAGs
[2024-06-12T19:50:10.735+0000] {logging_mixin.py:137} INFO - [2024-06-12T19:50:10.735+0000] {dag.py:3441} INFO - Setting next_dagrun for example_branch_datetime_operator to 2024-06-11T00:00:00+00:00, run_after=2024-06-12T00:00:00+00:00
[2024-06-12T19:50:10.805+0000] {logging_mixin.py:137} INFO - [2024-06-12T19:50:10.805+0000] {dag.py:3441} INFO - Setting next_dagrun for example_branch_datetime_operator_2 to 2024-06-11T00:00:00+00:00, run_after=2024-06-12T00:00:00+00:00
[2024-06-12T19:50:10.824+0000] {logging_mixin.py:137} INFO - [2024-06-12T19:50:10.824+0000] {dag.py:3441} INFO - Setting next_dagrun for example_branch_datetime_operator_3 to 2024-06-11T00:00:00+00:00, run_after=2024-06-12T00:00:00+00:00
[2024-06-12T19:50:11.035+0000] {processor.py:175} INFO - Processing /home/airflow/.local/lib/python3.7/site-packages/airflow/example_dags/example_branch_datetime_operator.py took 1.271 seconds
[2024-06-12T19:51:28.509+0000] {processor.py:153} INFO - Started process (PID=724) to work on /home/airflow/.local/lib/python3.7/site-packages/airflow/example_dags/example_branch_datetime_operator.py
[2024-06-12T19:51:28.526+0000] {processor.py:743} INFO - Processing file /home/airflow/.local/lib/python3.7/site-packages/airflow/example_dags/example_branch_datetime_operator.py for tasks to queue
[2024-06-12T19:51:28.529+0000] {logging_mixin.py:137} INFO - [2024-06-12T19:51:28.528+0000] {dagbag.py:538} INFO - Filling up the DagBag from /home/airflow/.local/lib/python3.7/site-packages/airflow/example_dags/example_branch_datetime_operator.py
[2024-06-12T19:51:29.156+0000] {processor.py:753} INFO - DAG(s) dict_keys(['example_branch_datetime_operator_2', 'example_branch_datetime_operator_3', 'example_branch_datetime_operator']) retrieved from /home/airflow/.local/lib/python3.7/site-packages/airflow/example_dags/example_branch_datetime_operator.py
[2024-06-12T19:51:29.876+0000] {logging_mixin.py:137} INFO - [2024-06-12T19:51:29.875+0000] {dag.py:2690} INFO - Sync 3 DAGs
[2024-06-12T19:51:30.258+0000] {logging_mixin.py:137} INFO - [2024-06-12T19:51:30.257+0000] {dag.py:3441} INFO - Setting next_dagrun for example_branch_datetime_operator to 2024-06-11T00:00:00+00:00, run_after=2024-06-12T00:00:00+00:00
[2024-06-12T19:51:30.324+0000] {logging_mixin.py:137} INFO - [2024-06-12T19:51:30.323+0000] {dag.py:3441} INFO - Setting next_dagrun for example_branch_datetime_operator_2 to 2024-06-11T00:00:00+00:00, run_after=2024-06-12T00:00:00+00:00
[2024-06-12T19:51:30.339+0000] {logging_mixin.py:137} INFO - [2024-06-12T19:51:30.339+0000] {dag.py:3441} INFO - Setting next_dagrun for example_branch_datetime_operator_3 to 2024-06-11T00:00:00+00:00, run_after=2024-06-12T00:00:00+00:00
[2024-06-12T19:51:30.746+0000] {processor.py:175} INFO - Processing /home/airflow/.local/lib/python3.7/site-packages/airflow/example_dags/example_branch_datetime_operator.py took 2.309 seconds
[2024-06-12T19:52:22.089+0000] {processor.py:153} INFO - Started process (PID=799) to work on /home/airflow/.local/lib/python3.7/site-packages/airflow/example_dags/example_branch_datetime_operator.py
[2024-06-12T19:52:22.094+0000] {processor.py:743} INFO - Processing file /home/airflow/.local/lib/python3.7/site-packages/airflow/example_dags/example_branch_datetime_operator.py for tasks to queue
[2024-06-12T19:52:22.109+0000] {logging_mixin.py:137} INFO - [2024-06-12T19:52:22.108+0000] {dagbag.py:538} INFO - Filling up the DagBag from /home/airflow/.local/lib/python3.7/site-packages/airflow/example_dags/example_branch_datetime_operator.py
[2024-06-12T19:52:22.381+0000] {processor.py:753} INFO - DAG(s) dict_keys(['example_branch_datetime_operator_3', 'example_branch_datetime_operator', 'example_branch_datetime_operator_2']) retrieved from /home/airflow/.local/lib/python3.7/site-packages/airflow/example_dags/example_branch_datetime_operator.py
[2024-06-12T19:52:22.731+0000] {logging_mixin.py:137} INFO - [2024-06-12T19:52:22.730+0000] {dag.py:2690} INFO - Sync 3 DAGs
[2024-06-12T19:52:23.508+0000] {logging_mixin.py:137} INFO - [2024-06-12T19:52:23.504+0000] {dag.py:3441} INFO - Setting next_dagrun for example_branch_datetime_operator to 2024-06-11T00:00:00+00:00, run_after=2024-06-12T00:00:00+00:00
[2024-06-12T19:52:23.646+0000] {logging_mixin.py:137} INFO - [2024-06-12T19:52:23.646+0000] {dag.py:3441} INFO - Setting next_dagrun for example_branch_datetime_operator_2 to 2024-06-11T00:00:00+00:00, run_after=2024-06-12T00:00:00+00:00
[2024-06-12T19:52:23.766+0000] {logging_mixin.py:137} INFO - [2024-06-12T19:52:23.766+0000] {dag.py:3441} INFO - Setting next_dagrun for example_branch_datetime_operator_3 to 2024-06-11T00:00:00+00:00, run_after=2024-06-12T00:00:00+00:00
[2024-06-12T19:52:24.031+0000] {processor.py:175} INFO - Processing /home/airflow/.local/lib/python3.7/site-packages/airflow/example_dags/example_branch_datetime_operator.py took 1.976 seconds
[2024-06-12T19:53:06.938+0000] {processor.py:153} INFO - Started process (PID=861) to work on /home/airflow/.local/lib/python3.7/site-packages/airflow/example_dags/example_branch_datetime_operator.py
[2024-06-12T19:53:06.947+0000] {processor.py:743} INFO - Processing file /home/airflow/.local/lib/python3.7/site-packages/airflow/example_dags/example_branch_datetime_operator.py for tasks to queue
[2024-06-12T19:53:06.974+0000] {logging_mixin.py:137} INFO - [2024-06-12T19:53:06.973+0000] {dagbag.py:538} INFO - Filling up the DagBag from /home/airflow/.local/lib/python3.7/site-packages/airflow/example_dags/example_branch_datetime_operator.py
[2024-06-12T19:53:07.369+0000] {processor.py:753} INFO - DAG(s) dict_keys(['example_branch_datetime_operator_3', 'example_branch_datetime_operator_2', 'example_branch_datetime_operator']) retrieved from /home/airflow/.local/lib/python3.7/site-packages/airflow/example_dags/example_branch_datetime_operator.py
[2024-06-12T19:53:07.849+0000] {logging_mixin.py:137} INFO - [2024-06-12T19:53:07.848+0000] {dag.py:2690} INFO - Sync 3 DAGs
[2024-06-12T19:53:08.201+0000] {logging_mixin.py:137} INFO - [2024-06-12T19:53:08.201+0000] {dag.py:3441} INFO - Setting next_dagrun for example_branch_datetime_operator to 2024-06-11T00:00:00+00:00, run_after=2024-06-12T00:00:00+00:00
[2024-06-12T19:53:08.266+0000] {logging_mixin.py:137} INFO - [2024-06-12T19:53:08.266+0000] {dag.py:3441} INFO - Setting next_dagrun for example_branch_datetime_operator_2 to 2024-06-11T00:00:00+00:00, run_after=2024-06-12T00:00:00+00:00
[2024-06-12T19:53:08.335+0000] {logging_mixin.py:137} INFO - [2024-06-12T19:53:08.289+0000] {dag.py:3441} INFO - Setting next_dagrun for example_branch_datetime_operator_3 to 2024-06-11T00:00:00+00:00, run_after=2024-06-12T00:00:00+00:00
[2024-06-12T19:53:08.643+0000] {processor.py:175} INFO - Processing /home/airflow/.local/lib/python3.7/site-packages/airflow/example_dags/example_branch_datetime_operator.py took 1.776 seconds
[2024-06-12T19:53:47.279+0000] {processor.py:153} INFO - Started process (PID=925) to work on /home/airflow/.local/lib/python3.7/site-packages/airflow/example_dags/example_branch_datetime_operator.py
[2024-06-12T19:53:47.306+0000] {processor.py:743} INFO - Processing file /home/airflow/.local/lib/python3.7/site-packages/airflow/example_dags/example_branch_datetime_operator.py for tasks to queue
[2024-06-12T19:53:47.308+0000] {logging_mixin.py:137} INFO - [2024-06-12T19:53:47.307+0000] {dagbag.py:538} INFO - Filling up the DagBag from /home/airflow/.local/lib/python3.7/site-packages/airflow/example_dags/example_branch_datetime_operator.py
[2024-06-12T19:53:47.393+0000] {processor.py:753} INFO - DAG(s) dict_keys(['example_branch_datetime_operator_3', 'example_branch_datetime_operator_2', 'example_branch_datetime_operator']) retrieved from /home/airflow/.local/lib/python3.7/site-packages/airflow/example_dags/example_branch_datetime_operator.py
[2024-06-12T19:53:47.623+0000] {logging_mixin.py:137} INFO - [2024-06-12T19:53:47.622+0000] {dag.py:2690} INFO - Sync 3 DAGs
[2024-06-12T19:53:47.957+0000] {logging_mixin.py:137} INFO - [2024-06-12T19:53:47.956+0000] {dag.py:3441} INFO - Setting next_dagrun for example_branch_datetime_operator to 2024-06-11T00:00:00+00:00, run_after=2024-06-12T00:00:00+00:00
[2024-06-12T19:53:47.986+0000] {logging_mixin.py:137} INFO - [2024-06-12T19:53:47.985+0000] {dag.py:3441} INFO - Setting next_dagrun for example_branch_datetime_operator_2 to 2024-06-11T00:00:00+00:00, run_after=2024-06-12T00:00:00+00:00
[2024-06-12T19:53:48.011+0000] {logging_mixin.py:137} INFO - [2024-06-12T19:53:48.010+0000] {dag.py:3441} INFO - Setting next_dagrun for example_branch_datetime_operator_3 to 2024-06-11T00:00:00+00:00, run_after=2024-06-12T00:00:00+00:00
[2024-06-12T19:53:48.388+0000] {processor.py:175} INFO - Processing /home/airflow/.local/lib/python3.7/site-packages/airflow/example_dags/example_branch_datetime_operator.py took 1.129 seconds
[2024-06-12T19:54:26.118+0000] {processor.py:153} INFO - Started process (PID=989) to work on /home/airflow/.local/lib/python3.7/site-packages/airflow/example_dags/example_branch_datetime_operator.py
[2024-06-12T19:54:26.142+0000] {processor.py:743} INFO - Processing file /home/airflow/.local/lib/python3.7/site-packages/airflow/example_dags/example_branch_datetime_operator.py for tasks to queue
[2024-06-12T19:54:26.155+0000] {logging_mixin.py:137} INFO - [2024-06-12T19:54:26.154+0000] {dagbag.py:538} INFO - Filling up the DagBag from /home/airflow/.local/lib/python3.7/site-packages/airflow/example_dags/example_branch_datetime_operator.py
[2024-06-12T19:54:26.436+0000] {processor.py:753} INFO - DAG(s) dict_keys(['example_branch_datetime_operator_2', 'example_branch_datetime_operator', 'example_branch_datetime_operator_3']) retrieved from /home/airflow/.local/lib/python3.7/site-packages/airflow/example_dags/example_branch_datetime_operator.py
[2024-06-12T19:54:26.979+0000] {logging_mixin.py:137} INFO - [2024-06-12T19:54:26.979+0000] {dag.py:2690} INFO - Sync 3 DAGs
[2024-06-12T19:54:27.283+0000] {logging_mixin.py:137} INFO - [2024-06-12T19:54:27.282+0000] {dag.py:3441} INFO - Setting next_dagrun for example_branch_datetime_operator to 2024-06-11T00:00:00+00:00, run_after=2024-06-12T00:00:00+00:00
[2024-06-12T19:54:27.321+0000] {logging_mixin.py:137} INFO - [2024-06-12T19:54:27.309+0000] {dag.py:3441} INFO - Setting next_dagrun for example_branch_datetime_operator_2 to 2024-06-11T00:00:00+00:00, run_after=2024-06-12T00:00:00+00:00
[2024-06-12T19:54:27.641+0000] {logging_mixin.py:137} INFO - [2024-06-12T19:54:27.641+0000] {dag.py:3441} INFO - Setting next_dagrun for example_branch_datetime_operator_3 to 2024-06-11T00:00:00+00:00, run_after=2024-06-12T00:00:00+00:00
[2024-06-12T19:54:28.472+0000] {processor.py:175} INFO - Processing /home/airflow/.local/lib/python3.7/site-packages/airflow/example_dags/example_branch_datetime_operator.py took 2.395 seconds
[2024-06-12T19:55:45.374+0000] {processor.py:153} INFO - Started process (PID=1085) to work on /home/airflow/.local/lib/python3.7/site-packages/airflow/example_dags/example_branch_datetime_operator.py
[2024-06-12T19:55:45.395+0000] {processor.py:743} INFO - Processing file /home/airflow/.local/lib/python3.7/site-packages/airflow/example_dags/example_branch_datetime_operator.py for tasks to queue
[2024-06-12T19:55:45.430+0000] {logging_mixin.py:137} INFO - [2024-06-12T19:55:45.428+0000] {dagbag.py:538} INFO - Filling up the DagBag from /home/airflow/.local/lib/python3.7/site-packages/airflow/example_dags/example_branch_datetime_operator.py
[2024-06-12T19:55:46.124+0000] {processor.py:753} INFO - DAG(s) dict_keys(['example_branch_datetime_operator', 'example_branch_datetime_operator_3', 'example_branch_datetime_operator_2']) retrieved from /home/airflow/.local/lib/python3.7/site-packages/airflow/example_dags/example_branch_datetime_operator.py
[2024-06-12T19:55:46.559+0000] {logging_mixin.py:137} INFO - [2024-06-12T19:55:46.559+0000] {dag.py:2690} INFO - Sync 3 DAGs
[2024-06-12T19:55:47.079+0000] {logging_mixin.py:137} INFO - [2024-06-12T19:55:47.069+0000] {dag.py:3441} INFO - Setting next_dagrun for example_branch_datetime_operator to 2024-06-11T00:00:00+00:00, run_after=2024-06-12T00:00:00+00:00
[2024-06-12T19:55:47.151+0000] {logging_mixin.py:137} INFO - [2024-06-12T19:55:47.151+0000] {dag.py:3441} INFO - Setting next_dagrun for example_branch_datetime_operator_2 to 2024-06-11T00:00:00+00:00, run_after=2024-06-12T00:00:00+00:00
[2024-06-12T19:55:47.227+0000] {logging_mixin.py:137} INFO - [2024-06-12T19:55:47.227+0000] {dag.py:3441} INFO - Setting next_dagrun for example_branch_datetime_operator_3 to 2024-06-11T00:00:00+00:00, run_after=2024-06-12T00:00:00+00:00
[2024-06-12T19:55:47.803+0000] {processor.py:175} INFO - Processing /home/airflow/.local/lib/python3.7/site-packages/airflow/example_dags/example_branch_datetime_operator.py took 2.496 seconds
[2024-06-12T19:56:20.657+0000] {processor.py:153} INFO - Started process (PID=1142) to work on /home/airflow/.local/lib/python3.7/site-packages/airflow/example_dags/example_branch_datetime_operator.py
[2024-06-12T19:56:20.660+0000] {processor.py:743} INFO - Processing file /home/airflow/.local/lib/python3.7/site-packages/airflow/example_dags/example_branch_datetime_operator.py for tasks to queue
[2024-06-12T19:56:20.665+0000] {logging_mixin.py:137} INFO - [2024-06-12T19:56:20.664+0000] {dagbag.py:538} INFO - Filling up the DagBag from /home/airflow/.local/lib/python3.7/site-packages/airflow/example_dags/example_branch_datetime_operator.py
[2024-06-12T19:56:20.800+0000] {processor.py:753} INFO - DAG(s) dict_keys(['example_branch_datetime_operator', 'example_branch_datetime_operator_3', 'example_branch_datetime_operator_2']) retrieved from /home/airflow/.local/lib/python3.7/site-packages/airflow/example_dags/example_branch_datetime_operator.py
[2024-06-12T19:56:21.186+0000] {logging_mixin.py:137} INFO - [2024-06-12T19:56:21.186+0000] {dag.py:2690} INFO - Sync 3 DAGs
[2024-06-12T19:56:21.380+0000] {logging_mixin.py:137} INFO - [2024-06-12T19:56:21.379+0000] {dag.py:3441} INFO - Setting next_dagrun for example_branch_datetime_operator to 2024-06-11T00:00:00+00:00, run_after=2024-06-12T00:00:00+00:00
[2024-06-12T19:56:21.413+0000] {logging_mixin.py:137} INFO - [2024-06-12T19:56:21.413+0000] {dag.py:3441} INFO - Setting next_dagrun for example_branch_datetime_operator_2 to 2024-06-11T00:00:00+00:00, run_after=2024-06-12T00:00:00+00:00
[2024-06-12T19:56:21.430+0000] {logging_mixin.py:137} INFO - [2024-06-12T19:56:21.429+0000] {dag.py:3441} INFO - Setting next_dagrun for example_branch_datetime_operator_3 to 2024-06-11T00:00:00+00:00, run_after=2024-06-12T00:00:00+00:00
[2024-06-12T19:56:21.556+0000] {processor.py:175} INFO - Processing /home/airflow/.local/lib/python3.7/site-packages/airflow/example_dags/example_branch_datetime_operator.py took 0.913 seconds
[2024-06-12T19:57:17.942+0000] {processor.py:153} INFO - Started process (PID=1213) to work on /home/airflow/.local/lib/python3.7/site-packages/airflow/example_dags/example_branch_datetime_operator.py
[2024-06-12T19:57:17.971+0000] {processor.py:743} INFO - Processing file /home/airflow/.local/lib/python3.7/site-packages/airflow/example_dags/example_branch_datetime_operator.py for tasks to queue
[2024-06-12T19:57:18.004+0000] {logging_mixin.py:137} INFO - [2024-06-12T19:57:18.003+0000] {dagbag.py:538} INFO - Filling up the DagBag from /home/airflow/.local/lib/python3.7/site-packages/airflow/example_dags/example_branch_datetime_operator.py
[2024-06-12T19:57:18.453+0000] {processor.py:753} INFO - DAG(s) dict_keys(['example_branch_datetime_operator', 'example_branch_datetime_operator_3', 'example_branch_datetime_operator_2']) retrieved from /home/airflow/.local/lib/python3.7/site-packages/airflow/example_dags/example_branch_datetime_operator.py
[2024-06-12T19:57:19.109+0000] {logging_mixin.py:137} INFO - [2024-06-12T19:57:19.108+0000] {dag.py:2690} INFO - Sync 3 DAGs
[2024-06-12T19:57:19.915+0000] {logging_mixin.py:137} INFO - [2024-06-12T19:57:19.915+0000] {dag.py:3441} INFO - Setting next_dagrun for example_branch_datetime_operator to 2024-06-11T00:00:00+00:00, run_after=2024-06-12T00:00:00+00:00
[2024-06-12T19:57:20.045+0000] {logging_mixin.py:137} INFO - [2024-06-12T19:57:20.044+0000] {dag.py:3441} INFO - Setting next_dagrun for example_branch_datetime_operator_2 to 2024-06-11T00:00:00+00:00, run_after=2024-06-12T00:00:00+00:00
[2024-06-12T19:57:20.110+0000] {logging_mixin.py:137} INFO - [2024-06-12T19:57:20.110+0000] {dag.py:3441} INFO - Setting next_dagrun for example_branch_datetime_operator_3 to 2024-06-11T00:00:00+00:00, run_after=2024-06-12T00:00:00+00:00
[2024-06-12T19:57:20.534+0000] {processor.py:175} INFO - Processing /home/airflow/.local/lib/python3.7/site-packages/airflow/example_dags/example_branch_datetime_operator.py took 2.753 seconds
[2024-06-12T19:59:42.756+0000] {processor.py:153} INFO - Started process (PID=1331) to work on /home/airflow/.local/lib/python3.7/site-packages/airflow/example_dags/example_branch_datetime_operator.py
[2024-06-12T19:59:42.873+0000] {processor.py:743} INFO - Processing file /home/airflow/.local/lib/python3.7/site-packages/airflow/example_dags/example_branch_datetime_operator.py for tasks to queue
[2024-06-12T19:59:43.014+0000] {logging_mixin.py:137} INFO - [2024-06-12T19:59:43.013+0000] {dagbag.py:538} INFO - Filling up the DagBag from /home/airflow/.local/lib/python3.7/site-packages/airflow/example_dags/example_branch_datetime_operator.py
[2024-06-12T19:59:43.988+0000] {processor.py:753} INFO - DAG(s) dict_keys(['example_branch_datetime_operator', 'example_branch_datetime_operator_3', 'example_branch_datetime_operator_2']) retrieved from /home/airflow/.local/lib/python3.7/site-packages/airflow/example_dags/example_branch_datetime_operator.py
[2024-06-12T19:59:45.660+0000] {logging_mixin.py:137} INFO - [2024-06-12T19:59:45.660+0000] {dag.py:2690} INFO - Sync 3 DAGs
[2024-06-12T19:59:47.177+0000] {logging_mixin.py:137} INFO - [2024-06-12T19:59:47.177+0000] {dag.py:3441} INFO - Setting next_dagrun for example_branch_datetime_operator to 2024-06-11T00:00:00+00:00, run_after=2024-06-12T00:00:00+00:00
[2024-06-12T19:59:47.905+0000] {logging_mixin.py:137} INFO - [2024-06-12T19:59:47.863+0000] {dag.py:3441} INFO - Setting next_dagrun for example_branch_datetime_operator_2 to 2024-06-11T00:00:00+00:00, run_after=2024-06-12T00:00:00+00:00
[2024-06-12T19:59:48.380+0000] {logging_mixin.py:137} INFO - [2024-06-12T19:59:48.354+0000] {dag.py:3441} INFO - Setting next_dagrun for example_branch_datetime_operator_3 to 2024-06-11T00:00:00+00:00, run_after=2024-06-12T00:00:00+00:00
[2024-06-12T19:59:49.668+0000] {processor.py:175} INFO - Processing /home/airflow/.local/lib/python3.7/site-packages/airflow/example_dags/example_branch_datetime_operator.py took 7.198 seconds
[2024-06-12T20:02:48.991+0000] {processor.py:153} INFO - Started process (PID=1478) to work on /home/airflow/.local/lib/python3.7/site-packages/airflow/example_dags/example_branch_datetime_operator.py
[2024-06-12T20:02:49.148+0000] {processor.py:743} INFO - Processing file /home/airflow/.local/lib/python3.7/site-packages/airflow/example_dags/example_branch_datetime_operator.py for tasks to queue
[2024-06-12T20:02:49.294+0000] {logging_mixin.py:137} INFO - [2024-06-12T20:02:49.293+0000] {dagbag.py:538} INFO - Filling up the DagBag from /home/airflow/.local/lib/python3.7/site-packages/airflow/example_dags/example_branch_datetime_operator.py
[2024-06-12T20:02:51.965+0000] {processor.py:753} INFO - DAG(s) dict_keys(['example_branch_datetime_operator', 'example_branch_datetime_operator_2', 'example_branch_datetime_operator_3']) retrieved from /home/airflow/.local/lib/python3.7/site-packages/airflow/example_dags/example_branch_datetime_operator.py
[2024-06-12T20:02:52.970+0000] {logging_mixin.py:137} INFO - [2024-06-12T20:02:52.970+0000] {dag.py:2690} INFO - Sync 3 DAGs
[2024-06-12T20:02:54.446+0000] {logging_mixin.py:137} INFO - [2024-06-12T20:02:54.445+0000] {dag.py:3441} INFO - Setting next_dagrun for example_branch_datetime_operator to 2024-06-11T00:00:00+00:00, run_after=2024-06-12T00:00:00+00:00
[2024-06-12T20:02:55.056+0000] {logging_mixin.py:137} INFO - [2024-06-12T20:02:55.055+0000] {dag.py:3441} INFO - Setting next_dagrun for example_branch_datetime_operator_2 to 2024-06-11T00:00:00+00:00, run_after=2024-06-12T00:00:00+00:00
[2024-06-12T20:02:55.198+0000] {logging_mixin.py:137} INFO - [2024-06-12T20:02:55.198+0000] {dag.py:3441} INFO - Setting next_dagrun for example_branch_datetime_operator_3 to 2024-06-11T00:00:00+00:00, run_after=2024-06-12T00:00:00+00:00
[2024-06-12T20:02:56.409+0000] {processor.py:175} INFO - Processing /home/airflow/.local/lib/python3.7/site-packages/airflow/example_dags/example_branch_datetime_operator.py took 7.563 seconds
[2024-06-12T20:08:46.483+0000] {processor.py:153} INFO - Started process (PID=1731) to work on /home/airflow/.local/lib/python3.7/site-packages/airflow/example_dags/example_branch_datetime_operator.py
[2024-06-12T20:08:46.775+0000] {processor.py:743} INFO - Processing file /home/airflow/.local/lib/python3.7/site-packages/airflow/example_dags/example_branch_datetime_operator.py for tasks to queue
[2024-06-12T20:08:46.836+0000] {logging_mixin.py:137} INFO - [2024-06-12T20:08:46.836+0000] {dagbag.py:538} INFO - Filling up the DagBag from /home/airflow/.local/lib/python3.7/site-packages/airflow/example_dags/example_branch_datetime_operator.py
[2024-06-12T20:08:48.279+0000] {processor.py:753} INFO - DAG(s) dict_keys(['example_branch_datetime_operator', 'example_branch_datetime_operator_3', 'example_branch_datetime_operator_2']) retrieved from /home/airflow/.local/lib/python3.7/site-packages/airflow/example_dags/example_branch_datetime_operator.py
[2024-06-12T20:08:51.968+0000] {logging_mixin.py:137} INFO - [2024-06-12T20:08:51.968+0000] {dag.py:2690} INFO - Sync 3 DAGs
[2024-06-12T20:08:54.053+0000] {logging_mixin.py:137} INFO - [2024-06-12T20:08:54.053+0000] {dag.py:3441} INFO - Setting next_dagrun for example_branch_datetime_operator to 2024-06-11T00:00:00+00:00, run_after=2024-06-12T00:00:00+00:00
[2024-06-12T20:08:54.634+0000] {logging_mixin.py:137} INFO - [2024-06-12T20:08:54.633+0000] {dag.py:3441} INFO - Setting next_dagrun for example_branch_datetime_operator_2 to 2024-06-11T00:00:00+00:00, run_after=2024-06-12T00:00:00+00:00
[2024-06-12T20:08:54.730+0000] {logging_mixin.py:137} INFO - [2024-06-12T20:08:54.729+0000] {dag.py:3441} INFO - Setting next_dagrun for example_branch_datetime_operator_3 to 2024-06-11T00:00:00+00:00, run_after=2024-06-12T00:00:00+00:00
[2024-06-12T20:08:56.074+0000] {processor.py:175} INFO - Processing /home/airflow/.local/lib/python3.7/site-packages/airflow/example_dags/example_branch_datetime_operator.py took 9.608 seconds
[2024-06-12T20:13:50.158+0000] {processor.py:153} INFO - Started process (PID=1977) to work on /home/airflow/.local/lib/python3.7/site-packages/airflow/example_dags/example_branch_datetime_operator.py
[2024-06-12T20:13:50.190+0000] {processor.py:743} INFO - Processing file /home/airflow/.local/lib/python3.7/site-packages/airflow/example_dags/example_branch_datetime_operator.py for tasks to queue
[2024-06-12T20:13:50.225+0000] {logging_mixin.py:137} INFO - [2024-06-12T20:13:50.225+0000] {dagbag.py:538} INFO - Filling up the DagBag from /home/airflow/.local/lib/python3.7/site-packages/airflow/example_dags/example_branch_datetime_operator.py
[2024-06-12T20:13:50.689+0000] {processor.py:753} INFO - DAG(s) dict_keys(['example_branch_datetime_operator_2', 'example_branch_datetime_operator_3', 'example_branch_datetime_operator']) retrieved from /home/airflow/.local/lib/python3.7/site-packages/airflow/example_dags/example_branch_datetime_operator.py
[2024-06-12T20:13:51.112+0000] {logging_mixin.py:137} INFO - [2024-06-12T20:13:51.111+0000] {dag.py:2690} INFO - Sync 3 DAGs
[2024-06-12T20:13:51.920+0000] {logging_mixin.py:137} INFO - [2024-06-12T20:13:51.919+0000] {dag.py:3441} INFO - Setting next_dagrun for example_branch_datetime_operator to 2024-06-11T00:00:00+00:00, run_after=2024-06-12T00:00:00+00:00
[2024-06-12T20:13:52.095+0000] {logging_mixin.py:137} INFO - [2024-06-12T20:13:52.062+0000] {dag.py:3441} INFO - Setting next_dagrun for example_branch_datetime_operator_2 to 2024-06-11T00:00:00+00:00, run_after=2024-06-12T00:00:00+00:00
[2024-06-12T20:13:52.197+0000] {logging_mixin.py:137} INFO - [2024-06-12T20:13:52.197+0000] {dag.py:3441} INFO - Setting next_dagrun for example_branch_datetime_operator_3 to 2024-06-11T00:00:00+00:00, run_after=2024-06-12T00:00:00+00:00
[2024-06-12T20:13:52.666+0000] {processor.py:175} INFO - Processing /home/airflow/.local/lib/python3.7/site-packages/airflow/example_dags/example_branch_datetime_operator.py took 2.692 seconds
[2024-06-12T20:15:23.914+0000] {processor.py:153} INFO - Started process (PID=2085) to work on /home/airflow/.local/lib/python3.7/site-packages/airflow/example_dags/example_branch_datetime_operator.py
[2024-06-12T20:15:23.922+0000] {processor.py:743} INFO - Processing file /home/airflow/.local/lib/python3.7/site-packages/airflow/example_dags/example_branch_datetime_operator.py for tasks to queue
[2024-06-12T20:15:23.956+0000] {logging_mixin.py:137} INFO - [2024-06-12T20:15:23.955+0000] {dagbag.py:538} INFO - Filling up the DagBag from /home/airflow/.local/lib/python3.7/site-packages/airflow/example_dags/example_branch_datetime_operator.py
[2024-06-12T20:15:24.846+0000] {processor.py:753} INFO - DAG(s) dict_keys(['example_branch_datetime_operator_3', 'example_branch_datetime_operator', 'example_branch_datetime_operator_2']) retrieved from /home/airflow/.local/lib/python3.7/site-packages/airflow/example_dags/example_branch_datetime_operator.py
[2024-06-12T20:15:26.155+0000] {logging_mixin.py:137} INFO - [2024-06-12T20:15:26.155+0000] {dag.py:2690} INFO - Sync 3 DAGs
[2024-06-12T20:15:27.606+0000] {logging_mixin.py:137} INFO - [2024-06-12T20:15:27.605+0000] {dag.py:3441} INFO - Setting next_dagrun for example_branch_datetime_operator to 2024-06-11T00:00:00+00:00, run_after=2024-06-12T00:00:00+00:00
[2024-06-12T20:15:28.002+0000] {logging_mixin.py:137} INFO - [2024-06-12T20:15:28.001+0000] {dag.py:3441} INFO - Setting next_dagrun for example_branch_datetime_operator_2 to 2024-06-11T00:00:00+00:00, run_after=2024-06-12T00:00:00+00:00
[2024-06-12T20:15:28.052+0000] {logging_mixin.py:137} INFO - [2024-06-12T20:15:28.051+0000] {dag.py:3441} INFO - Setting next_dagrun for example_branch_datetime_operator_3 to 2024-06-11T00:00:00+00:00, run_after=2024-06-12T00:00:00+00:00
[2024-06-12T20:15:28.254+0000] {processor.py:175} INFO - Processing /home/airflow/.local/lib/python3.7/site-packages/airflow/example_dags/example_branch_datetime_operator.py took 4.442 seconds
[2024-06-12T20:16:25.757+0000] {processor.py:153} INFO - Started process (PID=2163) to work on /home/airflow/.local/lib/python3.7/site-packages/airflow/example_dags/example_branch_datetime_operator.py
[2024-06-12T20:16:25.781+0000] {processor.py:743} INFO - Processing file /home/airflow/.local/lib/python3.7/site-packages/airflow/example_dags/example_branch_datetime_operator.py for tasks to queue
[2024-06-12T20:16:25.799+0000] {logging_mixin.py:137} INFO - [2024-06-12T20:16:25.799+0000] {dagbag.py:538} INFO - Filling up the DagBag from /home/airflow/.local/lib/python3.7/site-packages/airflow/example_dags/example_branch_datetime_operator.py
[2024-06-12T20:16:26.332+0000] {processor.py:753} INFO - DAG(s) dict_keys(['example_branch_datetime_operator', 'example_branch_datetime_operator_3', 'example_branch_datetime_operator_2']) retrieved from /home/airflow/.local/lib/python3.7/site-packages/airflow/example_dags/example_branch_datetime_operator.py
[2024-06-12T20:16:27.363+0000] {logging_mixin.py:137} INFO - [2024-06-12T20:16:27.331+0000] {dag.py:2690} INFO - Sync 3 DAGs
[2024-06-12T20:16:27.690+0000] {logging_mixin.py:137} INFO - [2024-06-12T20:16:27.689+0000] {dag.py:3441} INFO - Setting next_dagrun for example_branch_datetime_operator to 2024-06-11T00:00:00+00:00, run_after=2024-06-12T00:00:00+00:00
[2024-06-12T20:16:27.799+0000] {logging_mixin.py:137} INFO - [2024-06-12T20:16:27.798+0000] {dag.py:3441} INFO - Setting next_dagrun for example_branch_datetime_operator_2 to 2024-06-11T00:00:00+00:00, run_after=2024-06-12T00:00:00+00:00
[2024-06-12T20:16:27.921+0000] {logging_mixin.py:137} INFO - [2024-06-12T20:16:27.894+0000] {dag.py:3441} INFO - Setting next_dagrun for example_branch_datetime_operator_3 to 2024-06-11T00:00:00+00:00, run_after=2024-06-12T00:00:00+00:00
[2024-06-12T20:16:28.328+0000] {processor.py:175} INFO - Processing /home/airflow/.local/lib/python3.7/site-packages/airflow/example_dags/example_branch_datetime_operator.py took 2.675 seconds
[2024-06-12T20:17:58.413+0000] {processor.py:153} INFO - Started process (PID=2261) to work on /home/airflow/.local/lib/python3.7/site-packages/airflow/example_dags/example_branch_datetime_operator.py
[2024-06-12T20:17:58.433+0000] {processor.py:743} INFO - Processing file /home/airflow/.local/lib/python3.7/site-packages/airflow/example_dags/example_branch_datetime_operator.py for tasks to queue
[2024-06-12T20:17:58.504+0000] {logging_mixin.py:137} INFO - [2024-06-12T20:17:58.482+0000] {dagbag.py:538} INFO - Filling up the DagBag from /home/airflow/.local/lib/python3.7/site-packages/airflow/example_dags/example_branch_datetime_operator.py
[2024-06-12T20:17:59.735+0000] {processor.py:753} INFO - DAG(s) dict_keys(['example_branch_datetime_operator', 'example_branch_datetime_operator_3', 'example_branch_datetime_operator_2']) retrieved from /home/airflow/.local/lib/python3.7/site-packages/airflow/example_dags/example_branch_datetime_operator.py
[2024-06-12T20:18:00.313+0000] {logging_mixin.py:137} INFO - [2024-06-12T20:18:00.313+0000] {dag.py:2690} INFO - Sync 3 DAGs
[2024-06-12T20:18:01.500+0000] {logging_mixin.py:137} INFO - [2024-06-12T20:18:01.500+0000] {dag.py:3441} INFO - Setting next_dagrun for example_branch_datetime_operator to 2024-06-11T00:00:00+00:00, run_after=2024-06-12T00:00:00+00:00
[2024-06-12T20:18:01.650+0000] {logging_mixin.py:137} INFO - [2024-06-12T20:18:01.650+0000] {dag.py:3441} INFO - Setting next_dagrun for example_branch_datetime_operator_2 to 2024-06-11T00:00:00+00:00, run_after=2024-06-12T00:00:00+00:00
[2024-06-12T20:18:01.777+0000] {logging_mixin.py:137} INFO - [2024-06-12T20:18:01.777+0000] {dag.py:3441} INFO - Setting next_dagrun for example_branch_datetime_operator_3 to 2024-06-11T00:00:00+00:00, run_after=2024-06-12T00:00:00+00:00
[2024-06-12T20:18:02.493+0000] {processor.py:175} INFO - Processing /home/airflow/.local/lib/python3.7/site-packages/airflow/example_dags/example_branch_datetime_operator.py took 4.101 seconds
[2024-06-12T20:19:58.074+0000] {processor.py:153} INFO - Started process (PID=2376) to work on /home/airflow/.local/lib/python3.7/site-packages/airflow/example_dags/example_branch_datetime_operator.py
[2024-06-12T20:19:58.164+0000] {processor.py:743} INFO - Processing file /home/airflow/.local/lib/python3.7/site-packages/airflow/example_dags/example_branch_datetime_operator.py for tasks to queue
[2024-06-12T20:19:58.181+0000] {logging_mixin.py:137} INFO - [2024-06-12T20:19:58.181+0000] {dagbag.py:538} INFO - Filling up the DagBag from /home/airflow/.local/lib/python3.7/site-packages/airflow/example_dags/example_branch_datetime_operator.py
[2024-06-12T20:19:58.977+0000] {processor.py:753} INFO - DAG(s) dict_keys(['example_branch_datetime_operator', 'example_branch_datetime_operator_2', 'example_branch_datetime_operator_3']) retrieved from /home/airflow/.local/lib/python3.7/site-packages/airflow/example_dags/example_branch_datetime_operator.py
[2024-06-12T20:19:59.765+0000] {logging_mixin.py:137} INFO - [2024-06-12T20:19:59.764+0000] {dag.py:2690} INFO - Sync 3 DAGs
[2024-06-12T20:20:00.453+0000] {logging_mixin.py:137} INFO - [2024-06-12T20:20:00.453+0000] {dag.py:3441} INFO - Setting next_dagrun for example_branch_datetime_operator to 2024-06-11T00:00:00+00:00, run_after=2024-06-12T00:00:00+00:00
[2024-06-12T20:20:00.568+0000] {logging_mixin.py:137} INFO - [2024-06-12T20:20:00.568+0000] {dag.py:3441} INFO - Setting next_dagrun for example_branch_datetime_operator_2 to 2024-06-11T00:00:00+00:00, run_after=2024-06-12T00:00:00+00:00
[2024-06-12T20:20:00.589+0000] {logging_mixin.py:137} INFO - [2024-06-12T20:20:00.589+0000] {dag.py:3441} INFO - Setting next_dagrun for example_branch_datetime_operator_3 to 2024-06-11T00:00:00+00:00, run_after=2024-06-12T00:00:00+00:00
[2024-06-12T20:20:00.869+0000] {processor.py:175} INFO - Processing /home/airflow/.local/lib/python3.7/site-packages/airflow/example_dags/example_branch_datetime_operator.py took 2.895 seconds
[2024-06-12T20:22:05.369+0000] {processor.py:153} INFO - Started process (PID=2501) to work on /home/airflow/.local/lib/python3.7/site-packages/airflow/example_dags/example_branch_datetime_operator.py
[2024-06-12T20:22:05.399+0000] {processor.py:743} INFO - Processing file /home/airflow/.local/lib/python3.7/site-packages/airflow/example_dags/example_branch_datetime_operator.py for tasks to queue
[2024-06-12T20:22:05.407+0000] {logging_mixin.py:137} INFO - [2024-06-12T20:22:05.407+0000] {dagbag.py:538} INFO - Filling up the DagBag from /home/airflow/.local/lib/python3.7/site-packages/airflow/example_dags/example_branch_datetime_operator.py
[2024-06-12T20:22:05.975+0000] {processor.py:753} INFO - DAG(s) dict_keys(['example_branch_datetime_operator_3', 'example_branch_datetime_operator', 'example_branch_datetime_operator_2']) retrieved from /home/airflow/.local/lib/python3.7/site-packages/airflow/example_dags/example_branch_datetime_operator.py
[2024-06-12T20:22:06.302+0000] {logging_mixin.py:137} INFO - [2024-06-12T20:22:06.289+0000] {dag.py:2690} INFO - Sync 3 DAGs
[2024-06-12T20:22:06.704+0000] {logging_mixin.py:137} INFO - [2024-06-12T20:22:06.703+0000] {dag.py:3441} INFO - Setting next_dagrun for example_branch_datetime_operator to 2024-06-11T00:00:00+00:00, run_after=2024-06-12T00:00:00+00:00
[2024-06-12T20:22:06.817+0000] {logging_mixin.py:137} INFO - [2024-06-12T20:22:06.816+0000] {dag.py:3441} INFO - Setting next_dagrun for example_branch_datetime_operator_2 to 2024-06-11T00:00:00+00:00, run_after=2024-06-12T00:00:00+00:00
[2024-06-12T20:22:06.967+0000] {logging_mixin.py:137} INFO - [2024-06-12T20:22:06.966+0000] {dag.py:3441} INFO - Setting next_dagrun for example_branch_datetime_operator_3 to 2024-06-11T00:00:00+00:00, run_after=2024-06-12T00:00:00+00:00
[2024-06-12T20:22:07.280+0000] {processor.py:175} INFO - Processing /home/airflow/.local/lib/python3.7/site-packages/airflow/example_dags/example_branch_datetime_operator.py took 1.948 seconds
[2024-06-12T20:24:20.153+0000] {processor.py:153} INFO - Started process (PID=2635) to work on /home/airflow/.local/lib/python3.7/site-packages/airflow/example_dags/example_branch_datetime_operator.py
[2024-06-12T20:24:20.170+0000] {processor.py:743} INFO - Processing file /home/airflow/.local/lib/python3.7/site-packages/airflow/example_dags/example_branch_datetime_operator.py for tasks to queue
[2024-06-12T20:24:20.192+0000] {logging_mixin.py:137} INFO - [2024-06-12T20:24:20.192+0000] {dagbag.py:538} INFO - Filling up the DagBag from /home/airflow/.local/lib/python3.7/site-packages/airflow/example_dags/example_branch_datetime_operator.py
[2024-06-12T20:24:20.808+0000] {processor.py:753} INFO - DAG(s) dict_keys(['example_branch_datetime_operator', 'example_branch_datetime_operator_2', 'example_branch_datetime_operator_3']) retrieved from /home/airflow/.local/lib/python3.7/site-packages/airflow/example_dags/example_branch_datetime_operator.py
[2024-06-12T20:24:22.055+0000] {logging_mixin.py:137} INFO - [2024-06-12T20:24:22.054+0000] {dag.py:2690} INFO - Sync 3 DAGs
[2024-06-12T20:24:22.861+0000] {logging_mixin.py:137} INFO - [2024-06-12T20:24:22.861+0000] {dag.py:3441} INFO - Setting next_dagrun for example_branch_datetime_operator to 2024-06-11T00:00:00+00:00, run_after=2024-06-12T00:00:00+00:00
[2024-06-12T20:24:23.413+0000] {logging_mixin.py:137} INFO - [2024-06-12T20:24:23.413+0000] {dag.py:3441} INFO - Setting next_dagrun for example_branch_datetime_operator_2 to 2024-06-11T00:00:00+00:00, run_after=2024-06-12T00:00:00+00:00
[2024-06-12T20:24:23.633+0000] {logging_mixin.py:137} INFO - [2024-06-12T20:24:23.632+0000] {dag.py:3441} INFO - Setting next_dagrun for example_branch_datetime_operator_3 to 2024-06-11T00:00:00+00:00, run_after=2024-06-12T00:00:00+00:00
[2024-06-12T20:24:24.289+0000] {processor.py:175} INFO - Processing /home/airflow/.local/lib/python3.7/site-packages/airflow/example_dags/example_branch_datetime_operator.py took 4.213 seconds
[2024-06-12T20:26:04.941+0000] {processor.py:153} INFO - Started process (PID=2741) to work on /home/airflow/.local/lib/python3.7/site-packages/airflow/example_dags/example_branch_datetime_operator.py
[2024-06-12T20:26:04.988+0000] {processor.py:743} INFO - Processing file /home/airflow/.local/lib/python3.7/site-packages/airflow/example_dags/example_branch_datetime_operator.py for tasks to queue
[2024-06-12T20:26:05.005+0000] {logging_mixin.py:137} INFO - [2024-06-12T20:26:05.004+0000] {dagbag.py:538} INFO - Filling up the DagBag from /home/airflow/.local/lib/python3.7/site-packages/airflow/example_dags/example_branch_datetime_operator.py
[2024-06-12T20:26:05.922+0000] {processor.py:753} INFO - DAG(s) dict_keys(['example_branch_datetime_operator', 'example_branch_datetime_operator_2', 'example_branch_datetime_operator_3']) retrieved from /home/airflow/.local/lib/python3.7/site-packages/airflow/example_dags/example_branch_datetime_operator.py
[2024-06-12T20:26:07.349+0000] {logging_mixin.py:137} INFO - [2024-06-12T20:26:07.348+0000] {dag.py:2690} INFO - Sync 3 DAGs
[2024-06-12T20:26:08.622+0000] {logging_mixin.py:137} INFO - [2024-06-12T20:26:08.621+0000] {dag.py:3441} INFO - Setting next_dagrun for example_branch_datetime_operator to 2024-06-11T00:00:00+00:00, run_after=2024-06-12T00:00:00+00:00
[2024-06-12T20:26:08.968+0000] {logging_mixin.py:137} INFO - [2024-06-12T20:26:08.859+0000] {dag.py:3441} INFO - Setting next_dagrun for example_branch_datetime_operator_2 to 2024-06-11T00:00:00+00:00, run_after=2024-06-12T00:00:00+00:00
[2024-06-12T20:26:09.185+0000] {logging_mixin.py:137} INFO - [2024-06-12T20:26:09.184+0000] {dag.py:3441} INFO - Setting next_dagrun for example_branch_datetime_operator_3 to 2024-06-11T00:00:00+00:00, run_after=2024-06-12T00:00:00+00:00
[2024-06-12T20:26:09.741+0000] {processor.py:175} INFO - Processing /home/airflow/.local/lib/python3.7/site-packages/airflow/example_dags/example_branch_datetime_operator.py took 4.896 seconds
[2024-06-12T20:28:02.747+0000] {processor.py:153} INFO - Started process (PID=2853) to work on /home/airflow/.local/lib/python3.7/site-packages/airflow/example_dags/example_branch_datetime_operator.py
[2024-06-12T20:28:02.776+0000] {processor.py:743} INFO - Processing file /home/airflow/.local/lib/python3.7/site-packages/airflow/example_dags/example_branch_datetime_operator.py for tasks to queue
[2024-06-12T20:28:02.794+0000] {logging_mixin.py:137} INFO - [2024-06-12T20:28:02.793+0000] {dagbag.py:538} INFO - Filling up the DagBag from /home/airflow/.local/lib/python3.7/site-packages/airflow/example_dags/example_branch_datetime_operator.py
[2024-06-12T20:28:03.392+0000] {processor.py:753} INFO - DAG(s) dict_keys(['example_branch_datetime_operator_2', 'example_branch_datetime_operator', 'example_branch_datetime_operator_3']) retrieved from /home/airflow/.local/lib/python3.7/site-packages/airflow/example_dags/example_branch_datetime_operator.py
[2024-06-12T20:28:04.505+0000] {logging_mixin.py:137} INFO - [2024-06-12T20:28:04.504+0000] {dag.py:2690} INFO - Sync 3 DAGs
[2024-06-12T20:28:04.954+0000] {logging_mixin.py:137} INFO - [2024-06-12T20:28:04.953+0000] {dag.py:3441} INFO - Setting next_dagrun for example_branch_datetime_operator to 2024-06-11T00:00:00+00:00, run_after=2024-06-12T00:00:00+00:00
[2024-06-12T20:28:05.074+0000] {logging_mixin.py:137} INFO - [2024-06-12T20:28:05.074+0000] {dag.py:3441} INFO - Setting next_dagrun for example_branch_datetime_operator_2 to 2024-06-11T00:00:00+00:00, run_after=2024-06-12T00:00:00+00:00
[2024-06-12T20:28:05.112+0000] {logging_mixin.py:137} INFO - [2024-06-12T20:28:05.111+0000] {dag.py:3441} INFO - Setting next_dagrun for example_branch_datetime_operator_3 to 2024-06-11T00:00:00+00:00, run_after=2024-06-12T00:00:00+00:00
[2024-06-12T20:28:05.658+0000] {processor.py:175} INFO - Processing /home/airflow/.local/lib/python3.7/site-packages/airflow/example_dags/example_branch_datetime_operator.py took 3.056 seconds
[2024-06-12T20:29:25.509+0000] {processor.py:153} INFO - Started process (PID=2944) to work on /home/airflow/.local/lib/python3.7/site-packages/airflow/example_dags/example_branch_datetime_operator.py
[2024-06-12T20:29:25.572+0000] {processor.py:743} INFO - Processing file /home/airflow/.local/lib/python3.7/site-packages/airflow/example_dags/example_branch_datetime_operator.py for tasks to queue
[2024-06-12T20:29:25.671+0000] {logging_mixin.py:137} INFO - [2024-06-12T20:29:25.670+0000] {dagbag.py:538} INFO - Filling up the DagBag from /home/airflow/.local/lib/python3.7/site-packages/airflow/example_dags/example_branch_datetime_operator.py
[2024-06-12T20:29:26.310+0000] {processor.py:753} INFO - DAG(s) dict_keys(['example_branch_datetime_operator_3', 'example_branch_datetime_operator_2', 'example_branch_datetime_operator']) retrieved from /home/airflow/.local/lib/python3.7/site-packages/airflow/example_dags/example_branch_datetime_operator.py
[2024-06-12T20:29:27.090+0000] {logging_mixin.py:137} INFO - [2024-06-12T20:29:27.089+0000] {dag.py:2690} INFO - Sync 3 DAGs
[2024-06-12T20:29:27.695+0000] {logging_mixin.py:137} INFO - [2024-06-12T20:29:27.695+0000] {dag.py:3441} INFO - Setting next_dagrun for example_branch_datetime_operator to 2024-06-11T00:00:00+00:00, run_after=2024-06-12T00:00:00+00:00
[2024-06-12T20:29:27.785+0000] {logging_mixin.py:137} INFO - [2024-06-12T20:29:27.785+0000] {dag.py:3441} INFO - Setting next_dagrun for example_branch_datetime_operator_2 to 2024-06-11T00:00:00+00:00, run_after=2024-06-12T00:00:00+00:00
[2024-06-12T20:29:27.825+0000] {logging_mixin.py:137} INFO - [2024-06-12T20:29:27.825+0000] {dag.py:3441} INFO - Setting next_dagrun for example_branch_datetime_operator_3 to 2024-06-11T00:00:00+00:00, run_after=2024-06-12T00:00:00+00:00
[2024-06-12T20:29:28.436+0000] {processor.py:175} INFO - Processing /home/airflow/.local/lib/python3.7/site-packages/airflow/example_dags/example_branch_datetime_operator.py took 3.022 seconds
[2024-06-12T20:30:24.816+0000] {processor.py:153} INFO - Started process (PID=3018) to work on /home/airflow/.local/lib/python3.7/site-packages/airflow/example_dags/example_branch_datetime_operator.py
[2024-06-12T20:30:24.841+0000] {processor.py:743} INFO - Processing file /home/airflow/.local/lib/python3.7/site-packages/airflow/example_dags/example_branch_datetime_operator.py for tasks to queue
[2024-06-12T20:30:24.860+0000] {logging_mixin.py:137} INFO - [2024-06-12T20:30:24.860+0000] {dagbag.py:538} INFO - Filling up the DagBag from /home/airflow/.local/lib/python3.7/site-packages/airflow/example_dags/example_branch_datetime_operator.py
[2024-06-12T20:30:25.392+0000] {processor.py:753} INFO - DAG(s) dict_keys(['example_branch_datetime_operator_3', 'example_branch_datetime_operator', 'example_branch_datetime_operator_2']) retrieved from /home/airflow/.local/lib/python3.7/site-packages/airflow/example_dags/example_branch_datetime_operator.py
[2024-06-12T20:30:26.049+0000] {logging_mixin.py:137} INFO - [2024-06-12T20:30:26.034+0000] {dag.py:2690} INFO - Sync 3 DAGs
[2024-06-12T20:30:26.976+0000] {logging_mixin.py:137} INFO - [2024-06-12T20:30:26.976+0000] {dag.py:3441} INFO - Setting next_dagrun for example_branch_datetime_operator to 2024-06-11T00:00:00+00:00, run_after=2024-06-12T00:00:00+00:00
[2024-06-12T20:30:27.167+0000] {logging_mixin.py:137} INFO - [2024-06-12T20:30:27.167+0000] {dag.py:3441} INFO - Setting next_dagrun for example_branch_datetime_operator_2 to 2024-06-11T00:00:00+00:00, run_after=2024-06-12T00:00:00+00:00
[2024-06-12T20:30:27.282+0000] {logging_mixin.py:137} INFO - [2024-06-12T20:30:27.282+0000] {dag.py:3441} INFO - Setting next_dagrun for example_branch_datetime_operator_3 to 2024-06-11T00:00:00+00:00, run_after=2024-06-12T00:00:00+00:00
[2024-06-12T20:30:27.635+0000] {processor.py:175} INFO - Processing /home/airflow/.local/lib/python3.7/site-packages/airflow/example_dags/example_branch_datetime_operator.py took 2.848 seconds
[2024-06-12T20:31:26.951+0000] {processor.py:153} INFO - Started process (PID=3090) to work on /home/airflow/.local/lib/python3.7/site-packages/airflow/example_dags/example_branch_datetime_operator.py
[2024-06-12T20:31:26.967+0000] {processor.py:743} INFO - Processing file /home/airflow/.local/lib/python3.7/site-packages/airflow/example_dags/example_branch_datetime_operator.py for tasks to queue
[2024-06-12T20:31:26.983+0000] {logging_mixin.py:137} INFO - [2024-06-12T20:31:26.978+0000] {dagbag.py:538} INFO - Filling up the DagBag from /home/airflow/.local/lib/python3.7/site-packages/airflow/example_dags/example_branch_datetime_operator.py
[2024-06-12T20:31:27.247+0000] {processor.py:753} INFO - DAG(s) dict_keys(['example_branch_datetime_operator_2', 'example_branch_datetime_operator', 'example_branch_datetime_operator_3']) retrieved from /home/airflow/.local/lib/python3.7/site-packages/airflow/example_dags/example_branch_datetime_operator.py
[2024-06-12T20:31:28.019+0000] {logging_mixin.py:137} INFO - [2024-06-12T20:31:28.018+0000] {dag.py:2690} INFO - Sync 3 DAGs
[2024-06-12T20:31:28.659+0000] {logging_mixin.py:137} INFO - [2024-06-12T20:31:28.659+0000] {dag.py:3441} INFO - Setting next_dagrun for example_branch_datetime_operator to 2024-06-11T00:00:00+00:00, run_after=2024-06-12T00:00:00+00:00
[2024-06-12T20:31:28.840+0000] {logging_mixin.py:137} INFO - [2024-06-12T20:31:28.839+0000] {dag.py:3441} INFO - Setting next_dagrun for example_branch_datetime_operator_2 to 2024-06-11T00:00:00+00:00, run_after=2024-06-12T00:00:00+00:00
[2024-06-12T20:31:28.872+0000] {logging_mixin.py:137} INFO - [2024-06-12T20:31:28.871+0000] {dag.py:3441} INFO - Setting next_dagrun for example_branch_datetime_operator_3 to 2024-06-11T00:00:00+00:00, run_after=2024-06-12T00:00:00+00:00
[2024-06-12T20:31:29.284+0000] {processor.py:175} INFO - Processing /home/airflow/.local/lib/python3.7/site-packages/airflow/example_dags/example_branch_datetime_operator.py took 2.368 seconds
[2024-06-12T20:32:58.497+0000] {processor.py:153} INFO - Started process (PID=3188) to work on /home/airflow/.local/lib/python3.7/site-packages/airflow/example_dags/example_branch_datetime_operator.py
[2024-06-12T20:32:58.720+0000] {processor.py:743} INFO - Processing file /home/airflow/.local/lib/python3.7/site-packages/airflow/example_dags/example_branch_datetime_operator.py for tasks to queue
[2024-06-12T20:32:58.854+0000] {logging_mixin.py:137} INFO - [2024-06-12T20:32:58.854+0000] {dagbag.py:538} INFO - Filling up the DagBag from /home/airflow/.local/lib/python3.7/site-packages/airflow/example_dags/example_branch_datetime_operator.py
[2024-06-12T20:32:59.363+0000] {processor.py:753} INFO - DAG(s) dict_keys(['example_branch_datetime_operator', 'example_branch_datetime_operator_2', 'example_branch_datetime_operator_3']) retrieved from /home/airflow/.local/lib/python3.7/site-packages/airflow/example_dags/example_branch_datetime_operator.py
[2024-06-12T20:33:00.551+0000] {logging_mixin.py:137} INFO - [2024-06-12T20:33:00.550+0000] {dag.py:2690} INFO - Sync 3 DAGs
[2024-06-12T20:33:00.951+0000] {logging_mixin.py:137} INFO - [2024-06-12T20:33:00.939+0000] {dag.py:3441} INFO - Setting next_dagrun for example_branch_datetime_operator to 2024-06-11T00:00:00+00:00, run_after=2024-06-12T00:00:00+00:00
[2024-06-12T20:33:01.116+0000] {logging_mixin.py:137} INFO - [2024-06-12T20:33:01.115+0000] {dag.py:3441} INFO - Setting next_dagrun for example_branch_datetime_operator_2 to 2024-06-11T00:00:00+00:00, run_after=2024-06-12T00:00:00+00:00
[2024-06-12T20:33:01.307+0000] {logging_mixin.py:137} INFO - [2024-06-12T20:33:01.306+0000] {dag.py:3441} INFO - Setting next_dagrun for example_branch_datetime_operator_3 to 2024-06-11T00:00:00+00:00, run_after=2024-06-12T00:00:00+00:00
[2024-06-12T20:33:01.835+0000] {processor.py:175} INFO - Processing /home/airflow/.local/lib/python3.7/site-packages/airflow/example_dags/example_branch_datetime_operator.py took 3.368 seconds
[2024-06-12T20:34:59.735+0000] {processor.py:153} INFO - Started process (PID=3304) to work on /home/airflow/.local/lib/python3.7/site-packages/airflow/example_dags/example_branch_datetime_operator.py
[2024-06-12T20:34:59.815+0000] {processor.py:743} INFO - Processing file /home/airflow/.local/lib/python3.7/site-packages/airflow/example_dags/example_branch_datetime_operator.py for tasks to queue
[2024-06-12T20:34:59.832+0000] {logging_mixin.py:137} INFO - [2024-06-12T20:34:59.831+0000] {dagbag.py:538} INFO - Filling up the DagBag from /home/airflow/.local/lib/python3.7/site-packages/airflow/example_dags/example_branch_datetime_operator.py
[2024-06-12T20:35:00.892+0000] {processor.py:753} INFO - DAG(s) dict_keys(['example_branch_datetime_operator', 'example_branch_datetime_operator_2', 'example_branch_datetime_operator_3']) retrieved from /home/airflow/.local/lib/python3.7/site-packages/airflow/example_dags/example_branch_datetime_operator.py
[2024-06-12T20:35:02.383+0000] {logging_mixin.py:137} INFO - [2024-06-12T20:35:02.382+0000] {dag.py:2690} INFO - Sync 3 DAGs
[2024-06-12T20:35:03.167+0000] {logging_mixin.py:137} INFO - [2024-06-12T20:35:03.167+0000] {dag.py:3441} INFO - Setting next_dagrun for example_branch_datetime_operator to 2024-06-11T00:00:00+00:00, run_after=2024-06-12T00:00:00+00:00
[2024-06-12T20:35:03.278+0000] {logging_mixin.py:137} INFO - [2024-06-12T20:35:03.278+0000] {dag.py:3441} INFO - Setting next_dagrun for example_branch_datetime_operator_2 to 2024-06-11T00:00:00+00:00, run_after=2024-06-12T00:00:00+00:00
[2024-06-12T20:35:03.354+0000] {logging_mixin.py:137} INFO - [2024-06-12T20:35:03.327+0000] {dag.py:3441} INFO - Setting next_dagrun for example_branch_datetime_operator_3 to 2024-06-11T00:00:00+00:00, run_after=2024-06-12T00:00:00+00:00
[2024-06-12T20:35:04.016+0000] {processor.py:175} INFO - Processing /home/airflow/.local/lib/python3.7/site-packages/airflow/example_dags/example_branch_datetime_operator.py took 4.442 seconds
[2024-06-12T20:37:48.139+0000] {processor.py:153} INFO - Started process (PID=3452) to work on /home/airflow/.local/lib/python3.7/site-packages/airflow/example_dags/example_branch_datetime_operator.py
[2024-06-12T20:37:48.148+0000] {processor.py:743} INFO - Processing file /home/airflow/.local/lib/python3.7/site-packages/airflow/example_dags/example_branch_datetime_operator.py for tasks to queue
[2024-06-12T20:37:48.150+0000] {logging_mixin.py:137} INFO - [2024-06-12T20:37:48.150+0000] {dagbag.py:538} INFO - Filling up the DagBag from /home/airflow/.local/lib/python3.7/site-packages/airflow/example_dags/example_branch_datetime_operator.py
[2024-06-12T20:37:48.722+0000] {processor.py:753} INFO - DAG(s) dict_keys(['example_branch_datetime_operator_2', 'example_branch_datetime_operator_3', 'example_branch_datetime_operator']) retrieved from /home/airflow/.local/lib/python3.7/site-packages/airflow/example_dags/example_branch_datetime_operator.py
[2024-06-12T20:37:50.116+0000] {logging_mixin.py:137} INFO - [2024-06-12T20:37:50.116+0000] {dag.py:2690} INFO - Sync 3 DAGs
[2024-06-12T20:37:51.363+0000] {logging_mixin.py:137} INFO - [2024-06-12T20:37:51.363+0000] {dag.py:3441} INFO - Setting next_dagrun for example_branch_datetime_operator to 2024-06-11T00:00:00+00:00, run_after=2024-06-12T00:00:00+00:00
[2024-06-12T20:37:51.485+0000] {logging_mixin.py:137} INFO - [2024-06-12T20:37:51.484+0000] {dag.py:3441} INFO - Setting next_dagrun for example_branch_datetime_operator_2 to 2024-06-11T00:00:00+00:00, run_after=2024-06-12T00:00:00+00:00
[2024-06-12T20:37:51.610+0000] {logging_mixin.py:137} INFO - [2024-06-12T20:37:51.610+0000] {dag.py:3441} INFO - Setting next_dagrun for example_branch_datetime_operator_3 to 2024-06-11T00:00:00+00:00, run_after=2024-06-12T00:00:00+00:00
[2024-06-12T20:37:51.968+0000] {processor.py:175} INFO - Processing /home/airflow/.local/lib/python3.7/site-packages/airflow/example_dags/example_branch_datetime_operator.py took 3.878 seconds
[2024-06-12T20:39:09.059+0000] {processor.py:153} INFO - Started process (PID=3539) to work on /home/airflow/.local/lib/python3.7/site-packages/airflow/example_dags/example_branch_datetime_operator.py
[2024-06-12T20:39:09.069+0000] {processor.py:743} INFO - Processing file /home/airflow/.local/lib/python3.7/site-packages/airflow/example_dags/example_branch_datetime_operator.py for tasks to queue
[2024-06-12T20:39:09.087+0000] {logging_mixin.py:137} INFO - [2024-06-12T20:39:09.086+0000] {dagbag.py:538} INFO - Filling up the DagBag from /home/airflow/.local/lib/python3.7/site-packages/airflow/example_dags/example_branch_datetime_operator.py
[2024-06-12T20:39:09.297+0000] {processor.py:753} INFO - DAG(s) dict_keys(['example_branch_datetime_operator_2', 'example_branch_datetime_operator_3', 'example_branch_datetime_operator']) retrieved from /home/airflow/.local/lib/python3.7/site-packages/airflow/example_dags/example_branch_datetime_operator.py
[2024-06-12T20:39:09.924+0000] {logging_mixin.py:137} INFO - [2024-06-12T20:39:09.924+0000] {dag.py:2690} INFO - Sync 3 DAGs
[2024-06-12T20:39:10.905+0000] {logging_mixin.py:137} INFO - [2024-06-12T20:39:10.905+0000] {dag.py:3441} INFO - Setting next_dagrun for example_branch_datetime_operator to 2024-06-11T00:00:00+00:00, run_after=2024-06-12T00:00:00+00:00
[2024-06-12T20:39:11.035+0000] {logging_mixin.py:137} INFO - [2024-06-12T20:39:11.035+0000] {dag.py:3441} INFO - Setting next_dagrun for example_branch_datetime_operator_2 to 2024-06-11T00:00:00+00:00, run_after=2024-06-12T00:00:00+00:00
[2024-06-12T20:39:11.129+0000] {logging_mixin.py:137} INFO - [2024-06-12T20:39:11.129+0000] {dag.py:3441} INFO - Setting next_dagrun for example_branch_datetime_operator_3 to 2024-06-11T00:00:00+00:00, run_after=2024-06-12T00:00:00+00:00
[2024-06-12T20:39:11.646+0000] {processor.py:175} INFO - Processing /home/airflow/.local/lib/python3.7/site-packages/airflow/example_dags/example_branch_datetime_operator.py took 2.665 seconds
[2024-06-12T20:40:39.633+0000] {processor.py:153} INFO - Started process (PID=3648) to work on /home/airflow/.local/lib/python3.7/site-packages/airflow/example_dags/example_branch_datetime_operator.py
[2024-06-12T20:40:39.667+0000] {processor.py:743} INFO - Processing file /home/airflow/.local/lib/python3.7/site-packages/airflow/example_dags/example_branch_datetime_operator.py for tasks to queue
[2024-06-12T20:40:39.712+0000] {logging_mixin.py:137} INFO - [2024-06-12T20:40:39.710+0000] {dagbag.py:538} INFO - Filling up the DagBag from /home/airflow/.local/lib/python3.7/site-packages/airflow/example_dags/example_branch_datetime_operator.py
[2024-06-12T20:40:40.148+0000] {processor.py:753} INFO - DAG(s) dict_keys(['example_branch_datetime_operator', 'example_branch_datetime_operator_2', 'example_branch_datetime_operator_3']) retrieved from /home/airflow/.local/lib/python3.7/site-packages/airflow/example_dags/example_branch_datetime_operator.py
[2024-06-12T20:40:40.694+0000] {logging_mixin.py:137} INFO - [2024-06-12T20:40:40.681+0000] {dag.py:2690} INFO - Sync 3 DAGs
[2024-06-12T20:40:41.364+0000] {logging_mixin.py:137} INFO - [2024-06-12T20:40:41.349+0000] {dag.py:3441} INFO - Setting next_dagrun for example_branch_datetime_operator to 2024-06-11T00:00:00+00:00, run_after=2024-06-12T00:00:00+00:00
[2024-06-12T20:40:41.550+0000] {logging_mixin.py:137} INFO - [2024-06-12T20:40:41.550+0000] {dag.py:3441} INFO - Setting next_dagrun for example_branch_datetime_operator_2 to 2024-06-11T00:00:00+00:00, run_after=2024-06-12T00:00:00+00:00
[2024-06-12T20:40:41.657+0000] {logging_mixin.py:137} INFO - [2024-06-12T20:40:41.657+0000] {dag.py:3441} INFO - Setting next_dagrun for example_branch_datetime_operator_3 to 2024-06-11T00:00:00+00:00, run_after=2024-06-12T00:00:00+00:00
[2024-06-12T20:40:42.204+0000] {processor.py:175} INFO - Processing /home/airflow/.local/lib/python3.7/site-packages/airflow/example_dags/example_branch_datetime_operator.py took 2.589 seconds
[2024-06-12T20:41:46.219+0000] {processor.py:153} INFO - Started process (PID=3723) to work on /home/airflow/.local/lib/python3.7/site-packages/airflow/example_dags/example_branch_datetime_operator.py
[2024-06-12T20:41:46.250+0000] {processor.py:743} INFO - Processing file /home/airflow/.local/lib/python3.7/site-packages/airflow/example_dags/example_branch_datetime_operator.py for tasks to queue
[2024-06-12T20:41:46.268+0000] {logging_mixin.py:137} INFO - [2024-06-12T20:41:46.268+0000] {dagbag.py:538} INFO - Filling up the DagBag from /home/airflow/.local/lib/python3.7/site-packages/airflow/example_dags/example_branch_datetime_operator.py
[2024-06-12T20:41:46.684+0000] {processor.py:753} INFO - DAG(s) dict_keys(['example_branch_datetime_operator_3', 'example_branch_datetime_operator', 'example_branch_datetime_operator_2']) retrieved from /home/airflow/.local/lib/python3.7/site-packages/airflow/example_dags/example_branch_datetime_operator.py
[2024-06-12T20:41:47.055+0000] {logging_mixin.py:137} INFO - [2024-06-12T20:41:47.054+0000] {dag.py:2690} INFO - Sync 3 DAGs
[2024-06-12T20:41:47.388+0000] {logging_mixin.py:137} INFO - [2024-06-12T20:41:47.376+0000] {dag.py:3441} INFO - Setting next_dagrun for example_branch_datetime_operator to 2024-06-11T00:00:00+00:00, run_after=2024-06-12T00:00:00+00:00
[2024-06-12T20:41:47.505+0000] {logging_mixin.py:137} INFO - [2024-06-12T20:41:47.505+0000] {dag.py:3441} INFO - Setting next_dagrun for example_branch_datetime_operator_2 to 2024-06-11T00:00:00+00:00, run_after=2024-06-12T00:00:00+00:00
[2024-06-12T20:41:47.609+0000] {logging_mixin.py:137} INFO - [2024-06-12T20:41:47.608+0000] {dag.py:3441} INFO - Setting next_dagrun for example_branch_datetime_operator_3 to 2024-06-11T00:00:00+00:00, run_after=2024-06-12T00:00:00+00:00
[2024-06-12T20:41:47.846+0000] {processor.py:175} INFO - Processing /home/airflow/.local/lib/python3.7/site-packages/airflow/example_dags/example_branch_datetime_operator.py took 1.700 seconds
[2024-06-12T20:43:16.704+0000] {processor.py:153} INFO - Started process (PID=3825) to work on /home/airflow/.local/lib/python3.7/site-packages/airflow/example_dags/example_branch_datetime_operator.py
[2024-06-12T20:43:16.719+0000] {processor.py:743} INFO - Processing file /home/airflow/.local/lib/python3.7/site-packages/airflow/example_dags/example_branch_datetime_operator.py for tasks to queue
[2024-06-12T20:43:16.770+0000] {logging_mixin.py:137} INFO - [2024-06-12T20:43:16.769+0000] {dagbag.py:538} INFO - Filling up the DagBag from /home/airflow/.local/lib/python3.7/site-packages/airflow/example_dags/example_branch_datetime_operator.py
[2024-06-12T20:43:16.977+0000] {processor.py:753} INFO - DAG(s) dict_keys(['example_branch_datetime_operator', 'example_branch_datetime_operator_2', 'example_branch_datetime_operator_3']) retrieved from /home/airflow/.local/lib/python3.7/site-packages/airflow/example_dags/example_branch_datetime_operator.py
[2024-06-12T20:43:17.730+0000] {logging_mixin.py:137} INFO - [2024-06-12T20:43:17.730+0000] {dag.py:2690} INFO - Sync 3 DAGs
[2024-06-12T20:43:18.212+0000] {logging_mixin.py:137} INFO - [2024-06-12T20:43:18.211+0000] {dag.py:3441} INFO - Setting next_dagrun for example_branch_datetime_operator to 2024-06-11T00:00:00+00:00, run_after=2024-06-12T00:00:00+00:00
[2024-06-12T20:43:18.356+0000] {logging_mixin.py:137} INFO - [2024-06-12T20:43:18.356+0000] {dag.py:3441} INFO - Setting next_dagrun for example_branch_datetime_operator_2 to 2024-06-11T00:00:00+00:00, run_after=2024-06-12T00:00:00+00:00
[2024-06-12T20:43:18.409+0000] {logging_mixin.py:137} INFO - [2024-06-12T20:43:18.408+0000] {dag.py:3441} INFO - Setting next_dagrun for example_branch_datetime_operator_3 to 2024-06-11T00:00:00+00:00, run_after=2024-06-12T00:00:00+00:00
[2024-06-12T20:43:18.900+0000] {processor.py:175} INFO - Processing /home/airflow/.local/lib/python3.7/site-packages/airflow/example_dags/example_branch_datetime_operator.py took 2.241 seconds
[2024-06-12T20:44:35.758+0000] {processor.py:153} INFO - Started process (PID=3915) to work on /home/airflow/.local/lib/python3.7/site-packages/airflow/example_dags/example_branch_datetime_operator.py
[2024-06-12T20:44:35.774+0000] {processor.py:743} INFO - Processing file /home/airflow/.local/lib/python3.7/site-packages/airflow/example_dags/example_branch_datetime_operator.py for tasks to queue
[2024-06-12T20:44:35.794+0000] {logging_mixin.py:137} INFO - [2024-06-12T20:44:35.793+0000] {dagbag.py:538} INFO - Filling up the DagBag from /home/airflow/.local/lib/python3.7/site-packages/airflow/example_dags/example_branch_datetime_operator.py
[2024-06-12T20:44:35.967+0000] {processor.py:753} INFO - DAG(s) dict_keys(['example_branch_datetime_operator', 'example_branch_datetime_operator_3', 'example_branch_datetime_operator_2']) retrieved from /home/airflow/.local/lib/python3.7/site-packages/airflow/example_dags/example_branch_datetime_operator.py
[2024-06-12T20:44:36.356+0000] {logging_mixin.py:137} INFO - [2024-06-12T20:44:36.355+0000] {dag.py:2690} INFO - Sync 3 DAGs
[2024-06-12T20:44:37.192+0000] {logging_mixin.py:137} INFO - [2024-06-12T20:44:37.142+0000] {dag.py:3441} INFO - Setting next_dagrun for example_branch_datetime_operator to 2024-06-11T00:00:00+00:00, run_after=2024-06-12T00:00:00+00:00
[2024-06-12T20:44:37.284+0000] {logging_mixin.py:137} INFO - [2024-06-12T20:44:37.283+0000] {dag.py:3441} INFO - Setting next_dagrun for example_branch_datetime_operator_2 to 2024-06-11T00:00:00+00:00, run_after=2024-06-12T00:00:00+00:00
[2024-06-12T20:44:37.383+0000] {logging_mixin.py:137} INFO - [2024-06-12T20:44:37.382+0000] {dag.py:3441} INFO - Setting next_dagrun for example_branch_datetime_operator_3 to 2024-06-11T00:00:00+00:00, run_after=2024-06-12T00:00:00+00:00
[2024-06-12T20:44:37.753+0000] {processor.py:175} INFO - Processing /home/airflow/.local/lib/python3.7/site-packages/airflow/example_dags/example_branch_datetime_operator.py took 2.029 seconds
[2024-06-12T20:45:33.081+0000] {processor.py:153} INFO - Started process (PID=3992) to work on /home/airflow/.local/lib/python3.7/site-packages/airflow/example_dags/example_branch_datetime_operator.py
[2024-06-12T20:45:33.113+0000] {processor.py:743} INFO - Processing file /home/airflow/.local/lib/python3.7/site-packages/airflow/example_dags/example_branch_datetime_operator.py for tasks to queue
[2024-06-12T20:45:33.153+0000] {logging_mixin.py:137} INFO - [2024-06-12T20:45:33.153+0000] {dagbag.py:538} INFO - Filling up the DagBag from /home/airflow/.local/lib/python3.7/site-packages/airflow/example_dags/example_branch_datetime_operator.py
[2024-06-12T20:45:33.529+0000] {processor.py:753} INFO - DAG(s) dict_keys(['example_branch_datetime_operator_3', 'example_branch_datetime_operator', 'example_branch_datetime_operator_2']) retrieved from /home/airflow/.local/lib/python3.7/site-packages/airflow/example_dags/example_branch_datetime_operator.py
[2024-06-12T20:45:34.148+0000] {logging_mixin.py:137} INFO - [2024-06-12T20:45:34.146+0000] {dag.py:2690} INFO - Sync 3 DAGs
[2024-06-12T20:45:34.829+0000] {logging_mixin.py:137} INFO - [2024-06-12T20:45:34.803+0000] {dag.py:3441} INFO - Setting next_dagrun for example_branch_datetime_operator to 2024-06-11T00:00:00+00:00, run_after=2024-06-12T00:00:00+00:00
[2024-06-12T20:45:34.921+0000] {logging_mixin.py:137} INFO - [2024-06-12T20:45:34.921+0000] {dag.py:3441} INFO - Setting next_dagrun for example_branch_datetime_operator_2 to 2024-06-11T00:00:00+00:00, run_after=2024-06-12T00:00:00+00:00
[2024-06-12T20:45:35.061+0000] {logging_mixin.py:137} INFO - [2024-06-12T20:45:35.060+0000] {dag.py:3441} INFO - Setting next_dagrun for example_branch_datetime_operator_3 to 2024-06-11T00:00:00+00:00, run_after=2024-06-12T00:00:00+00:00
[2024-06-12T20:45:35.432+0000] {processor.py:175} INFO - Processing /home/airflow/.local/lib/python3.7/site-packages/airflow/example_dags/example_branch_datetime_operator.py took 2.404 seconds
[2024-06-12T20:47:01.128+0000] {processor.py:153} INFO - Started process (PID=4094) to work on /home/airflow/.local/lib/python3.7/site-packages/airflow/example_dags/example_branch_datetime_operator.py
[2024-06-12T20:47:01.159+0000] {processor.py:743} INFO - Processing file /home/airflow/.local/lib/python3.7/site-packages/airflow/example_dags/example_branch_datetime_operator.py for tasks to queue
[2024-06-12T20:47:01.176+0000] {logging_mixin.py:137} INFO - [2024-06-12T20:47:01.175+0000] {dagbag.py:538} INFO - Filling up the DagBag from /home/airflow/.local/lib/python3.7/site-packages/airflow/example_dags/example_branch_datetime_operator.py
[2024-06-12T20:47:01.464+0000] {processor.py:753} INFO - DAG(s) dict_keys(['example_branch_datetime_operator', 'example_branch_datetime_operator_3', 'example_branch_datetime_operator_2']) retrieved from /home/airflow/.local/lib/python3.7/site-packages/airflow/example_dags/example_branch_datetime_operator.py
[2024-06-12T20:47:02.057+0000] {logging_mixin.py:137} INFO - [2024-06-12T20:47:02.056+0000] {dag.py:2690} INFO - Sync 3 DAGs
[2024-06-12T20:47:02.749+0000] {logging_mixin.py:137} INFO - [2024-06-12T20:47:02.748+0000] {dag.py:3441} INFO - Setting next_dagrun for example_branch_datetime_operator to 2024-06-11T00:00:00+00:00, run_after=2024-06-12T00:00:00+00:00
[2024-06-12T20:47:02.845+0000] {logging_mixin.py:137} INFO - [2024-06-12T20:47:02.845+0000] {dag.py:3441} INFO - Setting next_dagrun for example_branch_datetime_operator_2 to 2024-06-11T00:00:00+00:00, run_after=2024-06-12T00:00:00+00:00
[2024-06-12T20:47:02.988+0000] {logging_mixin.py:137} INFO - [2024-06-12T20:47:02.987+0000] {dag.py:3441} INFO - Setting next_dagrun for example_branch_datetime_operator_3 to 2024-06-11T00:00:00+00:00, run_after=2024-06-12T00:00:00+00:00
[2024-06-12T20:47:03.498+0000] {processor.py:175} INFO - Processing /home/airflow/.local/lib/python3.7/site-packages/airflow/example_dags/example_branch_datetime_operator.py took 2.404 seconds
