[2024-06-12T19:44:24.625+0000] {processor.py:153} INFO - Started process (PID=225) to work on /home/airflow/.local/lib/python3.7/site-packages/airflow/example_dags/example_bash_operator.py
[2024-06-12T19:44:24.628+0000] {processor.py:743} INFO - Processing file /home/airflow/.local/lib/python3.7/site-packages/airflow/example_dags/example_bash_operator.py for tasks to queue
[2024-06-12T19:44:24.678+0000] {logging_mixin.py:137} INFO - [2024-06-12T19:44:24.678+0000] {dagbag.py:538} INFO - Filling up the DagBag from /home/airflow/.local/lib/python3.7/site-packages/airflow/example_dags/example_bash_operator.py
[2024-06-12T19:44:25.389+0000] {processor.py:753} INFO - DAG(s) dict_keys(['example_bash_operator']) retrieved from /home/airflow/.local/lib/python3.7/site-packages/airflow/example_dags/example_bash_operator.py
[2024-06-12T19:44:27.756+0000] {logging_mixin.py:137} INFO - [2024-06-12T19:44:27.756+0000] {dag.py:2690} INFO - Sync 1 DAGs
[2024-06-12T19:44:29.796+0000] {logging_mixin.py:137} INFO - [2024-06-12T19:44:29.796+0000] {dag.py:3441} INFO - Setting next_dagrun for example_bash_operator to 2024-06-11T00:00:00+00:00, run_after=2024-06-12T00:00:00+00:00
[2024-06-12T19:44:31.239+0000] {processor.py:175} INFO - Processing /home/airflow/.local/lib/python3.7/site-packages/airflow/example_dags/example_bash_operator.py took 6.753 seconds
[2024-06-12T19:47:57.805+0000] {processor.py:153} INFO - Started process (PID=405) to work on /home/airflow/.local/lib/python3.7/site-packages/airflow/example_dags/example_bash_operator.py
[2024-06-12T19:47:57.813+0000] {processor.py:743} INFO - Processing file /home/airflow/.local/lib/python3.7/site-packages/airflow/example_dags/example_bash_operator.py for tasks to queue
[2024-06-12T19:47:57.834+0000] {logging_mixin.py:137} INFO - [2024-06-12T19:47:57.834+0000] {dagbag.py:538} INFO - Filling up the DagBag from /home/airflow/.local/lib/python3.7/site-packages/airflow/example_dags/example_bash_operator.py
[2024-06-12T19:47:58.483+0000] {processor.py:753} INFO - DAG(s) dict_keys(['example_bash_operator']) retrieved from /home/airflow/.local/lib/python3.7/site-packages/airflow/example_dags/example_bash_operator.py
[2024-06-12T19:47:59.720+0000] {logging_mixin.py:137} INFO - [2024-06-12T19:47:59.720+0000] {dag.py:2690} INFO - Sync 1 DAGs
[2024-06-12T19:48:00.569+0000] {logging_mixin.py:137} INFO - [2024-06-12T19:48:00.556+0000] {dag.py:3441} INFO - Setting next_dagrun for example_bash_operator to 2024-06-11T00:00:00+00:00, run_after=2024-06-12T00:00:00+00:00
[2024-06-12T19:48:00.908+0000] {processor.py:175} INFO - Processing /home/airflow/.local/lib/python3.7/site-packages/airflow/example_dags/example_bash_operator.py took 3.184 seconds
[2024-06-12T19:48:31.157+0000] {processor.py:153} INFO - Started process (PID=474) to work on /home/airflow/.local/lib/python3.7/site-packages/airflow/example_dags/example_bash_operator.py
[2024-06-12T19:48:31.160+0000] {processor.py:743} INFO - Processing file /home/airflow/.local/lib/python3.7/site-packages/airflow/example_dags/example_bash_operator.py for tasks to queue
[2024-06-12T19:48:31.162+0000] {logging_mixin.py:137} INFO - [2024-06-12T19:48:31.162+0000] {dagbag.py:538} INFO - Filling up the DagBag from /home/airflow/.local/lib/python3.7/site-packages/airflow/example_dags/example_bash_operator.py
[2024-06-12T19:48:31.242+0000] {processor.py:753} INFO - DAG(s) dict_keys(['example_bash_operator']) retrieved from /home/airflow/.local/lib/python3.7/site-packages/airflow/example_dags/example_bash_operator.py
[2024-06-12T19:48:31.379+0000] {logging_mixin.py:137} INFO - [2024-06-12T19:48:31.379+0000] {dag.py:2690} INFO - Sync 1 DAGs
[2024-06-12T19:48:31.485+0000] {logging_mixin.py:137} INFO - [2024-06-12T19:48:31.484+0000] {dag.py:3441} INFO - Setting next_dagrun for example_bash_operator to 2024-06-11T00:00:00+00:00, run_after=2024-06-12T00:00:00+00:00
[2024-06-12T19:48:31.568+0000] {processor.py:175} INFO - Processing /home/airflow/.local/lib/python3.7/site-packages/airflow/example_dags/example_bash_operator.py took 0.422 seconds
[2024-06-12T19:49:11.833+0000] {processor.py:153} INFO - Started process (PID=537) to work on /home/airflow/.local/lib/python3.7/site-packages/airflow/example_dags/example_bash_operator.py
[2024-06-12T19:49:11.850+0000] {processor.py:743} INFO - Processing file /home/airflow/.local/lib/python3.7/site-packages/airflow/example_dags/example_bash_operator.py for tasks to queue
[2024-06-12T19:49:11.868+0000] {logging_mixin.py:137} INFO - [2024-06-12T19:49:11.867+0000] {dagbag.py:538} INFO - Filling up the DagBag from /home/airflow/.local/lib/python3.7/site-packages/airflow/example_dags/example_bash_operator.py
[2024-06-12T19:49:12.424+0000] {processor.py:753} INFO - DAG(s) dict_keys(['example_bash_operator']) retrieved from /home/airflow/.local/lib/python3.7/site-packages/airflow/example_dags/example_bash_operator.py
[2024-06-12T19:49:13.194+0000] {logging_mixin.py:137} INFO - [2024-06-12T19:49:13.193+0000] {dag.py:2690} INFO - Sync 1 DAGs
[2024-06-12T19:49:13.840+0000] {logging_mixin.py:137} INFO - [2024-06-12T19:49:13.839+0000] {dag.py:3441} INFO - Setting next_dagrun for example_bash_operator to 2024-06-11T00:00:00+00:00, run_after=2024-06-12T00:00:00+00:00
[2024-06-12T19:49:14.443+0000] {processor.py:175} INFO - Processing /home/airflow/.local/lib/python3.7/site-packages/airflow/example_dags/example_bash_operator.py took 2.661 seconds
[2024-06-12T19:49:45.086+0000] {processor.py:153} INFO - Started process (PID=596) to work on /home/airflow/.local/lib/python3.7/site-packages/airflow/example_dags/example_bash_operator.py
[2024-06-12T19:49:45.099+0000] {processor.py:743} INFO - Processing file /home/airflow/.local/lib/python3.7/site-packages/airflow/example_dags/example_bash_operator.py for tasks to queue
[2024-06-12T19:49:45.104+0000] {logging_mixin.py:137} INFO - [2024-06-12T19:49:45.103+0000] {dagbag.py:538} INFO - Filling up the DagBag from /home/airflow/.local/lib/python3.7/site-packages/airflow/example_dags/example_bash_operator.py
[2024-06-12T19:49:45.273+0000] {processor.py:753} INFO - DAG(s) dict_keys(['example_bash_operator']) retrieved from /home/airflow/.local/lib/python3.7/site-packages/airflow/example_dags/example_bash_operator.py
[2024-06-12T19:49:45.520+0000] {logging_mixin.py:137} INFO - [2024-06-12T19:49:45.520+0000] {dag.py:2690} INFO - Sync 1 DAGs
[2024-06-12T19:49:46.005+0000] {logging_mixin.py:137} INFO - [2024-06-12T19:49:45.994+0000] {dag.py:3441} INFO - Setting next_dagrun for example_bash_operator to 2024-06-11T00:00:00+00:00, run_after=2024-06-12T00:00:00+00:00
[2024-06-12T19:49:46.165+0000] {processor.py:175} INFO - Processing /home/airflow/.local/lib/python3.7/site-packages/airflow/example_dags/example_bash_operator.py took 1.097 seconds
[2024-06-12T19:50:27.524+0000] {processor.py:153} INFO - Started process (PID=656) to work on /home/airflow/.local/lib/python3.7/site-packages/airflow/example_dags/example_bash_operator.py
[2024-06-12T19:50:27.538+0000] {processor.py:743} INFO - Processing file /home/airflow/.local/lib/python3.7/site-packages/airflow/example_dags/example_bash_operator.py for tasks to queue
[2024-06-12T19:50:27.572+0000] {logging_mixin.py:137} INFO - [2024-06-12T19:50:27.571+0000] {dagbag.py:538} INFO - Filling up the DagBag from /home/airflow/.local/lib/python3.7/site-packages/airflow/example_dags/example_bash_operator.py
[2024-06-12T19:50:27.829+0000] {processor.py:753} INFO - DAG(s) dict_keys(['example_bash_operator']) retrieved from /home/airflow/.local/lib/python3.7/site-packages/airflow/example_dags/example_bash_operator.py
[2024-06-12T19:50:28.244+0000] {logging_mixin.py:137} INFO - [2024-06-12T19:50:28.243+0000] {dag.py:2690} INFO - Sync 1 DAGs
[2024-06-12T19:50:28.946+0000] {logging_mixin.py:137} INFO - [2024-06-12T19:50:28.946+0000] {dag.py:3441} INFO - Setting next_dagrun for example_bash_operator to 2024-06-11T00:00:00+00:00, run_after=2024-06-12T00:00:00+00:00
[2024-06-12T19:50:30.134+0000] {processor.py:175} INFO - Processing /home/airflow/.local/lib/python3.7/site-packages/airflow/example_dags/example_bash_operator.py took 2.640 seconds
[2024-06-12T19:51:43.029+0000] {processor.py:153} INFO - Started process (PID=738) to work on /home/airflow/.local/lib/python3.7/site-packages/airflow/example_dags/example_bash_operator.py
[2024-06-12T19:51:43.085+0000] {processor.py:743} INFO - Processing file /home/airflow/.local/lib/python3.7/site-packages/airflow/example_dags/example_bash_operator.py for tasks to queue
[2024-06-12T19:51:43.170+0000] {logging_mixin.py:137} INFO - [2024-06-12T19:51:43.130+0000] {dagbag.py:538} INFO - Filling up the DagBag from /home/airflow/.local/lib/python3.7/site-packages/airflow/example_dags/example_bash_operator.py
[2024-06-12T19:51:44.074+0000] {processor.py:753} INFO - DAG(s) dict_keys(['example_bash_operator']) retrieved from /home/airflow/.local/lib/python3.7/site-packages/airflow/example_dags/example_bash_operator.py
[2024-06-12T19:51:45.083+0000] {logging_mixin.py:137} INFO - [2024-06-12T19:51:45.083+0000] {dag.py:2690} INFO - Sync 1 DAGs
[2024-06-12T19:51:45.899+0000] {logging_mixin.py:137} INFO - [2024-06-12T19:51:45.899+0000] {dag.py:3441} INFO - Setting next_dagrun for example_bash_operator to 2024-06-11T00:00:00+00:00, run_after=2024-06-12T00:00:00+00:00
[2024-06-12T19:51:46.434+0000] {processor.py:175} INFO - Processing /home/airflow/.local/lib/python3.7/site-packages/airflow/example_dags/example_bash_operator.py took 3.471 seconds
[2024-06-12T19:52:45.536+0000] {processor.py:153} INFO - Started process (PID=825) to work on /home/airflow/.local/lib/python3.7/site-packages/airflow/example_dags/example_bash_operator.py
[2024-06-12T19:52:45.550+0000] {processor.py:743} INFO - Processing file /home/airflow/.local/lib/python3.7/site-packages/airflow/example_dags/example_bash_operator.py for tasks to queue
[2024-06-12T19:52:45.560+0000] {logging_mixin.py:137} INFO - [2024-06-12T19:52:45.556+0000] {dagbag.py:538} INFO - Filling up the DagBag from /home/airflow/.local/lib/python3.7/site-packages/airflow/example_dags/example_bash_operator.py
[2024-06-12T19:52:45.828+0000] {processor.py:753} INFO - DAG(s) dict_keys(['example_bash_operator']) retrieved from /home/airflow/.local/lib/python3.7/site-packages/airflow/example_dags/example_bash_operator.py
[2024-06-12T19:52:46.203+0000] {logging_mixin.py:137} INFO - [2024-06-12T19:52:46.202+0000] {dag.py:2690} INFO - Sync 1 DAGs
[2024-06-12T19:52:46.550+0000] {logging_mixin.py:137} INFO - [2024-06-12T19:52:46.549+0000] {dag.py:3441} INFO - Setting next_dagrun for example_bash_operator to 2024-06-11T00:00:00+00:00, run_after=2024-06-12T00:00:00+00:00
[2024-06-12T19:52:46.792+0000] {processor.py:175} INFO - Processing /home/airflow/.local/lib/python3.7/site-packages/airflow/example_dags/example_bash_operator.py took 1.279 seconds
[2024-06-12T19:53:32.397+0000] {processor.py:153} INFO - Started process (PID=893) to work on /home/airflow/.local/lib/python3.7/site-packages/airflow/example_dags/example_bash_operator.py
[2024-06-12T19:53:32.400+0000] {processor.py:743} INFO - Processing file /home/airflow/.local/lib/python3.7/site-packages/airflow/example_dags/example_bash_operator.py for tasks to queue
[2024-06-12T19:53:32.420+0000] {logging_mixin.py:137} INFO - [2024-06-12T19:53:32.419+0000] {dagbag.py:538} INFO - Filling up the DagBag from /home/airflow/.local/lib/python3.7/site-packages/airflow/example_dags/example_bash_operator.py
[2024-06-12T19:53:32.911+0000] {processor.py:753} INFO - DAG(s) dict_keys(['example_bash_operator']) retrieved from /home/airflow/.local/lib/python3.7/site-packages/airflow/example_dags/example_bash_operator.py
[2024-06-12T19:53:33.727+0000] {logging_mixin.py:137} INFO - [2024-06-12T19:53:33.726+0000] {dag.py:2690} INFO - Sync 1 DAGs
[2024-06-12T19:53:34.250+0000] {logging_mixin.py:137} INFO - [2024-06-12T19:53:34.250+0000] {dag.py:3441} INFO - Setting next_dagrun for example_bash_operator to 2024-06-11T00:00:00+00:00, run_after=2024-06-12T00:00:00+00:00
[2024-06-12T19:53:34.513+0000] {processor.py:175} INFO - Processing /home/airflow/.local/lib/python3.7/site-packages/airflow/example_dags/example_bash_operator.py took 2.132 seconds
[2024-06-12T19:54:09.305+0000] {processor.py:153} INFO - Started process (PID=961) to work on /home/airflow/.local/lib/python3.7/site-packages/airflow/example_dags/example_bash_operator.py
[2024-06-12T19:54:09.310+0000] {processor.py:743} INFO - Processing file /home/airflow/.local/lib/python3.7/site-packages/airflow/example_dags/example_bash_operator.py for tasks to queue
[2024-06-12T19:54:09.323+0000] {logging_mixin.py:137} INFO - [2024-06-12T19:54:09.323+0000] {dagbag.py:538} INFO - Filling up the DagBag from /home/airflow/.local/lib/python3.7/site-packages/airflow/example_dags/example_bash_operator.py
[2024-06-12T19:54:09.597+0000] {processor.py:753} INFO - DAG(s) dict_keys(['example_bash_operator']) retrieved from /home/airflow/.local/lib/python3.7/site-packages/airflow/example_dags/example_bash_operator.py
[2024-06-12T19:54:10.083+0000] {logging_mixin.py:137} INFO - [2024-06-12T19:54:10.083+0000] {dag.py:2690} INFO - Sync 1 DAGs
[2024-06-12T19:54:10.668+0000] {logging_mixin.py:137} INFO - [2024-06-12T19:54:10.667+0000] {dag.py:3441} INFO - Setting next_dagrun for example_bash_operator to 2024-06-11T00:00:00+00:00, run_after=2024-06-12T00:00:00+00:00
[2024-06-12T19:54:11.179+0000] {processor.py:175} INFO - Processing /home/airflow/.local/lib/python3.7/site-packages/airflow/example_dags/example_bash_operator.py took 1.920 seconds
[2024-06-12T19:55:26.478+0000] {processor.py:153} INFO - Started process (PID=1055) to work on /home/airflow/.local/lib/python3.7/site-packages/airflow/example_dags/example_bash_operator.py
[2024-06-12T19:55:26.486+0000] {processor.py:743} INFO - Processing file /home/airflow/.local/lib/python3.7/site-packages/airflow/example_dags/example_bash_operator.py for tasks to queue
[2024-06-12T19:55:26.489+0000] {logging_mixin.py:137} INFO - [2024-06-12T19:55:26.488+0000] {dagbag.py:538} INFO - Filling up the DagBag from /home/airflow/.local/lib/python3.7/site-packages/airflow/example_dags/example_bash_operator.py
[2024-06-12T19:55:27.257+0000] {processor.py:753} INFO - DAG(s) dict_keys(['example_bash_operator']) retrieved from /home/airflow/.local/lib/python3.7/site-packages/airflow/example_dags/example_bash_operator.py
[2024-06-12T19:55:28.037+0000] {logging_mixin.py:137} INFO - [2024-06-12T19:55:28.037+0000] {dag.py:2690} INFO - Sync 1 DAGs
[2024-06-12T19:55:28.813+0000] {logging_mixin.py:137} INFO - [2024-06-12T19:55:28.812+0000] {dag.py:3441} INFO - Setting next_dagrun for example_bash_operator to 2024-06-11T00:00:00+00:00, run_after=2024-06-12T00:00:00+00:00
[2024-06-12T19:55:29.129+0000] {processor.py:175} INFO - Processing /home/airflow/.local/lib/python3.7/site-packages/airflow/example_dags/example_bash_operator.py took 2.736 seconds
[2024-06-12T19:56:15.430+0000] {processor.py:153} INFO - Started process (PID=1128) to work on /home/airflow/.local/lib/python3.7/site-packages/airflow/example_dags/example_bash_operator.py
[2024-06-12T19:56:15.434+0000] {processor.py:743} INFO - Processing file /home/airflow/.local/lib/python3.7/site-packages/airflow/example_dags/example_bash_operator.py for tasks to queue
[2024-06-12T19:56:15.459+0000] {logging_mixin.py:137} INFO - [2024-06-12T19:56:15.438+0000] {dagbag.py:538} INFO - Filling up the DagBag from /home/airflow/.local/lib/python3.7/site-packages/airflow/example_dags/example_bash_operator.py
[2024-06-12T19:56:15.610+0000] {processor.py:753} INFO - DAG(s) dict_keys(['example_bash_operator']) retrieved from /home/airflow/.local/lib/python3.7/site-packages/airflow/example_dags/example_bash_operator.py
[2024-06-12T19:56:16.251+0000] {logging_mixin.py:137} INFO - [2024-06-12T19:56:16.224+0000] {dag.py:2690} INFO - Sync 1 DAGs
[2024-06-12T19:56:16.699+0000] {logging_mixin.py:137} INFO - [2024-06-12T19:56:16.699+0000] {dag.py:3441} INFO - Setting next_dagrun for example_bash_operator to 2024-06-11T00:00:00+00:00, run_after=2024-06-12T00:00:00+00:00
[2024-06-12T19:56:17.004+0000] {processor.py:175} INFO - Processing /home/airflow/.local/lib/python3.7/site-packages/airflow/example_dags/example_bash_operator.py took 1.601 seconds
[2024-06-12T19:57:27.425+0000] {processor.py:153} INFO - Started process (PID=1221) to work on /home/airflow/.local/lib/python3.7/site-packages/airflow/example_dags/example_bash_operator.py
[2024-06-12T19:57:27.428+0000] {processor.py:743} INFO - Processing file /home/airflow/.local/lib/python3.7/site-packages/airflow/example_dags/example_bash_operator.py for tasks to queue
[2024-06-12T19:57:27.442+0000] {logging_mixin.py:137} INFO - [2024-06-12T19:57:27.441+0000] {dagbag.py:538} INFO - Filling up the DagBag from /home/airflow/.local/lib/python3.7/site-packages/airflow/example_dags/example_bash_operator.py
[2024-06-12T19:57:27.705+0000] {processor.py:753} INFO - DAG(s) dict_keys(['example_bash_operator']) retrieved from /home/airflow/.local/lib/python3.7/site-packages/airflow/example_dags/example_bash_operator.py
[2024-06-12T19:57:28.264+0000] {logging_mixin.py:137} INFO - [2024-06-12T19:57:28.264+0000] {dag.py:2690} INFO - Sync 1 DAGs
[2024-06-12T19:57:28.965+0000] {logging_mixin.py:137} INFO - [2024-06-12T19:57:28.964+0000] {dag.py:3441} INFO - Setting next_dagrun for example_bash_operator to 2024-06-11T00:00:00+00:00, run_after=2024-06-12T00:00:00+00:00
[2024-06-12T19:57:29.192+0000] {processor.py:175} INFO - Processing /home/airflow/.local/lib/python3.7/site-packages/airflow/example_dags/example_bash_operator.py took 1.798 seconds
[2024-06-12T20:00:15.682+0000] {processor.py:153} INFO - Started process (PID=1355) to work on /home/airflow/.local/lib/python3.7/site-packages/airflow/example_dags/example_bash_operator.py
[2024-06-12T20:00:16.012+0000] {processor.py:743} INFO - Processing file /home/airflow/.local/lib/python3.7/site-packages/airflow/example_dags/example_bash_operator.py for tasks to queue
[2024-06-12T20:00:16.155+0000] {logging_mixin.py:137} INFO - [2024-06-12T20:00:16.155+0000] {dagbag.py:538} INFO - Filling up the DagBag from /home/airflow/.local/lib/python3.7/site-packages/airflow/example_dags/example_bash_operator.py
[2024-06-12T20:00:17.798+0000] {processor.py:753} INFO - DAG(s) dict_keys(['example_bash_operator']) retrieved from /home/airflow/.local/lib/python3.7/site-packages/airflow/example_dags/example_bash_operator.py
[2024-06-12T20:00:20.405+0000] {logging_mixin.py:137} INFO - [2024-06-12T20:00:20.405+0000] {dag.py:2690} INFO - Sync 1 DAGs
[2024-06-12T20:00:23.632+0000] {logging_mixin.py:137} INFO - [2024-06-12T20:00:23.630+0000] {dag.py:3441} INFO - Setting next_dagrun for example_bash_operator to 2024-06-11T00:00:00+00:00, run_after=2024-06-12T00:00:00+00:00
[2024-06-12T20:00:24.516+0000] {processor.py:175} INFO - Processing /home/airflow/.local/lib/python3.7/site-packages/airflow/example_dags/example_bash_operator.py took 8.965 seconds
[2024-06-12T20:05:33.870+0000] {processor.py:153} INFO - Started process (PID=1597) to work on /home/airflow/.local/lib/python3.7/site-packages/airflow/example_dags/example_bash_operator.py
[2024-06-12T20:05:33.949+0000] {processor.py:743} INFO - Processing file /home/airflow/.local/lib/python3.7/site-packages/airflow/example_dags/example_bash_operator.py for tasks to queue
[2024-06-12T20:05:34.034+0000] {logging_mixin.py:137} INFO - [2024-06-12T20:05:34.033+0000] {dagbag.py:538} INFO - Filling up the DagBag from /home/airflow/.local/lib/python3.7/site-packages/airflow/example_dags/example_bash_operator.py
[2024-06-12T20:05:36.592+0000] {processor.py:753} INFO - DAG(s) dict_keys(['example_bash_operator']) retrieved from /home/airflow/.local/lib/python3.7/site-packages/airflow/example_dags/example_bash_operator.py
[2024-06-12T20:05:39.689+0000] {logging_mixin.py:137} INFO - [2024-06-12T20:05:39.689+0000] {dag.py:2690} INFO - Sync 1 DAGs
[2024-06-12T20:05:42.501+0000] {logging_mixin.py:137} INFO - [2024-06-12T20:05:42.501+0000] {dag.py:3441} INFO - Setting next_dagrun for example_bash_operator to 2024-06-11T00:00:00+00:00, run_after=2024-06-12T00:00:00+00:00
[2024-06-12T20:05:44.703+0000] {processor.py:175} INFO - Processing /home/airflow/.local/lib/python3.7/site-packages/airflow/example_dags/example_bash_operator.py took 10.824 seconds
[2024-06-12T20:12:00.580+0000] {processor.py:153} INFO - Started process (PID=1877) to work on /home/airflow/.local/lib/python3.7/site-packages/airflow/example_dags/example_bash_operator.py
[2024-06-12T20:12:00.658+0000] {processor.py:743} INFO - Processing file /home/airflow/.local/lib/python3.7/site-packages/airflow/example_dags/example_bash_operator.py for tasks to queue
[2024-06-12T20:12:00.721+0000] {logging_mixin.py:137} INFO - [2024-06-12T20:12:00.720+0000] {dagbag.py:538} INFO - Filling up the DagBag from /home/airflow/.local/lib/python3.7/site-packages/airflow/example_dags/example_bash_operator.py
[2024-06-12T20:12:02.875+0000] {processor.py:753} INFO - DAG(s) dict_keys(['example_bash_operator']) retrieved from /home/airflow/.local/lib/python3.7/site-packages/airflow/example_dags/example_bash_operator.py
[2024-06-12T20:12:04.821+0000] {logging_mixin.py:137} INFO - [2024-06-12T20:12:04.820+0000] {dag.py:2690} INFO - Sync 1 DAGs
[2024-06-12T20:12:08.489+0000] {logging_mixin.py:137} INFO - [2024-06-12T20:12:08.488+0000] {dag.py:3441} INFO - Setting next_dagrun for example_bash_operator to 2024-06-11T00:00:00+00:00, run_after=2024-06-12T00:00:00+00:00
[2024-06-12T20:12:10.046+0000] {processor.py:175} INFO - Processing /home/airflow/.local/lib/python3.7/site-packages/airflow/example_dags/example_bash_operator.py took 9.629 seconds
[2024-06-12T20:14:37.667+0000] {processor.py:153} INFO - Started process (PID=2034) to work on /home/airflow/.local/lib/python3.7/site-packages/airflow/example_dags/example_bash_operator.py
[2024-06-12T20:14:37.682+0000] {processor.py:743} INFO - Processing file /home/airflow/.local/lib/python3.7/site-packages/airflow/example_dags/example_bash_operator.py for tasks to queue
[2024-06-12T20:14:37.684+0000] {logging_mixin.py:137} INFO - [2024-06-12T20:14:37.684+0000] {dagbag.py:538} INFO - Filling up the DagBag from /home/airflow/.local/lib/python3.7/site-packages/airflow/example_dags/example_bash_operator.py
[2024-06-12T20:14:38.160+0000] {processor.py:753} INFO - DAG(s) dict_keys(['example_bash_operator']) retrieved from /home/airflow/.local/lib/python3.7/site-packages/airflow/example_dags/example_bash_operator.py
[2024-06-12T20:14:39.937+0000] {logging_mixin.py:137} INFO - [2024-06-12T20:14:39.937+0000] {dag.py:2690} INFO - Sync 1 DAGs
[2024-06-12T20:14:41.749+0000] {logging_mixin.py:137} INFO - [2024-06-12T20:14:41.748+0000] {dag.py:3441} INFO - Setting next_dagrun for example_bash_operator to 2024-06-11T00:00:00+00:00, run_after=2024-06-12T00:00:00+00:00
[2024-06-12T20:14:42.412+0000] {processor.py:175} INFO - Processing /home/airflow/.local/lib/python3.7/site-packages/airflow/example_dags/example_bash_operator.py took 4.862 seconds
[2024-06-12T20:16:03.272+0000] {processor.py:153} INFO - Started process (PID=2129) to work on /home/airflow/.local/lib/python3.7/site-packages/airflow/example_dags/example_bash_operator.py
[2024-06-12T20:16:03.280+0000] {processor.py:743} INFO - Processing file /home/airflow/.local/lib/python3.7/site-packages/airflow/example_dags/example_bash_operator.py for tasks to queue
[2024-06-12T20:16:03.303+0000] {logging_mixin.py:137} INFO - [2024-06-12T20:16:03.302+0000] {dagbag.py:538} INFO - Filling up the DagBag from /home/airflow/.local/lib/python3.7/site-packages/airflow/example_dags/example_bash_operator.py
[2024-06-12T20:16:03.679+0000] {processor.py:753} INFO - DAG(s) dict_keys(['example_bash_operator']) retrieved from /home/airflow/.local/lib/python3.7/site-packages/airflow/example_dags/example_bash_operator.py
[2024-06-12T20:16:04.462+0000] {logging_mixin.py:137} INFO - [2024-06-12T20:16:04.462+0000] {dag.py:2690} INFO - Sync 1 DAGs
[2024-06-12T20:16:05.256+0000] {logging_mixin.py:137} INFO - [2024-06-12T20:16:05.255+0000] {dag.py:3441} INFO - Setting next_dagrun for example_bash_operator to 2024-06-11T00:00:00+00:00, run_after=2024-06-12T00:00:00+00:00
[2024-06-12T20:16:05.609+0000] {processor.py:175} INFO - Processing /home/airflow/.local/lib/python3.7/site-packages/airflow/example_dags/example_bash_operator.py took 2.369 seconds
[2024-06-12T20:17:18.163+0000] {processor.py:153} INFO - Started process (PID=2217) to work on /home/airflow/.local/lib/python3.7/site-packages/airflow/example_dags/example_bash_operator.py
[2024-06-12T20:17:18.180+0000] {processor.py:743} INFO - Processing file /home/airflow/.local/lib/python3.7/site-packages/airflow/example_dags/example_bash_operator.py for tasks to queue
[2024-06-12T20:17:18.197+0000] {logging_mixin.py:137} INFO - [2024-06-12T20:17:18.196+0000] {dagbag.py:538} INFO - Filling up the DagBag from /home/airflow/.local/lib/python3.7/site-packages/airflow/example_dags/example_bash_operator.py
[2024-06-12T20:17:19.021+0000] {processor.py:753} INFO - DAG(s) dict_keys(['example_bash_operator']) retrieved from /home/airflow/.local/lib/python3.7/site-packages/airflow/example_dags/example_bash_operator.py
[2024-06-12T20:17:20.319+0000] {logging_mixin.py:137} INFO - [2024-06-12T20:17:20.318+0000] {dag.py:2690} INFO - Sync 1 DAGs
[2024-06-12T20:17:21.082+0000] {logging_mixin.py:137} INFO - [2024-06-12T20:17:21.081+0000] {dag.py:3441} INFO - Setting next_dagrun for example_bash_operator to 2024-06-11T00:00:00+00:00, run_after=2024-06-12T00:00:00+00:00
[2024-06-12T20:17:21.494+0000] {processor.py:175} INFO - Processing /home/airflow/.local/lib/python3.7/site-packages/airflow/example_dags/example_bash_operator.py took 3.362 seconds
[2024-06-12T20:19:08.945+0000] {processor.py:153} INFO - Started process (PID=2323) to work on /home/airflow/.local/lib/python3.7/site-packages/airflow/example_dags/example_bash_operator.py
[2024-06-12T20:19:08.990+0000] {processor.py:743} INFO - Processing file /home/airflow/.local/lib/python3.7/site-packages/airflow/example_dags/example_bash_operator.py for tasks to queue
[2024-06-12T20:19:08.993+0000] {logging_mixin.py:137} INFO - [2024-06-12T20:19:08.992+0000] {dagbag.py:538} INFO - Filling up the DagBag from /home/airflow/.local/lib/python3.7/site-packages/airflow/example_dags/example_bash_operator.py
[2024-06-12T20:19:09.813+0000] {processor.py:753} INFO - DAG(s) dict_keys(['example_bash_operator']) retrieved from /home/airflow/.local/lib/python3.7/site-packages/airflow/example_dags/example_bash_operator.py
[2024-06-12T20:19:10.722+0000] {logging_mixin.py:137} INFO - [2024-06-12T20:19:10.722+0000] {dag.py:2690} INFO - Sync 1 DAGs
[2024-06-12T20:19:11.878+0000] {logging_mixin.py:137} INFO - [2024-06-12T20:19:11.876+0000] {dag.py:3441} INFO - Setting next_dagrun for example_bash_operator to 2024-06-11T00:00:00+00:00, run_after=2024-06-12T00:00:00+00:00
[2024-06-12T20:19:12.521+0000] {processor.py:175} INFO - Processing /home/airflow/.local/lib/python3.7/site-packages/airflow/example_dags/example_bash_operator.py took 3.809 seconds
[2024-06-12T20:21:07.593+0000] {processor.py:153} INFO - Started process (PID=2446) to work on /home/airflow/.local/lib/python3.7/site-packages/airflow/example_dags/example_bash_operator.py
[2024-06-12T20:21:07.768+0000] {processor.py:743} INFO - Processing file /home/airflow/.local/lib/python3.7/site-packages/airflow/example_dags/example_bash_operator.py for tasks to queue
[2024-06-12T20:21:07.913+0000] {logging_mixin.py:137} INFO - [2024-06-12T20:21:07.913+0000] {dagbag.py:538} INFO - Filling up the DagBag from /home/airflow/.local/lib/python3.7/site-packages/airflow/example_dags/example_bash_operator.py
[2024-06-12T20:21:09.499+0000] {processor.py:753} INFO - DAG(s) dict_keys(['example_bash_operator']) retrieved from /home/airflow/.local/lib/python3.7/site-packages/airflow/example_dags/example_bash_operator.py
[2024-06-12T20:21:11.959+0000] {logging_mixin.py:137} INFO - [2024-06-12T20:21:11.959+0000] {dag.py:2690} INFO - Sync 1 DAGs
[2024-06-12T20:21:12.480+0000] {logging_mixin.py:137} INFO - [2024-06-12T20:21:12.480+0000] {dag.py:3441} INFO - Setting next_dagrun for example_bash_operator to 2024-06-11T00:00:00+00:00, run_after=2024-06-12T00:00:00+00:00
[2024-06-12T20:21:13.185+0000] {processor.py:175} INFO - Processing /home/airflow/.local/lib/python3.7/site-packages/airflow/example_dags/example_bash_operator.py took 5.672 seconds
[2024-06-12T20:23:08.798+0000] {processor.py:153} INFO - Started process (PID=2564) to work on /home/airflow/.local/lib/python3.7/site-packages/airflow/example_dags/example_bash_operator.py
[2024-06-12T20:23:08.813+0000] {processor.py:743} INFO - Processing file /home/airflow/.local/lib/python3.7/site-packages/airflow/example_dags/example_bash_operator.py for tasks to queue
[2024-06-12T20:23:08.880+0000] {logging_mixin.py:137} INFO - [2024-06-12T20:23:08.880+0000] {dagbag.py:538} INFO - Filling up the DagBag from /home/airflow/.local/lib/python3.7/site-packages/airflow/example_dags/example_bash_operator.py
[2024-06-12T20:23:09.595+0000] {processor.py:753} INFO - DAG(s) dict_keys(['example_bash_operator']) retrieved from /home/airflow/.local/lib/python3.7/site-packages/airflow/example_dags/example_bash_operator.py
[2024-06-12T20:23:10.943+0000] {logging_mixin.py:137} INFO - [2024-06-12T20:23:10.943+0000] {dag.py:2690} INFO - Sync 1 DAGs
[2024-06-12T20:23:12.502+0000] {logging_mixin.py:137} INFO - [2024-06-12T20:23:12.502+0000] {dag.py:3441} INFO - Setting next_dagrun for example_bash_operator to 2024-06-11T00:00:00+00:00, run_after=2024-06-12T00:00:00+00:00
[2024-06-12T20:23:13.095+0000] {processor.py:175} INFO - Processing /home/airflow/.local/lib/python3.7/site-packages/airflow/example_dags/example_bash_operator.py took 4.501 seconds
[2024-06-12T20:25:21.284+0000] {processor.py:153} INFO - Started process (PID=2696) to work on /home/airflow/.local/lib/python3.7/site-packages/airflow/example_dags/example_bash_operator.py
[2024-06-12T20:25:21.291+0000] {processor.py:743} INFO - Processing file /home/airflow/.local/lib/python3.7/site-packages/airflow/example_dags/example_bash_operator.py for tasks to queue
[2024-06-12T20:25:21.321+0000] {logging_mixin.py:137} INFO - [2024-06-12T20:25:21.321+0000] {dagbag.py:538} INFO - Filling up the DagBag from /home/airflow/.local/lib/python3.7/site-packages/airflow/example_dags/example_bash_operator.py
[2024-06-12T20:25:21.768+0000] {processor.py:753} INFO - DAG(s) dict_keys(['example_bash_operator']) retrieved from /home/airflow/.local/lib/python3.7/site-packages/airflow/example_dags/example_bash_operator.py
[2024-06-12T20:25:23.151+0000] {logging_mixin.py:137} INFO - [2024-06-12T20:25:23.150+0000] {dag.py:2690} INFO - Sync 1 DAGs
[2024-06-12T20:25:24.021+0000] {logging_mixin.py:137} INFO - [2024-06-12T20:25:24.021+0000] {dag.py:3441} INFO - Setting next_dagrun for example_bash_operator to 2024-06-11T00:00:00+00:00, run_after=2024-06-12T00:00:00+00:00
[2024-06-12T20:25:24.882+0000] {processor.py:175} INFO - Processing /home/airflow/.local/lib/python3.7/site-packages/airflow/example_dags/example_bash_operator.py took 3.719 seconds
[2024-06-12T20:27:16.098+0000] {processor.py:153} INFO - Started process (PID=2804) to work on /home/airflow/.local/lib/python3.7/site-packages/airflow/example_dags/example_bash_operator.py
[2024-06-12T20:27:16.147+0000] {processor.py:743} INFO - Processing file /home/airflow/.local/lib/python3.7/site-packages/airflow/example_dags/example_bash_operator.py for tasks to queue
[2024-06-12T20:27:16.213+0000] {logging_mixin.py:137} INFO - [2024-06-12T20:27:16.212+0000] {dagbag.py:538} INFO - Filling up the DagBag from /home/airflow/.local/lib/python3.7/site-packages/airflow/example_dags/example_bash_operator.py
[2024-06-12T20:27:17.056+0000] {processor.py:753} INFO - DAG(s) dict_keys(['example_bash_operator']) retrieved from /home/airflow/.local/lib/python3.7/site-packages/airflow/example_dags/example_bash_operator.py
[2024-06-12T20:27:18.088+0000] {logging_mixin.py:137} INFO - [2024-06-12T20:27:18.087+0000] {dag.py:2690} INFO - Sync 1 DAGs
[2024-06-12T20:27:18.817+0000] {logging_mixin.py:137} INFO - [2024-06-12T20:27:18.816+0000] {dag.py:3441} INFO - Setting next_dagrun for example_bash_operator to 2024-06-11T00:00:00+00:00, run_after=2024-06-12T00:00:00+00:00
[2024-06-12T20:27:19.232+0000] {processor.py:175} INFO - Processing /home/airflow/.local/lib/python3.7/site-packages/airflow/example_dags/example_bash_operator.py took 3.205 seconds
[2024-06-12T20:28:42.967+0000] {processor.py:153} INFO - Started process (PID=2899) to work on /home/airflow/.local/lib/python3.7/site-packages/airflow/example_dags/example_bash_operator.py
[2024-06-12T20:28:42.982+0000] {processor.py:743} INFO - Processing file /home/airflow/.local/lib/python3.7/site-packages/airflow/example_dags/example_bash_operator.py for tasks to queue
[2024-06-12T20:28:43.046+0000] {logging_mixin.py:137} INFO - [2024-06-12T20:28:43.045+0000] {dagbag.py:538} INFO - Filling up the DagBag from /home/airflow/.local/lib/python3.7/site-packages/airflow/example_dags/example_bash_operator.py
[2024-06-12T20:28:43.976+0000] {processor.py:753} INFO - DAG(s) dict_keys(['example_bash_operator']) retrieved from /home/airflow/.local/lib/python3.7/site-packages/airflow/example_dags/example_bash_operator.py
[2024-06-12T20:28:44.626+0000] {logging_mixin.py:137} INFO - [2024-06-12T20:28:44.626+0000] {dag.py:2690} INFO - Sync 1 DAGs
[2024-06-12T20:28:45.161+0000] {logging_mixin.py:137} INFO - [2024-06-12T20:28:45.134+0000] {dag.py:3441} INFO - Setting next_dagrun for example_bash_operator to 2024-06-11T00:00:00+00:00, run_after=2024-06-12T00:00:00+00:00
[2024-06-12T20:28:45.689+0000] {processor.py:175} INFO - Processing /home/airflow/.local/lib/python3.7/site-packages/airflow/example_dags/example_bash_operator.py took 2.753 seconds
[2024-06-12T20:29:57.904+0000] {processor.py:153} INFO - Started process (PID=2989) to work on /home/airflow/.local/lib/python3.7/site-packages/airflow/example_dags/example_bash_operator.py
[2024-06-12T20:29:58.050+0000] {processor.py:743} INFO - Processing file /home/airflow/.local/lib/python3.7/site-packages/airflow/example_dags/example_bash_operator.py for tasks to queue
[2024-06-12T20:29:58.180+0000] {logging_mixin.py:137} INFO - [2024-06-12T20:29:58.180+0000] {dagbag.py:538} INFO - Filling up the DagBag from /home/airflow/.local/lib/python3.7/site-packages/airflow/example_dags/example_bash_operator.py
[2024-06-12T20:29:58.511+0000] {processor.py:753} INFO - DAG(s) dict_keys(['example_bash_operator']) retrieved from /home/airflow/.local/lib/python3.7/site-packages/airflow/example_dags/example_bash_operator.py
[2024-06-12T20:29:59.500+0000] {logging_mixin.py:137} INFO - [2024-06-12T20:29:59.474+0000] {dag.py:2690} INFO - Sync 1 DAGs
[2024-06-12T20:30:00.103+0000] {logging_mixin.py:137} INFO - [2024-06-12T20:30:00.103+0000] {dag.py:3441} INFO - Setting next_dagrun for example_bash_operator to 2024-06-11T00:00:00+00:00, run_after=2024-06-12T00:00:00+00:00
[2024-06-12T20:30:00.459+0000] {processor.py:175} INFO - Processing /home/airflow/.local/lib/python3.7/site-packages/airflow/example_dags/example_bash_operator.py took 2.663 seconds
[2024-06-12T20:31:32.043+0000] {processor.py:153} INFO - Started process (PID=3093) to work on /home/airflow/.local/lib/python3.7/site-packages/airflow/example_dags/example_bash_operator.py
[2024-06-12T20:31:32.064+0000] {processor.py:743} INFO - Processing file /home/airflow/.local/lib/python3.7/site-packages/airflow/example_dags/example_bash_operator.py for tasks to queue
[2024-06-12T20:31:32.095+0000] {logging_mixin.py:137} INFO - [2024-06-12T20:31:32.094+0000] {dagbag.py:538} INFO - Filling up the DagBag from /home/airflow/.local/lib/python3.7/site-packages/airflow/example_dags/example_bash_operator.py
[2024-06-12T20:31:32.961+0000] {processor.py:753} INFO - DAG(s) dict_keys(['example_bash_operator']) retrieved from /home/airflow/.local/lib/python3.7/site-packages/airflow/example_dags/example_bash_operator.py
[2024-06-12T20:31:34.274+0000] {logging_mixin.py:137} INFO - [2024-06-12T20:31:34.273+0000] {dag.py:2690} INFO - Sync 1 DAGs
[2024-06-12T20:31:34.689+0000] {logging_mixin.py:137} INFO - [2024-06-12T20:31:34.689+0000] {dag.py:3441} INFO - Setting next_dagrun for example_bash_operator to 2024-06-11T00:00:00+00:00, run_after=2024-06-12T00:00:00+00:00
[2024-06-12T20:31:35.336+0000] {processor.py:175} INFO - Processing /home/airflow/.local/lib/python3.7/site-packages/airflow/example_dags/example_bash_operator.py took 3.515 seconds
[2024-06-12T20:33:07.146+0000] {processor.py:153} INFO - Started process (PID=3196) to work on /home/airflow/.local/lib/python3.7/site-packages/airflow/example_dags/example_bash_operator.py
[2024-06-12T20:33:07.305+0000] {processor.py:743} INFO - Processing file /home/airflow/.local/lib/python3.7/site-packages/airflow/example_dags/example_bash_operator.py for tasks to queue
[2024-06-12T20:33:07.353+0000] {logging_mixin.py:137} INFO - [2024-06-12T20:33:07.353+0000] {dagbag.py:538} INFO - Filling up the DagBag from /home/airflow/.local/lib/python3.7/site-packages/airflow/example_dags/example_bash_operator.py
[2024-06-12T20:33:08.013+0000] {processor.py:753} INFO - DAG(s) dict_keys(['example_bash_operator']) retrieved from /home/airflow/.local/lib/python3.7/site-packages/airflow/example_dags/example_bash_operator.py
[2024-06-12T20:33:10.002+0000] {logging_mixin.py:137} INFO - [2024-06-12T20:33:09.923+0000] {dag.py:2690} INFO - Sync 1 DAGs
[2024-06-12T20:33:10.839+0000] {logging_mixin.py:137} INFO - [2024-06-12T20:33:10.838+0000] {dag.py:3441} INFO - Setting next_dagrun for example_bash_operator to 2024-06-11T00:00:00+00:00, run_after=2024-06-12T00:00:00+00:00
[2024-06-12T20:33:11.608+0000] {processor.py:175} INFO - Processing /home/airflow/.local/lib/python3.7/site-packages/airflow/example_dags/example_bash_operator.py took 4.626 seconds
[2024-06-12T20:35:06.421+0000] {processor.py:153} INFO - Started process (PID=3309) to work on /home/airflow/.local/lib/python3.7/site-packages/airflow/example_dags/example_bash_operator.py
[2024-06-12T20:35:06.560+0000] {processor.py:743} INFO - Processing file /home/airflow/.local/lib/python3.7/site-packages/airflow/example_dags/example_bash_operator.py for tasks to queue
[2024-06-12T20:35:06.562+0000] {logging_mixin.py:137} INFO - [2024-06-12T20:35:06.561+0000] {dagbag.py:538} INFO - Filling up the DagBag from /home/airflow/.local/lib/python3.7/site-packages/airflow/example_dags/example_bash_operator.py
[2024-06-12T20:35:07.571+0000] {processor.py:753} INFO - DAG(s) dict_keys(['example_bash_operator']) retrieved from /home/airflow/.local/lib/python3.7/site-packages/airflow/example_dags/example_bash_operator.py
[2024-06-12T20:35:09.114+0000] {logging_mixin.py:137} INFO - [2024-06-12T20:35:09.114+0000] {dag.py:2690} INFO - Sync 1 DAGs
[2024-06-12T20:35:09.971+0000] {logging_mixin.py:137} INFO - [2024-06-12T20:35:09.970+0000] {dag.py:3441} INFO - Setting next_dagrun for example_bash_operator to 2024-06-11T00:00:00+00:00, run_after=2024-06-12T00:00:00+00:00
[2024-06-12T20:35:10.496+0000] {processor.py:175} INFO - Processing /home/airflow/.local/lib/python3.7/site-packages/airflow/example_dags/example_bash_operator.py took 4.093 seconds
[2024-06-12T20:37:55.719+0000] {processor.py:153} INFO - Started process (PID=3458) to work on /home/airflow/.local/lib/python3.7/site-packages/airflow/example_dags/example_bash_operator.py
[2024-06-12T20:37:55.751+0000] {processor.py:743} INFO - Processing file /home/airflow/.local/lib/python3.7/site-packages/airflow/example_dags/example_bash_operator.py for tasks to queue
[2024-06-12T20:37:55.797+0000] {logging_mixin.py:137} INFO - [2024-06-12T20:37:55.797+0000] {dagbag.py:538} INFO - Filling up the DagBag from /home/airflow/.local/lib/python3.7/site-packages/airflow/example_dags/example_bash_operator.py
[2024-06-12T20:37:57.074+0000] {processor.py:753} INFO - DAG(s) dict_keys(['example_bash_operator']) retrieved from /home/airflow/.local/lib/python3.7/site-packages/airflow/example_dags/example_bash_operator.py
[2024-06-12T20:37:58.080+0000] {logging_mixin.py:137} INFO - [2024-06-12T20:37:58.080+0000] {dag.py:2690} INFO - Sync 1 DAGs
[2024-06-12T20:37:58.664+0000] {logging_mixin.py:137} INFO - [2024-06-12T20:37:58.664+0000] {dag.py:3441} INFO - Setting next_dagrun for example_bash_operator to 2024-06-11T00:00:00+00:00, run_after=2024-06-12T00:00:00+00:00
[2024-06-12T20:37:59.157+0000] {processor.py:175} INFO - Processing /home/airflow/.local/lib/python3.7/site-packages/airflow/example_dags/example_bash_operator.py took 3.536 seconds
[2024-06-12T20:39:13.536+0000] {processor.py:153} INFO - Started process (PID=3550) to work on /home/airflow/.local/lib/python3.7/site-packages/airflow/example_dags/example_bash_operator.py
[2024-06-12T20:39:13.580+0000] {processor.py:743} INFO - Processing file /home/airflow/.local/lib/python3.7/site-packages/airflow/example_dags/example_bash_operator.py for tasks to queue
[2024-06-12T20:39:13.613+0000] {logging_mixin.py:137} INFO - [2024-06-12T20:39:13.613+0000] {dagbag.py:538} INFO - Filling up the DagBag from /home/airflow/.local/lib/python3.7/site-packages/airflow/example_dags/example_bash_operator.py
[2024-06-12T20:39:14.111+0000] {processor.py:753} INFO - DAG(s) dict_keys(['example_bash_operator']) retrieved from /home/airflow/.local/lib/python3.7/site-packages/airflow/example_dags/example_bash_operator.py
[2024-06-12T20:39:15.154+0000] {logging_mixin.py:137} INFO - [2024-06-12T20:39:15.154+0000] {dag.py:2690} INFO - Sync 1 DAGs
[2024-06-12T20:39:15.625+0000] {logging_mixin.py:137} INFO - [2024-06-12T20:39:15.613+0000] {dag.py:3441} INFO - Setting next_dagrun for example_bash_operator to 2024-06-11T00:00:00+00:00, run_after=2024-06-12T00:00:00+00:00
[2024-06-12T20:39:16.117+0000] {processor.py:175} INFO - Processing /home/airflow/.local/lib/python3.7/site-packages/airflow/example_dags/example_bash_operator.py took 2.667 seconds
[2024-06-12T20:40:45.589+0000] {processor.py:153} INFO - Started process (PID=3651) to work on /home/airflow/.local/lib/python3.7/site-packages/airflow/example_dags/example_bash_operator.py
[2024-06-12T20:40:45.627+0000] {processor.py:743} INFO - Processing file /home/airflow/.local/lib/python3.7/site-packages/airflow/example_dags/example_bash_operator.py for tasks to queue
[2024-06-12T20:40:45.678+0000] {logging_mixin.py:137} INFO - [2024-06-12T20:40:45.677+0000] {dagbag.py:538} INFO - Filling up the DagBag from /home/airflow/.local/lib/python3.7/site-packages/airflow/example_dags/example_bash_operator.py
[2024-06-12T20:40:46.136+0000] {processor.py:753} INFO - DAG(s) dict_keys(['example_bash_operator']) retrieved from /home/airflow/.local/lib/python3.7/site-packages/airflow/example_dags/example_bash_operator.py
[2024-06-12T20:40:46.640+0000] {logging_mixin.py:137} INFO - [2024-06-12T20:40:46.639+0000] {dag.py:2690} INFO - Sync 1 DAGs
[2024-06-12T20:40:47.218+0000] {logging_mixin.py:137} INFO - [2024-06-12T20:40:47.217+0000] {dag.py:3441} INFO - Setting next_dagrun for example_bash_operator to 2024-06-11T00:00:00+00:00, run_after=2024-06-12T00:00:00+00:00
[2024-06-12T20:40:47.716+0000] {processor.py:175} INFO - Processing /home/airflow/.local/lib/python3.7/site-packages/airflow/example_dags/example_bash_operator.py took 2.262 seconds
[2024-06-12T20:41:49.732+0000] {processor.py:153} INFO - Started process (PID=3726) to work on /home/airflow/.local/lib/python3.7/site-packages/airflow/example_dags/example_bash_operator.py
[2024-06-12T20:41:49.739+0000] {processor.py:743} INFO - Processing file /home/airflow/.local/lib/python3.7/site-packages/airflow/example_dags/example_bash_operator.py for tasks to queue
[2024-06-12T20:41:49.765+0000] {logging_mixin.py:137} INFO - [2024-06-12T20:41:49.764+0000] {dagbag.py:538} INFO - Filling up the DagBag from /home/airflow/.local/lib/python3.7/site-packages/airflow/example_dags/example_bash_operator.py
[2024-06-12T20:41:50.007+0000] {processor.py:753} INFO - DAG(s) dict_keys(['example_bash_operator']) retrieved from /home/airflow/.local/lib/python3.7/site-packages/airflow/example_dags/example_bash_operator.py
[2024-06-12T20:41:50.815+0000] {logging_mixin.py:137} INFO - [2024-06-12T20:41:50.815+0000] {dag.py:2690} INFO - Sync 1 DAGs
[2024-06-12T20:41:51.352+0000] {logging_mixin.py:137} INFO - [2024-06-12T20:41:51.351+0000] {dag.py:3441} INFO - Setting next_dagrun for example_bash_operator to 2024-06-11T00:00:00+00:00, run_after=2024-06-12T00:00:00+00:00
[2024-06-12T20:41:51.726+0000] {processor.py:175} INFO - Processing /home/airflow/.local/lib/python3.7/site-packages/airflow/example_dags/example_bash_operator.py took 2.013 seconds
[2024-06-12T20:43:21.621+0000] {processor.py:153} INFO - Started process (PID=3838) to work on /home/airflow/.local/lib/python3.7/site-packages/airflow/example_dags/example_bash_operator.py
[2024-06-12T20:43:21.650+0000] {processor.py:743} INFO - Processing file /home/airflow/.local/lib/python3.7/site-packages/airflow/example_dags/example_bash_operator.py for tasks to queue
[2024-06-12T20:43:21.668+0000] {logging_mixin.py:137} INFO - [2024-06-12T20:43:21.667+0000] {dagbag.py:538} INFO - Filling up the DagBag from /home/airflow/.local/lib/python3.7/site-packages/airflow/example_dags/example_bash_operator.py
[2024-06-12T20:43:22.307+0000] {processor.py:753} INFO - DAG(s) dict_keys(['example_bash_operator']) retrieved from /home/airflow/.local/lib/python3.7/site-packages/airflow/example_dags/example_bash_operator.py
[2024-06-12T20:43:23.691+0000] {logging_mixin.py:137} INFO - [2024-06-12T20:43:23.691+0000] {dag.py:2690} INFO - Sync 1 DAGs
[2024-06-12T20:43:24.728+0000] {logging_mixin.py:137} INFO - [2024-06-12T20:43:24.716+0000] {dag.py:3441} INFO - Setting next_dagrun for example_bash_operator to 2024-06-11T00:00:00+00:00, run_after=2024-06-12T00:00:00+00:00
[2024-06-12T20:43:25.663+0000] {processor.py:175} INFO - Processing /home/airflow/.local/lib/python3.7/site-packages/airflow/example_dags/example_bash_operator.py took 4.112 seconds
[2024-06-12T20:44:38.605+0000] {processor.py:153} INFO - Started process (PID=3918) to work on /home/airflow/.local/lib/python3.7/site-packages/airflow/example_dags/example_bash_operator.py
[2024-06-12T20:44:38.652+0000] {processor.py:743} INFO - Processing file /home/airflow/.local/lib/python3.7/site-packages/airflow/example_dags/example_bash_operator.py for tasks to queue
[2024-06-12T20:44:38.669+0000] {logging_mixin.py:137} INFO - [2024-06-12T20:44:38.668+0000] {dagbag.py:538} INFO - Filling up the DagBag from /home/airflow/.local/lib/python3.7/site-packages/airflow/example_dags/example_bash_operator.py
[2024-06-12T20:44:38.983+0000] {processor.py:753} INFO - DAG(s) dict_keys(['example_bash_operator']) retrieved from /home/airflow/.local/lib/python3.7/site-packages/airflow/example_dags/example_bash_operator.py
[2024-06-12T20:44:39.421+0000] {logging_mixin.py:137} INFO - [2024-06-12T20:44:39.421+0000] {dag.py:2690} INFO - Sync 1 DAGs
[2024-06-12T20:44:40.082+0000] {logging_mixin.py:137} INFO - [2024-06-12T20:44:40.081+0000] {dag.py:3441} INFO - Setting next_dagrun for example_bash_operator to 2024-06-11T00:00:00+00:00, run_after=2024-06-12T00:00:00+00:00
[2024-06-12T20:44:41.009+0000] {processor.py:175} INFO - Processing /home/airflow/.local/lib/python3.7/site-packages/airflow/example_dags/example_bash_operator.py took 2.431 seconds
[2024-06-12T20:46:01.106+0000] {processor.py:153} INFO - Started process (PID=4021) to work on /home/airflow/.local/lib/python3.7/site-packages/airflow/example_dags/example_bash_operator.py
[2024-06-12T20:46:01.118+0000] {processor.py:743} INFO - Processing file /home/airflow/.local/lib/python3.7/site-packages/airflow/example_dags/example_bash_operator.py for tasks to queue
[2024-06-12T20:46:01.122+0000] {logging_mixin.py:137} INFO - [2024-06-12T20:46:01.122+0000] {dagbag.py:538} INFO - Filling up the DagBag from /home/airflow/.local/lib/python3.7/site-packages/airflow/example_dags/example_bash_operator.py
[2024-06-12T20:46:01.418+0000] {processor.py:753} INFO - DAG(s) dict_keys(['example_bash_operator']) retrieved from /home/airflow/.local/lib/python3.7/site-packages/airflow/example_dags/example_bash_operator.py
[2024-06-12T20:46:02.198+0000] {logging_mixin.py:137} INFO - [2024-06-12T20:46:02.198+0000] {dag.py:2690} INFO - Sync 1 DAGs
[2024-06-12T20:46:02.744+0000] {logging_mixin.py:137} INFO - [2024-06-12T20:46:02.744+0000] {dag.py:3441} INFO - Setting next_dagrun for example_bash_operator to 2024-06-11T00:00:00+00:00, run_after=2024-06-12T00:00:00+00:00
[2024-06-12T20:46:03.065+0000] {processor.py:175} INFO - Processing /home/airflow/.local/lib/python3.7/site-packages/airflow/example_dags/example_bash_operator.py took 2.015 seconds
[2024-06-12T20:47:43.495+0000] {processor.py:153} INFO - Started process (PID=4139) to work on /home/airflow/.local/lib/python3.7/site-packages/airflow/example_dags/example_bash_operator.py
[2024-06-12T20:47:43.559+0000] {processor.py:743} INFO - Processing file /home/airflow/.local/lib/python3.7/site-packages/airflow/example_dags/example_bash_operator.py for tasks to queue
[2024-06-12T20:47:43.576+0000] {logging_mixin.py:137} INFO - [2024-06-12T20:47:43.576+0000] {dagbag.py:538} INFO - Filling up the DagBag from /home/airflow/.local/lib/python3.7/site-packages/airflow/example_dags/example_bash_operator.py
[2024-06-12T20:47:44.027+0000] {processor.py:753} INFO - DAG(s) dict_keys(['example_bash_operator']) retrieved from /home/airflow/.local/lib/python3.7/site-packages/airflow/example_dags/example_bash_operator.py
[2024-06-12T20:47:44.892+0000] {logging_mixin.py:137} INFO - [2024-06-12T20:47:44.892+0000] {dag.py:2690} INFO - Sync 1 DAGs
[2024-06-12T20:47:45.829+0000] {logging_mixin.py:137} INFO - [2024-06-12T20:47:45.829+0000] {dag.py:3441} INFO - Setting next_dagrun for example_bash_operator to 2024-06-11T00:00:00+00:00, run_after=2024-06-12T00:00:00+00:00
[2024-06-12T20:47:46.377+0000] {processor.py:175} INFO - Processing /home/airflow/.local/lib/python3.7/site-packages/airflow/example_dags/example_bash_operator.py took 2.941 seconds
