[2024-06-12T19:44:14.750+0000] {processor.py:153} INFO - Started process (PID=211) to work on /home/airflow/.local/lib/python3.7/site-packages/airflow/example_dags/tutorial_taskflow_api_virtualenv.py
[2024-06-12T19:44:14.767+0000] {processor.py:743} INFO - Processing file /home/airflow/.local/lib/python3.7/site-packages/airflow/example_dags/tutorial_taskflow_api_virtualenv.py for tasks to queue
[2024-06-12T19:44:14.786+0000] {logging_mixin.py:137} INFO - [2024-06-12T19:44:14.785+0000] {dagbag.py:538} INFO - Filling up the DagBag from /home/airflow/.local/lib/python3.7/site-packages/airflow/example_dags/tutorial_taskflow_api_virtualenv.py
[2024-06-12T19:44:15.991+0000] {processor.py:753} INFO - DAG(s) dict_keys(['tutorial_taskflow_api_virtualenv']) retrieved from /home/airflow/.local/lib/python3.7/site-packages/airflow/example_dags/tutorial_taskflow_api_virtualenv.py
[2024-06-12T19:44:16.816+0000] {logging_mixin.py:137} INFO - [2024-06-12T19:44:16.815+0000] {dag.py:2690} INFO - Sync 1 DAGs
[2024-06-12T19:44:18.426+0000] {logging_mixin.py:137} INFO - [2024-06-12T19:44:18.426+0000] {dag.py:3441} INFO - Setting next_dagrun for tutorial_taskflow_api_virtualenv to None, run_after=None
[2024-06-12T19:44:19.436+0000] {processor.py:175} INFO - Processing /home/airflow/.local/lib/python3.7/site-packages/airflow/example_dags/tutorial_taskflow_api_virtualenv.py took 4.773 seconds
[2024-06-12T19:47:52.000+0000] {processor.py:153} INFO - Started process (PID=399) to work on /home/airflow/.local/lib/python3.7/site-packages/airflow/example_dags/tutorial_taskflow_api_virtualenv.py
[2024-06-12T19:47:52.002+0000] {processor.py:743} INFO - Processing file /home/airflow/.local/lib/python3.7/site-packages/airflow/example_dags/tutorial_taskflow_api_virtualenv.py for tasks to queue
[2024-06-12T19:47:52.018+0000] {logging_mixin.py:137} INFO - [2024-06-12T19:47:52.017+0000] {dagbag.py:538} INFO - Filling up the DagBag from /home/airflow/.local/lib/python3.7/site-packages/airflow/example_dags/tutorial_taskflow_api_virtualenv.py
[2024-06-12T19:47:52.727+0000] {processor.py:753} INFO - DAG(s) dict_keys(['tutorial_taskflow_api_virtualenv']) retrieved from /home/airflow/.local/lib/python3.7/site-packages/airflow/example_dags/tutorial_taskflow_api_virtualenv.py
[2024-06-12T19:47:53.134+0000] {logging_mixin.py:137} INFO - [2024-06-12T19:47:53.133+0000] {dag.py:2690} INFO - Sync 1 DAGs
[2024-06-12T19:47:53.720+0000] {logging_mixin.py:137} INFO - [2024-06-12T19:47:53.720+0000] {dag.py:3441} INFO - Setting next_dagrun for tutorial_taskflow_api_virtualenv to None, run_after=None
[2024-06-12T19:47:53.983+0000] {processor.py:175} INFO - Processing /home/airflow/.local/lib/python3.7/site-packages/airflow/example_dags/tutorial_taskflow_api_virtualenv.py took 2.105 seconds
[2024-06-12T19:48:29.550+0000] {processor.py:153} INFO - Started process (PID=460) to work on /home/airflow/.local/lib/python3.7/site-packages/airflow/example_dags/tutorial_taskflow_api_virtualenv.py
[2024-06-12T19:48:29.555+0000] {processor.py:743} INFO - Processing file /home/airflow/.local/lib/python3.7/site-packages/airflow/example_dags/tutorial_taskflow_api_virtualenv.py for tasks to queue
[2024-06-12T19:48:29.566+0000] {logging_mixin.py:137} INFO - [2024-06-12T19:48:29.565+0000] {dagbag.py:538} INFO - Filling up the DagBag from /home/airflow/.local/lib/python3.7/site-packages/airflow/example_dags/tutorial_taskflow_api_virtualenv.py
[2024-06-12T19:48:29.670+0000] {processor.py:753} INFO - DAG(s) dict_keys(['tutorial_taskflow_api_virtualenv']) retrieved from /home/airflow/.local/lib/python3.7/site-packages/airflow/example_dags/tutorial_taskflow_api_virtualenv.py
[2024-06-12T19:48:29.823+0000] {logging_mixin.py:137} INFO - [2024-06-12T19:48:29.823+0000] {dag.py:2690} INFO - Sync 1 DAGs
[2024-06-12T19:48:29.956+0000] {logging_mixin.py:137} INFO - [2024-06-12T19:48:29.954+0000] {dag.py:3441} INFO - Setting next_dagrun for tutorial_taskflow_api_virtualenv to None, run_after=None
[2024-06-12T19:48:30.041+0000] {processor.py:175} INFO - Processing /home/airflow/.local/lib/python3.7/site-packages/airflow/example_dags/tutorial_taskflow_api_virtualenv.py took 0.510 seconds
[2024-06-12T19:49:06.497+0000] {processor.py:153} INFO - Started process (PID=524) to work on /home/airflow/.local/lib/python3.7/site-packages/airflow/example_dags/tutorial_taskflow_api_virtualenv.py
[2024-06-12T19:49:06.507+0000] {processor.py:743} INFO - Processing file /home/airflow/.local/lib/python3.7/site-packages/airflow/example_dags/tutorial_taskflow_api_virtualenv.py for tasks to queue
[2024-06-12T19:49:06.512+0000] {logging_mixin.py:137} INFO - [2024-06-12T19:49:06.510+0000] {dagbag.py:538} INFO - Filling up the DagBag from /home/airflow/.local/lib/python3.7/site-packages/airflow/example_dags/tutorial_taskflow_api_virtualenv.py
[2024-06-12T19:49:06.613+0000] {processor.py:753} INFO - DAG(s) dict_keys(['tutorial_taskflow_api_virtualenv']) retrieved from /home/airflow/.local/lib/python3.7/site-packages/airflow/example_dags/tutorial_taskflow_api_virtualenv.py
[2024-06-12T19:49:06.890+0000] {logging_mixin.py:137} INFO - [2024-06-12T19:49:06.890+0000] {dag.py:2690} INFO - Sync 1 DAGs
[2024-06-12T19:49:07.227+0000] {logging_mixin.py:137} INFO - [2024-06-12T19:49:07.215+0000] {dag.py:3441} INFO - Setting next_dagrun for tutorial_taskflow_api_virtualenv to None, run_after=None
[2024-06-12T19:49:07.511+0000] {processor.py:175} INFO - Processing /home/airflow/.local/lib/python3.7/site-packages/airflow/example_dags/tutorial_taskflow_api_virtualenv.py took 1.048 seconds
[2024-06-12T19:49:39.228+0000] {processor.py:153} INFO - Started process (PID=585) to work on /home/airflow/.local/lib/python3.7/site-packages/airflow/example_dags/tutorial_taskflow_api_virtualenv.py
[2024-06-12T19:49:39.256+0000] {processor.py:743} INFO - Processing file /home/airflow/.local/lib/python3.7/site-packages/airflow/example_dags/tutorial_taskflow_api_virtualenv.py for tasks to queue
[2024-06-12T19:49:39.258+0000] {logging_mixin.py:137} INFO - [2024-06-12T19:49:39.257+0000] {dagbag.py:538} INFO - Filling up the DagBag from /home/airflow/.local/lib/python3.7/site-packages/airflow/example_dags/tutorial_taskflow_api_virtualenv.py
[2024-06-12T19:49:39.540+0000] {processor.py:753} INFO - DAG(s) dict_keys(['tutorial_taskflow_api_virtualenv']) retrieved from /home/airflow/.local/lib/python3.7/site-packages/airflow/example_dags/tutorial_taskflow_api_virtualenv.py
[2024-06-12T19:49:39.787+0000] {logging_mixin.py:137} INFO - [2024-06-12T19:49:39.787+0000] {dag.py:2690} INFO - Sync 1 DAGs
[2024-06-12T19:49:39.927+0000] {logging_mixin.py:137} INFO - [2024-06-12T19:49:39.927+0000] {dag.py:3441} INFO - Setting next_dagrun for tutorial_taskflow_api_virtualenv to None, run_after=None
[2024-06-12T19:49:40.188+0000] {processor.py:175} INFO - Processing /home/airflow/.local/lib/python3.7/site-packages/airflow/example_dags/tutorial_taskflow_api_virtualenv.py took 0.983 seconds
[2024-06-12T19:50:15.768+0000] {processor.py:153} INFO - Started process (PID=649) to work on /home/airflow/.local/lib/python3.7/site-packages/airflow/example_dags/tutorial_taskflow_api_virtualenv.py
[2024-06-12T19:50:15.804+0000] {processor.py:743} INFO - Processing file /home/airflow/.local/lib/python3.7/site-packages/airflow/example_dags/tutorial_taskflow_api_virtualenv.py for tasks to queue
[2024-06-12T19:50:15.880+0000] {logging_mixin.py:137} INFO - [2024-06-12T19:50:15.880+0000] {dagbag.py:538} INFO - Filling up the DagBag from /home/airflow/.local/lib/python3.7/site-packages/airflow/example_dags/tutorial_taskflow_api_virtualenv.py
[2024-06-12T19:50:16.345+0000] {processor.py:753} INFO - DAG(s) dict_keys(['tutorial_taskflow_api_virtualenv']) retrieved from /home/airflow/.local/lib/python3.7/site-packages/airflow/example_dags/tutorial_taskflow_api_virtualenv.py
[2024-06-12T19:50:17.059+0000] {logging_mixin.py:137} INFO - [2024-06-12T19:50:17.059+0000] {dag.py:2690} INFO - Sync 1 DAGs
[2024-06-12T19:50:17.814+0000] {logging_mixin.py:137} INFO - [2024-06-12T19:50:17.813+0000] {dag.py:3441} INFO - Setting next_dagrun for tutorial_taskflow_api_virtualenv to None, run_after=None
[2024-06-12T19:50:18.492+0000] {processor.py:175} INFO - Processing /home/airflow/.local/lib/python3.7/site-packages/airflow/example_dags/tutorial_taskflow_api_virtualenv.py took 2.836 seconds
[2024-06-12T19:51:32.958+0000] {processor.py:153} INFO - Started process (PID=727) to work on /home/airflow/.local/lib/python3.7/site-packages/airflow/example_dags/tutorial_taskflow_api_virtualenv.py
[2024-06-12T19:51:32.975+0000] {processor.py:743} INFO - Processing file /home/airflow/.local/lib/python3.7/site-packages/airflow/example_dags/tutorial_taskflow_api_virtualenv.py for tasks to queue
[2024-06-12T19:51:32.990+0000] {logging_mixin.py:137} INFO - [2024-06-12T19:51:32.989+0000] {dagbag.py:538} INFO - Filling up the DagBag from /home/airflow/.local/lib/python3.7/site-packages/airflow/example_dags/tutorial_taskflow_api_virtualenv.py
[2024-06-12T19:51:33.649+0000] {processor.py:753} INFO - DAG(s) dict_keys(['tutorial_taskflow_api_virtualenv']) retrieved from /home/airflow/.local/lib/python3.7/site-packages/airflow/example_dags/tutorial_taskflow_api_virtualenv.py
[2024-06-12T19:51:34.376+0000] {logging_mixin.py:137} INFO - [2024-06-12T19:51:34.375+0000] {dag.py:2690} INFO - Sync 1 DAGs
[2024-06-12T19:51:35.050+0000] {logging_mixin.py:137} INFO - [2024-06-12T19:51:35.050+0000] {dag.py:3441} INFO - Setting next_dagrun for tutorial_taskflow_api_virtualenv to None, run_after=None
[2024-06-12T19:51:35.853+0000] {processor.py:175} INFO - Processing /home/airflow/.local/lib/python3.7/site-packages/airflow/example_dags/tutorial_taskflow_api_virtualenv.py took 3.005 seconds
[2024-06-12T19:52:27.915+0000] {processor.py:153} INFO - Started process (PID=804) to work on /home/airflow/.local/lib/python3.7/site-packages/airflow/example_dags/tutorial_taskflow_api_virtualenv.py
[2024-06-12T19:52:27.944+0000] {processor.py:743} INFO - Processing file /home/airflow/.local/lib/python3.7/site-packages/airflow/example_dags/tutorial_taskflow_api_virtualenv.py for tasks to queue
[2024-06-12T19:52:28.056+0000] {logging_mixin.py:137} INFO - [2024-06-12T19:52:27.948+0000] {dagbag.py:538} INFO - Filling up the DagBag from /home/airflow/.local/lib/python3.7/site-packages/airflow/example_dags/tutorial_taskflow_api_virtualenv.py
[2024-06-12T19:52:28.934+0000] {processor.py:753} INFO - DAG(s) dict_keys(['tutorial_taskflow_api_virtualenv']) retrieved from /home/airflow/.local/lib/python3.7/site-packages/airflow/example_dags/tutorial_taskflow_api_virtualenv.py
[2024-06-12T19:52:29.499+0000] {logging_mixin.py:137} INFO - [2024-06-12T19:52:29.499+0000] {dag.py:2690} INFO - Sync 1 DAGs
[2024-06-12T19:52:29.980+0000] {logging_mixin.py:137} INFO - [2024-06-12T19:52:29.980+0000] {dag.py:3441} INFO - Setting next_dagrun for tutorial_taskflow_api_virtualenv to None, run_after=None
[2024-06-12T19:52:30.382+0000] {processor.py:175} INFO - Processing /home/airflow/.local/lib/python3.7/site-packages/airflow/example_dags/tutorial_taskflow_api_virtualenv.py took 2.563 seconds
[2024-06-12T19:53:09.520+0000] {processor.py:153} INFO - Started process (PID=864) to work on /home/airflow/.local/lib/python3.7/site-packages/airflow/example_dags/tutorial_taskflow_api_virtualenv.py
[2024-06-12T19:53:09.537+0000] {processor.py:743} INFO - Processing file /home/airflow/.local/lib/python3.7/site-packages/airflow/example_dags/tutorial_taskflow_api_virtualenv.py for tasks to queue
[2024-06-12T19:53:09.547+0000] {logging_mixin.py:137} INFO - [2024-06-12T19:53:09.547+0000] {dagbag.py:538} INFO - Filling up the DagBag from /home/airflow/.local/lib/python3.7/site-packages/airflow/example_dags/tutorial_taskflow_api_virtualenv.py
[2024-06-12T19:53:09.858+0000] {processor.py:753} INFO - DAG(s) dict_keys(['tutorial_taskflow_api_virtualenv']) retrieved from /home/airflow/.local/lib/python3.7/site-packages/airflow/example_dags/tutorial_taskflow_api_virtualenv.py
[2024-06-12T19:53:10.577+0000] {logging_mixin.py:137} INFO - [2024-06-12T19:53:10.576+0000] {dag.py:2690} INFO - Sync 1 DAGs
[2024-06-12T19:53:11.094+0000] {logging_mixin.py:137} INFO - [2024-06-12T19:53:11.093+0000] {dag.py:3441} INFO - Setting next_dagrun for tutorial_taskflow_api_virtualenv to None, run_after=None
[2024-06-12T19:53:11.459+0000] {processor.py:175} INFO - Processing /home/airflow/.local/lib/python3.7/site-packages/airflow/example_dags/tutorial_taskflow_api_virtualenv.py took 1.972 seconds
[2024-06-12T19:53:49.546+0000] {processor.py:153} INFO - Started process (PID=928) to work on /home/airflow/.local/lib/python3.7/site-packages/airflow/example_dags/tutorial_taskflow_api_virtualenv.py
[2024-06-12T19:53:49.554+0000] {processor.py:743} INFO - Processing file /home/airflow/.local/lib/python3.7/site-packages/airflow/example_dags/tutorial_taskflow_api_virtualenv.py for tasks to queue
[2024-06-12T19:53:49.603+0000] {logging_mixin.py:137} INFO - [2024-06-12T19:53:49.603+0000] {dagbag.py:538} INFO - Filling up the DagBag from /home/airflow/.local/lib/python3.7/site-packages/airflow/example_dags/tutorial_taskflow_api_virtualenv.py
[2024-06-12T19:53:49.971+0000] {processor.py:753} INFO - DAG(s) dict_keys(['tutorial_taskflow_api_virtualenv']) retrieved from /home/airflow/.local/lib/python3.7/site-packages/airflow/example_dags/tutorial_taskflow_api_virtualenv.py
[2024-06-12T19:53:50.334+0000] {logging_mixin.py:137} INFO - [2024-06-12T19:53:50.333+0000] {dag.py:2690} INFO - Sync 1 DAGs
[2024-06-12T19:53:50.694+0000] {logging_mixin.py:137} INFO - [2024-06-12T19:53:50.694+0000] {dag.py:3441} INFO - Setting next_dagrun for tutorial_taskflow_api_virtualenv to None, run_after=None
[2024-06-12T19:53:50.881+0000] {processor.py:175} INFO - Processing /home/airflow/.local/lib/python3.7/site-packages/airflow/example_dags/tutorial_taskflow_api_virtualenv.py took 1.380 seconds
[2024-06-12T19:54:30.089+0000] {processor.py:153} INFO - Started process (PID=992) to work on /home/airflow/.local/lib/python3.7/site-packages/airflow/example_dags/tutorial_taskflow_api_virtualenv.py
[2024-06-12T19:54:30.106+0000] {processor.py:743} INFO - Processing file /home/airflow/.local/lib/python3.7/site-packages/airflow/example_dags/tutorial_taskflow_api_virtualenv.py for tasks to queue
[2024-06-12T19:54:30.120+0000] {logging_mixin.py:137} INFO - [2024-06-12T19:54:30.119+0000] {dagbag.py:538} INFO - Filling up the DagBag from /home/airflow/.local/lib/python3.7/site-packages/airflow/example_dags/tutorial_taskflow_api_virtualenv.py
[2024-06-12T19:54:30.590+0000] {processor.py:753} INFO - DAG(s) dict_keys(['tutorial_taskflow_api_virtualenv']) retrieved from /home/airflow/.local/lib/python3.7/site-packages/airflow/example_dags/tutorial_taskflow_api_virtualenv.py
[2024-06-12T19:54:31.163+0000] {logging_mixin.py:137} INFO - [2024-06-12T19:54:31.162+0000] {dag.py:2690} INFO - Sync 1 DAGs
[2024-06-12T19:54:31.642+0000] {logging_mixin.py:137} INFO - [2024-06-12T19:54:31.642+0000] {dag.py:3441} INFO - Setting next_dagrun for tutorial_taskflow_api_virtualenv to None, run_after=None
[2024-06-12T19:54:32.290+0000] {processor.py:175} INFO - Processing /home/airflow/.local/lib/python3.7/site-packages/airflow/example_dags/tutorial_taskflow_api_virtualenv.py took 2.237 seconds
[2024-06-12T19:55:50.023+0000] {processor.py:153} INFO - Started process (PID=1088) to work on /home/airflow/.local/lib/python3.7/site-packages/airflow/example_dags/tutorial_taskflow_api_virtualenv.py
[2024-06-12T19:55:50.036+0000] {processor.py:743} INFO - Processing file /home/airflow/.local/lib/python3.7/site-packages/airflow/example_dags/tutorial_taskflow_api_virtualenv.py for tasks to queue
[2024-06-12T19:55:50.050+0000] {logging_mixin.py:137} INFO - [2024-06-12T19:55:50.050+0000] {dagbag.py:538} INFO - Filling up the DagBag from /home/airflow/.local/lib/python3.7/site-packages/airflow/example_dags/tutorial_taskflow_api_virtualenv.py
[2024-06-12T19:55:50.483+0000] {processor.py:753} INFO - DAG(s) dict_keys(['tutorial_taskflow_api_virtualenv']) retrieved from /home/airflow/.local/lib/python3.7/site-packages/airflow/example_dags/tutorial_taskflow_api_virtualenv.py
[2024-06-12T19:55:50.727+0000] {logging_mixin.py:137} INFO - [2024-06-12T19:55:50.727+0000] {dag.py:2690} INFO - Sync 1 DAGs
[2024-06-12T19:55:51.303+0000] {logging_mixin.py:137} INFO - [2024-06-12T19:55:51.303+0000] {dag.py:3441} INFO - Setting next_dagrun for tutorial_taskflow_api_virtualenv to None, run_after=None
[2024-06-12T19:55:51.955+0000] {processor.py:175} INFO - Processing /home/airflow/.local/lib/python3.7/site-packages/airflow/example_dags/tutorial_taskflow_api_virtualenv.py took 1.968 seconds
[2024-06-12T19:56:24.110+0000] {processor.py:153} INFO - Started process (PID=1145) to work on /home/airflow/.local/lib/python3.7/site-packages/airflow/example_dags/tutorial_taskflow_api_virtualenv.py
[2024-06-12T19:56:24.123+0000] {processor.py:743} INFO - Processing file /home/airflow/.local/lib/python3.7/site-packages/airflow/example_dags/tutorial_taskflow_api_virtualenv.py for tasks to queue
[2024-06-12T19:56:24.189+0000] {logging_mixin.py:137} INFO - [2024-06-12T19:56:24.189+0000] {dagbag.py:538} INFO - Filling up the DagBag from /home/airflow/.local/lib/python3.7/site-packages/airflow/example_dags/tutorial_taskflow_api_virtualenv.py
[2024-06-12T19:56:24.713+0000] {processor.py:753} INFO - DAG(s) dict_keys(['tutorial_taskflow_api_virtualenv']) retrieved from /home/airflow/.local/lib/python3.7/site-packages/airflow/example_dags/tutorial_taskflow_api_virtualenv.py
[2024-06-12T19:56:25.147+0000] {logging_mixin.py:137} INFO - [2024-06-12T19:56:25.146+0000] {dag.py:2690} INFO - Sync 1 DAGs
[2024-06-12T19:56:25.504+0000] {logging_mixin.py:137} INFO - [2024-06-12T19:56:25.503+0000] {dag.py:3441} INFO - Setting next_dagrun for tutorial_taskflow_api_virtualenv to None, run_after=None
[2024-06-12T19:56:25.737+0000] {processor.py:175} INFO - Processing /home/airflow/.local/lib/python3.7/site-packages/airflow/example_dags/tutorial_taskflow_api_virtualenv.py took 1.661 seconds
[2024-06-12T19:57:24.156+0000] {processor.py:153} INFO - Started process (PID=1216) to work on /home/airflow/.local/lib/python3.7/site-packages/airflow/example_dags/tutorial_taskflow_api_virtualenv.py
[2024-06-12T19:57:24.219+0000] {processor.py:743} INFO - Processing file /home/airflow/.local/lib/python3.7/site-packages/airflow/example_dags/tutorial_taskflow_api_virtualenv.py for tasks to queue
[2024-06-12T19:57:24.285+0000] {logging_mixin.py:137} INFO - [2024-06-12T19:57:24.284+0000] {dagbag.py:538} INFO - Filling up the DagBag from /home/airflow/.local/lib/python3.7/site-packages/airflow/example_dags/tutorial_taskflow_api_virtualenv.py
[2024-06-12T19:57:25.154+0000] {processor.py:753} INFO - DAG(s) dict_keys(['tutorial_taskflow_api_virtualenv']) retrieved from /home/airflow/.local/lib/python3.7/site-packages/airflow/example_dags/tutorial_taskflow_api_virtualenv.py
[2024-06-12T19:57:25.831+0000] {logging_mixin.py:137} INFO - [2024-06-12T19:57:25.830+0000] {dag.py:2690} INFO - Sync 1 DAGs
[2024-06-12T19:57:26.177+0000] {logging_mixin.py:137} INFO - [2024-06-12T19:57:26.176+0000] {dag.py:3441} INFO - Setting next_dagrun for tutorial_taskflow_api_virtualenv to None, run_after=None
[2024-06-12T19:57:26.632+0000] {processor.py:175} INFO - Processing /home/airflow/.local/lib/python3.7/site-packages/airflow/example_dags/tutorial_taskflow_api_virtualenv.py took 2.524 seconds
[2024-06-12T19:59:55.299+0000] {processor.py:153} INFO - Started process (PID=1339) to work on /home/airflow/.local/lib/python3.7/site-packages/airflow/example_dags/tutorial_taskflow_api_virtualenv.py
[2024-06-12T19:59:55.743+0000] {processor.py:743} INFO - Processing file /home/airflow/.local/lib/python3.7/site-packages/airflow/example_dags/tutorial_taskflow_api_virtualenv.py for tasks to queue
[2024-06-12T19:59:55.997+0000] {logging_mixin.py:137} INFO - [2024-06-12T19:59:55.997+0000] {dagbag.py:538} INFO - Filling up the DagBag from /home/airflow/.local/lib/python3.7/site-packages/airflow/example_dags/tutorial_taskflow_api_virtualenv.py
[2024-06-12T19:59:57.652+0000] {processor.py:753} INFO - DAG(s) dict_keys(['tutorial_taskflow_api_virtualenv']) retrieved from /home/airflow/.local/lib/python3.7/site-packages/airflow/example_dags/tutorial_taskflow_api_virtualenv.py
[2024-06-12T19:59:59.526+0000] {logging_mixin.py:137} INFO - [2024-06-12T19:59:59.526+0000] {dag.py:2690} INFO - Sync 1 DAGs
[2024-06-12T20:00:02.273+0000] {logging_mixin.py:137} INFO - [2024-06-12T20:00:02.272+0000] {dag.py:3441} INFO - Setting next_dagrun for tutorial_taskflow_api_virtualenv to None, run_after=None
[2024-06-12T20:00:03.762+0000] {processor.py:175} INFO - Processing /home/airflow/.local/lib/python3.7/site-packages/airflow/example_dags/tutorial_taskflow_api_virtualenv.py took 8.715 seconds
[2024-06-12T20:05:15.249+0000] {processor.py:153} INFO - Started process (PID=1584) to work on /home/airflow/.local/lib/python3.7/site-packages/airflow/example_dags/tutorial_taskflow_api_virtualenv.py
[2024-06-12T20:05:15.312+0000] {processor.py:743} INFO - Processing file /home/airflow/.local/lib/python3.7/site-packages/airflow/example_dags/tutorial_taskflow_api_virtualenv.py for tasks to queue
[2024-06-12T20:05:15.660+0000] {logging_mixin.py:137} INFO - [2024-06-12T20:05:15.659+0000] {dagbag.py:538} INFO - Filling up the DagBag from /home/airflow/.local/lib/python3.7/site-packages/airflow/example_dags/tutorial_taskflow_api_virtualenv.py
[2024-06-12T20:05:17.809+0000] {processor.py:753} INFO - DAG(s) dict_keys(['tutorial_taskflow_api_virtualenv']) retrieved from /home/airflow/.local/lib/python3.7/site-packages/airflow/example_dags/tutorial_taskflow_api_virtualenv.py
[2024-06-12T20:05:18.635+0000] {logging_mixin.py:137} INFO - [2024-06-12T20:05:18.635+0000] {dag.py:2690} INFO - Sync 1 DAGs
[2024-06-12T20:05:21.888+0000] {logging_mixin.py:137} INFO - [2024-06-12T20:05:21.888+0000] {dag.py:3441} INFO - Setting next_dagrun for tutorial_taskflow_api_virtualenv to None, run_after=None
[2024-06-12T20:05:23.174+0000] {processor.py:175} INFO - Processing /home/airflow/.local/lib/python3.7/site-packages/airflow/example_dags/tutorial_taskflow_api_virtualenv.py took 8.054 seconds
[2024-06-12T20:11:33.470+0000] {processor.py:153} INFO - Started process (PID=1858) to work on /home/airflow/.local/lib/python3.7/site-packages/airflow/example_dags/tutorial_taskflow_api_virtualenv.py
[2024-06-12T20:11:33.484+0000] {processor.py:743} INFO - Processing file /home/airflow/.local/lib/python3.7/site-packages/airflow/example_dags/tutorial_taskflow_api_virtualenv.py for tasks to queue
[2024-06-12T20:11:33.515+0000] {logging_mixin.py:137} INFO - [2024-06-12T20:11:33.501+0000] {dagbag.py:538} INFO - Filling up the DagBag from /home/airflow/.local/lib/python3.7/site-packages/airflow/example_dags/tutorial_taskflow_api_virtualenv.py
[2024-06-12T20:11:36.873+0000] {processor.py:753} INFO - DAG(s) dict_keys(['tutorial_taskflow_api_virtualenv']) retrieved from /home/airflow/.local/lib/python3.7/site-packages/airflow/example_dags/tutorial_taskflow_api_virtualenv.py
[2024-06-12T20:11:38.466+0000] {logging_mixin.py:137} INFO - [2024-06-12T20:11:38.465+0000] {dag.py:2690} INFO - Sync 1 DAGs
[2024-06-12T20:11:42.185+0000] {logging_mixin.py:137} INFO - [2024-06-12T20:11:41.815+0000] {dag.py:3441} INFO - Setting next_dagrun for tutorial_taskflow_api_virtualenv to None, run_after=None
[2024-06-12T20:11:43.360+0000] {processor.py:175} INFO - Processing /home/airflow/.local/lib/python3.7/site-packages/airflow/example_dags/tutorial_taskflow_api_virtualenv.py took 10.128 seconds
[2024-06-12T20:14:27.170+0000] {processor.py:153} INFO - Started process (PID=2024) to work on /home/airflow/.local/lib/python3.7/site-packages/airflow/example_dags/tutorial_taskflow_api_virtualenv.py
[2024-06-12T20:14:27.187+0000] {processor.py:743} INFO - Processing file /home/airflow/.local/lib/python3.7/site-packages/airflow/example_dags/tutorial_taskflow_api_virtualenv.py for tasks to queue
[2024-06-12T20:14:27.207+0000] {logging_mixin.py:137} INFO - [2024-06-12T20:14:27.207+0000] {dagbag.py:538} INFO - Filling up the DagBag from /home/airflow/.local/lib/python3.7/site-packages/airflow/example_dags/tutorial_taskflow_api_virtualenv.py
[2024-06-12T20:14:27.839+0000] {processor.py:753} INFO - DAG(s) dict_keys(['tutorial_taskflow_api_virtualenv']) retrieved from /home/airflow/.local/lib/python3.7/site-packages/airflow/example_dags/tutorial_taskflow_api_virtualenv.py
[2024-06-12T20:14:28.783+0000] {logging_mixin.py:137} INFO - [2024-06-12T20:14:28.783+0000] {dag.py:2690} INFO - Sync 1 DAGs
[2024-06-12T20:14:30.116+0000] {logging_mixin.py:137} INFO - [2024-06-12T20:14:30.115+0000] {dag.py:3441} INFO - Setting next_dagrun for tutorial_taskflow_api_virtualenv to None, run_after=None
[2024-06-12T20:14:31.072+0000] {processor.py:175} INFO - Processing /home/airflow/.local/lib/python3.7/site-packages/airflow/example_dags/tutorial_taskflow_api_virtualenv.py took 4.004 seconds
[2024-06-12T20:15:57.357+0000] {processor.py:153} INFO - Started process (PID=2125) to work on /home/airflow/.local/lib/python3.7/site-packages/airflow/example_dags/tutorial_taskflow_api_virtualenv.py
[2024-06-12T20:15:57.428+0000] {processor.py:743} INFO - Processing file /home/airflow/.local/lib/python3.7/site-packages/airflow/example_dags/tutorial_taskflow_api_virtualenv.py for tasks to queue
[2024-06-12T20:15:57.446+0000] {logging_mixin.py:137} INFO - [2024-06-12T20:15:57.445+0000] {dagbag.py:538} INFO - Filling up the DagBag from /home/airflow/.local/lib/python3.7/site-packages/airflow/example_dags/tutorial_taskflow_api_virtualenv.py
[2024-06-12T20:15:58.036+0000] {processor.py:753} INFO - DAG(s) dict_keys(['tutorial_taskflow_api_virtualenv']) retrieved from /home/airflow/.local/lib/python3.7/site-packages/airflow/example_dags/tutorial_taskflow_api_virtualenv.py
[2024-06-12T20:15:58.597+0000] {logging_mixin.py:137} INFO - [2024-06-12T20:15:58.597+0000] {dag.py:2690} INFO - Sync 1 DAGs
[2024-06-12T20:15:59.091+0000] {logging_mixin.py:137} INFO - [2024-06-12T20:15:59.091+0000] {dag.py:3441} INFO - Setting next_dagrun for tutorial_taskflow_api_virtualenv to None, run_after=None
[2024-06-12T20:15:59.727+0000] {processor.py:175} INFO - Processing /home/airflow/.local/lib/python3.7/site-packages/airflow/example_dags/tutorial_taskflow_api_virtualenv.py took 2.396 seconds
[2024-06-12T20:17:11.790+0000] {processor.py:153} INFO - Started process (PID=2213) to work on /home/airflow/.local/lib/python3.7/site-packages/airflow/example_dags/tutorial_taskflow_api_virtualenv.py
[2024-06-12T20:17:11.805+0000] {processor.py:743} INFO - Processing file /home/airflow/.local/lib/python3.7/site-packages/airflow/example_dags/tutorial_taskflow_api_virtualenv.py for tasks to queue
[2024-06-12T20:17:11.856+0000] {logging_mixin.py:137} INFO - [2024-06-12T20:17:11.855+0000] {dagbag.py:538} INFO - Filling up the DagBag from /home/airflow/.local/lib/python3.7/site-packages/airflow/example_dags/tutorial_taskflow_api_virtualenv.py
[2024-06-12T20:17:12.679+0000] {processor.py:753} INFO - DAG(s) dict_keys(['tutorial_taskflow_api_virtualenv']) retrieved from /home/airflow/.local/lib/python3.7/site-packages/airflow/example_dags/tutorial_taskflow_api_virtualenv.py
[2024-06-12T20:17:12.982+0000] {logging_mixin.py:137} INFO - [2024-06-12T20:17:12.981+0000] {dag.py:2690} INFO - Sync 1 DAGs
[2024-06-12T20:17:13.662+0000] {logging_mixin.py:137} INFO - [2024-06-12T20:17:13.662+0000] {dag.py:3441} INFO - Setting next_dagrun for tutorial_taskflow_api_virtualenv to None, run_after=None
[2024-06-12T20:17:14.089+0000] {processor.py:175} INFO - Processing /home/airflow/.local/lib/python3.7/site-packages/airflow/example_dags/tutorial_taskflow_api_virtualenv.py took 2.350 seconds
[2024-06-12T20:18:59.827+0000] {processor.py:153} INFO - Started process (PID=2312) to work on /home/airflow/.local/lib/python3.7/site-packages/airflow/example_dags/tutorial_taskflow_api_virtualenv.py
[2024-06-12T20:18:59.890+0000] {processor.py:743} INFO - Processing file /home/airflow/.local/lib/python3.7/site-packages/airflow/example_dags/tutorial_taskflow_api_virtualenv.py for tasks to queue
[2024-06-12T20:18:59.932+0000] {logging_mixin.py:137} INFO - [2024-06-12T20:18:59.932+0000] {dagbag.py:538} INFO - Filling up the DagBag from /home/airflow/.local/lib/python3.7/site-packages/airflow/example_dags/tutorial_taskflow_api_virtualenv.py
[2024-06-12T20:19:00.908+0000] {processor.py:753} INFO - DAG(s) dict_keys(['tutorial_taskflow_api_virtualenv']) retrieved from /home/airflow/.local/lib/python3.7/site-packages/airflow/example_dags/tutorial_taskflow_api_virtualenv.py
[2024-06-12T20:19:01.457+0000] {logging_mixin.py:137} INFO - [2024-06-12T20:19:01.456+0000] {dag.py:2690} INFO - Sync 1 DAGs
[2024-06-12T20:19:02.703+0000] {logging_mixin.py:137} INFO - [2024-06-12T20:19:02.703+0000] {dag.py:3441} INFO - Setting next_dagrun for tutorial_taskflow_api_virtualenv to None, run_after=None
[2024-06-12T20:19:03.172+0000] {processor.py:175} INFO - Processing /home/airflow/.local/lib/python3.7/site-packages/airflow/example_dags/tutorial_taskflow_api_virtualenv.py took 3.414 seconds
[2024-06-12T20:20:59.039+0000] {processor.py:153} INFO - Started process (PID=2434) to work on /home/airflow/.local/lib/python3.7/site-packages/airflow/example_dags/tutorial_taskflow_api_virtualenv.py
[2024-06-12T20:20:59.070+0000] {processor.py:743} INFO - Processing file /home/airflow/.local/lib/python3.7/site-packages/airflow/example_dags/tutorial_taskflow_api_virtualenv.py for tasks to queue
[2024-06-12T20:20:59.130+0000] {logging_mixin.py:137} INFO - [2024-06-12T20:20:59.129+0000] {dagbag.py:538} INFO - Filling up the DagBag from /home/airflow/.local/lib/python3.7/site-packages/airflow/example_dags/tutorial_taskflow_api_virtualenv.py
[2024-06-12T20:21:00.145+0000] {processor.py:753} INFO - DAG(s) dict_keys(['tutorial_taskflow_api_virtualenv']) retrieved from /home/airflow/.local/lib/python3.7/site-packages/airflow/example_dags/tutorial_taskflow_api_virtualenv.py
[2024-06-12T20:21:01.239+0000] {logging_mixin.py:137} INFO - [2024-06-12T20:21:01.239+0000] {dag.py:2690} INFO - Sync 1 DAGs
[2024-06-12T20:21:01.985+0000] {logging_mixin.py:137} INFO - [2024-06-12T20:21:01.984+0000] {dag.py:3441} INFO - Setting next_dagrun for tutorial_taskflow_api_virtualenv to None, run_after=None
[2024-06-12T20:21:02.859+0000] {processor.py:175} INFO - Processing /home/airflow/.local/lib/python3.7/site-packages/airflow/example_dags/tutorial_taskflow_api_virtualenv.py took 3.873 seconds
[2024-06-12T20:22:59.676+0000] {processor.py:153} INFO - Started process (PID=2560) to work on /home/airflow/.local/lib/python3.7/site-packages/airflow/example_dags/tutorial_taskflow_api_virtualenv.py
[2024-06-12T20:22:59.710+0000] {processor.py:743} INFO - Processing file /home/airflow/.local/lib/python3.7/site-packages/airflow/example_dags/tutorial_taskflow_api_virtualenv.py for tasks to queue
[2024-06-12T20:22:59.743+0000] {logging_mixin.py:137} INFO - [2024-06-12T20:22:59.742+0000] {dagbag.py:538} INFO - Filling up the DagBag from /home/airflow/.local/lib/python3.7/site-packages/airflow/example_dags/tutorial_taskflow_api_virtualenv.py
[2024-06-12T20:23:00.296+0000] {processor.py:753} INFO - DAG(s) dict_keys(['tutorial_taskflow_api_virtualenv']) retrieved from /home/airflow/.local/lib/python3.7/site-packages/airflow/example_dags/tutorial_taskflow_api_virtualenv.py
[2024-06-12T20:23:01.238+0000] {logging_mixin.py:137} INFO - [2024-06-12T20:23:01.238+0000] {dag.py:2690} INFO - Sync 1 DAGs
[2024-06-12T20:23:01.830+0000] {logging_mixin.py:137} INFO - [2024-06-12T20:23:01.830+0000] {dag.py:3441} INFO - Setting next_dagrun for tutorial_taskflow_api_virtualenv to None, run_after=None
[2024-06-12T20:23:02.808+0000] {processor.py:175} INFO - Processing /home/airflow/.local/lib/python3.7/site-packages/airflow/example_dags/tutorial_taskflow_api_virtualenv.py took 3.267 seconds
[2024-06-12T20:25:14.483+0000] {processor.py:153} INFO - Started process (PID=2686) to work on /home/airflow/.local/lib/python3.7/site-packages/airflow/example_dags/tutorial_taskflow_api_virtualenv.py
[2024-06-12T20:25:14.496+0000] {processor.py:743} INFO - Processing file /home/airflow/.local/lib/python3.7/site-packages/airflow/example_dags/tutorial_taskflow_api_virtualenv.py for tasks to queue
[2024-06-12T20:25:14.545+0000] {logging_mixin.py:137} INFO - [2024-06-12T20:25:14.545+0000] {dagbag.py:538} INFO - Filling up the DagBag from /home/airflow/.local/lib/python3.7/site-packages/airflow/example_dags/tutorial_taskflow_api_virtualenv.py
[2024-06-12T20:25:15.124+0000] {processor.py:753} INFO - DAG(s) dict_keys(['tutorial_taskflow_api_virtualenv']) retrieved from /home/airflow/.local/lib/python3.7/site-packages/airflow/example_dags/tutorial_taskflow_api_virtualenv.py
[2024-06-12T20:25:15.512+0000] {logging_mixin.py:137} INFO - [2024-06-12T20:25:15.511+0000] {dag.py:2690} INFO - Sync 1 DAGs
[2024-06-12T20:25:16.129+0000] {logging_mixin.py:137} INFO - [2024-06-12T20:25:16.129+0000] {dag.py:3441} INFO - Setting next_dagrun for tutorial_taskflow_api_virtualenv to None, run_after=None
[2024-06-12T20:25:16.659+0000] {processor.py:175} INFO - Processing /home/airflow/.local/lib/python3.7/site-packages/airflow/example_dags/tutorial_taskflow_api_virtualenv.py took 2.255 seconds
[2024-06-12T20:27:09.423+0000] {processor.py:153} INFO - Started process (PID=2798) to work on /home/airflow/.local/lib/python3.7/site-packages/airflow/example_dags/tutorial_taskflow_api_virtualenv.py
[2024-06-12T20:27:09.430+0000] {processor.py:743} INFO - Processing file /home/airflow/.local/lib/python3.7/site-packages/airflow/example_dags/tutorial_taskflow_api_virtualenv.py for tasks to queue
[2024-06-12T20:27:09.437+0000] {logging_mixin.py:137} INFO - [2024-06-12T20:27:09.436+0000] {dagbag.py:538} INFO - Filling up the DagBag from /home/airflow/.local/lib/python3.7/site-packages/airflow/example_dags/tutorial_taskflow_api_virtualenv.py
[2024-06-12T20:27:10.185+0000] {processor.py:753} INFO - DAG(s) dict_keys(['tutorial_taskflow_api_virtualenv']) retrieved from /home/airflow/.local/lib/python3.7/site-packages/airflow/example_dags/tutorial_taskflow_api_virtualenv.py
[2024-06-12T20:27:10.998+0000] {logging_mixin.py:137} INFO - [2024-06-12T20:27:10.998+0000] {dag.py:2690} INFO - Sync 1 DAGs
[2024-06-12T20:27:11.363+0000] {logging_mixin.py:137} INFO - [2024-06-12T20:27:11.362+0000] {dag.py:3441} INFO - Setting next_dagrun for tutorial_taskflow_api_virtualenv to None, run_after=None
[2024-06-12T20:27:11.723+0000] {processor.py:175} INFO - Processing /home/airflow/.local/lib/python3.7/site-packages/airflow/example_dags/tutorial_taskflow_api_virtualenv.py took 2.382 seconds
[2024-06-12T20:28:35.566+0000] {processor.py:153} INFO - Started process (PID=2895) to work on /home/airflow/.local/lib/python3.7/site-packages/airflow/example_dags/tutorial_taskflow_api_virtualenv.py
[2024-06-12T20:28:35.578+0000] {processor.py:743} INFO - Processing file /home/airflow/.local/lib/python3.7/site-packages/airflow/example_dags/tutorial_taskflow_api_virtualenv.py for tasks to queue
[2024-06-12T20:28:35.601+0000] {logging_mixin.py:137} INFO - [2024-06-12T20:28:35.600+0000] {dagbag.py:538} INFO - Filling up the DagBag from /home/airflow/.local/lib/python3.7/site-packages/airflow/example_dags/tutorial_taskflow_api_virtualenv.py
[2024-06-12T20:28:36.318+0000] {processor.py:753} INFO - DAG(s) dict_keys(['tutorial_taskflow_api_virtualenv']) retrieved from /home/airflow/.local/lib/python3.7/site-packages/airflow/example_dags/tutorial_taskflow_api_virtualenv.py
[2024-06-12T20:28:37.023+0000] {logging_mixin.py:137} INFO - [2024-06-12T20:28:37.022+0000] {dag.py:2690} INFO - Sync 1 DAGs
[2024-06-12T20:28:37.680+0000] {logging_mixin.py:137} INFO - [2024-06-12T20:28:37.670+0000] {dag.py:3441} INFO - Setting next_dagrun for tutorial_taskflow_api_virtualenv to None, run_after=None
[2024-06-12T20:28:38.252+0000] {processor.py:175} INFO - Processing /home/airflow/.local/lib/python3.7/site-packages/airflow/example_dags/tutorial_taskflow_api_virtualenv.py took 2.768 seconds
[2024-06-12T20:29:50.957+0000] {processor.py:153} INFO - Started process (PID=2983) to work on /home/airflow/.local/lib/python3.7/site-packages/airflow/example_dags/tutorial_taskflow_api_virtualenv.py
[2024-06-12T20:29:50.989+0000] {processor.py:743} INFO - Processing file /home/airflow/.local/lib/python3.7/site-packages/airflow/example_dags/tutorial_taskflow_api_virtualenv.py for tasks to queue
[2024-06-12T20:29:51.103+0000] {logging_mixin.py:137} INFO - [2024-06-12T20:29:51.103+0000] {dagbag.py:538} INFO - Filling up the DagBag from /home/airflow/.local/lib/python3.7/site-packages/airflow/example_dags/tutorial_taskflow_api_virtualenv.py
[2024-06-12T20:29:51.844+0000] {processor.py:753} INFO - DAG(s) dict_keys(['tutorial_taskflow_api_virtualenv']) retrieved from /home/airflow/.local/lib/python3.7/site-packages/airflow/example_dags/tutorial_taskflow_api_virtualenv.py
[2024-06-12T20:29:52.070+0000] {logging_mixin.py:137} INFO - [2024-06-12T20:29:52.070+0000] {dag.py:2690} INFO - Sync 1 DAGs
[2024-06-12T20:29:52.742+0000] {logging_mixin.py:137} INFO - [2024-06-12T20:29:52.742+0000] {dag.py:3441} INFO - Setting next_dagrun for tutorial_taskflow_api_virtualenv to None, run_after=None
[2024-06-12T20:29:53.371+0000] {processor.py:175} INFO - Processing /home/airflow/.local/lib/python3.7/site-packages/airflow/example_dags/tutorial_taskflow_api_virtualenv.py took 2.496 seconds
[2024-06-12T20:30:58.047+0000] {processor.py:153} INFO - Started process (PID=3060) to work on /home/airflow/.local/lib/python3.7/site-packages/airflow/example_dags/tutorial_taskflow_api_virtualenv.py
[2024-06-12T20:30:58.114+0000] {processor.py:743} INFO - Processing file /home/airflow/.local/lib/python3.7/site-packages/airflow/example_dags/tutorial_taskflow_api_virtualenv.py for tasks to queue
[2024-06-12T20:30:58.137+0000] {logging_mixin.py:137} INFO - [2024-06-12T20:30:58.136+0000] {dagbag.py:538} INFO - Filling up the DagBag from /home/airflow/.local/lib/python3.7/site-packages/airflow/example_dags/tutorial_taskflow_api_virtualenv.py
[2024-06-12T20:30:58.600+0000] {processor.py:753} INFO - DAG(s) dict_keys(['tutorial_taskflow_api_virtualenv']) retrieved from /home/airflow/.local/lib/python3.7/site-packages/airflow/example_dags/tutorial_taskflow_api_virtualenv.py
[2024-06-12T20:30:59.227+0000] {logging_mixin.py:137} INFO - [2024-06-12T20:30:59.227+0000] {dag.py:2690} INFO - Sync 1 DAGs
[2024-06-12T20:30:59.612+0000] {logging_mixin.py:137} INFO - [2024-06-12T20:30:59.611+0000] {dag.py:3441} INFO - Setting next_dagrun for tutorial_taskflow_api_virtualenv to None, run_after=None
[2024-06-12T20:31:00.067+0000] {processor.py:175} INFO - Processing /home/airflow/.local/lib/python3.7/site-packages/airflow/example_dags/tutorial_taskflow_api_virtualenv.py took 2.056 seconds
[2024-06-12T20:32:17.280+0000] {processor.py:153} INFO - Started process (PID=3143) to work on /home/airflow/.local/lib/python3.7/site-packages/airflow/example_dags/tutorial_taskflow_api_virtualenv.py
[2024-06-12T20:32:17.326+0000] {processor.py:743} INFO - Processing file /home/airflow/.local/lib/python3.7/site-packages/airflow/example_dags/tutorial_taskflow_api_virtualenv.py for tasks to queue
[2024-06-12T20:32:17.343+0000] {logging_mixin.py:137} INFO - [2024-06-12T20:32:17.343+0000] {dagbag.py:538} INFO - Filling up the DagBag from /home/airflow/.local/lib/python3.7/site-packages/airflow/example_dags/tutorial_taskflow_api_virtualenv.py
[2024-06-12T20:32:18.238+0000] {processor.py:753} INFO - DAG(s) dict_keys(['tutorial_taskflow_api_virtualenv']) retrieved from /home/airflow/.local/lib/python3.7/site-packages/airflow/example_dags/tutorial_taskflow_api_virtualenv.py
[2024-06-12T20:32:19.043+0000] {logging_mixin.py:137} INFO - [2024-06-12T20:32:19.042+0000] {dag.py:2690} INFO - Sync 1 DAGs
[2024-06-12T20:32:20.311+0000] {logging_mixin.py:137} INFO - [2024-06-12T20:32:20.311+0000] {dag.py:3441} INFO - Setting next_dagrun for tutorial_taskflow_api_virtualenv to None, run_after=None
[2024-06-12T20:32:21.139+0000] {processor.py:175} INFO - Processing /home/airflow/.local/lib/python3.7/site-packages/airflow/example_dags/tutorial_taskflow_api_virtualenv.py took 3.923 seconds
[2024-06-12T20:34:03.052+0000] {processor.py:153} INFO - Started process (PID=3248) to work on /home/airflow/.local/lib/python3.7/site-packages/airflow/example_dags/tutorial_taskflow_api_virtualenv.py
[2024-06-12T20:34:03.114+0000] {processor.py:743} INFO - Processing file /home/airflow/.local/lib/python3.7/site-packages/airflow/example_dags/tutorial_taskflow_api_virtualenv.py for tasks to queue
[2024-06-12T20:34:03.130+0000] {logging_mixin.py:137} INFO - [2024-06-12T20:34:03.130+0000] {dagbag.py:538} INFO - Filling up the DagBag from /home/airflow/.local/lib/python3.7/site-packages/airflow/example_dags/tutorial_taskflow_api_virtualenv.py
[2024-06-12T20:34:03.745+0000] {processor.py:753} INFO - DAG(s) dict_keys(['tutorial_taskflow_api_virtualenv']) retrieved from /home/airflow/.local/lib/python3.7/site-packages/airflow/example_dags/tutorial_taskflow_api_virtualenv.py
[2024-06-12T20:34:04.609+0000] {logging_mixin.py:137} INFO - [2024-06-12T20:34:04.608+0000] {dag.py:2690} INFO - Sync 1 DAGs
[2024-06-12T20:34:05.289+0000] {logging_mixin.py:137} INFO - [2024-06-12T20:34:05.277+0000] {dag.py:3441} INFO - Setting next_dagrun for tutorial_taskflow_api_virtualenv to None, run_after=None
[2024-06-12T20:34:05.762+0000] {processor.py:175} INFO - Processing /home/airflow/.local/lib/python3.7/site-packages/airflow/example_dags/tutorial_taskflow_api_virtualenv.py took 2.758 seconds
[2024-06-12T20:36:31.117+0000] {processor.py:153} INFO - Started process (PID=3382) to work on /home/airflow/.local/lib/python3.7/site-packages/airflow/example_dags/tutorial_taskflow_api_virtualenv.py
[2024-06-12T20:36:31.210+0000] {processor.py:743} INFO - Processing file /home/airflow/.local/lib/python3.7/site-packages/airflow/example_dags/tutorial_taskflow_api_virtualenv.py for tasks to queue
[2024-06-12T20:36:31.290+0000] {logging_mixin.py:137} INFO - [2024-06-12T20:36:31.290+0000] {dagbag.py:538} INFO - Filling up the DagBag from /home/airflow/.local/lib/python3.7/site-packages/airflow/example_dags/tutorial_taskflow_api_virtualenv.py
[2024-06-12T20:36:32.378+0000] {processor.py:753} INFO - DAG(s) dict_keys(['tutorial_taskflow_api_virtualenv']) retrieved from /home/airflow/.local/lib/python3.7/site-packages/airflow/example_dags/tutorial_taskflow_api_virtualenv.py
[2024-06-12T20:36:33.980+0000] {logging_mixin.py:137} INFO - [2024-06-12T20:36:33.980+0000] {dag.py:2690} INFO - Sync 1 DAGs
[2024-06-12T20:36:35.399+0000] {logging_mixin.py:137} INFO - [2024-06-12T20:36:35.398+0000] {dag.py:3441} INFO - Setting next_dagrun for tutorial_taskflow_api_virtualenv to None, run_after=None
[2024-06-12T20:36:35.782+0000] {processor.py:175} INFO - Processing /home/airflow/.local/lib/python3.7/site-packages/airflow/example_dags/tutorial_taskflow_api_virtualenv.py took 4.746 seconds
[2024-06-12T20:38:46.826+0000] {processor.py:153} INFO - Started process (PID=3507) to work on /home/airflow/.local/lib/python3.7/site-packages/airflow/example_dags/tutorial_taskflow_api_virtualenv.py
[2024-06-12T20:38:46.911+0000] {processor.py:743} INFO - Processing file /home/airflow/.local/lib/python3.7/site-packages/airflow/example_dags/tutorial_taskflow_api_virtualenv.py for tasks to queue
[2024-06-12T20:38:46.928+0000] {logging_mixin.py:137} INFO - [2024-06-12T20:38:46.927+0000] {dagbag.py:538} INFO - Filling up the DagBag from /home/airflow/.local/lib/python3.7/site-packages/airflow/example_dags/tutorial_taskflow_api_virtualenv.py
[2024-06-12T20:38:47.144+0000] {processor.py:753} INFO - DAG(s) dict_keys(['tutorial_taskflow_api_virtualenv']) retrieved from /home/airflow/.local/lib/python3.7/site-packages/airflow/example_dags/tutorial_taskflow_api_virtualenv.py
[2024-06-12T20:38:47.767+0000] {logging_mixin.py:137} INFO - [2024-06-12T20:38:47.767+0000] {dag.py:2690} INFO - Sync 1 DAGs
[2024-06-12T20:38:48.240+0000] {logging_mixin.py:137} INFO - [2024-06-12T20:38:48.240+0000] {dag.py:3441} INFO - Setting next_dagrun for tutorial_taskflow_api_virtualenv to None, run_after=None
[2024-06-12T20:38:48.641+0000] {processor.py:175} INFO - Processing /home/airflow/.local/lib/python3.7/site-packages/airflow/example_dags/tutorial_taskflow_api_virtualenv.py took 1.835 seconds
[2024-06-12T20:40:09.311+0000] {processor.py:153} INFO - Started process (PID=3610) to work on /home/airflow/.local/lib/python3.7/site-packages/airflow/example_dags/tutorial_taskflow_api_virtualenv.py
[2024-06-12T20:40:09.323+0000] {processor.py:743} INFO - Processing file /home/airflow/.local/lib/python3.7/site-packages/airflow/example_dags/tutorial_taskflow_api_virtualenv.py for tasks to queue
[2024-06-12T20:40:09.326+0000] {logging_mixin.py:137} INFO - [2024-06-12T20:40:09.325+0000] {dagbag.py:538} INFO - Filling up the DagBag from /home/airflow/.local/lib/python3.7/site-packages/airflow/example_dags/tutorial_taskflow_api_virtualenv.py
[2024-06-12T20:40:09.617+0000] {processor.py:753} INFO - DAG(s) dict_keys(['tutorial_taskflow_api_virtualenv']) retrieved from /home/airflow/.local/lib/python3.7/site-packages/airflow/example_dags/tutorial_taskflow_api_virtualenv.py
[2024-06-12T20:40:10.113+0000] {logging_mixin.py:137} INFO - [2024-06-12T20:40:10.113+0000] {dag.py:2690} INFO - Sync 1 DAGs
[2024-06-12T20:40:10.525+0000] {logging_mixin.py:137} INFO - [2024-06-12T20:40:10.525+0000] {dag.py:3441} INFO - Setting next_dagrun for tutorial_taskflow_api_virtualenv to None, run_after=None
[2024-06-12T20:40:10.898+0000] {processor.py:175} INFO - Processing /home/airflow/.local/lib/python3.7/site-packages/airflow/example_dags/tutorial_taskflow_api_virtualenv.py took 1.674 seconds
[2024-06-12T20:41:19.963+0000] {processor.py:153} INFO - Started process (PID=3695) to work on /home/airflow/.local/lib/python3.7/site-packages/airflow/example_dags/tutorial_taskflow_api_virtualenv.py
[2024-06-12T20:41:19.977+0000] {processor.py:743} INFO - Processing file /home/airflow/.local/lib/python3.7/site-packages/airflow/example_dags/tutorial_taskflow_api_virtualenv.py for tasks to queue
[2024-06-12T20:41:20.057+0000] {logging_mixin.py:137} INFO - [2024-06-12T20:41:20.057+0000] {dagbag.py:538} INFO - Filling up the DagBag from /home/airflow/.local/lib/python3.7/site-packages/airflow/example_dags/tutorial_taskflow_api_virtualenv.py
[2024-06-12T20:41:20.485+0000] {processor.py:753} INFO - DAG(s) dict_keys(['tutorial_taskflow_api_virtualenv']) retrieved from /home/airflow/.local/lib/python3.7/site-packages/airflow/example_dags/tutorial_taskflow_api_virtualenv.py
[2024-06-12T20:41:21.370+0000] {logging_mixin.py:137} INFO - [2024-06-12T20:41:21.356+0000] {dag.py:2690} INFO - Sync 1 DAGs
[2024-06-12T20:41:22.108+0000] {logging_mixin.py:137} INFO - [2024-06-12T20:41:22.107+0000] {dag.py:3441} INFO - Setting next_dagrun for tutorial_taskflow_api_virtualenv to None, run_after=None
[2024-06-12T20:41:22.686+0000] {processor.py:175} INFO - Processing /home/airflow/.local/lib/python3.7/site-packages/airflow/example_dags/tutorial_taskflow_api_virtualenv.py took 2.790 seconds
[2024-06-12T20:42:41.817+0000] {processor.py:153} INFO - Started process (PID=3787) to work on /home/airflow/.local/lib/python3.7/site-packages/airflow/example_dags/tutorial_taskflow_api_virtualenv.py
[2024-06-12T20:42:41.961+0000] {processor.py:743} INFO - Processing file /home/airflow/.local/lib/python3.7/site-packages/airflow/example_dags/tutorial_taskflow_api_virtualenv.py for tasks to queue
[2024-06-12T20:42:41.994+0000] {logging_mixin.py:137} INFO - [2024-06-12T20:42:41.993+0000] {dagbag.py:538} INFO - Filling up the DagBag from /home/airflow/.local/lib/python3.7/site-packages/airflow/example_dags/tutorial_taskflow_api_virtualenv.py
[2024-06-12T20:42:43.194+0000] {processor.py:753} INFO - DAG(s) dict_keys(['tutorial_taskflow_api_virtualenv']) retrieved from /home/airflow/.local/lib/python3.7/site-packages/airflow/example_dags/tutorial_taskflow_api_virtualenv.py
[2024-06-12T20:42:43.691+0000] {logging_mixin.py:137} INFO - [2024-06-12T20:42:43.691+0000] {dag.py:2690} INFO - Sync 1 DAGs
[2024-06-12T20:42:44.687+0000] {logging_mixin.py:137} INFO - [2024-06-12T20:42:44.687+0000] {dag.py:3441} INFO - Setting next_dagrun for tutorial_taskflow_api_virtualenv to None, run_after=None
[2024-06-12T20:42:45.259+0000] {processor.py:175} INFO - Processing /home/airflow/.local/lib/python3.7/site-packages/airflow/example_dags/tutorial_taskflow_api_virtualenv.py took 3.504 seconds
[2024-06-12T20:44:03.007+0000] {processor.py:153} INFO - Started process (PID=3879) to work on /home/airflow/.local/lib/python3.7/site-packages/airflow/example_dags/tutorial_taskflow_api_virtualenv.py
[2024-06-12T20:44:03.041+0000] {processor.py:743} INFO - Processing file /home/airflow/.local/lib/python3.7/site-packages/airflow/example_dags/tutorial_taskflow_api_virtualenv.py for tasks to queue
[2024-06-12T20:44:03.045+0000] {logging_mixin.py:137} INFO - [2024-06-12T20:44:03.045+0000] {dagbag.py:538} INFO - Filling up the DagBag from /home/airflow/.local/lib/python3.7/site-packages/airflow/example_dags/tutorial_taskflow_api_virtualenv.py
[2024-06-12T20:44:03.318+0000] {processor.py:753} INFO - DAG(s) dict_keys(['tutorial_taskflow_api_virtualenv']) retrieved from /home/airflow/.local/lib/python3.7/site-packages/airflow/example_dags/tutorial_taskflow_api_virtualenv.py
[2024-06-12T20:44:03.856+0000] {logging_mixin.py:137} INFO - [2024-06-12T20:44:03.855+0000] {dag.py:2690} INFO - Sync 1 DAGs
[2024-06-12T20:44:04.663+0000] {logging_mixin.py:137} INFO - [2024-06-12T20:44:04.662+0000] {dag.py:3441} INFO - Setting next_dagrun for tutorial_taskflow_api_virtualenv to None, run_after=None
[2024-06-12T20:44:05.372+0000] {processor.py:175} INFO - Processing /home/airflow/.local/lib/python3.7/site-packages/airflow/example_dags/tutorial_taskflow_api_virtualenv.py took 2.389 seconds
[2024-06-12T20:45:06.209+0000] {processor.py:153} INFO - Started process (PID=3955) to work on /home/airflow/.local/lib/python3.7/site-packages/airflow/example_dags/tutorial_taskflow_api_virtualenv.py
[2024-06-12T20:45:06.302+0000] {processor.py:743} INFO - Processing file /home/airflow/.local/lib/python3.7/site-packages/airflow/example_dags/tutorial_taskflow_api_virtualenv.py for tasks to queue
[2024-06-12T20:45:06.334+0000] {logging_mixin.py:137} INFO - [2024-06-12T20:45:06.334+0000] {dagbag.py:538} INFO - Filling up the DagBag from /home/airflow/.local/lib/python3.7/site-packages/airflow/example_dags/tutorial_taskflow_api_virtualenv.py
[2024-06-12T20:45:07.032+0000] {processor.py:753} INFO - DAG(s) dict_keys(['tutorial_taskflow_api_virtualenv']) retrieved from /home/airflow/.local/lib/python3.7/site-packages/airflow/example_dags/tutorial_taskflow_api_virtualenv.py
[2024-06-12T20:45:07.754+0000] {logging_mixin.py:137} INFO - [2024-06-12T20:45:07.753+0000] {dag.py:2690} INFO - Sync 1 DAGs
[2024-06-12T20:45:08.337+0000] {logging_mixin.py:137} INFO - [2024-06-12T20:45:08.336+0000] {dag.py:3441} INFO - Setting next_dagrun for tutorial_taskflow_api_virtualenv to None, run_after=None
[2024-06-12T20:45:08.906+0000] {processor.py:175} INFO - Processing /home/airflow/.local/lib/python3.7/site-packages/airflow/example_dags/tutorial_taskflow_api_virtualenv.py took 2.797 seconds
[2024-06-12T20:46:28.346+0000] {processor.py:153} INFO - Started process (PID=4057) to work on /home/airflow/.local/lib/python3.7/site-packages/airflow/example_dags/tutorial_taskflow_api_virtualenv.py
[2024-06-12T20:46:28.364+0000] {processor.py:743} INFO - Processing file /home/airflow/.local/lib/python3.7/site-packages/airflow/example_dags/tutorial_taskflow_api_virtualenv.py for tasks to queue
[2024-06-12T20:46:28.409+0000] {logging_mixin.py:137} INFO - [2024-06-12T20:46:28.409+0000] {dagbag.py:538} INFO - Filling up the DagBag from /home/airflow/.local/lib/python3.7/site-packages/airflow/example_dags/tutorial_taskflow_api_virtualenv.py
[2024-06-12T20:46:29.166+0000] {processor.py:753} INFO - DAG(s) dict_keys(['tutorial_taskflow_api_virtualenv']) retrieved from /home/airflow/.local/lib/python3.7/site-packages/airflow/example_dags/tutorial_taskflow_api_virtualenv.py
[2024-06-12T20:46:30.224+0000] {logging_mixin.py:137} INFO - [2024-06-12T20:46:30.224+0000] {dag.py:2690} INFO - Sync 1 DAGs
[2024-06-12T20:46:30.818+0000] {logging_mixin.py:137} INFO - [2024-06-12T20:46:30.818+0000] {dag.py:3441} INFO - Setting next_dagrun for tutorial_taskflow_api_virtualenv to None, run_after=None
[2024-06-12T20:46:31.346+0000] {processor.py:175} INFO - Processing /home/airflow/.local/lib/python3.7/site-packages/airflow/example_dags/tutorial_taskflow_api_virtualenv.py took 3.214 seconds
[2024-06-12T20:47:36.329+0000] {processor.py:153} INFO - Started process (PID=4131) to work on /home/airflow/.local/lib/python3.7/site-packages/airflow/example_dags/tutorial_taskflow_api_virtualenv.py
[2024-06-12T20:47:36.379+0000] {processor.py:743} INFO - Processing file /home/airflow/.local/lib/python3.7/site-packages/airflow/example_dags/tutorial_taskflow_api_virtualenv.py for tasks to queue
[2024-06-12T20:47:36.412+0000] {logging_mixin.py:137} INFO - [2024-06-12T20:47:36.412+0000] {dagbag.py:538} INFO - Filling up the DagBag from /home/airflow/.local/lib/python3.7/site-packages/airflow/example_dags/tutorial_taskflow_api_virtualenv.py
[2024-06-12T20:47:36.691+0000] {processor.py:753} INFO - DAG(s) dict_keys(['tutorial_taskflow_api_virtualenv']) retrieved from /home/airflow/.local/lib/python3.7/site-packages/airflow/example_dags/tutorial_taskflow_api_virtualenv.py
[2024-06-12T20:47:37.319+0000] {logging_mixin.py:137} INFO - [2024-06-12T20:47:37.319+0000] {dag.py:2690} INFO - Sync 1 DAGs
[2024-06-12T20:47:38.005+0000] {logging_mixin.py:137} INFO - [2024-06-12T20:47:38.005+0000] {dag.py:3441} INFO - Setting next_dagrun for tutorial_taskflow_api_virtualenv to None, run_after=None
[2024-06-12T20:47:38.605+0000] {processor.py:175} INFO - Processing /home/airflow/.local/lib/python3.7/site-packages/airflow/example_dags/tutorial_taskflow_api_virtualenv.py took 2.317 seconds
